2017-05-08 20:47:09.049043 EDT | [Tensorflow_RLLAB_Results/PolyRL/Humanoid_StandUp/] observation space: Box(376,)
2017-05-08 20:47:09.049399 EDT | [Tensorflow_RLLAB_Results/PolyRL/Humanoid_StandUp/] action space: Box(17,)
2017-05-08 20:47:10.122891 EDT | [Tensorflow_RLLAB_Results/PolyRL/Humanoid_StandUp/] Populating workers...
2017-05-08 20:47:10.123172 EDT | [Tensorflow_RLLAB_Results/PolyRL/Humanoid_StandUp/] Populated
2017-05-08 20:47:11.699469 EDT | [Tensorflow_RLLAB_Results/PolyRL/Humanoid_StandUp/] epoch #0 | Training started
2017-05-08 20:47:11.803410 EDT | [Tensorflow_RLLAB_Results/PolyRL/Humanoid_StandUp/] epoch #0 | Populating workers...
2017-05-08 20:47:11.803709 EDT | [Tensorflow_RLLAB_Results/PolyRL/Humanoid_StandUp/] epoch #0 | Populated
2017-05-08 20:50:57.051958 EDT | [Tensorflow_RLLAB_Results/PolyRL/Humanoid_StandUp/] epoch #0 | Training finished
2017-05-08 20:50:57.052531 EDT | [Tensorflow_RLLAB_Results/PolyRL/Humanoid_StandUp/] epoch #0 | Trained qf 0 steps, policy 0 steps
2017-05-08 20:50:57.052755 EDT | [Tensorflow_RLLAB_Results/PolyRL/Humanoid_StandUp/] epoch #1 | Training started
2017-05-08 20:50:57.222328 EDT | [Tensorflow_RLLAB_Results/PolyRL/Humanoid_StandUp/] epoch #1 | Populating workers...
2017-05-08 20:50:57.222820 EDT | [Tensorflow_RLLAB_Results/PolyRL/Humanoid_StandUp/] epoch #1 | Populated
2017-05-08 20:53:10.505721 EDT | [Tensorflow_RLLAB_Results/PolyRL/Humanoid_StandUp/] epoch #1 | Training finished
2017-05-08 20:53:10.506710 EDT | [Tensorflow_RLLAB_Results/PolyRL/Humanoid_StandUp/] epoch #1 | Trained qf 0 steps, policy 0 steps
2017-05-08 20:53:10.507304 EDT | [Tensorflow_RLLAB_Results/PolyRL/Humanoid_StandUp/] epoch #2 | Training started
2017-05-08 20:53:10.762899 EDT | [Tensorflow_RLLAB_Results/PolyRL/Humanoid_StandUp/] epoch #2 | Populating workers...
2017-05-08 20:53:10.763253 EDT | [Tensorflow_RLLAB_Results/PolyRL/Humanoid_StandUp/] epoch #2 | Populated
2017-05-08 20:55:25.075381 EDT | [Tensorflow_RLLAB_Results/PolyRL/Humanoid_StandUp/] epoch #2 | Training finished
2017-05-08 20:55:25.076666 EDT | [Tensorflow_RLLAB_Results/PolyRL/Humanoid_StandUp/] epoch #2 | Trained qf 0 steps, policy 0 steps
2017-05-08 20:55:25.076974 EDT | [Tensorflow_RLLAB_Results/PolyRL/Humanoid_StandUp/] epoch #3 | Training started
2017-05-08 20:55:25.306223 EDT | [Tensorflow_RLLAB_Results/PolyRL/Humanoid_StandUp/] epoch #3 | Populating workers...
2017-05-08 20:55:25.306429 EDT | [Tensorflow_RLLAB_Results/PolyRL/Humanoid_StandUp/] epoch #3 | Populated
2017-05-08 20:57:26.542224 EDT | [Tensorflow_RLLAB_Results/PolyRL/Humanoid_StandUp/] epoch #3 | Training finished
2017-05-08 20:57:26.542793 EDT | [Tensorflow_RLLAB_Results/PolyRL/Humanoid_StandUp/] epoch #3 | Trained qf 0 steps, policy 0 steps
2017-05-08 20:57:26.543003 EDT | [Tensorflow_RLLAB_Results/PolyRL/Humanoid_StandUp/] epoch #4 | Training started
2017-05-08 20:57:26.822787 EDT | [Tensorflow_RLLAB_Results/PolyRL/Humanoid_StandUp/] epoch #4 | Populating workers...
2017-05-08 20:57:26.823060 EDT | [Tensorflow_RLLAB_Results/PolyRL/Humanoid_StandUp/] epoch #4 | Populated
2017-05-08 20:59:31.330620 EDT | [Tensorflow_RLLAB_Results/PolyRL/Humanoid_StandUp/] epoch #4 | Training finished
2017-05-08 20:59:31.331239 EDT | [Tensorflow_RLLAB_Results/PolyRL/Humanoid_StandUp/] epoch #4 | Trained qf 0 steps, policy 0 steps
2017-05-08 20:59:31.331464 EDT | [Tensorflow_RLLAB_Results/PolyRL/Humanoid_StandUp/] epoch #5 | Training started
2017-05-08 20:59:31.579095 EDT | [Tensorflow_RLLAB_Results/PolyRL/Humanoid_StandUp/] epoch #5 | Populating workers...
2017-05-08 20:59:31.579311 EDT | [Tensorflow_RLLAB_Results/PolyRL/Humanoid_StandUp/] epoch #5 | Populated
2017-05-08 21:01:38.912025 EDT | [Tensorflow_RLLAB_Results/PolyRL/Humanoid_StandUp/] epoch #5 | Training finished
2017-05-08 21:01:38.912825 EDT | [Tensorflow_RLLAB_Results/PolyRL/Humanoid_StandUp/] epoch #5 | Trained qf 0 steps, policy 0 steps
2017-05-08 21:01:38.913066 EDT | [Tensorflow_RLLAB_Results/PolyRL/Humanoid_StandUp/] epoch #6 | Training started
2017-05-08 21:01:39.287554 EDT | [Tensorflow_RLLAB_Results/PolyRL/Humanoid_StandUp/] epoch #6 | Populating workers...
2017-05-08 21:01:39.287850 EDT | [Tensorflow_RLLAB_Results/PolyRL/Humanoid_StandUp/] epoch #6 | Populated
2017-05-08 21:03:54.740322 EDT | [Tensorflow_RLLAB_Results/PolyRL/Humanoid_StandUp/] epoch #6 | Training finished
2017-05-08 21:03:54.740969 EDT | [Tensorflow_RLLAB_Results/PolyRL/Humanoid_StandUp/] epoch #6 | Trained qf 0 steps, policy 0 steps
2017-05-08 21:03:54.741281 EDT | [Tensorflow_RLLAB_Results/PolyRL/Humanoid_StandUp/] epoch #7 | Training started
2017-05-08 21:03:55.168267 EDT | [Tensorflow_RLLAB_Results/PolyRL/Humanoid_StandUp/] epoch #7 | Populating workers...
2017-05-08 21:03:55.168563 EDT | [Tensorflow_RLLAB_Results/PolyRL/Humanoid_StandUp/] epoch #7 | Populated
2017-05-08 21:05:53.862993 EDT | [Tensorflow_RLLAB_Results/PolyRL/Humanoid_StandUp/] epoch #7 | Training finished
2017-05-08 21:05:53.863633 EDT | [Tensorflow_RLLAB_Results/PolyRL/Humanoid_StandUp/] epoch #7 | Trained qf 0 steps, policy 0 steps
2017-05-08 21:05:53.863933 EDT | [Tensorflow_RLLAB_Results/PolyRL/Humanoid_StandUp/] epoch #8 | Training started
2017-05-08 21:05:54.391779 EDT | [Tensorflow_RLLAB_Results/PolyRL/Humanoid_StandUp/] epoch #8 | Populating workers...
2017-05-08 21:05:54.392168 EDT | [Tensorflow_RLLAB_Results/PolyRL/Humanoid_StandUp/] epoch #8 | Populated
2017-05-08 21:08:02.539765 EDT | [Tensorflow_RLLAB_Results/PolyRL/Humanoid_StandUp/] epoch #8 | Training finished
2017-05-08 21:08:02.540253 EDT | [Tensorflow_RLLAB_Results/PolyRL/Humanoid_StandUp/] epoch #8 | Trained qf 0 steps, policy 0 steps
2017-05-08 21:08:02.540411 EDT | [Tensorflow_RLLAB_Results/PolyRL/Humanoid_StandUp/] epoch #9 | Training started
2017-05-08 21:08:02.980096 EDT | [Tensorflow_RLLAB_Results/PolyRL/Humanoid_StandUp/] epoch #9 | Populating workers...
2017-05-08 21:08:02.980330 EDT | [Tensorflow_RLLAB_Results/PolyRL/Humanoid_StandUp/] epoch #9 | Populated
2017-05-08 21:10:03.969560 EDT | [Tensorflow_RLLAB_Results/PolyRL/Humanoid_StandUp/] epoch #9 | Training finished
2017-05-08 21:10:03.970312 EDT | [Tensorflow_RLLAB_Results/PolyRL/Humanoid_StandUp/] epoch #9 | Trained qf 1 steps, policy 1 steps
2017-05-08 21:10:03.970598 EDT | [Tensorflow_RLLAB_Results/PolyRL/Humanoid_StandUp/] epoch #9 | Collecting samples for evaluation
2017-05-08 21:10:28.662935 EDT | -----------------------  ------------
2017-05-08 21:10:28.664818 EDT | Epoch                        9
2017-05-08 21:10:28.665070 EDT | Iteration                    9
2017-05-08 21:10:28.665263 EDT | AverageReturn            59161
2017-05-08 21:10:28.665484 EDT | StdReturn                 7099.87
2017-05-08 21:10:28.667205 EDT | MaxReturn                70263.1
2017-05-08 21:10:28.667387 EDT | MinReturn                50815.9
2017-05-08 21:10:28.667564 EDT | AverageEsReturn          50197
2017-05-08 21:10:28.667747 EDT | StdEsReturn               6978.53
2017-05-08 21:10:28.668151 EDT | MaxEsReturn              62999.2
2017-05-08 21:10:28.668381 EDT | MinEsReturn              39927.8
2017-05-08 21:10:28.668560 EDT | AverageDiscountedReturn   4966.26
2017-05-08 21:10:28.668739 EDT | AverageQLoss              5846.06
2017-05-08 21:10:28.668922 EDT | AveragePolicySurr          -40.4498
2017-05-08 21:10:28.669099 EDT | AverageQ                    25.7947
2017-05-08 21:10:28.669319 EDT | AverageAbsQ                 27.2535
2017-05-08 21:10:28.669518 EDT | AverageY                    89.3036
2017-05-08 21:10:28.669700 EDT | AverageAbsY                 90.3331
2017-05-08 21:10:28.669880 EDT | AverageAbsQYDiff            66.2927
2017-05-08 21:10:28.670081 EDT | AverageAction                0.964963
2017-05-08 21:10:28.670277 EDT | PolicyRegParamNorm          16.6618
2017-05-08 21:10:28.670460 EDT | QFunRegParamNorm            16.4057
2017-05-08 21:10:28.670632 EDT | -----------------------  ------------
2017-05-08 21:10:28.670952 EDT | [Tensorflow_RLLAB_Results/PolyRL/Humanoid_StandUp/] epoch #10 | Training started
2017-05-08 21:10:29.097962 EDT | [Tensorflow_RLLAB_Results/PolyRL/Humanoid_StandUp/] epoch #10 | Populating workers...
2017-05-08 21:10:29.098285 EDT | [Tensorflow_RLLAB_Results/PolyRL/Humanoid_StandUp/] epoch #10 | Populated
2017-05-08 21:12:47.785296 EDT | [Tensorflow_RLLAB_Results/PolyRL/Humanoid_StandUp/] epoch #10 | Training finished
2017-05-08 21:12:47.786083 EDT | [Tensorflow_RLLAB_Results/PolyRL/Humanoid_StandUp/] epoch #10 | Trained qf 1000 steps, policy 1000 steps
2017-05-08 21:12:47.786329 EDT | [Tensorflow_RLLAB_Results/PolyRL/Humanoid_StandUp/] epoch #10 | Collecting samples for evaluation
2017-05-08 21:13:11.242510 EDT | -----------------------  -----------
2017-05-08 21:13:11.243668 EDT | Epoch                        10
2017-05-08 21:13:11.243941 EDT | Iteration                    10
2017-05-08 21:13:11.244215 EDT | AverageReturn             78970.9
2017-05-08 21:13:11.244488 EDT | StdReturn                 21603.3
2017-05-08 21:13:11.244734 EDT | MaxReturn                117499
2017-05-08 21:13:11.245004 EDT | MinReturn                 53736.1
2017-05-08 21:13:11.245269 EDT | AverageEsReturn           54585.3
2017-05-08 21:13:11.245580 EDT | StdEsReturn                   0
2017-05-08 21:13:11.245833 EDT | MaxEsReturn               54585.3
2017-05-08 21:13:11.246082 EDT | MinEsReturn               54585.3
2017-05-08 21:13:11.246327 EDT | AverageDiscountedReturn    6782.93
2017-05-08 21:13:11.246572 EDT | AverageQLoss                291.491
2017-05-08 21:13:11.246831 EDT | AveragePolicySurr           -76.5549
2017-05-08 21:13:11.247074 EDT | AverageQ                     74.6481
2017-05-08 21:13:11.247313 EDT | AverageAbsQ                  74.6504
2017-05-08 21:13:11.247550 EDT | AverageY                     75.9395
2017-05-08 21:13:11.247789 EDT | AverageAbsY                  75.9404
2017-05-08 21:13:11.248028 EDT | AverageAbsQYDiff             11.8178
2017-05-08 21:13:11.248265 EDT | AverageAction                 1
2017-05-08 21:13:11.248500 EDT | PolicyRegParamNorm           16.8294
2017-05-08 21:13:11.248737 EDT | QFunRegParamNorm             23.6364
2017-05-08 21:13:11.248980 EDT | -----------------------  -----------
2017-05-08 21:13:11.249318 EDT | [Tensorflow_RLLAB_Results/PolyRL/Humanoid_StandUp/] epoch #11 | Training started
2017-05-08 21:13:11.832651 EDT | [Tensorflow_RLLAB_Results/PolyRL/Humanoid_StandUp/] epoch #11 | Populating workers...
2017-05-08 21:13:11.833008 EDT | [Tensorflow_RLLAB_Results/PolyRL/Humanoid_StandUp/] epoch #11 | Populated
