2017-05-08 10:08:52.235014 EDT | [Tensorflow_RLLAB_Results/DDPG/Hopper/] observation space: Box(11,)
2017-05-08 10:08:52.235398 EDT | [Tensorflow_RLLAB_Results/DDPG/Hopper/] action space: Box(3,)
2017-05-08 10:08:53.032772 EDT | [Tensorflow_RLLAB_Results/DDPG/Hopper/] Populating workers...
2017-05-08 10:08:53.033147 EDT | [Tensorflow_RLLAB_Results/DDPG/Hopper/] Populated
2017-05-08 10:08:54.098819 EDT | [Tensorflow_RLLAB_Results/DDPG/Hopper/] epoch #0 | Training started
2017-05-08 10:09:23.429278 EDT | [Tensorflow_RLLAB_Results/DDPG/Hopper/] observation space: Box(11,)
2017-05-08 10:09:23.429621 EDT | [Tensorflow_RLLAB_Results/DDPG/Hopper/] action space: Box(3,)
2017-05-08 10:09:24.190381 EDT | [Tensorflow_RLLAB_Results/DDPG/Hopper/] Populating workers...
2017-05-08 10:09:24.190865 EDT | [Tensorflow_RLLAB_Results/DDPG/Hopper/] Populated
2017-05-08 10:09:25.211330 EDT | [Tensorflow_RLLAB_Results/DDPG/Hopper/] epoch #0 | Training started
2017-05-08 11:53:15.698578 EDT | [Tensorflow_RLLAB_Results/DDPG/Hopper/] observation space: Box(11,)
2017-05-08 11:53:15.698922 EDT | [Tensorflow_RLLAB_Results/DDPG/Hopper/] action space: Box(3,)
2017-05-08 11:57:25.521013 EDT | [Tensorflow_RLLAB_Results/DDPG/Hopper/] observation space: Box(11,)
2017-05-08 11:57:25.521408 EDT | [Tensorflow_RLLAB_Results/DDPG/Hopper/] action space: Box(3,)
2017-05-08 12:01:46.476373 EDT | [Tensorflow_RLLAB_Results/DDPG/Hopper/] observation space: Box(11,)
2017-05-08 12:01:46.476734 EDT | [Tensorflow_RLLAB_Results/DDPG/Hopper/] action space: Box(3,)
2017-05-08 12:01:47.222254 EDT | [Tensorflow_RLLAB_Results/DDPG/Hopper/] Populating workers...
2017-05-08 12:01:47.222487 EDT | [Tensorflow_RLLAB_Results/DDPG/Hopper/] Populated
2017-05-08 12:01:48.289574 EDT | [Tensorflow_RLLAB_Results/DDPG/Hopper/] epoch #0 | Training started
2017-05-08 12:06:37.794093 EDT | [Tensorflow_RLLAB_Results/DDPG/Hopper/] observation space: Box(11,)
2017-05-08 12:06:37.794519 EDT | [Tensorflow_RLLAB_Results/DDPG/Hopper/] action space: Box(3,)
2017-05-08 12:06:38.458211 EDT | [Tensorflow_RLLAB_Results/DDPG/Hopper/] Populating workers...
2017-05-08 12:06:38.458507 EDT | [Tensorflow_RLLAB_Results/DDPG/Hopper/] Populated
2017-05-08 12:06:39.424666 EDT | [Tensorflow_RLLAB_Results/DDPG/Hopper/] epoch #0 | Training started
2017-05-08 12:06:39.528360 EDT | [Tensorflow_RLLAB_Results/DDPG/Hopper/] epoch #0 | Populating workers...
2017-05-08 12:06:39.528649 EDT | [Tensorflow_RLLAB_Results/DDPG/Hopper/] epoch #0 | Populated
