2017-05-10 12:42:18.489806 EDT | [Averaged_PolyRL/PolyRL_DDPG_Complex_Humanoid/Final_Run_Maziar_LP_0p1] Populating workers...
2017-05-10 12:42:18.490212 EDT | [Averaged_PolyRL/PolyRL_DDPG_Complex_Humanoid/Final_Run_Maziar_LP_0p1] Populated
2017-05-10 12:42:23.089879 EDT | [Averaged_PolyRL/PolyRL_DDPG_Complex_Humanoid/Final_Run_Maziar_LP_0p1] epoch #0 | Training started
2017-05-10 12:42:23.095231 EDT | [Averaged_PolyRL/PolyRL_DDPG_Complex_Humanoid/Final_Run_Maziar_LP_0p1] epoch #0 | Populating workers...
2017-05-10 12:42:23.095913 EDT | [Averaged_PolyRL/PolyRL_DDPG_Complex_Humanoid/Final_Run_Maziar_LP_0p1] epoch #0 | Populated
2017-05-10 12:46:02.715264 EDT | [Averaged_PolyRL/PolyRL_DDPG_Complex_Humanoid/Final_Run_Maziar_LP_0p1] epoch #0 | Training finished
2017-05-10 12:46:02.717424 EDT | [Averaged_PolyRL/PolyRL_DDPG_Complex_Humanoid/Final_Run_Maziar_LP_0p1] epoch #1 | Training started
2017-05-10 12:46:02.719387 EDT | [Averaged_PolyRL/PolyRL_DDPG_Complex_Humanoid/Final_Run_Maziar_LP_0p1] epoch #1 | Populating workers...
2017-05-10 12:46:02.719678 EDT | [Averaged_PolyRL/PolyRL_DDPG_Complex_Humanoid/Final_Run_Maziar_LP_0p1] epoch #1 | Populated
2017-05-10 12:49:40.005048 EDT | [Averaged_PolyRL/PolyRL_DDPG_Complex_Humanoid/Final_Run_Maziar_LP_0p1] epoch #1 | Training finished
2017-05-10 12:49:40.005779 EDT | [Averaged_PolyRL/PolyRL_DDPG_Complex_Humanoid/Final_Run_Maziar_LP_0p1] epoch #2 | Training started
2017-05-10 12:49:40.007063 EDT | [Averaged_PolyRL/PolyRL_DDPG_Complex_Humanoid/Final_Run_Maziar_LP_0p1] epoch #2 | Populating workers...
2017-05-10 12:49:40.007368 EDT | [Averaged_PolyRL/PolyRL_DDPG_Complex_Humanoid/Final_Run_Maziar_LP_0p1] epoch #2 | Populated
2017-05-10 12:53:08.727028 EDT | [Averaged_PolyRL/PolyRL_DDPG_Complex_Humanoid/Final_Run_Maziar_LP_0p1] epoch #2 | Training finished
2017-05-10 12:53:08.728035 EDT | [Averaged_PolyRL/PolyRL_DDPG_Complex_Humanoid/Final_Run_Maziar_LP_0p1] epoch #3 | Training started
2017-05-10 12:53:08.729566 EDT | [Averaged_PolyRL/PolyRL_DDPG_Complex_Humanoid/Final_Run_Maziar_LP_0p1] epoch #3 | Populating workers...
2017-05-10 12:53:08.729903 EDT | [Averaged_PolyRL/PolyRL_DDPG_Complex_Humanoid/Final_Run_Maziar_LP_0p1] epoch #3 | Populated
2017-05-10 12:56:33.492434 EDT | [Averaged_PolyRL/PolyRL_DDPG_Complex_Humanoid/Final_Run_Maziar_LP_0p1] epoch #3 | Training finished
2017-05-10 12:56:33.495628 EDT | [Averaged_PolyRL/PolyRL_DDPG_Complex_Humanoid/Final_Run_Maziar_LP_0p1] epoch #4 | Training started
2017-05-10 12:56:33.496834 EDT | [Averaged_PolyRL/PolyRL_DDPG_Complex_Humanoid/Final_Run_Maziar_LP_0p1] epoch #4 | Populating workers...
2017-05-10 12:56:33.497110 EDT | [Averaged_PolyRL/PolyRL_DDPG_Complex_Humanoid/Final_Run_Maziar_LP_0p1] epoch #4 | Populated
2017-05-10 13:00:10.339158 EDT | [Averaged_PolyRL/PolyRL_DDPG_Complex_Humanoid/Final_Run_Maziar_LP_0p1] epoch #4 | Training finished
2017-05-10 13:00:10.344402 EDT | [Averaged_PolyRL/PolyRL_DDPG_Complex_Humanoid/Final_Run_Maziar_LP_0p1] epoch #5 | Training started
2017-05-10 13:00:10.345679 EDT | [Averaged_PolyRL/PolyRL_DDPG_Complex_Humanoid/Final_Run_Maziar_LP_0p1] epoch #5 | Populating workers...
2017-05-10 13:00:10.345923 EDT | [Averaged_PolyRL/PolyRL_DDPG_Complex_Humanoid/Final_Run_Maziar_LP_0p1] epoch #5 | Populated
2017-05-10 13:03:49.186177 EDT | [Averaged_PolyRL/PolyRL_DDPG_Complex_Humanoid/Final_Run_Maziar_LP_0p1] epoch #5 | Training finished
2017-05-10 13:03:49.186784 EDT | [Averaged_PolyRL/PolyRL_DDPG_Complex_Humanoid/Final_Run_Maziar_LP_0p1] epoch #6 | Training started
2017-05-10 13:03:49.188033 EDT | [Averaged_PolyRL/PolyRL_DDPG_Complex_Humanoid/Final_Run_Maziar_LP_0p1] epoch #6 | Populating workers...
2017-05-10 13:03:49.188295 EDT | [Averaged_PolyRL/PolyRL_DDPG_Complex_Humanoid/Final_Run_Maziar_LP_0p1] epoch #6 | Populated
2017-05-10 13:07:30.847414 EDT | [Averaged_PolyRL/PolyRL_DDPG_Complex_Humanoid/Final_Run_Maziar_LP_0p1] epoch #6 | Training finished
2017-05-10 13:07:30.853015 EDT | [Averaged_PolyRL/PolyRL_DDPG_Complex_Humanoid/Final_Run_Maziar_LP_0p1] epoch #7 | Training started
2017-05-10 13:07:30.854535 EDT | [Averaged_PolyRL/PolyRL_DDPG_Complex_Humanoid/Final_Run_Maziar_LP_0p1] epoch #7 | Populating workers...
2017-05-10 13:07:30.854825 EDT | [Averaged_PolyRL/PolyRL_DDPG_Complex_Humanoid/Final_Run_Maziar_LP_0p1] epoch #7 | Populated
2017-05-10 13:11:07.154350 EDT | [Averaged_PolyRL/PolyRL_DDPG_Complex_Humanoid/Final_Run_Maziar_LP_0p1] epoch #7 | Training finished
2017-05-10 13:11:07.156438 EDT | [Averaged_PolyRL/PolyRL_DDPG_Complex_Humanoid/Final_Run_Maziar_LP_0p1] epoch #8 | Training started
2017-05-10 13:11:07.157824 EDT | [Averaged_PolyRL/PolyRL_DDPG_Complex_Humanoid/Final_Run_Maziar_LP_0p1] epoch #8 | Populating workers...
2017-05-10 13:11:07.158105 EDT | [Averaged_PolyRL/PolyRL_DDPG_Complex_Humanoid/Final_Run_Maziar_LP_0p1] epoch #8 | Populated
2017-05-10 13:14:39.253842 EDT | [Averaged_PolyRL/PolyRL_DDPG_Complex_Humanoid/Final_Run_Maziar_LP_0p1] epoch #8 | Training finished
2017-05-10 13:14:39.254856 EDT | [Averaged_PolyRL/PolyRL_DDPG_Complex_Humanoid/Final_Run_Maziar_LP_0p1] epoch #9 | Training started
2017-05-10 13:14:39.256344 EDT | [Averaged_PolyRL/PolyRL_DDPG_Complex_Humanoid/Final_Run_Maziar_LP_0p1] epoch #9 | Populating workers...
2017-05-10 13:14:39.256980 EDT | [Averaged_PolyRL/PolyRL_DDPG_Complex_Humanoid/Final_Run_Maziar_LP_0p1] epoch #9 | Populated
2017-05-10 13:18:07.750728 EDT | [Averaged_PolyRL/PolyRL_DDPG_Complex_Humanoid/Final_Run_Maziar_LP_0p1] epoch #9 | Training finished
2017-05-10 13:18:07.751420 EDT | [Averaged_PolyRL/PolyRL_DDPG_Complex_Humanoid/Final_Run_Maziar_LP_0p1] epoch #9 | Collecting samples for evaluation
2017-05-10 13:18:35.485931 EDT | -----------------------  ------------
2017-05-10 13:18:35.487130 EDT | Epoch                     9
2017-05-10 13:18:35.487489 EDT | AverageReturn            24.3525
2017-05-10 13:18:35.487784 EDT | StdReturn                 6.1407
2017-05-10 13:18:35.489282 EDT | MaxReturn                42.2919
2017-05-10 13:18:35.490148 EDT | MinReturn                 4.51884
2017-05-10 13:18:35.492231 EDT | AverageEsReturn          23.3073
2017-05-10 13:18:35.492568 EDT | StdEsReturn               8.77502
2017-05-10 13:18:35.492891 EDT | MaxEsReturn              41.7838
2017-05-10 13:18:35.493700 EDT | MinEsReturn               0.192319
2017-05-10 13:18:35.494079 EDT | AverageDiscountedReturn  16.4588
2017-05-10 13:18:35.495200 EDT | AverageQLoss              0.00134688
2017-05-10 13:18:35.495915 EDT | AveragePolicySurr        -0.0202998
2017-05-10 13:18:35.496229 EDT | AverageQ                 -0.00858725
2017-05-10 13:18:35.496578 EDT | AverageAbsQ               0.00865692
2017-05-10 13:18:35.497584 EDT | AverageY                  0.0256923
2017-05-10 13:18:35.499995 EDT | AverageAbsY               0.0256923
2017-05-10 13:18:35.500846 EDT | AverageAbsQYDiff          0.0342795
2017-05-10 13:18:35.501582 EDT | AverageAction             0.000341785
2017-05-10 13:18:35.502020 EDT | PolicyRegParamNorm       14.1287
2017-05-10 13:18:35.502411 EDT | QFunRegParamNorm         14.1907
2017-05-10 13:18:35.502737 EDT | AverageForwardProgress    0.0837658
2017-05-10 13:18:35.504961 EDT | MaxForwardProgress        0.227532
2017-05-10 13:18:35.505827 EDT | MinForwardProgress       -0.0759143
2017-05-10 13:18:35.506180 EDT | StdForwardProgress        0.0495282
2017-05-10 13:18:35.507349 EDT | -----------------------  ------------
2017-05-10 13:18:35.508656 EDT | [Averaged_PolyRL/PolyRL_DDPG_Complex_Humanoid/Final_Run_Maziar_LP_0p1] epoch #10 | Training started
2017-05-10 13:18:35.511397 EDT | [Averaged_PolyRL/PolyRL_DDPG_Complex_Humanoid/Final_Run_Maziar_LP_0p1] epoch #10 | Populating workers...
2017-05-10 13:18:35.511947 EDT | [Averaged_PolyRL/PolyRL_DDPG_Complex_Humanoid/Final_Run_Maziar_LP_0p1] epoch #10 | Populated
2017-05-10 13:22:17.486538 EDT | [Averaged_PolyRL/PolyRL_DDPG_Complex_Humanoid/Final_Run_Maziar_LP_0p1] epoch #10 | Training finished
2017-05-10 13:22:17.490659 EDT | [Averaged_PolyRL/PolyRL_DDPG_Complex_Humanoid/Final_Run_Maziar_LP_0p1] epoch #10 | Collecting samples for evaluation
2017-05-10 13:22:50.793242 EDT | -----------------------  ------------
2017-05-10 13:22:50.794131 EDT | Epoch                    10
2017-05-10 13:22:50.794521 EDT | AverageReturn            10.5432
2017-05-10 13:22:50.794893 EDT | StdReturn                 5.17813
2017-05-10 13:22:50.795214 EDT | MaxReturn                27.2351
2017-05-10 13:22:50.795801 EDT | MinReturn                -5.82954
2017-05-10 13:22:50.796841 EDT | AverageEsReturn          21.8631
2017-05-10 13:22:50.797387 EDT | StdEsReturn              22.2525
2017-05-10 13:22:50.797715 EDT | MaxEsReturn              98.4901
2017-05-10 13:22:50.798688 EDT | MinEsReturn              -1.12369
2017-05-10 13:22:50.799081 EDT | AverageDiscountedReturn   8.43905
2017-05-10 13:22:50.799417 EDT | AverageQLoss              7.32058e-05
2017-05-10 13:22:50.800966 EDT | AveragePolicySurr        -0.0929502
2017-05-10 13:22:50.801282 EDT | AverageQ                  0.0575882
2017-05-10 13:22:50.801668 EDT | AverageAbsQ               0.0576117
2017-05-10 13:22:50.802061 EDT | AverageY                  0.0576577
2017-05-10 13:22:50.802358 EDT | AverageAbsY               0.0577379
2017-05-10 13:22:50.802618 EDT | AverageAbsQYDiff          0.0046825
2017-05-10 13:22:50.802879 EDT | AverageAction             0.963706
2017-05-10 13:22:50.803563 EDT | PolicyRegParamNorm       14.8731
2017-05-10 13:22:50.803858 EDT | QFunRegParamNorm         14.9794
2017-05-10 13:22:50.804398 EDT | AverageForwardProgress    0.0142101
2017-05-10 13:22:50.804710 EDT | MaxForwardProgress        0.144972
2017-05-10 13:22:50.805499 EDT | MinForwardProgress       -0.111193
2017-05-10 13:22:50.806273 EDT | StdForwardProgress        0.0399225
2017-05-10 13:22:50.806540 EDT | -----------------------  ------------
2017-05-10 13:22:50.806943 EDT | [Averaged_PolyRL/PolyRL_DDPG_Complex_Humanoid/Final_Run_Maziar_LP_0p1] epoch #11 | Training started
2017-05-10 13:22:50.809290 EDT | [Averaged_PolyRL/PolyRL_DDPG_Complex_Humanoid/Final_Run_Maziar_LP_0p1] epoch #11 | Populating workers...
2017-05-10 13:22:50.809640 EDT | [Averaged_PolyRL/PolyRL_DDPG_Complex_Humanoid/Final_Run_Maziar_LP_0p1] epoch #11 | Populated
2017-05-10 13:26:43.108967 EDT | [Averaged_PolyRL/PolyRL_DDPG_Complex_Humanoid/Final_Run_Maziar_LP_0p1] epoch #11 | Training finished
2017-05-10 13:26:43.109813 EDT | [Averaged_PolyRL/PolyRL_DDPG_Complex_Humanoid/Final_Run_Maziar_LP_0p1] epoch #11 | Collecting samples for evaluation
2017-05-10 13:27:21.216668 EDT | -----------------------  ------------
2017-05-10 13:27:21.217375 EDT | Epoch                    11
2017-05-10 13:27:21.217663 EDT | AverageReturn            43.6367
2017-05-10 13:27:21.218014 EDT | StdReturn                10.5646
2017-05-10 13:27:21.218288 EDT | MaxReturn                71.5824
2017-05-10 13:27:21.218565 EDT | MinReturn                19.9767
2017-05-10 13:27:21.218825 EDT | AverageEsReturn          31.4908
2017-05-10 13:27:21.219084 EDT | StdEsReturn              19.9694
2017-05-10 13:27:21.219343 EDT | MaxEsReturn              65.38
2017-05-10 13:27:21.219609 EDT | MinEsReturn               1.65208
2017-05-10 13:27:21.219862 EDT | AverageDiscountedReturn  28.6631
2017-05-10 13:27:21.220116 EDT | AverageQLoss              0.000148896
2017-05-10 13:27:21.220406 EDT | AveragePolicySurr        -0.177656
2017-05-10 13:27:21.220665 EDT | AverageQ                  0.129344
2017-05-10 13:27:21.220930 EDT | AverageAbsQ               0.129344
2017-05-10 13:27:21.221194 EDT | AverageY                  0.129467
2017-05-10 13:27:21.221470 EDT | AverageAbsY               0.129468
2017-05-10 13:27:21.221727 EDT | AverageAbsQYDiff          0.00642344
2017-05-10 13:27:21.222211 EDT | AverageAction             0.999752
2017-05-10 13:27:21.222996 EDT | PolicyRegParamNorm       15.1283
2017-05-10 13:27:21.223791 EDT | QFunRegParamNorm         15.9007
2017-05-10 13:27:21.224683 EDT | AverageForwardProgress    0.238032
2017-05-10 13:27:21.225480 EDT | MaxForwardProgress        0.428142
2017-05-10 13:27:21.226255 EDT | MinForwardProgress        0.070364
2017-05-10 13:27:21.227053 EDT | StdForwardProgress        0.0752056
2017-05-10 13:27:21.227821 EDT | -----------------------  ------------
2017-05-10 13:27:21.228716 EDT | [Averaged_PolyRL/PolyRL_DDPG_Complex_Humanoid/Final_Run_Maziar_LP_0p1] epoch #12 | Training started
2017-05-10 13:27:21.230876 EDT | [Averaged_PolyRL/PolyRL_DDPG_Complex_Humanoid/Final_Run_Maziar_LP_0p1] epoch #12 | Populating workers...
2017-05-10 13:27:21.234438 EDT | [Averaged_PolyRL/PolyRL_DDPG_Complex_Humanoid/Final_Run_Maziar_LP_0p1] epoch #12 | Populated
2017-05-10 13:31:11.708426 EDT | [Averaged_PolyRL/PolyRL_DDPG_Complex_Humanoid/Final_Run_Maziar_LP_0p1] epoch #12 | Training finished
2017-05-10 13:31:11.710655 EDT | [Averaged_PolyRL/PolyRL_DDPG_Complex_Humanoid/Final_Run_Maziar_LP_0p1] epoch #12 | Collecting samples for evaluation
2017-05-10 13:31:50.252468 EDT | -----------------------  ------------
2017-05-10 13:31:50.254844 EDT | Epoch                    12
2017-05-10 13:31:50.255146 EDT | AverageReturn            42.8821
2017-05-10 13:31:50.255360 EDT | StdReturn                10.6388
2017-05-10 13:31:50.255573 EDT | MaxReturn                69.9448
2017-05-10 13:31:50.255807 EDT | MinReturn                20.0172
2017-05-10 13:31:50.256021 EDT | AverageEsReturn          40.0396
2017-05-10 13:31:50.256265 EDT | StdEsReturn              16.6463
2017-05-10 13:31:50.256480 EDT | MaxEsReturn              67.3364
2017-05-10 13:31:50.256700 EDT | MinEsReturn               1.9277
2017-05-10 13:31:50.256898 EDT | AverageDiscountedReturn  28.2366
2017-05-10 13:31:50.257105 EDT | AverageQLoss              0.000279152
2017-05-10 13:31:50.257339 EDT | AveragePolicySurr        -0.239837
2017-05-10 13:31:50.257536 EDT | AverageQ                  0.202547
2017-05-10 13:31:50.257728 EDT | AverageAbsQ               0.202548
2017-05-10 13:31:50.257935 EDT | AverageY                  0.202652
2017-05-10 13:31:50.258128 EDT | AverageAbsY               0.202653
2017-05-10 13:31:50.259594 EDT | AverageAbsQYDiff          0.00835089
2017-05-10 13:31:50.259823 EDT | AverageAction             0.999936
2017-05-10 13:31:50.260041 EDT | PolicyRegParamNorm       15.2265
2017-05-10 13:31:50.260245 EDT | QFunRegParamNorm         16.6924
2017-05-10 13:31:50.262042 EDT | AverageForwardProgress    0.232929
2017-05-10 13:31:50.262316 EDT | MaxForwardProgress        0.426712
2017-05-10 13:31:50.263910 EDT | MinForwardProgress        0.0764811
2017-05-10 13:31:50.264190 EDT | StdForwardProgress        0.0746791
2017-05-10 13:31:50.264450 EDT | -----------------------  ------------
2017-05-10 13:31:50.266431 EDT | [Averaged_PolyRL/PolyRL_DDPG_Complex_Humanoid/Final_Run_Maziar_LP_0p1] epoch #13 | Training started
2017-05-10 13:31:50.270641 EDT | [Averaged_PolyRL/PolyRL_DDPG_Complex_Humanoid/Final_Run_Maziar_LP_0p1] epoch #13 | Populating workers...
2017-05-10 13:31:50.271581 EDT | [Averaged_PolyRL/PolyRL_DDPG_Complex_Humanoid/Final_Run_Maziar_LP_0p1] epoch #13 | Populated
2017-05-10 13:35:38.098570 EDT | [Averaged_PolyRL/PolyRL_DDPG_Complex_Humanoid/Final_Run_Maziar_LP_0p1] epoch #13 | Training finished
2017-05-10 13:35:38.100754 EDT | [Averaged_PolyRL/PolyRL_DDPG_Complex_Humanoid/Final_Run_Maziar_LP_0p1] epoch #13 | Collecting samples for evaluation
2017-05-10 13:36:15.496197 EDT | -----------------------  ------------
2017-05-10 13:36:15.496996 EDT | Epoch                    13
2017-05-10 13:36:15.497358 EDT | AverageReturn            44.4205
2017-05-10 13:36:15.497775 EDT | StdReturn                11.9696
2017-05-10 13:36:15.498173 EDT | MaxReturn                67.4914
2017-05-10 13:36:15.498562 EDT | MinReturn                19.8095
2017-05-10 13:36:15.499011 EDT | AverageEsReturn          36.0131
2017-05-10 13:36:15.500141 EDT | StdEsReturn              13.7194
2017-05-10 13:36:15.500462 EDT | MaxEsReturn              64.223
2017-05-10 13:36:15.500894 EDT | MinEsReturn               4.0337
2017-05-10 13:36:15.501269 EDT | AverageDiscountedReturn  29.1814
2017-05-10 13:36:15.501590 EDT | AverageQLoss              0.000457005
2017-05-10 13:36:15.501937 EDT | AveragePolicySurr        -0.289254
2017-05-10 13:36:15.502269 EDT | AverageQ                  0.262723
2017-05-10 13:36:15.502594 EDT | AverageAbsQ               0.262729
2017-05-10 13:36:15.502897 EDT | AverageY                  0.262816
2017-05-10 13:36:15.503238 EDT | AverageAbsY               0.262816
2017-05-10 13:36:15.503582 EDT | AverageAbsQYDiff          0.0099831
2017-05-10 13:36:15.503942 EDT | AverageAction             0.999958
2017-05-10 13:36:15.504309 EDT | PolicyRegParamNorm       15.2887
2017-05-10 13:36:15.504628 EDT | QFunRegParamNorm         17.4477
2017-05-10 13:36:15.505087 EDT | AverageForwardProgress    0.244358
2017-05-10 13:36:15.505417 EDT | MaxForwardProgress        0.411342
2017-05-10 13:36:15.505800 EDT | MinForwardProgress        0.0538081
2017-05-10 13:36:15.506120 EDT | StdForwardProgress        0.0854706
2017-05-10 13:36:15.507318 EDT | -----------------------  ------------
2017-05-10 13:36:15.507845 EDT | [Averaged_PolyRL/PolyRL_DDPG_Complex_Humanoid/Final_Run_Maziar_LP_0p1] epoch #14 | Training started
2017-05-10 13:36:15.509574 EDT | [Averaged_PolyRL/PolyRL_DDPG_Complex_Humanoid/Final_Run_Maziar_LP_0p1] epoch #14 | Populating workers...
2017-05-10 13:36:15.511175 EDT | [Averaged_PolyRL/PolyRL_DDPG_Complex_Humanoid/Final_Run_Maziar_LP_0p1] epoch #14 | Populated
2017-05-10 13:40:06.937469 EDT | [Averaged_PolyRL/PolyRL_DDPG_Complex_Humanoid/Final_Run_Maziar_LP_0p1] epoch #14 | Training finished
2017-05-10 13:40:06.939586 EDT | [Averaged_PolyRL/PolyRL_DDPG_Complex_Humanoid/Final_Run_Maziar_LP_0p1] epoch #14 | Collecting samples for evaluation
2017-05-10 13:40:42.756259 EDT | -----------------------  ------------
2017-05-10 13:40:42.756893 EDT | Epoch                    14
2017-05-10 13:40:42.757198 EDT | AverageReturn            43.8173
2017-05-10 13:40:42.757480 EDT | StdReturn                11.084
2017-05-10 13:40:42.757764 EDT | MaxReturn                68.446
2017-05-10 13:40:42.758043 EDT | MinReturn                12.3834
2017-05-10 13:40:42.758316 EDT | AverageEsReturn          39.2681
2017-05-10 13:40:42.758590 EDT | StdEsReturn              10.5319
2017-05-10 13:40:42.758865 EDT | MaxEsReturn              57.4941
2017-05-10 13:40:42.759142 EDT | MinEsReturn              19.757
2017-05-10 13:40:42.759415 EDT | AverageDiscountedReturn  28.7395
2017-05-10 13:40:42.759688 EDT | AverageQLoss              0.000622532
2017-05-10 13:40:42.759960 EDT | AveragePolicySurr        -0.338661
2017-05-10 13:40:42.760237 EDT | AverageQ                  0.317095
2017-05-10 13:40:42.760511 EDT | AverageAbsQ               0.317121
2017-05-10 13:40:42.760781 EDT | AverageY                  0.317162
2017-05-10 13:40:42.761072 EDT | AverageAbsY               0.317163
2017-05-10 13:40:42.761351 EDT | AverageAbsQYDiff          0.0116148
2017-05-10 13:40:42.761629 EDT | AverageAction             0.999959
2017-05-10 13:40:42.761902 EDT | PolicyRegParamNorm       15.3718
2017-05-10 13:40:42.762182 EDT | QFunRegParamNorm         18.1122
2017-05-10 13:40:42.762466 EDT | AverageForwardProgress    0.239734
2017-05-10 13:40:42.762737 EDT | MaxForwardProgress        0.417177
2017-05-10 13:40:42.763009 EDT | MinForwardProgress        0.0119428
2017-05-10 13:40:42.763286 EDT | StdForwardProgress        0.0774945
2017-05-10 13:40:42.763563 EDT | -----------------------  ------------
2017-05-10 13:40:42.763966 EDT | [Averaged_PolyRL/PolyRL_DDPG_Complex_Humanoid/Final_Run_Maziar_LP_0p1] epoch #15 | Training started
2017-05-10 13:40:42.765312 EDT | [Averaged_PolyRL/PolyRL_DDPG_Complex_Humanoid/Final_Run_Maziar_LP_0p1] epoch #15 | Populating workers...
2017-05-10 13:40:42.765670 EDT | [Averaged_PolyRL/PolyRL_DDPG_Complex_Humanoid/Final_Run_Maziar_LP_0p1] epoch #15 | Populated
2017-05-10 13:44:29.511746 EDT | [Averaged_PolyRL/PolyRL_DDPG_Complex_Humanoid/Final_Run_Maziar_LP_0p1] epoch #15 | Training finished
2017-05-10 13:44:29.512393 EDT | [Averaged_PolyRL/PolyRL_DDPG_Complex_Humanoid/Final_Run_Maziar_LP_0p1] epoch #15 | Collecting samples for evaluation
2017-05-10 13:45:09.330120 EDT | -----------------------  ------------
2017-05-10 13:45:09.331727 EDT | Epoch                    15
2017-05-10 13:45:09.332073 EDT | AverageReturn            17.4972
2017-05-10 13:45:09.332391 EDT | StdReturn                13.9723
2017-05-10 13:45:09.332701 EDT | MaxReturn                47.5073
2017-05-10 13:45:09.333019 EDT | MinReturn                -4.96907
2017-05-10 13:45:09.333336 EDT | AverageEsReturn          44.1001
2017-05-10 13:45:09.333667 EDT | StdEsReturn              14.8401
2017-05-10 13:45:09.334043 EDT | MaxEsReturn              65.3156
2017-05-10 13:45:09.334447 EDT | MinEsReturn               9.65161
2017-05-10 13:45:09.334887 EDT | AverageDiscountedReturn  11.8636
2017-05-10 13:45:09.335216 EDT | AverageQLoss              0.000930832
2017-05-10 13:45:09.335552 EDT | AveragePolicySurr        -0.39037
2017-05-10 13:45:09.335895 EDT | AverageQ                  0.367683
2017-05-10 13:45:09.336195 EDT | AverageAbsQ               0.367704
2017-05-10 13:45:09.336487 EDT | AverageY                  0.367811
2017-05-10 13:45:09.336819 EDT | AverageAbsY               0.367811
2017-05-10 13:45:09.337138 EDT | AverageAbsQYDiff          0.0141933
2017-05-10 13:45:09.337431 EDT | AverageAction             0.980636
2017-05-10 13:45:09.337759 EDT | PolicyRegParamNorm       15.8708
2017-05-10 13:45:09.338100 EDT | QFunRegParamNorm         18.8496
2017-05-10 13:45:09.338438 EDT | AverageForwardProgress    0.0543626
2017-05-10 13:45:09.338795 EDT | MaxForwardProgress        0.270567
2017-05-10 13:45:09.339061 EDT | MinForwardProgress       -0.105384
2017-05-10 13:45:09.339314 EDT | StdForwardProgress        0.0963109
2017-05-10 13:45:09.339564 EDT | -----------------------  ------------
2017-05-10 13:45:09.340013 EDT | [Averaged_PolyRL/PolyRL_DDPG_Complex_Humanoid/Final_Run_Maziar_LP_0p1] epoch #16 | Training started
2017-05-10 13:45:09.342040 EDT | [Averaged_PolyRL/PolyRL_DDPG_Complex_Humanoid/Final_Run_Maziar_LP_0p1] epoch #16 | Populating workers...
2017-05-10 13:45:09.343672 EDT | [Averaged_PolyRL/PolyRL_DDPG_Complex_Humanoid/Final_Run_Maziar_LP_0p1] epoch #16 | Populated
2017-05-10 13:48:55.411752 EDT | [Averaged_PolyRL/PolyRL_DDPG_Complex_Humanoid/Final_Run_Maziar_LP_0p1] epoch #16 | Training finished
2017-05-10 13:48:55.413371 EDT | [Averaged_PolyRL/PolyRL_DDPG_Complex_Humanoid/Final_Run_Maziar_LP_0p1] epoch #16 | Collecting samples for evaluation
2017-05-10 13:49:33.738041 EDT | -----------------------  -----------
2017-05-10 13:49:33.740785 EDT | Epoch                    16
2017-05-10 13:49:33.741094 EDT | AverageReturn            30.9048
2017-05-10 13:49:33.741328 EDT | StdReturn                 5.96997
2017-05-10 13:49:33.741563 EDT | MaxReturn                47.7643
2017-05-10 13:49:33.741815 EDT | MinReturn                15.8255
2017-05-10 13:49:33.742055 EDT | AverageEsReturn          30.7819
2017-05-10 13:49:33.742303 EDT | StdEsReturn              11.7705
2017-05-10 13:49:33.742520 EDT | MaxEsReturn              45.363
2017-05-10 13:49:33.742769 EDT | MinEsReturn              -0.0699885
2017-05-10 13:49:33.742996 EDT | AverageDiscountedReturn  21.928
2017-05-10 13:49:33.743376 EDT | AverageQLoss              0.00133001
2017-05-10 13:49:33.743582 EDT | AveragePolicySurr        -0.459335
2017-05-10 13:49:33.743801 EDT | AverageQ                  0.42271
2017-05-10 13:49:33.744075 EDT | AverageAbsQ               0.42276
2017-05-10 13:49:33.744286 EDT | AverageY                  0.422848
2017-05-10 13:49:33.744560 EDT | AverageAbsY               0.422848
2017-05-10 13:49:33.744766 EDT | AverageAbsQYDiff          0.0170918
2017-05-10 13:49:33.745006 EDT | AverageAction             0.996479
2017-05-10 13:49:33.746227 EDT | PolicyRegParamNorm       16.2271
2017-05-10 13:49:33.746458 EDT | QFunRegParamNorm         19.5943
2017-05-10 13:49:33.746702 EDT | AverageForwardProgress    0.159497
2017-05-10 13:49:33.746920 EDT | MaxForwardProgress        0.288907
2017-05-10 13:49:33.747164 EDT | MinForwardProgress        0.0453396
2017-05-10 13:49:33.747372 EDT | StdForwardProgress        0.0449371
2017-05-10 13:49:33.747654 EDT | -----------------------  -----------
2017-05-10 13:49:33.748000 EDT | [Averaged_PolyRL/PolyRL_DDPG_Complex_Humanoid/Final_Run_Maziar_LP_0p1] epoch #17 | Training started
2017-05-10 13:49:33.749354 EDT | [Averaged_PolyRL/PolyRL_DDPG_Complex_Humanoid/Final_Run_Maziar_LP_0p1] epoch #17 | Populating workers...
2017-05-10 13:49:33.749680 EDT | [Averaged_PolyRL/PolyRL_DDPG_Complex_Humanoid/Final_Run_Maziar_LP_0p1] epoch #17 | Populated
2017-05-10 13:53:33.639775 EDT | [Averaged_PolyRL/PolyRL_DDPG_Complex_Humanoid/Final_Run_Maziar_LP_0p1] epoch #17 | Training finished
2017-05-10 13:53:33.641279 EDT | [Averaged_PolyRL/PolyRL_DDPG_Complex_Humanoid/Final_Run_Maziar_LP_0p1] epoch #17 | Collecting samples for evaluation
2017-05-10 13:54:10.076658 EDT | -----------------------  ------------
2017-05-10 13:54:10.077409 EDT | Epoch                    17
2017-05-10 13:54:10.077689 EDT | AverageReturn             6.17664
2017-05-10 13:54:10.077957 EDT | StdReturn                 3.7854
2017-05-10 13:54:10.078239 EDT | MaxReturn                18.4476
2017-05-10 13:54:10.078518 EDT | MinReturn                -4.50206
2017-05-10 13:54:10.078802 EDT | AverageEsReturn           8.79381
2017-05-10 13:54:10.079063 EDT | StdEsReturn               6.85987
2017-05-10 13:54:10.079331 EDT | MaxEsReturn              34.7373
2017-05-10 13:54:10.079594 EDT | MinEsReturn              -2.64587
2017-05-10 13:54:10.079853 EDT | AverageDiscountedReturn   5.27145
2017-05-10 13:54:10.080131 EDT | AverageQLoss              0.00194446
2017-05-10 13:54:10.080398 EDT | AveragePolicySurr        -0.553171
2017-05-10 13:54:10.080661 EDT | AverageQ                  0.493483
2017-05-10 13:54:10.081000 EDT | AverageAbsQ               0.494454
2017-05-10 13:54:10.081266 EDT | AverageY                  0.49365
2017-05-10 13:54:10.081529 EDT | AverageAbsY               0.494598
2017-05-10 13:54:10.081803 EDT | AverageAbsQYDiff          0.0211687
2017-05-10 13:54:10.082067 EDT | AverageAction             0.978634
2017-05-10 13:54:10.082347 EDT | PolicyRegParamNorm       16.7756
2017-05-10 13:54:10.082611 EDT | QFunRegParamNorm         20.5022
2017-05-10 13:54:10.082876 EDT | AverageForwardProgress    0.000399987
2017-05-10 13:54:10.083139 EDT | MaxForwardProgress        0.0951379
2017-05-10 13:54:10.083398 EDT | MinForwardProgress       -0.0857575
2017-05-10 13:54:10.083662 EDT | StdForwardProgress        0.0293402
2017-05-10 13:54:10.083923 EDT | -----------------------  ------------
2017-05-10 13:54:10.084307 EDT | [Averaged_PolyRL/PolyRL_DDPG_Complex_Humanoid/Final_Run_Maziar_LP_0p1] epoch #18 | Training started
2017-05-10 13:54:10.085695 EDT | [Averaged_PolyRL/PolyRL_DDPG_Complex_Humanoid/Final_Run_Maziar_LP_0p1] epoch #18 | Populating workers...
2017-05-10 13:54:10.086186 EDT | [Averaged_PolyRL/PolyRL_DDPG_Complex_Humanoid/Final_Run_Maziar_LP_0p1] epoch #18 | Populated
2017-05-10 13:57:54.634210 EDT | [Averaged_PolyRL/PolyRL_DDPG_Complex_Humanoid/Final_Run_Maziar_LP_0p1] epoch #18 | Training finished
2017-05-10 13:57:54.634993 EDT | [Averaged_PolyRL/PolyRL_DDPG_Complex_Humanoid/Final_Run_Maziar_LP_0p1] epoch #18 | Collecting samples for evaluation
2017-05-10 13:58:25.824464 EDT | -----------------------  -----------
2017-05-10 13:58:25.827443 EDT | Epoch                    18
2017-05-10 13:58:25.830428 EDT | AverageReturn             6.05435
2017-05-10 13:58:25.831655 EDT | StdReturn                 5.06462
2017-05-10 13:58:25.832869 EDT | MaxReturn                18.9607
2017-05-10 13:58:25.833176 EDT | MinReturn                -8.95184
2017-05-10 13:58:25.833462 EDT | AverageEsReturn           4.79121
2017-05-10 13:58:25.838229 EDT | StdEsReturn               4.35167
2017-05-10 13:58:25.840903 EDT | MaxEsReturn              14.211
2017-05-10 13:58:25.841246 EDT | MinEsReturn              -3.52393
2017-05-10 13:58:25.841533 EDT | AverageDiscountedReturn   5.15638
2017-05-10 13:58:25.844469 EDT | AverageQLoss              0.0019575
2017-05-10 13:58:25.844833 EDT | AveragePolicySurr        -0.631331
2017-05-10 13:58:25.845190 EDT | AverageQ                  0.563672
2017-05-10 13:58:25.845484 EDT | AverageAbsQ               0.564685
2017-05-10 13:58:25.845758 EDT | AverageY                  0.563852
2017-05-10 13:58:25.846079 EDT | AverageAbsY               0.564933
2017-05-10 13:58:25.846714 EDT | AverageAbsQYDiff          0.0220028
2017-05-10 13:58:25.847253 EDT | AverageAction             0.988941
2017-05-10 13:58:25.847808 EDT | PolicyRegParamNorm       17.1804
2017-05-10 13:58:25.848338 EDT | QFunRegParamNorm         21.1311
2017-05-10 13:58:25.848891 EDT | AverageForwardProgress   -0.00539412
2017-05-10 13:58:25.849449 EDT | MaxForwardProgress        0.0951174
2017-05-10 13:58:25.851468 EDT | MinForwardProgress       -0.121046
2017-05-10 13:58:25.852069 EDT | StdForwardProgress        0.0388532
2017-05-10 13:58:25.855867 EDT | -----------------------  -----------
2017-05-10 13:58:25.857580 EDT | [Averaged_PolyRL/PolyRL_DDPG_Complex_Humanoid/Final_Run_Maziar_LP_0p1] epoch #19 | Training started
2017-05-10 13:58:25.885624 EDT | [Averaged_PolyRL/PolyRL_DDPG_Complex_Humanoid/Final_Run_Maziar_LP_0p1] epoch #19 | Populating workers...
2017-05-10 13:58:25.891173 EDT | [Averaged_PolyRL/PolyRL_DDPG_Complex_Humanoid/Final_Run_Maziar_LP_0p1] epoch #19 | Populated
2017-05-10 14:02:13.804661 EDT | [Averaged_PolyRL/PolyRL_DDPG_Complex_Humanoid/Final_Run_Maziar_LP_0p1] epoch #19 | Training finished
2017-05-10 14:02:13.808998 EDT | [Averaged_PolyRL/PolyRL_DDPG_Complex_Humanoid/Final_Run_Maziar_LP_0p1] epoch #19 | Collecting samples for evaluation
2017-05-10 14:02:49.790399 EDT | -----------------------  -----------
2017-05-10 14:02:49.802356 EDT | Epoch                    19
2017-05-10 14:02:49.802669 EDT | AverageReturn             8.73826
2017-05-10 14:02:49.820980 EDT | StdReturn                 4.36008
2017-05-10 14:02:49.827289 EDT | MaxReturn                23.1603
2017-05-10 14:02:49.833329 EDT | MinReturn                -1.0878
2017-05-10 14:02:49.839735 EDT | AverageEsReturn           5.3552
2017-05-10 14:02:49.845886 EDT | StdEsReturn               6.94601
2017-05-10 14:02:49.849811 EDT | MaxEsReturn              17.562
2017-05-10 14:02:49.855854 EDT | MinEsReturn              -8.42314
2017-05-10 14:02:49.859885 EDT | AverageDiscountedReturn   7.03633
2017-05-10 14:02:49.860222 EDT | AverageQLoss              0.00239803
2017-05-10 14:02:49.864257 EDT | AveragePolicySurr        -0.699046
2017-05-10 14:02:49.870746 EDT | AverageQ                  0.625863
2017-05-10 14:02:49.870965 EDT | AverageAbsQ               0.626678
2017-05-10 14:02:49.874394 EDT | AverageY                  0.625972
2017-05-10 14:02:49.880636 EDT | AverageAbsY               0.62692
2017-05-10 14:02:49.880875 EDT | AverageAbsQYDiff          0.0246647
2017-05-10 14:02:49.891779 EDT | AverageAction             0.955109
2017-05-10 14:02:49.891988 EDT | PolicyRegParamNorm       17.4268
2017-05-10 14:02:49.897483 EDT | QFunRegParamNorm         21.8895
2017-05-10 14:02:49.897693 EDT | AverageForwardProgress    0.00881195
2017-05-10 14:02:49.899651 EDT | MaxForwardProgress        0.117154
2017-05-10 14:02:49.899893 EDT | MinForwardProgress       -0.0662814
2017-05-10 14:02:49.901737 EDT | StdForwardProgress        0.0338911
2017-05-10 14:02:49.902001 EDT | -----------------------  -----------
2017-05-10 14:02:49.904540 EDT | [Averaged_PolyRL/PolyRL_DDPG_Complex_Humanoid/Final_Run_Maziar_LP_0p1] epoch #20 | Training started
2017-05-10 14:02:49.909309 EDT | [Averaged_PolyRL/PolyRL_DDPG_Complex_Humanoid/Final_Run_Maziar_LP_0p1] epoch #20 | Populating workers...
2017-05-10 14:02:49.909630 EDT | [Averaged_PolyRL/PolyRL_DDPG_Complex_Humanoid/Final_Run_Maziar_LP_0p1] epoch #20 | Populated
2017-05-10 14:06:32.480909 EDT | [Averaged_PolyRL/PolyRL_DDPG_Complex_Humanoid/Final_Run_Maziar_LP_0p1] epoch #20 | Training finished
2017-05-10 14:06:32.481551 EDT | [Averaged_PolyRL/PolyRL_DDPG_Complex_Humanoid/Final_Run_Maziar_LP_0p1] epoch #20 | Collecting samples for evaluation
2017-05-10 14:07:05.716989 EDT | -----------------------  -----------
2017-05-10 14:07:05.717869 EDT | Epoch                    20
2017-05-10 14:07:05.718156 EDT | AverageReturn             6.49027
2017-05-10 14:07:05.718425 EDT | StdReturn                 4.20868
2017-05-10 14:07:05.718691 EDT | MaxReturn                17.5351
2017-05-10 14:07:05.718960 EDT | MinReturn                -3.99418
2017-05-10 14:07:05.719214 EDT | AverageEsReturn           3.02051
2017-05-10 14:07:05.719572 EDT | StdEsReturn               5.57472
2017-05-10 14:07:05.720414 EDT | MaxEsReturn              15.3851
2017-05-10 14:07:05.720686 EDT | MinEsReturn              -6.9901
2017-05-10 14:07:05.720982 EDT | AverageDiscountedReturn   5.51114
2017-05-10 14:07:05.721723 EDT | AverageQLoss              0.00304409
2017-05-10 14:07:05.722016 EDT | AveragePolicySurr        -0.784579
2017-05-10 14:07:05.723097 EDT | AverageQ                  0.684337
2017-05-10 14:07:05.723421 EDT | AverageAbsQ               0.685863
2017-05-10 14:07:05.723692 EDT | AverageY                  0.684411
2017-05-10 14:07:05.723946 EDT | AverageAbsY               0.686368
2017-05-10 14:07:05.724197 EDT | AverageAbsQYDiff          0.0280127
2017-05-10 14:07:05.724669 EDT | AverageAction             0.975738
2017-05-10 14:07:05.725261 EDT | PolicyRegParamNorm       17.9053
2017-05-10 14:07:05.726493 EDT | QFunRegParamNorm         22.5881
2017-05-10 14:07:05.726770 EDT | AverageForwardProgress    0.00141549
2017-05-10 14:07:05.727031 EDT | MaxForwardProgress        0.0857508
2017-05-10 14:07:05.727298 EDT | MinForwardProgress       -0.0803315
2017-05-10 14:07:05.727577 EDT | StdForwardProgress        0.0325977
2017-05-10 14:07:05.728716 EDT | -----------------------  -----------
2017-05-10 14:07:05.729150 EDT | [Averaged_PolyRL/PolyRL_DDPG_Complex_Humanoid/Final_Run_Maziar_LP_0p1] epoch #21 | Training started
2017-05-10 14:07:05.730501 EDT | [Averaged_PolyRL/PolyRL_DDPG_Complex_Humanoid/Final_Run_Maziar_LP_0p1] epoch #21 | Populating workers...
2017-05-10 14:07:05.730920 EDT | [Averaged_PolyRL/PolyRL_DDPG_Complex_Humanoid/Final_Run_Maziar_LP_0p1] epoch #21 | Populated
2017-05-10 14:10:45.723518 EDT | [Averaged_PolyRL/PolyRL_DDPG_Complex_Humanoid/Final_Run_Maziar_LP_0p1] epoch #21 | Training finished
2017-05-10 14:10:45.724177 EDT | [Averaged_PolyRL/PolyRL_DDPG_Complex_Humanoid/Final_Run_Maziar_LP_0p1] epoch #21 | Collecting samples for evaluation
2017-05-10 14:11:18.887868 EDT | -----------------------  ------------
2017-05-10 14:11:18.889913 EDT | Epoch                    21
2017-05-10 14:11:18.890236 EDT | AverageReturn             6.07725
2017-05-10 14:11:18.892046 EDT | StdReturn                 4.46243
2017-05-10 14:11:18.895737 EDT | MaxReturn                16.7183
2017-05-10 14:11:18.896076 EDT | MinReturn                -9.82088
2017-05-10 14:11:18.898095 EDT | AverageEsReturn           4.64245
2017-05-10 14:11:18.899893 EDT | StdEsReturn               4.94268
2017-05-10 14:11:18.901650 EDT | MaxEsReturn              14.8887
2017-05-10 14:11:18.901957 EDT | MinEsReturn              -5.19754
2017-05-10 14:11:18.903745 EDT | AverageDiscountedReturn   5.1739
2017-05-10 14:11:18.905442 EDT | AverageQLoss              0.0037543
2017-05-10 14:11:18.905783 EDT | AveragePolicySurr        -0.98208
2017-05-10 14:11:18.907569 EDT | AverageQ                  0.792309
2017-05-10 14:11:18.909365 EDT | AverageAbsQ               0.793917
2017-05-10 14:11:18.911131 EDT | AverageY                  0.792522
2017-05-10 14:11:18.911436 EDT | AverageAbsY               0.794572
2017-05-10 14:11:18.913209 EDT | AverageAbsQYDiff          0.0308627
2017-05-10 14:11:18.913493 EDT | AverageAction             0.982105
2017-05-10 14:11:18.915264 EDT | PolicyRegParamNorm       18.2056
2017-05-10 14:11:18.917057 EDT | QFunRegParamNorm         23.3633
2017-05-10 14:11:18.917369 EDT | AverageForwardProgress   -0.000997555
2017-05-10 14:11:18.919298 EDT | MaxForwardProgress        0.0799761
2017-05-10 14:11:18.921247 EDT | MinForwardProgress       -0.124192
2017-05-10 14:11:18.921562 EDT | StdForwardProgress        0.0345071
2017-05-10 14:11:18.923542 EDT | -----------------------  ------------
2017-05-10 14:11:18.925633 EDT | [Averaged_PolyRL/PolyRL_DDPG_Complex_Humanoid/Final_Run_Maziar_LP_0p1] epoch #22 | Training started
2017-05-10 14:11:18.945990 EDT | [Averaged_PolyRL/PolyRL_DDPG_Complex_Humanoid/Final_Run_Maziar_LP_0p1] epoch #22 | Populating workers...
2017-05-10 14:11:18.947959 EDT | [Averaged_PolyRL/PolyRL_DDPG_Complex_Humanoid/Final_Run_Maziar_LP_0p1] epoch #22 | Populated
2017-05-10 14:15:14.051212 EDT | [Averaged_PolyRL/PolyRL_DDPG_Complex_Humanoid/Final_Run_Maziar_LP_0p1] epoch #22 | Training finished
2017-05-10 14:15:14.051973 EDT | [Averaged_PolyRL/PolyRL_DDPG_Complex_Humanoid/Final_Run_Maziar_LP_0p1] epoch #22 | Collecting samples for evaluation
2017-05-10 14:15:48.840458 EDT | -----------------------  -----------
2017-05-10 14:15:48.840926 EDT | Epoch                    22
2017-05-10 14:15:48.841276 EDT | AverageReturn             6.53751
2017-05-10 14:15:48.841649 EDT | StdReturn                 4.02159
2017-05-10 14:15:48.842011 EDT | MaxReturn                15.8995
2017-05-10 14:15:48.842367 EDT | MinReturn                -4.79592
2017-05-10 14:15:48.842714 EDT | AverageEsReturn           5.55242
2017-05-10 14:15:48.843086 EDT | StdEsReturn               3.7903
2017-05-10 14:15:48.843446 EDT | MaxEsReturn              12.2556
2017-05-10 14:15:48.843802 EDT | MinEsReturn              -2.44032
2017-05-10 14:15:48.844141 EDT | AverageDiscountedReturn   5.57544
2017-05-10 14:15:48.844486 EDT | AverageQLoss              0.00390829
2017-05-10 14:15:48.844859 EDT | AveragePolicySurr        -0.996238
2017-05-10 14:15:48.845233 EDT | AverageQ                  0.906727
2017-05-10 14:15:48.845558 EDT | AverageAbsQ               0.908156
2017-05-10 14:15:48.845914 EDT | AverageY                  0.906845
2017-05-10 14:15:48.846284 EDT | AverageAbsY               0.908568
2017-05-10 14:15:48.846647 EDT | AverageAbsQYDiff          0.0322448
2017-05-10 14:15:48.846983 EDT | AverageAction             0.974244
2017-05-10 14:15:48.847343 EDT | PolicyRegParamNorm       18.3925
2017-05-10 14:15:48.847710 EDT | QFunRegParamNorm         24.0273
2017-05-10 14:15:48.848071 EDT | AverageForwardProgress    0.00312266
2017-05-10 14:15:48.848417 EDT | MaxForwardProgress        0.0730463
2017-05-10 14:15:48.848763 EDT | MinForwardProgress       -0.0883851
2017-05-10 14:15:48.849169 EDT | StdForwardProgress        0.0311098
2017-05-10 14:15:48.849530 EDT | -----------------------  -----------
2017-05-10 14:15:48.850000 EDT | [Averaged_PolyRL/PolyRL_DDPG_Complex_Humanoid/Final_Run_Maziar_LP_0p1] epoch #23 | Training started
2017-05-10 14:15:48.851566 EDT | [Averaged_PolyRL/PolyRL_DDPG_Complex_Humanoid/Final_Run_Maziar_LP_0p1] epoch #23 | Populating workers...
2017-05-10 14:15:48.852009 EDT | [Averaged_PolyRL/PolyRL_DDPG_Complex_Humanoid/Final_Run_Maziar_LP_0p1] epoch #23 | Populated
2017-05-10 14:19:30.067598 EDT | [Averaged_PolyRL/PolyRL_DDPG_Complex_Humanoid/Final_Run_Maziar_LP_0p1] epoch #23 | Training finished
2017-05-10 14:19:30.068315 EDT | [Averaged_PolyRL/PolyRL_DDPG_Complex_Humanoid/Final_Run_Maziar_LP_0p1] epoch #23 | Collecting samples for evaluation
2017-05-10 14:20:07.209216 EDT | -----------------------  ------------
2017-05-10 14:20:07.210937 EDT | Epoch                    23
2017-05-10 14:20:07.213995 EDT | AverageReturn             6.25619
2017-05-10 14:20:07.218084 EDT | StdReturn                 4.0065
2017-05-10 14:20:07.232891 EDT | MaxReturn                18.624
2017-05-10 14:20:07.233279 EDT | MinReturn                -4.06963
2017-05-10 14:20:07.233551 EDT | AverageEsReturn           6.08223
2017-05-10 14:20:07.233835 EDT | StdEsReturn               3.6808
2017-05-10 14:20:07.234138 EDT | MaxEsReturn              12.2936
2017-05-10 14:20:07.234466 EDT | MinEsReturn              -3.32531
2017-05-10 14:20:07.234768 EDT | AverageDiscountedReturn   5.32914
2017-05-10 14:20:07.235062 EDT | AverageQLoss              0.0038219
2017-05-10 14:20:07.235397 EDT | AveragePolicySurr        -0.981176
2017-05-10 14:20:07.240019 EDT | AverageQ                  0.944628
2017-05-10 14:20:07.249894 EDT | AverageAbsQ               0.945917
2017-05-10 14:20:07.250232 EDT | AverageY                  0.94477
2017-05-10 14:20:07.250498 EDT | AverageAbsY               0.946266
2017-05-10 14:20:07.250780 EDT | AverageAbsQYDiff          0.0317872
2017-05-10 14:20:07.251018 EDT | AverageAction             0.955706
2017-05-10 14:20:07.251264 EDT | PolicyRegParamNorm       18.6051
2017-05-10 14:20:07.251460 EDT | QFunRegParamNorm         24.5918
2017-05-10 14:20:07.251658 EDT | AverageForwardProgress    0.000402189
2017-05-10 14:20:07.251845 EDT | MaxForwardProgress        0.0940283
2017-05-10 14:20:07.252029 EDT | MinForwardProgress       -0.079815
2017-05-10 14:20:07.252212 EDT | StdForwardProgress        0.0310827
2017-05-10 14:20:07.252396 EDT | -----------------------  ------------
2017-05-10 14:20:07.252709 EDT | [Averaged_PolyRL/PolyRL_DDPG_Complex_Humanoid/Final_Run_Maziar_LP_0p1] epoch #24 | Training started
2017-05-10 14:20:07.254477 EDT | [Averaged_PolyRL/PolyRL_DDPG_Complex_Humanoid/Final_Run_Maziar_LP_0p1] epoch #24 | Populating workers...
2017-05-10 14:20:07.257836 EDT | [Averaged_PolyRL/PolyRL_DDPG_Complex_Humanoid/Final_Run_Maziar_LP_0p1] epoch #24 | Populated
2017-05-10 14:23:52.849372 EDT | [Averaged_PolyRL/PolyRL_DDPG_Complex_Humanoid/Final_Run_Maziar_LP_0p1] epoch #24 | Training finished
2017-05-10 14:23:52.850046 EDT | [Averaged_PolyRL/PolyRL_DDPG_Complex_Humanoid/Final_Run_Maziar_LP_0p1] epoch #24 | Collecting samples for evaluation
2017-05-10 14:24:30.866328 EDT | -----------------------  ------------
2017-05-10 14:24:30.868162 EDT | Epoch                     24
2017-05-10 14:24:30.870176 EDT | AverageReturn             19.5528
2017-05-10 14:24:30.870527 EDT | StdReturn                 20.1641
2017-05-10 14:24:30.870805 EDT | MaxReturn                 57.3942
2017-05-10 14:24:30.872584 EDT | MinReturn                -31.9119
2017-05-10 14:24:30.872879 EDT | AverageEsReturn            1.49285
2017-05-10 14:24:30.873191 EDT | StdEsReturn               19.9284
2017-05-10 14:24:30.873628 EDT | MaxEsReturn               24.7776
2017-05-10 14:24:30.874079 EDT | MinEsReturn              -40.1088
2017-05-10 14:24:30.874419 EDT | AverageDiscountedReturn   13.5395
2017-05-10 14:24:30.876376 EDT | AverageQLoss               0.00368932
2017-05-10 14:24:30.876657 EDT | AveragePolicySurr         -0.994798
2017-05-10 14:24:30.876939 EDT | AverageQ                   0.946952
2017-05-10 14:24:30.878768 EDT | AverageAbsQ                0.948893
2017-05-10 14:24:30.880513 EDT | AverageY                   0.947126
2017-05-10 14:24:30.880804 EDT | AverageAbsY                0.94922
2017-05-10 14:24:30.882580 EDT | AverageAbsQYDiff           0.0322866
2017-05-10 14:24:30.884334 EDT | AverageAction              0.953782
2017-05-10 14:24:30.884636 EDT | PolicyRegParamNorm        18.8311
2017-05-10 14:24:30.886519 EDT | QFunRegParamNorm          25.2059
2017-05-10 14:24:30.886813 EDT | AverageForwardProgress     0.0118434
2017-05-10 14:24:30.888795 EDT | MaxForwardProgress         0.310469
2017-05-10 14:24:30.890759 EDT | MinForwardProgress        -0.394639
2017-05-10 14:24:30.891049 EDT | StdForwardProgress         0.162158
2017-05-10 14:24:30.894060 EDT | -----------------------  ------------
2017-05-10 14:24:30.898510 EDT | [Averaged_PolyRL/PolyRL_DDPG_Complex_Humanoid/Final_Run_Maziar_LP_0p1] epoch #25 | Training started
2017-05-10 14:24:30.911649 EDT | [Averaged_PolyRL/PolyRL_DDPG_Complex_Humanoid/Final_Run_Maziar_LP_0p1] epoch #25 | Populating workers...
2017-05-10 14:24:30.914232 EDT | [Averaged_PolyRL/PolyRL_DDPG_Complex_Humanoid/Final_Run_Maziar_LP_0p1] epoch #25 | Populated
2017-05-10 14:28:17.412504 EDT | [Averaged_PolyRL/PolyRL_DDPG_Complex_Humanoid/Final_Run_Maziar_LP_0p1] epoch #25 | Training finished
2017-05-10 14:28:17.413388 EDT | [Averaged_PolyRL/PolyRL_DDPG_Complex_Humanoid/Final_Run_Maziar_LP_0p1] epoch #25 | Collecting samples for evaluation
2017-05-10 14:28:52.532163 EDT | -----------------------  ------------
2017-05-10 14:28:52.532712 EDT | Epoch                     25
2017-05-10 14:28:52.533027 EDT | AverageReturn             61.6756
2017-05-10 14:28:52.533309 EDT | StdReturn                 11.0538
2017-05-10 14:28:52.533605 EDT | MaxReturn                 83.526
2017-05-10 14:28:52.534072 EDT | MinReturn                 27.1409
2017-05-10 14:28:52.534907 EDT | AverageEsReturn           28.1548
2017-05-10 14:28:52.535757 EDT | StdEsReturn               23.3111
2017-05-10 14:28:52.536593 EDT | MaxEsReturn               64.0302
2017-05-10 14:28:52.537427 EDT | MinEsReturn              -14.5315
2017-05-10 14:28:52.538300 EDT | AverageDiscountedReturn   35.6555
2017-05-10 14:28:52.539123 EDT | AverageQLoss               0.00487693
2017-05-10 14:28:52.539984 EDT | AveragePolicySurr         -0.989107
2017-05-10 14:28:52.540865 EDT | AverageQ                   0.964328
2017-05-10 14:28:52.541744 EDT | AverageAbsQ                0.966988
2017-05-10 14:28:52.542680 EDT | AverageY                   0.964502
2017-05-10 14:28:52.543558 EDT | AverageAbsY                0.967342
2017-05-10 14:28:52.544411 EDT | AverageAbsQYDiff           0.0361694
2017-05-10 14:28:52.545259 EDT | AverageAction              0.992819
2017-05-10 14:28:52.546114 EDT | PolicyRegParamNorm        19.0032
2017-05-10 14:28:52.546940 EDT | QFunRegParamNorm          25.8275
2017-05-10 14:28:52.547776 EDT | AverageForwardProgress     0.347685
2017-05-10 14:28:52.548617 EDT | MaxForwardProgress         0.512172
2017-05-10 14:28:52.549397 EDT | MinForwardProgress         0.0801544
2017-05-10 14:28:52.550184 EDT | StdForwardProgress         0.0854053
2017-05-10 14:28:52.551023 EDT | -----------------------  ------------
2017-05-10 14:28:52.551961 EDT | [Averaged_PolyRL/PolyRL_DDPG_Complex_Humanoid/Final_Run_Maziar_LP_0p1] epoch #26 | Training started
2017-05-10 14:28:52.556716 EDT | [Averaged_PolyRL/PolyRL_DDPG_Complex_Humanoid/Final_Run_Maziar_LP_0p1] epoch #26 | Populating workers...
2017-05-10 14:28:52.557894 EDT | [Averaged_PolyRL/PolyRL_DDPG_Complex_Humanoid/Final_Run_Maziar_LP_0p1] epoch #26 | Populated
2017-05-10 14:32:34.154912 EDT | [Averaged_PolyRL/PolyRL_DDPG_Complex_Humanoid/Final_Run_Maziar_LP_0p1] epoch #26 | Training finished
2017-05-10 14:32:34.155536 EDT | [Averaged_PolyRL/PolyRL_DDPG_Complex_Humanoid/Final_Run_Maziar_LP_0p1] epoch #26 | Collecting samples for evaluation
2017-05-10 14:33:10.914247 EDT | -----------------------  -----------
2017-05-10 14:33:10.921009 EDT | Epoch                    26
2017-05-10 14:33:10.921291 EDT | AverageReturn            48.3774
2017-05-10 14:33:10.921488 EDT | StdReturn                26.0357
2017-05-10 14:33:10.921679 EDT | MaxReturn                94.8942
2017-05-10 14:33:10.921867 EDT | MinReturn                 8.11326
2017-05-10 14:33:10.922074 EDT | AverageEsReturn          37.4631
2017-05-10 14:33:10.922270 EDT | StdEsReturn              16.58
2017-05-10 14:33:10.922458 EDT | MaxEsReturn              65.4771
2017-05-10 14:33:10.922644 EDT | MinEsReturn               9.26724
2017-05-10 14:33:10.922830 EDT | AverageDiscountedReturn  29.581
2017-05-10 14:33:10.923018 EDT | AverageQLoss              0.00507932
2017-05-10 14:33:10.923218 EDT | AveragePolicySurr        -1.02936
2017-05-10 14:33:10.923410 EDT | AverageQ                  0.99488
2017-05-10 14:33:10.923596 EDT | AverageAbsQ               0.997291
2017-05-10 14:33:10.923781 EDT | AverageY                  0.995049
2017-05-10 14:33:10.923967 EDT | AverageAbsY               0.997608
2017-05-10 14:33:10.924153 EDT | AverageAbsQYDiff          0.0373675
2017-05-10 14:33:10.924339 EDT | AverageAction             0.982771
2017-05-10 14:33:10.924524 EDT | PolicyRegParamNorm       19.1358
2017-05-10 14:33:10.924712 EDT | QFunRegParamNorm         26.4033
2017-05-10 14:33:10.924894 EDT | AverageForwardProgress    0.26777
2017-05-10 14:33:10.925088 EDT | MaxForwardProgress        0.583329
2017-05-10 14:33:10.925270 EDT | MinForwardProgress       -0.0175574
2017-05-10 14:33:10.925459 EDT | StdForwardProgress        0.180611
2017-05-10 14:33:10.925645 EDT | -----------------------  -----------
2017-05-10 14:33:10.925955 EDT | [Averaged_PolyRL/PolyRL_DDPG_Complex_Humanoid/Final_Run_Maziar_LP_0p1] epoch #27 | Training started
2017-05-10 14:33:10.927187 EDT | [Averaged_PolyRL/PolyRL_DDPG_Complex_Humanoid/Final_Run_Maziar_LP_0p1] epoch #27 | Populating workers...
2017-05-10 14:33:10.927429 EDT | [Averaged_PolyRL/PolyRL_DDPG_Complex_Humanoid/Final_Run_Maziar_LP_0p1] epoch #27 | Populated
2017-05-10 14:37:02.494833 EDT | [Averaged_PolyRL/PolyRL_DDPG_Complex_Humanoid/Final_Run_Maziar_LP_0p1] epoch #27 | Training finished
2017-05-10 14:37:02.496101 EDT | [Averaged_PolyRL/PolyRL_DDPG_Complex_Humanoid/Final_Run_Maziar_LP_0p1] epoch #27 | Collecting samples for evaluation
2017-05-10 14:37:39.287925 EDT | -----------------------  -----------
2017-05-10 14:37:39.288741 EDT | Epoch                    27
2017-05-10 14:37:39.289046 EDT | AverageReturn            21.6661
2017-05-10 14:37:39.289319 EDT | StdReturn                 5.19862
2017-05-10 14:37:39.289585 EDT | MaxReturn                34.4565
2017-05-10 14:37:39.289861 EDT | MinReturn                 5.38322
2017-05-10 14:37:39.290121 EDT | AverageEsReturn          28.5372
2017-05-10 14:37:39.290384 EDT | StdEsReturn              24.0422
2017-05-10 14:37:39.290642 EDT | MaxEsReturn              95.2252
2017-05-10 14:37:39.290904 EDT | MinEsReturn              11.5084
2017-05-10 14:37:39.291161 EDT | AverageDiscountedReturn  16.1923
2017-05-10 14:37:39.291423 EDT | AverageQLoss              0.00519737
2017-05-10 14:37:39.291685 EDT | AveragePolicySurr        -1.08657
2017-05-10 14:37:39.291946 EDT | AverageQ                  1.0362
2017-05-10 14:37:39.292205 EDT | AverageAbsQ               1.03838
2017-05-10 14:37:39.292467 EDT | AverageY                  1.03643
2017-05-10 14:37:39.292732 EDT | AverageAbsY               1.03868
2017-05-10 14:37:39.292987 EDT | AverageAbsQYDiff          0.0388554
2017-05-10 14:37:39.293237 EDT | AverageAction             0.980025
2017-05-10 14:37:39.293490 EDT | PolicyRegParamNorm       19.2955
2017-05-10 14:37:39.293742 EDT | QFunRegParamNorm         26.9598
2017-05-10 14:37:39.294011 EDT | AverageForwardProgress    0.088893
2017-05-10 14:37:39.294269 EDT | MaxForwardProgress        0.191595
2017-05-10 14:37:39.294527 EDT | MinForwardProgress       -0.0383457
2017-05-10 14:37:39.294790 EDT | StdForwardProgress        0.0408544
2017-05-10 14:37:39.295044 EDT | -----------------------  -----------
2017-05-10 14:37:39.295422 EDT | [Averaged_PolyRL/PolyRL_DDPG_Complex_Humanoid/Final_Run_Maziar_LP_0p1] epoch #28 | Training started
2017-05-10 14:37:39.296793 EDT | [Averaged_PolyRL/PolyRL_DDPG_Complex_Humanoid/Final_Run_Maziar_LP_0p1] epoch #28 | Populating workers...
2017-05-10 14:37:39.298059 EDT | [Averaged_PolyRL/PolyRL_DDPG_Complex_Humanoid/Final_Run_Maziar_LP_0p1] epoch #28 | Populated
2017-05-10 14:41:23.728477 EDT | [Averaged_PolyRL/PolyRL_DDPG_Complex_Humanoid/Final_Run_Maziar_LP_0p1] epoch #28 | Training finished
2017-05-10 14:41:23.730994 EDT | [Averaged_PolyRL/PolyRL_DDPG_Complex_Humanoid/Final_Run_Maziar_LP_0p1] epoch #28 | Collecting samples for evaluation
2017-05-10 14:41:58.562229 EDT | -----------------------  ------------
2017-05-10 14:41:58.562836 EDT | Epoch                     28
2017-05-10 14:41:58.563086 EDT | AverageReturn             51.9751
2017-05-10 14:41:58.563333 EDT | StdReturn                 25.7262
2017-05-10 14:41:58.563589 EDT | MaxReturn                141.405
2017-05-10 14:41:58.563857 EDT | MinReturn                 10.0301
2017-05-10 14:41:58.564107 EDT | AverageEsReturn           37.8967
2017-05-10 14:41:58.564384 EDT | StdEsReturn               23.6032
2017-05-10 14:41:58.564625 EDT | MaxEsReturn               78.154
2017-05-10 14:41:58.564874 EDT | MinEsReturn                8.49844
2017-05-10 14:41:58.565104 EDT | AverageDiscountedReturn   32.2026
2017-05-10 14:41:58.565299 EDT | AverageQLoss               0.00555533
2017-05-10 14:41:58.565489 EDT | AveragePolicySurr         -1.13717
2017-05-10 14:41:58.565678 EDT | AverageQ                   1.0878
2017-05-10 14:41:58.565867 EDT | AverageAbsQ                1.0898
2017-05-10 14:41:58.566055 EDT | AverageY                   1.08803
2017-05-10 14:41:58.566260 EDT | AverageAbsY                1.09003
2017-05-10 14:41:58.566442 EDT | AverageAbsQYDiff           0.0404162
2017-05-10 14:41:58.566625 EDT | AverageAction              0.988649
2017-05-10 14:41:58.566808 EDT | PolicyRegParamNorm        19.4746
2017-05-10 14:41:58.566999 EDT | QFunRegParamNorm          27.5259
2017-05-10 14:41:58.567184 EDT | AverageForwardProgress     0.297049
2017-05-10 14:41:58.567368 EDT | MaxForwardProgress         0.91526
2017-05-10 14:41:58.567550 EDT | MinForwardProgress         0.00324402
2017-05-10 14:41:58.567732 EDT | StdForwardProgress         0.179623
2017-05-10 14:41:58.567915 EDT | -----------------------  ------------
2017-05-10 14:41:58.568215 EDT | [Averaged_PolyRL/PolyRL_DDPG_Complex_Humanoid/Final_Run_Maziar_LP_0p1] epoch #29 | Training started
2017-05-10 14:41:58.585538 EDT | [Averaged_PolyRL/PolyRL_DDPG_Complex_Humanoid/Final_Run_Maziar_LP_0p1] epoch #29 | Populating workers...
2017-05-10 14:41:58.585862 EDT | [Averaged_PolyRL/PolyRL_DDPG_Complex_Humanoid/Final_Run_Maziar_LP_0p1] epoch #29 | Populated
2017-05-10 14:45:37.713275 EDT | [Averaged_PolyRL/PolyRL_DDPG_Complex_Humanoid/Final_Run_Maziar_LP_0p1] epoch #29 | Training finished
2017-05-10 14:45:37.713968 EDT | [Averaged_PolyRL/PolyRL_DDPG_Complex_Humanoid/Final_Run_Maziar_LP_0p1] epoch #29 | Collecting samples for evaluation
2017-05-10 14:46:16.261520 EDT | -----------------------  -----------
2017-05-10 14:46:16.262200 EDT | Epoch                    29
2017-05-10 14:46:16.262494 EDT | AverageReturn            56.4112
2017-05-10 14:46:16.262777 EDT | StdReturn                14.6035
2017-05-10 14:46:16.263089 EDT | MaxReturn                93.1994
2017-05-10 14:46:16.263360 EDT | MinReturn                11.6202
2017-05-10 14:46:16.263631 EDT | AverageEsReturn          60.0405
2017-05-10 14:46:16.263925 EDT | StdEsReturn              11.5989
2017-05-10 14:46:16.264196 EDT | MaxEsReturn              77.4249
2017-05-10 14:46:16.264468 EDT | MinEsReturn              28.8051
2017-05-10 14:46:16.264741 EDT | AverageDiscountedReturn  33.7679
2017-05-10 14:46:16.265040 EDT | AverageQLoss              0.00691582
2017-05-10 14:46:16.265304 EDT | AveragePolicySurr        -1.18215
2017-05-10 14:46:16.265565 EDT | AverageQ                  1.137
2017-05-10 14:46:16.265828 EDT | AverageAbsQ               1.13922
2017-05-10 14:46:16.266120 EDT | AverageY                  1.13726
2017-05-10 14:46:16.266383 EDT | AverageAbsY               1.13949
2017-05-10 14:46:16.266643 EDT | AverageAbsQYDiff          0.044067
2017-05-10 14:46:16.266910 EDT | AverageAction             0.981878
2017-05-10 14:46:16.267203 EDT | PolicyRegParamNorm       19.7102
2017-05-10 14:46:16.267464 EDT | QFunRegParamNorm         28.1801
2017-05-10 14:46:16.267739 EDT | AverageForwardProgress    0.316633
2017-05-10 14:46:16.268011 EDT | MaxForwardProgress        0.562212
2017-05-10 14:46:16.268306 EDT | MinForwardProgress       -0.0155354
2017-05-10 14:46:16.268574 EDT | StdForwardProgress        0.103618
2017-05-10 14:46:16.268847 EDT | -----------------------  -----------
2017-05-10 14:46:16.269264 EDT | [Averaged_PolyRL/PolyRL_DDPG_Complex_Humanoid/Final_Run_Maziar_LP_0p1] epoch #30 | Training started
2017-05-10 14:46:16.271072 EDT | [Averaged_PolyRL/PolyRL_DDPG_Complex_Humanoid/Final_Run_Maziar_LP_0p1] epoch #30 | Populating workers...
2017-05-10 14:46:16.272013 EDT | [Averaged_PolyRL/PolyRL_DDPG_Complex_Humanoid/Final_Run_Maziar_LP_0p1] epoch #30 | Populated
2017-05-10 14:49:57.725828 EDT | [Averaged_PolyRL/PolyRL_DDPG_Complex_Humanoid/Final_Run_Maziar_LP_0p1] epoch #30 | Training finished
2017-05-10 14:49:57.726623 EDT | [Averaged_PolyRL/PolyRL_DDPG_Complex_Humanoid/Final_Run_Maziar_LP_0p1] epoch #30 | Collecting samples for evaluation
2017-05-10 14:50:33.261916 EDT | -----------------------  -----------
2017-05-10 14:50:33.262654 EDT | Epoch                    30
2017-05-10 14:50:33.262988 EDT | AverageReturn            40.7801
2017-05-10 14:50:33.263308 EDT | StdReturn                 8.74216
2017-05-10 14:50:33.263616 EDT | MaxReturn                64.918
2017-05-10 14:50:33.263916 EDT | MinReturn                 9.65859
2017-05-10 14:50:33.264217 EDT | AverageEsReturn          51.0267
2017-05-10 14:50:33.264519 EDT | StdEsReturn              14.62
2017-05-10 14:50:33.264818 EDT | MaxEsReturn              66.375
2017-05-10 14:50:33.265139 EDT | MinEsReturn              20.2084
2017-05-10 14:50:33.265445 EDT | AverageDiscountedReturn  26.6293
2017-05-10 14:50:33.265757 EDT | AverageQLoss              0.00680284
2017-05-10 14:50:33.266064 EDT | AveragePolicySurr        -1.26524
2017-05-10 14:50:33.266365 EDT | AverageQ                  1.20489
2017-05-10 14:50:33.266669 EDT | AverageAbsQ               1.20728
2017-05-10 14:50:33.266972 EDT | AverageY                  1.20511
2017-05-10 14:50:33.267270 EDT | AverageAbsY               1.20746
2017-05-10 14:50:33.267574 EDT | AverageAbsQYDiff          0.0446952
2017-05-10 14:50:33.267881 EDT | AverageAction             0.979259
2017-05-10 14:50:33.268179 EDT | PolicyRegParamNorm       19.9134
2017-05-10 14:50:33.268504 EDT | QFunRegParamNorm         28.7748
2017-05-10 14:50:33.268813 EDT | AverageForwardProgress    0.212574
2017-05-10 14:50:33.269133 EDT | MaxForwardProgress        0.377284
2017-05-10 14:50:33.269434 EDT | MinForwardProgress       -0.0120948
2017-05-10 14:50:33.269734 EDT | StdForwardProgress        0.0617782
2017-05-10 14:50:33.270031 EDT | -----------------------  -----------
2017-05-10 14:50:33.270463 EDT | [Averaged_PolyRL/PolyRL_DDPG_Complex_Humanoid/Final_Run_Maziar_LP_0p1] epoch #31 | Training started
2017-05-10 14:50:33.271844 EDT | [Averaged_PolyRL/PolyRL_DDPG_Complex_Humanoid/Final_Run_Maziar_LP_0p1] epoch #31 | Populating workers...
2017-05-10 14:50:33.272250 EDT | [Averaged_PolyRL/PolyRL_DDPG_Complex_Humanoid/Final_Run_Maziar_LP_0p1] epoch #31 | Populated
2017-05-10 14:54:22.285601 EDT | [Averaged_PolyRL/PolyRL_DDPG_Complex_Humanoid/Final_Run_Maziar_LP_0p1] epoch #31 | Training finished
2017-05-10 14:54:22.288978 EDT | [Averaged_PolyRL/PolyRL_DDPG_Complex_Humanoid/Final_Run_Maziar_LP_0p1] epoch #31 | Collecting samples for evaluation
2017-05-10 14:54:52.694019 EDT | -----------------------  -----------
2017-05-10 14:54:52.697862 EDT | Epoch                    31
2017-05-10 14:54:52.698124 EDT | AverageReturn            15.9187
2017-05-10 14:54:52.698336 EDT | StdReturn                 6.05904
2017-05-10 14:54:52.698540 EDT | MaxReturn                34.4089
2017-05-10 14:54:52.698746 EDT | MinReturn                 0.0128142
2017-05-10 14:54:52.698972 EDT | AverageEsReturn          34.1449
2017-05-10 14:54:52.699179 EDT | StdEsReturn              15.7764
2017-05-10 14:54:52.699378 EDT | MaxEsReturn              58.0647
2017-05-10 14:54:52.699610 EDT | MinEsReturn               9.22555
2017-05-10 14:54:52.699811 EDT | AverageDiscountedReturn  12.3313
2017-05-10 14:54:52.700029 EDT | AverageQLoss              0.00774612
2017-05-10 14:54:52.700249 EDT | AveragePolicySurr        -1.34116
2017-05-10 14:54:52.700476 EDT | AverageQ                  1.26705
2017-05-10 14:54:52.700700 EDT | AverageAbsQ               1.26987
2017-05-10 14:54:52.700924 EDT | AverageY                  1.26734
2017-05-10 14:54:52.701143 EDT | AverageAbsY               1.27007
2017-05-10 14:54:52.701363 EDT | AverageAbsQYDiff          0.0482305
2017-05-10 14:54:52.701590 EDT | AverageAction             0.976272
2017-05-10 14:54:52.701827 EDT | PolicyRegParamNorm       19.9987
2017-05-10 14:54:52.702043 EDT | QFunRegParamNorm         29.3595
2017-05-10 14:54:52.702276 EDT | AverageForwardProgress    0.0508919
2017-05-10 14:54:52.702493 EDT | MaxForwardProgress        0.18806
2017-05-10 14:54:52.702729 EDT | MinForwardProgress       -0.0764833
2017-05-10 14:54:52.702957 EDT | StdForwardProgress        0.0464995
2017-05-10 14:54:52.703202 EDT | -----------------------  -----------
2017-05-10 14:54:52.703560 EDT | [Averaged_PolyRL/PolyRL_DDPG_Complex_Humanoid/Final_Run_Maziar_LP_0p1] epoch #32 | Training started
2017-05-10 14:54:52.705059 EDT | [Averaged_PolyRL/PolyRL_DDPG_Complex_Humanoid/Final_Run_Maziar_LP_0p1] epoch #32 | Populating workers...
2017-05-10 14:54:52.705356 EDT | [Averaged_PolyRL/PolyRL_DDPG_Complex_Humanoid/Final_Run_Maziar_LP_0p1] epoch #32 | Populated
2017-05-10 14:58:37.284835 EDT | [Averaged_PolyRL/PolyRL_DDPG_Complex_Humanoid/Final_Run_Maziar_LP_0p1] epoch #32 | Training finished
2017-05-10 14:58:37.289057 EDT | [Averaged_PolyRL/PolyRL_DDPG_Complex_Humanoid/Final_Run_Maziar_LP_0p1] epoch #32 | Collecting samples for evaluation
2017-05-10 14:59:07.592363 EDT | -----------------------  -----------
2017-05-10 14:59:07.592727 EDT | Epoch                    32
2017-05-10 14:59:07.593011 EDT | AverageReturn            14.2923
2017-05-10 14:59:07.593284 EDT | StdReturn                 5.38815
2017-05-10 14:59:07.593562 EDT | MaxReturn                29.3693
2017-05-10 14:59:07.593827 EDT | MinReturn                 2.37517
2017-05-10 14:59:07.594093 EDT | AverageEsReturn          15.411
2017-05-10 14:59:07.594371 EDT | StdEsReturn               6.40374
2017-05-10 14:59:07.594631 EDT | MaxEsReturn              24.9507
2017-05-10 14:59:07.594902 EDT | MinEsReturn               1.02233
2017-05-10 14:59:07.595176 EDT | AverageDiscountedReturn  11.0997
2017-05-10 14:59:07.595456 EDT | AverageQLoss              0.00870775
2017-05-10 14:59:07.595720 EDT | AveragePolicySurr        -1.41581
2017-05-10 14:59:07.595985 EDT | AverageQ                  1.35682
2017-05-10 14:59:07.596255 EDT | AverageAbsQ               1.35963
2017-05-10 14:59:07.596512 EDT | AverageY                  1.35712
2017-05-10 14:59:07.596779 EDT | AverageAbsY               1.35985
2017-05-10 14:59:07.609839 EDT | AverageAbsQYDiff          0.0509258
2017-05-10 14:59:07.610135 EDT | AverageAction             0.966063
2017-05-10 14:59:07.610411 EDT | PolicyRegParamNorm       20.096
2017-05-10 14:59:07.610678 EDT | QFunRegParamNorm         29.9681
2017-05-10 14:59:07.610943 EDT | AverageForwardProgress    0.0392301
2017-05-10 14:59:07.611214 EDT | MaxForwardProgress        0.154754
2017-05-10 14:59:07.611490 EDT | MinForwardProgress       -0.0490622
2017-05-10 14:59:07.611764 EDT | StdForwardProgress        0.0406986
2017-05-10 14:59:07.612032 EDT | -----------------------  -----------
2017-05-10 14:59:07.637421 EDT | [Averaged_PolyRL/PolyRL_DDPG_Complex_Humanoid/Final_Run_Maziar_LP_0p1] epoch #33 | Training started
2017-05-10 14:59:07.638844 EDT | [Averaged_PolyRL/PolyRL_DDPG_Complex_Humanoid/Final_Run_Maziar_LP_0p1] epoch #33 | Populating workers...
2017-05-10 14:59:07.639192 EDT | [Averaged_PolyRL/PolyRL_DDPG_Complex_Humanoid/Final_Run_Maziar_LP_0p1] epoch #33 | Populated
2017-05-10 15:02:24.462408 EDT | [Averaged_PolyRL/PolyRL_DDPG_Complex_Humanoid/Final_Run_Maziar_LP_0p1] epoch #33 | Training finished
2017-05-10 15:02:24.463058 EDT | [Averaged_PolyRL/PolyRL_DDPG_Complex_Humanoid/Final_Run_Maziar_LP_0p1] epoch #33 | Collecting samples for evaluation
2017-05-10 15:02:58.846603 EDT | -----------------------  ------------
2017-05-10 15:02:58.847473 EDT | Epoch                     33
2017-05-10 15:02:58.847896 EDT | AverageReturn             60.1321
2017-05-10 15:02:58.848301 EDT | StdReturn                 22.3783
2017-05-10 15:02:58.848704 EDT | MaxReturn                104.463
2017-05-10 15:02:58.849048 EDT | MinReturn                 15.1123
2017-05-10 15:02:58.850204 EDT | AverageEsReturn           23.4047
2017-05-10 15:02:58.852859 EDT | StdEsReturn               17.9221
2017-05-10 15:02:58.853868 EDT | MaxEsReturn               78.52
2017-05-10 15:02:58.855176 EDT | MinEsReturn                7.18685
2017-05-10 15:02:58.856928 EDT | AverageDiscountedReturn   37.6835
2017-05-10 15:02:58.858160 EDT | AverageQLoss               0.00906586
2017-05-10 15:02:58.859192 EDT | AveragePolicySurr         -1.48192
2017-05-10 15:02:58.861628 EDT | AverageQ                   1.4115
2017-05-10 15:02:58.862054 EDT | AverageAbsQ                1.41472
2017-05-10 15:02:58.863551 EDT | AverageY                   1.41174
2017-05-10 15:02:58.863869 EDT | AverageAbsY                1.41487
2017-05-10 15:02:58.864593 EDT | AverageAbsQYDiff           0.0517009
2017-05-10 15:02:58.865351 EDT | AverageAction              0.977712
2017-05-10 15:02:58.870518 EDT | PolicyRegParamNorm        20.2321
2017-05-10 15:02:58.872028 EDT | QFunRegParamNorm          30.6009
2017-05-10 15:02:58.872407 EDT | AverageForwardProgress     0.364624
2017-05-10 15:02:58.872690 EDT | MaxForwardProgress         0.693865
2017-05-10 15:02:58.872967 EDT | MinForwardProgress         0.0480376
2017-05-10 15:02:58.873261 EDT | StdForwardProgress         0.158121
2017-05-10 15:02:58.874936 EDT | -----------------------  ------------
2017-05-10 15:02:58.875509 EDT | [Averaged_PolyRL/PolyRL_DDPG_Complex_Humanoid/Final_Run_Maziar_LP_0p1] epoch #34 | Training started
2017-05-10 15:02:58.878763 EDT | [Averaged_PolyRL/PolyRL_DDPG_Complex_Humanoid/Final_Run_Maziar_LP_0p1] epoch #34 | Populating workers...
2017-05-10 15:02:58.879477 EDT | [Averaged_PolyRL/PolyRL_DDPG_Complex_Humanoid/Final_Run_Maziar_LP_0p1] epoch #34 | Populated
