I tensorflow/stream_executor/dso_loader.cc:135] successfully opened CUDA library libcublas.so.8.0 locally
I tensorflow/stream_executor/dso_loader.cc:135] successfully opened CUDA library libcudnn.so.5 locally
I tensorflow/stream_executor/dso_loader.cc:135] successfully opened CUDA library libcufft.so.8.0 locally
I tensorflow/stream_executor/dso_loader.cc:135] successfully opened CUDA library libcuda.so.1 locally
I tensorflow/stream_executor/dso_loader.cc:135] successfully opened CUDA library libcurand.so.8.0 locally
Logging to ././Env_Choose/Swimmer//exp_5/
[2017-08-31 21:18:37,617] Making new env: Swimmer-v1
W tensorflow/core/platform/cpu_feature_guard.cc:45] The TensorFlow library wasn't compiled to use SSE3 instructions, but these are available on your machine and could speed up CPU computations.
W tensorflow/core/platform/cpu_feature_guard.cc:45] The TensorFlow library wasn't compiled to use SSE4.1 instructions, but these are available on your machine and could speed up CPU computations.
W tensorflow/core/platform/cpu_feature_guard.cc:45] The TensorFlow library wasn't compiled to use SSE4.2 instructions, but these are available on your machine and could speed up CPU computations.
W tensorflow/core/platform/cpu_feature_guard.cc:45] The TensorFlow library wasn't compiled to use AVX instructions, but these are available on your machine and could speed up CPU computations.
W tensorflow/core/platform/cpu_feature_guard.cc:45] The TensorFlow library wasn't compiled to use AVX2 instructions, but these are available on your machine and could speed up CPU computations.
W tensorflow/core/platform/cpu_feature_guard.cc:45] The TensorFlow library wasn't compiled to use FMA instructions, but these are available on your machine and could speed up CPU computations.
I tensorflow/core/common_runtime/gpu/gpu_device.cc:885] Found device 0 with properties: 
name: GeForce GTX TITAN X
major: 5 minor: 2 memoryClockRate (GHz) 1.076
pciBusID 0000:02:00.0
Total memory: 11.92GiB
Free memory: 240.19MiB
I tensorflow/core/common_runtime/gpu/gpu_device.cc:906] DMA: 0 
I tensorflow/core/common_runtime/gpu/gpu_device.cc:916] 0:   Y 
I tensorflow/core/common_runtime/gpu/gpu_device.cc:975] Creating TensorFlow device (/gpu:0) -> (device: 0, name: GeForce GTX TITAN X, pci bus id: 0000:02:00.0)
Use async eigen decomp
updating 12 eigenvalue/vectors
projecting 3 gradient matrices
Use async eigen decomp
updating 14 eigenvalue/vectors
projecting 4 gradient matrices
********** Iteration 0 ************
kl too low
---------------------------
| EVAfter   | 0.027       |
| EVBefore  | -0.671      |
| EpLenMean | 1e+03       |
| EpRewMean | -5.14       |
| EpRewSEM  | 2.62        |
| KL        | 3.32538e-06 |
---------------------------
********** Iteration 1 ************
kl too low
---------------------------
| EVAfter   | 0.00363     |
| EVBefore  | 0.00536     |
| EpLenMean | 1e+03       |
| EpRewMean | 1.27        |
| EpRewSEM  | 6.33        |
| KL        | 7.53298e-05 |
---------------------------
********** Iteration 2 ************
kl too low
---------------------------
| EVAfter   | 0.0248      |
| EVBefore  | 0.00524     |
| EpLenMean | 1e+03       |
| EpRewMean | 1.5         |
| EpRewSEM  | 1.78        |
| KL        | 0.000830935 |
---------------------------
********** Iteration 3 ************
kl just right!
--------------------------
| EVAfter   | 0.0245     |
| EVBefore  | 0.0112     |
| EpLenMean | 1e+03      |
| EpRewMean | 11.1       |
| EpRewSEM  | 6.48       |
| KL        | 0.00170586 |
--------------------------
********** Iteration 4 ************
kl too low
---------------------------
| EVAfter   | 0.0336      |
| EVBefore  | -0.0157     |
| EpLenMean | 1e+03       |
| EpRewMean | 17.8        |
| EpRewSEM  | 12.9        |
| KL        | 0.000715142 |
---------------------------
********** Iteration 5 ************
kl too low
---------------------------
| EVAfter   | 0.0335      |
| EVBefore  | -0.0141     |
| EpLenMean | 1e+03       |
| EpRewMean | -3.92       |
| EpRewSEM  | 2.58        |
| KL        | 0.000707432 |
---------------------------
********** Iteration 6 ************
kl too high
--------------------------
| EVAfter   | 0.0521     |
| EVBefore  | 0.0246     |
| EpLenMean | 1e+03      |
| EpRewMean | 2.31       |
| EpRewSEM  | 4.5        |
| KL        | 0.00668101 |
--------------------------
********** Iteration 7 ************
kl too high
--------------------------
| EVAfter   | 0.0648     |
| EVBefore  | 0.00573    |
| EpLenMean | 1e+03      |
| EpRewMean | 8.87       |
| EpRewSEM  | 1.87       |
| KL        | 0.00584219 |
--------------------------
********** Iteration 8 ************
kl too high
-------------------------
| EVAfter   | 0.0692    |
| EVBefore  | 0.0277    |
| EpLenMean | 1e+03     |
| EpRewMean | 16        |
| EpRewSEM  | 5.17      |
| KL        | 0.0261291 |
-------------------------
********** Iteration 9 ************
kl too high
-------------------------
| EVAfter   | 0.24      |
| EVBefore  | 0.0564    |
| EpLenMean | 1e+03     |
| EpRewMean | 7.27      |
| EpRewSEM  | 2.99      |
| KL        | 0.0422214 |
-------------------------
********** Iteration 10 ************
kl too high
-------------------------
| EVAfter   | 0.365     |
| EVBefore  | 0.215     |
| EpLenMean | 1e+03     |
| EpRewMean | 19.8      |
| EpRewSEM  | 4.15      |
| KL        | 0.0346387 |
-------------------------
********** Iteration 11 ************
kl too high
-------------------------
| EVAfter   | 0.531     |
| EVBefore  | 0.402     |
| EpLenMean | 1e+03     |
| EpRewMean | 14.6      |
| EpRewSEM  | 4.12      |
| KL        | 0.0159648 |
-------------------------
********** Iteration 12 ************
kl too high
-------------------------
| EVAfter   | 0.388     |
| EVBefore  | 0.285     |
| EpLenMean | 1e+03     |
| EpRewMean | 14.8      |
| EpRewSEM  | 3.66      |
| KL        | 0.0058346 |
-------------------------
********** Iteration 13 ************
kl just right!
--------------------------
| EVAfter   | 0.464      |
| EVBefore  | 0.43       |
| EpLenMean | 1e+03      |
| EpRewMean | 14.4       |
| EpRewSEM  | 4.15       |
| KL        | 0.00253083 |
--------------------------
********** Iteration 14 ************
kl just right!
--------------------------
| EVAfter   | 0.714      |
| EVBefore  | 0.579      |
| EpLenMean | 1e+03      |
| EpRewMean | 13.3       |
| EpRewSEM  | 3.77       |
| KL        | 0.00194428 |
--------------------------
********** Iteration 15 ************
kl just right!
--------------------------
| EVAfter   | 0.815      |
| EVBefore  | 0.723      |
| EpLenMean | 1e+03      |
| EpRewMean | 12.3       |
| EpRewSEM  | 3          |
| KL        | 0.00146981 |
--------------------------
********** Iteration 16 ************
kl just right!
--------------------------
| EVAfter   | 0.836      |
| EVBefore  | 0.799      |
| EpLenMean | 1e+03      |
| EpRewMean | 19         |
| EpRewSEM  | 2.38       |
| KL        | 0.00111094 |
--------------------------
********** Iteration 17 ************
kl just right!
-------------------------
| EVAfter   | 0.882     |
| EVBefore  | 0.85      |
| EpLenMean | 1e+03     |
| EpRewMean | 16.4      |
| EpRewSEM  | 1.29      |
| KL        | 0.0010689 |
-------------------------
********** Iteration 18 ************
kl too low
---------------------------
| EVAfter   | 0.763       |
| EVBefore  | 0.735       |
| EpLenMean | 1e+03       |
| EpRewMean | 13.7        |
| EpRewSEM  | 1.48        |
| KL        | 0.000835651 |
---------------------------
********** Iteration 19 ************
kl just right!
--------------------------
| EVAfter   | 0.876      |
| EVBefore  | 0.862      |
| EpLenMean | 1e+03      |
| EpRewMean | 14.6       |
| EpRewSEM  | 0.977      |
| KL        | 0.00142871 |
--------------------------
********** Iteration 20 ************
kl just right!
--------------------------
| EVAfter   | 0.458      |
| EVBefore  | 0.37       |
| EpLenMean | 1e+03      |
| EpRewMean | 7.11       |
| EpRewSEM  | 1          |
| KL        | 0.00115632 |
--------------------------
********** Iteration 21 ************
kl just right!
--------------------------
| EVAfter   | 0.915      |
| EVBefore  | 0.914      |
| EpLenMean | 1e+03      |
| EpRewMean | 19.9       |
| EpRewSEM  | 0.125      |
| KL        | 0.00115851 |
--------------------------
********** Iteration 22 ************
kl just right!
--------------------------
| EVAfter   | 0.898      |
| EVBefore  | 0.888      |
| EpLenMean | 1e+03      |
| EpRewMean | 16         |
| EpRewSEM  | 1.24       |
| KL        | 0.00101916 |
--------------------------
********** Iteration 23 ************
kl too low
---------------------------
| EVAfter   | 0.884       |
| EVBefore  | 0.877       |
| EpLenMean | 1e+03       |
| EpRewMean | 13          |
| EpRewSEM  | 0.143       |
| KL        | 0.000912171 |
---------------------------
********** Iteration 24 ************
kl just right!
--------------------------
| EVAfter   | 0.877      |
| EVBefore  | 0.869      |
| EpLenMean | 1e+03      |
| EpRewMean | 13.7       |
| EpRewSEM  | 4.09       |
| KL        | 0.00282983 |
--------------------------
********** Iteration 25 ************
kl just right!
--------------------------
| EVAfter   | 0.891      |
| EVBefore  | 0.886      |
| EpLenMean | 1e+03      |
| EpRewMean | 14.1       |
| EpRewSEM  | 2.81       |
| KL        | 0.00189944 |
--------------------------
********** Iteration 26 ************
kl just right!
--------------------------
| EVAfter   | 0.91       |
| EVBefore  | 0.902      |
| EpLenMean | 1e+03      |
| EpRewMean | 13.6       |
| EpRewSEM  | 1.56       |
| KL        | 0.00144311 |
--------------------------
********** Iteration 27 ************
kl just right!
--------------------------
| EVAfter   | 0.902      |
| EVBefore  | 0.895      |
| EpLenMean | 1e+03      |
| EpRewMean | 11.4       |
| EpRewSEM  | 1.39       |
| KL        | 0.00129251 |
--------------------------
********** Iteration 28 ************
kl just right!
--------------------------
| EVAfter   | 0.928      |
| EVBefore  | 0.922      |
| EpLenMean | 1e+03      |
| EpRewMean | 14         |
| EpRewSEM  | 1.37       |
| KL        | 0.00161693 |
--------------------------
********** Iteration 29 ************
kl just right!
--------------------------
| EVAfter   | 0.929      |
| EVBefore  | 0.925      |
| EpLenMean | 1e+03      |
| EpRewMean | 15.6       |
| EpRewSEM  | 1.29       |
| KL        | 0.00194799 |
--------------------------
********** Iteration 30 ************
kl just right!
--------------------------
| EVAfter   | 0.909      |
| EVBefore  | 0.899      |
| EpLenMean | 1e+03      |
| EpRewMean | 12.8       |
| EpRewSEM  | 1.28       |
| KL        | 0.00152689 |
--------------------------
********** Iteration 31 ************
kl just right!
--------------------------
| EVAfter   | 0.909      |
| EVBefore  | 0.903      |
| EpLenMean | 1e+03      |
| EpRewMean | 15.4       |
| EpRewSEM  | 2.78       |
| KL        | 0.00206012 |
--------------------------
********** Iteration 32 ************
kl just right!
--------------------------
| EVAfter   | 0.918      |
| EVBefore  | 0.906      |
| EpLenMean | 1e+03      |
| EpRewMean | 13.2       |
| EpRewSEM  | 0.799      |
| KL        | 0.00165084 |
--------------------------
********** Iteration 33 ************
kl just right!
--------------------------
| EVAfter   | 0.897      |
| EVBefore  | 0.893      |
| EpLenMean | 1e+03      |
| EpRewMean | 8.63       |
| EpRewSEM  | 1.98       |
| KL        | 0.00110689 |
--------------------------
********** Iteration 34 ************
kl too low
---------------------------
| EVAfter   | 0.933       |
| EVBefore  | 0.93        |
| EpLenMean | 1e+03       |
| EpRewMean | 12.1        |
| EpRewSEM  | 1.07        |
| KL        | 0.000685125 |
---------------------------
********** Iteration 35 ************
kl just right!
--------------------------
| EVAfter   | 0.911      |
| EVBefore  | 0.908      |
| EpLenMean | 1e+03      |
| EpRewMean | 12.3       |
| EpRewSEM  | 2.48       |
| KL        | 0.00236841 |
--------------------------
********** Iteration 36 ************
kl just right!
-------------------------
| EVAfter   | 0.914     |
| EVBefore  | 0.905     |
| EpLenMean | 1e+03     |
| EpRewMean | 9.08      |
| EpRewSEM  | 2.39      |
| KL        | 0.0019633 |
-------------------------
********** Iteration 37 ************
kl just right!
--------------------------
| EVAfter   | 0.879      |
| EVBefore  | 0.874      |
| EpLenMean | 1e+03      |
| EpRewMean | 2.22       |
| EpRewSEM  | 2.79       |
| KL        | 0.00183202 |
--------------------------
********** Iteration 38 ************
kl just right!
--------------------------
| EVAfter   | 0.898      |
| EVBefore  | 0.889      |
| EpLenMean | 1e+03      |
| EpRewMean | 9.85       |
| EpRewSEM  | 2.9        |
| KL        | 0.00175165 |
--------------------------
********** Iteration 39 ************
kl just right!
--------------------------
| EVAfter   | 0.874      |
| EVBefore  | 0.848      |
| EpLenMean | 1e+03      |
| EpRewMean | 1.46       |
| EpRewSEM  | 3.63       |
| KL        | 0.00359865 |
--------------------------
********** Iteration 40 ************
kl too high
--------------------------
| EVAfter   | 0.854      |
| EVBefore  | 0.846      |
| EpLenMean | 1e+03      |
| EpRewMean | 0.574      |
| EpRewSEM  | 2.96       |
| KL        | 0.00499489 |
--------------------------
********** Iteration 41 ************
kl just right!
--------------------------
| EVAfter   | 0.848      |
| EVBefore  | 0.821      |
| EpLenMean | 1e+03      |
| EpRewMean | 0.383      |
| EpRewSEM  | 2.01       |
| KL        | 0.00173465 |
--------------------------
********** Iteration 42 ************
kl just right!
--------------------------
| EVAfter   | 0.845      |
| EVBefore  | 0.835      |
| EpLenMean | 1e+03      |
| EpRewMean | 9.02       |
| EpRewSEM  | 3.29       |
| KL        | 0.00126492 |
--------------------------
********** Iteration 43 ************
kl just right!
--------------------------
| EVAfter   | 0.816      |
| EVBefore  | 0.807      |
| EpLenMean | 1e+03      |
| EpRewMean | -4.69      |
| EpRewSEM  | 0.81       |
| KL        | 0.00105332 |
--------------------------
********** Iteration 44 ************
kl just right!
--------------------------
| EVAfter   | 0.88       |
| EVBefore  | 0.869      |
| EpLenMean | 1e+03      |
| EpRewMean | 1.95       |
| EpRewSEM  | 1.15       |
| KL        | 0.00209148 |
--------------------------
********** Iteration 45 ************
kl just right!
--------------------------
| EVAfter   | 0.796      |
| EVBefore  | 0.778      |
| EpLenMean | 1e+03      |
| EpRewMean | -0.384     |
| EpRewSEM  | 4.62       |
| KL        | 0.00210685 |
--------------------------
********** Iteration 46 ************
kl just right!
--------------------------
| EVAfter   | 0.655      |
| EVBefore  | 0.603      |
| EpLenMean | 1e+03      |
| EpRewMean | 1.75       |
| EpRewSEM  | 0.929      |
| KL        | 0.00311983 |
--------------------------
********** Iteration 47 ************
kl just right!
--------------------------
| EVAfter   | 0.904      |
| EVBefore  | 0.897      |
| EpLenMean | 1e+03      |
| EpRewMean | 6.45       |
| EpRewSEM  | 0.179      |
| KL        | 0.00251217 |
--------------------------
********** Iteration 48 ************
kl just right!
--------------------------
| EVAfter   | 0.668      |
| EVBefore  | 0.609      |
| EpLenMean | 1e+03      |
| EpRewMean | -0.641     |
| EpRewSEM  | 0.34       |
| KL        | 0.00200475 |
--------------------------
********** Iteration 49 ************
kl too low
---------------------------
| EVAfter   | 0.542       |
| EVBefore  | 0.449       |
| EpLenMean | 1e+03       |
| EpRewMean | 11.5        |
| EpRewSEM  | 5.46        |
| KL        | 0.000860369 |
---------------------------
********** Iteration 50 ************
kl just right!
--------------------------
| EVAfter   | 0.861      |
| EVBefore  | 0.859      |
| EpLenMean | 1e+03      |
| EpRewMean | 11.1       |
| EpRewSEM  | 0.961      |
| KL        | 0.00271041 |
--------------------------
********** Iteration 51 ************
kl just right!
--------------------------
| EVAfter   | 0.811      |
| EVBefore  | 0.798      |
| EpLenMean | 1e+03      |
| EpRewMean | 9.1        |
| EpRewSEM  | 1.68       |
| KL        | 0.00328511 |
--------------------------
********** Iteration 52 ************
kl just right!
--------------------------
| EVAfter   | 0.632      |
| EVBefore  | 0.56       |
| EpLenMean | 1e+03      |
| EpRewMean | 12.5       |
| EpRewSEM  | 4.69       |
| KL        | 0.00266675 |
--------------------------
********** Iteration 53 ************
kl just right!
--------------------------
| EVAfter   | 0.811      |
| EVBefore  | 0.79       |
| EpLenMean | 1e+03      |
| EpRewMean | 3.38       |
| EpRewSEM  | 2.14       |
| KL        | 0.00141784 |
--------------------------
********** Iteration 54 ************
kl just right!
--------------------------
| EVAfter   | 0.527      |
| EVBefore  | 0.488      |
| EpLenMean | 1e+03      |
| EpRewMean | 23.9       |
| EpRewSEM  | 3.3        |
| KL        | 0.00133603 |
--------------------------
********** Iteration 55 ************
kl just right!
--------------------------
| EVAfter   | 0.491      |
| EVBefore  | 0.405      |
| EpLenMean | 1e+03      |
| EpRewMean | 26.9       |
| EpRewSEM  | 3.56       |
| KL        | 0.00150582 |
--------------------------
********** Iteration 56 ************
kl just right!
--------------------------
| EVAfter   | 0.524      |
| EVBefore  | 0.375      |
| EpLenMean | 1e+03      |
| EpRewMean | 24.8       |
| EpRewSEM  | 0.546      |
| KL        | 0.00214011 |
--------------------------
********** Iteration 57 ************
kl just right!
--------------------------
| EVAfter   | 0.745      |
| EVBefore  | 0.714      |
| EpLenMean | 1e+03      |
| EpRewMean | 34.7       |
| EpRewSEM  | 1.3        |
| KL        | 0.00376087 |
--------------------------
********** Iteration 58 ************
kl just right!
--------------------------
| EVAfter   | 0.789      |
| EVBefore  | 0.632      |
| EpLenMean | 1e+03      |
| EpRewMean | 32.3       |
| EpRewSEM  | 2.26       |
| KL        | 0.00269996 |
--------------------------
********** Iteration 59 ************
kl too high
--------------------------
| EVAfter   | 0.717      |
| EVBefore  | 0.641      |
| EpLenMean | 1e+03      |
| EpRewMean | 37.4       |
| EpRewSEM  | 1.4        |
| KL        | 0.00400173 |
--------------------------
********** Iteration 60 ************
kl just right!
--------------------------
| EVAfter   | 0.687      |
| EVBefore  | 0.655      |
| EpLenMean | 1e+03      |
| EpRewMean | 33.3       |
| EpRewSEM  | 1.2        |
| KL        | 0.00196511 |
--------------------------
********** Iteration 61 ************
kl just right!
--------------------------
| EVAfter   | 0.829      |
| EVBefore  | 0.809      |
| EpLenMean | 1e+03      |
| EpRewMean | 34.9       |
| EpRewSEM  | 1.29       |
| KL        | 0.00223556 |
--------------------------
********** Iteration 62 ************
kl just right!
--------------------------
| EVAfter   | 0.802      |
| EVBefore  | 0.768      |
| EpLenMean | 1e+03      |
| EpRewMean | 36.9       |
| EpRewSEM  | 0.0625     |
| KL        | 0.00254076 |
--------------------------
********** Iteration 63 ************
kl just right!
-------------------------
| EVAfter   | 0.582     |
| EVBefore  | 0.51      |
| EpLenMean | 1e+03     |
| EpRewMean | 28.4      |
| EpRewSEM  | 6.3       |
| KL        | 0.0019199 |
-------------------------
********** Iteration 64 ************
kl just right!
--------------------------
| EVAfter   | 0.654      |
| EVBefore  | 0.547      |
| EpLenMean | 1e+03      |
| EpRewMean | 35.9       |
| EpRewSEM  | 0.56       |
| KL        | 0.00325818 |
--------------------------
********** Iteration 65 ************
kl just right!
--------------------------
| EVAfter   | 0.763      |
| EVBefore  | 0.71       |
| EpLenMean | 1e+03      |
| EpRewMean | 34.9       |
| EpRewSEM  | 1.83       |
| KL        | 0.00279859 |
--------------------------
********** Iteration 66 ************
kl just right!
--------------------------
| EVAfter   | 0.843      |
| EVBefore  | 0.807      |
| EpLenMean | 1e+03      |
| EpRewMean | 29.7       |
| EpRewSEM  | 1.43       |
| KL        | 0.00183882 |
--------------------------
********** Iteration 67 ************
kl just right!
--------------------------
| EVAfter   | 0.88       |
| EVBefore  | 0.844      |
| EpLenMean | 1e+03      |
| EpRewMean | 33.8       |
| EpRewSEM  | 1.44       |
| KL        | 0.00142746 |
--------------------------
********** Iteration 68 ************
kl just right!
--------------------------
| EVAfter   | 0.901      |
| EVBefore  | 0.871      |
| EpLenMean | 1e+03      |
| EpRewMean | 33.3       |
| EpRewSEM  | 2.12       |
| KL        | 0.00101143 |
--------------------------
********** Iteration 69 ************
kl just right!
--------------------------
| EVAfter   | 0.933      |
| EVBefore  | 0.915      |
| EpLenMean | 1e+03      |
| EpRewMean | 32.8       |
| EpRewSEM  | 0.466      |
| KL        | 0.00118491 |
--------------------------
********** Iteration 70 ************
kl too low
---------------------------
| EVAfter   | 0.921       |
| EVBefore  | 0.904       |
| EpLenMean | 1e+03       |
| EpRewMean | 28.3        |
| EpRewSEM  | 0.803       |
| KL        | 0.000741451 |
---------------------------
********** Iteration 71 ************
kl just right!
--------------------------
| EVAfter   | 0.939      |
| EVBefore  | 0.912      |
| EpLenMean | 1e+03      |
| EpRewMean | 26.5       |
| EpRewSEM  | 1.72       |
| KL        | 0.00116601 |
--------------------------
********** Iteration 72 ************
kl just right!
--------------------------
| EVAfter   | 0.95       |
| EVBefore  | 0.937      |
| EpLenMean | 1e+03      |
| EpRewMean | 26         |
| EpRewSEM  | 0.82       |
| KL        | 0.00188774 |
--------------------------
********** Iteration 73 ************
kl just right!
--------------------------
| EVAfter   | 0.953      |
| EVBefore  | 0.941      |
| EpLenMean | 1e+03      |
| EpRewMean | 30.6       |
| EpRewSEM  | 1.83       |
| KL        | 0.00154645 |
--------------------------
********** Iteration 74 ************
kl just right!
--------------------------
| EVAfter   | 0.965      |
| EVBefore  | 0.962      |
| EpLenMean | 1e+03      |
| EpRewMean | 32.2       |
| EpRewSEM  | 1.77       |
| KL        | 0.00156918 |
--------------------------
********** Iteration 75 ************
kl just right!
--------------------------
| EVAfter   | 0.957      |
| EVBefore  | 0.948      |
| EpLenMean | 1e+03      |
| EpRewMean | 27         |
| EpRewSEM  | 2.01       |
| KL        | 0.00180449 |
--------------------------
********** Iteration 76 ************
kl just right!
--------------------------
| EVAfter   | 0.961      |
| EVBefore  | 0.944      |
| EpLenMean | 1e+03      |
| EpRewMean | 32.2       |
| EpRewSEM  | 2.28       |
| KL        | 0.00134808 |
--------------------------
********** Iteration 77 ************
kl just right!
--------------------------
| EVAfter   | 0.969      |
| EVBefore  | 0.961      |
| EpLenMean | 1e+03      |
| EpRewMean | 31.6       |
| EpRewSEM  | 0.339      |
| KL        | 0.00142208 |
--------------------------
********** Iteration 78 ************
kl just right!
--------------------------
| EVAfter   | 0.973      |
| EVBefore  | 0.968      |
| EpLenMean | 1e+03      |
| EpRewMean | 34.8       |
| EpRewSEM  | 1.09       |
| KL        | 0.00202479 |
--------------------------
********** Iteration 79 ************
kl just right!
--------------------------
| EVAfter   | 0.923      |
| EVBefore  | 0.905      |
| EpLenMean | 1e+03      |
| EpRewMean | 26.8       |
| EpRewSEM  | 2.64       |
| KL        | 0.00121434 |
--------------------------
********** Iteration 80 ************
kl just right!
--------------------------
| EVAfter   | 0.955      |
| EVBefore  | 0.945      |
| EpLenMean | 1e+03      |
| EpRewMean | 34.8       |
| EpRewSEM  | 1.51       |
| KL        | 0.00120863 |
--------------------------
********** Iteration 81 ************
kl too low
---------------------------
| EVAfter   | 0.925       |
| EVBefore  | 0.864       |
| EpLenMean | 1e+03       |
| EpRewMean | 27.1        |
| EpRewSEM  | 3.78        |
| KL        | 0.000568631 |
---------------------------
********** Iteration 82 ************
kl just right!
--------------------------
| EVAfter   | 0.849      |
| EVBefore  | 0.822      |
| EpLenMean | 1e+03      |
| EpRewMean | 27.1       |
| EpRewSEM  | 3.76       |
| KL        | 0.00158831 |
--------------------------
********** Iteration 83 ************
kl just right!
--------------------------
| EVAfter   | 0.961      |
| EVBefore  | 0.944      |
| EpLenMean | 1e+03      |
| EpRewMean | 30.3       |
| EpRewSEM  | 1.52       |
| KL        | 0.00282703 |
--------------------------
********** Iteration 84 ************
kl just right!
--------------------------
| EVAfter   | 0.97       |
| EVBefore  | 0.961      |
| EpLenMean | 1e+03      |
| EpRewMean | 33.1       |
| EpRewSEM  | 1.32       |
| KL        | 0.00202415 |
--------------------------
********** Iteration 85 ************
kl too high
--------------------------
| EVAfter   | 0.956      |
| EVBefore  | 0.943      |
| EpLenMean | 1e+03      |
| EpRewMean | 30.9       |
| EpRewSEM  | 1.6        |
| KL        | 0.00421688 |
--------------------------
********** Iteration 86 ************
kl just right!
--------------------------
| EVAfter   | 0.967      |
| EVBefore  | 0.963      |
| EpLenMean | 1e+03      |
| EpRewMean | 32.3       |
| EpRewSEM  | 1.81       |
| KL        | 0.00221382 |
--------------------------
********** Iteration 87 ************
kl just right!
--------------------------
| EVAfter   | 0.957      |
| EVBefore  | 0.956      |
| EpLenMean | 1e+03      |
| EpRewMean | 33.4       |
| EpRewSEM  | 1.34       |
| KL        | 0.00396246 |
--------------------------
********** Iteration 88 ************
kl just right!
--------------------------
| EVAfter   | 0.968      |
| EVBefore  | 0.951      |
| EpLenMean | 1e+03      |
| EpRewMean | 30         |
| EpRewSEM  | 3.23       |
| KL        | 0.00265485 |
--------------------------
********** Iteration 89 ************
kl just right!
--------------------------
| EVAfter   | 0.967      |
| EVBefore  | 0.948      |
| EpLenMean | 1e+03      |
| EpRewMean | 31.1       |
| EpRewSEM  | 1.1        |
| KL        | 0.00348418 |
--------------------------
********** Iteration 90 ************
kl just right!
--------------------------
| EVAfter   | 0.975      |
| EVBefore  | 0.97       |
| EpLenMean | 1e+03      |
| EpRewMean | 30.7       |
| EpRewSEM  | 1.76       |
| KL        | 0.00181766 |
--------------------------
********** Iteration 91 ************
kl too high
--------------------------
| EVAfter   | 0.961      |
| EVBefore  | 0.952      |
| EpLenMean | 1e+03      |
| EpRewMean | 28.8       |
| EpRewSEM  | 2.29       |
| KL        | 0.00469292 |
--------------------------
********** Iteration 92 ************
kl just right!
--------------------------
| EVAfter   | 0.969      |
| EVBefore  | 0.943      |
| EpLenMean | 1e+03      |
| EpRewMean | 27.4       |
| EpRewSEM  | 3.26       |
| KL        | 0.00308934 |
--------------------------
********** Iteration 93 ************
kl just right!
--------------------------
| EVAfter   | 0.929      |
| EVBefore  | 0.923      |
| EpLenMean | 1e+03      |
| EpRewMean | 28.4       |
| EpRewSEM  | 3.39       |
| KL        | 0.00181762 |
--------------------------
********** Iteration 94 ************
kl just right!
-------------------------
| EVAfter   | 0.97      |
| EVBefore  | 0.96      |
| EpLenMean | 1e+03     |
| EpRewMean | 23        |
| EpRewSEM  | 0.974     |
| KL        | 0.0012806 |
-------------------------
********** Iteration 95 ************
kl just right!
--------------------------
| EVAfter   | 0.975      |
| EVBefore  | 0.967      |
| EpLenMean | 1e+03      |
| EpRewMean | 26.3       |
| EpRewSEM  | 2.22       |
| KL        | 0.00116158 |
--------------------------
********** Iteration 96 ************
kl too low
---------------------------
| EVAfter   | 0.956       |
| EVBefore  | 0.942       |
| EpLenMean | 1e+03       |
| EpRewMean | 26.1        |
| EpRewSEM  | 2.59        |
| KL        | 0.000753555 |
---------------------------
********** Iteration 97 ************
kl just right!
--------------------------
| EVAfter   | 0.978      |
| EVBefore  | 0.975      |
| EpLenMean | 1e+03      |
| EpRewMean | 28.6       |
| EpRewSEM  | 1.03       |
| KL        | 0.00171996 |
--------------------------
********** Iteration 98 ************
kl just right!
--------------------------
| EVAfter   | 0.981      |
| EVBefore  | 0.98       |
| EpLenMean | 1e+03      |
| EpRewMean | 29.4       |
| EpRewSEM  | 1.28       |
| KL        | 0.00137467 |
--------------------------
********** Iteration 99 ************
kl just right!
--------------------------
| EVAfter   | 0.988      |
| EVBefore  | 0.986      |
| EpLenMean | 1e+03      |
| EpRewMean | 26.8       |
| EpRewSEM  | 1.16       |
| KL        | 0.00124989 |
--------------------------
********** Iteration 100 ************
kl just right!
--------------------------
| EVAfter   | 0.985      |
| EVBefore  | 0.976      |
| EpLenMean | 1e+03      |
| EpRewMean | 28.1       |
| EpRewSEM  | 0.29       |
| KL        | 0.00167498 |
--------------------------
********** Iteration 101 ************
kl just right!
--------------------------
| EVAfter   | 0.944      |
| EVBefore  | 0.932      |
| EpLenMean | 1e+03      |
| EpRewMean | 27.5       |
| EpRewSEM  | 4.07       |
| KL        | 0.00211958 |
--------------------------
********** Iteration 102 ************
kl too low
---------------------------
| EVAfter   | 0.96        |
| EVBefore  | 0.957       |
| EpLenMean | 1e+03       |
| EpRewMean | 26.7        |
| EpRewSEM  | 2.03        |
| KL        | 0.000510599 |
---------------------------
********** Iteration 103 ************
kl too low
---------------------------
| EVAfter   | 0.975       |
| EVBefore  | 0.95        |
| EpLenMean | 1e+03       |
| EpRewMean | 26          |
| EpRewSEM  | 1.86        |
| KL        | 0.000855883 |
---------------------------
********** Iteration 104 ************
kl just right!
--------------------------
| EVAfter   | 0.981      |
| EVBefore  | 0.968      |
| EpLenMean | 1e+03      |
| EpRewMean | 31.9       |
| EpRewSEM  | 0.515      |
| KL        | 0.00199108 |
--------------------------
********** Iteration 105 ************
kl just right!
--------------------------
| EVAfter   | 0.978      |
| EVBefore  | 0.974      |
| EpLenMean | 1e+03      |
| EpRewMean | 32.3       |
| EpRewSEM  | 0.78       |
| KL        | 0.00350508 |
--------------------------
********** Iteration 106 ************
kl too high
------------------------
| EVAfter   | 0.986    |
| EVBefore  | 0.981    |
| EpLenMean | 1e+03    |
| EpRewMean | 32.1     |
| EpRewSEM  | 0.4      |
| KL        | 0.012478 |
------------------------
********** Iteration 107 ************
kl just right!
--------------------------
| EVAfter   | 0.958      |
| EVBefore  | 0.939      |
| EpLenMean | 1e+03      |
| EpRewMean | 31.9       |
| EpRewSEM  | 3.62       |
| KL        | 0.00136107 |
--------------------------
********** Iteration 108 ************
kl just right!
--------------------------
| EVAfter   | 0.975      |
| EVBefore  | 0.97       |
| EpLenMean | 1e+03      |
| EpRewMean | 31.7       |
| EpRewSEM  | 1.75       |
| KL        | 0.00234031 |
--------------------------
********** Iteration 109 ************
kl just right!
--------------------------
| EVAfter   | 0.975      |
| EVBefore  | 0.97       |
| EpLenMean | 1e+03      |
| EpRewMean | 30.3       |
| EpRewSEM  | 2.22       |
| KL        | 0.00229379 |
--------------------------
********** Iteration 110 ************
kl too high
--------------------------
| EVAfter   | 0.972      |
| EVBefore  | 0.963      |
| EpLenMean | 1e+03      |
| EpRewMean | 35.9       |
| EpRewSEM  | 1.31       |
| KL        | 0.00482533 |
--------------------------
********** Iteration 111 ************
kl just right!
--------------------------
| EVAfter   | 0.974      |
| EVBefore  | 0.968      |
| EpLenMean | 1e+03      |
| EpRewMean | 37.2       |
| EpRewSEM  | 1.15       |
| KL        | 0.00209097 |
--------------------------
********** Iteration 112 ************
kl just right!
--------------------------
| EVAfter   | 0.981      |
| EVBefore  | 0.969      |
| EpLenMean | 1e+03      |
| EpRewMean | 32.6       |
| EpRewSEM  | 1.71       |
| KL        | 0.00227813 |
--------------------------
********** Iteration 113 ************
kl just right!
--------------------------
| EVAfter   | 0.984      |
| EVBefore  | 0.981      |
| EpLenMean | 1e+03      |
| EpRewMean | 34.5       |
| EpRewSEM  | 0.795      |
| KL        | 0.00322127 |
--------------------------
********** Iteration 114 ************
kl just right!
-------------------------
| EVAfter   | 0.98      |
| EVBefore  | 0.977     |
| EpLenMean | 1e+03     |
| EpRewMean | 35.8      |
| EpRewSEM  | 0.939     |
| KL        | 0.0035595 |
-------------------------
********** Iteration 115 ************
kl just right!
--------------------------
| EVAfter   | 0.984      |
| EVBefore  | 0.98       |
| EpLenMean | 1e+03      |
| EpRewMean | 36.8       |
| EpRewSEM  | 0.602      |
| KL        | 0.00304761 |
--------------------------
********** Iteration 116 ************
kl just right!
--------------------------
| EVAfter   | 0.985      |
| EVBefore  | 0.976      |
| EpLenMean | 1e+03      |
| EpRewMean | 35         |
| EpRewSEM  | 1.23       |
| KL        | 0.00310858 |
--------------------------
********** Iteration 117 ************
kl too high
--------------------------
| EVAfter   | 0.979      |
| EVBefore  | 0.974      |
| EpLenMean | 1e+03      |
| EpRewMean | 36.1       |
| EpRewSEM  | 0.881      |
| KL        | 0.00564394 |
--------------------------
********** Iteration 118 ************
kl just right!
--------------------------
| EVAfter   | 0.964      |
| EVBefore  | 0.873      |
| EpLenMean | 1e+03      |
| EpRewMean | 33.9       |
| EpRewSEM  | 1.8        |
| KL        | 0.00394386 |
--------------------------
********** Iteration 119 ************
kl just right!
--------------------------
| EVAfter   | 0.972      |
| EVBefore  | 0.959      |
| EpLenMean | 1e+03      |
| EpRewMean | 37.7       |
| EpRewSEM  | 1.33       |
| KL        | 0.00347319 |
--------------------------
********** Iteration 120 ************
kl just right!
--------------------------
| EVAfter   | 0.985      |
| EVBefore  | 0.984      |
| EpLenMean | 1e+03      |
| EpRewMean | 36.9       |
| EpRewSEM  | 2.17       |
| KL        | 0.00238427 |
--------------------------
********** Iteration 121 ************
kl just right!
-------------------------
| EVAfter   | 0.983     |
| EVBefore  | 0.979     |
| EpLenMean | 1e+03     |
| EpRewMean | 36.4      |
| EpRewSEM  | 1.29      |
| KL        | 0.0027452 |
-------------------------
********** Iteration 122 ************
kl just right!
--------------------------
| EVAfter   | 0.988      |
| EVBefore  | 0.987      |
| EpLenMean | 1e+03      |
| EpRewMean | 34.8       |
| EpRewSEM  | 1.11       |
| KL        | 0.00159659 |
--------------------------
********** Iteration 123 ************
kl just right!
--------------------------
| EVAfter   | 0.97       |
| EVBefore  | 0.963      |
| EpLenMean | 1e+03      |
| EpRewMean | 33.5       |
| EpRewSEM  | 2.62       |
| KL        | 0.00194384 |
--------------------------
********** Iteration 124 ************
kl too low
---------------------------
| EVAfter   | 0.98        |
| EVBefore  | 0.977       |
| EpLenMean | 1e+03       |
| EpRewMean | 32.9        |
| EpRewSEM  | 1.8         |
| KL        | 0.000971542 |
---------------------------
********** Iteration 125 ************
kl just right!
--------------------------
| EVAfter   | 0.985      |
| EVBefore  | 0.982      |
| EpLenMean | 1e+03      |
| EpRewMean | 33.8       |
| EpRewSEM  | 1.99       |
| KL        | 0.00281732 |
--------------------------
********** Iteration 126 ************
kl just right!
--------------------------
| EVAfter   | 0.988      |
| EVBefore  | 0.986      |
| EpLenMean | 1e+03      |
| EpRewMean | 32.3       |
| EpRewSEM  | 0.429      |
| KL        | 0.00180285 |
--------------------------
********** Iteration 127 ************
kl just right!
-------------------------
| EVAfter   | 0.975     |
| EVBefore  | 0.965     |
| EpLenMean | 1e+03     |
| EpRewMean | 35.8      |
| EpRewSEM  | 1.52      |
| KL        | 0.0018449 |
-------------------------
********** Iteration 128 ************
kl just right!
--------------------------
| EVAfter   | 0.989      |
| EVBefore  | 0.986      |
| EpLenMean | 1e+03      |
| EpRewMean | 34         |
| EpRewSEM  | 0.528      |
| KL        | 0.00263394 |
--------------------------
********** Iteration 129 ************
kl too high
--------------------------
| EVAfter   | 0.981      |
| EVBefore  | 0.978      |
| EpLenMean | 1e+03      |
| EpRewMean | 38.2       |
| EpRewSEM  | 2.24       |
| KL        | 0.00529069 |
--------------------------
********** Iteration 130 ************
kl just right!
-------------------------
| EVAfter   | 0.961     |
| EVBefore  | 0.946     |
| EpLenMean | 1e+03     |
| EpRewMean | 34.1      |
| EpRewSEM  | 2.24      |
| KL        | 0.0013454 |
-------------------------
********** Iteration 131 ************
kl just right!
------------------------
| EVAfter   | 0.982    |
| EVBefore  | 0.976    |
| EpLenMean | 1e+03    |
| EpRewMean | 33.4     |
| EpRewSEM  | 1.57     |
| KL        | 0.001754 |
------------------------
********** Iteration 132 ************
kl just right!
-------------------------
| EVAfter   | 0.981     |
| EVBefore  | 0.976     |
| EpLenMean | 1e+03     |
| EpRewMean | 35.1      |
| EpRewSEM  | 2.55      |
| KL        | 0.0019475 |
-------------------------
********** Iteration 133 ************
kl just right!
--------------------------
| EVAfter   | 0.959      |
| EVBefore  | 0.953      |
| EpLenMean | 1e+03      |
| EpRewMean | 33.6       |
| EpRewSEM  | 2.37       |
| KL        | 0.00234653 |
--------------------------
********** Iteration 134 ************
kl just right!
--------------------------
| EVAfter   | 0.976      |
| EVBefore  | 0.971      |
| EpLenMean | 1e+03      |
| EpRewMean | 34.9       |
| EpRewSEM  | 1.88       |
| KL        | 0.00325524 |
--------------------------
********** Iteration 135 ************
kl just right!
--------------------------
| EVAfter   | 0.976      |
| EVBefore  | 0.974      |
| EpLenMean | 1e+03      |
| EpRewMean | 38.5       |
| EpRewSEM  | 0.928      |
| KL        | 0.00227901 |
--------------------------
********** Iteration 136 ************
kl just right!
--------------------------
| EVAfter   | 0.974      |
| EVBefore  | 0.972      |
| EpLenMean | 1e+03      |
| EpRewMean | 35.5       |
| EpRewSEM  | 1.05       |
| KL        | 0.00182076 |
--------------------------
********** Iteration 137 ************
kl just right!
--------------------------
| EVAfter   | 0.976      |
| EVBefore  | 0.964      |
| EpLenMean | 1e+03      |
| EpRewMean | 35.3       |
| EpRewSEM  | 1.73       |
| KL        | 0.00310421 |
--------------------------
********** Iteration 138 ************
kl just right!
--------------------------
| EVAfter   | 0.99       |
| EVBefore  | 0.986      |
| EpLenMean | 1e+03      |
| EpRewMean | 36.8       |
| EpRewSEM  | 1.04       |
| KL        | 0.00200388 |
--------------------------
********** Iteration 139 ************
kl just right!
--------------------------
| EVAfter   | 0.976      |
| EVBefore  | 0.973      |
| EpLenMean | 1e+03      |
| EpRewMean | 37.1       |
| EpRewSEM  | 0.0401     |
| KL        | 0.00275346 |
--------------------------
********** Iteration 140 ************
kl just right!
--------------------------
| EVAfter   | 0.974      |
| EVBefore  | 0.969      |
| EpLenMean | 1e+03      |
| EpRewMean | 37.8       |
| EpRewSEM  | 1.46       |
| KL        | 0.00301271 |
--------------------------
********** Iteration 141 ************
kl just right!
--------------------------
| EVAfter   | 0.976      |
| EVBefore  | 0.973      |
| EpLenMean | 1e+03      |
| EpRewMean | 40.4       |
| EpRewSEM  | 0.166      |
| KL        | 0.00260562 |
--------------------------
********** Iteration 142 ************
kl just right!
-------------------------
| EVAfter   | 0.972     |
| EVBefore  | 0.96      |
| EpLenMean | 1e+03     |
| EpRewMean | 39.3      |
| EpRewSEM  | 1.27      |
| KL        | 0.0017147 |
-------------------------
********** Iteration 143 ************
kl just right!
--------------------------
| EVAfter   | 0.96       |
| EVBefore  | 0.954      |
| EpLenMean | 1e+03      |
| EpRewMean | 38.5       |
| EpRewSEM  | 0.231      |
| KL        | 0.00121114 |
--------------------------
********** Iteration 144 ************
kl just right!
--------------------------
| EVAfter   | 0.968      |
| EVBefore  | 0.964      |
| EpLenMean | 1e+03      |
| EpRewMean | 40.3       |
| EpRewSEM  | 0.206      |
| KL        | 0.00109294 |
--------------------------
********** Iteration 145 ************
kl just right!
--------------------------
| EVAfter   | 0.975      |
| EVBefore  | 0.971      |
| EpLenMean | 1e+03      |
| EpRewMean | 41.4       |
| EpRewSEM  | 0.984      |
| KL        | 0.00112474 |
--------------------------
********** Iteration 146 ************
kl too low
---------------------------
| EVAfter   | 0.98        |
| EVBefore  | 0.979       |
| EpLenMean | 1e+03       |
| EpRewMean | 39.1        |
| EpRewSEM  | 0.497       |
| KL        | 0.000454896 |
---------------------------
********** Iteration 147 ************
kl just right!
--------------------------
| EVAfter   | 0.965      |
| EVBefore  | 0.958      |
| EpLenMean | 1e+03      |
| EpRewMean | 37.8       |
| EpRewSEM  | 1.25       |
| KL        | 0.00136061 |
--------------------------
********** Iteration 148 ************
kl just right!
--------------------------
| EVAfter   | 0.974      |
| EVBefore  | 0.97       |
| EpLenMean | 1e+03      |
| EpRewMean | 39         |
| EpRewSEM  | 1.82       |
| KL        | 0.00120204 |
--------------------------
********** Iteration 149 ************
kl just right!
--------------------------
| EVAfter   | 0.974      |
| EVBefore  | 0.971      |
| EpLenMean | 1e+03      |
| EpRewMean | 39.1       |
| EpRewSEM  | 0.435      |
| KL        | 0.00115696 |
--------------------------
********** Iteration 150 ************
kl just right!
--------------------------
| EVAfter   | 0.975      |
| EVBefore  | 0.969      |
| EpLenMean | 1e+03      |
| EpRewMean | 40.2       |
| EpRewSEM  | 0.094      |
| KL        | 0.00199944 |
--------------------------
********** Iteration 151 ************
kl just right!
--------------------------
| EVAfter   | 0.978      |
| EVBefore  | 0.973      |
| EpLenMean | 1e+03      |
| EpRewMean | 40.5       |
| EpRewSEM  | 0.554      |
| KL        | 0.00180418 |
--------------------------
********** Iteration 152 ************
kl just right!
--------------------------
| EVAfter   | 0.977      |
| EVBefore  | 0.969      |
| EpLenMean | 1e+03      |
| EpRewMean | 37.3       |
| EpRewSEM  | 1.19       |
| KL        | 0.00109812 |
--------------------------
********** Iteration 153 ************
kl just right!
-------------------------
| EVAfter   | 0.976     |
| EVBefore  | 0.966     |
| EpLenMean | 1e+03     |
| EpRewMean | 40        |
| EpRewSEM  | 0.889     |
| KL        | 0.0028737 |
-------------------------
********** Iteration 154 ************
kl just right!
--------------------------
| EVAfter   | 0.982      |
| EVBefore  | 0.976      |
| EpLenMean | 1e+03      |
| EpRewMean | 42.3       |
| EpRewSEM  | 0.859      |
| KL        | 0.00282182 |
--------------------------
********** Iteration 155 ************
kl just right!
--------------------------
| EVAfter   | 0.98       |
| EVBefore  | 0.975      |
| EpLenMean | 1e+03      |
| EpRewMean | 42         |
| EpRewSEM  | 0.378      |
| KL        | 0.00262611 |
--------------------------
********** Iteration 156 ************
kl just right!
--------------------------
| EVAfter   | 0.966      |
| EVBefore  | 0.955      |
| EpLenMean | 1e+03      |
| EpRewMean | 41.2       |
| EpRewSEM  | 1.16       |
| KL        | 0.00199228 |
--------------------------
********** Iteration 157 ************
kl just right!
--------------------------
| EVAfter   | 0.981      |
| EVBefore  | 0.976      |
| EpLenMean | 1e+03      |
| EpRewMean | 42.5       |
| EpRewSEM  | 1.55       |
| KL        | 0.00165816 |
--------------------------
********** Iteration 158 ************
kl just right!
--------------------------
| EVAfter   | 0.974      |
| EVBefore  | 0.97       |
| EpLenMean | 1e+03      |
| EpRewMean | 42.4       |
| EpRewSEM  | 0.603      |
| KL        | 0.00158433 |
--------------------------
********** Iteration 159 ************
kl just right!
--------------------------
| EVAfter   | 0.981      |
| EVBefore  | 0.977      |
| EpLenMean | 1e+03      |
| EpRewMean | 41.3       |
| EpRewSEM  | 0.389      |
| KL        | 0.00137126 |
--------------------------
********** Iteration 160 ************
kl just right!
--------------------------
| EVAfter   | 0.978      |
| EVBefore  | 0.967      |
| EpLenMean | 1e+03      |
| EpRewMean | 39.4       |
| EpRewSEM  | 0.426      |
| KL        | 0.00160752 |
--------------------------
********** Iteration 161 ************
kl just right!
--------------------------
| EVAfter   | 0.982      |
| EVBefore  | 0.979      |
| EpLenMean | 1e+03      |
| EpRewMean | 38.4       |
| EpRewSEM  | 0.591      |
| KL        | 0.00168116 |
--------------------------
********** Iteration 162 ************
kl just right!
--------------------------
| EVAfter   | 0.978      |
| EVBefore  | 0.976      |
| EpLenMean | 1e+03      |
| EpRewMean | 39.5       |
| EpRewSEM  | 1.06       |
| KL        | 0.00147284 |
--------------------------
********** Iteration 163 ************
kl just right!
-------------------------
| EVAfter   | 0.978     |
| EVBefore  | 0.971     |
| EpLenMean | 1e+03     |
| EpRewMean | 41        |
| EpRewSEM  | 1.58      |
| KL        | 0.0010364 |
-------------------------
********** Iteration 164 ************
kl too low
---------------------------
| EVAfter   | 0.98        |
| EVBefore  | 0.974       |
| EpLenMean | 1e+03       |
| EpRewMean | 37.1        |
| EpRewSEM  | 0.38        |
| KL        | 0.000873445 |
---------------------------
********** Iteration 165 ************
kl just right!
--------------------------
| EVAfter   | 0.975      |
| EVBefore  | 0.963      |
| EpLenMean | 1e+03      |
| EpRewMean | 36.1       |
| EpRewSEM  | 0.575      |
| KL        | 0.00186614 |
--------------------------
********** Iteration 166 ************
kl just right!
--------------------------
| EVAfter   | 0.979      |
| EVBefore  | 0.968      |
| EpLenMean | 1e+03      |
| EpRewMean | 40.1       |
| EpRewSEM  | 1.44       |
| KL        | 0.00170101 |
--------------------------
********** Iteration 167 ************
kl too high
--------------------------
| EVAfter   | 0.977      |
| EVBefore  | 0.974      |
| EpLenMean | 1e+03      |
| EpRewMean | 38.6       |
| EpRewSEM  | 0.829      |
| KL        | 0.00448419 |
--------------------------
********** Iteration 168 ************
kl just right!
--------------------------
| EVAfter   | 0.986      |
| EVBefore  | 0.984      |
| EpLenMean | 1e+03      |
| EpRewMean | 37.9       |
| EpRewSEM  | 0.451      |
| KL        | 0.00139906 |
--------------------------
********** Iteration 169 ************
kl just right!
--------------------------
| EVAfter   | 0.988      |
| EVBefore  | 0.987      |
| EpLenMean | 1e+03      |
| EpRewMean | 37.2       |
| EpRewSEM  | 1.35       |
| KL        | 0.00213375 |
--------------------------
********** Iteration 170 ************
kl just right!
--------------------------
| EVAfter   | 0.986      |
| EVBefore  | 0.983      |
| EpLenMean | 1e+03      |
| EpRewMean | 40.8       |
| EpRewSEM  | 0.835      |
| KL        | 0.00382534 |
--------------------------
********** Iteration 171 ************
kl just right!
------------------------
| EVAfter   | 0.987    |
| EVBefore  | 0.985    |
| EpLenMean | 1e+03    |
| EpRewMean | 37.3     |
| EpRewSEM  | 0.179    |
| KL        | 0.00343  |
------------------------
********** Iteration 172 ************
kl too high
-------------------------
| EVAfter   | 0.984     |
| EVBefore  | 0.98      |
| EpLenMean | 1e+03     |
| EpRewMean | 39.1      |
| EpRewSEM  | 0.873     |
| KL        | 0.0054222 |
-------------------------
********** Iteration 173 ************
kl just right!
--------------------------
| EVAfter   | 0.986      |
| EVBefore  | 0.975      |
| EpLenMean | 1e+03      |
| EpRewMean | 40.8       |
| EpRewSEM  | 1.38       |
| KL        | 0.00221845 |
--------------------------
********** Iteration 174 ************
kl just right!
--------------------------
| EVAfter   | 0.987      |
| EVBefore  | 0.984      |
| EpLenMean | 1e+03      |
| EpRewMean | 38.7       |
| EpRewSEM  | 2.37       |
| KL        | 0.00193924 |
--------------------------
********** Iteration 175 ************
kl just right!
--------------------------
| EVAfter   | 0.978      |
| EVBefore  | 0.972      |
| EpLenMean | 1e+03      |
| EpRewMean | 40.6       |
| EpRewSEM  | 0.769      |
| KL        | 0.00201281 |
--------------------------
********** Iteration 176 ************
kl just right!
--------------------------
| EVAfter   | 0.988      |
| EVBefore  | 0.986      |
| EpLenMean | 1e+03      |
| EpRewMean | 41.2       |
| EpRewSEM  | 1.02       |
| KL        | 0.00136028 |
--------------------------
********** Iteration 177 ************
kl just right!
--------------------------
| EVAfter   | 0.985      |
| EVBefore  | 0.981      |
| EpLenMean | 1e+03      |
| EpRewMean | 39.1       |
| EpRewSEM  | 0.608      |
| KL        | 0.00219572 |
--------------------------
********** Iteration 178 ************
kl just right!
--------------------------
| EVAfter   | 0.983      |
| EVBefore  | 0.981      |
| EpLenMean | 1e+03      |
| EpRewMean | 39.9       |
| EpRewSEM  | 0.566      |
| KL        | 0.00218428 |
--------------------------
********** Iteration 179 ************
kl just right!
--------------------------
| EVAfter   | 0.983      |
| EVBefore  | 0.98       |
| EpLenMean | 1e+03      |
| EpRewMean | 37.1       |
| EpRewSEM  | 0.556      |
| KL        | 0.00303224 |
--------------------------
********** Iteration 180 ************
kl just right!
--------------------------
| EVAfter   | 0.98       |
| EVBefore  | 0.961      |
| EpLenMean | 1e+03      |
| EpRewMean | 38.6       |
| EpRewSEM  | 1.7        |
| KL        | 0.00211794 |
--------------------------
********** Iteration 181 ************
kl just right!
--------------------------
| EVAfter   | 0.976      |
| EVBefore  | 0.972      |
| EpLenMean | 1e+03      |
| EpRewMean | 39.1       |
| EpRewSEM  | 0.596      |
| KL        | 0.00140053 |
--------------------------
********** Iteration 182 ************
kl just right!
--------------------------
| EVAfter   | 0.981      |
| EVBefore  | 0.978      |
| EpLenMean | 1e+03      |
| EpRewMean | 37.5       |
| EpRewSEM  | 0.397      |
| KL        | 0.00115731 |
--------------------------
********** Iteration 183 ************
kl just right!
--------------------------
| EVAfter   | 0.984      |
| EVBefore  | 0.978      |
| EpLenMean | 1e+03      |
| EpRewMean | 38.4       |
| EpRewSEM  | 1.97       |
| KL        | 0.00235151 |
--------------------------
********** Iteration 184 ************
kl just right!
--------------------------
| EVAfter   | 0.987      |
| EVBefore  | 0.984      |
| EpLenMean | 1e+03      |
| EpRewMean | 38.8       |
| EpRewSEM  | 0.677      |
| KL        | 0.00172526 |
--------------------------
********** Iteration 185 ************
kl just right!
--------------------------
| EVAfter   | 0.981      |
| EVBefore  | 0.98       |
| EpLenMean | 1e+03      |
| EpRewMean | 40.1       |
| EpRewSEM  | 1.81       |
| KL        | 0.00142542 |
--------------------------
********** Iteration 186 ************
kl too low
---------------------------
| EVAfter   | 0.986       |
| EVBefore  | 0.984       |
| EpLenMean | 1e+03       |
| EpRewMean | 40.1        |
| EpRewSEM  | 1.75        |
| KL        | 0.000957268 |
---------------------------
********** Iteration 187 ************
kl just right!
--------------------------
| EVAfter   | 0.988      |
| EVBefore  | 0.986      |
| EpLenMean | 1e+03      |
| EpRewMean | 38.6       |
| EpRewSEM  | 0.321      |
| KL        | 0.00213991 |
--------------------------
********** Iteration 188 ************
kl just right!
--------------------------
| EVAfter   | 0.991      |
| EVBefore  | 0.99       |
| EpLenMean | 1e+03      |
| EpRewMean | 39.6       |
| EpRewSEM  | 1.58       |
| KL        | 0.00243127 |
--------------------------
********** Iteration 189 ************
kl just right!
-------------------------
| EVAfter   | 0.984     |
| EVBefore  | 0.982     |
| EpLenMean | 1e+03     |
| EpRewMean | 39.2      |
| EpRewSEM  | 0.855     |
| KL        | 0.0021374 |
-------------------------
********** Iteration 190 ************
kl just right!
--------------------------
| EVAfter   | 0.99       |
| EVBefore  | 0.988      |
| EpLenMean | 1e+03      |
| EpRewMean | 41.2       |
| EpRewSEM  | 1.79       |
| KL        | 0.00176065 |
--------------------------
********** Iteration 191 ************
kl just right!
--------------------------
| EVAfter   | 0.987      |
| EVBefore  | 0.983      |
| EpLenMean | 1e+03      |
| EpRewMean | 38.9       |
| EpRewSEM  | 0.67       |
| KL        | 0.00182668 |
--------------------------
********** Iteration 192 ************
kl just right!
--------------------------
| EVAfter   | 0.99       |
| EVBefore  | 0.988      |
| EpLenMean | 1e+03      |
| EpRewMean | 38.8       |
| EpRewSEM  | 0.644      |
| KL        | 0.00226277 |
--------------------------
********** Iteration 193 ************
kl just right!
--------------------------
| EVAfter   | 0.983      |
| EVBefore  | 0.979      |
| EpLenMean | 1e+03      |
| EpRewMean | 39.5       |
| EpRewSEM  | 0.682      |
| KL        | 0.00219987 |
--------------------------
********** Iteration 194 ************
kl too high
--------------------------
| EVAfter   | 0.983      |
| EVBefore  | 0.979      |
| EpLenMean | 1e+03      |
| EpRewMean | 40.4       |
| EpRewSEM  | 0.402      |
| KL        | 0.00445955 |
--------------------------
********** Iteration 195 ************
kl just right!
--------------------------
| EVAfter   | 0.986      |
| EVBefore  | 0.981      |
| EpLenMean | 1e+03      |
| EpRewMean | 37.2       |
| EpRewSEM  | 1.23       |
| KL        | 0.00252289 |
--------------------------
********** Iteration 196 ************
kl just right!
--------------------------
| EVAfter   | 0.987      |
| EVBefore  | 0.985      |
| EpLenMean | 1e+03      |
| EpRewMean | 37.8       |
| EpRewSEM  | 1.37       |
| KL        | 0.00134155 |
--------------------------
********** Iteration 197 ************
kl too low
---------------------------
| EVAfter   | 0.989       |
| EVBefore  | 0.986       |
| EpLenMean | 1e+03       |
| EpRewMean | 37.8        |
| EpRewSEM  | 0.784       |
| KL        | 0.000965411 |
---------------------------
********** Iteration 198 ************
kl just right!
--------------------------
| EVAfter   | 0.992      |
| EVBefore  | 0.991      |
| EpLenMean | 1e+03      |
| EpRewMean | 36.6       |
| EpRewSEM  | 0.322      |
| KL        | 0.00188414 |
--------------------------
********** Iteration 199 ************
kl just right!
--------------------------
| EVAfter   | 0.991      |
| EVBefore  | 0.99       |
| EpLenMean | 1e+03      |
| EpRewMean | 38.1       |
| EpRewSEM  | 0.827      |
| KL        | 0.00150447 |
--------------------------
********** Iteration 200 ************
kl just right!
--------------------------
| EVAfter   | 0.983      |
| EVBefore  | 0.979      |
| EpLenMean | 1e+03      |
| EpRewMean | 39.6       |
| EpRewSEM  | 1.05       |
| KL        | 0.00162892 |
--------------------------
********** Iteration 201 ************
kl just right!
--------------------------
| EVAfter   | 0.991      |
| EVBefore  | 0.99       |
| EpLenMean | 1e+03      |
| EpRewMean | 37.7       |
| EpRewSEM  | 0.499      |
| KL        | 0.00365626 |
--------------------------
********** Iteration 202 ************
kl too high
--------------------------
| EVAfter   | 0.992      |
| EVBefore  | 0.992      |
| EpLenMean | 1e+03      |
| EpRewMean | 37.6       |
| EpRewSEM  | 0.433      |
| KL        | 0.00619386 |
--------------------------
********** Iteration 203 ************
kl just right!
--------------------------
| EVAfter   | 0.992      |
| EVBefore  | 0.99       |
| EpLenMean | 1e+03      |
| EpRewMean | 38.9       |
| EpRewSEM  | 0.535      |
| KL        | 0.00221522 |
--------------------------
********** Iteration 204 ************
kl just right!
--------------------------
| EVAfter   | 0.99       |
| EVBefore  | 0.99       |
| EpLenMean | 1e+03      |
| EpRewMean | 39.6       |
| EpRewSEM  | 0.468      |
| KL        | 0.00212124 |
--------------------------
********** Iteration 205 ************
kl just right!
--------------------------
| EVAfter   | 0.992      |
| EVBefore  | 0.99       |
| EpLenMean | 1e+03      |
| EpRewMean | 40.1       |
| EpRewSEM  | 0.687      |
| KL        | 0.00135451 |
--------------------------
********** Iteration 206 ************
kl just right!
--------------------------
| EVAfter   | 0.993      |
| EVBefore  | 0.991      |
| EpLenMean | 1e+03      |
| EpRewMean | 38.9       |
| EpRewSEM  | 0.87       |
| KL        | 0.00169864 |
--------------------------
********** Iteration 207 ************
kl just right!
--------------------------
| EVAfter   | 0.994      |
| EVBefore  | 0.993      |
| EpLenMean | 1e+03      |
| EpRewMean | 39         |
| EpRewSEM  | 0.461      |
| KL        | 0.00214057 |
--------------------------
********** Iteration 208 ************
kl just right!
--------------------------
| EVAfter   | 0.988      |
| EVBefore  | 0.987      |
| EpLenMean | 1e+03      |
| EpRewMean | 40.5       |
| EpRewSEM  | 0.756      |
| KL        | 0.00172261 |
--------------------------
********** Iteration 209 ************
kl just right!
--------------------------
| EVAfter   | 0.987      |
| EVBefore  | 0.986      |
| EpLenMean | 1e+03      |
| EpRewMean | 39.4       |
| EpRewSEM  | 0.385      |
| KL        | 0.00161328 |
--------------------------
********** Iteration 210 ************
kl just right!
--------------------------
| EVAfter   | 0.987      |
| EVBefore  | 0.983      |
| EpLenMean | 1e+03      |
| EpRewMean | 41.3       |
| EpRewSEM  | 1.41       |
| KL        | 0.00171759 |
--------------------------
********** Iteration 211 ************
kl just right!
--------------------------
| EVAfter   | 0.994      |
| EVBefore  | 0.994      |
| EpLenMean | 1e+03      |
| EpRewMean | 39.6       |
| EpRewSEM  | 0.285      |
| KL        | 0.00185993 |
--------------------------
********** Iteration 212 ************
kl just right!
--------------------------
| EVAfter   | 0.994      |
| EVBefore  | 0.993      |
| EpLenMean | 1e+03      |
| EpRewMean | 39.3       |
| EpRewSEM  | 0.7        |
| KL        | 0.00207478 |
--------------------------
********** Iteration 213 ************
kl just right!
--------------------------
| EVAfter   | 0.995      |
| EVBefore  | 0.994      |
| EpLenMean | 1e+03      |
| EpRewMean | 38.4       |
| EpRewSEM  | 0.614      |
| KL        | 0.00130461 |
--------------------------
********** Iteration 214 ************
kl just right!
--------------------------
| EVAfter   | 0.994      |
| EVBefore  | 0.994      |
| EpLenMean | 1e+03      |
| EpRewMean | 40.1       |
| EpRewSEM  | 0.868      |
| KL        | 0.00217665 |
--------------------------
********** Iteration 215 ************
kl just right!
--------------------------
| EVAfter   | 0.996      |
| EVBefore  | 0.996      |
| EpLenMean | 1e+03      |
| EpRewMean | 38.1       |
| EpRewSEM  | 0.448      |
| KL        | 0.00261655 |
--------------------------
********** Iteration 216 ************
kl just right!
--------------------------
| EVAfter   | 0.996      |
| EVBefore  | 0.995      |
| EpLenMean | 1e+03      |
| EpRewMean | 40         |
| EpRewSEM  | 0.547      |
| KL        | 0.00193562 |
--------------------------
********** Iteration 217 ************
kl just right!
--------------------------
| EVAfter   | 0.995      |
| EVBefore  | 0.994      |
| EpLenMean | 1e+03      |
| EpRewMean | 39.8       |
| EpRewSEM  | 0.607      |
| KL        | 0.00199601 |
--------------------------
********** Iteration 218 ************
kl just right!
--------------------------
| EVAfter   | 0.997      |
| EVBefore  | 0.996      |
| EpLenMean | 1e+03      |
| EpRewMean | 39.5       |
| EpRewSEM  | 0.609      |
| KL        | 0.00302392 |
--------------------------
********** Iteration 219 ************
kl just right!
--------------------------
| EVAfter   | 0.995      |
| EVBefore  | 0.994      |
| EpLenMean | 1e+03      |
| EpRewMean | 40.4       |
| EpRewSEM  | 0.157      |
| KL        | 0.00230734 |
--------------------------
********** Iteration 220 ************
kl just right!
--------------------------
| EVAfter   | 0.997      |
| EVBefore  | 0.997      |
| EpLenMean | 1e+03      |
| EpRewMean | 40.3       |
| EpRewSEM  | 0.176      |
| KL        | 0.00231972 |
--------------------------
********** Iteration 221 ************
kl just right!
--------------------------
| EVAfter   | 0.994      |
| EVBefore  | 0.993      |
| EpLenMean | 1e+03      |
| EpRewMean | 40.1       |
| EpRewSEM  | 0.276      |
| KL        | 0.00264675 |
--------------------------
********** Iteration 222 ************
kl just right!
--------------------------
| EVAfter   | 0.98       |
| EVBefore  | 0.987      |
| EpLenMean | 1e+03      |
| EpRewMean | 40.5       |
| EpRewSEM  | 0.574      |
| KL        | 0.00317648 |
--------------------------
********** Iteration 223 ************
kl just right!
--------------------------
| EVAfter   | 0.984      |
| EVBefore  | 0.978      |
| EpLenMean | 1e+03      |
| EpRewMean | 40.2       |
| EpRewSEM  | 1.33       |
| KL        | 0.00246648 |
--------------------------
********** Iteration 224 ************
kl just right!
--------------------------
| EVAfter   | 0.994      |
| EVBefore  | 0.993      |
| EpLenMean | 1e+03      |
| EpRewMean | 39.9       |
| EpRewSEM  | 0.351      |
| KL        | 0.00163348 |
--------------------------
********** Iteration 225 ************
kl just right!
-------------------------
| EVAfter   | 0.997     |
| EVBefore  | 0.996     |
| EpLenMean | 1e+03     |
| EpRewMean | 39        |
| EpRewSEM  | 0.368     |
| KL        | 0.0020128 |
-------------------------
********** Iteration 226 ************
kl just right!
--------------------------
| EVAfter   | 0.996      |
| EVBefore  | 0.995      |
| EpLenMean | 1e+03      |
| EpRewMean | 38.9       |
| EpRewSEM  | 0.31       |
| KL        | 0.00371477 |
--------------------------
********** Iteration 227 ************
kl just right!
--------------------------
| EVAfter   | 0.993      |
| EVBefore  | 0.992      |
| EpLenMean | 1e+03      |
| EpRewMean | 39.8       |
| EpRewSEM  | 0.457      |
| KL        | 0.00244901 |
--------------------------
********** Iteration 228 ************
kl just right!
--------------------------
| EVAfter   | 0.992      |
| EVBefore  | 0.991      |
| EpLenMean | 1e+03      |
| EpRewMean | 38.8       |
| EpRewSEM  | 0.306      |
| KL        | 0.00157583 |
--------------------------
********** Iteration 229 ************
kl just right!
--------------------------
| EVAfter   | 0.997      |
| EVBefore  | 0.997      |
| EpLenMean | 1e+03      |
| EpRewMean | 38.9       |
| EpRewSEM  | 0.541      |
| KL        | 0.00191522 |
--------------------------
********** Iteration 230 ************
kl just right!
--------------------------
| EVAfter   | 0.998      |
| EVBefore  | 0.997      |
| EpLenMean | 1e+03      |
| EpRewMean | 38.6       |
| EpRewSEM  | 0.444      |
| KL        | 0.00250659 |
--------------------------
********** Iteration 231 ************
kl just right!
-------------------------
| EVAfter   | 0.996     |
| EVBefore  | 0.996     |
| EpLenMean | 1e+03     |
| EpRewMean | 38.7      |
| EpRewSEM  | 0.401     |
| KL        | 0.0020168 |
-------------------------
********** Iteration 232 ************
kl just right!
--------------------------
| EVAfter   | 0.998      |
| EVBefore  | 0.997      |
| EpLenMean | 1e+03      |
| EpRewMean | 37.7       |
| EpRewSEM  | 0.471      |
| KL        | 0.00275771 |
--------------------------
********** Iteration 233 ************
kl just right!
--------------------------
| EVAfter   | 0.997      |
| EVBefore  | 0.997      |
| EpLenMean | 1e+03      |
| EpRewMean | 38.5       |
| EpRewSEM  | 0.342      |
| KL        | 0.00374257 |
--------------------------
********** Iteration 234 ************
kl too high
--------------------------
| EVAfter   | 0.997      |
| EVBefore  | 0.996      |
| EpLenMean | 1e+03      |
| EpRewMean | 40         |
| EpRewSEM  | 0.0638     |
| KL        | 0.00762059 |
--------------------------
********** Iteration 235 ************
kl too low
---------------------------
| EVAfter   | 0.996       |
| EVBefore  | 0.995       |
| EpLenMean | 1e+03       |
| EpRewMean | 39.1        |
| EpRewSEM  | 0.302       |
| KL        | 0.000983488 |
---------------------------
********** Iteration 236 ************
kl just right!
--------------------------
| EVAfter   | 0.966      |
| EVBefore  | 0.988      |
| EpLenMean | 1e+03      |
| EpRewMean | 40.8       |
| EpRewSEM  | 1.04       |
| KL        | 0.00185243 |
--------------------------
********** Iteration 237 ************
kl just right!
--------------------------
| EVAfter   | 0.998      |
| EVBefore  | 0.998      |
| EpLenMean | 1e+03      |
| EpRewMean | 39         |
| EpRewSEM  | 0.556      |
| KL        | 0.00144114 |
--------------------------
********** Iteration 238 ************
kl just right!
--------------------------
| EVAfter   | 0.994      |
| EVBefore  | 0.994      |
| EpLenMean | 1e+03      |
| EpRewMean | 38.4       |
| EpRewSEM  | 0.83       |
| KL        | 0.00167511 |
--------------------------
********** Iteration 239 ************
kl too high
--------------------------
| EVAfter   | 0.997      |
| EVBefore  | 0.997      |
| EpLenMean | 1e+03      |
| EpRewMean | 39.9       |
| EpRewSEM  | 0.181      |
| KL        | 0.00761543 |
--------------------------
********** Iteration 240 ************
kl too high
--------------------------
| EVAfter   | 0.995      |
| EVBefore  | 0.994      |
| EpLenMean | 1e+03      |
| EpRewMean | 38.4       |
| EpRewSEM  | 0.0354     |
| KL        | 0.00449746 |
--------------------------
********** Iteration 241 ************
kl just right!
--------------------------
| EVAfter   | 0.997      |
| EVBefore  | 0.997      |
| EpLenMean | 1e+03      |
| EpRewMean | 40.3       |
| EpRewSEM  | 0.238      |
| KL        | 0.00171986 |
--------------------------
********** Iteration 242 ************
kl just right!
--------------------------
| EVAfter   | 0.996      |
| EVBefore  | 0.996      |
| EpLenMean | 1e+03      |
| EpRewMean | 39.8       |
| EpRewSEM  | 0.501      |
| KL        | 0.00154764 |
--------------------------
********** Iteration 243 ************
kl too high
--------------------------
| EVAfter   | 0.998      |
| EVBefore  | 0.998      |
| EpLenMean | 1e+03      |
| EpRewMean | 39.3       |
| EpRewSEM  | 0.279      |
| KL        | 0.00628514 |
--------------------------
********** Iteration 244 ************
kl too low
---------------------------
| EVAfter   | 0.996       |
| EVBefore  | 0.995       |
| EpLenMean | 1e+03       |
| EpRewMean | 38.6        |
| EpRewSEM  | 0.933       |
| KL        | 0.000706773 |
---------------------------
********** Iteration 245 ************
kl too low
---------------------------
| EVAfter   | 0.998       |
| EVBefore  | 0.998       |
| EpLenMean | 1e+03       |
| EpRewMean | 39.8        |
| EpRewSEM  | 0.798       |
| KL        | 0.000968301 |
---------------------------
********** Iteration 246 ************
kl just right!
--------------------------
| EVAfter   | 0.993      |
| EVBefore  | 0.992      |
| EpLenMean | 1e+03      |
| EpRewMean | 41.3       |
| EpRewSEM  | 0.855      |
| KL        | 0.00243688 |
--------------------------
********** Iteration 247 ************
kl too high
--------------------------
| EVAfter   | 0.998      |
| EVBefore  | 0.998      |
| EpLenMean | 1e+03      |
| EpRewMean | 40         |
| EpRewSEM  | 0.607      |
| KL        | 0.00619387 |
--------------------------
********** Iteration 248 ************
kl just right!
------------------------
| EVAfter   | 0.996    |
| EVBefore  | 0.996    |
| EpLenMean | 1e+03    |
| EpRewMean | 39.9     |
| EpRewSEM  | 1.06     |
| KL        | 0.003004 |
------------------------
********** Iteration 249 ************
kl just right!
--------------------------
| EVAfter   | 0.996      |
| EVBefore  | 0.994      |
| EpLenMean | 1e+03      |
| EpRewMean | 41.8       |
| EpRewSEM  | 0.187      |
| KL        | 0.00177144 |
--------------------------
********** Iteration 250 ************
kl just right!
--------------------------
| EVAfter   | 0.996      |
| EVBefore  | 0.995      |
| EpLenMean | 1e+03      |
| EpRewMean | 42.5       |
| EpRewSEM  | 0.326      |
| KL        | 0.00130605 |
--------------------------
********** Iteration 251 ************
kl just right!
--------------------------
| EVAfter   | 0.996      |
| EVBefore  | 0.995      |
| EpLenMean | 1e+03      |
| EpRewMean | 41.1       |
| EpRewSEM  | 0.849      |
| KL        | 0.00116657 |
--------------------------
********** Iteration 252 ************
kl too low
---------------------------
| EVAfter   | 0.997       |
| EVBefore  | 0.996       |
| EpLenMean | 1e+03       |
| EpRewMean | 41.2        |
| EpRewSEM  | 0.818       |
| KL        | 0.000994874 |
---------------------------
********** Iteration 253 ************
kl just right!
--------------------------
| EVAfter   | 0.931      |
| EVBefore  | 0.942      |
| EpLenMean | 1e+03      |
| EpRewMean | 41.5       |
| EpRewSEM  | 0.487      |
| KL        | 0.00175804 |
--------------------------
********** Iteration 254 ************
kl just right!
-------------------------
| EVAfter   | 0.978     |
| EVBefore  | 0.984     |
| EpLenMean | 1e+03     |
| EpRewMean | 41.4      |
| EpRewSEM  | 0.53      |
| KL        | 0.0031902 |
-------------------------
********** Iteration 255 ************
kl just right!
--------------------------
| EVAfter   | 0.993      |
| EVBefore  | 0.98       |
| EpLenMean | 1e+03      |
| EpRewMean | 41.2       |
| EpRewSEM  | 0.117      |
| KL        | 0.00203565 |
--------------------------
********** Iteration 256 ************
kl just right!
--------------------------
| EVAfter   | 0.977      |
| EVBefore  | 0.959      |
| EpLenMean | 1e+03      |
| EpRewMean | 41.8       |
| EpRewSEM  | 0.193      |
| KL        | 0.00374828 |
--------------------------
********** Iteration 257 ************
kl just right!
--------------------------
| EVAfter   | 0.989      |
| EVBefore  | 0.984      |
| EpLenMean | 1e+03      |
| EpRewMean | 42.1       |
| EpRewSEM  | 0.22       |
| KL        | 0.00262133 |
--------------------------
********** Iteration 258 ************
kl just right!
--------------------------
| EVAfter   | 0.99       |
| EVBefore  | 0.987      |
| EpLenMean | 1e+03      |
| EpRewMean | 43.2       |
| EpRewSEM  | 0.583      |
| KL        | 0.00181955 |
--------------------------
********** Iteration 259 ************
kl just right!
--------------------------
| EVAfter   | 0.995      |
| EVBefore  | 0.995      |
| EpLenMean | 1e+03      |
| EpRewMean | 40.2       |
| EpRewSEM  | 1.02       |
| KL        | 0.00172777 |
--------------------------
********** Iteration 260 ************
kl just right!
--------------------------
| EVAfter   | 0.979      |
| EVBefore  | 0.973      |
| EpLenMean | 1e+03      |
| EpRewMean | 42.8       |
| EpRewSEM  | 0.0725     |
| KL        | 0.00327778 |
--------------------------
********** Iteration 261 ************
kl just right!
--------------------------
| EVAfter   | 0.988      |
| EVBefore  | 0.986      |
| EpLenMean | 1e+03      |
| EpRewMean | 41.8       |
| EpRewSEM  | 0.756      |
| KL        | 0.00263102 |
--------------------------
********** Iteration 262 ************
kl too high
--------------------------
| EVAfter   | 0.979      |
| EVBefore  | 0.974      |
| EpLenMean | 1e+03      |
| EpRewMean | 41.7       |
| EpRewSEM  | 0.599      |
| KL        | 0.00411363 |
--------------------------
********** Iteration 263 ************
kl just right!
--------------------------
| EVAfter   | 0.984      |
| EVBefore  | 0.98       |
| EpLenMean | 1e+03      |
| EpRewMean | 42.5       |
| EpRewSEM  | 0.725      |
| KL        | 0.00268854 |
--------------------------
********** Iteration 264 ************
kl just right!
-------------------------
| EVAfter   | 0.987     |
| EVBefore  | 0.986     |
| EpLenMean | 1e+03     |
| EpRewMean | 39.7      |
| EpRewSEM  | 0.268     |
| KL        | 0.0025921 |
-------------------------
********** Iteration 265 ************
kl too low
---------------------------
| EVAfter   | 0.994       |
| EVBefore  | 0.988       |
| EpLenMean | 1e+03       |
| EpRewMean | 41.6        |
| EpRewSEM  | 1.16        |
| KL        | 0.000693711 |
---------------------------
********** Iteration 266 ************
kl just right!
--------------------------
| EVAfter   | 0.996      |
| EVBefore  | 0.995      |
| EpLenMean | 1e+03      |
| EpRewMean | 41.5       |
| EpRewSEM  | 0.344      |
| KL        | 0.00130037 |
--------------------------
********** Iteration 267 ************
kl just right!
--------------------------
| EVAfter   | 0.992      |
| EVBefore  | 0.99       |
| EpLenMean | 1e+03      |
| EpRewMean | 42.3       |
| EpRewSEM  | 0.549      |
| KL        | 0.00280065 |
--------------------------
********** Iteration 268 ************
kl just right!
--------------------------
| EVAfter   | 0.996      |
| EVBefore  | 0.994      |
| EpLenMean | 1e+03      |
| EpRewMean | 42         |
| EpRewSEM  | 0.212      |
| KL        | 0.00332142 |
--------------------------
********** Iteration 269 ************
kl too high
--------------------------
| EVAfter   | 0.995      |
| EVBefore  | 0.993      |
| EpLenMean | 1e+03      |
| EpRewMean | 41.1       |
| EpRewSEM  | 0.923      |
| KL        | 0.00412729 |
--------------------------
********** Iteration 270 ************
kl just right!
--------------------------
| EVAfter   | 0.996      |
| EVBefore  | 0.995      |
| EpLenMean | 1e+03      |
| EpRewMean | 41.1       |
| EpRewSEM  | 0.751      |
| KL        | 0.00179814 |
--------------------------
********** Iteration 271 ************
kl just right!
--------------------------
| EVAfter   | 0.995      |
| EVBefore  | 0.994      |
| EpLenMean | 1e+03      |
| EpRewMean | 41.3       |
| EpRewSEM  | 0.806      |
| KL        | 0.00187156 |
--------------------------
********** Iteration 272 ************
kl just right!
--------------------------
| EVAfter   | 0.996      |
| EVBefore  | 0.995      |
| EpLenMean | 1e+03      |
| EpRewMean | 39.6       |
| EpRewSEM  | 0.881      |
| KL        | 0.00155686 |
--------------------------
********** Iteration 273 ************
kl too low
---------------------------
| EVAfter   | 0.996       |
| EVBefore  | 0.994       |
| EpLenMean | 1e+03       |
| EpRewMean | 42.3        |
| EpRewSEM  | 0.117       |
| KL        | 0.000901141 |
---------------------------
********** Iteration 274 ************
kl just right!
--------------------------
| EVAfter   | 0.996      |
| EVBefore  | 0.995      |
| EpLenMean | 1e+03      |
| EpRewMean | 40         |
| EpRewSEM  | 0.707      |
| KL        | 0.00387194 |
--------------------------
********** Iteration 275 ************
kl too high
--------------------------
| EVAfter   | 0.994      |
| EVBefore  | 0.993      |
| EpLenMean | 1e+03      |
| EpRewMean | 41.5       |
| EpRewSEM  | 0.436      |
| KL        | 0.00486186 |
--------------------------
********** Iteration 276 ************
kl just right!
--------------------------
| EVAfter   | 0.995      |
| EVBefore  | 0.994      |
| EpLenMean | 1e+03      |
| EpRewMean | 40.4       |
| EpRewSEM  | 0.528      |
| KL        | 0.00208937 |
--------------------------
********** Iteration 277 ************
kl just right!
--------------------------
| EVAfter   | 0.995      |
| EVBefore  | 0.994      |
| EpLenMean | 1e+03      |
| EpRewMean | 41.5       |
| EpRewSEM  | 0.753      |
| KL        | 0.00130262 |
--------------------------
********** Iteration 278 ************
kl just right!
--------------------------
| EVAfter   | 0.996      |
| EVBefore  | 0.995      |
| EpLenMean | 1e+03      |
| EpRewMean | 40.9       |
| EpRewSEM  | 0.824      |
| KL        | 0.00247618 |
--------------------------
********** Iteration 279 ************
kl just right!
--------------------------
| EVAfter   | 0.996      |
| EVBefore  | 0.995      |
| EpLenMean | 1e+03      |
| EpRewMean | 42.2       |
| EpRewSEM  | 0.234      |
| KL        | 0.00191615 |
--------------------------
********** Iteration 280 ************
kl just right!
--------------------------
| EVAfter   | 0.995      |
| EVBefore  | 0.994      |
| EpLenMean | 1e+03      |
| EpRewMean | 41.6       |
| EpRewSEM  | 0.604      |
| KL        | 0.00287558 |
--------------------------
********** Iteration 281 ************
kl just right!
--------------------------
| EVAfter   | 0.997      |
| EVBefore  | 0.996      |
| EpLenMean | 1e+03      |
| EpRewMean | 41.6       |
| EpRewSEM  | 0.562      |
| KL        | 0.00192596 |
--------------------------
********** Iteration 282 ************
kl just right!
--------------------------
| EVAfter   | 0.988      |
| EVBefore  | 0.977      |
| EpLenMean | 1e+03      |
| EpRewMean | 42.3       |
| EpRewSEM  | 0.377      |
| KL        | 0.00128887 |
--------------------------
********** Iteration 283 ************
kl too low
---------------------------
| EVAfter   | 0.994       |
| EVBefore  | 0.988       |
| EpLenMean | 1e+03       |
| EpRewMean | 41.9        |
| EpRewSEM  | 0.582       |
| KL        | 0.000697538 |
---------------------------
********** Iteration 284 ************
kl just right!
-------------------------
| EVAfter   | 0.987     |
| EVBefore  | 0.983     |
| EpLenMean | 1e+03     |
| EpRewMean | 41.5      |
| EpRewSEM  | 0.73      |
| KL        | 0.0034499 |
-------------------------
********** Iteration 285 ************
kl too high
--------------------------
| EVAfter   | 0.996      |
| EVBefore  | 0.995      |
| EpLenMean | 1e+03      |
| EpRewMean | 41.6       |
| EpRewSEM  | 0.266      |
| KL        | 0.00503494 |
--------------------------
********** Iteration 286 ************
kl just right!
--------------------------
| EVAfter   | 0.997      |
| EVBefore  | 0.996      |
| EpLenMean | 1e+03      |
| EpRewMean | 41.7       |
| EpRewSEM  | 0.891      |
| KL        | 0.00223883 |
--------------------------
********** Iteration 287 ************
kl just right!
--------------------------
| EVAfter   | 0.996      |
| EVBefore  | 0.994      |
| EpLenMean | 1e+03      |
| EpRewMean | 39.4       |
| EpRewSEM  | 0.483      |
| KL        | 0.00201325 |
--------------------------
********** Iteration 288 ************
kl just right!
--------------------------
| EVAfter   | 0.994      |
| EVBefore  | 0.992      |
| EpLenMean | 1e+03      |
| EpRewMean | 42         |
| EpRewSEM  | 0.266      |
| KL        | 0.00139827 |
--------------------------
********** Iteration 289 ************
kl just right!
--------------------------
| EVAfter   | 0.992      |
| EVBefore  | 0.99       |
| EpLenMean | 1e+03      |
| EpRewMean | 40.9       |
| EpRewSEM  | 1          |
| KL        | 0.00142367 |
--------------------------
********** Iteration 290 ************
kl just right!
--------------------------
| EVAfter   | 0.997      |
| EVBefore  | 0.996      |
| EpLenMean | 1e+03      |
| EpRewMean | 41.4       |
| EpRewSEM  | 1.05       |
| KL        | 0.00111863 |
--------------------------
********** Iteration 291 ************
kl just right!
--------------------------
| EVAfter   | 0.997      |
| EVBefore  | 0.993      |
| EpLenMean | 1e+03      |
| EpRewMean | 39.7       |
| EpRewSEM  | 0.29       |
| KL        | 0.00141175 |
--------------------------
********** Iteration 292 ************
kl just right!
--------------------------
| EVAfter   | 0.994      |
| EVBefore  | 0.994      |
| EpLenMean | 1e+03      |
| EpRewMean | 39.8       |
| EpRewSEM  | 0.237      |
| KL        | 0.00179521 |
--------------------------
********** Iteration 293 ************
kl just right!
--------------------------
| EVAfter   | 0.991      |
| EVBefore  | 0.99       |
| EpLenMean | 1e+03      |
| EpRewMean | 38.5       |
| EpRewSEM  | 1.01       |
| KL        | 0.00137058 |
--------------------------
********** Iteration 294 ************
kl just right!
--------------------------
| EVAfter   | 0.997      |
| EVBefore  | 0.997      |
| EpLenMean | 1e+03      |
| EpRewMean | 40.7       |
| EpRewSEM  | 0.659      |
| KL        | 0.00150521 |
--------------------------
********** Iteration 295 ************
kl just right!
--------------------------
| EVAfter   | 0.996      |
| EVBefore  | 0.996      |
| EpLenMean | 1e+03      |
| EpRewMean | 40.5       |
| EpRewSEM  | 0.695      |
| KL        | 0.00153128 |
--------------------------
********** Iteration 296 ************
kl too low
---------------------------
| EVAfter   | 0.997       |
| EVBefore  | 0.996       |
| EpLenMean | 1e+03       |
| EpRewMean | 40.3        |
| EpRewSEM  | 0.951       |
| KL        | 0.000683276 |
---------------------------
********** Iteration 297 ************
kl just right!
--------------------------
| EVAfter   | 0.997      |
| EVBefore  | 0.996      |
| EpLenMean | 1e+03      |
| EpRewMean | 40.3       |
| EpRewSEM  | 0.132      |
| KL        | 0.00154036 |
--------------------------
********** Iteration 298 ************
kl just right!
--------------------------
| EVAfter   | 0.996      |
| EVBefore  | 0.995      |
| EpLenMean | 1e+03      |
| EpRewMean | 39.4       |
| EpRewSEM  | 0.877      |
| KL        | 0.00226616 |
--------------------------
********** Iteration 299 ************
kl just right!
--------------------------
| EVAfter   | 0.997      |
| EVBefore  | 0.997      |
| EpLenMean | 1e+03      |
| EpRewMean | 40.2       |
| EpRewSEM  | 0.684      |
| KL        | 0.00283059 |
--------------------------
********** Iteration 300 ************
kl just right!
-------------------------
| EVAfter   | 0.998     |
| EVBefore  | 0.997     |
| EpLenMean | 1e+03     |
| EpRewMean | 41        |
| EpRewSEM  | 0.129     |
| KL        | 0.0024559 |
-------------------------
********** Iteration 301 ************
kl just right!
--------------------------
| EVAfter   | 0.998      |
| EVBefore  | 0.997      |
| EpLenMean | 1e+03      |
| EpRewMean | 40.6       |
| EpRewSEM  | 0.491      |
| KL        | 0.00202308 |
--------------------------
********** Iteration 302 ************
kl just right!
--------------------------
| EVAfter   | 0.998      |
| EVBefore  | 0.998      |
| EpLenMean | 1e+03      |
| EpRewMean | 41.5       |
| EpRewSEM  | 0.141      |
| KL        | 0.00318659 |
--------------------------
********** Iteration 303 ************
kl too high
--------------------------
| EVAfter   | 0.999      |
| EVBefore  | 0.998      |
| EpLenMean | 1e+03      |
| EpRewMean | 40         |
| EpRewSEM  | 0.415      |
| KL        | 0.00730271 |
--------------------------
********** Iteration 304 ************
kl just right!
--------------------------
| EVAfter   | 0.998      |
| EVBefore  | 0.998      |
| EpLenMean | 1e+03      |
| EpRewMean | 41.1       |
| EpRewSEM  | 0.127      |
| KL        | 0.00250335 |
--------------------------
********** Iteration 305 ************
kl just right!
--------------------------
| EVAfter   | 0.999      |
| EVBefore  | 0.998      |
| EpLenMean | 1e+03      |
| EpRewMean | 40         |
| EpRewSEM  | 0.234      |
| KL        | 0.00170211 |
--------------------------
********** Iteration 306 ************
kl just right!
--------------------------
| EVAfter   | 0.998      |
| EVBefore  | 0.998      |
| EpLenMean | 1e+03      |
| EpRewMean | 40.6       |
| EpRewSEM  | 0.459      |
| KL        | 0.00162563 |
--------------------------
********** Iteration 307 ************
kl too low
---------------------------
| EVAfter   | 0.997       |
| EVBefore  | 0.997       |
| EpLenMean | 1e+03       |
| EpRewMean | 39.4        |
| EpRewSEM  | 0.497       |
| KL        | 0.000667183 |
---------------------------
********** Iteration 308 ************
kl just right!
-------------------------
| EVAfter   | 0.998     |
| EVBefore  | 0.998     |
| EpLenMean | 1e+03     |
| EpRewMean | 40.5      |
| EpRewSEM  | 0.61      |
| KL        | 0.0011547 |
-------------------------
********** Iteration 309 ************
kl too low
---------------------------
| EVAfter   | 0.998       |
| EVBefore  | 0.998       |
| EpLenMean | 1e+03       |
| EpRewMean | 40          |
| EpRewSEM  | 0.365       |
| KL        | 0.000967786 |
---------------------------
********** Iteration 310 ************
kl too low
---------------------------
| EVAfter   | 0.998       |
| EVBefore  | 0.998       |
| EpLenMean | 1e+03       |
| EpRewMean | 39.7        |
| EpRewSEM  | 0.263       |
| KL        | 0.000893354 |
---------------------------
********** Iteration 311 ************
kl just right!
--------------------------
| EVAfter   | 0.997      |
| EVBefore  | 0.996      |
| EpLenMean | 1e+03      |
| EpRewMean | 41.2       |
| EpRewSEM  | 0.473      |
| KL        | 0.00184688 |
--------------------------
********** Iteration 312 ************
kl just right!
--------------------------
| EVAfter   | 0.998      |
| EVBefore  | 0.998      |
| EpLenMean | 1e+03      |
| EpRewMean | 41.1       |
| EpRewSEM  | 0.414      |
| KL        | 0.00236449 |
--------------------------
********** Iteration 313 ************
kl too high
--------------------------
| EVAfter   | 0.998      |
| EVBefore  | 0.998      |
| EpLenMean | 1e+03      |
| EpRewMean | 39.6       |
| EpRewSEM  | 0.446      |
| KL        | 0.00413756 |
--------------------------
********** Iteration 314 ************
kl just right!
--------------------------
| EVAfter   | 0.997      |
| EVBefore  | 0.997      |
| EpLenMean | 1e+03      |
| EpRewMean | 41.5       |
| EpRewSEM  | 0.893      |
| KL        | 0.00215124 |
--------------------------
********** Iteration 315 ************
kl just right!
--------------------------
| EVAfter   | 0.998      |
| EVBefore  | 0.998      |
| EpLenMean | 1e+03      |
| EpRewMean | 40.1       |
| EpRewSEM  | 0.715      |
| KL        | 0.00219383 |
--------------------------
********** Iteration 316 ************
kl too high
--------------------------
| EVAfter   | 0.998      |
| EVBefore  | 0.998      |
| EpLenMean | 1e+03      |
| EpRewMean | 40.4       |
| EpRewSEM  | 0.249      |
| KL        | 0.00415516 |
--------------------------
********** Iteration 317 ************
kl just right!
--------------------------
| EVAfter   | 0.997      |
| EVBefore  | 0.996      |
| EpLenMean | 1e+03      |
| EpRewMean | 39         |
| EpRewSEM  | 0.146      |
| KL        | 0.00185281 |
--------------------------
********** Iteration 318 ************
kl just right!
--------------------------
| EVAfter   | 0.998      |
| EVBefore  | 0.998      |
| EpLenMean | 1e+03      |
| EpRewMean | 39.5       |
| EpRewSEM  | 0.0765     |
| KL        | 0.00211831 |
--------------------------
********** Iteration 319 ************
kl too low
---------------------------
| EVAfter   | 0.998       |
| EVBefore  | 0.998       |
| EpLenMean | 1e+03       |
| EpRewMean | 39.7        |
| EpRewSEM  | 0.506       |
| KL        | 0.000871573 |
---------------------------
********** Iteration 320 ************
kl too high
--------------------------
| EVAfter   | 0.997      |
| EVBefore  | 0.997      |
| EpLenMean | 1e+03      |
| EpRewMean | 40         |
| EpRewSEM  | 0.355      |
| KL        | 0.00459058 |
--------------------------
********** Iteration 321 ************
kl too low
---------------------------
| EVAfter   | 0.997       |
| EVBefore  | 0.997       |
| EpLenMean | 1e+03       |
| EpRewMean | 40.3        |
| EpRewSEM  | 0.974       |
| KL        | 0.000988243 |
---------------------------
********** Iteration 322 ************
kl too low
---------------------------
| EVAfter   | 0.998       |
| EVBefore  | 0.997       |
| EpLenMean | 1e+03       |
| EpRewMean | 39          |
| EpRewSEM  | 0.576       |
| KL        | 0.000926045 |
---------------------------
********** Iteration 323 ************
kl just right!
--------------------------
| EVAfter   | 0.999      |
| EVBefore  | 0.998      |
| EpLenMean | 1e+03      |
| EpRewMean | 40.9       |
| EpRewSEM  | 0.288      |
| KL        | 0.00306424 |
--------------------------
********** Iteration 324 ************
kl just right!
--------------------------
| EVAfter   | 0.998      |
| EVBefore  | 0.998      |
| EpLenMean | 1e+03      |
| EpRewMean | 39.5       |
| EpRewSEM  | 0.155      |
| KL        | 0.00334057 |
--------------------------
********** Iteration 325 ************
kl just right!
-------------------------
| EVAfter   | 0.998     |
| EVBefore  | 0.998     |
| EpLenMean | 1e+03     |
| EpRewMean | 40.3      |
| EpRewSEM  | 0.649     |
| KL        | 0.0030655 |
-------------------------
********** Iteration 326 ************
kl too high
-------------------------
| EVAfter   | 0.998     |
| EVBefore  | 0.998     |
| EpLenMean | 1e+03     |
| EpRewMean | 39.6      |
| EpRewSEM  | 0.181     |
| KL        | 0.0042616 |
-------------------------
********** Iteration 327 ************
kl just right!
--------------------------
| EVAfter   | 0.998      |
| EVBefore  | 0.998      |
| EpLenMean | 1e+03      |
| EpRewMean | 40.4       |
| EpRewSEM  | 0.657      |
| KL        | 0.00263726 |
--------------------------
********** Iteration 328 ************
kl too high
--------------------------
| EVAfter   | 0.998      |
| EVBefore  | 0.998      |
| EpLenMean | 1e+03      |
| EpRewMean | 39.6       |
| EpRewSEM  | 0.423      |
| KL        | 0.00900155 |
--------------------------
********** Iteration 329 ************
kl just right!
--------------------------
| EVAfter   | 0.999      |
| EVBefore  | 0.999      |
| EpLenMean | 1e+03      |
| EpRewMean | 39.8       |
| EpRewSEM  | 0.481      |
| KL        | 0.00302894 |
--------------------------
********** Iteration 330 ************
kl just right!
--------------------------
| EVAfter   | 0.998      |
| EVBefore  | 0.998      |
| EpLenMean | 1e+03      |
| EpRewMean | 40.7       |
| EpRewSEM  | 0.429      |
| KL        | 0.00288908 |
--------------------------
********** Iteration 331 ************
kl just right!
-------------------------
| EVAfter   | 0.998     |
| EVBefore  | 0.998     |
| EpLenMean | 1e+03     |
| EpRewMean | 41.9      |
| EpRewSEM  | 0.512     |
| KL        | 0.0016175 |
-------------------------
********** Iteration 332 ************
kl just right!
--------------------------
| EVAfter   | 0.998      |
| EVBefore  | 0.997      |
| EpLenMean | 1e+03      |
| EpRewMean | 41.2       |
| EpRewSEM  | 0.528      |
| KL        | 0.00155083 |
--------------------------
********** Iteration 333 ************
kl just right!
-------------------------
| EVAfter   | 0.998     |
| EVBefore  | 0.998     |
| EpLenMean | 1e+03     |
| EpRewMean | 42        |
| EpRewSEM  | 0.331     |
| KL        | 0.0012119 |
-------------------------
W tensorflow/core/kernels/queue_base.cc:294] _1_vf/fifo_queue: Skipping cancelled enqueue attempt with queue not closed
W tensorflow/core/kernels/queue_base.cc:294] _0_fifo_queue: Skipping cancelled enqueue attempt with queue not closed
