I tensorflow/stream_executor/dso_loader.cc:135] successfully opened CUDA library libcublas.so.8.0 locally
I tensorflow/stream_executor/dso_loader.cc:135] successfully opened CUDA library libcudnn.so.5 locally
I tensorflow/stream_executor/dso_loader.cc:135] successfully opened CUDA library libcufft.so.8.0 locally
I tensorflow/stream_executor/dso_loader.cc:135] successfully opened CUDA library libcuda.so.1 locally
I tensorflow/stream_executor/dso_loader.cc:135] successfully opened CUDA library libcurand.so.8.0 locally
Logging to ././Env_Choose/Swimmer//exp_4/
[2017-08-31 20:23:40,957] Making new env: Swimmer-v1
W tensorflow/core/platform/cpu_feature_guard.cc:45] The TensorFlow library wasn't compiled to use SSE3 instructions, but these are available on your machine and could speed up CPU computations.
W tensorflow/core/platform/cpu_feature_guard.cc:45] The TensorFlow library wasn't compiled to use SSE4.1 instructions, but these are available on your machine and could speed up CPU computations.
W tensorflow/core/platform/cpu_feature_guard.cc:45] The TensorFlow library wasn't compiled to use SSE4.2 instructions, but these are available on your machine and could speed up CPU computations.
W tensorflow/core/platform/cpu_feature_guard.cc:45] The TensorFlow library wasn't compiled to use AVX instructions, but these are available on your machine and could speed up CPU computations.
W tensorflow/core/platform/cpu_feature_guard.cc:45] The TensorFlow library wasn't compiled to use AVX2 instructions, but these are available on your machine and could speed up CPU computations.
W tensorflow/core/platform/cpu_feature_guard.cc:45] The TensorFlow library wasn't compiled to use FMA instructions, but these are available on your machine and could speed up CPU computations.
I tensorflow/core/common_runtime/gpu/gpu_device.cc:885] Found device 0 with properties: 
name: GeForce GTX TITAN X
major: 5 minor: 2 memoryClockRate (GHz) 1.076
pciBusID 0000:02:00.0
Total memory: 11.92GiB
Free memory: 441.44MiB
I tensorflow/core/common_runtime/gpu/gpu_device.cc:906] DMA: 0 
I tensorflow/core/common_runtime/gpu/gpu_device.cc:916] 0:   Y 
I tensorflow/core/common_runtime/gpu/gpu_device.cc:975] Creating TensorFlow device (/gpu:0) -> (device: 0, name: GeForce GTX TITAN X, pci bus id: 0000:02:00.0)
Use async eigen decomp
updating 12 eigenvalue/vectors
projecting 3 gradient matrices
Use async eigen decomp
updating 14 eigenvalue/vectors
projecting 4 gradient matrices
********** Iteration 0 ************
kl too low
--------------------------
| EVAfter   | 0.0499     |
| EVBefore  | -0.177     |
| EpLenMean | 1e+03      |
| EpRewMean | -1.88      |
| EpRewSEM  | 2.4        |
| KL        | 3.3301e-06 |
--------------------------
********** Iteration 1 ************
kl too low
---------------------------
| EVAfter   | 0.0266      |
| EVBefore  | 0.0107      |
| EpLenMean | 1e+03       |
| EpRewMean | 1.51        |
| EpRewSEM  | 5.45        |
| KL        | 3.43441e-05 |
---------------------------
********** Iteration 2 ************
kl too low
---------------------------
| EVAfter   | 0.036       |
| EVBefore  | 0.0039      |
| EpLenMean | 1e+03       |
| EpRewMean | -11.7       |
| EpRewSEM  | 5.16        |
| KL        | 0.000403003 |
---------------------------
********** Iteration 3 ************
kl too low
---------------------------
| EVAfter   | 0.0488      |
| EVBefore  | 0.00104     |
| EpLenMean | 1e+03       |
| EpRewMean | 1.67        |
| EpRewSEM  | 9.18        |
| KL        | 0.000424871 |
---------------------------
********** Iteration 4 ************
kl just right!
--------------------------
| EVAfter   | 0.0905     |
| EVBefore  | 0.00363    |
| EpLenMean | 1e+03      |
| EpRewMean | 15.5       |
| EpRewSEM  | 9.05       |
| KL        | 0.00265371 |
--------------------------
********** Iteration 5 ************
kl just right!
--------------------------
| EVAfter   | 0.156      |
| EVBefore  | 0.105      |
| EpLenMean | 1e+03      |
| EpRewMean | 6.67       |
| EpRewSEM  | 2.26       |
| KL        | 0.00170264 |
--------------------------
********** Iteration 6 ************
kl just right!
--------------------------
| EVAfter   | 0.136      |
| EVBefore  | 0.105      |
| EpLenMean | 1e+03      |
| EpRewMean | 8.03       |
| EpRewSEM  | 8.36       |
| KL        | 0.00324537 |
--------------------------
********** Iteration 7 ************
kl too high
-------------------------
| EVAfter   | 0.196     |
| EVBefore  | 0.143     |
| EpLenMean | 1e+03     |
| EpRewMean | 15.2      |
| EpRewSEM  | 1.33      |
| KL        | 0.0129154 |
-------------------------
********** Iteration 8 ************
kl too high
-------------------------
| EVAfter   | 0.245     |
| EVBefore  | 0.197     |
| EpLenMean | 1e+03     |
| EpRewMean | 8.48      |
| EpRewSEM  | 3.75      |
| KL        | 0.0162107 |
-------------------------
********** Iteration 9 ************
kl too high
-------------------------
| EVAfter   | 0.221     |
| EVBefore  | 0.171     |
| EpLenMean | 1e+03     |
| EpRewMean | 23        |
| EpRewSEM  | 1.6       |
| KL        | 0.0298561 |
-------------------------
********** Iteration 10 ************
kl too high
-------------------------
| EVAfter   | 0.329     |
| EVBefore  | 0.259     |
| EpLenMean | 1e+03     |
| EpRewMean | 22.9      |
| EpRewSEM  | 0.301     |
| KL        | 0.0242353 |
-------------------------
********** Iteration 11 ************
kl too high
-------------------------
| EVAfter   | 0.427     |
| EVBefore  | 0.257     |
| EpLenMean | 1e+03     |
| EpRewMean | 16        |
| EpRewSEM  | 2.81      |
| KL        | 0.0149904 |
-------------------------
********** Iteration 12 ************
kl too high
-------------------------
| EVAfter   | 0.601     |
| EVBefore  | 0.441     |
| EpLenMean | 1e+03     |
| EpRewMean | 17.8      |
| EpRewSEM  | 2.15      |
| KL        | 0.0068009 |
-------------------------
********** Iteration 13 ************
kl just right!
--------------------------
| EVAfter   | 0.676      |
| EVBefore  | 0.556      |
| EpLenMean | 1e+03      |
| EpRewMean | 14         |
| EpRewSEM  | 2.49       |
| KL        | 0.00242839 |
--------------------------
********** Iteration 14 ************
kl just right!
--------------------------
| EVAfter   | 0.724      |
| EVBefore  | 0.612      |
| EpLenMean | 1e+03      |
| EpRewMean | 17.8       |
| EpRewSEM  | 2.36       |
| KL        | 0.00200138 |
--------------------------
********** Iteration 15 ************
kl just right!
--------------------------
| EVAfter   | 0.803      |
| EVBefore  | 0.715      |
| EpLenMean | 1e+03      |
| EpRewMean | 12.2       |
| EpRewSEM  | 2.71       |
| KL        | 0.00138932 |
--------------------------
********** Iteration 16 ************
kl just right!
--------------------------
| EVAfter   | 0.829      |
| EVBefore  | 0.782      |
| EpLenMean | 1e+03      |
| EpRewMean | 11.7       |
| EpRewSEM  | 1.6        |
| KL        | 0.00115522 |
--------------------------
********** Iteration 17 ************
kl too low
---------------------------
| EVAfter   | 0.669       |
| EVBefore  | 0.62        |
| EpLenMean | 1e+03       |
| EpRewMean | 18.9        |
| EpRewSEM  | 1.17        |
| KL        | 0.000978329 |
---------------------------
********** Iteration 18 ************
kl just right!
------------------------
| EVAfter   | -0.792   |
| EVBefore  | -1.59    |
| EpLenMean | 1e+03    |
| EpRewMean | 10.7     |
| EpRewSEM  | 1.07     |
| KL        | 0.001967 |
------------------------
********** Iteration 19 ************
kl just right!
--------------------------
| EVAfter   | 0.835      |
| EVBefore  | 0.824      |
| EpLenMean | 1e+03      |
| EpRewMean | 13.8       |
| EpRewSEM  | 1.19       |
| KL        | 0.00179692 |
--------------------------
********** Iteration 20 ************
kl just right!
--------------------------
| EVAfter   | 0.816      |
| EVBefore  | 0.717      |
| EpLenMean | 1e+03      |
| EpRewMean | 12         |
| EpRewSEM  | 3.48       |
| KL        | 0.00144421 |
--------------------------
********** Iteration 21 ************
kl too low
--------------------------
| EVAfter   | 0.878      |
| EVBefore  | 0.827      |
| EpLenMean | 1e+03      |
| EpRewMean | 16.8       |
| EpRewSEM  | 0.184      |
| KL        | 0.00099123 |
--------------------------
********** Iteration 22 ************
kl just right!
--------------------------
| EVAfter   | 0.917      |
| EVBefore  | 0.91       |
| EpLenMean | 1e+03      |
| EpRewMean | 15.7       |
| EpRewSEM  | 0.3        |
| KL        | 0.00183283 |
--------------------------
********** Iteration 23 ************
kl just right!
--------------------------
| EVAfter   | 0.907      |
| EVBefore  | 0.901      |
| EpLenMean | 1e+03      |
| EpRewMean | 19         |
| EpRewSEM  | 1.9        |
| KL        | 0.00171495 |
--------------------------
********** Iteration 24 ************
kl just right!
--------------------------
| EVAfter   | 0.916      |
| EVBefore  | 0.911      |
| EpLenMean | 1e+03      |
| EpRewMean | 14.1       |
| EpRewSEM  | 2.73       |
| KL        | 0.00151398 |
--------------------------
********** Iteration 25 ************
kl just right!
--------------------------
| EVAfter   | 0.926      |
| EVBefore  | 0.92       |
| EpLenMean | 1e+03      |
| EpRewMean | 13.5       |
| EpRewSEM  | 1.18       |
| KL        | 0.00124485 |
--------------------------
********** Iteration 26 ************
kl just right!
--------------------------
| EVAfter   | 0.916      |
| EVBefore  | 0.908      |
| EpLenMean | 1e+03      |
| EpRewMean | 15.7       |
| EpRewSEM  | 1.03       |
| KL        | 0.00102279 |
--------------------------
********** Iteration 27 ************
kl too low
---------------------------
| EVAfter   | 0.924       |
| EVBefore  | 0.916       |
| EpLenMean | 1e+03       |
| EpRewMean | 16.6        |
| EpRewSEM  | 0.331       |
| KL        | 0.000835719 |
---------------------------
********** Iteration 28 ************
kl just right!
--------------------------
| EVAfter   | 0.94       |
| EVBefore  | 0.934      |
| EpLenMean | 1e+03      |
| EpRewMean | 15.5       |
| EpRewSEM  | 0.592      |
| KL        | 0.00207628 |
--------------------------
********** Iteration 29 ************
kl just right!
-------------------------
| EVAfter   | 0.93      |
| EVBefore  | 0.919     |
| EpLenMean | 1e+03     |
| EpRewMean | 14        |
| EpRewSEM  | 2.52      |
| KL        | 0.0017618 |
-------------------------
********** Iteration 30 ************
kl just right!
--------------------------
| EVAfter   | 0.914      |
| EVBefore  | 0.904      |
| EpLenMean | 1e+03      |
| EpRewMean | 11.4       |
| EpRewSEM  | 1.19       |
| KL        | 0.00118613 |
--------------------------
********** Iteration 31 ************
kl too low
---------------------------
| EVAfter   | 0.929       |
| EVBefore  | 0.922       |
| EpLenMean | 1e+03       |
| EpRewMean | 16.3        |
| EpRewSEM  | 1.17        |
| KL        | 0.000827141 |
---------------------------
********** Iteration 32 ************
kl just right!
--------------------------
| EVAfter   | 0.94       |
| EVBefore  | 0.929      |
| EpLenMean | 1e+03      |
| EpRewMean | 12.1       |
| EpRewSEM  | 0.354      |
| KL        | 0.00207142 |
--------------------------
********** Iteration 33 ************
kl just right!
--------------------------
| EVAfter   | 0.925      |
| EVBefore  | 0.92       |
| EpLenMean | 1e+03      |
| EpRewMean | 11.9       |
| EpRewSEM  | 2.75       |
| KL        | 0.00195252 |
--------------------------
********** Iteration 34 ************
kl too high
--------------------------
| EVAfter   | 0.937      |
| EVBefore  | 0.935      |
| EpLenMean | 1e+03      |
| EpRewMean | 11.6       |
| EpRewSEM  | 2.24       |
| KL        | 0.00443633 |
--------------------------
********** Iteration 35 ************
kl just right!
-------------------------
| EVAfter   | 0.928     |
| EVBefore  | 0.919     |
| EpLenMean | 1e+03     |
| EpRewMean | 10.2      |
| EpRewSEM  | 0.726     |
| KL        | 0.0015563 |
-------------------------
********** Iteration 36 ************
kl just right!
--------------------------
| EVAfter   | 0.917      |
| EVBefore  | 0.91       |
| EpLenMean | 1e+03      |
| EpRewMean | 10.5       |
| EpRewSEM  | 0.898      |
| KL        | 0.00267486 |
--------------------------
********** Iteration 37 ************
kl just right!
--------------------------
| EVAfter   | 0.912      |
| EVBefore  | 0.908      |
| EpLenMean | 1e+03      |
| EpRewMean | 3.83       |
| EpRewSEM  | 1.81       |
| KL        | 0.00316037 |
--------------------------
********** Iteration 38 ************
kl just right!
--------------------------
| EVAfter   | 0.908      |
| EVBefore  | 0.903      |
| EpLenMean | 1e+03      |
| EpRewMean | 9.65       |
| EpRewSEM  | 3.39       |
| KL        | 0.00281305 |
--------------------------
********** Iteration 39 ************
kl just right!
--------------------------
| EVAfter   | 0.86       |
| EVBefore  | 0.827      |
| EpLenMean | 1e+03      |
| EpRewMean | 2.62       |
| EpRewSEM  | 2.72       |
| KL        | 0.00396815 |
--------------------------
********** Iteration 40 ************
kl just right!
--------------------------
| EVAfter   | 0.9        |
| EVBefore  | 0.894      |
| EpLenMean | 1e+03      |
| EpRewMean | 5.48       |
| EpRewSEM  | 1.65       |
| KL        | 0.00345277 |
--------------------------
********** Iteration 41 ************
kl too high
--------------------------
| EVAfter   | 0.924      |
| EVBefore  | 0.913      |
| EpLenMean | 1e+03      |
| EpRewMean | 5.41       |
| EpRewSEM  | 1.09       |
| KL        | 0.00567106 |
--------------------------
********** Iteration 42 ************
kl just right!
--------------------------
| EVAfter   | 0.895      |
| EVBefore  | 0.89       |
| EpLenMean | 1e+03      |
| EpRewMean | 3.86       |
| EpRewSEM  | 1.26       |
| KL        | 0.00227544 |
--------------------------
********** Iteration 43 ************
kl just right!
--------------------------
| EVAfter   | 0.875      |
| EVBefore  | 0.862      |
| EpLenMean | 1e+03      |
| EpRewMean | -1.88      |
| EpRewSEM  | 1.34       |
| KL        | 0.00215898 |
--------------------------
********** Iteration 44 ************
kl just right!
--------------------------
| EVAfter   | 0.8        |
| EVBefore  | 0.789      |
| EpLenMean | 1e+03      |
| EpRewMean | 0.0778     |
| EpRewSEM  | 5.34       |
| KL        | 0.00206211 |
--------------------------
********** Iteration 45 ************
kl just right!
--------------------------
| EVAfter   | 0.793      |
| EVBefore  | 0.778      |
| EpLenMean | 1e+03      |
| EpRewMean | -3.23      |
| EpRewSEM  | 2.49       |
| KL        | 0.00353594 |
--------------------------
********** Iteration 46 ************
kl just right!
--------------------------
| EVAfter   | 0.721      |
| EVBefore  | 0.686      |
| EpLenMean | 1e+03      |
| EpRewMean | -1.46      |
| EpRewSEM  | 1.25       |
| KL        | 0.00312665 |
--------------------------
********** Iteration 47 ************
kl just right!
--------------------------
| EVAfter   | 0.774      |
| EVBefore  | 0.758      |
| EpLenMean | 1e+03      |
| EpRewMean | -6.35      |
| EpRewSEM  | 2.97       |
| KL        | 0.00338148 |
--------------------------
********** Iteration 48 ************
kl too high
--------------------------
| EVAfter   | 0.854      |
| EVBefore  | 0.845      |
| EpLenMean | 1e+03      |
| EpRewMean | 2.02       |
| EpRewSEM  | 1.31       |
| KL        | 0.00421733 |
--------------------------
********** Iteration 49 ************
kl just right!
--------------------------
| EVAfter   | 0.775      |
| EVBefore  | 0.763      |
| EpLenMean | 1e+03      |
| EpRewMean | 5.52       |
| EpRewSEM  | 2.78       |
| KL        | 0.00185024 |
--------------------------
********** Iteration 50 ************
kl just right!
--------------------------
| EVAfter   | 0.645      |
| EVBefore  | 0.59       |
| EpLenMean | 1e+03      |
| EpRewMean | 9.11       |
| EpRewSEM  | 1.27       |
| KL        | 0.00227549 |
--------------------------
********** Iteration 51 ************
kl just right!
--------------------------
| EVAfter   | 0.471      |
| EVBefore  | 0.394      |
| EpLenMean | 1e+03      |
| EpRewMean | 14.4       |
| EpRewSEM  | 4          |
| KL        | 0.00204786 |
--------------------------
********** Iteration 52 ************
kl just right!
--------------------------
| EVAfter   | 0.57       |
| EVBefore  | 0.547      |
| EpLenMean | 1e+03      |
| EpRewMean | 16.8       |
| EpRewSEM  | 2.37       |
| KL        | 0.00244411 |
--------------------------
********** Iteration 53 ************
kl just right!
--------------------------
| EVAfter   | 0.526      |
| EVBefore  | 0.457      |
| EpLenMean | 1e+03      |
| EpRewMean | 18.8       |
| EpRewSEM  | 8.06       |
| KL        | 0.00241914 |
--------------------------
********** Iteration 54 ************
kl just right!
--------------------------
| EVAfter   | 0.535      |
| EVBefore  | 0.454      |
| EpLenMean | 1e+03      |
| EpRewMean | 20.6       |
| EpRewSEM  | 5.94       |
| KL        | 0.00293784 |
--------------------------
********** Iteration 55 ************
kl just right!
------------------------
| EVAfter   | 0.477    |
| EVBefore  | 0.347    |
| EpLenMean | 1e+03    |
| EpRewMean | 24.9     |
| EpRewSEM  | 4.12     |
| KL        | 0.002053 |
------------------------
********** Iteration 56 ************
kl just right!
--------------------------
| EVAfter   | 0.446      |
| EVBefore  | 0.418      |
| EpLenMean | 1e+03      |
| EpRewMean | 17.5       |
| EpRewSEM  | 8.71       |
| KL        | 0.00189058 |
--------------------------
********** Iteration 57 ************
kl just right!
--------------------------
| EVAfter   | 0.642      |
| EVBefore  | 0.607      |
| EpLenMean | 1e+03      |
| EpRewMean | 25.4       |
| EpRewSEM  | 4.24       |
| KL        | 0.00113126 |
--------------------------
********** Iteration 58 ************
kl just right!
--------------------------
| EVAfter   | 0.591      |
| EVBefore  | 0.551      |
| EpLenMean | 1e+03      |
| EpRewMean | 29.7       |
| EpRewSEM  | 1.38       |
| KL        | 0.00163009 |
--------------------------
********** Iteration 59 ************
kl too low
---------------------------
| EVAfter   | 0.591       |
| EVBefore  | 0.555       |
| EpLenMean | 1e+03       |
| EpRewMean | 20.2        |
| EpRewSEM  | 4.02        |
| KL        | 0.000908753 |
---------------------------
********** Iteration 60 ************
kl just right!
--------------------------
| EVAfter   | 0.637      |
| EVBefore  | 0.55       |
| EpLenMean | 1e+03      |
| EpRewMean | 22.5       |
| EpRewSEM  | 1.17       |
| KL        | 0.00126412 |
--------------------------
********** Iteration 61 ************
kl just right!
--------------------------
| EVAfter   | 0.751      |
| EVBefore  | 0.714      |
| EpLenMean | 1e+03      |
| EpRewMean | 29.6       |
| EpRewSEM  | 2.02       |
| KL        | 0.00109804 |
--------------------------
********** Iteration 62 ************
kl just right!
--------------------------
| EVAfter   | 0.735      |
| EVBefore  | 0.662      |
| EpLenMean | 1e+03      |
| EpRewMean | 26         |
| EpRewSEM  | 3.69       |
| KL        | 0.00143149 |
--------------------------
********** Iteration 63 ************
kl just right!
--------------------------
| EVAfter   | 0.749      |
| EVBefore  | 0.714      |
| EpLenMean | 1e+03      |
| EpRewMean | 23.5       |
| EpRewSEM  | 0.45       |
| KL        | 0.00171517 |
--------------------------
********** Iteration 64 ************
kl just right!
--------------------------
| EVAfter   | 0.797      |
| EVBefore  | 0.775      |
| EpLenMean | 1e+03      |
| EpRewMean | 28.6       |
| EpRewSEM  | 1.7        |
| KL        | 0.00176431 |
--------------------------
********** Iteration 65 ************
kl just right!
--------------------------
| EVAfter   | 0.83       |
| EVBefore  | 0.792      |
| EpLenMean | 1e+03      |
| EpRewMean | 31.8       |
| EpRewSEM  | 0.439      |
| KL        | 0.00194819 |
--------------------------
********** Iteration 66 ************
kl just right!
--------------------------
| EVAfter   | 0.839      |
| EVBefore  | 0.815      |
| EpLenMean | 1e+03      |
| EpRewMean | 27         |
| EpRewSEM  | 0.816      |
| KL        | 0.00228352 |
--------------------------
********** Iteration 67 ************
kl just right!
------------------------
| EVAfter   | 0.789    |
| EVBefore  | 0.77     |
| EpLenMean | 1e+03    |
| EpRewMean | 28.4     |
| EpRewSEM  | 1.29     |
| KL        | 0.002324 |
------------------------
********** Iteration 68 ************
kl too high
--------------------------
| EVAfter   | 0.728      |
| EVBefore  | 0.687      |
| EpLenMean | 1e+03      |
| EpRewMean | 31.6       |
| EpRewSEM  | 1.67       |
| KL        | 0.00411694 |
--------------------------
********** Iteration 69 ************
kl just right!
--------------------------
| EVAfter   | 0.849      |
| EVBefore  | 0.829      |
| EpLenMean | 1e+03      |
| EpRewMean | 36.8       |
| EpRewSEM  | 1.57       |
| KL        | 0.00224202 |
--------------------------
********** Iteration 70 ************
kl just right!
--------------------------
| EVAfter   | 0.92       |
| EVBefore  | 0.904      |
| EpLenMean | 1e+03      |
| EpRewMean | 35.4       |
| EpRewSEM  | 2.36       |
| KL        | 0.00148117 |
--------------------------
********** Iteration 71 ************
kl just right!
--------------------------
| EVAfter   | 0.859      |
| EVBefore  | 0.828      |
| EpLenMean | 1e+03      |
| EpRewMean | 34.7       |
| EpRewSEM  | 1.88       |
| KL        | 0.00170908 |
--------------------------
********** Iteration 72 ************
kl just right!
--------------------------
| EVAfter   | 0.814      |
| EVBefore  | 0.796      |
| EpLenMean | 1e+03      |
| EpRewMean | 34         |
| EpRewSEM  | 1.11       |
| KL        | 0.00212661 |
--------------------------
********** Iteration 73 ************
kl just right!
--------------------------
| EVAfter   | 0.897      |
| EVBefore  | 0.889      |
| EpLenMean | 1e+03      |
| EpRewMean | 36.7       |
| EpRewSEM  | 1.53       |
| KL        | 0.00181012 |
--------------------------
********** Iteration 74 ************
kl just right!
--------------------------
| EVAfter   | 0.92       |
| EVBefore  | 0.912      |
| EpLenMean | 1e+03      |
| EpRewMean | 36.2       |
| EpRewSEM  | 0.619      |
| KL        | 0.00196051 |
--------------------------
********** Iteration 75 ************
kl just right!
--------------------------
| EVAfter   | 0.938      |
| EVBefore  | 0.932      |
| EpLenMean | 1e+03      |
| EpRewMean | 33.3       |
| EpRewSEM  | 0.872      |
| KL        | 0.00144239 |
--------------------------
********** Iteration 76 ************
kl just right!
--------------------------
| EVAfter   | 0.943      |
| EVBefore  | 0.939      |
| EpLenMean | 1e+03      |
| EpRewMean | 34.8       |
| EpRewSEM  | 0.624      |
| KL        | 0.00101462 |
--------------------------
********** Iteration 77 ************
kl just right!
--------------------------
| EVAfter   | 0.956      |
| EVBefore  | 0.946      |
| EpLenMean | 1e+03      |
| EpRewMean | 36         |
| EpRewSEM  | 0.996      |
| KL        | 0.00125322 |
--------------------------
********** Iteration 78 ************
kl just right!
--------------------------
| EVAfter   | 0.951      |
| EVBefore  | 0.948      |
| EpLenMean | 1e+03      |
| EpRewMean | 35.7       |
| EpRewSEM  | 1.17       |
| KL        | 0.00112986 |
--------------------------
********** Iteration 79 ************
kl too low
---------------------------
| EVAfter   | 0.939       |
| EVBefore  | 0.931       |
| EpLenMean | 1e+03       |
| EpRewMean | 34.6        |
| EpRewSEM  | 0.926       |
| KL        | 0.000968229 |
---------------------------
********** Iteration 80 ************
kl just right!
--------------------------
| EVAfter   | 0.952      |
| EVBefore  | 0.946      |
| EpLenMean | 1e+03      |
| EpRewMean | 34.1       |
| EpRewSEM  | 0.628      |
| KL        | 0.00203347 |
--------------------------
********** Iteration 81 ************
kl just right!
--------------------------
| EVAfter   | 0.962      |
| EVBefore  | 0.957      |
| EpLenMean | 1e+03      |
| EpRewMean | 32.7       |
| EpRewSEM  | 0.613      |
| KL        | 0.00314364 |
--------------------------
********** Iteration 82 ************
kl just right!
--------------------------
| EVAfter   | 0.973      |
| EVBefore  | 0.968      |
| EpLenMean | 1e+03      |
| EpRewMean | 33.2       |
| EpRewSEM  | 0.511      |
| KL        | 0.00259636 |
--------------------------
********** Iteration 83 ************
kl just right!
--------------------------
| EVAfter   | 0.974      |
| EVBefore  | 0.97       |
| EpLenMean | 1e+03      |
| EpRewMean | 29.9       |
| EpRewSEM  | 0.686      |
| KL        | 0.00186717 |
--------------------------
********** Iteration 84 ************
kl just right!
--------------------------
| EVAfter   | 0.967      |
| EVBefore  | 0.959      |
| EpLenMean | 1e+03      |
| EpRewMean | 35.3       |
| EpRewSEM  | 0.719      |
| KL        | 0.00100445 |
--------------------------
********** Iteration 85 ************
kl too low
--------------------------
| EVAfter   | 0.968      |
| EVBefore  | 0.962      |
| EpLenMean | 1e+03      |
| EpRewMean | 30         |
| EpRewSEM  | 0.303      |
| KL        | 0.00071912 |
--------------------------
********** Iteration 86 ************
kl just right!
--------------------------
| EVAfter   | 0.971      |
| EVBefore  | 0.959      |
| EpLenMean | 1e+03      |
| EpRewMean | 34.8       |
| EpRewSEM  | 0.587      |
| KL        | 0.00350711 |
--------------------------
********** Iteration 87 ************
kl just right!
--------------------------
| EVAfter   | 0.97       |
| EVBefore  | 0.968      |
| EpLenMean | 1e+03      |
| EpRewMean | 34.1       |
| EpRewSEM  | 1.63       |
| KL        | 0.00368976 |
--------------------------
********** Iteration 88 ************
kl just right!
--------------------------
| EVAfter   | 0.907      |
| EVBefore  | 0.894      |
| EpLenMean | 1e+03      |
| EpRewMean | 34.4       |
| EpRewSEM  | 4          |
| KL        | 0.00337227 |
--------------------------
********** Iteration 89 ************
kl just right!
-------------------------
| EVAfter   | 0.975     |
| EVBefore  | 0.972     |
| EpLenMean | 1e+03     |
| EpRewMean | 36.1      |
| EpRewSEM  | 0.402     |
| KL        | 0.0023964 |
-------------------------
********** Iteration 90 ************
kl just right!
-------------------------
| EVAfter   | 0.966     |
| EVBefore  | 0.958     |
| EpLenMean | 1e+03     |
| EpRewMean | 37.9      |
| EpRewSEM  | 2.09      |
| KL        | 0.0025604 |
-------------------------
********** Iteration 91 ************
kl just right!
--------------------------
| EVAfter   | 0.969      |
| EVBefore  | 0.963      |
| EpLenMean | 1e+03      |
| EpRewMean | 36.2       |
| EpRewSEM  | 0.557      |
| KL        | 0.00113931 |
--------------------------
********** Iteration 92 ************
kl too low
--------------------------
| EVAfter   | 0.949      |
| EVBefore  | 0.937      |
| EpLenMean | 1e+03      |
| EpRewMean | 34.6       |
| EpRewSEM  | 1.16       |
| KL        | 0.00032856 |
--------------------------
********** Iteration 93 ************
kl just right!
--------------------------
| EVAfter   | 0.957      |
| EVBefore  | 0.953      |
| EpLenMean | 1e+03      |
| EpRewMean | 38         |
| EpRewSEM  | 0.739      |
| KL        | 0.00259179 |
--------------------------
********** Iteration 94 ************
kl just right!
--------------------------
| EVAfter   | 0.961      |
| EVBefore  | 0.949      |
| EpLenMean | 1e+03      |
| EpRewMean | 34.7       |
| EpRewSEM  | 1.73       |
| KL        | 0.00218131 |
--------------------------
********** Iteration 95 ************
kl just right!
--------------------------
| EVAfter   | 0.972      |
| EVBefore  | 0.962      |
| EpLenMean | 1e+03      |
| EpRewMean | 35.4       |
| EpRewSEM  | 1.88       |
| KL        | 0.00339514 |
--------------------------
********** Iteration 96 ************
kl too high
--------------------------
| EVAfter   | 0.943      |
| EVBefore  | 0.924      |
| EpLenMean | 1e+03      |
| EpRewMean | 34.6       |
| EpRewSEM  | 0.275      |
| KL        | 0.00439925 |
--------------------------
********** Iteration 97 ************
kl just right!
--------------------------
| EVAfter   | 0.954      |
| EVBefore  | 0.907      |
| EpLenMean | 1e+03      |
| EpRewMean | 32.6       |
| EpRewSEM  | 3.66       |
| KL        | 0.00146425 |
--------------------------
********** Iteration 98 ************
kl too low
---------------------------
| EVAfter   | 0.973       |
| EVBefore  | 0.955       |
| EpLenMean | 1e+03       |
| EpRewMean | 34.5        |
| EpRewSEM  | 1.33        |
| KL        | 0.000667284 |
---------------------------
********** Iteration 99 ************
kl just right!
--------------------------
| EVAfter   | 0.984      |
| EVBefore  | 0.975      |
| EpLenMean | 1e+03      |
| EpRewMean | 34.7       |
| EpRewSEM  | 0.888      |
| KL        | 0.00178051 |
--------------------------
********** Iteration 100 ************
kl just right!
--------------------------
| EVAfter   | 0.951      |
| EVBefore  | 0.941      |
| EpLenMean | 1e+03      |
| EpRewMean | 30.1       |
| EpRewSEM  | 1.31       |
| KL        | 0.00387228 |
--------------------------
********** Iteration 101 ************
kl too high
--------------------------
| EVAfter   | 0.972      |
| EVBefore  | 0.962      |
| EpLenMean | 1e+03      |
| EpRewMean | 32.5       |
| EpRewSEM  | 1.38       |
| KL        | 0.00467404 |
--------------------------
********** Iteration 102 ************
kl too low
---------------------------
| EVAfter   | 0.972       |
| EVBefore  | 0.968       |
| EpLenMean | 1e+03       |
| EpRewMean | 33.7        |
| EpRewSEM  | 1.13        |
| KL        | 0.000731039 |
---------------------------
********** Iteration 103 ************
kl just right!
--------------------------
| EVAfter   | 0.978      |
| EVBefore  | 0.976      |
| EpLenMean | 1e+03      |
| EpRewMean | 35.1       |
| EpRewSEM  | 1.3        |
| KL        | 0.00210399 |
--------------------------
********** Iteration 104 ************
kl too high
--------------------------
| EVAfter   | 0.97       |
| EVBefore  | 0.968      |
| EpLenMean | 1e+03      |
| EpRewMean | 33.7       |
| EpRewSEM  | 0.65       |
| KL        | 0.00649427 |
--------------------------
********** Iteration 105 ************
kl just right!
--------------------------
| EVAfter   | 0.974      |
| EVBefore  | 0.971      |
| EpLenMean | 1e+03      |
| EpRewMean | 36.5       |
| EpRewSEM  | 0.415      |
| KL        | 0.00193147 |
--------------------------
********** Iteration 106 ************
kl just right!
--------------------------
| EVAfter   | 0.982      |
| EVBefore  | 0.978      |
| EpLenMean | 1e+03      |
| EpRewMean | 36.1       |
| EpRewSEM  | 1.06       |
| KL        | 0.00234885 |
--------------------------
********** Iteration 107 ************
kl too high
--------------------------
| EVAfter   | 0.982      |
| EVBefore  | 0.979      |
| EpLenMean | 1e+03      |
| EpRewMean | 37.3       |
| EpRewSEM  | 0.244      |
| KL        | 0.00420481 |
--------------------------
********** Iteration 108 ************
kl just right!
--------------------------
| EVAfter   | 0.974      |
| EVBefore  | 0.969      |
| EpLenMean | 1e+03      |
| EpRewMean | 37.8       |
| EpRewSEM  | 0.864      |
| KL        | 0.00108909 |
--------------------------
********** Iteration 109 ************
kl just right!
--------------------------
| EVAfter   | 0.983      |
| EVBefore  | 0.981      |
| EpLenMean | 1e+03      |
| EpRewMean | 36.8       |
| EpRewSEM  | 1.02       |
| KL        | 0.00153133 |
--------------------------
********** Iteration 110 ************
kl just right!
--------------------------
| EVAfter   | 0.984      |
| EVBefore  | 0.982      |
| EpLenMean | 1e+03      |
| EpRewMean | 36.3       |
| EpRewSEM  | 1.27       |
| KL        | 0.00107197 |
--------------------------
********** Iteration 111 ************
kl just right!
--------------------------
| EVAfter   | 0.978      |
| EVBefore  | 0.973      |
| EpLenMean | 1e+03      |
| EpRewMean | 36.9       |
| EpRewSEM  | 0.891      |
| KL        | 0.00137428 |
--------------------------
********** Iteration 112 ************
kl too low
---------------------------
| EVAfter   | 0.979       |
| EVBefore  | 0.978       |
| EpLenMean | 1e+03       |
| EpRewMean | 36.5        |
| EpRewSEM  | 0.594       |
| KL        | 0.000897453 |
---------------------------
********** Iteration 113 ************
kl just right!
--------------------------
| EVAfter   | 0.985      |
| EVBefore  | 0.984      |
| EpLenMean | 1e+03      |
| EpRewMean | 36.4       |
| EpRewSEM  | 1.29       |
| KL        | 0.00109832 |
--------------------------
********** Iteration 114 ************
kl just right!
--------------------------
| EVAfter   | 0.981      |
| EVBefore  | 0.97       |
| EpLenMean | 1e+03      |
| EpRewMean | 36.7       |
| EpRewSEM  | 0.738      |
| KL        | 0.00199256 |
--------------------------
********** Iteration 115 ************
kl just right!
--------------------------
| EVAfter   | 0.984      |
| EVBefore  | 0.978      |
| EpLenMean | 1e+03      |
| EpRewMean | 37.6       |
| EpRewSEM  | 0.106      |
| KL        | 0.00172375 |
--------------------------
********** Iteration 116 ************
kl just right!
--------------------------
| EVAfter   | 0.983      |
| EVBefore  | 0.98       |
| EpLenMean | 1e+03      |
| EpRewMean | 38.7       |
| EpRewSEM  | 0.848      |
| KL        | 0.00123148 |
--------------------------
********** Iteration 117 ************
kl just right!
--------------------------
| EVAfter   | 0.99       |
| EVBefore  | 0.989      |
| EpLenMean | 1e+03      |
| EpRewMean | 37.5       |
| EpRewSEM  | 0.399      |
| KL        | 0.00124593 |
--------------------------
********** Iteration 118 ************
kl just right!
--------------------------
| EVAfter   | 0.982      |
| EVBefore  | 0.981      |
| EpLenMean | 1e+03      |
| EpRewMean | 36.5       |
| EpRewSEM  | 0.608      |
| KL        | 0.00177181 |
--------------------------
********** Iteration 119 ************
kl just right!
--------------------------
| EVAfter   | 0.989      |
| EVBefore  | 0.988      |
| EpLenMean | 1e+03      |
| EpRewMean | 37.2       |
| EpRewSEM  | 0.218      |
| KL        | 0.00247513 |
--------------------------
********** Iteration 120 ************
kl just right!
-------------------------
| EVAfter   | 0.983     |
| EVBefore  | 0.981     |
| EpLenMean | 1e+03     |
| EpRewMean | 38.6      |
| EpRewSEM  | 1.17      |
| KL        | 0.0039229 |
-------------------------
********** Iteration 121 ************
kl just right!
--------------------------
| EVAfter   | 0.985      |
| EVBefore  | 0.982      |
| EpLenMean | 1e+03      |
| EpRewMean | 36.9       |
| EpRewSEM  | 0.801      |
| KL        | 0.00311886 |
--------------------------
********** Iteration 122 ************
kl too high
--------------------------
| EVAfter   | 0.988      |
| EVBefore  | 0.986      |
| EpLenMean | 1e+03      |
| EpRewMean | 34.8       |
| EpRewSEM  | 0.852      |
| KL        | 0.00405611 |
--------------------------
********** Iteration 123 ************
kl just right!
--------------------------
| EVAfter   | 0.986      |
| EVBefore  | 0.984      |
| EpLenMean | 1e+03      |
| EpRewMean | 37.7       |
| EpRewSEM  | 0.424      |
| KL        | 0.00232547 |
--------------------------
********** Iteration 124 ************
kl just right!
--------------------------
| EVAfter   | 0.989      |
| EVBefore  | 0.988      |
| EpLenMean | 1e+03      |
| EpRewMean | 37.5       |
| EpRewSEM  | 0.598      |
| KL        | 0.00137409 |
--------------------------
********** Iteration 125 ************
kl too low
---------------------------
| EVAfter   | 0.986       |
| EVBefore  | 0.985       |
| EpLenMean | 1e+03       |
| EpRewMean | 38.6        |
| EpRewSEM  | 0.762       |
| KL        | 0.000983379 |
---------------------------
********** Iteration 126 ************
kl just right!
--------------------------
| EVAfter   | 0.986      |
| EVBefore  | 0.981      |
| EpLenMean | 1e+03      |
| EpRewMean | 38.8       |
| EpRewSEM  | 1.12       |
| KL        | 0.00143744 |
--------------------------
********** Iteration 127 ************
kl just right!
--------------------------
| EVAfter   | 0.989      |
| EVBefore  | 0.987      |
| EpLenMean | 1e+03      |
| EpRewMean | 38.3       |
| EpRewSEM  | 1.13       |
| KL        | 0.00207805 |
--------------------------
********** Iteration 128 ************
kl just right!
--------------------------
| EVAfter   | 0.99       |
| EVBefore  | 0.988      |
| EpLenMean | 1e+03      |
| EpRewMean | 40.2       |
| EpRewSEM  | 0.611      |
| KL        | 0.00183148 |
--------------------------
********** Iteration 129 ************
kl just right!
--------------------------
| EVAfter   | 0.985      |
| EVBefore  | 0.982      |
| EpLenMean | 1e+03      |
| EpRewMean | 40.3       |
| EpRewSEM  | 0.118      |
| KL        | 0.00204831 |
--------------------------
********** Iteration 130 ************
kl just right!
--------------------------
| EVAfter   | 0.991      |
| EVBefore  | 0.987      |
| EpLenMean | 1e+03      |
| EpRewMean | 37.6       |
| EpRewSEM  | 0.3        |
| KL        | 0.00172956 |
--------------------------
********** Iteration 131 ************
kl just right!
--------------------------
| EVAfter   | 0.986      |
| EVBefore  | 0.982      |
| EpLenMean | 1e+03      |
| EpRewMean | 39.6       |
| EpRewSEM  | 1.01       |
| KL        | 0.00207897 |
--------------------------
********** Iteration 132 ************
kl just right!
--------------------------
| EVAfter   | 0.991      |
| EVBefore  | 0.99       |
| EpLenMean | 1e+03      |
| EpRewMean | 37.6       |
| EpRewSEM  | 0.17       |
| KL        | 0.00113448 |
--------------------------
********** Iteration 133 ************
kl just right!
--------------------------
| EVAfter   | 0.986      |
| EVBefore  | 0.983      |
| EpLenMean | 1e+03      |
| EpRewMean | 38.8       |
| EpRewSEM  | 1.37       |
| KL        | 0.00164149 |
--------------------------
********** Iteration 134 ************
kl just right!
--------------------------
| EVAfter   | 0.986      |
| EVBefore  | 0.984      |
| EpLenMean | 1e+03      |
| EpRewMean | 38.6       |
| EpRewSEM  | 0.499      |
| KL        | 0.00195647 |
--------------------------
********** Iteration 135 ************
kl just right!
--------------------------
| EVAfter   | 0.992      |
| EVBefore  | 0.991      |
| EpLenMean | 1e+03      |
| EpRewMean | 38.4       |
| EpRewSEM  | 0.84       |
| KL        | 0.00247995 |
--------------------------
********** Iteration 136 ************
kl just right!
--------------------------
| EVAfter   | 0.992      |
| EVBefore  | 0.99       |
| EpLenMean | 1e+03      |
| EpRewMean | 36.9       |
| EpRewSEM  | 0.724      |
| KL        | 0.00227073 |
--------------------------
********** Iteration 137 ************
kl just right!
--------------------------
| EVAfter   | 0.986      |
| EVBefore  | 0.987      |
| EpLenMean | 1e+03      |
| EpRewMean | 38.7       |
| EpRewSEM  | 0.993      |
| KL        | 0.00302425 |
--------------------------
********** Iteration 138 ************
kl just right!
--------------------------
| EVAfter   | 0.985      |
| EVBefore  | 0.984      |
| EpLenMean | 1e+03      |
| EpRewMean | 38.6       |
| EpRewSEM  | 1.06       |
| KL        | 0.00288415 |
--------------------------
********** Iteration 139 ************
kl just right!
--------------------------
| EVAfter   | 0.98       |
| EVBefore  | 0.975      |
| EpLenMean | 1e+03      |
| EpRewMean | 39.5       |
| EpRewSEM  | 1.6        |
| KL        | 0.00272883 |
--------------------------
********** Iteration 140 ************
kl just right!
--------------------------
| EVAfter   | 0.989      |
| EVBefore  | 0.985      |
| EpLenMean | 1e+03      |
| EpRewMean | 39.6       |
| EpRewSEM  | 0.763      |
| KL        | 0.00194769 |
--------------------------
********** Iteration 141 ************
kl too low
--------------------------
| EVAfter   | 0.982      |
| EVBefore  | 0.979      |
| EpLenMean | 1e+03      |
| EpRewMean | 40.3       |
| EpRewSEM  | 1.09       |
| KL        | 0.00088936 |
--------------------------
********** Iteration 142 ************
kl too high
--------------------------
| EVAfter   | 0.983      |
| EVBefore  | 0.98       |
| EpLenMean | 1e+03      |
| EpRewMean | 43         |
| EpRewSEM  | 0.583      |
| KL        | 0.00566045 |
--------------------------
********** Iteration 143 ************
kl just right!
--------------------------
| EVAfter   | 0.99       |
| EVBefore  | 0.989      |
| EpLenMean | 1e+03      |
| EpRewMean | 39.6       |
| EpRewSEM  | 0.369      |
| KL        | 0.00231854 |
--------------------------
********** Iteration 144 ************
kl just right!
--------------------------
| EVAfter   | 0.987      |
| EVBefore  | 0.986      |
| EpLenMean | 1e+03      |
| EpRewMean | 41.1       |
| EpRewSEM  | 0.712      |
| KL        | 0.00364457 |
--------------------------
********** Iteration 145 ************
kl just right!
--------------------------
| EVAfter   | 0.989      |
| EVBefore  | 0.988      |
| EpLenMean | 1e+03      |
| EpRewMean | 40.1       |
| EpRewSEM  | 0.218      |
| KL        | 0.00305257 |
--------------------------
********** Iteration 146 ************
kl just right!
--------------------------
| EVAfter   | 0.983      |
| EVBefore  | 0.982      |
| EpLenMean | 1e+03      |
| EpRewMean | 40.5       |
| EpRewSEM  | 0.407      |
| KL        | 0.00251352 |
--------------------------
********** Iteration 147 ************
kl just right!
--------------------------
| EVAfter   | 0.992      |
| EVBefore  | 0.991      |
| EpLenMean | 1e+03      |
| EpRewMean | 40.3       |
| EpRewSEM  | 1.09       |
| KL        | 0.00380012 |
--------------------------
********** Iteration 148 ************
kl too high
--------------------------
| EVAfter   | 0.99       |
| EVBefore  | 0.989      |
| EpLenMean | 1e+03      |
| EpRewMean | 40.4       |
| EpRewSEM  | 0.342      |
| KL        | 0.00538691 |
--------------------------
********** Iteration 149 ************
kl just right!
--------------------------
| EVAfter   | 0.99       |
| EVBefore  | 0.989      |
| EpLenMean | 1e+03      |
| EpRewMean | 39.7       |
| EpRewSEM  | 0.911      |
| KL        | 0.00212884 |
--------------------------
********** Iteration 150 ************
kl just right!
------------------------
| EVAfter   | 0.985    |
| EVBefore  | 0.973    |
| EpLenMean | 1e+03    |
| EpRewMean | 41.7     |
| EpRewSEM  | 0.977    |
| KL        | 0.0019   |
------------------------
********** Iteration 151 ************
kl just right!
--------------------------
| EVAfter   | 0.972      |
| EVBefore  | 0.96       |
| EpLenMean | 1e+03      |
| EpRewMean | 41.9       |
| EpRewSEM  | 0.835      |
| KL        | 0.00227861 |
--------------------------
********** Iteration 152 ************
kl just right!
--------------------------
| EVAfter   | 0.991      |
| EVBefore  | 0.991      |
| EpLenMean | 1e+03      |
| EpRewMean | 41.1       |
| EpRewSEM  | 0.532      |
| KL        | 0.00214292 |
--------------------------
********** Iteration 153 ************
kl just right!
------------------------
| EVAfter   | 0.99     |
| EVBefore  | 0.989    |
| EpLenMean | 1e+03    |
| EpRewMean | 42.5     |
| EpRewSEM  | 0.277    |
| KL        | 0.002054 |
------------------------
********** Iteration 154 ************
kl just right!
--------------------------
| EVAfter   | 0.989      |
| EVBefore  | 0.987      |
| EpLenMean | 1e+03      |
| EpRewMean | 41.4       |
| EpRewSEM  | 0.45       |
| KL        | 0.00265549 |
--------------------------
********** Iteration 155 ************
kl just right!
--------------------------
| EVAfter   | 0.983      |
| EVBefore  | 0.975      |
| EpLenMean | 1e+03      |
| EpRewMean | 43.1       |
| EpRewSEM  | 0.144      |
| KL        | 0.00169817 |
--------------------------
********** Iteration 156 ************
kl just right!
--------------------------
| EVAfter   | 0.99       |
| EVBefore  | 0.988      |
| EpLenMean | 1e+03      |
| EpRewMean | 41.8       |
| EpRewSEM  | 0.231      |
| KL        | 0.00160212 |
--------------------------
********** Iteration 157 ************
kl just right!
--------------------------
| EVAfter   | 0.983      |
| EVBefore  | 0.98       |
| EpLenMean | 1e+03      |
| EpRewMean | 42.6       |
| EpRewSEM  | 0.636      |
| KL        | 0.00141249 |
--------------------------
********** Iteration 158 ************
kl just right!
--------------------------
| EVAfter   | 0.99       |
| EVBefore  | 0.989      |
| EpLenMean | 1e+03      |
| EpRewMean | 42         |
| EpRewSEM  | 0.445      |
| KL        | 0.00126244 |
--------------------------
********** Iteration 159 ************
kl just right!
--------------------------
| EVAfter   | 0.986      |
| EVBefore  | 0.986      |
| EpLenMean | 1e+03      |
| EpRewMean | 41.1       |
| EpRewSEM  | 0.477      |
| KL        | 0.00133193 |
--------------------------
********** Iteration 160 ************
kl just right!
--------------------------
| EVAfter   | 0.987      |
| EVBefore  | 0.985      |
| EpLenMean | 1e+03      |
| EpRewMean | 40.7       |
| EpRewSEM  | 0.53       |
| KL        | 0.00168797 |
--------------------------
********** Iteration 161 ************
kl just right!
-------------------------
| EVAfter   | 0.992     |
| EVBefore  | 0.991     |
| EpLenMean | 1e+03     |
| EpRewMean | 41.4      |
| EpRewSEM  | 0.363     |
| KL        | 0.0020106 |
-------------------------
********** Iteration 162 ************
kl just right!
--------------------------
| EVAfter   | 0.985      |
| EVBefore  | 0.982      |
| EpLenMean | 1e+03      |
| EpRewMean | 41.6       |
| EpRewSEM  | 0.902      |
| KL        | 0.00241835 |
--------------------------
********** Iteration 163 ************
kl just right!
-------------------------
| EVAfter   | 0.989     |
| EVBefore  | 0.988     |
| EpLenMean | 1e+03     |
| EpRewMean | 41.5      |
| EpRewSEM  | 0.377     |
| KL        | 0.0028437 |
-------------------------
********** Iteration 164 ************
kl just right!
--------------------------
| EVAfter   | 0.994      |
| EVBefore  | 0.993      |
| EpLenMean | 1e+03      |
| EpRewMean | 42.5       |
| EpRewSEM  | 0.177      |
| KL        | 0.00270732 |
--------------------------
********** Iteration 165 ************
kl too high
--------------------------
| EVAfter   | 0.986      |
| EVBefore  | 0.983      |
| EpLenMean | 1e+03      |
| EpRewMean | 42.3       |
| EpRewSEM  | 1.12       |
| KL        | 0.00414639 |
--------------------------
********** Iteration 166 ************
kl just right!
--------------------------
| EVAfter   | 0.993      |
| EVBefore  | 0.993      |
| EpLenMean | 1e+03      |
| EpRewMean | 42.3       |
| EpRewSEM  | 0.614      |
| KL        | 0.00153535 |
--------------------------
********** Iteration 167 ************
kl just right!
--------------------------
| EVAfter   | 0.99       |
| EVBefore  | 0.99       |
| EpLenMean | 1e+03      |
| EpRewMean | 41.6       |
| EpRewSEM  | 0.408      |
| KL        | 0.00169195 |
--------------------------
********** Iteration 168 ************
kl just right!
--------------------------
| EVAfter   | 0.989      |
| EVBefore  | 0.987      |
| EpLenMean | 1e+03      |
| EpRewMean | 41.6       |
| EpRewSEM  | 0.609      |
| KL        | 0.00165309 |
--------------------------
********** Iteration 169 ************
kl just right!
--------------------------
| EVAfter   | 0.769      |
| EVBefore  | 0.937      |
| EpLenMean | 1e+03      |
| EpRewMean | 39.8       |
| EpRewSEM  | 1.36       |
| KL        | 0.00179145 |
--------------------------
********** Iteration 170 ************
kl just right!
--------------------------
| EVAfter   | 0.983      |
| EVBefore  | 0.985      |
| EpLenMean | 1e+03      |
| EpRewMean | 42         |
| EpRewSEM  | 0.417      |
| KL        | 0.00167316 |
--------------------------
********** Iteration 171 ************
kl just right!
--------------------------
| EVAfter   | 0.989      |
| EVBefore  | 0.988      |
| EpLenMean | 1e+03      |
| EpRewMean | 40         |
| EpRewSEM  | 0.988      |
| KL        | 0.00179544 |
--------------------------
********** Iteration 172 ************
kl just right!
--------------------------
| EVAfter   | 0.989      |
| EVBefore  | 0.987      |
| EpLenMean | 1e+03      |
| EpRewMean | 39.4       |
| EpRewSEM  | 0.145      |
| KL        | 0.00147527 |
--------------------------
********** Iteration 173 ************
kl just right!
--------------------------
| EVAfter   | 0.988      |
| EVBefore  | 0.987      |
| EpLenMean | 1e+03      |
| EpRewMean | 40.6       |
| EpRewSEM  | 0.185      |
| KL        | 0.00169078 |
--------------------------
********** Iteration 174 ************
kl just right!
--------------------------
| EVAfter   | 0.99       |
| EVBefore  | 0.989      |
| EpLenMean | 1e+03      |
| EpRewMean | 41.5       |
| EpRewSEM  | 0.43       |
| KL        | 0.00156336 |
--------------------------
********** Iteration 175 ************
kl just right!
--------------------------
| EVAfter   | 0.993      |
| EVBefore  | 0.992      |
| EpLenMean | 1e+03      |
| EpRewMean | 40.9       |
| EpRewSEM  | 0.0955     |
| KL        | 0.00126227 |
--------------------------
********** Iteration 176 ************
kl just right!
--------------------------
| EVAfter   | 0.988      |
| EVBefore  | 0.986      |
| EpLenMean | 1e+03      |
| EpRewMean | 41.4       |
| EpRewSEM  | 0.34       |
| KL        | 0.00110059 |
--------------------------
********** Iteration 177 ************
kl just right!
--------------------------
| EVAfter   | 0.992      |
| EVBefore  | 0.992      |
| EpLenMean | 1e+03      |
| EpRewMean | 40.4       |
| EpRewSEM  | 0.552      |
| KL        | 0.00102097 |
--------------------------
********** Iteration 178 ************
kl just right!
--------------------------
| EVAfter   | 0.993      |
| EVBefore  | 0.993      |
| EpLenMean | 1e+03      |
| EpRewMean | 42         |
| EpRewSEM  | 0.214      |
| KL        | 0.00137125 |
--------------------------
********** Iteration 179 ************
kl just right!
--------------------------
| EVAfter   | 0.994      |
| EVBefore  | 0.993      |
| EpLenMean | 1e+03      |
| EpRewMean | 42.6       |
| EpRewSEM  | 0.115      |
| KL        | 0.00134173 |
--------------------------
********** Iteration 180 ************
kl just right!
--------------------------
| EVAfter   | 0.99       |
| EVBefore  | 0.989      |
| EpLenMean | 1e+03      |
| EpRewMean | 42         |
| EpRewSEM  | 0.14       |
| KL        | 0.00139047 |
--------------------------
********** Iteration 181 ************
kl just right!
-------------------------
| EVAfter   | 0.988     |
| EVBefore  | 0.988     |
| EpLenMean | 1e+03     |
| EpRewMean | 41.7      |
| EpRewSEM  | 0.318     |
| KL        | 0.0011874 |
-------------------------
********** Iteration 182 ************
kl just right!
-------------------------
| EVAfter   | 0.989     |
| EVBefore  | 0.988     |
| EpLenMean | 1e+03     |
| EpRewMean | 41.6      |
| EpRewSEM  | 0.101     |
| KL        | 0.0011653 |
-------------------------
********** Iteration 183 ************
kl too low
---------------------------
| EVAfter   | 0.993       |
| EVBefore  | 0.992       |
| EpLenMean | 1e+03       |
| EpRewMean | 41.6        |
| EpRewSEM  | 0.685       |
| KL        | 0.000822999 |
---------------------------
********** Iteration 184 ************
kl just right!
--------------------------
| EVAfter   | 0.991      |
| EVBefore  | 0.99       |
| EpLenMean | 1e+03      |
| EpRewMean | 42.5       |
| EpRewSEM  | 1.33       |
| KL        | 0.00159529 |
--------------------------
********** Iteration 185 ************
kl just right!
--------------------------
| EVAfter   | 0.994      |
| EVBefore  | 0.994      |
| EpLenMean | 1e+03      |
| EpRewMean | 40.7       |
| EpRewSEM  | 0.108      |
| KL        | 0.00150945 |
--------------------------
********** Iteration 186 ************
kl just right!
--------------------------
| EVAfter   | 0.994      |
| EVBefore  | 0.994      |
| EpLenMean | 1e+03      |
| EpRewMean | 40.8       |
| EpRewSEM  | 0.726      |
| KL        | 0.00174954 |
--------------------------
********** Iteration 187 ************
kl just right!
-------------------------
| EVAfter   | 0.993     |
| EVBefore  | 0.992     |
| EpLenMean | 1e+03     |
| EpRewMean | 40.4      |
| EpRewSEM  | 0.918     |
| KL        | 0.0020043 |
-------------------------
********** Iteration 188 ************
kl too high
--------------------------
| EVAfter   | 0.992      |
| EVBefore  | 0.991      |
| EpLenMean | 1e+03      |
| EpRewMean | 42.9       |
| EpRewSEM  | 0.448      |
| KL        | 0.00404888 |
--------------------------
********** Iteration 189 ************
kl too low
--------------------------
| EVAfter   | 0.994      |
| EVBefore  | 0.994      |
| EpLenMean | 1e+03      |
| EpRewMean | 42.7       |
| EpRewSEM  | 0.277      |
| KL        | 0.00096961 |
--------------------------
********** Iteration 190 ************
kl just right!
--------------------------
| EVAfter   | 0.996      |
| EVBefore  | 0.995      |
| EpLenMean | 1e+03      |
| EpRewMean | 42.6       |
| EpRewSEM  | 0.712      |
| KL        | 0.00193911 |
--------------------------
********** Iteration 191 ************
kl just right!
--------------------------
| EVAfter   | 0.994      |
| EVBefore  | 0.993      |
| EpLenMean | 1e+03      |
| EpRewMean | 42.2       |
| EpRewSEM  | 0.42       |
| KL        | 0.00167755 |
--------------------------
********** Iteration 192 ************
kl too high
--------------------------
| EVAfter   | 0.996      |
| EVBefore  | 0.995      |
| EpLenMean | 1e+03      |
| EpRewMean | 40.7       |
| EpRewSEM  | 0.364      |
| KL        | 0.00522532 |
--------------------------
********** Iteration 193 ************
kl just right!
--------------------------
| EVAfter   | 0.997      |
| EVBefore  | 0.997      |
| EpLenMean | 1e+03      |
| EpRewMean | 42.7       |
| EpRewSEM  | 0.156      |
| KL        | 0.00116689 |
--------------------------
********** Iteration 194 ************
kl too low
---------------------------
| EVAfter   | 0.997       |
| EVBefore  | 0.996       |
| EpLenMean | 1e+03       |
| EpRewMean | 43.4        |
| EpRewSEM  | 0.557       |
| KL        | 0.000649532 |
---------------------------
********** Iteration 195 ************
kl just right!
--------------------------
| EVAfter   | 0.997      |
| EVBefore  | 0.997      |
| EpLenMean | 1e+03      |
| EpRewMean | 42.8       |
| EpRewSEM  | 0.719      |
| KL        | 0.00156244 |
--------------------------
********** Iteration 196 ************
kl just right!
--------------------------
| EVAfter   | 0.996      |
| EVBefore  | 0.996      |
| EpLenMean | 1e+03      |
| EpRewMean | 42.8       |
| EpRewSEM  | 0.178      |
| KL        | 0.00165034 |
--------------------------
********** Iteration 197 ************
kl just right!
--------------------------
| EVAfter   | 0.997      |
| EVBefore  | 0.997      |
| EpLenMean | 1e+03      |
| EpRewMean | 42.3       |
| EpRewSEM  | 0.684      |
| KL        | 0.00103444 |
--------------------------
********** Iteration 198 ************
kl just right!
--------------------------
| EVAfter   | 0.995      |
| EVBefore  | 0.995      |
| EpLenMean | 1e+03      |
| EpRewMean | 41.4       |
| EpRewSEM  | 1.13       |
| KL        | 0.00166115 |
--------------------------
********** Iteration 199 ************
kl just right!
--------------------------
| EVAfter   | 0.998      |
| EVBefore  | 0.997      |
| EpLenMean | 1e+03      |
| EpRewMean | 43.5       |
| EpRewSEM  | 0.796      |
| KL        | 0.00153286 |
--------------------------
********** Iteration 200 ************
kl just right!
-------------------------
| EVAfter   | 0.996     |
| EVBefore  | 0.996     |
| EpLenMean | 1e+03     |
| EpRewMean | 41.5      |
| EpRewSEM  | 0.211     |
| KL        | 0.0012048 |
-------------------------
********** Iteration 201 ************
kl just right!
--------------------------
| EVAfter   | 0.997      |
| EVBefore  | 0.997      |
| EpLenMean | 1e+03      |
| EpRewMean | 42.9       |
| EpRewSEM  | 0.111      |
| KL        | 0.00140964 |
--------------------------
********** Iteration 202 ************
kl just right!
--------------------------
| EVAfter   | 0.998      |
| EVBefore  | 0.997      |
| EpLenMean | 1e+03      |
| EpRewMean | 41.8       |
| EpRewSEM  | 0.707      |
| KL        | 0.00131517 |
--------------------------
********** Iteration 203 ************
kl just right!
--------------------------
| EVAfter   | 0.999      |
| EVBefore  | 0.999      |
| EpLenMean | 1e+03      |
| EpRewMean | 41.5       |
| EpRewSEM  | 0.923      |
| KL        | 0.00161443 |
--------------------------
********** Iteration 204 ************
kl just right!
--------------------------
| EVAfter   | 0.998      |
| EVBefore  | 0.997      |
| EpLenMean | 1e+03      |
| EpRewMean | 42.9       |
| EpRewSEM  | 0.509      |
| KL        | 0.00215686 |
--------------------------
********** Iteration 205 ************
kl just right!
--------------------------
| EVAfter   | 0.998      |
| EVBefore  | 0.998      |
| EpLenMean | 1e+03      |
| EpRewMean | 42.7       |
| EpRewSEM  | 0.69       |
| KL        | 0.00178624 |
--------------------------
********** Iteration 206 ************
kl just right!
--------------------------
| EVAfter   | 0.996      |
| EVBefore  | 0.995      |
| EpLenMean | 1e+03      |
| EpRewMean | 43.1       |
| EpRewSEM  | 1.28       |
| KL        | 0.00195588 |
--------------------------
********** Iteration 207 ************
kl just right!
--------------------------
| EVAfter   | 0.997      |
| EVBefore  | 0.997      |
| EpLenMean | 1e+03      |
| EpRewMean | 43         |
| EpRewSEM  | 0.981      |
| KL        | 0.00201743 |
--------------------------
********** Iteration 208 ************
kl just right!
--------------------------
| EVAfter   | 0.998      |
| EVBefore  | 0.998      |
| EpLenMean | 1e+03      |
| EpRewMean | 43.2       |
| EpRewSEM  | 0.499      |
| KL        | 0.00191135 |
--------------------------
********** Iteration 209 ************
kl just right!
-------------------------
| EVAfter   | 0.998     |
| EVBefore  | 0.998     |
| EpLenMean | 1e+03     |
| EpRewMean | 44.6      |
| EpRewSEM  | 0.307     |
| KL        | 0.0020317 |
-------------------------
********** Iteration 210 ************
kl just right!
--------------------------
| EVAfter   | 0.997      |
| EVBefore  | 0.997      |
| EpLenMean | 1e+03      |
| EpRewMean | 43         |
| EpRewSEM  | 0.217      |
| KL        | 0.00255558 |
--------------------------
********** Iteration 211 ************
kl too high
-------------------------
| EVAfter   | 0.998     |
| EVBefore  | 0.998     |
| EpLenMean | 1e+03     |
| EpRewMean | 43.3      |
| EpRewSEM  | 0.163     |
| KL        | 0.0114603 |
-------------------------
********** Iteration 212 ************
kl too high
--------------------------
| EVAfter   | 0.999      |
| EVBefore  | 0.998      |
| EpLenMean | 1e+03      |
| EpRewMean | 43.9       |
| EpRewSEM  | 0.155      |
| KL        | 0.00508008 |
--------------------------
********** Iteration 213 ************
kl just right!
-------------------------
| EVAfter   | 0.999     |
| EVBefore  | 0.998     |
| EpLenMean | 1e+03     |
| EpRewMean | 44.4      |
| EpRewSEM  | 0.0848    |
| KL        | 0.0031026 |
-------------------------
********** Iteration 214 ************
kl just right!
--------------------------
| EVAfter   | 0.998      |
| EVBefore  | 0.998      |
| EpLenMean | 1e+03      |
| EpRewMean | 42.8       |
| EpRewSEM  | 0.607      |
| KL        | 0.00157791 |
--------------------------
********** Iteration 215 ************
kl just right!
--------------------------
| EVAfter   | 0.998      |
| EVBefore  | 0.998      |
| EpLenMean | 1e+03      |
| EpRewMean | 43.5       |
| EpRewSEM  | 0.133      |
| KL        | 0.00122235 |
--------------------------
********** Iteration 216 ************
kl just right!
--------------------------
| EVAfter   | 0.998      |
| EVBefore  | 0.998      |
| EpLenMean | 1e+03      |
| EpRewMean | 42.9       |
| EpRewSEM  | 0.314      |
| KL        | 0.00293246 |
--------------------------
********** Iteration 217 ************
kl just right!
--------------------------
| EVAfter   | 0.998      |
| EVBefore  | 0.997      |
| EpLenMean | 1e+03      |
| EpRewMean | 42.9       |
| EpRewSEM  | 0.61       |
| KL        | 0.00271155 |
--------------------------
********** Iteration 218 ************
kl just right!
--------------------------
| EVAfter   | 0.998      |
| EVBefore  | 0.998      |
| EpLenMean | 1e+03      |
| EpRewMean | 43.9       |
| EpRewSEM  | 0.825      |
| KL        | 0.00253808 |
--------------------------
********** Iteration 219 ************
kl just right!
--------------------------
| EVAfter   | 0.998      |
| EVBefore  | 0.998      |
| EpLenMean | 1e+03      |
| EpRewMean | 43.8       |
| EpRewSEM  | 0.294      |
| KL        | 0.00143446 |
--------------------------
********** Iteration 220 ************
kl just right!
--------------------------
| EVAfter   | 0.998      |
| EVBefore  | 0.998      |
| EpLenMean | 1e+03      |
| EpRewMean | 41.9       |
| EpRewSEM  | 0.792      |
| KL        | 0.00109355 |
--------------------------
********** Iteration 221 ************
kl too low
---------------------------
| EVAfter   | 0.998       |
| EVBefore  | 0.998       |
| EpLenMean | 1e+03       |
| EpRewMean | 43.5        |
| EpRewSEM  | 0.998       |
| KL        | 0.000649852 |
---------------------------
********** Iteration 222 ************
kl just right!
--------------------------
| EVAfter   | 0.998      |
| EVBefore  | 0.998      |
| EpLenMean | 1e+03      |
| EpRewMean | 43.2       |
| EpRewSEM  | 0.36       |
| KL        | 0.00207578 |
--------------------------
********** Iteration 223 ************
kl just right!
--------------------------
| EVAfter   | 0.999      |
| EVBefore  | 0.999      |
| EpLenMean | 1e+03      |
| EpRewMean | 42.4       |
| EpRewSEM  | 0.315      |
| KL        | 0.00219186 |
--------------------------
********** Iteration 224 ************
kl just right!
--------------------------
| EVAfter   | 0.999      |
| EVBefore  | 0.999      |
| EpLenMean | 1e+03      |
| EpRewMean | 42.2       |
| EpRewSEM  | 0.298      |
| KL        | 0.00202899 |
--------------------------
********** Iteration 225 ************
kl just right!
-------------------------
| EVAfter   | 0.998     |
| EVBefore  | 0.998     |
| EpLenMean | 1e+03     |
| EpRewMean | 42.9      |
| EpRewSEM  | 0.511     |
| KL        | 0.0019749 |
-------------------------
********** Iteration 226 ************
kl just right!
--------------------------
| EVAfter   | 0.998      |
| EVBefore  | 0.997      |
| EpLenMean | 1e+03      |
| EpRewMean | 43.7       |
| EpRewSEM  | 0.0845     |
| KL        | 0.00153936 |
--------------------------
********** Iteration 227 ************
kl too low
---------------------------
| EVAfter   | 0.998       |
| EVBefore  | 0.998       |
| EpLenMean | 1e+03       |
| EpRewMean | 42.5        |
| EpRewSEM  | 0.777       |
| KL        | 0.000934033 |
---------------------------
********** Iteration 228 ************
kl just right!
--------------------------
| EVAfter   | 0.999      |
| EVBefore  | 0.999      |
| EpLenMean | 1e+03      |
| EpRewMean | 43.6       |
| EpRewSEM  | 0.29       |
| KL        | 0.00380629 |
--------------------------
********** Iteration 229 ************
kl too high
-------------------------
| EVAfter   | 0.999     |
| EVBefore  | 0.999     |
| EpLenMean | 1e+03     |
| EpRewMean | 43.7      |
| EpRewSEM  | 0.638     |
| KL        | 0.0124977 |
-------------------------
********** Iteration 230 ************
kl too high
--------------------------
| EVAfter   | 0.999      |
| EVBefore  | 0.998      |
| EpLenMean | 1e+03      |
| EpRewMean | 42.8       |
| EpRewSEM  | 0.437      |
| KL        | 0.00486407 |
--------------------------
********** Iteration 231 ************
kl just right!
--------------------------
| EVAfter   | 0.999      |
| EVBefore  | 0.999      |
| EpLenMean | 1e+03      |
| EpRewMean | 43.4       |
| EpRewSEM  | 0.384      |
| KL        | 0.00165117 |
--------------------------
********** Iteration 232 ************
kl just right!
--------------------------
| EVAfter   | 0.999      |
| EVBefore  | 0.999      |
| EpLenMean | 1e+03      |
| EpRewMean | 42.9       |
| EpRewSEM  | 0.447      |
| KL        | 0.00108056 |
--------------------------
********** Iteration 233 ************
kl too low
--------------------------
| EVAfter   | 0.998      |
| EVBefore  | 0.998      |
| EpLenMean | 1e+03      |
| EpRewMean | 42.8       |
| EpRewSEM  | 0.95       |
| KL        | 0.00078017 |
--------------------------
********** Iteration 234 ************
kl just right!
--------------------------
| EVAfter   | 0.998      |
| EVBefore  | 0.998      |
| EpLenMean | 1e+03      |
| EpRewMean | 42.5       |
| EpRewSEM  | 0.899      |
| KL        | 0.00162911 |
--------------------------
********** Iteration 235 ************
kl just right!
--------------------------
| EVAfter   | 0.999      |
| EVBefore  | 0.998      |
| EpLenMean | 1e+03      |
| EpRewMean | 43.3       |
| EpRewSEM  | 0.352      |
| KL        | 0.00124415 |
--------------------------
********** Iteration 236 ************
kl just right!
--------------------------
| EVAfter   | 0.999      |
| EVBefore  | 0.999      |
| EpLenMean | 1e+03      |
| EpRewMean | 44.4       |
| EpRewSEM  | 0.403      |
| KL        | 0.00124384 |
--------------------------
********** Iteration 237 ************
kl too low
---------------------------
| EVAfter   | 0.999       |
| EVBefore  | 0.998       |
| EpLenMean | 1e+03       |
| EpRewMean | 44.1        |
| EpRewSEM  | 0.673       |
| KL        | 0.000988593 |
---------------------------
********** Iteration 238 ************
kl too high
--------------------------
| EVAfter   | 0.998      |
| EVBefore  | 0.998      |
| EpLenMean | 1e+03      |
| EpRewMean | 42         |
| EpRewSEM  | 0.402      |
| KL        | 0.00421243 |
--------------------------
********** Iteration 239 ************
kl just right!
--------------------------
| EVAfter   | 0.999      |
| EVBefore  | 0.999      |
| EpLenMean | 1e+03      |
| EpRewMean | 43.6       |
| EpRewSEM  | 0.229      |
| KL        | 0.00273057 |
--------------------------
********** Iteration 240 ************
kl just right!
--------------------------
| EVAfter   | 0.999      |
| EVBefore  | 0.998      |
| EpLenMean | 1e+03      |
| EpRewMean | 42.8       |
| EpRewSEM  | 0.939      |
| KL        | 0.00221998 |
--------------------------
********** Iteration 241 ************
kl too high
--------------------------
| EVAfter   | 0.999      |
| EVBefore  | 0.998      |
| EpLenMean | 1e+03      |
| EpRewMean | 44.6       |
| EpRewSEM  | 0.774      |
| KL        | 0.00457025 |
--------------------------
********** Iteration 242 ************
kl just right!
--------------------------
| EVAfter   | 0.999      |
| EVBefore  | 0.999      |
| EpLenMean | 1e+03      |
| EpRewMean | 45         |
| EpRewSEM  | 0.433      |
| KL        | 0.00193429 |
--------------------------
********** Iteration 243 ************
kl just right!
--------------------------
| EVAfter   | 0.999      |
| EVBefore  | 0.999      |
| EpLenMean | 1e+03      |
| EpRewMean | 43         |
| EpRewSEM  | 0.192      |
| KL        | 0.00370842 |
--------------------------
********** Iteration 244 ************
kl too high
--------------------------
| EVAfter   | 0.999      |
| EVBefore  | 0.999      |
| EpLenMean | 1e+03      |
| EpRewMean | 42.7       |
| EpRewSEM  | 0.641      |
| KL        | 0.00444285 |
--------------------------
********** Iteration 245 ************
kl just right!
--------------------------
| EVAfter   | 0.999      |
| EVBefore  | 0.998      |
| EpLenMean | 1e+03      |
| EpRewMean | 44.7       |
| EpRewSEM  | 0.0268     |
| KL        | 0.00181262 |
--------------------------
********** Iteration 246 ************
kl just right!
--------------------------
| EVAfter   | 0.999      |
| EVBefore  | 0.999      |
| EpLenMean | 1e+03      |
| EpRewMean | 43.7       |
| EpRewSEM  | 0.692      |
| KL        | 0.00145181 |
--------------------------
********** Iteration 247 ************
kl too low
---------------------------
| EVAfter   | 0.999       |
| EVBefore  | 0.999       |
| EpLenMean | 1e+03       |
| EpRewMean | 43.9        |
| EpRewSEM  | 0.253       |
| KL        | 0.000984056 |
---------------------------
********** Iteration 248 ************
kl just right!
--------------------------
| EVAfter   | 0.999      |
| EVBefore  | 0.999      |
| EpLenMean | 1e+03      |
| EpRewMean | 44.2       |
| EpRewSEM  | 0.153      |
| KL        | 0.00196554 |
--------------------------
********** Iteration 249 ************
kl just right!
--------------------------
| EVAfter   | 0.999      |
| EVBefore  | 0.999      |
| EpLenMean | 1e+03      |
| EpRewMean | 44.5       |
| EpRewSEM  | 0.478      |
| KL        | 0.00108883 |
--------------------------
********** Iteration 250 ************
kl just right!
--------------------------
| EVAfter   | 0.999      |
| EVBefore  | 0.999      |
| EpLenMean | 1e+03      |
| EpRewMean | 45.3       |
| EpRewSEM  | 0.395      |
| KL        | 0.00127802 |
--------------------------
********** Iteration 251 ************
kl just right!
--------------------------
| EVAfter   | 0.999      |
| EVBefore  | 0.999      |
| EpLenMean | 1e+03      |
| EpRewMean | 44.4       |
| EpRewSEM  | 0.308      |
| KL        | 0.00195672 |
--------------------------
********** Iteration 252 ************
kl just right!
--------------------------
| EVAfter   | 0.999      |
| EVBefore  | 0.999      |
| EpLenMean | 1e+03      |
| EpRewMean | 43.9       |
| EpRewSEM  | 0.0593     |
| KL        | 0.00252353 |
--------------------------
********** Iteration 253 ************
kl just right!
-------------------------
| EVAfter   | 0.999     |
| EVBefore  | 0.999     |
| EpLenMean | 1e+03     |
| EpRewMean | 44.1      |
| EpRewSEM  | 0.241     |
| KL        | 0.0023173 |
-------------------------
********** Iteration 254 ************
kl just right!
-------------------------
| EVAfter   | 0.999     |
| EVBefore  | 0.999     |
| EpLenMean | 1e+03     |
| EpRewMean | 44.8      |
| EpRewSEM  | 0.556     |
| KL        | 0.0015054 |
-------------------------
********** Iteration 255 ************
kl just right!
--------------------------
| EVAfter   | 0.999      |
| EVBefore  | 0.999      |
| EpLenMean | 1e+03      |
| EpRewMean | 43.2       |
| EpRewSEM  | 0.568      |
| KL        | 0.00170261 |
--------------------------
********** Iteration 256 ************
kl just right!
--------------------------
| EVAfter   | 0.999      |
| EVBefore  | 0.999      |
| EpLenMean | 1e+03      |
| EpRewMean | 44.2       |
| EpRewSEM  | 0.892      |
| KL        | 0.00285865 |
--------------------------
********** Iteration 257 ************
kl just right!
--------------------------
| EVAfter   | 0.998      |
| EVBefore  | 0.998      |
| EpLenMean | 1e+03      |
| EpRewMean | 44.1       |
| EpRewSEM  | 0.669      |
| KL        | 0.00299271 |
--------------------------
********** Iteration 258 ************
kl just right!
--------------------------
| EVAfter   | 0.999      |
| EVBefore  | 0.999      |
| EpLenMean | 1e+03      |
| EpRewMean | 44.5       |
| EpRewSEM  | 0.392      |
| KL        | 0.00150486 |
--------------------------
********** Iteration 259 ************
kl too high
--------------------------
| EVAfter   | 0.999      |
| EVBefore  | 0.999      |
| EpLenMean | 1e+03      |
| EpRewMean | 44.4       |
| EpRewSEM  | 0.547      |
| KL        | 0.00440212 |
--------------------------
********** Iteration 260 ************
kl just right!
--------------------------
| EVAfter   | 0.999      |
| EVBefore  | 0.999      |
| EpLenMean | 1e+03      |
| EpRewMean | 44.9       |
| EpRewSEM  | 0.114      |
| KL        | 0.00187978 |
--------------------------
********** Iteration 261 ************
kl too low
--------------------------
| EVAfter   | 0.999      |
| EVBefore  | 0.999      |
| EpLenMean | 1e+03      |
| EpRewMean | 45         |
| EpRewSEM  | 0.881      |
| KL        | 0.00078326 |
--------------------------
********** Iteration 262 ************
kl just right!
--------------------------
| EVAfter   | 0.998      |
| EVBefore  | 0.998      |
| EpLenMean | 1e+03      |
| EpRewMean | 44.8       |
| EpRewSEM  | 0.977      |
| KL        | 0.00191017 |
--------------------------
********** Iteration 263 ************
kl just right!
--------------------------
| EVAfter   | 0.999      |
| EVBefore  | 0.998      |
| EpLenMean | 1e+03      |
| EpRewMean | 46.1       |
| EpRewSEM  | 0.559      |
| KL        | 0.00324355 |
--------------------------
********** Iteration 264 ************
kl too high
--------------------------
| EVAfter   | 0.999      |
| EVBefore  | 0.998      |
| EpLenMean | 1e+03      |
| EpRewMean | 46.1       |
| EpRewSEM  | 0.458      |
| KL        | 0.00443862 |
--------------------------
********** Iteration 265 ************
kl too low
--------------------------
| EVAfter   | 0.996      |
| EVBefore  | 0.995      |
| EpLenMean | 1e+03      |
| EpRewMean | 45.1       |
| EpRewSEM  | 0.472      |
| KL        | 0.00063396 |
--------------------------
********** Iteration 266 ************
kl just right!
--------------------------
| EVAfter   | 0.999      |
| EVBefore  | 0.999      |
| EpLenMean | 1e+03      |
| EpRewMean | 45.7       |
| EpRewSEM  | 0.25       |
| KL        | 0.00155469 |
--------------------------
********** Iteration 267 ************
kl just right!
--------------------------
| EVAfter   | 0.997      |
| EVBefore  | 0.997      |
| EpLenMean | 1e+03      |
| EpRewMean | 45.6       |
| EpRewSEM  | 0.673      |
| KL        | 0.00117495 |
--------------------------
********** Iteration 268 ************
kl too low
---------------------------
| EVAfter   | 0.998       |
| EVBefore  | 0.998       |
| EpLenMean | 1e+03       |
| EpRewMean | 45.7        |
| EpRewSEM  | 0.72        |
| KL        | 0.000985017 |
---------------------------
********** Iteration 269 ************
kl too high
--------------------------
| EVAfter   | 0.997      |
| EVBefore  | 0.996      |
| EpLenMean | 1e+03      |
| EpRewMean | 46.2       |
| EpRewSEM  | 1.11       |
| KL        | 0.00663912 |
--------------------------
********** Iteration 270 ************
kl too low
---------------------------
| EVAfter   | 0.995       |
| EVBefore  | 0.994       |
| EpLenMean | 1e+03       |
| EpRewMean | 45.4        |
| EpRewSEM  | 0.735       |
| KL        | 0.000528962 |
---------------------------
********** Iteration 271 ************
kl just right!
--------------------------
| EVAfter   | 0.997      |
| EVBefore  | 0.997      |
| EpLenMean | 1e+03      |
| EpRewMean | 46.4       |
| EpRewSEM  | 1.2        |
| KL        | 0.00248604 |
--------------------------
********** Iteration 272 ************
kl too high
-------------------------
| EVAfter   | 0.998     |
| EVBefore  | 0.997     |
| EpLenMean | 1e+03     |
| EpRewMean | 47.2      |
| EpRewSEM  | 0.36      |
| KL        | 0.0116909 |
-------------------------
********** Iteration 273 ************
kl too high
--------------------------
| EVAfter   | 0.998      |
| EVBefore  | 0.998      |
| EpLenMean | 1e+03      |
| EpRewMean | 45.1       |
| EpRewSEM  | 0.296      |
| KL        | 0.00756933 |
--------------------------
********** Iteration 274 ************
kl just right!
--------------------------
| EVAfter   | 0.999      |
| EVBefore  | 0.999      |
| EpLenMean | 1e+03      |
| EpRewMean | 44.7       |
| EpRewSEM  | 0.45       |
| KL        | 0.00160219 |
--------------------------
********** Iteration 275 ************
kl just right!
-------------------------
| EVAfter   | 0.999     |
| EVBefore  | 0.998     |
| EpLenMean | 1e+03     |
| EpRewMean | 46.3      |
| EpRewSEM  | 0.735     |
| KL        | 0.0030074 |
-------------------------
********** Iteration 276 ************
kl just right!
--------------------------
| EVAfter   | 0.999      |
| EVBefore  | 0.998      |
| EpLenMean | 1e+03      |
| EpRewMean | 45.6       |
| EpRewSEM  | 0.19       |
| KL        | 0.00216761 |
--------------------------
********** Iteration 277 ************
kl just right!
-------------------------
| EVAfter   | 0.999     |
| EVBefore  | 0.999     |
| EpLenMean | 1e+03     |
| EpRewMean | 45        |
| EpRewSEM  | 0.895     |
| KL        | 0.0016165 |
-------------------------
********** Iteration 278 ************
kl just right!
--------------------------
| EVAfter   | 0.997      |
| EVBefore  | 0.997      |
| EpLenMean | 1e+03      |
| EpRewMean | 45.1       |
| EpRewSEM  | 0.707      |
| KL        | 0.00127254 |
--------------------------
********** Iteration 279 ************
kl too low
---------------------------
| EVAfter   | 0.998       |
| EVBefore  | 0.998       |
| EpLenMean | 1e+03       |
| EpRewMean | 44.5        |
| EpRewSEM  | 1.36        |
| KL        | 0.000807352 |
---------------------------
********** Iteration 280 ************
kl too high
--------------------------
| EVAfter   | 0.999      |
| EVBefore  | 0.999      |
| EpLenMean | 1e+03      |
| EpRewMean | 46.1       |
| EpRewSEM  | 0.559      |
| KL        | 0.00465146 |
--------------------------
********** Iteration 281 ************
kl just right!
--------------------------
| EVAfter   | 0.999      |
| EVBefore  | 0.999      |
| EpLenMean | 1e+03      |
| EpRewMean | 46.3       |
| EpRewSEM  | 0.0498     |
| KL        | 0.00215313 |
--------------------------
********** Iteration 282 ************
kl just right!
--------------------------
| EVAfter   | 0.999      |
| EVBefore  | 0.999      |
| EpLenMean | 1e+03      |
| EpRewMean | 45.3       |
| EpRewSEM  | 0.802      |
| KL        | 0.00197139 |
--------------------------
********** Iteration 283 ************
kl just right!
--------------------------
| EVAfter   | 0.999      |
| EVBefore  | 0.999      |
| EpLenMean | 1e+03      |
| EpRewMean | 46.2       |
| EpRewSEM  | 0.136      |
| KL        | 0.00239966 |
--------------------------
********** Iteration 284 ************
kl just right!
--------------------------
| EVAfter   | 0.998      |
| EVBefore  | 0.998      |
| EpLenMean | 1e+03      |
| EpRewMean | 45         |
| EpRewSEM  | 0.531      |
| KL        | 0.00256651 |
--------------------------
********** Iteration 285 ************
kl just right!
--------------------------
| EVAfter   | 0.998      |
| EVBefore  | 0.998      |
| EpLenMean | 1e+03      |
| EpRewMean | 45.9       |
| EpRewSEM  | 0.715      |
| KL        | 0.00260183 |
--------------------------
********** Iteration 286 ************
kl just right!
--------------------------
| EVAfter   | 0.999      |
| EVBefore  | 0.998      |
| EpLenMean | 1e+03      |
| EpRewMean | 44.2       |
| EpRewSEM  | 0.481      |
| KL        | 0.00133461 |
--------------------------
********** Iteration 287 ************
kl just right!
--------------------------
| EVAfter   | 0.999      |
| EVBefore  | 0.998      |
| EpLenMean | 1e+03      |
| EpRewMean | 43.4       |
| EpRewSEM  | 0.659      |
| KL        | 0.00112357 |
--------------------------
********** Iteration 288 ************
kl too low
---------------------------
| EVAfter   | 0.999       |
| EVBefore  | 0.999       |
| EpLenMean | 1e+03       |
| EpRewMean | 45          |
| EpRewSEM  | 0.134       |
| KL        | 0.000710331 |
---------------------------
********** Iteration 289 ************
kl just right!
--------------------------
| EVAfter   | 0.999      |
| EVBefore  | 0.997      |
| EpLenMean | 1e+03      |
| EpRewMean | 46.4       |
| EpRewSEM  | 0.528      |
| KL        | 0.00157974 |
--------------------------
********** Iteration 290 ************
kl just right!
--------------------------
| EVAfter   | 0.999      |
| EVBefore  | 0.999      |
| EpLenMean | 1e+03      |
| EpRewMean | 42.6       |
| EpRewSEM  | 0.516      |
| KL        | 0.00219246 |
--------------------------
********** Iteration 291 ************
kl just right!
--------------------------
| EVAfter   | 0.999      |
| EVBefore  | 0.999      |
| EpLenMean | 1e+03      |
| EpRewMean | 44.4       |
| EpRewSEM  | 0.45       |
| KL        | 0.00164137 |
--------------------------
********** Iteration 292 ************
kl just right!
--------------------------
| EVAfter   | 0.999      |
| EVBefore  | 0.999      |
| EpLenMean | 1e+03      |
| EpRewMean | 44.3       |
| EpRewSEM  | 0.711      |
| KL        | 0.00125884 |
--------------------------
********** Iteration 293 ************
kl just right!
-------------------------
| EVAfter   | 0.999     |
| EVBefore  | 0.999     |
| EpLenMean | 1e+03     |
| EpRewMean | 43.2      |
| EpRewSEM  | 0.203     |
| KL        | 0.0013294 |
-------------------------
********** Iteration 294 ************
kl too low
---------------------------
| EVAfter   | 0.999       |
| EVBefore  | 0.998       |
| EpLenMean | 1e+03       |
| EpRewMean | 43.8        |
| EpRewSEM  | 0.693       |
| KL        | 0.000639098 |
---------------------------
********** Iteration 295 ************
kl just right!
--------------------------
| EVAfter   | 0.999      |
| EVBefore  | 0.999      |
| EpLenMean | 1e+03      |
| EpRewMean | 43.5       |
| EpRewSEM  | 0.799      |
| KL        | 0.00143457 |
--------------------------
********** Iteration 296 ************
kl just right!
--------------------------
| EVAfter   | 0.999      |
| EVBefore  | 0.998      |
| EpLenMean | 1e+03      |
| EpRewMean | 45.2       |
| EpRewSEM  | 0.266      |
| KL        | 0.00159378 |
--------------------------
********** Iteration 297 ************
kl just right!
--------------------------
| EVAfter   | 0.999      |
| EVBefore  | 0.999      |
| EpLenMean | 1e+03      |
| EpRewMean | 43.7       |
| EpRewSEM  | 0.48       |
| KL        | 0.00251855 |
--------------------------
********** Iteration 298 ************
kl just right!
--------------------------
| EVAfter   | 0.999      |
| EVBefore  | 0.999      |
| EpLenMean | 1e+03      |
| EpRewMean | 43.3       |
| EpRewSEM  | 0.198      |
| KL        | 0.00310132 |
--------------------------
********** Iteration 299 ************
kl just right!
--------------------------
| EVAfter   | 0.999      |
| EVBefore  | 0.999      |
| EpLenMean | 1e+03      |
| EpRewMean | 44         |
| EpRewSEM  | 0.84       |
| KL        | 0.00311381 |
--------------------------
********** Iteration 300 ************
kl just right!
--------------------------
| EVAfter   | 0.999      |
| EVBefore  | 0.999      |
| EpLenMean | 1e+03      |
| EpRewMean | 43         |
| EpRewSEM  | 0.363      |
| KL        | 0.00268066 |
--------------------------
********** Iteration 301 ************
kl just right!
--------------------------
| EVAfter   | 0.999      |
| EVBefore  | 0.999      |
| EpLenMean | 1e+03      |
| EpRewMean | 43.8       |
| EpRewSEM  | 0.326      |
| KL        | 0.00356348 |
--------------------------
********** Iteration 302 ************
kl too high
--------------------------
| EVAfter   | 0.999      |
| EVBefore  | 0.999      |
| EpLenMean | 1e+03      |
| EpRewMean | 44.3       |
| EpRewSEM  | 0.435      |
| KL        | 0.00490912 |
--------------------------
********** Iteration 303 ************
kl just right!
--------------------------
| EVAfter   | 0.999      |
| EVBefore  | 0.999      |
| EpLenMean | 1e+03      |
| EpRewMean | 43.2       |
| EpRewSEM  | 0.824      |
| KL        | 0.00201171 |
--------------------------
********** Iteration 304 ************
kl just right!
--------------------------
| EVAfter   | 0.999      |
| EVBefore  | 0.999      |
| EpLenMean | 1e+03      |
| EpRewMean | 43.8       |
| EpRewSEM  | 0.879      |
| KL        | 0.00295881 |
--------------------------
********** Iteration 305 ************
kl just right!
--------------------------
| EVAfter   | 0.999      |
| EVBefore  | 0.999      |
| EpLenMean | 1e+03      |
| EpRewMean | 43.5       |
| EpRewSEM  | 0.595      |
| KL        | 0.00178158 |
--------------------------
********** Iteration 306 ************
kl just right!
--------------------------
| EVAfter   | 0.999      |
| EVBefore  | 0.999      |
| EpLenMean | 1e+03      |
| EpRewMean | 43.3       |
| EpRewSEM  | 0.0625     |
| KL        | 0.00163717 |
--------------------------
********** Iteration 307 ************
kl just right!
--------------------------
| EVAfter   | 0.999      |
| EVBefore  | 0.999      |
| EpLenMean | 1e+03      |
| EpRewMean | 42.5       |
| EpRewSEM  | 0.948      |
| KL        | 0.00143728 |
--------------------------
********** Iteration 308 ************
kl too low
---------------------------
| EVAfter   | 0.999       |
| EVBefore  | 0.999       |
| EpLenMean | 1e+03       |
| EpRewMean | 43          |
| EpRewSEM  | 0.511       |
| KL        | 0.000789405 |
---------------------------
********** Iteration 309 ************
kl just right!
--------------------------
| EVAfter   | 0.999      |
| EVBefore  | 0.999      |
| EpLenMean | 1e+03      |
| EpRewMean | 41.9       |
| EpRewSEM  | 0.651      |
| KL        | 0.00194127 |
--------------------------
********** Iteration 310 ************
kl just right!
-------------------------
| EVAfter   | 0.999     |
| EVBefore  | 0.999     |
| EpLenMean | 1e+03     |
| EpRewMean | 43        |
| EpRewSEM  | 0.249     |
| KL        | 0.0013788 |
-------------------------
********** Iteration 311 ************
kl just right!
--------------------------
| EVAfter   | 0.999      |
| EVBefore  | 0.999      |
| EpLenMean | 1e+03      |
| EpRewMean | 42.7       |
| EpRewSEM  | 0.334      |
| KL        | 0.00172031 |
--------------------------
********** Iteration 312 ************
kl just right!
--------------------------
| EVAfter   | 0.999      |
| EVBefore  | 0.999      |
| EpLenMean | 1e+03      |
| EpRewMean | 43.2       |
| EpRewSEM  | 0.193      |
| KL        | 0.00120188 |
--------------------------
********** Iteration 313 ************
kl just right!
--------------------------
| EVAfter   | 0.999      |
| EVBefore  | 0.998      |
| EpLenMean | 1e+03      |
| EpRewMean | 42.1       |
| EpRewSEM  | 0.617      |
| KL        | 0.00173171 |
--------------------------
********** Iteration 314 ************
kl too low
---------------------------
| EVAfter   | 0.999       |
| EVBefore  | 0.998       |
| EpLenMean | 1e+03       |
| EpRewMean | 43.5        |
| EpRewSEM  | 0.571       |
| KL        | 0.000756379 |
---------------------------
********** Iteration 315 ************
kl just right!
--------------------------
| EVAfter   | 0.998      |
| EVBefore  | 0.998      |
| EpLenMean | 1e+03      |
| EpRewMean | 42.2       |
| EpRewSEM  | 1.15       |
| KL        | 0.00220268 |
--------------------------
********** Iteration 316 ************
kl just right!
--------------------------
| EVAfter   | 0.998      |
| EVBefore  | 0.998      |
| EpLenMean | 1e+03      |
| EpRewMean | 43.2       |
| EpRewSEM  | 0.608      |
| KL        | 0.00156574 |
--------------------------
********** Iteration 317 ************
kl just right!
--------------------------
| EVAfter   | 0.998      |
| EVBefore  | 0.998      |
| EpLenMean | 1e+03      |
| EpRewMean | 44.6       |
| EpRewSEM  | 0.549      |
| KL        | 0.00260041 |
--------------------------
********** Iteration 318 ************
kl just right!
--------------------------
| EVAfter   | 0.999      |
| EVBefore  | 0.998      |
| EpLenMean | 1e+03      |
| EpRewMean | 43.5       |
| EpRewSEM  | 1.2        |
| KL        | 0.00355562 |
--------------------------
********** Iteration 319 ************
kl too high
-------------------------
| EVAfter   | 0.999     |
| EVBefore  | 0.999     |
| EpLenMean | 1e+03     |
| EpRewMean | 42.9      |
| EpRewSEM  | 0.702     |
| KL        | 0.0143851 |
-------------------------
********** Iteration 320 ************
kl too high
--------------------------
| EVAfter   | 0.999      |
| EVBefore  | 0.999      |
| EpLenMean | 1e+03      |
| EpRewMean | 43.1       |
| EpRewSEM  | 0.854      |
| KL        | 0.00768315 |
--------------------------
********** Iteration 321 ************
kl too high
--------------------------
| EVAfter   | 0.999      |
| EVBefore  | 0.999      |
| EpLenMean | 1e+03      |
| EpRewMean | 43.5       |
| EpRewSEM  | 0.66       |
| KL        | 0.00587851 |
--------------------------
********** Iteration 322 ************
kl just right!
--------------------------
| EVAfter   | 0.999      |
| EVBefore  | 0.998      |
| EpLenMean | 1e+03      |
| EpRewMean | 44         |
| EpRewSEM  | 1.07       |
| KL        | 0.00258033 |
--------------------------
********** Iteration 323 ************
kl just right!
--------------------------
| EVAfter   | 0.999      |
| EVBefore  | 0.999      |
| EpLenMean | 1e+03      |
| EpRewMean | 43.9       |
| EpRewSEM  | 0.22       |
| KL        | 0.00204441 |
--------------------------
********** Iteration 324 ************
kl just right!
--------------------------
| EVAfter   | 0.999      |
| EVBefore  | 0.999      |
| EpLenMean | 1e+03      |
| EpRewMean | 43.7       |
| EpRewSEM  | 0.582      |
| KL        | 0.00161015 |
--------------------------
********** Iteration 325 ************
kl too low
---------------------------
| EVAfter   | 0.999       |
| EVBefore  | 0.999       |
| EpLenMean | 1e+03       |
| EpRewMean | 43.9        |
| EpRewSEM  | 1.16        |
| KL        | 0.000820668 |
---------------------------
********** Iteration 326 ************
kl just right!
--------------------------
| EVAfter   | 0.999      |
| EVBefore  | 0.999      |
| EpLenMean | 1e+03      |
| EpRewMean | 44.2       |
| EpRewSEM  | 0.62       |
| KL        | 0.00302691 |
--------------------------
********** Iteration 327 ************
kl just right!
--------------------------
| EVAfter   | 0.999      |
| EVBefore  | 0.999      |
| EpLenMean | 1e+03      |
| EpRewMean | 43.4       |
| EpRewSEM  | 0.541      |
| KL        | 0.00259835 |
--------------------------
********** Iteration 328 ************
kl just right!
--------------------------
| EVAfter   | 0.999      |
| EVBefore  | 0.999      |
| EpLenMean | 1e+03      |
| EpRewMean | 43         |
| EpRewSEM  | 0.431      |
| KL        | 0.00146611 |
--------------------------
********** Iteration 329 ************
kl just right!
--------------------------
| EVAfter   | 0.999      |
| EVBefore  | 0.998      |
| EpLenMean | 1e+03      |
| EpRewMean | 42.8       |
| EpRewSEM  | 1.23       |
| KL        | 0.00364423 |
--------------------------
********** Iteration 330 ************
kl just right!
--------------------------
| EVAfter   | 0.999      |
| EVBefore  | 0.999      |
| EpLenMean | 1e+03      |
| EpRewMean | 43.1       |
| EpRewSEM  | 0.692      |
| KL        | 0.00164411 |
--------------------------
********** Iteration 331 ************
kl just right!
--------------------------
| EVAfter   | 0.999      |
| EVBefore  | 0.999      |
| EpLenMean | 1e+03      |
| EpRewMean | 43.9       |
| EpRewSEM  | 0.316      |
| KL        | 0.00182097 |
--------------------------
********** Iteration 332 ************
kl too high
--------------------------
| EVAfter   | 0.999      |
| EVBefore  | 0.998      |
| EpLenMean | 1e+03      |
| EpRewMean | 43.1       |
| EpRewSEM  | 0.256      |
| KL        | 0.00412756 |
--------------------------
********** Iteration 333 ************
kl too high
--------------------------
| EVAfter   | 0.999      |
| EVBefore  | 0.999      |
| EpLenMean | 1e+03      |
| EpRewMean | 44         |
| EpRewSEM  | 0.269      |
| KL        | 0.00539224 |
--------------------------
W tensorflow/core/kernels/queue_base.cc:294] _0_fifo_queue: Skipping cancelled enqueue attempt with queue not closed
W tensorflow/core/kernels/queue_base.cc:294] _1_vf/fifo_queue: Skipping cancelled enqueue attempt with queue not closed
