I tensorflow/stream_executor/dso_loader.cc:135] successfully opened CUDA library libcublas.so.8.0 locally
I tensorflow/stream_executor/dso_loader.cc:135] successfully opened CUDA library libcudnn.so.5 locally
I tensorflow/stream_executor/dso_loader.cc:135] successfully opened CUDA library libcufft.so.8.0 locally
I tensorflow/stream_executor/dso_loader.cc:135] successfully opened CUDA library libcuda.so.1 locally
I tensorflow/stream_executor/dso_loader.cc:135] successfully opened CUDA library libcurand.so.8.0 locally
Logging to ././Env_Choose/Swimmer//exp_3/
[2017-08-31 19:23:45,217] Making new env: Swimmer-v1
W tensorflow/core/platform/cpu_feature_guard.cc:45] The TensorFlow library wasn't compiled to use SSE3 instructions, but these are available on your machine and could speed up CPU computations.
W tensorflow/core/platform/cpu_feature_guard.cc:45] The TensorFlow library wasn't compiled to use SSE4.1 instructions, but these are available on your machine and could speed up CPU computations.
W tensorflow/core/platform/cpu_feature_guard.cc:45] The TensorFlow library wasn't compiled to use SSE4.2 instructions, but these are available on your machine and could speed up CPU computations.
W tensorflow/core/platform/cpu_feature_guard.cc:45] The TensorFlow library wasn't compiled to use AVX instructions, but these are available on your machine and could speed up CPU computations.
W tensorflow/core/platform/cpu_feature_guard.cc:45] The TensorFlow library wasn't compiled to use AVX2 instructions, but these are available on your machine and could speed up CPU computations.
W tensorflow/core/platform/cpu_feature_guard.cc:45] The TensorFlow library wasn't compiled to use FMA instructions, but these are available on your machine and could speed up CPU computations.
I tensorflow/core/common_runtime/gpu/gpu_device.cc:885] Found device 0 with properties: 
name: GeForce GTX TITAN X
major: 5 minor: 2 memoryClockRate (GHz) 1.076
pciBusID 0000:02:00.0
Total memory: 11.92GiB
Free memory: 240.19MiB
I tensorflow/core/common_runtime/gpu/gpu_device.cc:906] DMA: 0 
I tensorflow/core/common_runtime/gpu/gpu_device.cc:916] 0:   Y 
I tensorflow/core/common_runtime/gpu/gpu_device.cc:975] Creating TensorFlow device (/gpu:0) -> (device: 0, name: GeForce GTX TITAN X, pci bus id: 0000:02:00.0)
Use async eigen decomp
updating 12 eigenvalue/vectors
projecting 3 gradient matrices
Use async eigen decomp
updating 14 eigenvalue/vectors
projecting 4 gradient matrices
********** Iteration 0 ************
kl too low
---------------------------
| EVAfter   | 0.125       |
| EVBefore  | -0.117      |
| EpLenMean | 1e+03       |
| EpRewMean | 8.81        |
| EpRewSEM  | 4.31        |
| KL        | 1.76306e-06 |
---------------------------
********** Iteration 1 ************
kl too low
---------------------------
| EVAfter   | 0.0122      |
| EVBefore  | -0.177      |
| EpLenMean | 1e+03       |
| EpRewMean | -13.9       |
| EpRewSEM  | 2.37        |
| KL        | 1.79332e-05 |
---------------------------
********** Iteration 2 ************
kl too low
---------------------------
| EVAfter   | 0.0211      |
| EVBefore  | -1.81e-05   |
| EpLenMean | 1e+03       |
| EpRewMean | 0.81        |
| EpRewSEM  | 1.04        |
| KL        | 0.000513158 |
---------------------------
********** Iteration 3 ************
kl too high
--------------------------
| EVAfter   | -0.0137    |
| EVBefore  | -0.0168    |
| EpLenMean | 1e+03      |
| EpRewMean | 2.23       |
| EpRewSEM  | 4.88       |
| KL        | 0.00459009 |
--------------------------
********** Iteration 4 ************
kl just right!
--------------------------
| EVAfter   | 0.0116     |
| EVBefore  | 0.0162     |
| EpLenMean | 1e+03      |
| EpRewMean | 4.34       |
| EpRewSEM  | 0.898      |
| KL        | 0.00208113 |
--------------------------
********** Iteration 5 ************
kl just right!
--------------------------
| EVAfter   | -0.00682   |
| EVBefore  | 0.0111     |
| EpLenMean | 1e+03      |
| EpRewMean | -3.68      |
| EpRewSEM  | 4.73       |
| KL        | 0.00350677 |
--------------------------
********** Iteration 6 ************
kl too high
--------------------------
| EVAfter   | 0.0444     |
| EVBefore  | -0.0247    |
| EpLenMean | 1e+03      |
| EpRewMean | 10.5       |
| EpRewSEM  | 2.98       |
| KL        | 0.00637505 |
--------------------------
********** Iteration 7 ************
kl just right!
--------------------------
| EVAfter   | 0.0732     |
| EVBefore  | 0.00255    |
| EpLenMean | 1e+03      |
| EpRewMean | 2.54       |
| EpRewSEM  | 3.36       |
| KL        | 0.00219856 |
--------------------------
********** Iteration 8 ************
kl just right!
--------------------------
| EVAfter   | 0.195      |
| EVBefore  | 0.0685     |
| EpLenMean | 1e+03      |
| EpRewMean | 1.58       |
| EpRewSEM  | 7.56       |
| KL        | 0.00136652 |
--------------------------
********** Iteration 9 ************
kl just right!
--------------------------
| EVAfter   | 0.207      |
| EVBefore  | 0.176      |
| EpLenMean | 1e+03      |
| EpRewMean | 21.7       |
| EpRewSEM  | 0.347      |
| KL        | 0.00149165 |
--------------------------
********** Iteration 10 ************
kl just right!
--------------------------
| EVAfter   | 0.22       |
| EVBefore  | 0.132      |
| EpLenMean | 1e+03      |
| EpRewMean | 11.6       |
| EpRewSEM  | 7.34       |
| KL        | 0.00287847 |
--------------------------
********** Iteration 11 ************
kl too high
--------------------------
| EVAfter   | 0.243      |
| EVBefore  | 0.221      |
| EpLenMean | 1e+03      |
| EpRewMean | 36.7       |
| EpRewSEM  | 1.78       |
| KL        | 0.00670068 |
--------------------------
********** Iteration 12 ************
kl too high
--------------------------
| EVAfter   | 0.323      |
| EVBefore  | 0.234      |
| EpLenMean | 1e+03      |
| EpRewMean | 29.2       |
| EpRewSEM  | 3.79       |
| KL        | 0.00748585 |
--------------------------
********** Iteration 13 ************
kl too high
--------------------------
| EVAfter   | 0.487      |
| EVBefore  | 0.245      |
| EpLenMean | 1e+03      |
| EpRewMean | 18.3       |
| EpRewSEM  | 6.15       |
| KL        | 0.00629342 |
--------------------------
********** Iteration 14 ************
kl just right!
--------------------------
| EVAfter   | 0.673      |
| EVBefore  | 0.564      |
| EpLenMean | 1e+03      |
| EpRewMean | 19.8       |
| EpRewSEM  | 3.09       |
| KL        | 0.00376971 |
--------------------------
********** Iteration 15 ************
kl too high
--------------------------
| EVAfter   | 0.728      |
| EVBefore  | 0.651      |
| EpLenMean | 1e+03      |
| EpRewMean | 23.8       |
| EpRewSEM  | 0.945      |
| KL        | 0.00422313 |
--------------------------
********** Iteration 16 ************
kl just right!
--------------------------
| EVAfter   | 0.76       |
| EVBefore  | 0.73       |
| EpLenMean | 1e+03      |
| EpRewMean | 20.8       |
| EpRewSEM  | 1.16       |
| KL        | 0.00210825 |
--------------------------
********** Iteration 17 ************
kl just right!
--------------------------
| EVAfter   | 0.797      |
| EVBefore  | 0.763      |
| EpLenMean | 1e+03      |
| EpRewMean | 20.2       |
| EpRewSEM  | 1.86       |
| KL        | 0.00263496 |
--------------------------
********** Iteration 18 ************
kl just right!
-------------------------
| EVAfter   | 0.824     |
| EVBefore  | 0.786     |
| EpLenMean | 1e+03     |
| EpRewMean | 22.5      |
| EpRewSEM  | 1.08      |
| KL        | 0.0029083 |
-------------------------
********** Iteration 19 ************
kl just right!
--------------------------
| EVAfter   | 0.866      |
| EVBefore  | 0.83       |
| EpLenMean | 1e+03      |
| EpRewMean | 20.8       |
| EpRewSEM  | 1.9        |
| KL        | 0.00286846 |
--------------------------
********** Iteration 20 ************
kl just right!
--------------------------
| EVAfter   | 0.893      |
| EVBefore  | 0.865      |
| EpLenMean | 1e+03      |
| EpRewMean | 23.3       |
| EpRewSEM  | 0.213      |
| KL        | 0.00293304 |
--------------------------
********** Iteration 21 ************
kl just right!
-------------------------
| EVAfter   | 0.906     |
| EVBefore  | 0.886     |
| EpLenMean | 1e+03     |
| EpRewMean | 21.6      |
| EpRewSEM  | 0.454     |
| KL        | 0.0024352 |
-------------------------
********** Iteration 22 ************
kl just right!
--------------------------
| EVAfter   | 0.873      |
| EVBefore  | 0.85       |
| EpLenMean | 1e+03      |
| EpRewMean | 20.2       |
| EpRewSEM  | 1.22       |
| KL        | 0.00204443 |
--------------------------
********** Iteration 23 ************
kl just right!
--------------------------
| EVAfter   | 0.916      |
| EVBefore  | 0.91       |
| EpLenMean | 1e+03      |
| EpRewMean | 21         |
| EpRewSEM  | 1.38       |
| KL        | 0.00183186 |
--------------------------
********** Iteration 24 ************
kl just right!
--------------------------
| EVAfter   | 0.918      |
| EVBefore  | 0.911      |
| EpLenMean | 1e+03      |
| EpRewMean | 23.8       |
| EpRewSEM  | 0.935      |
| KL        | 0.00158074 |
--------------------------
********** Iteration 25 ************
kl just right!
--------------------------
| EVAfter   | 0.921      |
| EVBefore  | 0.911      |
| EpLenMean | 1e+03      |
| EpRewMean | 21.4       |
| EpRewSEM  | 0.784      |
| KL        | 0.00142526 |
--------------------------
********** Iteration 26 ************
kl just right!
--------------------------
| EVAfter   | 0.865      |
| EVBefore  | 0.83       |
| EpLenMean | 1e+03      |
| EpRewMean | 18.8       |
| EpRewSEM  | 1.75       |
| KL        | 0.00123696 |
--------------------------
********** Iteration 27 ************
kl just right!
--------------------------
| EVAfter   | 0.921      |
| EVBefore  | 0.915      |
| EpLenMean | 1e+03      |
| EpRewMean | 21.1       |
| EpRewSEM  | 0.475      |
| KL        | 0.00106713 |
--------------------------
********** Iteration 28 ************
kl too low
---------------------------
| EVAfter   | 0.939       |
| EVBefore  | 0.922       |
| EpLenMean | 1e+03       |
| EpRewMean | 23.2        |
| EpRewSEM  | 0.599       |
| KL        | 0.000907405 |
---------------------------
********** Iteration 29 ************
kl just right!
--------------------------
| EVAfter   | 0.897      |
| EVBefore  | 0.885      |
| EpLenMean | 1e+03      |
| EpRewMean | 16.1       |
| EpRewSEM  | 1.06       |
| KL        | 0.00181663 |
--------------------------
********** Iteration 30 ************
kl just right!
--------------------------
| EVAfter   | 0.943      |
| EVBefore  | 0.937      |
| EpLenMean | 1e+03      |
| EpRewMean | 14.8       |
| EpRewSEM  | 1.18       |
| KL        | 0.00144969 |
--------------------------
********** Iteration 31 ************
kl just right!
--------------------------
| EVAfter   | 0.931      |
| EVBefore  | 0.924      |
| EpLenMean | 1e+03      |
| EpRewMean | 13.5       |
| EpRewSEM  | 1.22       |
| KL        | 0.00125291 |
--------------------------
********** Iteration 32 ************
kl too low
---------------------------
| EVAfter   | 0.922       |
| EVBefore  | 0.911       |
| EpLenMean | 1e+03       |
| EpRewMean | 20.6        |
| EpRewSEM  | 0.591       |
| KL        | 0.000945706 |
---------------------------
********** Iteration 33 ************
kl just right!
--------------------------
| EVAfter   | 0.897      |
| EVBefore  | 0.88       |
| EpLenMean | 1e+03      |
| EpRewMean | 20.4       |
| EpRewSEM  | 2.13       |
| KL        | 0.00199281 |
--------------------------
********** Iteration 34 ************
kl just right!
--------------------------
| EVAfter   | 0.938      |
| EVBefore  | 0.933      |
| EpLenMean | 1e+03      |
| EpRewMean | 14.3       |
| EpRewSEM  | 1.63       |
| KL        | 0.00182157 |
--------------------------
********** Iteration 35 ************
kl just right!
--------------------------
| EVAfter   | 0.937      |
| EVBefore  | 0.932      |
| EpLenMean | 1e+03      |
| EpRewMean | 19.6       |
| EpRewSEM  | 1.07       |
| KL        | 0.00169831 |
--------------------------
********** Iteration 36 ************
kl just right!
--------------------------
| EVAfter   | 0.949      |
| EVBefore  | 0.943      |
| EpLenMean | 1e+03      |
| EpRewMean | 20.4       |
| EpRewSEM  | 1.23       |
| KL        | 0.00157298 |
--------------------------
********** Iteration 37 ************
kl just right!
--------------------------
| EVAfter   | 0.943      |
| EVBefore  | 0.937      |
| EpLenMean | 1e+03      |
| EpRewMean | 19.5       |
| EpRewSEM  | 1.72       |
| KL        | 0.00133799 |
--------------------------
********** Iteration 38 ************
kl just right!
--------------------------
| EVAfter   | 0.924      |
| EVBefore  | 0.919      |
| EpLenMean | 1e+03      |
| EpRewMean | 17.6       |
| EpRewSEM  | 1.81       |
| KL        | 0.00166786 |
--------------------------
********** Iteration 39 ************
kl just right!
--------------------------
| EVAfter   | 0.943      |
| EVBefore  | 0.939      |
| EpLenMean | 1e+03      |
| EpRewMean | 20.7       |
| EpRewSEM  | 1.65       |
| KL        | 0.00151188 |
--------------------------
********** Iteration 40 ************
kl just right!
--------------------------
| EVAfter   | 0.936      |
| EVBefore  | 0.928      |
| EpLenMean | 1e+03      |
| EpRewMean | 17.1       |
| EpRewSEM  | 1.67       |
| KL        | 0.00121941 |
--------------------------
********** Iteration 41 ************
kl just right!
--------------------------
| EVAfter   | 0.802      |
| EVBefore  | 0.648      |
| EpLenMean | 1e+03      |
| EpRewMean | 15.7       |
| EpRewSEM  | 1.83       |
| KL        | 0.00127997 |
--------------------------
********** Iteration 42 ************
kl just right!
--------------------------
| EVAfter   | 0.953      |
| EVBefore  | 0.941      |
| EpLenMean | 1e+03      |
| EpRewMean | 19.1       |
| EpRewSEM  | 0.805      |
| KL        | 0.00105449 |
--------------------------
********** Iteration 43 ************
kl too low
---------------------------
| EVAfter   | 0.943       |
| EVBefore  | 0.923       |
| EpLenMean | 1e+03       |
| EpRewMean | 19.4        |
| EpRewSEM  | 0.928       |
| KL        | 0.000838205 |
---------------------------
********** Iteration 44 ************
kl just right!
--------------------------
| EVAfter   | 0.967      |
| EVBefore  | 0.961      |
| EpLenMean | 1e+03      |
| EpRewMean | 19         |
| EpRewSEM  | 1.3        |
| KL        | 0.00132565 |
--------------------------
********** Iteration 45 ************
kl just right!
--------------------------
| EVAfter   | 0.943      |
| EVBefore  | 0.93       |
| EpLenMean | 1e+03      |
| EpRewMean | 17.1       |
| EpRewSEM  | 1.62       |
| KL        | 0.00123731 |
--------------------------
********** Iteration 46 ************
kl just right!
-------------------------
| EVAfter   | 0.967     |
| EVBefore  | 0.965     |
| EpLenMean | 1e+03     |
| EpRewMean | 19.6      |
| EpRewSEM  | 0.818     |
| KL        | 0.0015235 |
-------------------------
********** Iteration 47 ************
kl just right!
--------------------------
| EVAfter   | 0.951      |
| EVBefore  | 0.948      |
| EpLenMean | 1e+03      |
| EpRewMean | 16.4       |
| EpRewSEM  | 0.836      |
| KL        | 0.00162307 |
--------------------------
********** Iteration 48 ************
kl too low
---------------------------
| EVAfter   | 0.955       |
| EVBefore  | 0.946       |
| EpLenMean | 1e+03       |
| EpRewMean | 17.6        |
| EpRewSEM  | 1.41        |
| KL        | 0.000822465 |
---------------------------
********** Iteration 49 ************
kl just right!
-------------------------
| EVAfter   | 0.958     |
| EVBefore  | 0.956     |
| EpLenMean | 1e+03     |
| EpRewMean | 19.2      |
| EpRewSEM  | 1.07      |
| KL        | 0.0020181 |
-------------------------
********** Iteration 50 ************
kl just right!
--------------------------
| EVAfter   | 0.942      |
| EVBefore  | 0.936      |
| EpLenMean | 1e+03      |
| EpRewMean | 17.3       |
| EpRewSEM  | 1.21       |
| KL        | 0.00220107 |
--------------------------
********** Iteration 51 ************
kl just right!
--------------------------
| EVAfter   | 0.955      |
| EVBefore  | 0.947      |
| EpLenMean | 1e+03      |
| EpRewMean | 14.1       |
| EpRewSEM  | 0.561      |
| KL        | 0.00157404 |
--------------------------
********** Iteration 52 ************
kl just right!
--------------------------
| EVAfter   | 0.959      |
| EVBefore  | 0.957      |
| EpLenMean | 1e+03      |
| EpRewMean | 18.3       |
| EpRewSEM  | 1.53       |
| KL        | 0.00135686 |
--------------------------
********** Iteration 53 ************
kl just right!
--------------------------
| EVAfter   | 0.87       |
| EVBefore  | 0.667      |
| EpLenMean | 1e+03      |
| EpRewMean | 15.7       |
| EpRewSEM  | 1.57       |
| KL        | 0.00115582 |
--------------------------
********** Iteration 54 ************
kl just right!
--------------------------
| EVAfter   | 0.919      |
| EVBefore  | 0.875      |
| EpLenMean | 1e+03      |
| EpRewMean | 12.3       |
| EpRewSEM  | 2.37       |
| KL        | 0.00125952 |
--------------------------
********** Iteration 55 ************
kl just right!
--------------------------
| EVAfter   | 0.944      |
| EVBefore  | 0.932      |
| EpLenMean | 1e+03      |
| EpRewMean | 14.2       |
| EpRewSEM  | 2.31       |
| KL        | 0.00178052 |
--------------------------
********** Iteration 56 ************
kl just right!
--------------------------
| EVAfter   | 0.969      |
| EVBefore  | 0.964      |
| EpLenMean | 1e+03      |
| EpRewMean | 16.7       |
| EpRewSEM  | 1.31       |
| KL        | 0.00253723 |
--------------------------
********** Iteration 57 ************
kl just right!
--------------------------
| EVAfter   | 0.964      |
| EVBefore  | 0.962      |
| EpLenMean | 1e+03      |
| EpRewMean | 18.5       |
| EpRewSEM  | 1.39       |
| KL        | 0.00278027 |
--------------------------
********** Iteration 58 ************
kl just right!
--------------------------
| EVAfter   | 0.953      |
| EVBefore  | 0.949      |
| EpLenMean | 1e+03      |
| EpRewMean | 17.2       |
| EpRewSEM  | 2.16       |
| KL        | 0.00370474 |
--------------------------
********** Iteration 59 ************
kl too high
--------------------------
| EVAfter   | 0.964      |
| EVBefore  | 0.96       |
| EpLenMean | 1e+03      |
| EpRewMean | 19.2       |
| EpRewSEM  | 0.845      |
| KL        | 0.00543567 |
--------------------------
********** Iteration 60 ************
kl too high
--------------------------
| EVAfter   | 0.92       |
| EVBefore  | 0.918      |
| EpLenMean | 1e+03      |
| EpRewMean | 10.2       |
| EpRewSEM  | 2.06       |
| KL        | 0.00465915 |
--------------------------
********** Iteration 61 ************
kl just right!
--------------------------
| EVAfter   | 0.911      |
| EVBefore  | 0.905      |
| EpLenMean | 1e+03      |
| EpRewMean | 17.5       |
| EpRewSEM  | 2.67       |
| KL        | 0.00266101 |
--------------------------
********** Iteration 62 ************
kl too high
--------------------------
| EVAfter   | 0.926      |
| EVBefore  | 0.922      |
| EpLenMean | 1e+03      |
| EpRewMean | 16         |
| EpRewSEM  | 2.46       |
| KL        | 0.00429792 |
--------------------------
********** Iteration 63 ************
kl just right!
--------------------------
| EVAfter   | 0.936      |
| EVBefore  | 0.931      |
| EpLenMean | 1e+03      |
| EpRewMean | 18.5       |
| EpRewSEM  | 0.965      |
| KL        | 0.00276118 |
--------------------------
********** Iteration 64 ************
kl too high
--------------------------
| EVAfter   | 0.896      |
| EVBefore  | 0.886      |
| EpLenMean | 1e+03      |
| EpRewMean | 14.4       |
| EpRewSEM  | 2.65       |
| KL        | 0.00481652 |
--------------------------
********** Iteration 65 ************
kl just right!
--------------------------
| EVAfter   | 0.946      |
| EVBefore  | 0.94       |
| EpLenMean | 1e+03      |
| EpRewMean | 26         |
| EpRewSEM  | 0.529      |
| KL        | 0.00242435 |
--------------------------
********** Iteration 66 ************
kl just right!
-------------------------
| EVAfter   | 0.863     |
| EVBefore  | 0.86      |
| EpLenMean | 1e+03     |
| EpRewMean | 27.7      |
| EpRewSEM  | 2.75      |
| KL        | 0.0026377 |
-------------------------
********** Iteration 67 ************
kl just right!
--------------------------
| EVAfter   | 0.691      |
| EVBefore  | 0.615      |
| EpLenMean | 1e+03      |
| EpRewMean | 32.2       |
| EpRewSEM  | 2.24       |
| KL        | 0.00206091 |
--------------------------
********** Iteration 68 ************
kl just right!
--------------------------
| EVAfter   | 0.899      |
| EVBefore  | 0.865      |
| EpLenMean | 1e+03      |
| EpRewMean | 34.4       |
| EpRewSEM  | 1.24       |
| KL        | 0.00174875 |
--------------------------
********** Iteration 69 ************
kl just right!
--------------------------
| EVAfter   | 0.572      |
| EVBefore  | 0.447      |
| EpLenMean | 1e+03      |
| EpRewMean | 26.1       |
| EpRewSEM  | 6.56       |
| KL        | 0.00109001 |
--------------------------
********** Iteration 70 ************
kl too low
---------------------------
| EVAfter   | 0.687       |
| EVBefore  | 0.623       |
| EpLenMean | 1e+03       |
| EpRewMean | 34.3        |
| EpRewSEM  | 0.495       |
| KL        | 0.000633167 |
---------------------------
********** Iteration 71 ************
kl too low
---------------------------
| EVAfter   | 0.654       |
| EVBefore  | 0.504       |
| EpLenMean | 1e+03       |
| EpRewMean | 33.2        |
| EpRewSEM  | 1.91        |
| KL        | 0.000748365 |
---------------------------
********** Iteration 72 ************
kl just right!
--------------------------
| EVAfter   | 0.845      |
| EVBefore  | 0.833      |
| EpLenMean | 1e+03      |
| EpRewMean | 37.3       |
| EpRewSEM  | 1.12       |
| KL        | 0.00148402 |
--------------------------
********** Iteration 73 ************
kl too low
--------------------------
| EVAfter   | 0.54       |
| EVBefore  | 0.397      |
| EpLenMean | 1e+03      |
| EpRewMean | 23.9       |
| EpRewSEM  | 1.28       |
| KL        | 0.00088633 |
--------------------------
********** Iteration 74 ************
kl just right!
--------------------------
| EVAfter   | 0.767      |
| EVBefore  | 0.727      |
| EpLenMean | 1e+03      |
| EpRewMean | 31.9       |
| EpRewSEM  | 3.44       |
| KL        | 0.00370355 |
--------------------------
********** Iteration 75 ************
kl too high
--------------------------
| EVAfter   | 0.774      |
| EVBefore  | 0.747      |
| EpLenMean | 1e+03      |
| EpRewMean | 35.9       |
| EpRewSEM  | 1.52       |
| KL        | 0.00447044 |
--------------------------
********** Iteration 76 ************
kl just right!
-------------------------
| EVAfter   | 0.591     |
| EVBefore  | 0.454     |
| EpLenMean | 1e+03     |
| EpRewMean | 33.1      |
| EpRewSEM  | 1.94      |
| KL        | 0.0035268 |
-------------------------
********** Iteration 77 ************
kl too high
--------------------------
| EVAfter   | 0.619      |
| EVBefore  | 0.574      |
| EpLenMean | 1e+03      |
| EpRewMean | 40.2       |
| EpRewSEM  | 0.857      |
| KL        | 0.00713116 |
--------------------------
********** Iteration 78 ************
kl just right!
--------------------------
| EVAfter   | 0.757      |
| EVBefore  | 0.664      |
| EpLenMean | 1e+03      |
| EpRewMean | 38.1       |
| EpRewSEM  | 0.885      |
| KL        | 0.00339358 |
--------------------------
********** Iteration 79 ************
kl just right!
--------------------------
| EVAfter   | 0.899      |
| EVBefore  | 0.838      |
| EpLenMean | 1e+03      |
| EpRewMean | 36.5       |
| EpRewSEM  | 1.07       |
| KL        | 0.00275986 |
--------------------------
********** Iteration 80 ************
kl too high
-------------------------
| EVAfter   | 0.88      |
| EVBefore  | 0.836     |
| EpLenMean | 1e+03     |
| EpRewMean | 35        |
| EpRewSEM  | 1.09      |
| KL        | 0.0040451 |
-------------------------
********** Iteration 81 ************
kl too low
---------------------------
| EVAfter   | 0.932       |
| EVBefore  | 0.915       |
| EpLenMean | 1e+03       |
| EpRewMean | 36.3        |
| EpRewSEM  | 2.26        |
| KL        | 0.000989819 |
---------------------------
********** Iteration 82 ************
kl just right!
--------------------------
| EVAfter   | 0.93       |
| EVBefore  | 0.907      |
| EpLenMean | 1e+03      |
| EpRewMean | 38.3       |
| EpRewSEM  | 0.645      |
| KL        | 0.00350102 |
--------------------------
********** Iteration 83 ************
kl just right!
--------------------------
| EVAfter   | 0.963      |
| EVBefore  | 0.958      |
| EpLenMean | 1e+03      |
| EpRewMean | 32.5       |
| EpRewSEM  | 0.654      |
| KL        | 0.00129648 |
--------------------------
********** Iteration 84 ************
kl too low
---------------------------
| EVAfter   | 0.966       |
| EVBefore  | 0.96        |
| EpLenMean | 1e+03       |
| EpRewMean | 32.8        |
| EpRewSEM  | 1.26        |
| KL        | 0.000978971 |
---------------------------
********** Iteration 85 ************
kl just right!
--------------------------
| EVAfter   | 0.939      |
| EVBefore  | 0.926      |
| EpLenMean | 1e+03      |
| EpRewMean | 31         |
| EpRewSEM  | 1.22       |
| KL        | 0.00166774 |
--------------------------
********** Iteration 86 ************
kl just right!
--------------------------
| EVAfter   | 0.957      |
| EVBefore  | 0.954      |
| EpLenMean | 1e+03      |
| EpRewMean | 33.1       |
| EpRewSEM  | 1.82       |
| KL        | 0.00153975 |
--------------------------
********** Iteration 87 ************
kl just right!
--------------------------
| EVAfter   | 0.981      |
| EVBefore  | 0.975      |
| EpLenMean | 1e+03      |
| EpRewMean | 33.1       |
| EpRewSEM  | 0.776      |
| KL        | 0.00144243 |
--------------------------
********** Iteration 88 ************
kl too low
---------------------------
| EVAfter   | 0.955       |
| EVBefore  | 0.95        |
| EpLenMean | 1e+03       |
| EpRewMean | 30.1        |
| EpRewSEM  | 1.85        |
| KL        | 0.000941731 |
---------------------------
********** Iteration 89 ************
kl just right!
--------------------------
| EVAfter   | 0.978      |
| EVBefore  | 0.976      |
| EpLenMean | 1e+03      |
| EpRewMean | 33.9       |
| EpRewSEM  | 0.381      |
| KL        | 0.00261719 |
--------------------------
********** Iteration 90 ************
kl just right!
--------------------------
| EVAfter   | 0.984      |
| EVBefore  | 0.982      |
| EpLenMean | 1e+03      |
| EpRewMean | 33.7       |
| EpRewSEM  | 0.754      |
| KL        | 0.00248297 |
--------------------------
********** Iteration 91 ************
kl just right!
--------------------------
| EVAfter   | 0.968      |
| EVBefore  | 0.964      |
| EpLenMean | 1e+03      |
| EpRewMean | 36         |
| EpRewSEM  | 1.73       |
| KL        | 0.00283956 |
--------------------------
********** Iteration 92 ************
kl just right!
------------------------
| EVAfter   | 0.973    |
| EVBefore  | 0.971    |
| EpLenMean | 1e+03    |
| EpRewMean | 36.5     |
| EpRewSEM  | 0.525    |
| KL        | 0.002003 |
------------------------
********** Iteration 93 ************
kl just right!
--------------------------
| EVAfter   | 0.969      |
| EVBefore  | 0.966      |
| EpLenMean | 1e+03      |
| EpRewMean | 37.1       |
| EpRewSEM  | 1.37       |
| KL        | 0.00145574 |
--------------------------
********** Iteration 94 ************
kl just right!
--------------------------
| EVAfter   | 0.975      |
| EVBefore  | 0.972      |
| EpLenMean | 1e+03      |
| EpRewMean | 36.9       |
| EpRewSEM  | 0.656      |
| KL        | 0.00105497 |
--------------------------
********** Iteration 95 ************
kl too low
---------------------------
| EVAfter   | 0.984       |
| EVBefore  | 0.982       |
| EpLenMean | 1e+03       |
| EpRewMean | 35.6        |
| EpRewSEM  | 0.304       |
| KL        | 0.000870086 |
---------------------------
********** Iteration 96 ************
kl just right!
--------------------------
| EVAfter   | 0.965      |
| EVBefore  | 0.958      |
| EpLenMean | 1e+03      |
| EpRewMean | 37.8       |
| EpRewSEM  | 1.4        |
| KL        | 0.00206511 |
--------------------------
********** Iteration 97 ************
kl just right!
--------------------------
| EVAfter   | 0.979      |
| EVBefore  | 0.977      |
| EpLenMean | 1e+03      |
| EpRewMean | 37.6       |
| EpRewSEM  | 0.288      |
| KL        | 0.00329296 |
--------------------------
********** Iteration 98 ************
kl just right!
--------------------------
| EVAfter   | 0.98       |
| EVBefore  | 0.97       |
| EpLenMean | 1e+03      |
| EpRewMean | 35.1       |
| EpRewSEM  | 1.75       |
| KL        | 0.00295028 |
--------------------------
********** Iteration 99 ************
kl just right!
--------------------------
| EVAfter   | 0.977      |
| EVBefore  | 0.973      |
| EpLenMean | 1e+03      |
| EpRewMean | 35.5       |
| EpRewSEM  | 1.32       |
| KL        | 0.00296559 |
--------------------------
********** Iteration 100 ************
kl just right!
--------------------------
| EVAfter   | 0.982      |
| EVBefore  | 0.979      |
| EpLenMean | 1e+03      |
| EpRewMean | 35.4       |
| EpRewSEM  | 1.26       |
| KL        | 0.00251241 |
--------------------------
********** Iteration 101 ************
kl just right!
--------------------------
| EVAfter   | 0.978      |
| EVBefore  | 0.971      |
| EpLenMean | 1e+03      |
| EpRewMean | 36.7       |
| EpRewSEM  | 0.82       |
| KL        | 0.00270614 |
--------------------------
********** Iteration 102 ************
kl just right!
--------------------------
| EVAfter   | 0.985      |
| EVBefore  | 0.983      |
| EpLenMean | 1e+03      |
| EpRewMean | 36         |
| EpRewSEM  | 1.28       |
| KL        | 0.00167095 |
--------------------------
********** Iteration 103 ************
kl just right!
-------------------------
| EVAfter   | 0.987     |
| EVBefore  | 0.981     |
| EpLenMean | 1e+03     |
| EpRewMean | 35        |
| EpRewSEM  | 2.08      |
| KL        | 0.0013143 |
-------------------------
********** Iteration 104 ************
kl just right!
--------------------------
| EVAfter   | 0.984      |
| EVBefore  | 0.982      |
| EpLenMean | 1e+03      |
| EpRewMean | 35.7       |
| EpRewSEM  | 0.357      |
| KL        | 0.00115445 |
--------------------------
********** Iteration 105 ************
kl just right!
--------------------------
| EVAfter   | 0.983      |
| EVBefore  | 0.973      |
| EpLenMean | 1e+03      |
| EpRewMean | 36         |
| EpRewSEM  | 1.12       |
| KL        | 0.00198393 |
--------------------------
********** Iteration 106 ************
kl just right!
--------------------------
| EVAfter   | 0.983      |
| EVBefore  | 0.981      |
| EpLenMean | 1e+03      |
| EpRewMean | 37.3       |
| EpRewSEM  | 1.02       |
| KL        | 0.00230027 |
--------------------------
********** Iteration 107 ************
kl just right!
--------------------------
| EVAfter   | 0.99       |
| EVBefore  | 0.986      |
| EpLenMean | 1e+03      |
| EpRewMean | 36.7       |
| EpRewSEM  | 0.406      |
| KL        | 0.00298724 |
--------------------------
********** Iteration 108 ************
kl just right!
--------------------------
| EVAfter   | 0.985      |
| EVBefore  | 0.98       |
| EpLenMean | 1e+03      |
| EpRewMean | 38.6       |
| EpRewSEM  | 0.638      |
| KL        | 0.00235921 |
--------------------------
********** Iteration 109 ************
kl just right!
--------------------------
| EVAfter   | 0.986      |
| EVBefore  | 0.982      |
| EpLenMean | 1e+03      |
| EpRewMean | 37         |
| EpRewSEM  | 0.924      |
| KL        | 0.00277933 |
--------------------------
********** Iteration 110 ************
kl just right!
--------------------------
| EVAfter   | 0.985      |
| EVBefore  | 0.98       |
| EpLenMean | 1e+03      |
| EpRewMean | 36.4       |
| EpRewSEM  | 0.405      |
| KL        | 0.00228365 |
--------------------------
********** Iteration 111 ************
kl just right!
-------------------------
| EVAfter   | 0.986     |
| EVBefore  | 0.983     |
| EpLenMean | 1e+03     |
| EpRewMean | 36.7      |
| EpRewSEM  | 0.578     |
| KL        | 0.0015125 |
-------------------------
********** Iteration 112 ************
kl just right!
--------------------------
| EVAfter   | 0.971      |
| EVBefore  | 0.958      |
| EpLenMean | 1e+03      |
| EpRewMean | 37.7       |
| EpRewSEM  | 1.49       |
| KL        | 0.00127146 |
--------------------------
********** Iteration 113 ************
kl just right!
--------------------------
| EVAfter   | 0.984      |
| EVBefore  | 0.98       |
| EpLenMean | 1e+03      |
| EpRewMean | 36.4       |
| EpRewSEM  | 0.526      |
| KL        | 0.00111543 |
--------------------------
********** Iteration 114 ************
kl just right!
--------------------------
| EVAfter   | 0.981      |
| EVBefore  | 0.974      |
| EpLenMean | 1e+03      |
| EpRewMean | 37.8       |
| EpRewSEM  | 1.22       |
| KL        | 0.00224708 |
--------------------------
********** Iteration 115 ************
kl just right!
--------------------------
| EVAfter   | 0.989      |
| EVBefore  | 0.987      |
| EpLenMean | 1e+03      |
| EpRewMean | 37.2       |
| EpRewSEM  | 0.799      |
| KL        | 0.00243745 |
--------------------------
********** Iteration 116 ************
kl just right!
--------------------------
| EVAfter   | 0.99       |
| EVBefore  | 0.988      |
| EpLenMean | 1e+03      |
| EpRewMean | 35.8       |
| EpRewSEM  | 0.462      |
| KL        | 0.00393738 |
--------------------------
********** Iteration 117 ************
kl too high
--------------------------
| EVAfter   | 0.987      |
| EVBefore  | 0.983      |
| EpLenMean | 1e+03      |
| EpRewMean | 37.4       |
| EpRewSEM  | 0.952      |
| KL        | 0.00456488 |
--------------------------
********** Iteration 118 ************
kl just right!
--------------------------
| EVAfter   | 0.984      |
| EVBefore  | 0.981      |
| EpLenMean | 1e+03      |
| EpRewMean | 36.6       |
| EpRewSEM  | 0.752      |
| KL        | 0.00211372 |
--------------------------
********** Iteration 119 ************
kl just right!
-------------------------
| EVAfter   | 0.987     |
| EVBefore  | 0.98      |
| EpLenMean | 1e+03     |
| EpRewMean | 36.6      |
| EpRewSEM  | 1.53      |
| KL        | 0.0016009 |
-------------------------
********** Iteration 120 ************
kl just right!
--------------------------
| EVAfter   | 0.98       |
| EVBefore  | 0.971      |
| EpLenMean | 1e+03      |
| EpRewMean | 36.3       |
| EpRewSEM  | 0.697      |
| KL        | 0.00142093 |
--------------------------
********** Iteration 121 ************
kl just right!
------------------------
| EVAfter   | 0.988    |
| EVBefore  | 0.986    |
| EpLenMean | 1e+03    |
| EpRewMean | 33.2     |
| EpRewSEM  | 1.12     |
| KL        | 0.001789 |
------------------------
********** Iteration 122 ************
kl too low
---------------------------
| EVAfter   | 0.985       |
| EVBefore  | 0.983       |
| EpLenMean | 1e+03       |
| EpRewMean | 36.1        |
| EpRewSEM  | 1.7         |
| KL        | 0.000977685 |
---------------------------
********** Iteration 123 ************
kl just right!
--------------------------
| EVAfter   | 0.988      |
| EVBefore  | 0.986      |
| EpLenMean | 1e+03      |
| EpRewMean | 34.9       |
| EpRewSEM  | 0.305      |
| KL        | 0.00214727 |
--------------------------
********** Iteration 124 ************
kl just right!
--------------------------
| EVAfter   | 0.986      |
| EVBefore  | 0.982      |
| EpLenMean | 1e+03      |
| EpRewMean | 33.1       |
| EpRewSEM  | 0.563      |
| KL        | 0.00281558 |
--------------------------
********** Iteration 125 ************
kl just right!
--------------------------
| EVAfter   | 0.986      |
| EVBefore  | 0.976      |
| EpLenMean | 1e+03      |
| EpRewMean | 36.8       |
| EpRewSEM  | 0.276      |
| KL        | 0.00341672 |
--------------------------
********** Iteration 126 ************
kl too high
--------------------------
| EVAfter   | 0.991      |
| EVBefore  | 0.988      |
| EpLenMean | 1e+03      |
| EpRewMean | 35.4       |
| EpRewSEM  | 0.307      |
| KL        | 0.00464728 |
--------------------------
********** Iteration 127 ************
kl just right!
--------------------------
| EVAfter   | 0.976      |
| EVBefore  | 0.955      |
| EpLenMean | 1e+03      |
| EpRewMean | 31.9       |
| EpRewSEM  | 1.64       |
| KL        | 0.00115649 |
--------------------------
********** Iteration 128 ************
kl just right!
--------------------------
| EVAfter   | 0.984      |
| EVBefore  | 0.978      |
| EpLenMean | 1e+03      |
| EpRewMean | 37.7       |
| EpRewSEM  | 1.65       |
| KL        | 0.00132204 |
--------------------------
********** Iteration 129 ************
kl just right!
--------------------------
| EVAfter   | 0.99       |
| EVBefore  | 0.986      |
| EpLenMean | 1e+03      |
| EpRewMean | 34.5       |
| EpRewSEM  | 0.339      |
| KL        | 0.00158459 |
--------------------------
********** Iteration 130 ************
kl just right!
-------------------------
| EVAfter   | 0.99      |
| EVBefore  | 0.987     |
| EpLenMean | 1e+03     |
| EpRewMean | 36.5      |
| EpRewSEM  | 0.636     |
| KL        | 0.0013389 |
-------------------------
********** Iteration 131 ************
kl just right!
--------------------------
| EVAfter   | 0.992      |
| EVBefore  | 0.991      |
| EpLenMean | 1e+03      |
| EpRewMean | 35.1       |
| EpRewSEM  | 0.0649     |
| KL        | 0.00128155 |
--------------------------
********** Iteration 132 ************
kl too low
---------------------------
| EVAfter   | 0.991       |
| EVBefore  | 0.99        |
| EpLenMean | 1e+03       |
| EpRewMean | 36          |
| EpRewSEM  | 0.486       |
| KL        | 0.000767662 |
---------------------------
********** Iteration 133 ************
kl just right!
--------------------------
| EVAfter   | 0.99       |
| EVBefore  | 0.986      |
| EpLenMean | 1e+03      |
| EpRewMean | 38         |
| EpRewSEM  | 0.517      |
| KL        | 0.00187591 |
--------------------------
********** Iteration 134 ************
kl just right!
--------------------------
| EVAfter   | 0.992      |
| EVBefore  | 0.991      |
| EpLenMean | 1e+03      |
| EpRewMean | 37.9       |
| EpRewSEM  | 0.597      |
| KL        | 0.00129215 |
--------------------------
********** Iteration 135 ************
kl just right!
--------------------------
| EVAfter   | 0.991      |
| EVBefore  | 0.987      |
| EpLenMean | 1e+03      |
| EpRewMean | 37.2       |
| EpRewSEM  | 0.607      |
| KL        | 0.00159328 |
--------------------------
********** Iteration 136 ************
kl just right!
--------------------------
| EVAfter   | 0.99       |
| EVBefore  | 0.989      |
| EpLenMean | 1e+03      |
| EpRewMean | 37.4       |
| EpRewSEM  | 0.91       |
| KL        | 0.00157693 |
--------------------------
********** Iteration 137 ************
kl just right!
--------------------------
| EVAfter   | 0.99       |
| EVBefore  | 0.987      |
| EpLenMean | 1e+03      |
| EpRewMean | 36.5       |
| EpRewSEM  | 0.554      |
| KL        | 0.00179757 |
--------------------------
********** Iteration 138 ************
kl just right!
--------------------------
| EVAfter   | 0.982      |
| EVBefore  | 0.981      |
| EpLenMean | 1e+03      |
| EpRewMean | 36.5       |
| EpRewSEM  | 0.881      |
| KL        | 0.00266222 |
--------------------------
********** Iteration 139 ************
kl just right!
--------------------------
| EVAfter   | 0.906      |
| EVBefore  | 0.876      |
| EpLenMean | 1e+03      |
| EpRewMean | 27.8       |
| EpRewSEM  | 3.77       |
| KL        | 0.00111638 |
--------------------------
********** Iteration 140 ************
kl just right!
-------------------------
| EVAfter   | 0.993     |
| EVBefore  | 0.992     |
| EpLenMean | 1e+03     |
| EpRewMean | 38.7      |
| EpRewSEM  | 0.195     |
| KL        | 0.0013178 |
-------------------------
********** Iteration 141 ************
kl just right!
--------------------------
| EVAfter   | 0.989      |
| EVBefore  | 0.988      |
| EpLenMean | 1e+03      |
| EpRewMean | 38.7       |
| EpRewSEM  | 0.874      |
| KL        | 0.00166773 |
--------------------------
********** Iteration 142 ************
kl too high
--------------------------
| EVAfter   | 0.984      |
| EVBefore  | 0.981      |
| EpLenMean | 1e+03      |
| EpRewMean | 38         |
| EpRewSEM  | 0.434      |
| KL        | 0.00495466 |
--------------------------
********** Iteration 143 ************
kl just right!
--------------------------
| EVAfter   | 0.99       |
| EVBefore  | 0.989      |
| EpLenMean | 1e+03      |
| EpRewMean | 38.7       |
| EpRewSEM  | 0.461      |
| KL        | 0.00257169 |
--------------------------
********** Iteration 144 ************
kl just right!
-------------------------
| EVAfter   | 0.991     |
| EVBefore  | 0.991     |
| EpLenMean | 1e+03     |
| EpRewMean | 37.5      |
| EpRewSEM  | 0.653     |
| KL        | 0.0033016 |
-------------------------
********** Iteration 145 ************
kl just right!
--------------------------
| EVAfter   | 0.989      |
| EVBefore  | 0.988      |
| EpLenMean | 1e+03      |
| EpRewMean | 39.9       |
| EpRewSEM  | 0.457      |
| KL        | 0.00229971 |
--------------------------
********** Iteration 146 ************
kl just right!
--------------------------
| EVAfter   | 0.989      |
| EVBefore  | 0.988      |
| EpLenMean | 1e+03      |
| EpRewMean | 38.9       |
| EpRewSEM  | 0.447      |
| KL        | 0.00150923 |
--------------------------
********** Iteration 147 ************
kl just right!
--------------------------
| EVAfter   | 0.989      |
| EVBefore  | 0.988      |
| EpLenMean | 1e+03      |
| EpRewMean | 39.2       |
| EpRewSEM  | 1.07       |
| KL        | 0.00135004 |
--------------------------
********** Iteration 148 ************
kl too low
---------------------------
| EVAfter   | 0.991       |
| EVBefore  | 0.99        |
| EpLenMean | 1e+03       |
| EpRewMean | 37.4        |
| EpRewSEM  | 0.643       |
| KL        | 0.000635708 |
---------------------------
********** Iteration 149 ************
kl just right!
--------------------------
| EVAfter   | 0.988      |
| EVBefore  | 0.986      |
| EpLenMean | 1e+03      |
| EpRewMean | 36.1       |
| EpRewSEM  | 0.848      |
| KL        | 0.00209423 |
--------------------------
********** Iteration 150 ************
kl just right!
-------------------------
| EVAfter   | 0.863     |
| EVBefore  | 0.93      |
| EpLenMean | 1e+03     |
| EpRewMean | 38.2      |
| EpRewSEM  | 0.731     |
| KL        | 0.0018419 |
-------------------------
********** Iteration 151 ************
kl just right!
--------------------------
| EVAfter   | 0.927      |
| EVBefore  | 0.879      |
| EpLenMean | 1e+03      |
| EpRewMean | 37.3       |
| EpRewSEM  | 1.86       |
| KL        | 0.00176445 |
--------------------------
********** Iteration 152 ************
kl just right!
-------------------------
| EVAfter   | 0.985     |
| EVBefore  | 0.973     |
| EpLenMean | 1e+03     |
| EpRewMean | 38.1      |
| EpRewSEM  | 0.686     |
| KL        | 0.0027176 |
-------------------------
********** Iteration 153 ************
kl just right!
--------------------------
| EVAfter   | 0.988      |
| EVBefore  | 0.98       |
| EpLenMean | 1e+03      |
| EpRewMean | 39.7       |
| EpRewSEM  | 0.502      |
| KL        | 0.00345344 |
--------------------------
********** Iteration 154 ************
kl just right!
--------------------------
| EVAfter   | 0.993      |
| EVBefore  | 0.991      |
| EpLenMean | 1e+03      |
| EpRewMean | 36         |
| EpRewSEM  | 0.929      |
| KL        | 0.00323339 |
--------------------------
********** Iteration 155 ************
kl just right!
--------------------------
| EVAfter   | 0.99       |
| EVBefore  | 0.989      |
| EpLenMean | 1e+03      |
| EpRewMean | 36.4       |
| EpRewSEM  | 0.444      |
| KL        | 0.00259644 |
--------------------------
********** Iteration 156 ************
kl just right!
--------------------------
| EVAfter   | 0.99       |
| EVBefore  | 0.989      |
| EpLenMean | 1e+03      |
| EpRewMean | 38.4       |
| EpRewSEM  | 0.524      |
| KL        | 0.00277475 |
--------------------------
********** Iteration 157 ************
kl just right!
--------------------------
| EVAfter   | 0.995      |
| EVBefore  | 0.995      |
| EpLenMean | 1e+03      |
| EpRewMean | 38.7       |
| EpRewSEM  | 0.464      |
| KL        | 0.00201162 |
--------------------------
********** Iteration 158 ************
kl just right!
--------------------------
| EVAfter   | 0.994      |
| EVBefore  | 0.994      |
| EpLenMean | 1e+03      |
| EpRewMean | 38.1       |
| EpRewSEM  | 1.01       |
| KL        | 0.00221981 |
--------------------------
********** Iteration 159 ************
kl just right!
--------------------------
| EVAfter   | 0.995      |
| EVBefore  | 0.994      |
| EpLenMean | 1e+03      |
| EpRewMean | 38         |
| EpRewSEM  | 0.188      |
| KL        | 0.00169917 |
--------------------------
********** Iteration 160 ************
kl too high
--------------------------
| EVAfter   | 0.991      |
| EVBefore  | 0.99       |
| EpLenMean | 1e+03      |
| EpRewMean | 38         |
| EpRewSEM  | 0.747      |
| KL        | 0.00526778 |
--------------------------
********** Iteration 161 ************
kl just right!
--------------------------
| EVAfter   | 0.994      |
| EVBefore  | 0.993      |
| EpLenMean | 1e+03      |
| EpRewMean | 38.8       |
| EpRewSEM  | 0.769      |
| KL        | 0.00354183 |
--------------------------
********** Iteration 162 ************
kl just right!
--------------------------
| EVAfter   | 0.995      |
| EVBefore  | 0.995      |
| EpLenMean | 1e+03      |
| EpRewMean | 39.4       |
| EpRewSEM  | 0.371      |
| KL        | 0.00284972 |
--------------------------
********** Iteration 163 ************
kl just right!
--------------------------
| EVAfter   | 0.993      |
| EVBefore  | 0.991      |
| EpLenMean | 1e+03      |
| EpRewMean | 39.8       |
| EpRewSEM  | 1.23       |
| KL        | 0.00365202 |
--------------------------
********** Iteration 164 ************
kl just right!
--------------------------
| EVAfter   | 0.994      |
| EVBefore  | 0.988      |
| EpLenMean | 1e+03      |
| EpRewMean | 37.1       |
| EpRewSEM  | 0.317      |
| KL        | 0.00259716 |
--------------------------
********** Iteration 165 ************
kl just right!
--------------------------
| EVAfter   | 0.995      |
| EVBefore  | 0.994      |
| EpLenMean | 1e+03      |
| EpRewMean | 36.6       |
| EpRewSEM  | 0.667      |
| KL        | 0.00206042 |
--------------------------
********** Iteration 166 ************
kl just right!
-------------------------
| EVAfter   | 0.991     |
| EVBefore  | 0.986     |
| EpLenMean | 1e+03     |
| EpRewMean | 40        |
| EpRewSEM  | 0.381     |
| KL        | 0.0015795 |
-------------------------
********** Iteration 167 ************
kl just right!
--------------------------
| EVAfter   | 0.992      |
| EVBefore  | 0.991      |
| EpLenMean | 1e+03      |
| EpRewMean | 37.3       |
| EpRewSEM  | 0.673      |
| KL        | 0.00121681 |
--------------------------
********** Iteration 168 ************
kl just right!
--------------------------
| EVAfter   | 0.992      |
| EVBefore  | 0.991      |
| EpLenMean | 1e+03      |
| EpRewMean | 39.1       |
| EpRewSEM  | 0.973      |
| KL        | 0.00194932 |
--------------------------
********** Iteration 169 ************
kl just right!
--------------------------
| EVAfter   | 0.992      |
| EVBefore  | 0.99       |
| EpLenMean | 1e+03      |
| EpRewMean | 39.4       |
| EpRewSEM  | 0.606      |
| KL        | 0.00104072 |
--------------------------
********** Iteration 170 ************
kl just right!
--------------------------
| EVAfter   | 0.991      |
| EVBefore  | 0.99       |
| EpLenMean | 1e+03      |
| EpRewMean | 37.8       |
| EpRewSEM  | 1.01       |
| KL        | 0.00100192 |
--------------------------
********** Iteration 171 ************
kl too low
---------------------------
| EVAfter   | 0.978       |
| EVBefore  | 0.975       |
| EpLenMean | 1e+03       |
| EpRewMean | 35.7        |
| EpRewSEM  | 1.9         |
| KL        | 0.000931888 |
---------------------------
********** Iteration 172 ************
kl just right!
--------------------------
| EVAfter   | 0.993      |
| EVBefore  | 0.992      |
| EpLenMean | 1e+03      |
| EpRewMean | 36.3       |
| EpRewSEM  | 0.52       |
| KL        | 0.00216782 |
--------------------------
********** Iteration 173 ************
kl too low
---------------------------
| EVAfter   | 0.994       |
| EVBefore  | 0.992       |
| EpLenMean | 1e+03       |
| EpRewMean | 38.4        |
| EpRewSEM  | 0.668       |
| KL        | 0.000679998 |
---------------------------
********** Iteration 174 ************
kl just right!
--------------------------
| EVAfter   | 0.992      |
| EVBefore  | 0.991      |
| EpLenMean | 1e+03      |
| EpRewMean | 36.5       |
| EpRewSEM  | 1.07       |
| KL        | 0.00101925 |
--------------------------
********** Iteration 175 ************
kl just right!
--------------------------
| EVAfter   | 0.993      |
| EVBefore  | 0.991      |
| EpLenMean | 1e+03      |
| EpRewMean | 38.4       |
| EpRewSEM  | 0.34       |
| KL        | 0.00336297 |
--------------------------
********** Iteration 176 ************
kl just right!
--------------------------
| EVAfter   | 0.994      |
| EVBefore  | 0.993      |
| EpLenMean | 1e+03      |
| EpRewMean | 39.3       |
| EpRewSEM  | 0.629      |
| KL        | 0.00237145 |
--------------------------
********** Iteration 177 ************
kl just right!
--------------------------
| EVAfter   | 0.996      |
| EVBefore  | 0.992      |
| EpLenMean | 1e+03      |
| EpRewMean | 36.6       |
| EpRewSEM  | 0.246      |
| KL        | 0.00138857 |
--------------------------
********** Iteration 178 ************
kl just right!
--------------------------
| EVAfter   | 0.994      |
| EVBefore  | 0.993      |
| EpLenMean | 1e+03      |
| EpRewMean | 38.1       |
| EpRewSEM  | 0.614      |
| KL        | 0.00242767 |
--------------------------
********** Iteration 179 ************
kl just right!
--------------------------
| EVAfter   | 0.994      |
| EVBefore  | 0.989      |
| EpLenMean | 1e+03      |
| EpRewMean | 40.8       |
| EpRewSEM  | 0.353      |
| KL        | 0.00252085 |
--------------------------
********** Iteration 180 ************
kl just right!
--------------------------
| EVAfter   | 0.99       |
| EVBefore  | 0.988      |
| EpLenMean | 1e+03      |
| EpRewMean | 38.4       |
| EpRewSEM  | 1.1        |
| KL        | 0.00309071 |
--------------------------
********** Iteration 181 ************
kl too high
--------------------------
| EVAfter   | 0.995      |
| EVBefore  | 0.995      |
| EpLenMean | 1e+03      |
| EpRewMean | 39.8       |
| EpRewSEM  | 0.241      |
| KL        | 0.00658511 |
--------------------------
********** Iteration 182 ************
kl just right!
--------------------------
| EVAfter   | 0.996      |
| EVBefore  | 0.996      |
| EpLenMean | 1e+03      |
| EpRewMean | 39.4       |
| EpRewSEM  | 0.372      |
| KL        | 0.00286376 |
--------------------------
********** Iteration 183 ************
kl just right!
--------------------------
| EVAfter   | 0.995      |
| EVBefore  | 0.995      |
| EpLenMean | 1e+03      |
| EpRewMean | 39.3       |
| EpRewSEM  | 0.712      |
| KL        | 0.00283365 |
--------------------------
********** Iteration 184 ************
kl just right!
--------------------------
| EVAfter   | 0.994      |
| EVBefore  | 0.994      |
| EpLenMean | 1e+03      |
| EpRewMean | 39.2       |
| EpRewSEM  | 1.01       |
| KL        | 0.00189782 |
--------------------------
********** Iteration 185 ************
kl just right!
--------------------------
| EVAfter   | 0.98       |
| EVBefore  | 0.974      |
| EpLenMean | 1e+03      |
| EpRewMean | 37.9       |
| EpRewSEM  | 2.03       |
| KL        | 0.00218921 |
--------------------------
********** Iteration 186 ************
kl just right!
--------------------------
| EVAfter   | 0.995      |
| EVBefore  | 0.993      |
| EpLenMean | 1e+03      |
| EpRewMean | 41         |
| EpRewSEM  | 0.491      |
| KL        | 0.00271946 |
--------------------------
********** Iteration 187 ************
kl just right!
--------------------------
| EVAfter   | 0.996      |
| EVBefore  | 0.996      |
| EpLenMean | 1e+03      |
| EpRewMean | 40.5       |
| EpRewSEM  | 0.312      |
| KL        | 0.00201979 |
--------------------------
********** Iteration 188 ************
kl just right!
--------------------------
| EVAfter   | 0.994      |
| EVBefore  | 0.994      |
| EpLenMean | 1e+03      |
| EpRewMean | 40.4       |
| EpRewSEM  | 0.816      |
| KL        | 0.00399059 |
--------------------------
********** Iteration 189 ************
kl too high
-------------------------
| EVAfter   | 0.995     |
| EVBefore  | 0.994     |
| EpLenMean | 1e+03     |
| EpRewMean | 39.7      |
| EpRewSEM  | 1.05      |
| KL        | 0.0082588 |
-------------------------
********** Iteration 190 ************
kl just right!
--------------------------
| EVAfter   | 0.996      |
| EVBefore  | 0.993      |
| EpLenMean | 1e+03      |
| EpRewMean | 38.7       |
| EpRewSEM  | 1.34       |
| KL        | 0.00331343 |
--------------------------
********** Iteration 191 ************
kl just right!
--------------------------
| EVAfter   | 0.996      |
| EVBefore  | 0.996      |
| EpLenMean | 1e+03      |
| EpRewMean | 40.3       |
| EpRewSEM  | 0.537      |
| KL        | 0.00293135 |
--------------------------
********** Iteration 192 ************
kl too high
--------------------------
| EVAfter   | 0.995      |
| EVBefore  | 0.994      |
| EpLenMean | 1e+03      |
| EpRewMean | 40.8       |
| EpRewSEM  | 0.5        |
| KL        | 0.00513036 |
--------------------------
********** Iteration 193 ************
kl just right!
--------------------------
| EVAfter   | 0.997      |
| EVBefore  | 0.996      |
| EpLenMean | 1e+03      |
| EpRewMean | 40.7       |
| EpRewSEM  | 0.167      |
| KL        | 0.00160424 |
--------------------------
********** Iteration 194 ************
kl just right!
-------------------------
| EVAfter   | 0.997     |
| EVBefore  | 0.996     |
| EpLenMean | 1e+03     |
| EpRewMean | 39.7      |
| EpRewSEM  | 0.359     |
| KL        | 0.0011657 |
-------------------------
********** Iteration 195 ************
kl just right!
--------------------------
| EVAfter   | 0.995      |
| EVBefore  | 0.994      |
| EpLenMean | 1e+03      |
| EpRewMean | 40.9       |
| EpRewSEM  | 0.879      |
| KL        | 0.00112155 |
--------------------------
********** Iteration 196 ************
kl just right!
--------------------------
| EVAfter   | 0.997      |
| EVBefore  | 0.996      |
| EpLenMean | 1e+03      |
| EpRewMean | 40.6       |
| EpRewSEM  | 0.0575     |
| KL        | 0.00126859 |
--------------------------
********** Iteration 197 ************
kl too low
---------------------------
| EVAfter   | 0.997       |
| EVBefore  | 0.997       |
| EpLenMean | 1e+03       |
| EpRewMean | 41.2        |
| EpRewSEM  | 0.149       |
| KL        | 0.000730234 |
---------------------------
********** Iteration 198 ************
kl just right!
--------------------------
| EVAfter   | 0.996      |
| EVBefore  | 0.994      |
| EpLenMean | 1e+03      |
| EpRewMean | 40.2       |
| EpRewSEM  | 0.765      |
| KL        | 0.00140828 |
--------------------------
********** Iteration 199 ************
kl just right!
--------------------------
| EVAfter   | 0.996      |
| EVBefore  | 0.995      |
| EpLenMean | 1e+03      |
| EpRewMean | 40.1       |
| EpRewSEM  | 1.14       |
| KL        | 0.00114244 |
--------------------------
********** Iteration 200 ************
kl just right!
--------------------------
| EVAfter   | 0.996      |
| EVBefore  | 0.995      |
| EpLenMean | 1e+03      |
| EpRewMean | 42         |
| EpRewSEM  | 0.268      |
| KL        | 0.00192242 |
--------------------------
********** Iteration 201 ************
kl just right!
--------------------------
| EVAfter   | 0.992      |
| EVBefore  | 0.991      |
| EpLenMean | 1e+03      |
| EpRewMean | 39.5       |
| EpRewSEM  | 0.352      |
| KL        | 0.00198491 |
--------------------------
********** Iteration 202 ************
kl just right!
--------------------------
| EVAfter   | 0.994      |
| EVBefore  | 0.994      |
| EpLenMean | 1e+03      |
| EpRewMean | 39.2       |
| EpRewSEM  | 0.877      |
| KL        | 0.00183542 |
--------------------------
********** Iteration 203 ************
kl just right!
--------------------------
| EVAfter   | 0.995      |
| EVBefore  | 0.994      |
| EpLenMean | 1e+03      |
| EpRewMean | 39.2       |
| EpRewSEM  | 0.03       |
| KL        | 0.00241349 |
--------------------------
********** Iteration 204 ************
kl just right!
--------------------------
| EVAfter   | 0.992      |
| EVBefore  | 0.992      |
| EpLenMean | 1e+03      |
| EpRewMean | 38.8       |
| EpRewSEM  | 0.611      |
| KL        | 0.00221185 |
--------------------------
********** Iteration 205 ************
kl just right!
--------------------------
| EVAfter   | 0.992      |
| EVBefore  | 0.991      |
| EpLenMean | 1e+03      |
| EpRewMean | 38.7       |
| EpRewSEM  | 0.901      |
| KL        | 0.00238847 |
--------------------------
********** Iteration 206 ************
kl just right!
--------------------------
| EVAfter   | 0.992      |
| EVBefore  | 0.99       |
| EpLenMean | 1e+03      |
| EpRewMean | 40.2       |
| EpRewSEM  | 0.735      |
| KL        | 0.00285583 |
--------------------------
********** Iteration 207 ************
kl just right!
--------------------------
| EVAfter   | 0.992      |
| EVBefore  | 0.991      |
| EpLenMean | 1e+03      |
| EpRewMean | 41.1       |
| EpRewSEM  | 0.31       |
| KL        | 0.00231693 |
--------------------------
********** Iteration 208 ************
kl just right!
--------------------------
| EVAfter   | 0.995      |
| EVBefore  | 0.994      |
| EpLenMean | 1e+03      |
| EpRewMean | 40.8       |
| EpRewSEM  | 0.765      |
| KL        | 0.00237673 |
--------------------------
********** Iteration 209 ************
kl just right!
--------------------------
| EVAfter   | 0.994      |
| EVBefore  | 0.993      |
| EpLenMean | 1e+03      |
| EpRewMean | 40         |
| EpRewSEM  | 0.519      |
| KL        | 0.00320704 |
--------------------------
********** Iteration 210 ************
kl just right!
--------------------------
| EVAfter   | 0.99       |
| EVBefore  | 0.989      |
| EpLenMean | 1e+03      |
| EpRewMean | 40.9       |
| EpRewSEM  | 0.795      |
| KL        | 0.00300745 |
--------------------------
********** Iteration 211 ************
kl just right!
--------------------------
| EVAfter   | 0.991      |
| EVBefore  | 0.989      |
| EpLenMean | 1e+03      |
| EpRewMean | 40.2       |
| EpRewSEM  | 0.778      |
| KL        | 0.00277635 |
--------------------------
********** Iteration 212 ************
kl just right!
--------------------------
| EVAfter   | 0.993      |
| EVBefore  | 0.992      |
| EpLenMean | 1e+03      |
| EpRewMean | 40.5       |
| EpRewSEM  | 0.284      |
| KL        | 0.00275038 |
--------------------------
********** Iteration 213 ************
kl just right!
--------------------------
| EVAfter   | 0.993      |
| EVBefore  | 0.992      |
| EpLenMean | 1e+03      |
| EpRewMean | 39.4       |
| EpRewSEM  | 0.185      |
| KL        | 0.00348358 |
--------------------------
********** Iteration 214 ************
kl just right!
--------------------------
| EVAfter   | 0.994      |
| EVBefore  | 0.993      |
| EpLenMean | 1e+03      |
| EpRewMean | 39.5       |
| EpRewSEM  | 0.397      |
| KL        | 0.00369148 |
--------------------------
********** Iteration 215 ************
kl too high
--------------------------
| EVAfter   | 0.993      |
| EVBefore  | 0.993      |
| EpLenMean | 1e+03      |
| EpRewMean | 41.1       |
| EpRewSEM  | 0.0856     |
| KL        | 0.00429888 |
--------------------------
********** Iteration 216 ************
kl just right!
--------------------------
| EVAfter   | 0.991      |
| EVBefore  | 0.99       |
| EpLenMean | 1e+03      |
| EpRewMean | 40.3       |
| EpRewSEM  | 0.312      |
| KL        | 0.00239133 |
--------------------------
********** Iteration 217 ************
kl just right!
--------------------------
| EVAfter   | 0.992      |
| EVBefore  | 0.991      |
| EpLenMean | 1e+03      |
| EpRewMean | 40.2       |
| EpRewSEM  | 0.253      |
| KL        | 0.00239473 |
--------------------------
********** Iteration 218 ************
kl just right!
--------------------------
| EVAfter   | 0.991      |
| EVBefore  | 0.99       |
| EpLenMean | 1e+03      |
| EpRewMean | 39.9       |
| EpRewSEM  | 0.629      |
| KL        | 0.00350648 |
--------------------------
********** Iteration 219 ************
kl just right!
--------------------------
| EVAfter   | 0.991      |
| EVBefore  | 0.991      |
| EpLenMean | 1e+03      |
| EpRewMean | 40.5       |
| EpRewSEM  | 0.572      |
| KL        | 0.00251166 |
--------------------------
********** Iteration 220 ************
kl just right!
--------------------------
| EVAfter   | 0.991      |
| EVBefore  | 0.99       |
| EpLenMean | 1e+03      |
| EpRewMean | 41.9       |
| EpRewSEM  | 0.57       |
| KL        | 0.00179242 |
--------------------------
********** Iteration 221 ************
kl just right!
--------------------------
| EVAfter   | 0.99       |
| EVBefore  | 0.989      |
| EpLenMean | 1e+03      |
| EpRewMean | 40.9       |
| EpRewSEM  | 0.748      |
| KL        | 0.00151015 |
--------------------------
********** Iteration 222 ************
kl just right!
--------------------------
| EVAfter   | 0.989      |
| EVBefore  | 0.988      |
| EpLenMean | 1e+03      |
| EpRewMean | 41         |
| EpRewSEM  | 0.55       |
| KL        | 0.00122284 |
--------------------------
********** Iteration 223 ************
kl too low
---------------------------
| EVAfter   | 0.994       |
| EVBefore  | 0.993       |
| EpLenMean | 1e+03       |
| EpRewMean | 40          |
| EpRewSEM  | 0.242       |
| KL        | 0.000919092 |
---------------------------
********** Iteration 224 ************
kl just right!
--------------------------
| EVAfter   | 0.992      |
| EVBefore  | 0.992      |
| EpLenMean | 1e+03      |
| EpRewMean | 40.4       |
| EpRewSEM  | 0.666      |
| KL        | 0.00206535 |
--------------------------
********** Iteration 225 ************
kl just right!
--------------------------
| EVAfter   | 0.994      |
| EVBefore  | 0.994      |
| EpLenMean | 1e+03      |
| EpRewMean | 40.3       |
| EpRewSEM  | 0.518      |
| KL        | 0.00240405 |
--------------------------
********** Iteration 226 ************
kl just right!
--------------------------
| EVAfter   | 0.992      |
| EVBefore  | 0.991      |
| EpLenMean | 1e+03      |
| EpRewMean | 39.3       |
| EpRewSEM  | 0.719      |
| KL        | 0.00207919 |
--------------------------
********** Iteration 227 ************
kl just right!
--------------------------
| EVAfter   | 0.992      |
| EVBefore  | 0.99       |
| EpLenMean | 1e+03      |
| EpRewMean | 41.2       |
| EpRewSEM  | 0.138      |
| KL        | 0.00178138 |
--------------------------
********** Iteration 228 ************
kl just right!
-------------------------
| EVAfter   | 0.991     |
| EVBefore  | 0.99      |
| EpLenMean | 1e+03     |
| EpRewMean | 40.1      |
| EpRewSEM  | 0.875     |
| KL        | 0.0015759 |
-------------------------
********** Iteration 229 ************
kl just right!
--------------------------
| EVAfter   | 0.992      |
| EVBefore  | 0.991      |
| EpLenMean | 1e+03      |
| EpRewMean | 39.4       |
| EpRewSEM  | 0.835      |
| KL        | 0.00129854 |
--------------------------
********** Iteration 230 ************
kl just right!
--------------------------
| EVAfter   | 0.993      |
| EVBefore  | 0.993      |
| EpLenMean | 1e+03      |
| EpRewMean | 40         |
| EpRewSEM  | 0.749      |
| KL        | 0.00127302 |
--------------------------
********** Iteration 231 ************
kl just right!
--------------------------
| EVAfter   | 0.995      |
| EVBefore  | 0.995      |
| EpLenMean | 1e+03      |
| EpRewMean | 38.2       |
| EpRewSEM  | 0.291      |
| KL        | 0.00220549 |
--------------------------
********** Iteration 232 ************
kl just right!
-------------------------
| EVAfter   | 0.995     |
| EVBefore  | 0.994     |
| EpLenMean | 1e+03     |
| EpRewMean | 40.5      |
| EpRewSEM  | 0.169     |
| KL        | 0.0027295 |
-------------------------
********** Iteration 233 ************
kl just right!
--------------------------
| EVAfter   | 0.993      |
| EVBefore  | 0.992      |
| EpLenMean | 1e+03      |
| EpRewMean | 41         |
| EpRewSEM  | 0.563      |
| KL        | 0.00232006 |
--------------------------
********** Iteration 234 ************
kl just right!
--------------------------
| EVAfter   | 0.995      |
| EVBefore  | 0.994      |
| EpLenMean | 1e+03      |
| EpRewMean | 40.5       |
| EpRewSEM  | 0.469      |
| KL        | 0.00272889 |
--------------------------
********** Iteration 235 ************
kl just right!
--------------------------
| EVAfter   | 0.997      |
| EVBefore  | 0.997      |
| EpLenMean | 1e+03      |
| EpRewMean | 38.4       |
| EpRewSEM  | 0.727      |
| KL        | 0.00348384 |
--------------------------
********** Iteration 236 ************
kl just right!
--------------------------
| EVAfter   | 0.996      |
| EVBefore  | 0.995      |
| EpLenMean | 1e+03      |
| EpRewMean | 40.9       |
| EpRewSEM  | 0.0888     |
| KL        | 0.00289348 |
--------------------------
********** Iteration 237 ************
kl just right!
--------------------------
| EVAfter   | 0.995      |
| EVBefore  | 0.995      |
| EpLenMean | 1e+03      |
| EpRewMean | 40.6       |
| EpRewSEM  | 0.489      |
| KL        | 0.00367302 |
--------------------------
********** Iteration 238 ************
kl just right!
--------------------------
| EVAfter   | 0.997      |
| EVBefore  | 0.996      |
| EpLenMean | 1e+03      |
| EpRewMean | 40.2       |
| EpRewSEM  | 0.694      |
| KL        | 0.00284152 |
--------------------------
********** Iteration 239 ************
kl just right!
--------------------------
| EVAfter   | 0.996      |
| EVBefore  | 0.995      |
| EpLenMean | 1e+03      |
| EpRewMean | 42.2       |
| EpRewSEM  | 0.489      |
| KL        | 0.00310089 |
--------------------------
********** Iteration 240 ************
kl just right!
--------------------------
| EVAfter   | 0.997      |
| EVBefore  | 0.996      |
| EpLenMean | 1e+03      |
| EpRewMean | 41.6       |
| EpRewSEM  | 0.127      |
| KL        | 0.00348815 |
--------------------------
********** Iteration 241 ************
kl just right!
--------------------------
| EVAfter   | 0.995      |
| EVBefore  | 0.995      |
| EpLenMean | 1e+03      |
| EpRewMean | 41.6       |
| EpRewSEM  | 0.108      |
| KL        | 0.00358009 |
--------------------------
********** Iteration 242 ************
kl too high
--------------------------
| EVAfter   | 0.997      |
| EVBefore  | 0.997      |
| EpLenMean | 1e+03      |
| EpRewMean | 41.9       |
| EpRewSEM  | 0.446      |
| KL        | 0.00421532 |
--------------------------
********** Iteration 243 ************
kl just right!
--------------------------
| EVAfter   | 0.998      |
| EVBefore  | 0.998      |
| EpLenMean | 1e+03      |
| EpRewMean | 42.2       |
| EpRewSEM  | 0.493      |
| KL        | 0.00185917 |
--------------------------
********** Iteration 244 ************
kl just right!
--------------------------
| EVAfter   | 0.996      |
| EVBefore  | 0.996      |
| EpLenMean | 1e+03      |
| EpRewMean | 41         |
| EpRewSEM  | 1.04       |
| KL        | 0.00140013 |
--------------------------
********** Iteration 245 ************
kl just right!
--------------------------
| EVAfter   | 0.998      |
| EVBefore  | 0.998      |
| EpLenMean | 1e+03      |
| EpRewMean | 42.3       |
| EpRewSEM  | 0.218      |
| KL        | 0.00141845 |
--------------------------
********** Iteration 246 ************
kl just right!
--------------------------
| EVAfter   | 0.997      |
| EVBefore  | 0.997      |
| EpLenMean | 1e+03      |
| EpRewMean | 41.5       |
| EpRewSEM  | 0.132      |
| KL        | 0.00120865 |
--------------------------
********** Iteration 247 ************
kl just right!
--------------------------
| EVAfter   | 0.998      |
| EVBefore  | 0.997      |
| EpLenMean | 1e+03      |
| EpRewMean | 40.8       |
| EpRewSEM  | 0.308      |
| KL        | 0.00185167 |
--------------------------
********** Iteration 248 ************
kl just right!
--------------------------
| EVAfter   | 0.998      |
| EVBefore  | 0.998      |
| EpLenMean | 1e+03      |
| EpRewMean | 42         |
| EpRewSEM  | 0.31       |
| KL        | 0.00212278 |
--------------------------
********** Iteration 249 ************
kl just right!
--------------------------
| EVAfter   | 0.998      |
| EVBefore  | 0.997      |
| EpLenMean | 1e+03      |
| EpRewMean | 41.7       |
| EpRewSEM  | 0.94       |
| KL        | 0.00302918 |
--------------------------
********** Iteration 250 ************
kl just right!
--------------------------
| EVAfter   | 0.998      |
| EVBefore  | 0.996      |
| EpLenMean | 1e+03      |
| EpRewMean | 43.9       |
| EpRewSEM  | 0.393      |
| KL        | 0.00393658 |
--------------------------
********** Iteration 251 ************
kl too high
--------------------------
| EVAfter   | 0.998      |
| EVBefore  | 0.998      |
| EpLenMean | 1e+03      |
| EpRewMean | 42.2       |
| EpRewSEM  | 0.752      |
| KL        | 0.00454212 |
--------------------------
********** Iteration 252 ************
kl just right!
--------------------------
| EVAfter   | 0.997      |
| EVBefore  | 0.997      |
| EpLenMean | 1e+03      |
| EpRewMean | 41.7       |
| EpRewSEM  | 1.1        |
| KL        | 0.00121746 |
--------------------------
********** Iteration 253 ************
kl too low
---------------------------
| EVAfter   | 0.995       |
| EVBefore  | 0.994       |
| EpLenMean | 1e+03       |
| EpRewMean | 41.8        |
| EpRewSEM  | 1.14        |
| KL        | 0.000926639 |
---------------------------
********** Iteration 254 ************
kl just right!
--------------------------
| EVAfter   | 0.998      |
| EVBefore  | 0.998      |
| EpLenMean | 1e+03      |
| EpRewMean | 41.3       |
| EpRewSEM  | 0.517      |
| KL        | 0.00224552 |
--------------------------
********** Iteration 255 ************
kl too high
--------------------------
| EVAfter   | 0.998      |
| EVBefore  | 0.998      |
| EpLenMean | 1e+03      |
| EpRewMean | 41.8       |
| EpRewSEM  | 0.665      |
| KL        | 0.00405477 |
--------------------------
********** Iteration 256 ************
kl just right!
--------------------------
| EVAfter   | 0.998      |
| EVBefore  | 0.998      |
| EpLenMean | 1e+03      |
| EpRewMean | 41.6       |
| EpRewSEM  | 0.417      |
| KL        | 0.00187478 |
--------------------------
********** Iteration 257 ************
kl just right!
--------------------------
| EVAfter   | 0.998      |
| EVBefore  | 0.997      |
| EpLenMean | 1e+03      |
| EpRewMean | 43.9       |
| EpRewSEM  | 0.738      |
| KL        | 0.00142826 |
--------------------------
********** Iteration 258 ************
kl too low
------------------------
| EVAfter   | 0.998    |
| EVBefore  | 0.998    |
| EpLenMean | 1e+03    |
| EpRewMean | 42.9     |
| EpRewSEM  | 1.07     |
| KL        | 0.00094  |
------------------------
********** Iteration 259 ************
kl just right!
-------------------------
| EVAfter   | 0.998     |
| EVBefore  | 0.997     |
| EpLenMean | 1e+03     |
| EpRewMean | 43.1      |
| EpRewSEM  | 0.915     |
| KL        | 0.0026806 |
-------------------------
********** Iteration 260 ************
kl just right!
--------------------------
| EVAfter   | 0.998      |
| EVBefore  | 0.998      |
| EpLenMean | 1e+03      |
| EpRewMean | 44.2       |
| EpRewSEM  | 0.461      |
| KL        | 0.00248321 |
--------------------------
********** Iteration 261 ************
kl just right!
--------------------------
| EVAfter   | 0.998      |
| EVBefore  | 0.998      |
| EpLenMean | 1e+03      |
| EpRewMean | 43.2       |
| EpRewSEM  | 1.12       |
| KL        | 0.00198702 |
--------------------------
********** Iteration 262 ************
kl just right!
--------------------------
| EVAfter   | 0.998      |
| EVBefore  | 0.998      |
| EpLenMean | 1e+03      |
| EpRewMean | 43.3       |
| EpRewSEM  | 0.643      |
| KL        | 0.00155565 |
--------------------------
********** Iteration 263 ************
kl just right!
--------------------------
| EVAfter   | 0.998      |
| EVBefore  | 0.997      |
| EpLenMean | 1e+03      |
| EpRewMean | 45.3       |
| EpRewSEM  | 0.659      |
| KL        | 0.00125307 |
--------------------------
********** Iteration 264 ************
kl just right!
--------------------------
| EVAfter   | 0.998      |
| EVBefore  | 0.998      |
| EpLenMean | 1e+03      |
| EpRewMean | 42.8       |
| EpRewSEM  | 0.607      |
| KL        | 0.00101774 |
--------------------------
********** Iteration 265 ************
kl just right!
--------------------------
| EVAfter   | 0.999      |
| EVBefore  | 0.998      |
| EpLenMean | 1e+03      |
| EpRewMean | 44.4       |
| EpRewSEM  | 0.68       |
| KL        | 0.00100988 |
--------------------------
********** Iteration 266 ************
kl just right!
--------------------------
| EVAfter   | 0.999      |
| EVBefore  | 0.999      |
| EpLenMean | 1e+03      |
| EpRewMean | 42.4       |
| EpRewSEM  | 0.204      |
| KL        | 0.00100542 |
--------------------------
********** Iteration 267 ************
kl just right!
--------------------------
| EVAfter   | 0.999      |
| EVBefore  | 0.999      |
| EpLenMean | 1e+03      |
| EpRewMean | 43.4       |
| EpRewSEM  | 0.404      |
| KL        | 0.00156794 |
--------------------------
********** Iteration 268 ************
kl just right!
--------------------------
| EVAfter   | 0.998      |
| EVBefore  | 0.997      |
| EpLenMean | 1e+03      |
| EpRewMean | 43.8       |
| EpRewSEM  | 0.454      |
| KL        | 0.00178002 |
--------------------------
********** Iteration 269 ************
kl just right!
--------------------------
| EVAfter   | 0.998      |
| EVBefore  | 0.997      |
| EpLenMean | 1e+03      |
| EpRewMean | 41.7       |
| EpRewSEM  | 0.413      |
| KL        | 0.00175522 |
--------------------------
********** Iteration 270 ************
kl just right!
--------------------------
| EVAfter   | 0.998      |
| EVBefore  | 0.998      |
| EpLenMean | 1e+03      |
| EpRewMean | 43.4       |
| EpRewSEM  | 0.875      |
| KL        | 0.00106251 |
--------------------------
********** Iteration 271 ************
kl too low
---------------------------
| EVAfter   | 0.999       |
| EVBefore  | 0.999       |
| EpLenMean | 1e+03       |
| EpRewMean | 42          |
| EpRewSEM  | 0.525       |
| KL        | 0.000794272 |
---------------------------
********** Iteration 272 ************
kl just right!
--------------------------
| EVAfter   | 0.999      |
| EVBefore  | 0.999      |
| EpLenMean | 1e+03      |
| EpRewMean | 42.5       |
| EpRewSEM  | 0.313      |
| KL        | 0.00150332 |
--------------------------
********** Iteration 273 ************
kl just right!
--------------------------
| EVAfter   | 0.998      |
| EVBefore  | 0.998      |
| EpLenMean | 1e+03      |
| EpRewMean | 44         |
| EpRewSEM  | 0.156      |
| KL        | 0.00360129 |
--------------------------
********** Iteration 274 ************
kl just right!
--------------------------
| EVAfter   | 0.998      |
| EVBefore  | 0.998      |
| EpLenMean | 1e+03      |
| EpRewMean | 43.3       |
| EpRewSEM  | 0.325      |
| KL        | 0.00230074 |
--------------------------
********** Iteration 275 ************
kl too high
-------------------------
| EVAfter   | 0.997     |
| EVBefore  | 0.997     |
| EpLenMean | 1e+03     |
| EpRewMean | 43.7      |
| EpRewSEM  | 0.831     |
| KL        | 0.0041775 |
-------------------------
********** Iteration 276 ************
kl just right!
--------------------------
| EVAfter   | 0.998      |
| EVBefore  | 0.998      |
| EpLenMean | 1e+03      |
| EpRewMean | 42.6       |
| EpRewSEM  | 0.706      |
| KL        | 0.00177978 |
--------------------------
********** Iteration 277 ************
kl too low
---------------------------
| EVAfter   | 0.997       |
| EVBefore  | 0.997       |
| EpLenMean | 1e+03       |
| EpRewMean | 43.4        |
| EpRewSEM  | 0.494       |
| KL        | 0.000846524 |
---------------------------
********** Iteration 278 ************
kl just right!
--------------------------
| EVAfter   | 0.998      |
| EVBefore  | 0.998      |
| EpLenMean | 1e+03      |
| EpRewMean | 43         |
| EpRewSEM  | 0.305      |
| KL        | 0.00158754 |
--------------------------
********** Iteration 279 ************
kl just right!
--------------------------
| EVAfter   | 0.998      |
| EVBefore  | 0.997      |
| EpLenMean | 1e+03      |
| EpRewMean | 43.5       |
| EpRewSEM  | 0.246      |
| KL        | 0.00230929 |
--------------------------
********** Iteration 280 ************
kl just right!
--------------------------
| EVAfter   | 0.999      |
| EVBefore  | 0.999      |
| EpLenMean | 1e+03      |
| EpRewMean | 44.5       |
| EpRewSEM  | 0.225      |
| KL        | 0.00250991 |
--------------------------
********** Iteration 281 ************
kl just right!
-------------------------
| EVAfter   | 0.997     |
| EVBefore  | 0.996     |
| EpLenMean | 1e+03     |
| EpRewMean | 42.9      |
| EpRewSEM  | 0.836     |
| KL        | 0.0025886 |
-------------------------
********** Iteration 282 ************
kl too high
--------------------------
| EVAfter   | 0.997      |
| EVBefore  | 0.995      |
| EpLenMean | 1e+03      |
| EpRewMean | 41.4       |
| EpRewSEM  | 0.176      |
| KL        | 0.00425134 |
--------------------------
********** Iteration 283 ************
kl just right!
--------------------------
| EVAfter   | 0.999      |
| EVBefore  | 0.998      |
| EpLenMean | 1e+03      |
| EpRewMean | 41.9       |
| EpRewSEM  | 0.873      |
| KL        | 0.00139596 |
--------------------------
********** Iteration 284 ************
kl just right!
-------------------------
| EVAfter   | 0.999     |
| EVBefore  | 0.999     |
| EpLenMean | 1e+03     |
| EpRewMean | 41.8      |
| EpRewSEM  | 0.199     |
| KL        | 0.0019313 |
-------------------------
********** Iteration 285 ************
kl just right!
--------------------------
| EVAfter   | 0.998      |
| EVBefore  | 0.998      |
| EpLenMean | 1e+03      |
| EpRewMean | 42.9       |
| EpRewSEM  | 0.443      |
| KL        | 0.00205575 |
--------------------------
********** Iteration 286 ************
kl just right!
--------------------------
| EVAfter   | 0.999      |
| EVBefore  | 0.999      |
| EpLenMean | 1e+03      |
| EpRewMean | 42.5       |
| EpRewSEM  | 0.172      |
| KL        | 0.00140571 |
--------------------------
********** Iteration 287 ************
kl too low
---------------------------
| EVAfter   | 0.999       |
| EVBefore  | 0.999       |
| EpLenMean | 1e+03       |
| EpRewMean | 42.6        |
| EpRewSEM  | 0.462       |
| KL        | 0.000762266 |
---------------------------
********** Iteration 288 ************
kl just right!
--------------------------
| EVAfter   | 0.998      |
| EVBefore  | 0.998      |
| EpLenMean | 1e+03      |
| EpRewMean | 41.4       |
| EpRewSEM  | 0.455      |
| KL        | 0.00139878 |
--------------------------
********** Iteration 289 ************
kl just right!
--------------------------
| EVAfter   | 0.998      |
| EVBefore  | 0.998      |
| EpLenMean | 1e+03      |
| EpRewMean | 40.9       |
| EpRewSEM  | 0.684      |
| KL        | 0.00159853 |
--------------------------
********** Iteration 290 ************
kl just right!
--------------------------
| EVAfter   | 0.998      |
| EVBefore  | 0.998      |
| EpLenMean | 1e+03      |
| EpRewMean | 41.8       |
| EpRewSEM  | 0.749      |
| KL        | 0.00246175 |
--------------------------
********** Iteration 291 ************
kl too high
--------------------------
| EVAfter   | 0.999      |
| EVBefore  | 0.999      |
| EpLenMean | 1e+03      |
| EpRewMean | 41.4       |
| EpRewSEM  | 0.172      |
| KL        | 0.00531755 |
--------------------------
********** Iteration 292 ************
kl just right!
--------------------------
| EVAfter   | 0.999      |
| EVBefore  | 0.998      |
| EpLenMean | 1e+03      |
| EpRewMean | 42.1       |
| EpRewSEM  | 0.295      |
| KL        | 0.00248673 |
--------------------------
********** Iteration 293 ************
kl just right!
-------------------------
| EVAfter   | 0.999     |
| EVBefore  | 0.999     |
| EpLenMean | 1e+03     |
| EpRewMean | 40.7      |
| EpRewSEM  | 0.182     |
| KL        | 0.0032759 |
-------------------------
********** Iteration 294 ************
kl just right!
--------------------------
| EVAfter   | 0.999      |
| EVBefore  | 0.997      |
| EpLenMean | 1e+03      |
| EpRewMean | 44.2       |
| EpRewSEM  | 0.522      |
| KL        | 0.00319635 |
--------------------------
********** Iteration 295 ************
kl too high
--------------------------
| EVAfter   | 0.998      |
| EVBefore  | 0.997      |
| EpLenMean | 1e+03      |
| EpRewMean | 43.7       |
| EpRewSEM  | 1.72       |
| KL        | 0.00465978 |
--------------------------
********** Iteration 296 ************
kl too low
--------------------------
| EVAfter   | 0.998      |
| EVBefore  | 0.998      |
| EpLenMean | 1e+03      |
| EpRewMean | 44.6       |
| EpRewSEM  | 0.901      |
| KL        | 0.00075453 |
--------------------------
********** Iteration 297 ************
kl just right!
-------------------------
| EVAfter   | 0.999     |
| EVBefore  | 0.998     |
| EpLenMean | 1e+03     |
| EpRewMean | 43.9      |
| EpRewSEM  | 0.203     |
| KL        | 0.0021692 |
-------------------------
********** Iteration 298 ************
kl just right!
--------------------------
| EVAfter   | 0.998      |
| EVBefore  | 0.997      |
| EpLenMean | 1e+03      |
| EpRewMean | 44.8       |
| EpRewSEM  | 1.39       |
| KL        | 0.00204844 |
--------------------------
********** Iteration 299 ************
kl just right!
--------------------------
| EVAfter   | 0.998      |
| EVBefore  | 0.998      |
| EpLenMean | 1e+03      |
| EpRewMean | 45.8       |
| EpRewSEM  | 0.97       |
| KL        | 0.00233707 |
--------------------------
********** Iteration 300 ************
kl too high
--------------------------
| EVAfter   | 0.998      |
| EVBefore  | 0.998      |
| EpLenMean | 1e+03      |
| EpRewMean | 46         |
| EpRewSEM  | 0.628      |
| KL        | 0.00761383 |
--------------------------
********** Iteration 301 ************
kl just right!
--------------------------
| EVAfter   | 0.998      |
| EVBefore  | 0.998      |
| EpLenMean | 1e+03      |
| EpRewMean | 45.1       |
| EpRewSEM  | 1.13       |
| KL        | 0.00223827 |
--------------------------
********** Iteration 302 ************
kl just right!
--------------------------
| EVAfter   | 0.998      |
| EVBefore  | 0.998      |
| EpLenMean | 1e+03      |
| EpRewMean | 47.4       |
| EpRewSEM  | 0.543      |
| KL        | 0.00267496 |
--------------------------
********** Iteration 303 ************
kl just right!
--------------------------
| EVAfter   | 0.999      |
| EVBefore  | 0.998      |
| EpLenMean | 1e+03      |
| EpRewMean | 45.6       |
| EpRewSEM  | 0.737      |
| KL        | 0.00172737 |
--------------------------
********** Iteration 304 ************
kl just right!
--------------------------
| EVAfter   | 0.999      |
| EVBefore  | 0.998      |
| EpLenMean | 1e+03      |
| EpRewMean | 44.9       |
| EpRewSEM  | 0.381      |
| KL        | 0.00258654 |
--------------------------
********** Iteration 305 ************
kl just right!
--------------------------
| EVAfter   | 0.999      |
| EVBefore  | 0.999      |
| EpLenMean | 1e+03      |
| EpRewMean | 44.9       |
| EpRewSEM  | 0.289      |
| KL        | 0.00214278 |
--------------------------
********** Iteration 306 ************
kl too high
-------------------------
| EVAfter   | 0.998     |
| EVBefore  | 0.997     |
| EpLenMean | 1e+03     |
| EpRewMean | 45.7      |
| EpRewSEM  | 0.44      |
| KL        | 0.0049468 |
-------------------------
********** Iteration 307 ************
kl just right!
--------------------------
| EVAfter   | 0.998      |
| EVBefore  | 0.997      |
| EpLenMean | 1e+03      |
| EpRewMean | 45.3       |
| EpRewSEM  | 0.371      |
| KL        | 0.00187692 |
--------------------------
********** Iteration 308 ************
kl just right!
--------------------------
| EVAfter   | 0.999      |
| EVBefore  | 0.998      |
| EpLenMean | 1e+03      |
| EpRewMean | 43.9       |
| EpRewSEM  | 1.28       |
| KL        | 0.00119456 |
--------------------------
********** Iteration 309 ************
kl too low
---------------------------
| EVAfter   | 0.999       |
| EVBefore  | 0.999       |
| EpLenMean | 1e+03       |
| EpRewMean | 45.2        |
| EpRewSEM  | 0.465       |
| KL        | 0.000841452 |
---------------------------
********** Iteration 310 ************
kl just right!
--------------------------
| EVAfter   | 0.999      |
| EVBefore  | 0.999      |
| EpLenMean | 1e+03      |
| EpRewMean | 44.7       |
| EpRewSEM  | 0.507      |
| KL        | 0.00226178 |
--------------------------
********** Iteration 311 ************
kl just right!
--------------------------
| EVAfter   | 0.998      |
| EVBefore  | 0.998      |
| EpLenMean | 1e+03      |
| EpRewMean | 44.2       |
| EpRewSEM  | 0.523      |
| KL        | 0.00140083 |
--------------------------
********** Iteration 312 ************
kl just right!
--------------------------
| EVAfter   | 0.998      |
| EVBefore  | 0.998      |
| EpLenMean | 1e+03      |
| EpRewMean | 43.3       |
| EpRewSEM  | 0.837      |
| KL        | 0.00145908 |
--------------------------
********** Iteration 313 ************
kl too low
---------------------------
| EVAfter   | 0.998       |
| EVBefore  | 0.998       |
| EpLenMean | 1e+03       |
| EpRewMean | 44.7        |
| EpRewSEM  | 0.604       |
| KL        | 0.000473407 |
---------------------------
********** Iteration 314 ************
kl just right!
-------------------------
| EVAfter   | 0.999     |
| EVBefore  | 0.999     |
| EpLenMean | 1e+03     |
| EpRewMean | 44.3      |
| EpRewSEM  | 0.547     |
| KL        | 0.0015386 |
-------------------------
********** Iteration 315 ************
kl just right!
--------------------------
| EVAfter   | 0.998      |
| EVBefore  | 0.998      |
| EpLenMean | 1e+03      |
| EpRewMean | 45         |
| EpRewSEM  | 0.413      |
| KL        | 0.00151711 |
--------------------------
********** Iteration 316 ************
kl just right!
-------------------------
| EVAfter   | 0.999     |
| EVBefore  | 0.999     |
| EpLenMean | 1e+03     |
| EpRewMean | 44.3      |
| EpRewSEM  | 0.602     |
| KL        | 0.0035184 |
-------------------------
********** Iteration 317 ************
kl just right!
--------------------------
| EVAfter   | 0.998      |
| EVBefore  | 0.998      |
| EpLenMean | 1e+03      |
| EpRewMean | 44.3       |
| EpRewSEM  | 0.328      |
| KL        | 0.00266769 |
--------------------------
********** Iteration 318 ************
kl just right!
-------------------------
| EVAfter   | 0.998     |
| EVBefore  | 0.998     |
| EpLenMean | 1e+03     |
| EpRewMean | 43.9      |
| EpRewSEM  | 0.529     |
| KL        | 0.0026696 |
-------------------------
********** Iteration 319 ************
kl just right!
--------------------------
| EVAfter   | 0.998      |
| EVBefore  | 0.998      |
| EpLenMean | 1e+03      |
| EpRewMean | 43.7       |
| EpRewSEM  | 0.451      |
| KL        | 0.00189473 |
--------------------------
********** Iteration 320 ************
kl just right!
--------------------------
| EVAfter   | 0.997      |
| EVBefore  | 0.997      |
| EpLenMean | 1e+03      |
| EpRewMean | 42.8       |
| EpRewSEM  | 0.263      |
| KL        | 0.00243057 |
--------------------------
********** Iteration 321 ************
kl too high
--------------------------
| EVAfter   | 0.999      |
| EVBefore  | 0.998      |
| EpLenMean | 1e+03      |
| EpRewMean | 43.1       |
| EpRewSEM  | 0.14       |
| KL        | 0.00953947 |
--------------------------
********** Iteration 322 ************
kl just right!
--------------------------
| EVAfter   | 0.999      |
| EVBefore  | 0.999      |
| EpLenMean | 1e+03      |
| EpRewMean | 43.2       |
| EpRewSEM  | 0.443      |
| KL        | 0.00172545 |
--------------------------
********** Iteration 323 ************
kl just right!
--------------------------
| EVAfter   | 0.999      |
| EVBefore  | 0.999      |
| EpLenMean | 1e+03      |
| EpRewMean | 43         |
| EpRewSEM  | 0.461      |
| KL        | 0.00192736 |
--------------------------
********** Iteration 324 ************
kl just right!
--------------------------
| EVAfter   | 0.999      |
| EVBefore  | 0.999      |
| EpLenMean | 1e+03      |
| EpRewMean | 43.1       |
| EpRewSEM  | 0.248      |
| KL        | 0.00162573 |
--------------------------
********** Iteration 325 ************
kl just right!
--------------------------
| EVAfter   | 0.999      |
| EVBefore  | 0.999      |
| EpLenMean | 1e+03      |
| EpRewMean | 42.3       |
| EpRewSEM  | 0.63       |
| KL        | 0.00199057 |
--------------------------
********** Iteration 326 ************
kl just right!
--------------------------
| EVAfter   | 0.999      |
| EVBefore  | 0.998      |
| EpLenMean | 1e+03      |
| EpRewMean | 43.9       |
| EpRewSEM  | 1          |
| KL        | 0.00151333 |
--------------------------
********** Iteration 327 ************
kl just right!
--------------------------
| EVAfter   | 0.997      |
| EVBefore  | 0.997      |
| EpLenMean | 1e+03      |
| EpRewMean | 43.6       |
| EpRewSEM  | 0.821      |
| KL        | 0.00185925 |
--------------------------
********** Iteration 328 ************
kl just right!
-------------------------
| EVAfter   | 0.998     |
| EVBefore  | 0.998     |
| EpLenMean | 1e+03     |
| EpRewMean | 42.9      |
| EpRewSEM  | 0.917     |
| KL        | 0.0016794 |
-------------------------
********** Iteration 329 ************
kl just right!
--------------------------
| EVAfter   | 0.999      |
| EVBefore  | 0.998      |
| EpLenMean | 1e+03      |
| EpRewMean | 42.7       |
| EpRewSEM  | 0.73       |
| KL        | 0.00157653 |
--------------------------
********** Iteration 330 ************
kl just right!
--------------------------
| EVAfter   | 0.996      |
| EVBefore  | 0.994      |
| EpLenMean | 1e+03      |
| EpRewMean | 39.7       |
| EpRewSEM  | 1.06       |
| KL        | 0.00155834 |
--------------------------
********** Iteration 331 ************
kl too high
--------------------------
| EVAfter   | 0.998      |
| EVBefore  | 0.998      |
| EpLenMean | 1e+03      |
| EpRewMean | 43.1       |
| EpRewSEM  | 0.461      |
| KL        | 0.00418331 |
--------------------------
********** Iteration 332 ************
kl just right!
--------------------------
| EVAfter   | 0.998      |
| EVBefore  | 0.998      |
| EpLenMean | 1e+03      |
| EpRewMean | 40.9       |
| EpRewSEM  | 0.52       |
| KL        | 0.00164746 |
--------------------------
********** Iteration 333 ************
kl just right!
--------------------------
| EVAfter   | 0.996      |
| EVBefore  | 0.996      |
| EpLenMean | 1e+03      |
| EpRewMean | 41.4       |
| EpRewSEM  | 1.5        |
| KL        | 0.00110622 |
--------------------------
W tensorflow/core/kernels/queue_base.cc:294] _0_fifo_queue: Skipping cancelled enqueue attempt with queue not closed
W tensorflow/core/kernels/queue_base.cc:294] _1_vf/fifo_queue: Skipping cancelled enqueue attempt with queue not closed
