I tensorflow/stream_executor/dso_loader.cc:135] successfully opened CUDA library libcublas.so.8.0 locally
I tensorflow/stream_executor/dso_loader.cc:135] successfully opened CUDA library libcudnn.so.5 locally
I tensorflow/stream_executor/dso_loader.cc:135] successfully opened CUDA library libcufft.so.8.0 locally
I tensorflow/stream_executor/dso_loader.cc:135] successfully opened CUDA library libcuda.so.1 locally
I tensorflow/stream_executor/dso_loader.cc:135] successfully opened CUDA library libcurand.so.8.0 locally
Logging to ././Env_Choose/HalfCheetah//exp_5/
[2017-08-31 19:03:52,823] Making new env: HalfCheetah-v1
W tensorflow/core/platform/cpu_feature_guard.cc:45] The TensorFlow library wasn't compiled to use SSE3 instructions, but these are available on your machine and could speed up CPU computations.
W tensorflow/core/platform/cpu_feature_guard.cc:45] The TensorFlow library wasn't compiled to use SSE4.1 instructions, but these are available on your machine and could speed up CPU computations.
W tensorflow/core/platform/cpu_feature_guard.cc:45] The TensorFlow library wasn't compiled to use SSE4.2 instructions, but these are available on your machine and could speed up CPU computations.
W tensorflow/core/platform/cpu_feature_guard.cc:45] The TensorFlow library wasn't compiled to use AVX instructions, but these are available on your machine and could speed up CPU computations.
W tensorflow/core/platform/cpu_feature_guard.cc:45] The TensorFlow library wasn't compiled to use AVX2 instructions, but these are available on your machine and could speed up CPU computations.
W tensorflow/core/platform/cpu_feature_guard.cc:45] The TensorFlow library wasn't compiled to use FMA instructions, but these are available on your machine and could speed up CPU computations.
I tensorflow/core/common_runtime/gpu/gpu_device.cc:885] Found device 0 with properties: 
name: GeForce GTX TITAN X
major: 5 minor: 2 memoryClockRate (GHz) 1.076
pciBusID 0000:83:00.0
Total memory: 11.92GiB
Free memory: 479.44MiB
I tensorflow/core/common_runtime/gpu/gpu_device.cc:906] DMA: 0 
I tensorflow/core/common_runtime/gpu/gpu_device.cc:916] 0:   Y 
I tensorflow/core/common_runtime/gpu/gpu_device.cc:975] Creating TensorFlow device (/gpu:0) -> (device: 0, name: GeForce GTX TITAN X, pci bus id: 0000:83:00.0)
Use async eigen decomp
updating 12 eigenvalue/vectors
projecting 3 gradient matrices
Use async eigen decomp
updating 14 eigenvalue/vectors
projecting 4 gradient matrices
********** Iteration 0 ************
kl too low
---------------------------
| EVAfter   | -0.603      |
| EVBefore  | -0.0568     |
| EpLenMean | 1e+03       |
| EpRewMean | -324        |
| EpRewSEM  | 7.62        |
| KL        | 7.61095e-07 |
---------------------------
********** Iteration 1 ************
kl too low
---------------------------
| EVAfter   | 0.0875      |
| EVBefore  | -0.607      |
| EpLenMean | 1e+03       |
| EpRewMean | -451        |
| EpRewSEM  | 18.9        |
| KL        | 3.07731e-06 |
---------------------------
********** Iteration 2 ************
kl just right!
--------------------------
| EVAfter   | 0.217      |
| EVBefore  | -0.126     |
| EpLenMean | 1e+03      |
| EpRewMean | -379       |
| EpRewSEM  | 34.3       |
| KL        | 0.00166713 |
--------------------------
********** Iteration 3 ************
kl too high
-------------------------
| EVAfter   | 0.132     |
| EVBefore  | -0.028    |
| EpLenMean | 1e+03     |
| EpRewMean | -421      |
| EpRewSEM  | 28.2      |
| KL        | 0.0043617 |
-------------------------
********** Iteration 4 ************
kl too high
--------------------------
| EVAfter   | -4.2       |
| EVBefore  | 0.116      |
| EpLenMean | 1e+03      |
| EpRewMean | -413       |
| EpRewSEM  | 42.9       |
| KL        | 0.00462103 |
--------------------------
********** Iteration 5 ************
kl just right!
--------------------------
| EVAfter   | -15.9      |
| EVBefore  | -5.29      |
| EpLenMean | 1e+03      |
| EpRewMean | -319       |
| EpRewSEM  | 22.1       |
| KL        | 0.00175141 |
--------------------------
********** Iteration 6 ************
kl just right!
--------------------------
| EVAfter   | -2.61      |
| EVBefore  | -5.76      |
| EpLenMean | 1e+03      |
| EpRewMean | -482       |
| EpRewSEM  | 62.3       |
| KL        | 0.00317237 |
--------------------------
********** Iteration 7 ************
kl just right!
--------------------------
| EVAfter   | -5.72      |
| EVBefore  | -4.91      |
| EpLenMean | 1e+03      |
| EpRewMean | -282       |
| EpRewSEM  | 32.7       |
| KL        | 0.00325695 |
--------------------------
********** Iteration 8 ************
kl just right!
-------------------------
| EVAfter   | -0.278    |
| EVBefore  | -5.24     |
| EpLenMean | 1e+03     |
| EpRewMean | -395      |
| EpRewSEM  | 54.5      |
| KL        | 0.0018178 |
-------------------------
********** Iteration 9 ************
kl just right!
--------------------------
| EVAfter   | -2.12      |
| EVBefore  | -0.218     |
| EpLenMean | 1e+03      |
| EpRewMean | -341       |
| EpRewSEM  | 7.16       |
| KL        | 0.00280103 |
--------------------------
********** Iteration 10 ************
kl just right!
--------------------------
| EVAfter   | -11.5      |
| EVBefore  | -2.96      |
| EpLenMean | 1e+03      |
| EpRewMean | -348       |
| EpRewSEM  | 37         |
| KL        | 0.00320246 |
--------------------------
********** Iteration 11 ************
kl just right!
--------------------------
| EVAfter   | -9.35      |
| EVBefore  | -11.8      |
| EpLenMean | 1e+03      |
| EpRewMean | -347       |
| EpRewSEM  | 38.5       |
| KL        | 0.00243085 |
--------------------------
********** Iteration 12 ************
kl just right!
--------------------------
| EVAfter   | -7.05      |
| EVBefore  | -7.18      |
| EpLenMean | 1e+03      |
| EpRewMean | -298       |
| EpRewSEM  | 44.3       |
| KL        | 0.00165389 |
--------------------------
********** Iteration 13 ************
kl just right!
-------------------------
| EVAfter   | -1.12     |
| EVBefore  | -32.1     |
| EpLenMean | 1e+03     |
| EpRewMean | -313      |
| EpRewSEM  | 19.7      |
| KL        | 0.0011777 |
-------------------------
********** Iteration 14 ************
kl just right!
--------------------------
| EVAfter   | -0.711     |
| EVBefore  | -0.705     |
| EpLenMean | 1e+03      |
| EpRewMean | -365       |
| EpRewSEM  | 39.4       |
| KL        | 0.00251868 |
--------------------------
********** Iteration 15 ************
kl just right!
--------------------------
| EVAfter   | -0.073     |
| EVBefore  | -0.369     |
| EpLenMean | 1e+03      |
| EpRewMean | -338       |
| EpRewSEM  | 46.9       |
| KL        | 0.00310718 |
--------------------------
********** Iteration 16 ************
kl just right!
--------------------------
| EVAfter   | -2.69      |
| EVBefore  | -1.59      |
| EpLenMean | 1e+03      |
| EpRewMean | -310       |
| EpRewSEM  | 43.6       |
| KL        | 0.00240512 |
--------------------------
********** Iteration 17 ************
kl just right!
--------------------------
| EVAfter   | -0.2       |
| EVBefore  | -0.298     |
| EpLenMean | 1e+03      |
| EpRewMean | -294       |
| EpRewSEM  | 37.1       |
| KL        | 0.00336988 |
--------------------------
********** Iteration 18 ************
kl just right!
--------------------------
| EVAfter   | -0.182     |
| EVBefore  | -0.408     |
| EpLenMean | 1e+03      |
| EpRewMean | -305       |
| EpRewSEM  | 19.2       |
| KL        | 0.00315388 |
--------------------------
********** Iteration 19 ************
kl just right!
--------------------------
| EVAfter   | -0.289     |
| EVBefore  | -0.392     |
| EpLenMean | 1e+03      |
| EpRewMean | -281       |
| EpRewSEM  | 12.1       |
| KL        | 0.00388015 |
--------------------------
********** Iteration 20 ************
kl too high
--------------------------
| EVAfter   | -0.0408    |
| EVBefore  | -0.131     |
| EpLenMean | 1e+03      |
| EpRewMean | -289       |
| EpRewSEM  | 16.9       |
| KL        | 0.00423656 |
--------------------------
********** Iteration 21 ************
kl just right!
--------------------------
| EVAfter   | -0.0151    |
| EVBefore  | -0.183     |
| EpLenMean | 1e+03      |
| EpRewMean | -336       |
| EpRewSEM  | 36.9       |
| KL        | 0.00162211 |
--------------------------
********** Iteration 22 ************
kl just right!
--------------------------
| EVAfter   | 0.183      |
| EVBefore  | 0.053      |
| EpLenMean | 1e+03      |
| EpRewMean | -299       |
| EpRewSEM  | 14.2       |
| KL        | 0.00139247 |
--------------------------
********** Iteration 23 ************
kl just right!
--------------------------
| EVAfter   | 0.00756    |
| EVBefore  | -0.109     |
| EpLenMean | 1e+03      |
| EpRewMean | -220       |
| EpRewSEM  | 40.3       |
| KL        | 0.00180033 |
--------------------------
********** Iteration 24 ************
kl just right!
--------------------------
| EVAfter   | 0.11       |
| EVBefore  | 0.019      |
| EpLenMean | 1e+03      |
| EpRewMean | -273       |
| EpRewSEM  | 43.9       |
| KL        | 0.00210534 |
--------------------------
********** Iteration 25 ************
kl just right!
--------------------------
| EVAfter   | 0.248      |
| EVBefore  | 0.0754     |
| EpLenMean | 1e+03      |
| EpRewMean | -202       |
| EpRewSEM  | 27.8       |
| KL        | 0.00187372 |
--------------------------
********** Iteration 26 ************
kl just right!
-------------------------
| EVAfter   | -0.131    |
| EVBefore  | -0.283    |
| EpLenMean | 1e+03     |
| EpRewMean | -350      |
| EpRewSEM  | 75.6      |
| KL        | 0.0018886 |
-------------------------
********** Iteration 27 ************
kl just right!
--------------------------
| EVAfter   | 0.238      |
| EVBefore  | 0.163      |
| EpLenMean | 1e+03      |
| EpRewMean | -281       |
| EpRewSEM  | 28.7       |
| KL        | 0.00204056 |
--------------------------
********** Iteration 28 ************
kl just right!
--------------------------
| EVAfter   | 0.0639     |
| EVBefore  | -0.0797    |
| EpLenMean | 1e+03      |
| EpRewMean | -254       |
| EpRewSEM  | 40.2       |
| KL        | 0.00151377 |
--------------------------
********** Iteration 29 ************
kl just right!
--------------------------
| EVAfter   | 0.0713     |
| EVBefore  | -0.0162    |
| EpLenMean | 1e+03      |
| EpRewMean | -266       |
| EpRewSEM  | 7.46       |
| KL        | 0.00105063 |
--------------------------
********** Iteration 30 ************
kl just right!
-------------------------
| EVAfter   | 0.182     |
| EVBefore  | 0.14      |
| EpLenMean | 1e+03     |
| EpRewMean | -246      |
| EpRewSEM  | 27.2      |
| KL        | 0.0013414 |
-------------------------
********** Iteration 31 ************
kl just right!
--------------------------
| EVAfter   | 0.16       |
| EVBefore  | 0.0279     |
| EpLenMean | 1e+03      |
| EpRewMean | -250       |
| EpRewSEM  | 10.7       |
| KL        | 0.00123566 |
--------------------------
********** Iteration 32 ************
kl just right!
--------------------------
| EVAfter   | 0.282      |
| EVBefore  | 0.246      |
| EpLenMean | 1e+03      |
| EpRewMean | -243       |
| EpRewSEM  | 30.5       |
| KL        | 0.00106081 |
--------------------------
********** Iteration 33 ************
kl just right!
--------------------------
| EVAfter   | 0.22       |
| EVBefore  | 0.0958     |
| EpLenMean | 1e+03      |
| EpRewMean | -263       |
| EpRewSEM  | 19         |
| KL        | 0.00156403 |
--------------------------
********** Iteration 34 ************
kl just right!
--------------------------
| EVAfter   | 0.256      |
| EVBefore  | 0.177      |
| EpLenMean | 1e+03      |
| EpRewMean | -278       |
| EpRewSEM  | 29.5       |
| KL        | 0.00157467 |
--------------------------
********** Iteration 35 ************
kl just right!
--------------------------
| EVAfter   | -0.121     |
| EVBefore  | -0.236     |
| EpLenMean | 1e+03      |
| EpRewMean | -235       |
| EpRewSEM  | 22.1       |
| KL        | 0.00185441 |
--------------------------
********** Iteration 36 ************
kl just right!
--------------------------
| EVAfter   | 0.122      |
| EVBefore  | 0.0905     |
| EpLenMean | 1e+03      |
| EpRewMean | -222       |
| EpRewSEM  | 18.1       |
| KL        | 0.00178069 |
--------------------------
********** Iteration 37 ************
kl just right!
-------------------------
| EVAfter   | 0.176     |
| EVBefore  | 0.0207    |
| EpLenMean | 1e+03     |
| EpRewMean | -203      |
| EpRewSEM  | 5.39      |
| KL        | 0.0019829 |
-------------------------
********** Iteration 38 ************
kl just right!
--------------------------
| EVAfter   | 0.415      |
| EVBefore  | 0.353      |
| EpLenMean | 1e+03      |
| EpRewMean | -210       |
| EpRewSEM  | 14.1       |
| KL        | 0.00204734 |
--------------------------
********** Iteration 39 ************
kl just right!
--------------------------
| EVAfter   | 0.132      |
| EVBefore  | 0.0729     |
| EpLenMean | 1e+03      |
| EpRewMean | -221       |
| EpRewSEM  | 24.2       |
| KL        | 0.00135363 |
--------------------------
********** Iteration 40 ************
kl just right!
--------------------------
| EVAfter   | 0.246      |
| EVBefore  | 0.213      |
| EpLenMean | 1e+03      |
| EpRewMean | -227       |
| EpRewSEM  | 20.2       |
| KL        | 0.00145718 |
--------------------------
********** Iteration 41 ************
kl just right!
--------------------------
| EVAfter   | 0.14       |
| EVBefore  | 0.0863     |
| EpLenMean | 1e+03      |
| EpRewMean | -218       |
| EpRewSEM  | 16.7       |
| KL        | 0.00129079 |
--------------------------
********** Iteration 42 ************
kl just right!
--------------------------
| EVAfter   | 0.272      |
| EVBefore  | 0.171      |
| EpLenMean | 1e+03      |
| EpRewMean | -211       |
| EpRewSEM  | 38.7       |
| KL        | 0.00216853 |
--------------------------
********** Iteration 43 ************
kl just right!
--------------------------
| EVAfter   | 0.0834     |
| EVBefore  | -0.0344    |
| EpLenMean | 1e+03      |
| EpRewMean | -183       |
| EpRewSEM  | 25.7       |
| KL        | 0.00112948 |
--------------------------
********** Iteration 44 ************
kl just right!
--------------------------
| EVAfter   | 0.351      |
| EVBefore  | 0.265      |
| EpLenMean | 1e+03      |
| EpRewMean | -167       |
| EpRewSEM  | 27.8       |
| KL        | 0.00149776 |
--------------------------
********** Iteration 45 ************
kl just right!
--------------------------
| EVAfter   | 0.255      |
| EVBefore  | 0.224      |
| EpLenMean | 1e+03      |
| EpRewMean | -206       |
| EpRewSEM  | 51.5       |
| KL        | 0.00184827 |
--------------------------
********** Iteration 46 ************
kl just right!
--------------------------
| EVAfter   | 0.131      |
| EVBefore  | 0.0823     |
| EpLenMean | 1e+03      |
| EpRewMean | -210       |
| EpRewSEM  | 81         |
| KL        | 0.00138097 |
--------------------------
********** Iteration 47 ************
kl too low
--------------------------
| EVAfter   | 0.314      |
| EVBefore  | 0.285      |
| EpLenMean | 1e+03      |
| EpRewMean | -188       |
| EpRewSEM  | 30.1       |
| KL        | 0.00084602 |
--------------------------
********** Iteration 48 ************
kl just right!
--------------------------
| EVAfter   | 0.061      |
| EVBefore  | 0.00241    |
| EpLenMean | 1e+03      |
| EpRewMean | -186       |
| EpRewSEM  | 10         |
| KL        | 0.00183164 |
--------------------------
********** Iteration 49 ************
kl just right!
--------------------------
| EVAfter   | 0.172      |
| EVBefore  | 0.0236     |
| EpLenMean | 1e+03      |
| EpRewMean | -241       |
| EpRewSEM  | 27.5       |
| KL        | 0.00183138 |
--------------------------
********** Iteration 50 ************
kl just right!
--------------------------
| EVAfter   | 0.411      |
| EVBefore  | 0.354      |
| EpLenMean | 1e+03      |
| EpRewMean | -183       |
| EpRewSEM  | 32.4       |
| KL        | 0.00182454 |
--------------------------
********** Iteration 51 ************
kl just right!
--------------------------
| EVAfter   | 0.0787     |
| EVBefore  | 0.0417     |
| EpLenMean | 1e+03      |
| EpRewMean | -172       |
| EpRewSEM  | 42.6       |
| KL        | 0.00239103 |
--------------------------
********** Iteration 52 ************
kl just right!
--------------------------
| EVAfter   | 0.0351     |
| EVBefore  | -0.0127    |
| EpLenMean | 1e+03      |
| EpRewMean | -165       |
| EpRewSEM  | 58         |
| KL        | 0.00219009 |
--------------------------
********** Iteration 53 ************
kl just right!
--------------------------
| EVAfter   | 0.343      |
| EVBefore  | 0.178      |
| EpLenMean | 1e+03      |
| EpRewMean | -176       |
| EpRewSEM  | 45         |
| KL        | 0.00171958 |
--------------------------
********** Iteration 54 ************
kl just right!
--------------------------
| EVAfter   | 0.073      |
| EVBefore  | 0.0232     |
| EpLenMean | 1e+03      |
| EpRewMean | -132       |
| EpRewSEM  | 25.7       |
| KL        | 0.00234505 |
--------------------------
********** Iteration 55 ************
kl just right!
-------------------------
| EVAfter   | 0.312     |
| EVBefore  | 0.252     |
| EpLenMean | 1e+03     |
| EpRewMean | -162      |
| EpRewSEM  | 30.2      |
| KL        | 0.0032062 |
-------------------------
********** Iteration 56 ************
kl too high
--------------------------
| EVAfter   | -0.0174    |
| EVBefore  | -0.0793    |
| EpLenMean | 1e+03      |
| EpRewMean | -146       |
| EpRewSEM  | 24.9       |
| KL        | 0.00429046 |
--------------------------
********** Iteration 57 ************
kl just right!
--------------------------
| EVAfter   | -0.0258    |
| EVBefore  | -0.179     |
| EpLenMean | 1e+03      |
| EpRewMean | -202       |
| EpRewSEM  | 4.87       |
| KL        | 0.00162318 |
--------------------------
********** Iteration 58 ************
kl just right!
--------------------------
| EVAfter   | 0.097      |
| EVBefore  | 0.0418     |
| EpLenMean | 1e+03      |
| EpRewMean | -162       |
| EpRewSEM  | 1.63       |
| KL        | 0.00125905 |
--------------------------
********** Iteration 59 ************
kl just right!
------------------------
| EVAfter   | 0.0734   |
| EVBefore  | 0.04     |
| EpLenMean | 1e+03    |
| EpRewMean | -123     |
| EpRewSEM  | 18.8     |
| KL        | 0.001204 |
------------------------
********** Iteration 60 ************
kl just right!
--------------------------
| EVAfter   | 0.204      |
| EVBefore  | 0.18       |
| EpLenMean | 1e+03      |
| EpRewMean | -159       |
| EpRewSEM  | 17.3       |
| KL        | 0.00133827 |
--------------------------
********** Iteration 61 ************
kl just right!
--------------------------
| EVAfter   | 0.243      |
| EVBefore  | 0.203      |
| EpLenMean | 1e+03      |
| EpRewMean | -19.4      |
| EpRewSEM  | 5.82       |
| KL        | 0.00146692 |
--------------------------
********** Iteration 62 ************
kl just right!
--------------------------
| EVAfter   | 0.228      |
| EVBefore  | 0.125      |
| EpLenMean | 1e+03      |
| EpRewMean | -132       |
| EpRewSEM  | 34.2       |
| KL        | 0.00146295 |
--------------------------
********** Iteration 63 ************
kl just right!
--------------------------
| EVAfter   | 0.461      |
| EVBefore  | 0.409      |
| EpLenMean | 1e+03      |
| EpRewMean | -74.3      |
| EpRewSEM  | 44         |
| KL        | 0.00123714 |
--------------------------
********** Iteration 64 ************
kl just right!
--------------------------
| EVAfter   | 0.273      |
| EVBefore  | 0.244      |
| EpLenMean | 1e+03      |
| EpRewMean | -132       |
| EpRewSEM  | 33.3       |
| KL        | 0.00149919 |
--------------------------
********** Iteration 65 ************
kl just right!
--------------------------
| EVAfter   | 0.237      |
| EVBefore  | 0.179      |
| EpLenMean | 1e+03      |
| EpRewMean | -87.7      |
| EpRewSEM  | 5.67       |
| KL        | 0.00162305 |
--------------------------
********** Iteration 66 ************
kl just right!
--------------------------
| EVAfter   | 0.0245     |
| EVBefore  | -0.0774    |
| EpLenMean | 1e+03      |
| EpRewMean | -64.6      |
| EpRewSEM  | 6.04       |
| KL        | 0.00184898 |
--------------------------
********** Iteration 67 ************
kl just right!
--------------------------
| EVAfter   | 0.0571     |
| EVBefore  | 0.0206     |
| EpLenMean | 1e+03      |
| EpRewMean | -41.7      |
| EpRewSEM  | 31         |
| KL        | 0.00153206 |
--------------------------
********** Iteration 68 ************
kl just right!
--------------------------
| EVAfter   | 0.233      |
| EVBefore  | 0.184      |
| EpLenMean | 1e+03      |
| EpRewMean | -61.7      |
| EpRewSEM  | 14.2       |
| KL        | 0.00171362 |
--------------------------
********** Iteration 69 ************
kl just right!
--------------------------
| EVAfter   | 0.277      |
| EVBefore  | 0.0307     |
| EpLenMean | 1e+03      |
| EpRewMean | 22.2       |
| EpRewSEM  | 12         |
| KL        | 0.00169457 |
--------------------------
********** Iteration 70 ************
kl just right!
--------------------------
| EVAfter   | -0.34      |
| EVBefore  | -0.457     |
| EpLenMean | 1e+03      |
| EpRewMean | -46.5      |
| EpRewSEM  | 5.26       |
| KL        | 0.00166692 |
--------------------------
********** Iteration 71 ************
kl just right!
--------------------------
| EVAfter   | 0.407      |
| EVBefore  | 0.363      |
| EpLenMean | 1e+03      |
| EpRewMean | -38.2      |
| EpRewSEM  | 11.1       |
| KL        | 0.00164238 |
--------------------------
********** Iteration 72 ************
kl just right!
--------------------------
| EVAfter   | 0.21       |
| EVBefore  | 0.144      |
| EpLenMean | 1e+03      |
| EpRewMean | -0.408     |
| EpRewSEM  | 16.7       |
| KL        | 0.00180295 |
--------------------------
********** Iteration 73 ************
kl just right!
--------------------------
| EVAfter   | 0.598      |
| EVBefore  | 0.534      |
| EpLenMean | 1e+03      |
| EpRewMean | 0.949      |
| EpRewSEM  | 14.4       |
| KL        | 0.00149036 |
--------------------------
********** Iteration 74 ************
kl just right!
--------------------------
| EVAfter   | 0.169      |
| EVBefore  | 0.0411     |
| EpLenMean | 1e+03      |
| EpRewMean | -27.1      |
| EpRewSEM  | 21.3       |
| KL        | 0.00208492 |
--------------------------
********** Iteration 75 ************
kl just right!
--------------------------
| EVAfter   | 0.147      |
| EVBefore  | 0.072      |
| EpLenMean | 1e+03      |
| EpRewMean | -15.4      |
| EpRewSEM  | 19.6       |
| KL        | 0.00259161 |
--------------------------
********** Iteration 76 ************
kl just right!
--------------------------
| EVAfter   | 0.225      |
| EVBefore  | 0.147      |
| EpLenMean | 1e+03      |
| EpRewMean | -37.5      |
| EpRewSEM  | 24.9       |
| KL        | 0.00211922 |
--------------------------
********** Iteration 77 ************
kl just right!
--------------------------
| EVAfter   | 0.26       |
| EVBefore  | 0.216      |
| EpLenMean | 1e+03      |
| EpRewMean | -2.48      |
| EpRewSEM  | 12.5       |
| KL        | 0.00238555 |
--------------------------
********** Iteration 78 ************
kl just right!
--------------------------
| EVAfter   | 0.308      |
| EVBefore  | 0.279      |
| EpLenMean | 1e+03      |
| EpRewMean | -2.31      |
| EpRewSEM  | 26.2       |
| KL        | 0.00274279 |
--------------------------
********** Iteration 79 ************
kl just right!
--------------------------
| EVAfter   | 0.295      |
| EVBefore  | 0.261      |
| EpLenMean | 1e+03      |
| EpRewMean | 17.7       |
| EpRewSEM  | 14.2       |
| KL        | 0.00322397 |
--------------------------
********** Iteration 80 ************
kl just right!
--------------------------
| EVAfter   | 0.0774     |
| EVBefore  | 0.0587     |
| EpLenMean | 1e+03      |
| EpRewMean | -7.4       |
| EpRewSEM  | 23         |
| KL        | 0.00298913 |
--------------------------
********** Iteration 81 ************
kl just right!
-------------------------
| EVAfter   | 0.261     |
| EVBefore  | 0.211     |
| EpLenMean | 1e+03     |
| EpRewMean | 3.39      |
| EpRewSEM  | 9.42      |
| KL        | 0.0029525 |
-------------------------
********** Iteration 82 ************
kl just right!
--------------------------
| EVAfter   | 0.199      |
| EVBefore  | 0.167      |
| EpLenMean | 1e+03      |
| EpRewMean | 16.6       |
| EpRewSEM  | 12         |
| KL        | 0.00255781 |
--------------------------
********** Iteration 83 ************
kl just right!
--------------------------
| EVAfter   | 0.198      |
| EVBefore  | 0.176      |
| EpLenMean | 1e+03      |
| EpRewMean | 33.4       |
| EpRewSEM  | 17.2       |
| KL        | 0.00269866 |
--------------------------
********** Iteration 84 ************
kl just right!
--------------------------
| EVAfter   | 0.127      |
| EVBefore  | 0.0666     |
| EpLenMean | 1e+03      |
| EpRewMean | -23.2      |
| EpRewSEM  | 7.88       |
| KL        | 0.00244746 |
--------------------------
********** Iteration 85 ************
kl just right!
--------------------------
| EVAfter   | 0.332      |
| EVBefore  | 0.27       |
| EpLenMean | 1e+03      |
| EpRewMean | 32.1       |
| EpRewSEM  | 2.15       |
| KL        | 0.00210052 |
--------------------------
********** Iteration 86 ************
kl just right!
--------------------------
| EVAfter   | 0.18       |
| EVBefore  | 0.165      |
| EpLenMean | 1e+03      |
| EpRewMean | 34.3       |
| EpRewSEM  | 11         |
| KL        | 0.00260466 |
--------------------------
********** Iteration 87 ************
kl just right!
--------------------------
| EVAfter   | 0.121      |
| EVBefore  | 0.0377     |
| EpLenMean | 1e+03      |
| EpRewMean | 29.9       |
| EpRewSEM  | 25.8       |
| KL        | 0.00225452 |
--------------------------
********** Iteration 88 ************
kl just right!
--------------------------
| EVAfter   | 0.153      |
| EVBefore  | 0.116      |
| EpLenMean | 1e+03      |
| EpRewMean | 37.5       |
| EpRewSEM  | 9.42       |
| KL        | 0.00192473 |
--------------------------
********** Iteration 89 ************
kl just right!
--------------------------
| EVAfter   | -0.0829    |
| EVBefore  | -0.115     |
| EpLenMean | 1e+03      |
| EpRewMean | 85         |
| EpRewSEM  | 7.16       |
| KL        | 0.00173132 |
--------------------------
********** Iteration 90 ************
kl just right!
--------------------------
| EVAfter   | -0.21      |
| EVBefore  | -0.323     |
| EpLenMean | 1e+03      |
| EpRewMean | 103        |
| EpRewSEM  | 6.22       |
| KL        | 0.00199016 |
--------------------------
********** Iteration 91 ************
kl just right!
--------------------------
| EVAfter   | 0.0341     |
| EVBefore  | -0.0326    |
| EpLenMean | 1e+03      |
| EpRewMean | 25.2       |
| EpRewSEM  | 25         |
| KL        | 0.00189911 |
--------------------------
********** Iteration 92 ************
kl just right!
--------------------------
| EVAfter   | 0.0606     |
| EVBefore  | 0.0294     |
| EpLenMean | 1e+03      |
| EpRewMean | 101        |
| EpRewSEM  | 22.4       |
| KL        | 0.00148595 |
--------------------------
********** Iteration 93 ************
kl just right!
--------------------------
| EVAfter   | 0.256      |
| EVBefore  | 0.234      |
| EpLenMean | 1e+03      |
| EpRewMean | 78.6       |
| EpRewSEM  | 35.5       |
| KL        | 0.00119789 |
--------------------------
********** Iteration 94 ************
kl just right!
--------------------------
| EVAfter   | -0.0669    |
| EVBefore  | -0.101     |
| EpLenMean | 1e+03      |
| EpRewMean | 95         |
| EpRewSEM  | 20.6       |
| KL        | 0.00148593 |
--------------------------
********** Iteration 95 ************
kl just right!
--------------------------
| EVAfter   | 0.133      |
| EVBefore  | 0.109      |
| EpLenMean | 1e+03      |
| EpRewMean | 99.6       |
| EpRewSEM  | 4.97       |
| KL        | 0.00183934 |
--------------------------
********** Iteration 96 ************
kl just right!
-------------------------
| EVAfter   | 0.251     |
| EVBefore  | 0.238     |
| EpLenMean | 1e+03     |
| EpRewMean | 145       |
| EpRewSEM  | 15        |
| KL        | 0.0013475 |
-------------------------
********** Iteration 97 ************
kl just right!
--------------------------
| EVAfter   | -0.198     |
| EVBefore  | -0.249     |
| EpLenMean | 1e+03      |
| EpRewMean | 134        |
| EpRewSEM  | 36         |
| KL        | 0.00122294 |
--------------------------
********** Iteration 98 ************
kl just right!
--------------------------
| EVAfter   | -0.0572    |
| EVBefore  | -0.141     |
| EpLenMean | 1e+03      |
| EpRewMean | 58.9       |
| EpRewSEM  | 20.1       |
| KL        | 0.00132583 |
--------------------------
********** Iteration 99 ************
kl just right!
--------------------------
| EVAfter   | 0.161      |
| EVBefore  | 0.119      |
| EpLenMean | 1e+03      |
| EpRewMean | 105        |
| EpRewSEM  | 13.1       |
| KL        | 0.00150338 |
--------------------------
********** Iteration 100 ************
kl just right!
--------------------------
| EVAfter   | -0.06      |
| EVBefore  | -0.087     |
| EpLenMean | 1e+03      |
| EpRewMean | 147        |
| EpRewSEM  | 33.2       |
| KL        | 0.00103942 |
--------------------------
********** Iteration 101 ************
kl just right!
--------------------------
| EVAfter   | -0.0778    |
| EVBefore  | -0.174     |
| EpLenMean | 1e+03      |
| EpRewMean | 109        |
| EpRewSEM  | 34.7       |
| KL        | 0.00161525 |
--------------------------
********** Iteration 102 ************
kl just right!
--------------------------
| EVAfter   | 0.121      |
| EVBefore  | 0.0768     |
| EpLenMean | 1e+03      |
| EpRewMean | 92.9       |
| EpRewSEM  | 16.5       |
| KL        | 0.00159979 |
--------------------------
********** Iteration 103 ************
kl just right!
--------------------------
| EVAfter   | -0.135     |
| EVBefore  | -0.232     |
| EpLenMean | 1e+03      |
| EpRewMean | 136        |
| EpRewSEM  | 16.3       |
| KL        | 0.00147875 |
--------------------------
********** Iteration 104 ************
kl just right!
--------------------------
| EVAfter   | 0.169      |
| EVBefore  | 0.0746     |
| EpLenMean | 1e+03      |
| EpRewMean | 157        |
| EpRewSEM  | 19.6       |
| KL        | 0.00138557 |
--------------------------
********** Iteration 105 ************
kl just right!
--------------------------
| EVAfter   | 0.0381     |
| EVBefore  | -0.0663    |
| EpLenMean | 1e+03      |
| EpRewMean | 131        |
| EpRewSEM  | 37.5       |
| KL        | 0.00126348 |
--------------------------
********** Iteration 106 ************
kl just right!
--------------------------
| EVAfter   | 0.163      |
| EVBefore  | 0.132      |
| EpLenMean | 1e+03      |
| EpRewMean | 111        |
| EpRewSEM  | 24.6       |
| KL        | 0.00122757 |
--------------------------
********** Iteration 107 ************
kl just right!
--------------------------
| EVAfter   | 0.134      |
| EVBefore  | 0.096      |
| EpLenMean | 1e+03      |
| EpRewMean | 198        |
| EpRewSEM  | 27.3       |
| KL        | 0.00139599 |
--------------------------
********** Iteration 108 ************
kl just right!
--------------------------
| EVAfter   | 0.157      |
| EVBefore  | 0.136      |
| EpLenMean | 1e+03      |
| EpRewMean | 208        |
| EpRewSEM  | 56.4       |
| KL        | 0.00152692 |
--------------------------
********** Iteration 109 ************
kl just right!
--------------------------
| EVAfter   | -0.119     |
| EVBefore  | -0.21      |
| EpLenMean | 1e+03      |
| EpRewMean | 114        |
| EpRewSEM  | 21.6       |
| KL        | 0.00134975 |
--------------------------
********** Iteration 110 ************
kl just right!
--------------------------
| EVAfter   | 0.373      |
| EVBefore  | -0.0778    |
| EpLenMean | 1e+03      |
| EpRewMean | 136        |
| EpRewSEM  | 25.5       |
| KL        | 0.00130266 |
--------------------------
********** Iteration 111 ************
kl just right!
--------------------------
| EVAfter   | 0.522      |
| EVBefore  | 0.497      |
| EpLenMean | 1e+03      |
| EpRewMean | 154        |
| EpRewSEM  | 42.9       |
| KL        | 0.00126598 |
--------------------------
********** Iteration 112 ************
kl just right!
-------------------------
| EVAfter   | 0.0739    |
| EVBefore  | 0.0497    |
| EpLenMean | 1e+03     |
| EpRewMean | 194       |
| EpRewSEM  | 37.4      |
| KL        | 0.0011151 |
-------------------------
********** Iteration 113 ************
kl too low
---------------------------
| EVAfter   | 0.0808      |
| EVBefore  | 0.0564      |
| EpLenMean | 1e+03       |
| EpRewMean | 280         |
| EpRewSEM  | 38.7        |
| KL        | 0.000973092 |
---------------------------
********** Iteration 114 ************
kl just right!
--------------------------
| EVAfter   | 0.114      |
| EVBefore  | 0.0902     |
| EpLenMean | 1e+03      |
| EpRewMean | 315        |
| EpRewSEM  | 27         |
| KL        | 0.00279877 |
--------------------------
********** Iteration 115 ************
kl just right!
-------------------------
| EVAfter   | 0.231     |
| EVBefore  | 0.191     |
| EpLenMean | 1e+03     |
| EpRewMean | 314       |
| EpRewSEM  | 18.3      |
| KL        | 0.0024438 |
-------------------------
********** Iteration 116 ************
kl just right!
--------------------------
| EVAfter   | 0.0912     |
| EVBefore  | 0.0566     |
| EpLenMean | 1e+03      |
| EpRewMean | 187        |
| EpRewSEM  | 35.5       |
| KL        | 0.00277223 |
--------------------------
********** Iteration 117 ************
kl just right!
--------------------------
| EVAfter   | 0.686      |
| EVBefore  | 0.573      |
| EpLenMean | 1e+03      |
| EpRewMean | 176        |
| EpRewSEM  | 113        |
| KL        | 0.00259794 |
--------------------------
********** Iteration 118 ************
kl just right!
--------------------------
| EVAfter   | 0.0896     |
| EVBefore  | 0.0639     |
| EpLenMean | 1e+03      |
| EpRewMean | 287        |
| EpRewSEM  | 6.44       |
| KL        | 0.00236451 |
--------------------------
********** Iteration 119 ************
kl just right!
--------------------------
| EVAfter   | 0.387      |
| EVBefore  | 0.347      |
| EpLenMean | 1e+03      |
| EpRewMean | 255        |
| EpRewSEM  | 69.8       |
| KL        | 0.00238638 |
--------------------------
********** Iteration 120 ************
kl just right!
--------------------------
| EVAfter   | 0.123      |
| EVBefore  | 0.0725     |
| EpLenMean | 1e+03      |
| EpRewMean | 311        |
| EpRewSEM  | 12.2       |
| KL        | 0.00285076 |
--------------------------
********** Iteration 121 ************
kl just right!
--------------------------
| EVAfter   | 0.073      |
| EVBefore  | 0.0796     |
| EpLenMean | 1e+03      |
| EpRewMean | 416        |
| EpRewSEM  | 14.7       |
| KL        | 0.00361311 |
--------------------------
********** Iteration 122 ************
kl just right!
--------------------------
| EVAfter   | 0.151      |
| EVBefore  | 0.0976     |
| EpLenMean | 1e+03      |
| EpRewMean | 383        |
| EpRewSEM  | 37.2       |
| KL        | 0.00331986 |
--------------------------
********** Iteration 123 ************
kl just right!
-------------------------
| EVAfter   | 0.689     |
| EVBefore  | 0.633     |
| EpLenMean | 1e+03     |
| EpRewMean | 142       |
| EpRewSEM  | 143       |
| KL        | 0.0030484 |
-------------------------
********** Iteration 124 ************
kl just right!
--------------------------
| EVAfter   | 0.146      |
| EVBefore  | 0.0783     |
| EpLenMean | 1e+03      |
| EpRewMean | 427        |
| EpRewSEM  | 24.3       |
| KL        | 0.00380901 |
--------------------------
********** Iteration 125 ************
kl just right!
--------------------------
| EVAfter   | 0.584      |
| EVBefore  | 0.559      |
| EpLenMean | 1e+03      |
| EpRewMean | 250        |
| EpRewSEM  | 105        |
| KL        | 0.00327139 |
--------------------------
********** Iteration 126 ************
kl just right!
--------------------------
| EVAfter   | 0.71       |
| EVBefore  | 0.695      |
| EpLenMean | 1e+03      |
| EpRewMean | 207        |
| EpRewSEM  | 82.9       |
| KL        | 0.00296405 |
--------------------------
********** Iteration 127 ************
kl just right!
--------------------------
| EVAfter   | 0.185      |
| EVBefore  | 0.179      |
| EpLenMean | 1e+03      |
| EpRewMean | 544        |
| EpRewSEM  | 31.8       |
| KL        | 0.00335978 |
--------------------------
********** Iteration 128 ************
kl just right!
-------------------------
| EVAfter   | 0.857     |
| EVBefore  | 0.842     |
| EpLenMean | 1e+03     |
| EpRewMean | 137       |
| EpRewSEM  | 126       |
| KL        | 0.0028054 |
-------------------------
********** Iteration 129 ************
kl just right!
--------------------------
| EVAfter   | 0.849      |
| EVBefore  | 0.837      |
| EpLenMean | 1e+03      |
| EpRewMean | 87.9       |
| EpRewSEM  | 201        |
| KL        | 0.00269168 |
--------------------------
********** Iteration 130 ************
kl too high
-------------------------
| EVAfter   | 0.748     |
| EVBefore  | 0.727     |
| EpLenMean | 1e+03     |
| EpRewMean | 356       |
| EpRewSEM  | 145       |
| KL        | 0.0055416 |
-------------------------
********** Iteration 131 ************
kl just right!
--------------------------
| EVAfter   | 0.636      |
| EVBefore  | 0.604      |
| EpLenMean | 1e+03      |
| EpRewMean | 465        |
| EpRewSEM  | 81.6       |
| KL        | 0.00263086 |
--------------------------
********** Iteration 132 ************
kl just right!
--------------------------
| EVAfter   | 0.259      |
| EVBefore  | 0.223      |
| EpLenMean | 1e+03      |
| EpRewMean | 606        |
| EpRewSEM  | 60.7       |
| KL        | 0.00302704 |
--------------------------
********** Iteration 133 ************
kl just right!
--------------------------
| EVAfter   | 0.838      |
| EVBefore  | 0.804      |
| EpLenMean | 1e+03      |
| EpRewMean | 277        |
| EpRewSEM  | 251        |
| KL        | 0.00275916 |
--------------------------
********** Iteration 134 ************
kl just right!
--------------------------
| EVAfter   | -0.366     |
| EVBefore  | -1.4       |
| EpLenMean | 1e+03      |
| EpRewMean | 422        |
| EpRewSEM  | 163        |
| KL        | 0.00275711 |
--------------------------
********** Iteration 135 ************
kl just right!
--------------------------
| EVAfter   | 0.589      |
| EVBefore  | 0.565      |
| EpLenMean | 1e+03      |
| EpRewMean | 529        |
| EpRewSEM  | 98.5       |
| KL        | 0.00195573 |
--------------------------
********** Iteration 136 ************
kl just right!
--------------------------
| EVAfter   | 0.779      |
| EVBefore  | 0.753      |
| EpLenMean | 1e+03      |
| EpRewMean | 354        |
| EpRewSEM  | 186        |
| KL        | 0.00199229 |
--------------------------
********** Iteration 137 ************
kl just right!
--------------------------
| EVAfter   | 0.839      |
| EVBefore  | 0.823      |
| EpLenMean | 1e+03      |
| EpRewMean | 194        |
| EpRewSEM  | 247        |
| KL        | 0.00212035 |
--------------------------
********** Iteration 138 ************
kl just right!
--------------------------
| EVAfter   | 0.816      |
| EVBefore  | 0.804      |
| EpLenMean | 1e+03      |
| EpRewMean | 420        |
| EpRewSEM  | 204        |
| KL        | 0.00208469 |
--------------------------
********** Iteration 139 ************
kl just right!
--------------------------
| EVAfter   | 0.602      |
| EVBefore  | 0.0234     |
| EpLenMean | 1e+03      |
| EpRewMean | 236        |
| EpRewSEM  | 203        |
| KL        | 0.00229773 |
--------------------------
********** Iteration 140 ************
kl just right!
--------------------------
| EVAfter   | 0.734      |
| EVBefore  | 0.697      |
| EpLenMean | 1e+03      |
| EpRewMean | 202        |
| EpRewSEM  | 289        |
| KL        | 0.00239618 |
--------------------------
********** Iteration 141 ************
kl just right!
--------------------------
| EVAfter   | 0.424      |
| EVBefore  | 0.345      |
| EpLenMean | 1e+03      |
| EpRewMean | 749        |
| EpRewSEM  | 82.1       |
| KL        | 0.00223483 |
--------------------------
********** Iteration 142 ************
kl just right!
--------------------------
| EVAfter   | 0.775      |
| EVBefore  | 0.759      |
| EpLenMean | 1e+03      |
| EpRewMean | 701        |
| EpRewSEM  | 117        |
| KL        | 0.00198602 |
--------------------------
********** Iteration 143 ************
kl just right!
--------------------------
| EVAfter   | 0.858      |
| EVBefore  | 0.841      |
| EpLenMean | 1e+03      |
| EpRewMean | 421        |
| EpRewSEM  | 136        |
| KL        | 0.00147593 |
--------------------------
********** Iteration 144 ************
kl just right!
--------------------------
| EVAfter   | -0.000459  |
| EVBefore  | -0.0712    |
| EpLenMean | 1e+03      |
| EpRewMean | 847        |
| EpRewSEM  | 60.9       |
| KL        | 0.00178746 |
--------------------------
********** Iteration 145 ************
kl just right!
--------------------------
| EVAfter   | 0.693      |
| EVBefore  | 0.636      |
| EpLenMean | 1e+03      |
| EpRewMean | 558        |
| EpRewSEM  | 279        |
| KL        | 0.00196558 |
--------------------------
********** Iteration 146 ************
kl just right!
--------------------------
| EVAfter   | 0.738      |
| EVBefore  | 0.711      |
| EpLenMean | 1e+03      |
| EpRewMean | 689        |
| EpRewSEM  | 197        |
| KL        | 0.00164656 |
--------------------------
********** Iteration 147 ************
kl just right!
--------------------------
| EVAfter   | 0.686      |
| EVBefore  | 0.651      |
| EpLenMean | 1e+03      |
| EpRewMean | 659        |
| EpRewSEM  | 226        |
| KL        | 0.00154982 |
--------------------------
********** Iteration 148 ************
kl just right!
--------------------------
| EVAfter   | 0.764      |
| EVBefore  | 0.75       |
| EpLenMean | 1e+03      |
| EpRewMean | 488        |
| EpRewSEM  | 156        |
| KL        | 0.00106639 |
--------------------------
********** Iteration 149 ************
kl just right!
--------------------------
| EVAfter   | 0.237      |
| EVBefore  | 0.205      |
| EpLenMean | 1e+03      |
| EpRewMean | 972        |
| EpRewSEM  | 38.8       |
| KL        | 0.00107822 |
--------------------------
********** Iteration 150 ************
kl just right!
--------------------------
| EVAfter   | 0.701      |
| EVBefore  | 0.682      |
| EpLenMean | 1e+03      |
| EpRewMean | 807        |
| EpRewSEM  | 174        |
| KL        | 0.00123346 |
--------------------------
********** Iteration 151 ************
kl just right!
--------------------------
| EVAfter   | 0.131      |
| EVBefore  | 0.106      |
| EpLenMean | 1e+03      |
| EpRewMean | 1.01e+03   |
| EpRewSEM  | 29.5       |
| KL        | 0.00152219 |
--------------------------
********** Iteration 152 ************
kl just right!
--------------------------
| EVAfter   | 0.534      |
| EVBefore  | 0.656      |
| EpLenMean | 1e+03      |
| EpRewMean | 131        |
| EpRewSEM  | 306        |
| KL        | 0.00228096 |
--------------------------
********** Iteration 153 ************
kl just right!
--------------------------
| EVAfter   | 0.231      |
| EVBefore  | 0.201      |
| EpLenMean | 1e+03      |
| EpRewMean | 1.08e+03   |
| EpRewSEM  | 59.1       |
| KL        | 0.00153303 |
--------------------------
********** Iteration 154 ************
kl just right!
--------------------------
| EVAfter   | 0.297      |
| EVBefore  | 0.267      |
| EpLenMean | 1e+03      |
| EpRewMean | 1.15e+03   |
| EpRewSEM  | 38         |
| KL        | 0.00204028 |
--------------------------
********** Iteration 155 ************
kl just right!
--------------------------
| EVAfter   | 0.303      |
| EVBefore  | 0.285      |
| EpLenMean | 1e+03      |
| EpRewMean | 1.08e+03   |
| EpRewSEM  | 45.7       |
| KL        | 0.00294696 |
--------------------------
********** Iteration 156 ************
kl just right!
--------------------------
| EVAfter   | 0.752      |
| EVBefore  | 0.718      |
| EpLenMean | 1e+03      |
| EpRewMean | 985        |
| EpRewSEM  | 153        |
| KL        | 0.00234872 |
--------------------------
********** Iteration 157 ************
kl just right!
--------------------------
| EVAfter   | 0.726      |
| EVBefore  | 0.585      |
| EpLenMean | 1e+03      |
| EpRewMean | 338        |
| EpRewSEM  | 337        |
| KL        | 0.00209513 |
--------------------------
********** Iteration 158 ************
kl just right!
--------------------------
| EVAfter   | 0.758      |
| EVBefore  | 0.712      |
| EpLenMean | 1e+03      |
| EpRewMean | -7.79      |
| EpRewSEM  | 234        |
| KL        | 0.00197644 |
--------------------------
********** Iteration 159 ************
kl just right!
--------------------------
| EVAfter   | 0.876      |
| EVBefore  | 0.87       |
| EpLenMean | 1e+03      |
| EpRewMean | 441        |
| EpRewSEM  | 350        |
| KL        | 0.00175566 |
--------------------------
********** Iteration 160 ************
kl just right!
--------------------------
| EVAfter   | 0.75       |
| EVBefore  | 0.677      |
| EpLenMean | 1e+03      |
| EpRewMean | 720        |
| EpRewSEM  | 340        |
| KL        | 0.00180825 |
--------------------------
********** Iteration 161 ************
kl just right!
--------------------------
| EVAfter   | 0.689      |
| EVBefore  | 0.632      |
| EpLenMean | 1e+03      |
| EpRewMean | 981        |
| EpRewSEM  | 147        |
| KL        | 0.00115351 |
--------------------------
********** Iteration 162 ************
kl just right!
--------------------------
| EVAfter   | 0.804      |
| EVBefore  | 0.794      |
| EpLenMean | 1e+03      |
| EpRewMean | 839        |
| EpRewSEM  | 292        |
| KL        | 0.00111249 |
--------------------------
********** Iteration 163 ************
kl just right!
--------------------------
| EVAfter   | 0.751      |
| EVBefore  | 0.74       |
| EpLenMean | 1e+03      |
| EpRewMean | 1.14e+03   |
| EpRewSEM  | 135        |
| KL        | 0.00133627 |
--------------------------
********** Iteration 164 ************
kl just right!
--------------------------
| EVAfter   | 0.314      |
| EVBefore  | 0.297      |
| EpLenMean | 1e+03      |
| EpRewMean | 1.25e+03   |
| EpRewSEM  | 38         |
| KL        | 0.00121045 |
--------------------------
********** Iteration 165 ************
kl just right!
--------------------------
| EVAfter   | 0.759      |
| EVBefore  | 0.747      |
| EpLenMean | 1e+03      |
| EpRewMean | 1.09e+03   |
| EpRewSEM  | 96.9       |
| KL        | 0.00128489 |
--------------------------
********** Iteration 166 ************
kl just right!
--------------------------
| EVAfter   | 0.792      |
| EVBefore  | 0.789      |
| EpLenMean | 1e+03      |
| EpRewMean | 1.07e+03   |
| EpRewSEM  | 210        |
| KL        | 0.00139571 |
--------------------------
********** Iteration 167 ************
kl just right!
-------------------------
| EVAfter   | 0.447     |
| EVBefore  | 0.419     |
| EpLenMean | 1e+03     |
| EpRewMean | 1.29e+03  |
| EpRewSEM  | 40.3      |
| KL        | 0.0021523 |
-------------------------
********** Iteration 168 ************
kl just right!
--------------------------
| EVAfter   | 0.589      |
| EVBefore  | 0.572      |
| EpLenMean | 1e+03      |
| EpRewMean | 1.11e+03   |
| EpRewSEM  | 130        |
| KL        | 0.00173144 |
--------------------------
********** Iteration 169 ************
kl just right!
--------------------------
| EVAfter   | 0.391      |
| EVBefore  | 0.355      |
| EpLenMean | 1e+03      |
| EpRewMean | 1.33e+03   |
| EpRewSEM  | 17.3       |
| KL        | 0.00140887 |
--------------------------
********** Iteration 170 ************
kl just right!
--------------------------
| EVAfter   | 0.858      |
| EVBefore  | 0.833      |
| EpLenMean | 1e+03      |
| EpRewMean | 510        |
| EpRewSEM  | 403        |
| KL        | 0.00196368 |
--------------------------
********** Iteration 171 ************
kl just right!
--------------------------
| EVAfter   | 0.748      |
| EVBefore  | 0.719      |
| EpLenMean | 1e+03      |
| EpRewMean | 543        |
| EpRewSEM  | 339        |
| KL        | 0.00227937 |
--------------------------
********** Iteration 172 ************
kl just right!
--------------------------
| EVAfter   | 0.53       |
| EVBefore  | 0.473      |
| EpLenMean | 1e+03      |
| EpRewMean | 1.35e+03   |
| EpRewSEM  | 43.9       |
| KL        | 0.00255728 |
--------------------------
********** Iteration 173 ************
kl just right!
--------------------------
| EVAfter   | 0.792      |
| EVBefore  | 0.784      |
| EpLenMean | 1e+03      |
| EpRewMean | 977        |
| EpRewSEM  | 234        |
| KL        | 0.00202176 |
--------------------------
********** Iteration 174 ************
kl just right!
--------------------------
| EVAfter   | 0.251      |
| EVBefore  | 0.235      |
| EpLenMean | 1e+03      |
| EpRewMean | 1.36e+03   |
| EpRewSEM  | 79.8       |
| KL        | 0.00243957 |
--------------------------
********** Iteration 175 ************
kl just right!
--------------------------
| EVAfter   | 0.709      |
| EVBefore  | 0.689      |
| EpLenMean | 1e+03      |
| EpRewMean | 1.14e+03   |
| EpRewSEM  | 110        |
| KL        | 0.00276225 |
--------------------------
********** Iteration 176 ************
kl just right!
--------------------------
| EVAfter   | 0.755      |
| EVBefore  | 0.749      |
| EpLenMean | 1e+03      |
| EpRewMean | 1.12e+03   |
| EpRewSEM  | 260        |
| KL        | 0.00355184 |
--------------------------
********** Iteration 177 ************
kl just right!
--------------------------
| EVAfter   | 0.755      |
| EVBefore  | 0.749      |
| EpLenMean | 1e+03      |
| EpRewMean | 1.07e+03   |
| EpRewSEM  | 204        |
| KL        | 0.00293073 |
--------------------------
********** Iteration 178 ************
kl just right!
--------------------------
| EVAfter   | 0.724      |
| EVBefore  | 0.714      |
| EpLenMean | 1e+03      |
| EpRewMean | 1.19e+03   |
| EpRewSEM  | 151        |
| KL        | 0.00281762 |
--------------------------
********** Iteration 179 ************
kl just right!
--------------------------
| EVAfter   | 0.663      |
| EVBefore  | 0.635      |
| EpLenMean | 1e+03      |
| EpRewMean | 1.04e+03   |
| EpRewSEM  | 256        |
| KL        | 0.00183581 |
--------------------------
********** Iteration 180 ************
kl just right!
--------------------------
| EVAfter   | 0.321      |
| EVBefore  | 0.304      |
| EpLenMean | 1e+03      |
| EpRewMean | 1.29e+03   |
| EpRewSEM  | 35.7       |
| KL        | 0.00173503 |
--------------------------
********** Iteration 181 ************
kl just right!
--------------------------
| EVAfter   | 0.739      |
| EVBefore  | 0.71       |
| EpLenMean | 1e+03      |
| EpRewMean | 1.19e+03   |
| EpRewSEM  | 81.3       |
| KL        | 0.00161075 |
--------------------------
********** Iteration 182 ************
kl just right!
--------------------------
| EVAfter   | 0.888      |
| EVBefore  | 0.86       |
| EpLenMean | 1e+03      |
| EpRewMean | 720        |
| EpRewSEM  | 453        |
| KL        | 0.00126817 |
--------------------------
********** Iteration 183 ************
kl just right!
--------------------------
| EVAfter   | 0.404      |
| EVBefore  | 0.392      |
| EpLenMean | 1e+03      |
| EpRewMean | 1.32e+03   |
| EpRewSEM  | 39.1       |
| KL        | 0.00168481 |
--------------------------
********** Iteration 184 ************
kl just right!
--------------------------
| EVAfter   | 0.897      |
| EVBefore  | 0.884      |
| EpLenMean | 1e+03      |
| EpRewMean | 792        |
| EpRewSEM  | 473        |
| KL        | 0.00151198 |
--------------------------
********** Iteration 185 ************
kl just right!
--------------------------
| EVAfter   | 0.677      |
| EVBefore  | 0.636      |
| EpLenMean | 1e+03      |
| EpRewMean | 987        |
| EpRewSEM  | 308        |
| KL        | 0.00163235 |
--------------------------
********** Iteration 186 ************
kl just right!
------------------------
| EVAfter   | 0.85     |
| EVBefore  | 0.833    |
| EpLenMean | 1e+03    |
| EpRewMean | 815      |
| EpRewSEM  | 393      |
| KL        | 0.001732 |
------------------------
********** Iteration 187 ************
kl just right!
--------------------------
| EVAfter   | 0.906      |
| EVBefore  | 0.877      |
| EpLenMean | 1e+03      |
| EpRewMean | 872        |
| EpRewSEM  | 513        |
| KL        | 0.00184237 |
--------------------------
********** Iteration 188 ************
kl just right!
-------------------------
| EVAfter   | 0.496     |
| EVBefore  | 0.466     |
| EpLenMean | 1e+03     |
| EpRewMean | 1.37e+03  |
| EpRewSEM  | 20.8      |
| KL        | 0.0016446 |
-------------------------
********** Iteration 189 ************
kl just right!
-------------------------
| EVAfter   | 0.396     |
| EVBefore  | 0.374     |
| EpLenMean | 1e+03     |
| EpRewMean | 1.36e+03  |
| EpRewSEM  | 35.3      |
| KL        | 0.0013743 |
-------------------------
********** Iteration 190 ************
kl just right!
--------------------------
| EVAfter   | 0.585      |
| EVBefore  | 0.561      |
| EpLenMean | 1e+03      |
| EpRewMean | -103       |
| EpRewSEM  | 132        |
| KL        | 0.00137888 |
--------------------------
********** Iteration 191 ************
kl just right!
--------------------------
| EVAfter   | 0.77       |
| EVBefore  | 0.73       |
| EpLenMean | 1e+03      |
| EpRewMean | 1.05e+03   |
| EpRewSEM  | 276        |
| KL        | 0.00108581 |
--------------------------
********** Iteration 192 ************
kl just right!
-------------------------
| EVAfter   | 0.901     |
| EVBefore  | 0.883     |
| EpLenMean | 1e+03     |
| EpRewMean | 868       |
| EpRewSEM  | 431       |
| KL        | 0.0013409 |
-------------------------
********** Iteration 193 ************
kl just right!
--------------------------
| EVAfter   | 0.363      |
| EVBefore  | 0.338      |
| EpLenMean | 1e+03      |
| EpRewMean | 1.36e+03   |
| EpRewSEM  | 36.6       |
| KL        | 0.00118991 |
--------------------------
********** Iteration 194 ************
kl just right!
--------------------------
| EVAfter   | 0.865      |
| EVBefore  | 0.843      |
| EpLenMean | 1e+03      |
| EpRewMean | 1.09e+03   |
| EpRewSEM  | 160        |
| KL        | 0.00123016 |
--------------------------
********** Iteration 195 ************
kl just right!
--------------------------
| EVAfter   | 0.749      |
| EVBefore  | 0.728      |
| EpLenMean | 1e+03      |
| EpRewMean | 1.43e+03   |
| EpRewSEM  | 76.4       |
| KL        | 0.00142769 |
--------------------------
********** Iteration 196 ************
kl just right!
--------------------------
| EVAfter   | 0.839      |
| EVBefore  | 0.829      |
| EpLenMean | 1e+03      |
| EpRewMean | 949        |
| EpRewSEM  | 379        |
| KL        | 0.00111261 |
--------------------------
********** Iteration 197 ************
kl just right!
--------------------------
| EVAfter   | 0.9        |
| EVBefore  | 0.877      |
| EpLenMean | 1e+03      |
| EpRewMean | 771        |
| EpRewSEM  | 526        |
| KL        | 0.00107145 |
--------------------------
********** Iteration 198 ************
kl just right!
--------------------------
| EVAfter   | 0.586      |
| EVBefore  | 0.571      |
| EpLenMean | 1e+03      |
| EpRewMean | 1.41e+03   |
| EpRewSEM  | 47.4       |
| KL        | 0.00114755 |
--------------------------
********** Iteration 199 ************
kl just right!
--------------------------
| EVAfter   | 0.809      |
| EVBefore  | 0.791      |
| EpLenMean | 1e+03      |
| EpRewMean | 1.17e+03   |
| EpRewSEM  | 288        |
| KL        | 0.00117858 |
--------------------------
********** Iteration 200 ************
kl just right!
--------------------------
| EVAfter   | 0.801      |
| EVBefore  | 0.792      |
| EpLenMean | 1e+03      |
| EpRewMean | 755        |
| EpRewSEM  | 373        |
| KL        | 0.00109047 |
--------------------------
********** Iteration 201 ************
kl just right!
--------------------------
| EVAfter   | 0.873      |
| EVBefore  | 0.86       |
| EpLenMean | 1e+03      |
| EpRewMean | 1.06e+03   |
| EpRewSEM  | 228        |
| KL        | 0.00112099 |
--------------------------
********** Iteration 202 ************
kl just right!
--------------------------
| EVAfter   | 0.83       |
| EVBefore  | 0.813      |
| EpLenMean | 1e+03      |
| EpRewMean | 736        |
| EpRewSEM  | 327        |
| KL        | 0.00106612 |
--------------------------
********** Iteration 203 ************
kl too low
--------------------------
| EVAfter   | 0.579      |
| EVBefore  | 0.569      |
| EpLenMean | 1e+03      |
| EpRewMean | 1.56e+03   |
| EpRewSEM  | 31         |
| KL        | 0.00066687 |
--------------------------
********** Iteration 204 ************
kl just right!
--------------------------
| EVAfter   | 0.434      |
| EVBefore  | 0.419      |
| EpLenMean | 1e+03      |
| EpRewMean | 1.54e+03   |
| EpRewSEM  | 18.4       |
| KL        | 0.00180251 |
--------------------------
********** Iteration 205 ************
kl just right!
--------------------------
| EVAfter   | 0.731      |
| EVBefore  | 0.721      |
| EpLenMean | 1e+03      |
| EpRewMean | 1.39e+03   |
| EpRewSEM  | 87.4       |
| KL        | 0.00163651 |
--------------------------
********** Iteration 206 ************
kl just right!
--------------------------
| EVAfter   | 0.774      |
| EVBefore  | 0.757      |
| EpLenMean | 1e+03      |
| EpRewMean | 836        |
| EpRewSEM  | 308        |
| KL        | 0.00249264 |
--------------------------
********** Iteration 207 ************
kl just right!
-------------------------
| EVAfter   | 0.692     |
| EVBefore  | 0.679     |
| EpLenMean | 1e+03     |
| EpRewMean | 1.29e+03  |
| EpRewSEM  | 236       |
| KL        | 0.0016954 |
-------------------------
********** Iteration 208 ************
kl just right!
--------------------------
| EVAfter   | 0.825      |
| EVBefore  | 0.819      |
| EpLenMean | 1e+03      |
| EpRewMean | 1.31e+03   |
| EpRewSEM  | 242        |
| KL        | 0.00198661 |
--------------------------
********** Iteration 209 ************
kl just right!
--------------------------
| EVAfter   | 0.827      |
| EVBefore  | 0.821      |
| EpLenMean | 1e+03      |
| EpRewMean | 1.17e+03   |
| EpRewSEM  | 336        |
| KL        | 0.00141603 |
--------------------------
********** Iteration 210 ************
kl just right!
--------------------------
| EVAfter   | 0.557      |
| EVBefore  | 0.534      |
| EpLenMean | 1e+03      |
| EpRewMean | 1.58e+03   |
| EpRewSEM  | 29.7       |
| KL        | 0.00131658 |
--------------------------
********** Iteration 211 ************
kl just right!
-------------------------
| EVAfter   | 0.846     |
| EVBefore  | 0.836     |
| EpLenMean | 1e+03     |
| EpRewMean | 913       |
| EpRewSEM  | 369       |
| KL        | 0.0011523 |
-------------------------
********** Iteration 212 ************
kl just right!
--------------------------
| EVAfter   | 0.739      |
| EVBefore  | 0.72       |
| EpLenMean | 1e+03      |
| EpRewMean | 1.21e+03   |
| EpRewSEM  | 20.2       |
| KL        | 0.00106509 |
--------------------------
********** Iteration 213 ************
kl too low
---------------------------
| EVAfter   | 0.487       |
| EVBefore  | 0.458       |
| EpLenMean | 1e+03       |
| EpRewMean | 1.47e+03    |
| EpRewSEM  | 67.2        |
| KL        | 0.000945154 |
---------------------------
********** Iteration 214 ************
kl just right!
--------------------------
| EVAfter   | 0.591      |
| EVBefore  | 0.577      |
| EpLenMean | 1e+03      |
| EpRewMean | 1.6e+03    |
| EpRewSEM  | 79         |
| KL        | 0.00250829 |
--------------------------
********** Iteration 215 ************
kl just right!
--------------------------
| EVAfter   | 0.849      |
| EVBefore  | 0.85       |
| EpLenMean | 1e+03      |
| EpRewMean | 345        |
| EpRewSEM  | 431        |
| KL        | 0.00197693 |
--------------------------
********** Iteration 216 ************
kl just right!
--------------------------
| EVAfter   | 0.784      |
| EVBefore  | 0.802      |
| EpLenMean | 1e+03      |
| EpRewMean | 565        |
| EpRewSEM  | 366        |
| KL        | 0.00182809 |
--------------------------
********** Iteration 217 ************
kl just right!
--------------------------
| EVAfter   | 0.704      |
| EVBefore  | 0.68       |
| EpLenMean | 1e+03      |
| EpRewMean | 1.42e+03   |
| EpRewSEM  | 164        |
| KL        | 0.00204605 |
--------------------------
********** Iteration 218 ************
kl just right!
--------------------------
| EVAfter   | 0.672      |
| EVBefore  | 0.635      |
| EpLenMean | 1e+03      |
| EpRewMean | 1.58e+03   |
| EpRewSEM  | 18         |
| KL        | 0.00243379 |
--------------------------
********** Iteration 219 ************
kl just right!
--------------------------
| EVAfter   | 0.785      |
| EVBefore  | 0.744      |
| EpLenMean | 1e+03      |
| EpRewMean | 1.38e+03   |
| EpRewSEM  | 204        |
| KL        | 0.00263675 |
--------------------------
********** Iteration 220 ************
kl just right!
-------------------------
| EVAfter   | 0.794     |
| EVBefore  | 0.773     |
| EpLenMean | 1e+03     |
| EpRewMean | 1.32e+03  |
| EpRewSEM  | 261       |
| KL        | 0.0031419 |
-------------------------
********** Iteration 221 ************
kl just right!
--------------------------
| EVAfter   | 0.864      |
| EVBefore  | 0.838      |
| EpLenMean | 1e+03      |
| EpRewMean | 759        |
| EpRewSEM  | 405        |
| KL        | 0.00397766 |
--------------------------
********** Iteration 222 ************
kl just right!
--------------------------
| EVAfter   | 0.558      |
| EVBefore  | 0.524      |
| EpLenMean | 1e+03      |
| EpRewMean | 1.53e+03   |
| EpRewSEM  | 43.2       |
| KL        | 0.00284883 |
--------------------------
********** Iteration 223 ************
kl just right!
--------------------------
| EVAfter   | 0.622      |
| EVBefore  | 0.606      |
| EpLenMean | 1e+03      |
| EpRewMean | 1.53e+03   |
| EpRewSEM  | 12.1       |
| KL        | 0.00263693 |
--------------------------
********** Iteration 224 ************
kl just right!
--------------------------
| EVAfter   | 0.602      |
| EVBefore  | 0.586      |
| EpLenMean | 1e+03      |
| EpRewMean | 1.59e+03   |
| EpRewSEM  | 28.4       |
| KL        | 0.00238165 |
--------------------------
********** Iteration 225 ************
kl just right!
--------------------------
| EVAfter   | 0.776      |
| EVBefore  | 0.771      |
| EpLenMean | 1e+03      |
| EpRewMean | 1.16e+03   |
| EpRewSEM  | 153        |
| KL        | 0.00259545 |
--------------------------
********** Iteration 226 ************
kl just right!
--------------------------
| EVAfter   | 0.558      |
| EVBefore  | 0.554      |
| EpLenMean | 1e+03      |
| EpRewMean | 1.68e+03   |
| EpRewSEM  | 78.9       |
| KL        | 0.00175854 |
--------------------------
********** Iteration 227 ************
kl just right!
--------------------------
| EVAfter   | 0.827      |
| EVBefore  | 0.815      |
| EpLenMean | 1e+03      |
| EpRewMean | 1.25e+03   |
| EpRewSEM  | 321        |
| KL        | 0.00286151 |
--------------------------
********** Iteration 228 ************
kl just right!
--------------------------
| EVAfter   | 0.812      |
| EVBefore  | 0.802      |
| EpLenMean | 1e+03      |
| EpRewMean | 1.28e+03   |
| EpRewSEM  | 275        |
| KL        | 0.00227605 |
--------------------------
********** Iteration 229 ************
kl just right!
--------------------------
| EVAfter   | 0.57       |
| EVBefore  | 0.55       |
| EpLenMean | 1e+03      |
| EpRewMean | 1.68e+03   |
| EpRewSEM  | 18.1       |
| KL        | 0.00327716 |
--------------------------
********** Iteration 230 ************
kl just right!
--------------------------
| EVAfter   | 0.854      |
| EVBefore  | 0.861      |
| EpLenMean | 1e+03      |
| EpRewMean | 1.16e+03   |
| EpRewSEM  | 344        |
| KL        | 0.00253221 |
--------------------------
********** Iteration 231 ************
kl just right!
--------------------------
| EVAfter   | 0.704      |
| EVBefore  | 0.694      |
| EpLenMean | 1e+03      |
| EpRewMean | 1.37e+03   |
| EpRewSEM  | 190        |
| KL        | 0.00367751 |
--------------------------
********** Iteration 232 ************
kl just right!
--------------------------
| EVAfter   | 0.592      |
| EVBefore  | 0.584      |
| EpLenMean | 1e+03      |
| EpRewMean | 1.62e+03   |
| EpRewSEM  | 66.4       |
| KL        | 0.00399569 |
--------------------------
********** Iteration 233 ************
kl too high
--------------------------
| EVAfter   | 0.58       |
| EVBefore  | 0.565      |
| EpLenMean | 1e+03      |
| EpRewMean | 1.69e+03   |
| EpRewSEM  | 31.4       |
| KL        | 0.00503024 |
--------------------------
********** Iteration 234 ************
kl just right!
--------------------------
| EVAfter   | 0.829      |
| EVBefore  | 0.811      |
| EpLenMean | 1e+03      |
| EpRewMean | 1.12e+03   |
| EpRewSEM  | 417        |
| KL        | 0.00188056 |
--------------------------
********** Iteration 235 ************
kl just right!
--------------------------
| EVAfter   | 0.86       |
| EVBefore  | 0.813      |
| EpLenMean | 1e+03      |
| EpRewMean | 610        |
| EpRewSEM  | 411        |
| KL        | 0.00151785 |
--------------------------
********** Iteration 236 ************
kl just right!
--------------------------
| EVAfter   | 0.863      |
| EVBefore  | 0.851      |
| EpLenMean | 1e+03      |
| EpRewMean | 1.22e+03   |
| EpRewSEM  | 435        |
| KL        | 0.00107526 |
--------------------------
********** Iteration 237 ************
kl just right!
--------------------------
| EVAfter   | 0.548      |
| EVBefore  | 0.533      |
| EpLenMean | 1e+03      |
| EpRewMean | 1.64e+03   |
| EpRewSEM  | 44.6       |
| KL        | 0.00100564 |
--------------------------
********** Iteration 238 ************
kl just right!
--------------------------
| EVAfter   | 0.532      |
| EVBefore  | 0.51       |
| EpLenMean | 1e+03      |
| EpRewMean | 1.6e+03    |
| EpRewSEM  | 37.6       |
| KL        | 0.00112326 |
--------------------------
********** Iteration 239 ************
kl just right!
--------------------------
| EVAfter   | 0.645      |
| EVBefore  | 0.612      |
| EpLenMean | 1e+03      |
| EpRewMean | 1.59e+03   |
| EpRewSEM  | 19.2       |
| KL        | 0.00112093 |
--------------------------
********** Iteration 240 ************
kl too low
---------------------------
| EVAfter   | 0.885       |
| EVBefore  | 0.851       |
| EpLenMean | 1e+03       |
| EpRewMean | 1.07e+03    |
| EpRewSEM  | 551         |
| KL        | 0.000908124 |
---------------------------
********** Iteration 241 ************
kl just right!
--------------------------
| EVAfter   | 0.626      |
| EVBefore  | 0.614      |
| EpLenMean | 1e+03      |
| EpRewMean | 1.57e+03   |
| EpRewSEM  | 79.2       |
| KL        | 0.00209976 |
--------------------------
********** Iteration 242 ************
kl just right!
--------------------------
| EVAfter   | 0.792      |
| EVBefore  | 0.748      |
| EpLenMean | 1e+03      |
| EpRewMean | 1.24e+03   |
| EpRewSEM  | 276        |
| KL        | 0.00236302 |
--------------------------
********** Iteration 243 ************
kl just right!
--------------------------
| EVAfter   | 0.651      |
| EVBefore  | 0.629      |
| EpLenMean | 1e+03      |
| EpRewMean | 1.61e+03   |
| EpRewSEM  | 52.8       |
| KL        | 0.00292775 |
--------------------------
********** Iteration 244 ************
kl just right!
--------------------------
| EVAfter   | 0.883      |
| EVBefore  | 0.869      |
| EpLenMean | 1e+03      |
| EpRewMean | 1.24e+03   |
| EpRewSEM  | 444        |
| KL        | 0.00250704 |
--------------------------
********** Iteration 245 ************
kl just right!
--------------------------
| EVAfter   | 0.448      |
| EVBefore  | 0.439      |
| EpLenMean | 1e+03      |
| EpRewMean | 1.8e+03    |
| EpRewSEM  | 41.4       |
| KL        | 0.00240043 |
--------------------------
********** Iteration 246 ************
kl just right!
-------------------------
| EVAfter   | 0.692     |
| EVBefore  | 0.673     |
| EpLenMean | 1e+03     |
| EpRewMean | 1.69e+03  |
| EpRewSEM  | 57.8      |
| KL        | 0.0024522 |
-------------------------
********** Iteration 247 ************
kl just right!
--------------------------
| EVAfter   | 0.744      |
| EVBefore  | 0.711      |
| EpLenMean | 1e+03      |
| EpRewMean | 1.46e+03   |
| EpRewSEM  | 56.6       |
| KL        | 0.00255251 |
--------------------------
********** Iteration 248 ************
kl just right!
--------------------------
| EVAfter   | 0.628      |
| EVBefore  | 0.614      |
| EpLenMean | 1e+03      |
| EpRewMean | 1.75e+03   |
| EpRewSEM  | 27.1       |
| KL        | 0.00246525 |
--------------------------
********** Iteration 249 ************
kl just right!
--------------------------
| EVAfter   | 0.668      |
| EVBefore  | 0.646      |
| EpLenMean | 1e+03      |
| EpRewMean | 1.63e+03   |
| EpRewSEM  | 31.8       |
| KL        | 0.00339122 |
--------------------------
********** Iteration 250 ************
kl just right!
--------------------------
| EVAfter   | 0.591      |
| EVBefore  | 0.574      |
| EpLenMean | 1e+03      |
| EpRewMean | 1.66e+03   |
| EpRewSEM  | 20.2       |
| KL        | 0.00353864 |
--------------------------
********** Iteration 251 ************
kl just right!
--------------------------
| EVAfter   | 0.662      |
| EVBefore  | 0.65       |
| EpLenMean | 1e+03      |
| EpRewMean | 1.67e+03   |
| EpRewSEM  | 49.3       |
| KL        | 0.00356961 |
--------------------------
********** Iteration 252 ************
kl just right!
--------------------------
| EVAfter   | 0.63       |
| EVBefore  | 0.614      |
| EpLenMean | 1e+03      |
| EpRewMean | 1.65e+03   |
| EpRewSEM  | 45         |
| KL        | 0.00283614 |
--------------------------
********** Iteration 253 ************
kl just right!
--------------------------
| EVAfter   | 0.696      |
| EVBefore  | 0.688      |
| EpLenMean | 1e+03      |
| EpRewMean | 1.59e+03   |
| EpRewSEM  | 103        |
| KL        | 0.00258386 |
--------------------------
********** Iteration 254 ************
kl just right!
-------------------------
| EVAfter   | 0.756     |
| EVBefore  | 0.757     |
| EpLenMean | 1e+03     |
| EpRewMean | 1.47e+03  |
| EpRewSEM  | 231       |
| KL        | 0.0028948 |
-------------------------
********** Iteration 255 ************
kl just right!
--------------------------
| EVAfter   | 0.624      |
| EVBefore  | 0.619      |
| EpLenMean | 1e+03      |
| EpRewMean | 1.74e+03   |
| EpRewSEM  | 15.8       |
| KL        | 0.00221642 |
--------------------------
********** Iteration 256 ************
kl just right!
--------------------------
| EVAfter   | 0.682      |
| EVBefore  | 0.675      |
| EpLenMean | 1e+03      |
| EpRewMean | 1.81e+03   |
| EpRewSEM  | 43.6       |
| KL        | 0.00188055 |
--------------------------
********** Iteration 257 ************
kl just right!
--------------------------
| EVAfter   | 0.662      |
| EVBefore  | 0.644      |
| EpLenMean | 1e+03      |
| EpRewMean | 1.66e+03   |
| EpRewSEM  | 16.9       |
| KL        | 0.00176521 |
--------------------------
********** Iteration 258 ************
kl just right!
--------------------------
| EVAfter   | 0.642      |
| EVBefore  | 0.626      |
| EpLenMean | 1e+03      |
| EpRewMean | 1.84e+03   |
| EpRewSEM  | 48         |
| KL        | 0.00162606 |
--------------------------
********** Iteration 259 ************
kl just right!
--------------------------
| EVAfter   | 0.605      |
| EVBefore  | 0.594      |
| EpLenMean | 1e+03      |
| EpRewMean | 1.8e+03    |
| EpRewSEM  | 47.2       |
| KL        | 0.00141778 |
--------------------------
********** Iteration 260 ************
kl just right!
--------------------------
| EVAfter   | 0.531      |
| EVBefore  | 0.482      |
| EpLenMean | 1e+03      |
| EpRewMean | 1.7e+03    |
| EpRewSEM  | 28.2       |
| KL        | 0.00165651 |
--------------------------
********** Iteration 261 ************
kl just right!
--------------------------
| EVAfter   | 0.62       |
| EVBefore  | 0.6        |
| EpLenMean | 1e+03      |
| EpRewMean | 1.78e+03   |
| EpRewSEM  | 52.5       |
| KL        | 0.00179258 |
--------------------------
********** Iteration 262 ************
kl just right!
--------------------------
| EVAfter   | 0.65       |
| EVBefore  | 0.639      |
| EpLenMean | 1e+03      |
| EpRewMean | 1.82e+03   |
| EpRewSEM  | 46.4       |
| KL        | 0.00191043 |
--------------------------
********** Iteration 263 ************
kl just right!
--------------------------
| EVAfter   | 0.6        |
| EVBefore  | 0.586      |
| EpLenMean | 1e+03      |
| EpRewMean | 1.73e+03   |
| EpRewSEM  | 21.2       |
| KL        | 0.00199458 |
--------------------------
********** Iteration 264 ************
kl just right!
--------------------------
| EVAfter   | 0.664      |
| EVBefore  | 0.652      |
| EpLenMean | 1e+03      |
| EpRewMean | 1.68e+03   |
| EpRewSEM  | 32.5       |
| KL        | 0.00163158 |
--------------------------
********** Iteration 265 ************
kl just right!
--------------------------
| EVAfter   | 0.679      |
| EVBefore  | 0.654      |
| EpLenMean | 1e+03      |
| EpRewMean | 1.69e+03   |
| EpRewSEM  | 10.8       |
| KL        | 0.00171135 |
--------------------------
********** Iteration 266 ************
kl just right!
--------------------------
| EVAfter   | 0.675      |
| EVBefore  | 0.68       |
| EpLenMean | 1e+03      |
| EpRewMean | 1.59e+03   |
| EpRewSEM  | 161        |
| KL        | 0.00153677 |
--------------------------
********** Iteration 267 ************
kl just right!
--------------------------
| EVAfter   | 0.707      |
| EVBefore  | 0.696      |
| EpLenMean | 1e+03      |
| EpRewMean | 1.84e+03   |
| EpRewSEM  | 64.7       |
| KL        | 0.00149716 |
--------------------------
********** Iteration 268 ************
kl just right!
--------------------------
| EVAfter   | 0.633      |
| EVBefore  | 0.619      |
| EpLenMean | 1e+03      |
| EpRewMean | 1.76e+03   |
| EpRewSEM  | 13.4       |
| KL        | 0.00207991 |
--------------------------
********** Iteration 269 ************
kl just right!
-------------------------
| EVAfter   | 0.68      |
| EVBefore  | 0.673     |
| EpLenMean | 1e+03     |
| EpRewMean | 1.86e+03  |
| EpRewSEM  | 17.4      |
| KL        | 0.0021413 |
-------------------------
********** Iteration 270 ************
kl just right!
--------------------------
| EVAfter   | 0.574      |
| EVBefore  | 0.564      |
| EpLenMean | 1e+03      |
| EpRewMean | 1.79e+03   |
| EpRewSEM  | 37.3       |
| KL        | 0.00236492 |
--------------------------
********** Iteration 271 ************
kl just right!
-------------------------
| EVAfter   | 0.67      |
| EVBefore  | 0.657     |
| EpLenMean | 1e+03     |
| EpRewMean | 1.92e+03  |
| EpRewSEM  | 48.9      |
| KL        | 0.0020093 |
-------------------------
********** Iteration 272 ************
kl just right!
--------------------------
| EVAfter   | 0.802      |
| EVBefore  | 0.789      |
| EpLenMean | 1e+03      |
| EpRewMean | 1.29e+03   |
| EpRewSEM  | 439        |
| KL        | 0.00207171 |
--------------------------
********** Iteration 273 ************
kl just right!
--------------------------
| EVAfter   | 0.65       |
| EVBefore  | 0.642      |
| EpLenMean | 1e+03      |
| EpRewMean | 1.78e+03   |
| EpRewSEM  | 79.7       |
| KL        | 0.00255504 |
--------------------------
********** Iteration 274 ************
kl just right!
--------------------------
| EVAfter   | 0.816      |
| EVBefore  | 0.759      |
| EpLenMean | 1e+03      |
| EpRewMean | 1.26e+03   |
| EpRewSEM  | 398        |
| KL        | 0.00218565 |
--------------------------
********** Iteration 275 ************
kl just right!
--------------------------
| EVAfter   | 0.616      |
| EVBefore  | 0.601      |
| EpLenMean | 1e+03      |
| EpRewMean | 1.78e+03   |
| EpRewSEM  | 17.9       |
| KL        | 0.00221992 |
--------------------------
********** Iteration 276 ************
kl just right!
--------------------------
| EVAfter   | 0.647      |
| EVBefore  | 0.617      |
| EpLenMean | 1e+03      |
| EpRewMean | 1.93e+03   |
| EpRewSEM  | 47.4       |
| KL        | 0.00346972 |
--------------------------
********** Iteration 277 ************
kl just right!
--------------------------
| EVAfter   | 0.635      |
| EVBefore  | 0.615      |
| EpLenMean | 1e+03      |
| EpRewMean | 1.85e+03   |
| EpRewSEM  | 54.5       |
| KL        | 0.00372712 |
--------------------------
********** Iteration 278 ************
kl just right!
-------------------------
| EVAfter   | 0.843     |
| EVBefore  | 0.82      |
| EpLenMean | 1e+03     |
| EpRewMean | 1.05e+03  |
| EpRewSEM  | 309       |
| KL        | 0.0037728 |
-------------------------
********** Iteration 279 ************
kl just right!
--------------------------
| EVAfter   | 0.712      |
| EVBefore  | 0.701      |
| EpLenMean | 1e+03      |
| EpRewMean | 1.81e+03   |
| EpRewSEM  | 38.6       |
| KL        | 0.00347533 |
--------------------------
********** Iteration 280 ************
kl just right!
--------------------------
| EVAfter   | 0.656      |
| EVBefore  | 0.628      |
| EpLenMean | 1e+03      |
| EpRewMean | 1.83e+03   |
| EpRewSEM  | 60.2       |
| KL        | 0.00320275 |
--------------------------
********** Iteration 281 ************
kl just right!
--------------------------
| EVAfter   | 0.711      |
| EVBefore  | 0.696      |
| EpLenMean | 1e+03      |
| EpRewMean | 1.95e+03   |
| EpRewSEM  | 27.1       |
| KL        | 0.00338076 |
--------------------------
********** Iteration 282 ************
kl too high
--------------------------
| EVAfter   | 0.644      |
| EVBefore  | 0.619      |
| EpLenMean | 1e+03      |
| EpRewMean | 1.81e+03   |
| EpRewSEM  | 97.2       |
| KL        | 0.00400611 |
--------------------------
********** Iteration 283 ************
kl just right!
-------------------------
| EVAfter   | 0.775     |
| EVBefore  | 0.759     |
| EpLenMean | 1e+03     |
| EpRewMean | 1.9e+03   |
| EpRewSEM  | 20.2      |
| KL        | 0.0015328 |
-------------------------
********** Iteration 284 ************
kl just right!
--------------------------
| EVAfter   | 0.795      |
| EVBefore  | 0.777      |
| EpLenMean | 1e+03      |
| EpRewMean | 1.92e+03   |
| EpRewSEM  | 46.3       |
| KL        | 0.00210434 |
--------------------------
********** Iteration 285 ************
kl just right!
--------------------------
| EVAfter   | 0.829      |
| EVBefore  | 0.846      |
| EpLenMean | 1e+03      |
| EpRewMean | 965        |
| EpRewSEM  | 537        |
| KL        | 0.00161576 |
--------------------------
********** Iteration 286 ************
kl just right!
--------------------------
| EVAfter   | 0.787      |
| EVBefore  | 0.775      |
| EpLenMean | 1e+03      |
| EpRewMean | 1.7e+03    |
| EpRewSEM  | 137        |
| KL        | 0.00200383 |
--------------------------
********** Iteration 287 ************
kl just right!
--------------------------
| EVAfter   | 0.663      |
| EVBefore  | 0.658      |
| EpLenMean | 1e+03      |
| EpRewMean | 2.02e+03   |
| EpRewSEM  | 76.7       |
| KL        | 0.00184095 |
--------------------------
********** Iteration 288 ************
kl just right!
--------------------------
| EVAfter   | 0.887      |
| EVBefore  | 0.86       |
| EpLenMean | 1e+03      |
| EpRewMean | 1.24e+03   |
| EpRewSEM  | 517        |
| KL        | 0.00231409 |
--------------------------
********** Iteration 289 ************
kl just right!
-------------------------
| EVAfter   | 0.514     |
| EVBefore  | 0.482     |
| EpLenMean | 1e+03     |
| EpRewMean | 1.89e+03  |
| EpRewSEM  | 21.1      |
| KL        | 0.0018758 |
-------------------------
********** Iteration 290 ************
kl just right!
--------------------------
| EVAfter   | 0.72       |
| EVBefore  | 0.711      |
| EpLenMean | 1e+03      |
| EpRewMean | 1.85e+03   |
| EpRewSEM  | 33.1       |
| KL        | 0.00147928 |
--------------------------
********** Iteration 291 ************
kl just right!
--------------------------
| EVAfter   | 0.863      |
| EVBefore  | 0.857      |
| EpLenMean | 1e+03      |
| EpRewMean | 1.49e+03   |
| EpRewSEM  | 347        |
| KL        | 0.00164051 |
--------------------------
********** Iteration 292 ************
kl just right!
--------------------------
| EVAfter   | 0.883      |
| EVBefore  | 0.873      |
| EpLenMean | 1e+03      |
| EpRewMean | 1.45e+03   |
| EpRewSEM  | 369        |
| KL        | 0.00173988 |
--------------------------
********** Iteration 293 ************
kl just right!
--------------------------
| EVAfter   | 0.647      |
| EVBefore  | 0.637      |
| EpLenMean | 1e+03      |
| EpRewMean | 1.9e+03    |
| EpRewSEM  | 35         |
| KL        | 0.00183727 |
--------------------------
********** Iteration 294 ************
kl just right!
--------------------------
| EVAfter   | 0.768      |
| EVBefore  | 0.751      |
| EpLenMean | 1e+03      |
| EpRewMean | 1.95e+03   |
| EpRewSEM  | 19.7       |
| KL        | 0.00179347 |
--------------------------
********** Iteration 295 ************
kl just right!
--------------------------
| EVAfter   | 0.734      |
| EVBefore  | 0.719      |
| EpLenMean | 1e+03      |
| EpRewMean | 1.99e+03   |
| EpRewSEM  | 66.2       |
| KL        | 0.00223075 |
--------------------------
********** Iteration 296 ************
kl just right!
--------------------------
| EVAfter   | 0.758      |
| EVBefore  | 0.737      |
| EpLenMean | 1e+03      |
| EpRewMean | 1.88e+03   |
| EpRewSEM  | 48.1       |
| KL        | 0.00277076 |
--------------------------
********** Iteration 297 ************
kl just right!
-------------------------
| EVAfter   | 0.741     |
| EVBefore  | 0.721     |
| EpLenMean | 1e+03     |
| EpRewMean | 2.04e+03  |
| EpRewSEM  | 18.9      |
| KL        | 0.0025288 |
-------------------------
********** Iteration 298 ************
kl just right!
--------------------------
| EVAfter   | 0.646      |
| EVBefore  | 0.637      |
| EpLenMean | 1e+03      |
| EpRewMean | 1.95e+03   |
| EpRewSEM  | 51.1       |
| KL        | 0.00279537 |
--------------------------
********** Iteration 299 ************
kl just right!
--------------------------
| EVAfter   | 0.775      |
| EVBefore  | 0.761      |
| EpLenMean | 1e+03      |
| EpRewMean | 1.96e+03   |
| EpRewSEM  | 59.1       |
| KL        | 0.00241547 |
--------------------------
********** Iteration 300 ************
kl just right!
--------------------------
| EVAfter   | 0.668      |
| EVBefore  | 0.657      |
| EpLenMean | 1e+03      |
| EpRewMean | 1.88e+03   |
| EpRewSEM  | 142        |
| KL        | 0.00246985 |
--------------------------
********** Iteration 301 ************
kl just right!
--------------------------
| EVAfter   | 0.709      |
| EVBefore  | 0.696      |
| EpLenMean | 1e+03      |
| EpRewMean | 1.74e+03   |
| EpRewSEM  | 27.5       |
| KL        | 0.00179243 |
--------------------------
********** Iteration 302 ************
kl just right!
--------------------------
| EVAfter   | 0.694      |
| EVBefore  | 0.681      |
| EpLenMean | 1e+03      |
| EpRewMean | 1.99e+03   |
| EpRewSEM  | 82.6       |
| KL        | 0.00183068 |
--------------------------
********** Iteration 303 ************
kl just right!
--------------------------
| EVAfter   | 0.86       |
| EVBefore  | 0.82       |
| EpLenMean | 1e+03      |
| EpRewMean | 1.23e+03   |
| EpRewSEM  | 567        |
| KL        | 0.00261436 |
--------------------------
********** Iteration 304 ************
kl just right!
--------------------------
| EVAfter   | 0.745      |
| EVBefore  | 0.687      |
| EpLenMean | 1e+03      |
| EpRewMean | 1.98e+03   |
| EpRewSEM  | 28.2       |
| KL        | 0.00138015 |
--------------------------
********** Iteration 305 ************
kl just right!
--------------------------
| EVAfter   | 0.767      |
| EVBefore  | 0.75       |
| EpLenMean | 1e+03      |
| EpRewMean | 1.68e+03   |
| EpRewSEM  | 253        |
| KL        | 0.00155354 |
--------------------------
********** Iteration 306 ************
kl just right!
--------------------------
| EVAfter   | 0.756      |
| EVBefore  | 0.75       |
| EpLenMean | 1e+03      |
| EpRewMean | 2.05e+03   |
| EpRewSEM  | 19.2       |
| KL        | 0.00156806 |
--------------------------
********** Iteration 307 ************
kl just right!
--------------------------
| EVAfter   | 0.717      |
| EVBefore  | 0.707      |
| EpLenMean | 1e+03      |
| EpRewMean | 1.99e+03   |
| EpRewSEM  | 45.5       |
| KL        | 0.00177302 |
--------------------------
********** Iteration 308 ************
kl just right!
--------------------------
| EVAfter   | 0.644      |
| EVBefore  | 0.633      |
| EpLenMean | 1e+03      |
| EpRewMean | 2.02e+03   |
| EpRewSEM  | 80.3       |
| KL        | 0.00152708 |
--------------------------
********** Iteration 309 ************
kl just right!
--------------------------
| EVAfter   | 0.846      |
| EVBefore  | 0.866      |
| EpLenMean | 1e+03      |
| EpRewMean | 1.45e+03   |
| EpRewSEM  | 402        |
| KL        | 0.00160068 |
--------------------------
********** Iteration 310 ************
kl just right!
------------------------
| EVAfter   | 0.715    |
| EVBefore  | 0.702    |
| EpLenMean | 1e+03    |
| EpRewMean | 1.95e+03 |
| EpRewSEM  | 27.9     |
| KL        | 0.001344 |
------------------------
********** Iteration 311 ************
kl just right!
--------------------------
| EVAfter   | 0.92       |
| EVBefore  | 0.889      |
| EpLenMean | 1e+03      |
| EpRewMean | 1.29e+03   |
| EpRewSEM  | 584        |
| KL        | 0.00163081 |
--------------------------
********** Iteration 312 ************
kl just right!
--------------------------
| EVAfter   | 0.776      |
| EVBefore  | 0.738      |
| EpLenMean | 1e+03      |
| EpRewMean | 2.04e+03   |
| EpRewSEM  | 53.3       |
| KL        | 0.00121132 |
--------------------------
********** Iteration 313 ************
kl too low
---------------------------
| EVAfter   | 0.755       |
| EVBefore  | 0.727       |
| EpLenMean | 1e+03       |
| EpRewMean | 1.89e+03    |
| EpRewSEM  | 54.4        |
| KL        | 0.000906925 |
---------------------------
********** Iteration 314 ************
kl just right!
--------------------------
| EVAfter   | 0.637      |
| EVBefore  | 0.621      |
| EpLenMean | 1e+03      |
| EpRewMean | 1.79e+03   |
| EpRewSEM  | 40.3       |
| KL        | 0.00175572 |
--------------------------
********** Iteration 315 ************
kl just right!
-------------------------
| EVAfter   | 0.77      |
| EVBefore  | 0.758     |
| EpLenMean | 1e+03     |
| EpRewMean | 2.11e+03  |
| EpRewSEM  | 32.1      |
| KL        | 0.0020425 |
-------------------------
********** Iteration 316 ************
kl just right!
--------------------------
| EVAfter   | 0.806      |
| EVBefore  | 0.8        |
| EpLenMean | 1e+03      |
| EpRewMean | 1.62e+03   |
| EpRewSEM  | 341        |
| KL        | 0.00222643 |
--------------------------
********** Iteration 317 ************
kl just right!
--------------------------
| EVAfter   | 0.83       |
| EVBefore  | 0.818      |
| EpLenMean | 1e+03      |
| EpRewMean | 1.75e+03   |
| EpRewSEM  | 228        |
| KL        | 0.00288888 |
--------------------------
********** Iteration 318 ************
kl just right!
--------------------------
| EVAfter   | 0.712      |
| EVBefore  | 0.706      |
| EpLenMean | 1e+03      |
| EpRewMean | 2.11e+03   |
| EpRewSEM  | 51.2       |
| KL        | 0.00260757 |
--------------------------
********** Iteration 319 ************
kl just right!
--------------------------
| EVAfter   | 0.748      |
| EVBefore  | 0.743      |
| EpLenMean | 1e+03      |
| EpRewMean | 2.16e+03   |
| EpRewSEM  | 46.1       |
| KL        | 0.00279842 |
--------------------------
********** Iteration 320 ************
kl just right!
--------------------------
| EVAfter   | 0.632      |
| EVBefore  | 0.6        |
| EpLenMean | 1e+03      |
| EpRewMean | 2.02e+03   |
| EpRewSEM  | 37.1       |
| KL        | 0.00317477 |
--------------------------
********** Iteration 321 ************
kl just right!
--------------------------
| EVAfter   | 0.789      |
| EVBefore  | 0.777      |
| EpLenMean | 1e+03      |
| EpRewMean | 1.98e+03   |
| EpRewSEM  | 14         |
| KL        | 0.00355616 |
--------------------------
********** Iteration 322 ************
kl just right!
--------------------------
| EVAfter   | 0.798      |
| EVBefore  | 0.787      |
| EpLenMean | 1e+03      |
| EpRewMean | 2.01e+03   |
| EpRewSEM  | 50.5       |
| KL        | 0.00306384 |
--------------------------
********** Iteration 323 ************
kl just right!
--------------------------
| EVAfter   | 0.691      |
| EVBefore  | 0.675      |
| EpLenMean | 1e+03      |
| EpRewMean | 2.04e+03   |
| EpRewSEM  | 68.4       |
| KL        | 0.00277215 |
--------------------------
********** Iteration 324 ************
kl just right!
--------------------------
| EVAfter   | 0.704      |
| EVBefore  | 0.692      |
| EpLenMean | 1e+03      |
| EpRewMean | 2.05e+03   |
| EpRewSEM  | 65.4       |
| KL        | 0.00285932 |
--------------------------
********** Iteration 325 ************
kl just right!
--------------------------
| EVAfter   | 0.763      |
| EVBefore  | 0.752      |
| EpLenMean | 1e+03      |
| EpRewMean | 2.16e+03   |
| EpRewSEM  | 63.9       |
| KL        | 0.00284806 |
--------------------------
********** Iteration 326 ************
kl just right!
--------------------------
| EVAfter   | 0.834      |
| EVBefore  | 0.852      |
| EpLenMean | 1e+03      |
| EpRewMean | 1.71e+03   |
| EpRewSEM  | 327        |
| KL        | 0.00285575 |
--------------------------
********** Iteration 327 ************
kl just right!
--------------------------
| EVAfter   | 0.745      |
| EVBefore  | 0.73       |
| EpLenMean | 1e+03      |
| EpRewMean | 1.97e+03   |
| EpRewSEM  | 64.2       |
| KL        | 0.00289096 |
--------------------------
********** Iteration 328 ************
kl just right!
--------------------------
| EVAfter   | 0.762      |
| EVBefore  | 0.753      |
| EpLenMean | 1e+03      |
| EpRewMean | 2.09e+03   |
| EpRewSEM  | 85.3       |
| KL        | 0.00244472 |
--------------------------
********** Iteration 329 ************
kl just right!
--------------------------
| EVAfter   | 0.774      |
| EVBefore  | 0.768      |
| EpLenMean | 1e+03      |
| EpRewMean | 2.06e+03   |
| EpRewSEM  | 67.5       |
| KL        | 0.00226537 |
--------------------------
********** Iteration 330 ************
kl just right!
--------------------------
| EVAfter   | 0.756      |
| EVBefore  | 0.746      |
| EpLenMean | 1e+03      |
| EpRewMean | 2.03e+03   |
| EpRewSEM  | 39.6       |
| KL        | 0.00250825 |
--------------------------
********** Iteration 331 ************
kl just right!
--------------------------
| EVAfter   | 0.657      |
| EVBefore  | 0.639      |
| EpLenMean | 1e+03      |
| EpRewMean | 1.98e+03   |
| EpRewSEM  | 50.5       |
| KL        | 0.00250566 |
--------------------------
********** Iteration 332 ************
kl just right!
--------------------------
| EVAfter   | 0.808      |
| EVBefore  | 0.792      |
| EpLenMean | 1e+03      |
| EpRewMean | 2.01e+03   |
| EpRewSEM  | 41.9       |
| KL        | 0.00211169 |
--------------------------
********** Iteration 333 ************
kl just right!
--------------------------
| EVAfter   | 0.823      |
| EVBefore  | 0.817      |
| EpLenMean | 1e+03      |
| EpRewMean | 2.18e+03   |
| EpRewSEM  | 18.4       |
| KL        | 0.00214458 |
--------------------------
W tensorflow/core/kernels/queue_base.cc:294] _0_fifo_queue: Skipping cancelled enqueue attempt with queue not closed
W tensorflow/core/kernels/queue_base.cc:294] _1_vf/fifo_queue: Skipping cancelled enqueue attempt with queue not closed
