2017-05-08 20:36:59.245598 EDT | [Tensorflow_RLLAB_Results/PolyRL/HalfCheetah/] observation space: Box(17,)
2017-05-08 20:36:59.245994 EDT | [Tensorflow_RLLAB_Results/PolyRL/HalfCheetah/] action space: Box(6,)
2017-05-08 20:37:00.367383 EDT | [Tensorflow_RLLAB_Results/PolyRL/HalfCheetah/] Populating workers...
2017-05-08 20:37:00.367783 EDT | [Tensorflow_RLLAB_Results/PolyRL/HalfCheetah/] Populated
2017-05-08 20:37:03.448620 EDT | [Tensorflow_RLLAB_Results/PolyRL/HalfCheetah/] epoch #0 | Training started
2017-05-08 20:37:05.187853 EDT | [Tensorflow_RLLAB_Results/PolyRL/HalfCheetah/] epoch #0 | Populating workers...
2017-05-08 20:37:05.188251 EDT | [Tensorflow_RLLAB_Results/PolyRL/HalfCheetah/] epoch #0 | Populated
2017-05-08 21:08:06.006596 EDT | [Tensorflow_RLLAB_Results/PolyRL/HalfCheetah/] observation space: Box(17,)
2017-05-08 21:08:06.007107 EDT | [Tensorflow_RLLAB_Results/PolyRL/HalfCheetah/] action space: Box(6,)
2017-05-08 21:08:06.910636 EDT | [Tensorflow_RLLAB_Results/PolyRL/HalfCheetah/] Populating workers...
2017-05-08 21:08:06.910947 EDT | [Tensorflow_RLLAB_Results/PolyRL/HalfCheetah/] Populated
2017-05-08 21:08:10.175734 EDT | [Tensorflow_RLLAB_Results/PolyRL/HalfCheetah/] epoch #0 | Training started
2017-05-08 21:08:11.742377 EDT | [Tensorflow_RLLAB_Results/PolyRL/HalfCheetah/] epoch #0 | Populating workers...
2017-05-08 21:08:11.743243 EDT | [Tensorflow_RLLAB_Results/PolyRL/HalfCheetah/] epoch #0 | Populated
2017-05-08 21:10:26.367439 EDT | [Tensorflow_RLLAB_Results/PolyRL/HalfCheetah/] observation space: Box(17,)
2017-05-08 21:10:26.367779 EDT | [Tensorflow_RLLAB_Results/PolyRL/HalfCheetah/] action space: Box(6,)
2017-05-08 21:10:26.903321 EDT | [Tensorflow_RLLAB_Results/PolyRL/HalfCheetah/] Populating workers...
2017-05-08 21:10:26.903670 EDT | [Tensorflow_RLLAB_Results/PolyRL/HalfCheetah/] Populated
2017-05-08 21:10:27.619401 EDT | [Tensorflow_RLLAB_Results/PolyRL/HalfCheetah/] epoch #0 | Training started
2017-05-08 21:10:27.698774 EDT | [Tensorflow_RLLAB_Results/PolyRL/HalfCheetah/] epoch #0 | Populating workers...
2017-05-08 21:10:27.699138 EDT | [Tensorflow_RLLAB_Results/PolyRL/HalfCheetah/] epoch #0 | Populated
2017-05-08 21:11:06.560353 EDT | [Tensorflow_RLLAB_Results/PolyRL/HalfCheetah/] observation space: Box(17,)
2017-05-08 21:11:06.560720 EDT | [Tensorflow_RLLAB_Results/PolyRL/HalfCheetah/] action space: Box(6,)
2017-05-08 21:11:31.967510 EDT | [Tensorflow_RLLAB_Results/PolyRL/HalfCheetah/] observation space: Box(17,)
2017-05-08 21:11:31.967805 EDT | [Tensorflow_RLLAB_Results/PolyRL/HalfCheetah/] action space: Box(6,)
2017-05-08 21:11:32.971702 EDT | [Tensorflow_RLLAB_Results/PolyRL/HalfCheetah/] Populating workers...
2017-05-08 21:11:32.972052 EDT | [Tensorflow_RLLAB_Results/PolyRL/HalfCheetah/] Populated
2017-05-08 21:11:36.473955 EDT | [Tensorflow_RLLAB_Results/PolyRL/HalfCheetah/] epoch #0 | Training started
2017-05-08 21:11:38.039494 EDT | [Tensorflow_RLLAB_Results/PolyRL/HalfCheetah/] epoch #0 | Populating workers...
2017-05-08 21:11:38.040555 EDT | [Tensorflow_RLLAB_Results/PolyRL/HalfCheetah/] epoch #0 | Populated
2017-05-08 21:12:15.540181 EDT | [Tensorflow_RLLAB_Results/PolyRL/HalfCheetah/] observation space: Box(17,)
2017-05-08 21:12:15.540552 EDT | [Tensorflow_RLLAB_Results/PolyRL/HalfCheetah/] action space: Box(6,)
2017-05-08 21:12:16.511196 EDT | [Tensorflow_RLLAB_Results/PolyRL/HalfCheetah/] Populating workers...
2017-05-08 21:12:16.511434 EDT | [Tensorflow_RLLAB_Results/PolyRL/HalfCheetah/] Populated
2017-05-08 21:12:19.702100 EDT | [Tensorflow_RLLAB_Results/PolyRL/HalfCheetah/] epoch #0 | Training started
2017-05-08 21:12:21.467890 EDT | [Tensorflow_RLLAB_Results/PolyRL/HalfCheetah/] epoch #0 | Populating workers...
2017-05-08 21:12:21.500586 EDT | [Tensorflow_RLLAB_Results/PolyRL/HalfCheetah/] epoch #0 | Populated
2017-05-08 21:13:55.141869 EDT | [Tensorflow_RLLAB_Results/PolyRL/HalfCheetah/] observation space: Box(17,)
2017-05-08 21:13:55.144560 EDT | [Tensorflow_RLLAB_Results/PolyRL/HalfCheetah/] action space: Box(6,)
2017-05-08 21:15:08.299587 EDT | [Tensorflow_RLLAB_Results/PolyRL/HalfCheetah/] observation space: Box(17,)
2017-05-08 21:15:08.299840 EDT | [Tensorflow_RLLAB_Results/PolyRL/HalfCheetah/] action space: Box(6,)
2017-05-08 21:15:09.080791 EDT | [Tensorflow_RLLAB_Results/PolyRL/HalfCheetah/] Populating workers...
2017-05-08 21:15:09.081154 EDT | [Tensorflow_RLLAB_Results/PolyRL/HalfCheetah/] Populated
2017-05-08 21:15:11.831412 EDT | [Tensorflow_RLLAB_Results/PolyRL/HalfCheetah/] epoch #0 | Training started
2017-05-08 21:15:13.075570 EDT | [Tensorflow_RLLAB_Results/PolyRL/HalfCheetah/] epoch #0 | Populating workers...
2017-05-08 21:15:13.075783 EDT | [Tensorflow_RLLAB_Results/PolyRL/HalfCheetah/] epoch #0 | Populated
2017-05-09 14:07:47.445688 EDT | [Tensorflow_RLLAB_Results/PolyRL/HalfCheetah/] observation space: Box(17,)
2017-05-09 14:07:47.446066 EDT | [Tensorflow_RLLAB_Results/PolyRL/HalfCheetah/] action space: Box(6,)
2017-05-09 14:07:48.384230 EDT | [Tensorflow_RLLAB_Results/PolyRL/HalfCheetah/] Populating workers...
2017-05-09 14:07:48.384536 EDT | [Tensorflow_RLLAB_Results/PolyRL/HalfCheetah/] Populated
2017-05-09 14:07:51.392044 EDT | [Tensorflow_RLLAB_Results/PolyRL/HalfCheetah/] epoch #0 | Training started
2017-05-09 14:07:53.172321 EDT | [Tensorflow_RLLAB_Results/PolyRL/HalfCheetah/] epoch #0 | Populating workers...
2017-05-09 14:07:53.172628 EDT | [Tensorflow_RLLAB_Results/PolyRL/HalfCheetah/] epoch #0 | Populated
2017-05-09 14:10:02.905206 EDT | [Tensorflow_RLLAB_Results/PolyRL/HalfCheetah/] observation space: Box(17,)
2017-05-09 14:10:02.905420 EDT | [Tensorflow_RLLAB_Results/PolyRL/HalfCheetah/] action space: Box(6,)
2017-05-09 14:10:03.593147 EDT | [Tensorflow_RLLAB_Results/PolyRL/HalfCheetah/] Populating workers...
2017-05-09 14:10:03.593376 EDT | [Tensorflow_RLLAB_Results/PolyRL/HalfCheetah/] Populated
2017-05-09 14:10:05.947281 EDT | [Tensorflow_RLLAB_Results/PolyRL/HalfCheetah/] epoch #0 | Training started
2017-05-09 14:10:07.163302 EDT | [Tensorflow_RLLAB_Results/PolyRL/HalfCheetah/] epoch #0 | Populating workers...
2017-05-09 14:10:07.163532 EDT | [Tensorflow_RLLAB_Results/PolyRL/HalfCheetah/] epoch #0 | Populated
2017-05-09 17:59:15.259728 EDT | [Tensorflow_RLLAB_Results/PolyRL/HalfCheetah/] observation space: Box(17,)
2017-05-09 17:59:15.259954 EDT | [Tensorflow_RLLAB_Results/PolyRL/HalfCheetah/] action space: Box(6,)
2017-05-09 17:59:15.957825 EDT | [Tensorflow_RLLAB_Results/PolyRL/HalfCheetah/] Populating workers...
2017-05-09 17:59:15.958104 EDT | [Tensorflow_RLLAB_Results/PolyRL/HalfCheetah/] Populated
2017-05-09 17:59:18.256208 EDT | [Tensorflow_RLLAB_Results/PolyRL/HalfCheetah/] epoch #0 | Training started
2017-05-09 17:59:19.433954 EDT | [Tensorflow_RLLAB_Results/PolyRL/HalfCheetah/] epoch #0 | Populating workers...
2017-05-09 17:59:19.434186 EDT | [Tensorflow_RLLAB_Results/PolyRL/HalfCheetah/] epoch #0 | Populated
