2017-05-12 12:48:22.058381 EDT | [Paper_Final_Averaged_PolyRL/PolyRL_DDPG_Complex_Humanoid/LP_4_Experiment_0] Populating workers...
2017-05-12 12:48:22.058932 EDT | [Paper_Final_Averaged_PolyRL/PolyRL_DDPG_Complex_Humanoid/LP_4_Experiment_0] Populated
2017-05-12 12:48:37.412939 EDT | [Paper_Final_Averaged_PolyRL/PolyRL_DDPG_Complex_Humanoid/LP_4_Experiment_0] epoch #0 | Training started
2017-05-12 12:48:37.415497 EDT | [Paper_Final_Averaged_PolyRL/PolyRL_DDPG_Complex_Humanoid/LP_4_Experiment_0] epoch #0 | Populating workers...
2017-05-12 12:48:37.415989 EDT | [Paper_Final_Averaged_PolyRL/PolyRL_DDPG_Complex_Humanoid/LP_4_Experiment_0] epoch #0 | Populated
2017-05-12 12:54:29.044844 EDT | [Paper_Final_Averaged_PolyRL/PolyRL_DDPG_Complex_Humanoid/LP_4_Experiment_0] epoch #0 | Training finished
2017-05-12 12:54:29.046178 EDT | [Paper_Final_Averaged_PolyRL/PolyRL_DDPG_Complex_Humanoid/LP_4_Experiment_0] epoch #1 | Training started
2017-05-12 12:54:29.050078 EDT | [Paper_Final_Averaged_PolyRL/PolyRL_DDPG_Complex_Humanoid/LP_4_Experiment_0] epoch #1 | Populating workers...
2017-05-12 12:54:29.050764 EDT | [Paper_Final_Averaged_PolyRL/PolyRL_DDPG_Complex_Humanoid/LP_4_Experiment_0] epoch #1 | Populated
2017-05-12 12:59:48.690328 EDT | [Paper_Final_Averaged_PolyRL/PolyRL_DDPG_Complex_Humanoid/LP_4_Experiment_0] epoch #1 | Training finished
2017-05-12 12:59:48.692467 EDT | [Paper_Final_Averaged_PolyRL/PolyRL_DDPG_Complex_Humanoid/LP_4_Experiment_0] epoch #2 | Training started
2017-05-12 12:59:48.695186 EDT | [Paper_Final_Averaged_PolyRL/PolyRL_DDPG_Complex_Humanoid/LP_4_Experiment_0] epoch #2 | Populating workers...
2017-05-12 12:59:48.698302 EDT | [Paper_Final_Averaged_PolyRL/PolyRL_DDPG_Complex_Humanoid/LP_4_Experiment_0] epoch #2 | Populated
2017-05-12 13:04:44.304697 EDT | [Paper_Final_Averaged_PolyRL/PolyRL_DDPG_Complex_Humanoid/LP_4_Experiment_0] epoch #2 | Training finished
2017-05-12 13:04:44.306056 EDT | [Paper_Final_Averaged_PolyRL/PolyRL_DDPG_Complex_Humanoid/LP_4_Experiment_0] epoch #3 | Training started
2017-05-12 13:04:44.307955 EDT | [Paper_Final_Averaged_PolyRL/PolyRL_DDPG_Complex_Humanoid/LP_4_Experiment_0] epoch #3 | Populating workers...
2017-05-12 13:04:44.308508 EDT | [Paper_Final_Averaged_PolyRL/PolyRL_DDPG_Complex_Humanoid/LP_4_Experiment_0] epoch #3 | Populated
2017-05-12 13:09:20.184539 EDT | [Paper_Final_Averaged_PolyRL/PolyRL_DDPG_Complex_Humanoid/LP_4_Experiment_0] epoch #3 | Training finished
2017-05-12 13:09:20.187463 EDT | [Paper_Final_Averaged_PolyRL/PolyRL_DDPG_Complex_Humanoid/LP_4_Experiment_0] epoch #4 | Training started
2017-05-12 13:09:20.189692 EDT | [Paper_Final_Averaged_PolyRL/PolyRL_DDPG_Complex_Humanoid/LP_4_Experiment_0] epoch #4 | Populating workers...
2017-05-12 13:09:20.190318 EDT | [Paper_Final_Averaged_PolyRL/PolyRL_DDPG_Complex_Humanoid/LP_4_Experiment_0] epoch #4 | Populated
2017-05-12 13:14:09.196018 EDT | [Paper_Final_Averaged_PolyRL/PolyRL_DDPG_Complex_Humanoid/LP_4_Experiment_0] epoch #4 | Training finished
2017-05-12 13:14:09.203513 EDT | [Paper_Final_Averaged_PolyRL/PolyRL_DDPG_Complex_Humanoid/LP_4_Experiment_0] epoch #5 | Training started
2017-05-12 13:14:09.205980 EDT | [Paper_Final_Averaged_PolyRL/PolyRL_DDPG_Complex_Humanoid/LP_4_Experiment_0] epoch #5 | Populating workers...
2017-05-12 13:14:09.211461 EDT | [Paper_Final_Averaged_PolyRL/PolyRL_DDPG_Complex_Humanoid/LP_4_Experiment_0] epoch #5 | Populated
2017-05-12 13:18:29.842771 EDT | [Paper_Final_Averaged_PolyRL/PolyRL_DDPG_Complex_Humanoid/LP_4_Experiment_0] epoch #5 | Training finished
2017-05-12 13:18:29.845993 EDT | [Paper_Final_Averaged_PolyRL/PolyRL_DDPG_Complex_Humanoid/LP_4_Experiment_0] epoch #6 | Training started
2017-05-12 13:18:29.848420 EDT | [Paper_Final_Averaged_PolyRL/PolyRL_DDPG_Complex_Humanoid/LP_4_Experiment_0] epoch #6 | Populating workers...
2017-05-12 13:18:29.849161 EDT | [Paper_Final_Averaged_PolyRL/PolyRL_DDPG_Complex_Humanoid/LP_4_Experiment_0] epoch #6 | Populated
2017-05-12 13:22:37.224846 EDT | [Paper_Final_Averaged_PolyRL/PolyRL_DDPG_Complex_Humanoid/LP_4_Experiment_0] epoch #6 | Training finished
2017-05-12 13:22:37.226086 EDT | [Paper_Final_Averaged_PolyRL/PolyRL_DDPG_Complex_Humanoid/LP_4_Experiment_0] epoch #7 | Training started
2017-05-12 13:22:37.228389 EDT | [Paper_Final_Averaged_PolyRL/PolyRL_DDPG_Complex_Humanoid/LP_4_Experiment_0] epoch #7 | Populating workers...
2017-05-12 13:22:37.228936 EDT | [Paper_Final_Averaged_PolyRL/PolyRL_DDPG_Complex_Humanoid/LP_4_Experiment_0] epoch #7 | Populated
2017-05-12 13:26:36.859269 EDT | [Paper_Final_Averaged_PolyRL/PolyRL_DDPG_Complex_Humanoid/LP_4_Experiment_0] epoch #7 | Training finished
2017-05-12 13:26:36.860658 EDT | [Paper_Final_Averaged_PolyRL/PolyRL_DDPG_Complex_Humanoid/LP_4_Experiment_0] epoch #8 | Training started
2017-05-12 13:26:36.863073 EDT | [Paper_Final_Averaged_PolyRL/PolyRL_DDPG_Complex_Humanoid/LP_4_Experiment_0] epoch #8 | Populating workers...
2017-05-12 13:26:36.863896 EDT | [Paper_Final_Averaged_PolyRL/PolyRL_DDPG_Complex_Humanoid/LP_4_Experiment_0] epoch #8 | Populated
2017-05-12 13:31:22.798691 EDT | [Paper_Final_Averaged_PolyRL/PolyRL_DDPG_Complex_Humanoid/LP_4_Experiment_0] epoch #8 | Training finished
2017-05-12 13:31:22.800779 EDT | [Paper_Final_Averaged_PolyRL/PolyRL_DDPG_Complex_Humanoid/LP_4_Experiment_0] epoch #9 | Training started
2017-05-12 13:31:22.802939 EDT | [Paper_Final_Averaged_PolyRL/PolyRL_DDPG_Complex_Humanoid/LP_4_Experiment_0] epoch #9 | Populating workers...
2017-05-12 13:31:22.805474 EDT | [Paper_Final_Averaged_PolyRL/PolyRL_DDPG_Complex_Humanoid/LP_4_Experiment_0] epoch #9 | Populated
2017-05-12 13:35:39.710108 EDT | [Paper_Final_Averaged_PolyRL/PolyRL_DDPG_Complex_Humanoid/LP_4_Experiment_0] epoch #9 | Training finished
2017-05-12 13:35:39.711271 EDT | [Paper_Final_Averaged_PolyRL/PolyRL_DDPG_Complex_Humanoid/LP_4_Experiment_0] epoch #9 | Collecting samples for evaluation
2017-05-12 13:36:44.150066 EDT | -----------------------  ------------
2017-05-12 13:36:44.150788 EDT | Epoch                     9
2017-05-12 13:36:44.151262 EDT | AverageReturn            26.4381
2017-05-12 13:36:44.164194 EDT | StdReturn                 6.17863
2017-05-12 13:36:44.164748 EDT | MaxReturn                43.3807
2017-05-12 13:36:44.165272 EDT | MinReturn                 7.69419
2017-05-12 13:36:44.165779 EDT | AverageEsReturn          23.3073
2017-05-12 13:36:44.166285 EDT | StdEsReturn               8.77502
2017-05-12 13:36:44.171667 EDT | MaxEsReturn              41.7838
2017-05-12 13:36:44.172316 EDT | MinEsReturn               0.192246
2017-05-12 13:36:44.172835 EDT | AverageDiscountedReturn  17.8734
2017-05-12 13:36:44.173352 EDT | AverageQLoss              0.00132951
2017-05-12 13:36:44.173865 EDT | AveragePolicySurr        -0.0205108
2017-05-12 13:36:44.175543 EDT | AverageQ                 -0.00836881
2017-05-12 13:36:44.175976 EDT | AverageAbsQ               0.00843919
2017-05-12 13:36:44.176373 EDT | AverageY                  0.0256923
2017-05-12 13:36:44.176753 EDT | AverageAbsY               0.0256923
2017-05-12 13:36:44.177121 EDT | AverageAbsQYDiff          0.0340611
2017-05-12 13:36:44.177515 EDT | AverageAction             0.000346904
2017-05-12 13:36:44.177913 EDT | PolicyRegParamNorm       14.1287
2017-05-12 13:36:44.178312 EDT | QFunRegParamNorm         14.191
2017-05-12 13:36:44.178684 EDT | AverageForwardProgress    0.0992661
2017-05-12 13:36:44.179076 EDT | MaxForwardProgress        0.235249
2017-05-12 13:36:44.180506 EDT | MinForwardProgress       -0.050319
2017-05-12 13:36:44.181115 EDT | StdForwardProgress        0.0497585
2017-05-12 13:36:44.181663 EDT | -----------------------  ------------
2017-05-12 13:36:44.182498 EDT | [Paper_Final_Averaged_PolyRL/PolyRL_DDPG_Complex_Humanoid/LP_4_Experiment_0] epoch #10 | Training started
2017-05-12 13:36:44.184784 EDT | [Paper_Final_Averaged_PolyRL/PolyRL_DDPG_Complex_Humanoid/LP_4_Experiment_0] epoch #10 | Populating workers...
2017-05-12 13:36:44.185672 EDT | [Paper_Final_Averaged_PolyRL/PolyRL_DDPG_Complex_Humanoid/LP_4_Experiment_0] epoch #10 | Populated
2017-05-12 13:41:05.921928 EDT | [Paper_Final_Averaged_PolyRL/PolyRL_DDPG_Complex_Humanoid/LP_4_Experiment_0] epoch #10 | Training finished
2017-05-12 13:41:05.922892 EDT | [Paper_Final_Averaged_PolyRL/PolyRL_DDPG_Complex_Humanoid/LP_4_Experiment_0] epoch #10 | Collecting samples for evaluation
2017-05-12 13:42:11.204404 EDT | -----------------------  ------------
2017-05-12 13:42:11.211850 EDT | Epoch                    10
2017-05-12 13:42:11.212456 EDT | AverageReturn             6.29887
2017-05-12 13:42:11.213025 EDT | StdReturn                 3.74469
2017-05-12 13:42:11.213588 EDT | MaxReturn                17.2025
2017-05-12 13:42:11.214153 EDT | MinReturn                -2.27263
2017-05-12 13:42:11.214712 EDT | AverageEsReturn          19.1482
2017-05-12 13:42:11.215278 EDT | StdEsReturn              14.045
2017-05-12 13:42:11.215847 EDT | MaxEsReturn              45.7518
2017-05-12 13:42:11.216410 EDT | MinEsReturn               0.165498
2017-05-12 13:42:11.216968 EDT | AverageDiscountedReturn   5.36974
2017-05-12 13:42:11.217533 EDT | AverageQLoss              5.83684e-05
2017-05-12 13:42:11.218089 EDT | AveragePolicySurr        -0.0808916
2017-05-12 13:42:11.218647 EDT | AverageQ                  0.0543238
2017-05-12 13:42:11.219210 EDT | AverageAbsQ               0.0543722
2017-05-12 13:42:11.219782 EDT | AverageY                  0.0543719
2017-05-12 13:42:11.220336 EDT | AverageAbsY               0.054484
2017-05-12 13:42:11.220895 EDT | AverageAbsQYDiff          0.00437519
2017-05-12 13:42:11.221452 EDT | AverageAction             0.987792
2017-05-12 13:42:11.222018 EDT | PolicyRegParamNorm       14.8526
2017-05-12 13:42:11.222574 EDT | QFunRegParamNorm         14.9771
2017-05-12 13:42:11.223124 EDT | AverageForwardProgress    0.000985323
2017-05-12 13:42:11.223691 EDT | MaxForwardProgress        0.0841942
2017-05-12 13:42:11.224238 EDT | MinForwardProgress       -0.0654774
2017-05-12 13:42:11.224794 EDT | StdForwardProgress        0.0290249
2017-05-12 13:42:11.225343 EDT | -----------------------  ------------
2017-05-12 13:42:11.226116 EDT | [Paper_Final_Averaged_PolyRL/PolyRL_DDPG_Complex_Humanoid/LP_4_Experiment_0] epoch #11 | Training started
2017-05-12 13:42:11.228214 EDT | [Paper_Final_Averaged_PolyRL/PolyRL_DDPG_Complex_Humanoid/LP_4_Experiment_0] epoch #11 | Populating workers...
2017-05-12 13:42:11.228878 EDT | [Paper_Final_Averaged_PolyRL/PolyRL_DDPG_Complex_Humanoid/LP_4_Experiment_0] epoch #11 | Populated
2017-05-12 13:47:03.967531 EDT | [Paper_Final_Averaged_PolyRL/PolyRL_DDPG_Complex_Humanoid/LP_4_Experiment_0] epoch #11 | Training finished
2017-05-12 13:47:03.971431 EDT | [Paper_Final_Averaged_PolyRL/PolyRL_DDPG_Complex_Humanoid/LP_4_Experiment_0] epoch #11 | Collecting samples for evaluation
2017-05-12 13:48:24.037411 EDT | -----------------------  ------------
2017-05-12 13:48:24.038770 EDT | Epoch                    11
2017-05-12 13:48:24.039362 EDT | AverageReturn            17.8607
2017-05-12 13:48:24.039926 EDT | StdReturn                 8.46997
2017-05-12 13:48:24.040495 EDT | MaxReturn                39.5608
2017-05-12 13:48:24.041057 EDT | MinReturn                -2.65951
2017-05-12 13:48:24.041624 EDT | AverageEsReturn           5.89347
2017-05-12 13:48:24.042182 EDT | StdEsReturn               4.01139
2017-05-12 13:48:24.042745 EDT | MaxEsReturn              15.0009
2017-05-12 13:48:24.043305 EDT | MinEsReturn              -2.25874
2017-05-12 13:48:24.043753 EDT | AverageDiscountedReturn  11.5695
2017-05-12 13:48:24.044274 EDT | AverageQLoss              0.000102632
2017-05-12 13:48:24.045049 EDT | AveragePolicySurr        -0.102435
2017-05-12 13:48:24.045819 EDT | AverageQ                  0.0987697
2017-05-12 13:48:24.046589 EDT | AverageAbsQ               0.09877
2017-05-12 13:48:24.047368 EDT | AverageY                  0.0988455
2017-05-12 13:48:24.048152 EDT | AverageAbsY               0.0988463
2017-05-12 13:48:24.048920 EDT | AverageAbsQYDiff          0.00528455
2017-05-12 13:48:24.049687 EDT | AverageAction             0.950015
2017-05-12 13:48:24.050442 EDT | PolicyRegParamNorm       15.2418
2017-05-12 13:48:24.051196 EDT | QFunRegParamNorm         15.8892
2017-05-12 13:48:24.051981 EDT | AverageForwardProgress    0.0475326
2017-05-12 13:48:24.052745 EDT | MaxForwardProgress        0.204726
2017-05-12 13:48:24.053544 EDT | MinForwardProgress       -0.108123
2017-05-12 13:48:24.054615 EDT | StdForwardProgress        0.0619588
2017-05-12 13:48:24.055695 EDT | -----------------------  ------------
2017-05-12 13:48:24.057009 EDT | [Paper_Final_Averaged_PolyRL/PolyRL_DDPG_Complex_Humanoid/LP_4_Experiment_0] epoch #12 | Training started
2017-05-12 13:48:24.059871 EDT | [Paper_Final_Averaged_PolyRL/PolyRL_DDPG_Complex_Humanoid/LP_4_Experiment_0] epoch #12 | Populating workers...
2017-05-12 13:48:24.062284 EDT | [Paper_Final_Averaged_PolyRL/PolyRL_DDPG_Complex_Humanoid/LP_4_Experiment_0] epoch #12 | Populated
2017-05-12 13:52:55.183637 EDT | [Paper_Final_Averaged_PolyRL/PolyRL_DDPG_Complex_Humanoid/LP_4_Experiment_0] epoch #12 | Training finished
2017-05-12 13:52:55.184875 EDT | [Paper_Final_Averaged_PolyRL/PolyRL_DDPG_Complex_Humanoid/LP_4_Experiment_0] epoch #12 | Collecting samples for evaluation
2017-05-12 13:54:10.889573 EDT | -----------------------  ------------
2017-05-12 13:54:10.891418 EDT | Epoch                    12
2017-05-12 13:54:10.891909 EDT | AverageReturn            11.4639
2017-05-12 13:54:10.892389 EDT | StdReturn                 6.58705
2017-05-12 13:54:10.892863 EDT | MaxReturn                26.3696
2017-05-12 13:54:10.893333 EDT | MinReturn                -1.39443
2017-05-12 13:54:10.893806 EDT | AverageEsReturn          11.4022
2017-05-12 13:54:10.894270 EDT | StdEsReturn               8.72624
2017-05-12 13:54:10.894742 EDT | MaxEsReturn              23.7961
2017-05-12 13:54:10.895212 EDT | MinEsReturn              -5.9393
2017-05-12 13:54:10.895695 EDT | AverageDiscountedReturn   8.74061
2017-05-12 13:54:10.896169 EDT | AverageQLoss              0.000134966
2017-05-12 13:54:10.896636 EDT | AveragePolicySurr        -0.137178
2017-05-12 13:54:10.897110 EDT | AverageQ                  0.127628
2017-05-12 13:54:10.897575 EDT | AverageAbsQ               0.127631
2017-05-12 13:54:10.898049 EDT | AverageY                  0.127665
2017-05-12 13:54:10.898518 EDT | AverageAbsY               0.127673
2017-05-12 13:54:10.898988 EDT | AverageAbsQYDiff          0.00628319
2017-05-12 13:54:10.899470 EDT | AverageAction             0.956679
2017-05-12 13:54:10.899934 EDT | PolicyRegParamNorm       15.5497
2017-05-12 13:54:10.900406 EDT | QFunRegParamNorm         16.7508
2017-05-12 13:54:10.900870 EDT | AverageForwardProgress    0.00995099
2017-05-12 13:54:10.901344 EDT | MaxForwardProgress        0.122199
2017-05-12 13:54:10.901815 EDT | MinForwardProgress       -0.100727
2017-05-12 13:54:10.902285 EDT | StdForwardProgress        0.0513046
2017-05-12 13:54:10.902759 EDT | -----------------------  ------------
2017-05-12 13:54:10.907473 EDT | [Paper_Final_Averaged_PolyRL/PolyRL_DDPG_Complex_Humanoid/LP_4_Experiment_0] epoch #13 | Training started
2017-05-12 13:54:10.909296 EDT | [Paper_Final_Averaged_PolyRL/PolyRL_DDPG_Complex_Humanoid/LP_4_Experiment_0] epoch #13 | Populating workers...
2017-05-12 13:54:10.909809 EDT | [Paper_Final_Averaged_PolyRL/PolyRL_DDPG_Complex_Humanoid/LP_4_Experiment_0] epoch #13 | Populated
2017-05-12 13:57:47.906019 EDT | [Paper_Final_Averaged_PolyRL/PolyRL_DDPG_Complex_Humanoid/LP_4_Experiment_0] epoch #13 | Training finished
2017-05-12 13:57:47.907140 EDT | [Paper_Final_Averaged_PolyRL/PolyRL_DDPG_Complex_Humanoid/LP_4_Experiment_0] epoch #13 | Collecting samples for evaluation
2017-05-12 13:58:58.882013 EDT | -----------------------  ------------
2017-05-12 13:58:58.887482 EDT | Epoch                    13
2017-05-12 13:58:58.888011 EDT | AverageReturn            22.3264
2017-05-12 13:58:58.888485 EDT | StdReturn                 7.87293
2017-05-12 13:58:58.888966 EDT | MaxReturn                49.0311
2017-05-12 13:58:58.889437 EDT | MinReturn                 3.76583
2017-05-12 13:58:58.889909 EDT | AverageEsReturn          23.101
2017-05-12 13:58:58.890385 EDT | StdEsReturn              16.6983
2017-05-12 13:58:58.890850 EDT | MaxEsReturn              48.202
2017-05-12 13:58:58.891333 EDT | MinEsReturn               2.18541
2017-05-12 13:58:58.891817 EDT | AverageDiscountedReturn  15.6142
2017-05-12 13:58:58.892286 EDT | AverageQLoss              0.000202277
2017-05-12 13:58:58.892750 EDT | AveragePolicySurr        -0.173796
2017-05-12 13:58:58.893214 EDT | AverageQ                  0.161643
2017-05-12 13:58:58.893684 EDT | AverageAbsQ               0.161647
2017-05-12 13:58:58.894141 EDT | AverageY                  0.161706
2017-05-12 13:58:58.894615 EDT | AverageAbsY               0.161727
2017-05-12 13:58:58.895080 EDT | AverageAbsQYDiff          0.00766062
2017-05-12 13:58:58.895562 EDT | AverageAction             0.934284
2017-05-12 13:58:58.896031 EDT | PolicyRegParamNorm       16.0432
2017-05-12 13:58:58.896491 EDT | QFunRegParamNorm         17.6178
2017-05-12 13:58:58.896960 EDT | AverageForwardProgress    0.0868116
2017-05-12 13:58:58.897420 EDT | MaxForwardProgress        0.289177
2017-05-12 13:58:58.897890 EDT | MinForwardProgress       -0.0566335
2017-05-12 13:58:58.898355 EDT | StdForwardProgress        0.0589898
2017-05-12 13:58:58.898821 EDT | -----------------------  ------------
2017-05-12 13:58:58.899528 EDT | [Paper_Final_Averaged_PolyRL/PolyRL_DDPG_Complex_Humanoid/LP_4_Experiment_0] epoch #14 | Training started
2017-05-12 13:58:58.902146 EDT | [Paper_Final_Averaged_PolyRL/PolyRL_DDPG_Complex_Humanoid/LP_4_Experiment_0] epoch #14 | Populating workers...
2017-05-12 13:58:58.902727 EDT | [Paper_Final_Averaged_PolyRL/PolyRL_DDPG_Complex_Humanoid/LP_4_Experiment_0] epoch #14 | Populated
2017-05-12 14:03:18.655962 EDT | [Paper_Final_Averaged_PolyRL/PolyRL_DDPG_Complex_Humanoid/LP_4_Experiment_0] epoch #14 | Training finished
2017-05-12 14:03:18.657653 EDT | [Paper_Final_Averaged_PolyRL/PolyRL_DDPG_Complex_Humanoid/LP_4_Experiment_0] epoch #14 | Collecting samples for evaluation
2017-05-12 14:04:24.458019 EDT | -----------------------  -------------
2017-05-12 14:04:24.467440 EDT | Epoch                     14
2017-05-12 14:04:24.467863 EDT | AverageReturn              1.3057
2017-05-12 14:04:24.468201 EDT | StdReturn                  6.62872
2017-05-12 14:04:24.468532 EDT | MaxReturn                 19.4413
2017-05-12 14:04:24.468859 EDT | MinReturn                -14.7775
2017-05-12 14:04:24.469187 EDT | AverageEsReturn            7.02213
2017-05-12 14:04:24.469513 EDT | StdEsReturn                6.81682
2017-05-12 14:04:24.469870 EDT | MaxEsReturn               29.9285
2017-05-12 14:04:24.470293 EDT | MinEsReturn               -4.34939
2017-05-12 14:04:24.470702 EDT | AverageDiscountedReturn    1.69796
2017-05-12 14:04:24.471126 EDT | AverageQLoss               0.000282301
2017-05-12 14:04:24.479636 EDT | AveragePolicySurr         -0.200999
2017-05-12 14:04:24.479982 EDT | AverageQ                   0.192871
2017-05-12 14:04:24.480316 EDT | AverageAbsQ                0.192896
2017-05-12 14:04:24.480644 EDT | AverageY                   0.192925
2017-05-12 14:04:24.480971 EDT | AverageAbsY                0.192949
2017-05-12 14:04:24.481296 EDT | AverageAbsQYDiff           0.00894784
2017-05-12 14:04:24.481621 EDT | AverageAction              0.924719
2017-05-12 14:04:24.481946 EDT | PolicyRegParamNorm        16.5247
2017-05-12 14:04:24.482270 EDT | QFunRegParamNorm          18.4655
2017-05-12 14:04:24.482595 EDT | AverageForwardProgress    -0.0653142
2017-05-12 14:04:24.482920 EDT | MaxForwardProgress         0.0472723
2017-05-12 14:04:24.483244 EDT | MinForwardProgress        -0.198593
2017-05-12 14:04:24.495817 EDT | StdForwardProgress         0.0502457
2017-05-12 14:04:24.496271 EDT | -----------------------  -------------
2017-05-12 14:04:24.496940 EDT | [Paper_Final_Averaged_PolyRL/PolyRL_DDPG_Complex_Humanoid/LP_4_Experiment_0] epoch #15 | Training started
2017-05-12 14:04:24.498682 EDT | [Paper_Final_Averaged_PolyRL/PolyRL_DDPG_Complex_Humanoid/LP_4_Experiment_0] epoch #15 | Populating workers...
2017-05-12 14:04:24.499164 EDT | [Paper_Final_Averaged_PolyRL/PolyRL_DDPG_Complex_Humanoid/LP_4_Experiment_0] epoch #15 | Populated
2017-05-12 14:08:29.210202 EDT | [Paper_Final_Averaged_PolyRL/PolyRL_DDPG_Complex_Humanoid/LP_4_Experiment_0] epoch #15 | Training finished
2017-05-12 14:08:29.223497 EDT | [Paper_Final_Averaged_PolyRL/PolyRL_DDPG_Complex_Humanoid/LP_4_Experiment_0] epoch #15 | Collecting samples for evaluation
2017-05-12 14:09:44.401598 EDT | -----------------------  -------------
2017-05-12 14:09:44.407450 EDT | Epoch                     15
2017-05-12 14:09:44.407996 EDT | AverageReturn             15.13
2017-05-12 14:09:44.408437 EDT | StdReturn                 17.7304
2017-05-12 14:09:44.408872 EDT | MaxReturn                 51.4659
2017-05-12 14:09:44.409300 EDT | MinReturn                 -9.22118
2017-05-12 14:09:44.409726 EDT | AverageEsReturn           13.0659
2017-05-12 14:09:44.410154 EDT | StdEsReturn               22.1869
2017-05-12 14:09:44.410579 EDT | MaxEsReturn               50.4365
2017-05-12 14:09:44.411002 EDT | MinEsReturn              -12.6644
2017-05-12 14:09:44.423637 EDT | AverageDiscountedReturn    9.52446
2017-05-12 14:09:44.424117 EDT | AverageQLoss               0.000433274
2017-05-12 14:09:44.424560 EDT | AveragePolicySurr         -0.23979
2017-05-12 14:09:44.424994 EDT | AverageQ                   0.216606
2017-05-12 14:09:44.425424 EDT | AverageAbsQ                0.216629
2017-05-12 14:09:44.425853 EDT | AverageY                   0.216652
2017-05-12 14:09:44.426279 EDT | AverageAbsY                0.216728
2017-05-12 14:09:44.426708 EDT | AverageAbsQYDiff           0.0111951
2017-05-12 14:09:44.427139 EDT | AverageAction              0.980173
2017-05-12 14:09:44.435800 EDT | PolicyRegParamNorm        16.9396
2017-05-12 14:09:44.436255 EDT | QFunRegParamNorm          19.4058
2017-05-12 14:09:44.436697 EDT | AverageForwardProgress     0.0376153
2017-05-12 14:09:44.437122 EDT | MaxForwardProgress         0.293428
2017-05-12 14:09:44.437552 EDT | MinForwardProgress        -0.134081
2017-05-12 14:09:44.437977 EDT | StdForwardProgress         0.117923
2017-05-12 14:09:44.438402 EDT | -----------------------  -------------
2017-05-12 14:09:44.439068 EDT | [Paper_Final_Averaged_PolyRL/PolyRL_DDPG_Complex_Humanoid/LP_4_Experiment_0] epoch #16 | Training started
2017-05-12 14:09:44.445345 EDT | [Paper_Final_Averaged_PolyRL/PolyRL_DDPG_Complex_Humanoid/LP_4_Experiment_0] epoch #16 | Populating workers...
2017-05-12 14:09:44.451931 EDT | [Paper_Final_Averaged_PolyRL/PolyRL_DDPG_Complex_Humanoid/LP_4_Experiment_0] epoch #16 | Populated
2017-05-12 14:13:52.803571 EDT | [Paper_Final_Averaged_PolyRL/PolyRL_DDPG_Complex_Humanoid/LP_4_Experiment_0] epoch #16 | Training finished
2017-05-12 14:13:52.804733 EDT | [Paper_Final_Averaged_PolyRL/PolyRL_DDPG_Complex_Humanoid/LP_4_Experiment_0] epoch #16 | Collecting samples for evaluation
2017-05-12 14:14:49.581593 EDT | -----------------------  -------------
2017-05-12 14:14:49.582674 EDT | Epoch                     16
2017-05-12 14:14:49.583093 EDT | AverageReturn            -15.9712
2017-05-12 14:14:49.583518 EDT | StdReturn                  9.42346
2017-05-12 14:14:49.583922 EDT | MaxReturn                  3.07927
2017-05-12 14:14:49.584333 EDT | MinReturn                -40.3277
2017-05-12 14:14:49.584734 EDT | AverageEsReturn           26.6324
2017-05-12 14:14:49.585137 EDT | StdEsReturn               24.558
2017-05-12 14:14:49.585538 EDT | MaxEsReturn               72.9741
2017-05-12 14:14:49.585937 EDT | MinEsReturn               -7.79201
2017-05-12 14:14:49.586335 EDT | AverageDiscountedReturn   -8.21513
2017-05-12 14:14:49.586731 EDT | AverageQLoss               0.000741345
2017-05-12 14:14:49.587131 EDT | AveragePolicySurr         -0.29451
2017-05-12 14:14:49.587539 EDT | AverageQ                   0.264232
2017-05-12 14:14:49.587940 EDT | AverageAbsQ                0.264275
2017-05-12 14:14:49.588359 EDT | AverageY                   0.26433
2017-05-12 14:14:49.588766 EDT | AverageAbsY                0.264421
2017-05-12 14:14:49.589173 EDT | AverageAbsQYDiff           0.0144139
2017-05-12 14:14:49.589583 EDT | AverageAction              0.96926
2017-05-12 14:14:49.589990 EDT | PolicyRegParamNorm        17.072
2017-05-12 14:14:49.590406 EDT | QFunRegParamNorm          20.3228
2017-05-12 14:14:49.590813 EDT | AverageForwardProgress    -0.209612
2017-05-12 14:14:49.591223 EDT | MaxForwardProgress        -0.0523408
2017-05-12 14:14:49.591642 EDT | MinForwardProgress        -0.414042
2017-05-12 14:14:49.592050 EDT | StdForwardProgress         0.0799552
2017-05-12 14:14:49.592457 EDT | -----------------------  -------------
2017-05-12 14:14:49.593061 EDT | [Paper_Final_Averaged_PolyRL/PolyRL_DDPG_Complex_Humanoid/LP_4_Experiment_0] epoch #17 | Training started
2017-05-12 14:14:49.595999 EDT | [Paper_Final_Averaged_PolyRL/PolyRL_DDPG_Complex_Humanoid/LP_4_Experiment_0] epoch #17 | Populating workers...
2017-05-12 14:14:49.596625 EDT | [Paper_Final_Averaged_PolyRL/PolyRL_DDPG_Complex_Humanoid/LP_4_Experiment_0] epoch #17 | Populated
2017-05-12 14:18:51.927700 EDT | [Paper_Final_Averaged_PolyRL/PolyRL_DDPG_Complex_Humanoid/LP_4_Experiment_0] epoch #17 | Training finished
2017-05-12 14:18:51.932374 EDT | [Paper_Final_Averaged_PolyRL/PolyRL_DDPG_Complex_Humanoid/LP_4_Experiment_0] epoch #17 | Collecting samples for evaluation
2017-05-12 14:19:48.365429 EDT | -----------------------  ------------
2017-05-12 14:19:48.391451 EDT | Epoch                     17
2017-05-12 14:19:48.391901 EDT | AverageReturn              4.59909
2017-05-12 14:19:48.392248 EDT | StdReturn                  5.1969
2017-05-12 14:19:48.392593 EDT | MaxReturn                 20.0239
2017-05-12 14:19:48.392933 EDT | MinReturn                 -9.35428
2017-05-12 14:19:48.393276 EDT | AverageEsReturn           -7.92117
2017-05-12 14:19:48.393615 EDT | StdEsReturn               10.1449
2017-05-12 14:19:48.393954 EDT | MaxEsReturn               17.6219
2017-05-12 14:19:48.394292 EDT | MinEsReturn              -23.6329
2017-05-12 14:19:48.394625 EDT | AverageDiscountedReturn    4.08837
2017-05-12 14:19:48.394965 EDT | AverageQLoss               0.00105858
2017-05-12 14:19:48.395301 EDT | AveragePolicySurr         -0.324424
2017-05-12 14:19:48.423618 EDT | AverageQ                   0.308059
2017-05-12 14:19:48.427471 EDT | AverageAbsQ                0.308753
2017-05-12 14:19:48.427992 EDT | AverageY                   0.30816
2017-05-12 14:19:48.428437 EDT | AverageAbsY                0.308941
2017-05-12 14:19:48.428897 EDT | AverageAbsQYDiff           0.0172678
2017-05-12 14:19:48.429362 EDT | AverageAction              0.976886
2017-05-12 14:19:48.429809 EDT | PolicyRegParamNorm        17.2394
2017-05-12 14:19:48.430244 EDT | QFunRegParamNorm          21.228
2017-05-12 14:19:48.430695 EDT | AverageForwardProgress    -0.0136724
2017-05-12 14:19:48.431153 EDT | MaxForwardProgress         0.104151
2017-05-12 14:19:48.431601 EDT | MinForwardProgress        -0.125202
2017-05-12 14:19:48.432053 EDT | StdForwardProgress         0.0401442
2017-05-12 14:19:48.432505 EDT | -----------------------  ------------
2017-05-12 14:19:48.433259 EDT | [Paper_Final_Averaged_PolyRL/PolyRL_DDPG_Complex_Humanoid/LP_4_Experiment_0] epoch #18 | Training started
2017-05-12 14:19:48.435530 EDT | [Paper_Final_Averaged_PolyRL/PolyRL_DDPG_Complex_Humanoid/LP_4_Experiment_0] epoch #18 | Populating workers...
2017-05-12 14:19:48.436280 EDT | [Paper_Final_Averaged_PolyRL/PolyRL_DDPG_Complex_Humanoid/LP_4_Experiment_0] epoch #18 | Populated
2017-05-12 14:23:45.765767 EDT | [Paper_Final_Averaged_PolyRL/PolyRL_DDPG_Complex_Humanoid/LP_4_Experiment_0] epoch #18 | Training finished
2017-05-12 14:23:45.771440 EDT | [Paper_Final_Averaged_PolyRL/PolyRL_DDPG_Complex_Humanoid/LP_4_Experiment_0] epoch #18 | Collecting samples for evaluation
2017-05-12 14:24:48.532769 EDT | -----------------------  ------------
2017-05-12 14:24:48.533874 EDT | Epoch                     18
2017-05-12 14:24:48.534353 EDT | AverageReturn              6.2289
2017-05-12 14:24:48.534819 EDT | StdReturn                  4.66339
2017-05-12 14:24:48.535284 EDT | MaxReturn                 19.9568
2017-05-12 14:24:48.535770 EDT | MinReturn                 -8.77833
2017-05-12 14:24:48.536230 EDT | AverageEsReturn            3.12338
2017-05-12 14:24:48.536699 EDT | StdEsReturn                7.06006
2017-05-12 14:24:48.537160 EDT | MaxEsReturn               11.9285
2017-05-12 14:24:48.537618 EDT | MinEsReturn              -10.4825
2017-05-12 14:24:48.538118 EDT | AverageDiscountedReturn    5.3501
2017-05-12 14:24:48.538578 EDT | AverageQLoss               0.00137887
2017-05-12 14:24:48.539036 EDT | AveragePolicySurr         -0.367471
2017-05-12 14:24:48.539508 EDT | AverageQ                   0.340595
2017-05-12 14:24:48.539963 EDT | AverageAbsQ                0.34279
2017-05-12 14:24:48.540419 EDT | AverageY                   0.34065
2017-05-12 14:24:48.540877 EDT | AverageAbsY                0.343129
2017-05-12 14:24:48.541333 EDT | AverageAbsQYDiff           0.0197511
2017-05-12 14:24:48.541788 EDT | AverageAction              0.935411
2017-05-12 14:24:48.542241 EDT | PolicyRegParamNorm        17.6276
2017-05-12 14:24:48.542695 EDT | QFunRegParamNorm          22.1565
2017-05-12 14:24:48.543151 EDT | AverageForwardProgress    -0.00695805
2017-05-12 14:24:48.543621 EDT | MaxForwardProgress         0.104325
2017-05-12 14:24:48.544074 EDT | MinForwardProgress        -0.139791
2017-05-12 14:24:48.544529 EDT | StdForwardProgress         0.0386194
2017-05-12 14:24:48.544984 EDT | -----------------------  ------------
2017-05-12 14:24:48.545736 EDT | [Paper_Final_Averaged_PolyRL/PolyRL_DDPG_Complex_Humanoid/LP_4_Experiment_0] epoch #19 | Training started
2017-05-12 14:24:48.549441 EDT | [Paper_Final_Averaged_PolyRL/PolyRL_DDPG_Complex_Humanoid/LP_4_Experiment_0] epoch #19 | Populating workers...
2017-05-12 14:24:48.550067 EDT | [Paper_Final_Averaged_PolyRL/PolyRL_DDPG_Complex_Humanoid/LP_4_Experiment_0] epoch #19 | Populated
2017-05-12 14:29:04.353907 EDT | [Paper_Final_Averaged_PolyRL/PolyRL_DDPG_Complex_Humanoid/LP_4_Experiment_0] epoch #19 | Training finished
2017-05-12 14:29:04.363487 EDT | [Paper_Final_Averaged_PolyRL/PolyRL_DDPG_Complex_Humanoid/LP_4_Experiment_0] epoch #19 | Collecting samples for evaluation
2017-05-12 14:30:10.021458 EDT | -----------------------  -----------
2017-05-12 14:30:10.021974 EDT | Epoch                    19
2017-05-12 14:30:10.022327 EDT | AverageReturn             6.2579
2017-05-12 14:30:10.022673 EDT | StdReturn                 3.83298
2017-05-12 14:30:10.023017 EDT | MaxReturn                18.5934
2017-05-12 14:30:10.047410 EDT | MinReturn                -8.60385
2017-05-12 14:30:10.047861 EDT | AverageEsReturn           5.75731
2017-05-12 14:30:10.048197 EDT | StdEsReturn               4.45182
2017-05-12 14:30:10.048528 EDT | MaxEsReturn              14.8091
2017-05-12 14:30:10.048860 EDT | MinEsReturn              -3.48317
2017-05-12 14:30:10.049189 EDT | AverageDiscountedReturn   5.34218
2017-05-12 14:30:10.049517 EDT | AverageQLoss              0.00158135
2017-05-12 14:30:10.049846 EDT | AveragePolicySurr        -0.411161
2017-05-12 14:30:10.050174 EDT | AverageQ                  0.376076
2017-05-12 14:30:10.050502 EDT | AverageAbsQ               0.379595
2017-05-12 14:30:10.050830 EDT | AverageY                  0.37621
2017-05-12 14:30:10.051160 EDT | AverageAbsY               0.380024
2017-05-12 14:30:10.075676 EDT | AverageAbsQYDiff          0.0210354
2017-05-12 14:30:10.076029 EDT | AverageAction             0.957024
2017-05-12 14:30:10.076364 EDT | PolicyRegParamNorm       18.0652
2017-05-12 14:30:10.076695 EDT | QFunRegParamNorm         22.9595
2017-05-12 14:30:10.077025 EDT | AverageForwardProgress    0.00102635
2017-05-12 14:30:10.077353 EDT | MaxForwardProgress        0.0950777
2017-05-12 14:30:10.077682 EDT | MinForwardProgress       -0.116381
2017-05-12 14:30:10.078011 EDT | StdForwardProgress        0.0297107
2017-05-12 14:30:10.078347 EDT | -----------------------  -----------
2017-05-12 14:30:10.078894 EDT | [Paper_Final_Averaged_PolyRL/PolyRL_DDPG_Complex_Humanoid/LP_4_Experiment_0] epoch #20 | Training started
2017-05-12 14:30:10.088864 EDT | [Paper_Final_Averaged_PolyRL/PolyRL_DDPG_Complex_Humanoid/LP_4_Experiment_0] epoch #20 | Populating workers...
2017-05-12 14:30:10.089508 EDT | [Paper_Final_Averaged_PolyRL/PolyRL_DDPG_Complex_Humanoid/LP_4_Experiment_0] epoch #20 | Populated
2017-05-12 14:34:42.156428 EDT | [Paper_Final_Averaged_PolyRL/PolyRL_DDPG_Complex_Humanoid/LP_4_Experiment_0] epoch #20 | Training finished
2017-05-12 14:34:42.171619 EDT | [Paper_Final_Averaged_PolyRL/PolyRL_DDPG_Complex_Humanoid/LP_4_Experiment_0] epoch #20 | Collecting samples for evaluation
2017-05-12 14:35:39.954475 EDT | -----------------------  -----------
2017-05-12 14:35:39.959419 EDT | Epoch                    20
2017-05-12 14:35:39.959967 EDT | AverageReturn             5.62479
2017-05-12 14:35:39.960493 EDT | StdReturn                 3.25484
2017-05-12 14:35:39.961015 EDT | MaxReturn                15.8655
2017-05-12 14:35:39.965194 EDT | MinReturn                -5.78416
2017-05-12 14:35:39.965751 EDT | AverageEsReturn           5.67248
2017-05-12 14:35:39.966308 EDT | StdEsReturn               3.45125
2017-05-12 14:35:39.966859 EDT | MaxEsReturn              14.8844
2017-05-12 14:35:39.971520 EDT | MinEsReturn              -1.16474
2017-05-12 14:35:39.972115 EDT | AverageDiscountedReturn   4.89837
2017-05-12 14:35:39.972676 EDT | AverageQLoss              0.00181465
2017-05-12 14:35:39.973231 EDT | AveragePolicySurr        -0.44967
2017-05-12 14:35:39.973785 EDT | AverageQ                  0.417869
2017-05-12 14:35:39.979511 EDT | AverageAbsQ               0.42217
2017-05-12 14:35:39.980106 EDT | AverageY                  0.417995
2017-05-12 14:35:39.980666 EDT | AverageAbsY               0.422465
2017-05-12 14:35:39.981225 EDT | AverageAbsQYDiff          0.022995
2017-05-12 14:35:39.981781 EDT | AverageAction             0.952466
2017-05-12 14:35:39.987519 EDT | PolicyRegParamNorm       18.4089
2017-05-12 14:35:39.988112 EDT | QFunRegParamNorm         23.7521
2017-05-12 14:35:39.988673 EDT | AverageForwardProgress    0.00194866
2017-05-12 14:35:39.989228 EDT | MaxForwardProgress        0.0811224
2017-05-12 14:35:39.989779 EDT | MinForwardProgress       -0.0893271
2017-05-12 14:35:39.990327 EDT | StdForwardProgress        0.024842
2017-05-12 14:35:39.995502 EDT | -----------------------  -----------
2017-05-12 14:35:39.996328 EDT | [Paper_Final_Averaged_PolyRL/PolyRL_DDPG_Complex_Humanoid/LP_4_Experiment_0] epoch #21 | Training started
2017-05-12 14:35:39.998301 EDT | [Paper_Final_Averaged_PolyRL/PolyRL_DDPG_Complex_Humanoid/LP_4_Experiment_0] epoch #21 | Populating workers...
2017-05-12 14:35:40.003615 EDT | [Paper_Final_Averaged_PolyRL/PolyRL_DDPG_Complex_Humanoid/LP_4_Experiment_0] epoch #21 | Populated
2017-05-12 14:39:46.119676 EDT | [Paper_Final_Averaged_PolyRL/PolyRL_DDPG_Complex_Humanoid/LP_4_Experiment_0] epoch #21 | Training finished
2017-05-12 14:39:46.120751 EDT | [Paper_Final_Averaged_PolyRL/PolyRL_DDPG_Complex_Humanoid/LP_4_Experiment_0] epoch #21 | Collecting samples for evaluation
2017-05-12 14:40:38.713672 EDT | -----------------------  -----------
2017-05-12 14:40:38.714630 EDT | Epoch                    21
2017-05-12 14:40:38.714996 EDT | AverageReturn             8.34831
2017-05-12 14:40:38.715352 EDT | StdReturn                 4.13878
2017-05-12 14:40:38.715707 EDT | MaxReturn                20.2402
2017-05-12 14:40:38.716055 EDT | MinReturn                -4.94812
2017-05-12 14:40:38.716401 EDT | AverageEsReturn           5.58804
2017-05-12 14:40:38.716750 EDT | StdEsReturn               3.52536
2017-05-12 14:40:38.717095 EDT | MaxEsReturn              13.0317
2017-05-12 14:40:38.717441 EDT | MinEsReturn              -1.22589
2017-05-12 14:40:38.717789 EDT | AverageDiscountedReturn   6.73867
2017-05-12 14:40:38.718134 EDT | AverageQLoss              0.00187355
2017-05-12 14:40:38.718479 EDT | AveragePolicySurr        -0.482285
2017-05-12 14:40:38.718822 EDT | AverageQ                  0.452387
2017-05-12 14:40:38.719167 EDT | AverageAbsQ               0.457166
2017-05-12 14:40:38.719526 EDT | AverageY                  0.452492
2017-05-12 14:40:38.719875 EDT | AverageAbsY               0.457416
2017-05-12 14:40:38.720220 EDT | AverageAbsQYDiff          0.0242628
2017-05-12 14:40:38.720566 EDT | AverageAction             0.947391
2017-05-12 14:40:38.720923 EDT | PolicyRegParamNorm       18.7025
2017-05-12 14:40:38.721273 EDT | QFunRegParamNorm         24.4023
2017-05-12 14:40:38.721618 EDT | AverageForwardProgress    0.0089424
2017-05-12 14:40:38.721964 EDT | MaxForwardProgress        0.100772
2017-05-12 14:40:38.722309 EDT | MinForwardProgress       -0.102144
2017-05-12 14:40:38.722654 EDT | StdForwardProgress        0.0320265
2017-05-12 14:40:38.722999 EDT | -----------------------  -----------
2017-05-12 14:40:38.723557 EDT | [Paper_Final_Averaged_PolyRL/PolyRL_DDPG_Complex_Humanoid/LP_4_Experiment_0] epoch #22 | Training started
2017-05-12 14:40:38.725349 EDT | [Paper_Final_Averaged_PolyRL/PolyRL_DDPG_Complex_Humanoid/LP_4_Experiment_0] epoch #22 | Populating workers...
2017-05-12 14:40:38.728882 EDT | [Paper_Final_Averaged_PolyRL/PolyRL_DDPG_Complex_Humanoid/LP_4_Experiment_0] epoch #22 | Populated
2017-05-12 14:45:08.588754 EDT | [Paper_Final_Averaged_PolyRL/PolyRL_DDPG_Complex_Humanoid/LP_4_Experiment_0] epoch #22 | Training finished
2017-05-12 14:45:08.616533 EDT | [Paper_Final_Averaged_PolyRL/PolyRL_DDPG_Complex_Humanoid/LP_4_Experiment_0] epoch #22 | Collecting samples for evaluation
2017-05-12 14:45:56.445294 EDT | -----------------------  -----------
2017-05-12 14:45:56.446295 EDT | Epoch                    22
2017-05-12 14:45:56.446671 EDT | AverageReturn             8.34624
2017-05-12 14:45:56.447022 EDT | StdReturn                 4.65494
2017-05-12 14:45:56.447503 EDT | MaxReturn                19.0238
2017-05-12 14:45:56.448398 EDT | MinReturn                -4.21108
2017-05-12 14:45:56.448832 EDT | AverageEsReturn           6.35299
2017-05-12 14:45:56.449249 EDT | StdEsReturn               4.021
2017-05-12 14:45:56.449662 EDT | MaxEsReturn              15.0885
2017-05-12 14:45:56.450076 EDT | MinEsReturn              -2.29635
2017-05-12 14:45:56.450509 EDT | AverageDiscountedReturn   6.84027
2017-05-12 14:45:56.450921 EDT | AverageQLoss              0.00215029
2017-05-12 14:45:56.451343 EDT | AveragePolicySurr        -0.512049
2017-05-12 14:45:56.451761 EDT | AverageQ                  0.484258
2017-05-12 14:45:56.452175 EDT | AverageAbsQ               0.488752
2017-05-12 14:45:56.452586 EDT | AverageY                  0.484362
2017-05-12 14:45:56.452999 EDT | AverageAbsY               0.488982
2017-05-12 14:45:56.453411 EDT | AverageAbsQYDiff          0.0259364
2017-05-12 14:45:56.453823 EDT | AverageAction             0.960177
2017-05-12 14:45:56.454236 EDT | PolicyRegParamNorm       18.9986
2017-05-12 14:45:56.454647 EDT | QFunRegParamNorm         25.1279
2017-05-12 14:45:56.455056 EDT | AverageForwardProgress    0.0124813
2017-05-12 14:45:56.455478 EDT | MaxForwardProgress        0.0967232
2017-05-12 14:45:56.455893 EDT | MinForwardProgress       -0.0799774
2017-05-12 14:45:56.456306 EDT | StdForwardProgress        0.0342958
2017-05-12 14:45:56.456719 EDT | -----------------------  -----------
2017-05-12 14:45:56.457474 EDT | [Paper_Final_Averaged_PolyRL/PolyRL_DDPG_Complex_Humanoid/LP_4_Experiment_0] epoch #23 | Training started
2017-05-12 14:45:56.459457 EDT | [Paper_Final_Averaged_PolyRL/PolyRL_DDPG_Complex_Humanoid/LP_4_Experiment_0] epoch #23 | Populating workers...
2017-05-12 14:45:56.459863 EDT | [Paper_Final_Averaged_PolyRL/PolyRL_DDPG_Complex_Humanoid/LP_4_Experiment_0] epoch #23 | Populated
2017-05-12 14:50:22.162677 EDT | [Paper_Final_Averaged_PolyRL/PolyRL_DDPG_Complex_Humanoid/LP_4_Experiment_0] epoch #23 | Training finished
2017-05-12 14:50:22.163613 EDT | [Paper_Final_Averaged_PolyRL/PolyRL_DDPG_Complex_Humanoid/LP_4_Experiment_0] epoch #23 | Collecting samples for evaluation
2017-05-12 14:51:20.162607 EDT | -----------------------  -----------
2017-05-12 14:51:20.165382 EDT | Epoch                    23
2017-05-12 14:51:20.166056 EDT | AverageReturn             6.43652
2017-05-12 14:51:20.166633 EDT | StdReturn                 4.24486
2017-05-12 14:51:20.167202 EDT | MaxReturn                18.4037
2017-05-12 14:51:20.167818 EDT | MinReturn                -4.14483
2017-05-12 14:51:20.168392 EDT | AverageEsReturn           4.72608
2017-05-12 14:51:20.168960 EDT | StdEsReturn               3.66914
2017-05-12 14:51:20.169523 EDT | MaxEsReturn              10.7487
2017-05-12 14:51:20.170081 EDT | MinEsReturn              -0.876715
2017-05-12 14:51:20.170641 EDT | AverageDiscountedReturn   5.48911
2017-05-12 14:51:20.171205 EDT | AverageQLoss              0.00245807
2017-05-12 14:51:20.181281 EDT | AveragePolicySurr        -0.552717
2017-05-12 14:51:20.181716 EDT | AverageQ                  0.513174
2017-05-12 14:51:20.182136 EDT | AverageAbsQ               0.517365
2017-05-12 14:51:20.182547 EDT | AverageY                  0.513347
2017-05-12 14:51:20.182957 EDT | AverageAbsY               0.517679
2017-05-12 14:51:20.183393 EDT | AverageAbsQYDiff          0.0278418
2017-05-12 14:51:20.183801 EDT | AverageAction             0.94436
2017-05-12 14:51:20.184208 EDT | PolicyRegParamNorm       19.3176
2017-05-12 14:51:20.184615 EDT | QFunRegParamNorm         25.8726
2017-05-12 14:51:20.185021 EDT | AverageForwardProgress    0.00262079
2017-05-12 14:51:20.185429 EDT | MaxForwardProgress        0.0927686
2017-05-12 14:51:20.185836 EDT | MinForwardProgress       -0.0792731
2017-05-12 14:51:20.186243 EDT | StdForwardProgress        0.0325624
2017-05-12 14:51:20.186661 EDT | -----------------------  -----------
2017-05-12 14:51:20.187425 EDT | [Paper_Final_Averaged_PolyRL/PolyRL_DDPG_Complex_Humanoid/LP_4_Experiment_0] epoch #24 | Training started
2017-05-12 14:51:20.189338 EDT | [Paper_Final_Averaged_PolyRL/PolyRL_DDPG_Complex_Humanoid/LP_4_Experiment_0] epoch #24 | Populating workers...
2017-05-12 14:51:20.189805 EDT | [Paper_Final_Averaged_PolyRL/PolyRL_DDPG_Complex_Humanoid/LP_4_Experiment_0] epoch #24 | Populated
2017-05-12 14:55:48.894012 EDT | [Paper_Final_Averaged_PolyRL/PolyRL_DDPG_Complex_Humanoid/LP_4_Experiment_0] epoch #24 | Training finished
2017-05-12 14:55:48.895172 EDT | [Paper_Final_Averaged_PolyRL/PolyRL_DDPG_Complex_Humanoid/LP_4_Experiment_0] epoch #24 | Collecting samples for evaluation
2017-05-12 14:56:54.047157 EDT | -----------------------  -----------
2017-05-12 14:56:54.047884 EDT | Epoch                    24
2017-05-12 14:56:54.048316 EDT | AverageReturn             7.07404
2017-05-12 14:56:54.048739 EDT | StdReturn                 4.05593
2017-05-12 14:56:54.049158 EDT | MaxReturn                17.6814
2017-05-12 14:56:54.049576 EDT | MinReturn                -7.79919
2017-05-12 14:56:54.049993 EDT | AverageEsReturn           7.8712
2017-05-12 14:56:54.050409 EDT | StdEsReturn               4.08812
2017-05-12 14:56:54.050825 EDT | MaxEsReturn              16.0634
2017-05-12 14:56:54.051240 EDT | MinEsReturn               1.30716
2017-05-12 14:56:54.051667 EDT | AverageDiscountedReturn   5.89392
2017-05-12 14:56:54.052083 EDT | AverageQLoss              0.00293136
2017-05-12 14:56:54.052498 EDT | AveragePolicySurr        -0.590498
2017-05-12 14:56:54.052913 EDT | AverageQ                  0.550719
2017-05-12 14:56:54.053327 EDT | AverageAbsQ               0.554554
2017-05-12 14:56:54.053743 EDT | AverageY                  0.550824
2017-05-12 14:56:54.054158 EDT | AverageAbsY               0.554734
2017-05-12 14:56:54.054571 EDT | AverageAbsQYDiff          0.0303166
2017-05-12 14:56:54.054986 EDT | AverageAction             0.952006
2017-05-12 14:56:54.055413 EDT | PolicyRegParamNorm       19.5893
2017-05-12 14:56:54.055829 EDT | QFunRegParamNorm         26.5602
2017-05-12 14:56:54.056245 EDT | AverageForwardProgress    0.00200743
2017-05-12 14:56:54.056658 EDT | MaxForwardProgress        0.0844554
2017-05-12 14:56:54.057148 EDT | MinForwardProgress       -0.107907
2017-05-12 14:56:54.057573 EDT | StdForwardProgress        0.0312852
2017-05-12 14:56:54.057992 EDT | -----------------------  -----------
2017-05-12 14:56:54.058626 EDT | [Paper_Final_Averaged_PolyRL/PolyRL_DDPG_Complex_Humanoid/LP_4_Experiment_0] epoch #25 | Training started
2017-05-12 14:56:54.060541 EDT | [Paper_Final_Averaged_PolyRL/PolyRL_DDPG_Complex_Humanoid/LP_4_Experiment_0] epoch #25 | Populating workers...
2017-05-12 14:56:54.061094 EDT | [Paper_Final_Averaged_PolyRL/PolyRL_DDPG_Complex_Humanoid/LP_4_Experiment_0] epoch #25 | Populated
2017-05-12 15:01:32.052142 EDT | [Paper_Final_Averaged_PolyRL/PolyRL_DDPG_Complex_Humanoid/LP_4_Experiment_0] epoch #25 | Training finished
2017-05-12 15:01:32.055920 EDT | [Paper_Final_Averaged_PolyRL/PolyRL_DDPG_Complex_Humanoid/LP_4_Experiment_0] epoch #25 | Collecting samples for evaluation
2017-05-12 15:02:44.222247 EDT | -----------------------  -----------
2017-05-12 15:02:44.256119 EDT | Epoch                    25
2017-05-12 15:02:44.256725 EDT | AverageReturn             6.31063
2017-05-12 15:02:44.257155 EDT | StdReturn                 4.26539
2017-05-12 15:02:44.257580 EDT | MaxReturn                18.2315
2017-05-12 15:02:44.258000 EDT | MinReturn                -5.11804
2017-05-12 15:02:44.258418 EDT | AverageEsReturn          19.687
2017-05-12 15:02:44.258837 EDT | StdEsReturn              24.4978
2017-05-12 15:02:44.259256 EDT | MaxEsReturn              96.7337
2017-05-12 15:02:44.259704 EDT | MinEsReturn              -1.29327
2017-05-12 15:02:44.260116 EDT | AverageDiscountedReturn   5.36588
2017-05-12 15:02:44.260531 EDT | AverageQLoss              0.00318844
2017-05-12 15:02:44.260946 EDT | AveragePolicySurr        -0.632645
2017-05-12 15:02:44.261361 EDT | AverageQ                  0.593773
2017-05-12 15:02:44.261773 EDT | AverageAbsQ               0.596909
2017-05-12 15:02:44.262188 EDT | AverageY                  0.593963
2017-05-12 15:02:44.262601 EDT | AverageAbsY               0.597157
2017-05-12 15:02:44.263045 EDT | AverageAbsQYDiff          0.0319522
2017-05-12 15:02:44.263488 EDT | AverageAction             0.937727
2017-05-12 15:02:44.264031 EDT | PolicyRegParamNorm       19.8027
2017-05-12 15:02:44.264570 EDT | QFunRegParamNorm         27.2173
2017-05-12 15:02:44.265113 EDT | AverageForwardProgress    0.00031902
2017-05-12 15:02:44.265655 EDT | MaxForwardProgress        0.0936965
2017-05-12 15:02:44.266200 EDT | MinForwardProgress       -0.087402
2017-05-12 15:02:44.266742 EDT | StdForwardProgress        0.0330611
2017-05-12 15:02:44.267292 EDT | -----------------------  -----------
2017-05-12 15:02:44.267959 EDT | [Paper_Final_Averaged_PolyRL/PolyRL_DDPG_Complex_Humanoid/LP_4_Experiment_0] epoch #26 | Training started
2017-05-12 15:02:44.269899 EDT | [Paper_Final_Averaged_PolyRL/PolyRL_DDPG_Complex_Humanoid/LP_4_Experiment_0] epoch #26 | Populating workers...
2017-05-12 15:02:44.270489 EDT | [Paper_Final_Averaged_PolyRL/PolyRL_DDPG_Complex_Humanoid/LP_4_Experiment_0] epoch #26 | Populated
2017-05-12 15:07:34.927672 EDT | [Paper_Final_Averaged_PolyRL/PolyRL_DDPG_Complex_Humanoid/LP_4_Experiment_0] epoch #26 | Training finished
2017-05-12 15:07:34.931491 EDT | [Paper_Final_Averaged_PolyRL/PolyRL_DDPG_Complex_Humanoid/LP_4_Experiment_0] epoch #26 | Collecting samples for evaluation
2017-05-12 15:08:55.188714 EDT | -----------------------  -----------
2017-05-12 15:08:55.189689 EDT | Epoch                    26
2017-05-12 15:08:55.190052 EDT | AverageReturn             6.7261
2017-05-12 15:08:55.190402 EDT | StdReturn                 4.69801
2017-05-12 15:08:55.190750 EDT | MaxReturn                38.6978
2017-05-12 15:08:55.191096 EDT | MinReturn                -6.02075
2017-05-12 15:08:55.191460 EDT | AverageEsReturn           5.59959
2017-05-12 15:08:55.191884 EDT | StdEsReturn               4.32918
2017-05-12 15:08:55.192307 EDT | MaxEsReturn              16.5145
2017-05-12 15:08:55.192727 EDT | MinEsReturn              -2.7134
2017-05-12 15:08:55.193139 EDT | AverageDiscountedReturn   5.64505
2017-05-12 15:08:55.193554 EDT | AverageQLoss              0.00403316
2017-05-12 15:08:55.193968 EDT | AveragePolicySurr        -0.684846
2017-05-12 15:08:55.194383 EDT | AverageQ                  0.640121
2017-05-12 15:08:55.194797 EDT | AverageAbsQ               0.642525
2017-05-12 15:08:55.195215 EDT | AverageY                  0.64032
2017-05-12 15:08:55.196460 EDT | AverageAbsY               0.642744
2017-05-12 15:08:55.196886 EDT | AverageAbsQYDiff          0.0356032
2017-05-12 15:08:55.197980 EDT | AverageAction             0.954571
2017-05-12 15:08:55.199138 EDT | PolicyRegParamNorm       20.0199
2017-05-12 15:08:55.200352 EDT | QFunRegParamNorm         27.8981
2017-05-12 15:08:55.201488 EDT | AverageForwardProgress    0.0015158
2017-05-12 15:08:55.202621 EDT | MaxForwardProgress        0.196703
2017-05-12 15:08:55.203721 EDT | MinForwardProgress       -0.0963319
2017-05-12 15:08:55.204878 EDT | StdForwardProgress        0.0350855
2017-05-12 15:08:55.206014 EDT | -----------------------  -----------
2017-05-12 15:08:55.207383 EDT | [Paper_Final_Averaged_PolyRL/PolyRL_DDPG_Complex_Humanoid/LP_4_Experiment_0] epoch #27 | Training started
2017-05-12 15:08:55.210700 EDT | [Paper_Final_Averaged_PolyRL/PolyRL_DDPG_Complex_Humanoid/LP_4_Experiment_0] epoch #27 | Populating workers...
2017-05-12 15:08:55.215622 EDT | [Paper_Final_Averaged_PolyRL/PolyRL_DDPG_Complex_Humanoid/LP_4_Experiment_0] epoch #27 | Populated
2017-05-12 15:13:19.713241 EDT | [Paper_Final_Averaged_PolyRL/PolyRL_DDPG_Complex_Humanoid/LP_4_Experiment_0] epoch #27 | Training finished
2017-05-12 15:13:19.714386 EDT | [Paper_Final_Averaged_PolyRL/PolyRL_DDPG_Complex_Humanoid/LP_4_Experiment_0] epoch #27 | Collecting samples for evaluation
2017-05-12 15:14:30.272137 EDT | -----------------------  -----------
2017-05-12 15:14:30.273101 EDT | Epoch                    27
2017-05-12 15:14:30.273469 EDT | AverageReturn             6.68873
2017-05-12 15:14:30.273825 EDT | StdReturn                 4.76882
2017-05-12 15:14:30.274175 EDT | MaxReturn                44.2644
2017-05-12 15:14:30.274524 EDT | MinReturn                -4.70429
2017-05-12 15:14:30.274875 EDT | AverageEsReturn           6.84284
2017-05-12 15:14:30.275224 EDT | StdEsReturn               4.44271
2017-05-12 15:14:30.275585 EDT | MaxEsReturn              16.3943
2017-05-12 15:14:30.275934 EDT | MinEsReturn              -1.799
2017-05-12 15:14:30.276289 EDT | AverageDiscountedReturn   5.62976
2017-05-12 15:14:30.276638 EDT | AverageQLoss              0.00482385
2017-05-12 15:14:30.276986 EDT | AveragePolicySurr        -0.730018
2017-05-12 15:14:30.277548 EDT | AverageQ                  0.683239
2017-05-12 15:14:30.278258 EDT | AverageAbsQ               0.685442
2017-05-12 15:14:30.278958 EDT | AverageY                  0.683415
2017-05-12 15:14:30.279651 EDT | AverageAbsY               0.685698
2017-05-12 15:14:30.280351 EDT | AverageAbsQYDiff          0.0385295
2017-05-12 15:14:30.281048 EDT | AverageAction             0.943436
2017-05-12 15:14:30.281744 EDT | PolicyRegParamNorm       20.21
2017-05-12 15:14:30.282433 EDT | QFunRegParamNorm         28.6322
2017-05-12 15:14:30.283131 EDT | AverageForwardProgress    0.00143827
2017-05-12 15:14:30.283863 EDT | MaxForwardProgress        0.245939
2017-05-12 15:14:30.284567 EDT | MinForwardProgress       -0.0899709
2017-05-12 15:14:30.285267 EDT | StdForwardProgress        0.0363363
2017-05-12 15:14:30.285964 EDT | -----------------------  -----------
2017-05-12 15:14:30.286870 EDT | [Paper_Final_Averaged_PolyRL/PolyRL_DDPG_Complex_Humanoid/LP_4_Experiment_0] epoch #28 | Training started
2017-05-12 15:14:30.289293 EDT | [Paper_Final_Averaged_PolyRL/PolyRL_DDPG_Complex_Humanoid/LP_4_Experiment_0] epoch #28 | Populating workers...
2017-05-12 15:14:30.291684 EDT | [Paper_Final_Averaged_PolyRL/PolyRL_DDPG_Complex_Humanoid/LP_4_Experiment_0] epoch #28 | Populated
2017-05-12 15:19:01.047180 EDT | [Paper_Final_Averaged_PolyRL/PolyRL_DDPG_Complex_Humanoid/LP_4_Experiment_0] epoch #28 | Training finished
2017-05-12 15:19:01.048397 EDT | [Paper_Final_Averaged_PolyRL/PolyRL_DDPG_Complex_Humanoid/LP_4_Experiment_0] epoch #28 | Collecting samples for evaluation
2017-05-12 15:19:50.179130 EDT | -----------------------  -----------
2017-05-12 15:19:50.185794 EDT | Epoch                    28
2017-05-12 15:19:50.187114 EDT | AverageReturn             5.96034
2017-05-12 15:19:50.188390 EDT | StdReturn                 5.26437
2017-05-12 15:19:50.189596 EDT | MaxReturn                58.894
2017-05-12 15:19:50.191302 EDT | MinReturn                -8.46151
2017-05-12 15:19:50.193624 EDT | AverageEsReturn           5.22671
2017-05-12 15:19:50.195942 EDT | StdEsReturn               4.30267
2017-05-12 15:19:50.198232 EDT | MaxEsReturn              15.0327
2017-05-12 15:19:50.200073 EDT | MinEsReturn              -5.05858
2017-05-12 15:19:50.201577 EDT | AverageDiscountedReturn   5.02145
2017-05-12 15:19:50.203540 EDT | AverageQLoss              0.00587667
2017-05-12 15:19:50.205529 EDT | AveragePolicySurr        -0.777559
2017-05-12 15:19:50.219466 EDT | AverageQ                  0.722615
2017-05-12 15:19:50.223961 EDT | AverageAbsQ               0.724534
2017-05-12 15:19:50.225669 EDT | AverageY                  0.722828
2017-05-12 15:19:50.227198 EDT | AverageAbsY               0.724758
2017-05-12 15:19:50.228728 EDT | AverageAbsQYDiff          0.041979
2017-05-12 15:19:50.230213 EDT | AverageAction             0.947649
2017-05-12 15:19:50.231659 EDT | PolicyRegParamNorm       20.472
2017-05-12 15:19:50.233115 EDT | QFunRegParamNorm         29.2742
2017-05-12 15:19:50.234535 EDT | AverageForwardProgress   -0.0026071
2017-05-12 15:19:50.236180 EDT | MaxForwardProgress        0.342047
2017-05-12 15:19:50.237995 EDT | MinForwardProgress       -0.115093
2017-05-12 15:19:50.239770 EDT | StdForwardProgress        0.0387976
2017-05-12 15:19:50.241563 EDT | -----------------------  -----------
2017-05-12 15:19:50.243573 EDT | [Paper_Final_Averaged_PolyRL/PolyRL_DDPG_Complex_Humanoid/LP_4_Experiment_0] epoch #29 | Training started
2017-05-12 15:19:50.247870 EDT | [Paper_Final_Averaged_PolyRL/PolyRL_DDPG_Complex_Humanoid/LP_4_Experiment_0] epoch #29 | Populating workers...
2017-05-12 15:19:50.260564 EDT | [Paper_Final_Averaged_PolyRL/PolyRL_DDPG_Complex_Humanoid/LP_4_Experiment_0] epoch #29 | Populated
2017-05-12 15:24:39.510545 EDT | [Paper_Final_Averaged_PolyRL/PolyRL_DDPG_Complex_Humanoid/LP_4_Experiment_0] epoch #29 | Training finished
2017-05-12 15:24:39.511405 EDT | [Paper_Final_Averaged_PolyRL/PolyRL_DDPG_Complex_Humanoid/LP_4_Experiment_0] epoch #29 | Collecting samples for evaluation
2017-05-12 15:25:21.350728 EDT | -----------------------  ------------
2017-05-12 15:25:21.351849 EDT | Epoch                     29
2017-05-12 15:25:21.352356 EDT | AverageReturn              3.65976
2017-05-12 15:25:21.352851 EDT | StdReturn                  4.81481
2017-05-12 15:25:21.353342 EDT | MaxReturn                 18.2271
2017-05-12 15:25:21.353833 EDT | MinReturn                -10.3433
2017-05-12 15:25:21.354320 EDT | AverageEsReturn            6.54517
2017-05-12 15:25:21.354801 EDT | StdEsReturn                4.95959
2017-05-12 15:25:21.355286 EDT | MaxEsReturn               17.5414
2017-05-12 15:25:21.355791 EDT | MinEsReturn               -1.86437
2017-05-12 15:25:21.356276 EDT | AverageDiscountedReturn    3.13176
2017-05-12 15:25:21.356760 EDT | AverageQLoss               0.00545688
2017-05-12 15:25:21.357245 EDT | AveragePolicySurr         -0.825833
2017-05-12 15:25:21.357734 EDT | AverageQ                   0.765494
2017-05-12 15:25:21.358216 EDT | AverageAbsQ                0.767203
2017-05-12 15:25:21.358700 EDT | AverageY                   0.765783
2017-05-12 15:25:21.359181 EDT | AverageAbsY                0.767551
2017-05-12 15:25:21.359672 EDT | AverageAbsQYDiff           0.042103
2017-05-12 15:25:21.360154 EDT | AverageAction              0.956776
2017-05-12 15:25:21.360635 EDT | PolicyRegParamNorm        20.6732
2017-05-12 15:25:21.361116 EDT | QFunRegParamNorm          29.8228
2017-05-12 15:25:21.361598 EDT | AverageForwardProgress    -0.0289448
2017-05-12 15:25:21.362079 EDT | MaxForwardProgress         0.0862497
2017-05-12 15:25:21.362559 EDT | MinForwardProgress        -0.137571
2017-05-12 15:25:21.363037 EDT | StdForwardProgress         0.0375635
2017-05-12 15:25:21.363527 EDT | -----------------------  ------------
2017-05-12 15:25:21.364246 EDT | [Paper_Final_Averaged_PolyRL/PolyRL_DDPG_Complex_Humanoid/LP_4_Experiment_0] epoch #30 | Training started
2017-05-12 15:25:21.366133 EDT | [Paper_Final_Averaged_PolyRL/PolyRL_DDPG_Complex_Humanoid/LP_4_Experiment_0] epoch #30 | Populating workers...
2017-05-12 15:25:21.366690 EDT | [Paper_Final_Averaged_PolyRL/PolyRL_DDPG_Complex_Humanoid/LP_4_Experiment_0] epoch #30 | Populated
2017-05-12 15:30:15.081536 EDT | [Paper_Final_Averaged_PolyRL/PolyRL_DDPG_Complex_Humanoid/LP_4_Experiment_0] epoch #30 | Training finished
2017-05-12 15:30:15.082665 EDT | [Paper_Final_Averaged_PolyRL/PolyRL_DDPG_Complex_Humanoid/LP_4_Experiment_0] epoch #30 | Collecting samples for evaluation
2017-05-12 15:31:21.559034 EDT | -----------------------  -----------
2017-05-12 15:31:21.563772 EDT | Epoch                    30
2017-05-12 15:31:21.564221 EDT | AverageReturn             4.05658
2017-05-12 15:31:21.564637 EDT | StdReturn                 4.66476
2017-05-12 15:31:21.565047 EDT | MaxReturn                17.3451
2017-05-12 15:31:21.565451 EDT | MinReturn                -6.00522
2017-05-12 15:31:21.571435 EDT | AverageEsReturn           5.36767
2017-05-12 15:31:21.572018 EDT | StdEsReturn               4.5456
2017-05-12 15:31:21.572578 EDT | MaxEsReturn              12.9587
2017-05-12 15:31:21.573141 EDT | MinEsReturn              -3.71382
2017-05-12 15:31:21.573698 EDT | AverageDiscountedReturn   3.50939
2017-05-12 15:31:21.574259 EDT | AverageQLoss              0.00643517
2017-05-12 15:31:21.574812 EDT | AveragePolicySurr        -0.891596
2017-05-12 15:31:21.575375 EDT | AverageQ                  0.814308
2017-05-12 15:31:21.575924 EDT | AverageAbsQ               0.815314
2017-05-12 15:31:21.576482 EDT | AverageY                  0.814545
2017-05-12 15:31:21.577033 EDT | AverageAbsY               0.815555
2017-05-12 15:31:21.577593 EDT | AverageAbsQYDiff          0.046129
2017-05-12 15:31:21.578141 EDT | AverageAction             0.948581
2017-05-12 15:31:21.578698 EDT | PolicyRegParamNorm       20.8532
2017-05-12 15:31:21.579247 EDT | QFunRegParamNorm         30.4201
2017-05-12 15:31:21.579814 EDT | AverageForwardProgress   -0.0247959
2017-05-12 15:31:21.580788 EDT | MaxForwardProgress        0.0721215
2017-05-12 15:31:21.581803 EDT | MinForwardProgress       -0.10666
2017-05-12 15:31:21.582842 EDT | StdForwardProgress        0.0353662
2017-05-12 15:31:21.583903 EDT | -----------------------  -----------
2017-05-12 15:31:21.585208 EDT | [Paper_Final_Averaged_PolyRL/PolyRL_DDPG_Complex_Humanoid/LP_4_Experiment_0] epoch #31 | Training started
2017-05-12 15:31:21.588064 EDT | [Paper_Final_Averaged_PolyRL/PolyRL_DDPG_Complex_Humanoid/LP_4_Experiment_0] epoch #31 | Populating workers...
2017-05-12 15:31:21.590768 EDT | [Paper_Final_Averaged_PolyRL/PolyRL_DDPG_Complex_Humanoid/LP_4_Experiment_0] epoch #31 | Populated
2017-05-12 15:36:20.207581 EDT | [Paper_Final_Averaged_PolyRL/PolyRL_DDPG_Complex_Humanoid/LP_4_Experiment_0] epoch #31 | Training finished
2017-05-12 15:36:20.209021 EDT | [Paper_Final_Averaged_PolyRL/PolyRL_DDPG_Complex_Humanoid/LP_4_Experiment_0] epoch #31 | Collecting samples for evaluation
2017-05-12 15:37:26.988119 EDT | -----------------------  -----------
2017-05-12 15:37:26.989195 EDT | Epoch                    31
2017-05-12 15:37:26.989594 EDT | AverageReturn             5.83646
2017-05-12 15:37:26.989971 EDT | StdReturn                 5.10348
2017-05-12 15:37:26.990342 EDT | MaxReturn                19.4569
2017-05-12 15:37:26.990713 EDT | MinReturn                -7.47405
2017-05-12 15:37:26.991086 EDT | AverageEsReturn           3.31902
2017-05-12 15:37:26.991495 EDT | StdEsReturn               5.32936
2017-05-12 15:37:26.991867 EDT | MaxEsReturn              16.3652
2017-05-12 15:37:26.992240 EDT | MinEsReturn              -6.08914
2017-05-12 15:37:26.992609 EDT | AverageDiscountedReturn   4.88439
2017-05-12 15:37:26.992980 EDT | AverageQLoss              0.00764947
2017-05-12 15:37:26.993348 EDT | AveragePolicySurr        -0.956081
2017-05-12 15:37:26.993715 EDT | AverageQ                  0.873911
2017-05-12 15:37:26.994086 EDT | AverageAbsQ               0.874895
2017-05-12 15:37:26.994456 EDT | AverageY                  0.874043
2017-05-12 15:37:26.994822 EDT | AverageAbsY               0.875028
2017-05-12 15:37:26.995201 EDT | AverageAbsQYDiff          0.0499171
2017-05-12 15:37:26.995587 EDT | AverageAction             0.949686
2017-05-12 15:37:26.995955 EDT | PolicyRegParamNorm       21.023
2017-05-12 15:37:26.996324 EDT | QFunRegParamNorm         31.0167
2017-05-12 15:37:26.996691 EDT | AverageForwardProgress   -0.0122979
2017-05-12 15:37:26.997057 EDT | MaxForwardProgress        0.0917985
2017-05-12 15:37:26.997425 EDT | MinForwardProgress       -0.113734
2017-05-12 15:37:26.997792 EDT | StdForwardProgress        0.0385021
2017-05-12 15:37:26.998155 EDT | -----------------------  -----------
2017-05-12 15:37:26.998775 EDT | [Paper_Final_Averaged_PolyRL/PolyRL_DDPG_Complex_Humanoid/LP_4_Experiment_0] epoch #32 | Training started
2017-05-12 15:37:27.000987 EDT | [Paper_Final_Averaged_PolyRL/PolyRL_DDPG_Complex_Humanoid/LP_4_Experiment_0] epoch #32 | Populating workers...
2017-05-12 15:37:27.001519 EDT | [Paper_Final_Averaged_PolyRL/PolyRL_DDPG_Complex_Humanoid/LP_4_Experiment_0] epoch #32 | Populated
2017-05-12 15:42:05.476667 EDT | [Paper_Final_Averaged_PolyRL/PolyRL_DDPG_Complex_Humanoid/LP_4_Experiment_0] epoch #32 | Training finished
2017-05-12 15:42:05.481663 EDT | [Paper_Final_Averaged_PolyRL/PolyRL_DDPG_Complex_Humanoid/LP_4_Experiment_0] epoch #32 | Collecting samples for evaluation
2017-05-12 15:42:57.661050 EDT | -----------------------  ------------
2017-05-12 15:42:57.662232 EDT | Epoch                     32
2017-05-12 15:42:57.662612 EDT | AverageReturn              3.34905
2017-05-12 15:42:57.662979 EDT | StdReturn                  7.34618
2017-05-12 15:42:57.663351 EDT | MaxReturn                 23.3595
2017-05-12 15:42:57.663715 EDT | MinReturn                -33.9728
2017-05-12 15:42:57.664295 EDT | AverageEsReturn            6.53553
2017-05-12 15:42:57.665016 EDT | StdEsReturn                5.93676
2017-05-12 15:42:57.671696 EDT | MaxEsReturn               18.6838
2017-05-12 15:42:57.672506 EDT | MinEsReturn               -3.70031
2017-05-12 15:42:57.673247 EDT | AverageDiscountedReturn    3.1364
2017-05-12 15:42:57.673964 EDT | AverageQLoss               0.00930654
2017-05-12 15:42:57.674691 EDT | AveragePolicySurr         -1.05348
2017-05-12 15:42:57.679755 EDT | AverageQ                   0.959136
2017-05-12 15:42:57.680531 EDT | AverageAbsQ                0.959895
2017-05-12 15:42:57.681520 EDT | AverageY                   0.95939
2017-05-12 15:42:57.687581 EDT | AverageAbsY                0.960124
2017-05-12 15:42:57.688588 EDT | AverageAbsQYDiff           0.0542554
2017-05-12 15:42:57.689538 EDT | AverageAction              0.94798
2017-05-12 15:42:57.690469 EDT | PolicyRegParamNorm        21.1459
2017-05-12 15:42:57.695864 EDT | QFunRegParamNorm          31.674
2017-05-12 15:42:57.696775 EDT | AverageForwardProgress    -0.0306786
2017-05-12 15:42:57.697586 EDT | MaxForwardProgress         0.117995
2017-05-12 15:42:57.703781 EDT | MinForwardProgress        -0.34799
2017-05-12 15:42:57.704769 EDT | StdForwardProgress         0.0587057
2017-05-12 15:42:57.705558 EDT | -----------------------  ------------
2017-05-12 15:42:57.706564 EDT | [Paper_Final_Averaged_PolyRL/PolyRL_DDPG_Complex_Humanoid/LP_4_Experiment_0] epoch #33 | Training started
2017-05-12 15:42:57.713918 EDT | [Paper_Final_Averaged_PolyRL/PolyRL_DDPG_Complex_Humanoid/LP_4_Experiment_0] epoch #33 | Populating workers...
2017-05-12 15:42:57.727709 EDT | [Paper_Final_Averaged_PolyRL/PolyRL_DDPG_Complex_Humanoid/LP_4_Experiment_0] epoch #33 | Populated
2017-05-12 15:46:14.518575 EDT | [Paper_Final_Averaged_PolyRL/PolyRL_DDPG_Complex_Humanoid/LP_4_Experiment_0] epoch #33 | Training finished
2017-05-12 15:46:14.519423 EDT | [Paper_Final_Averaged_PolyRL/PolyRL_DDPG_Complex_Humanoid/LP_4_Experiment_0] epoch #33 | Collecting samples for evaluation
2017-05-12 15:47:08.156182 EDT | -----------------------  ----------
2017-05-12 15:47:08.158096 EDT | Epoch                    33
2017-05-12 15:47:08.158650 EDT | AverageReturn            11.2355
2017-05-12 15:47:08.159180 EDT | StdReturn                 3.73731
2017-05-12 15:47:08.159941 EDT | MaxReturn                20.126
2017-05-12 15:47:08.160495 EDT | MinReturn                 1.02641
2017-05-12 15:47:08.161057 EDT | AverageEsReturn           8.5931
2017-05-12 15:47:08.161612 EDT | StdEsReturn               5.57581
2017-05-12 15:47:08.162175 EDT | MaxEsReturn              17.2213
2017-05-12 15:47:08.162726 EDT | MinEsReturn              -4.36112
2017-05-12 15:47:08.163287 EDT | AverageDiscountedReturn   8.97968
2017-05-12 15:47:08.163855 EDT | AverageQLoss              0.0109676
2017-05-12 15:47:08.164767 EDT | AveragePolicySurr        -1.13121
2017-05-12 15:47:08.165843 EDT | AverageQ                  1.0293
2017-05-12 15:47:08.166919 EDT | AverageAbsQ               1.03004
2017-05-12 15:47:08.167937 EDT | AverageY                  1.02952
2017-05-12 15:47:08.168857 EDT | AverageAbsY               1.03017
2017-05-12 15:47:08.169734 EDT | AverageAbsQYDiff          0.0576387
2017-05-12 15:47:08.170654 EDT | AverageAction             0.952585
2017-05-12 15:47:08.171595 EDT | PolicyRegParamNorm       21.2923
2017-05-12 15:47:08.172588 EDT | QFunRegParamNorm         32.363
2017-05-12 15:47:08.173579 EDT | AverageForwardProgress    0.0250851
2017-05-12 15:47:08.174572 EDT | MaxForwardProgress        0.0954074
2017-05-12 15:47:08.175569 EDT | MinForwardProgress       -0.0521641
2017-05-12 15:47:08.176572 EDT | StdForwardProgress        0.0280475
2017-05-12 15:47:08.177572 EDT | -----------------------  ----------
2017-05-12 15:47:08.178837 EDT | [Paper_Final_Averaged_PolyRL/PolyRL_DDPG_Complex_Humanoid/LP_4_Experiment_0] epoch #34 | Training started
2017-05-12 15:47:08.181653 EDT | [Paper_Final_Averaged_PolyRL/PolyRL_DDPG_Complex_Humanoid/LP_4_Experiment_0] epoch #34 | Populating workers...
2017-05-12 15:47:08.259456 EDT | [Paper_Final_Averaged_PolyRL/PolyRL_DDPG_Complex_Humanoid/LP_4_Experiment_0] epoch #34 | Populated
2017-05-12 15:50:51.531900 EDT | [Paper_Final_Averaged_PolyRL/PolyRL_DDPG_Complex_Humanoid/LP_4_Experiment_0] epoch #34 | Training finished
2017-05-12 15:50:51.543608 EDT | [Paper_Final_Averaged_PolyRL/PolyRL_DDPG_Complex_Humanoid/LP_4_Experiment_0] epoch #34 | Collecting samples for evaluation
2017-05-12 15:51:50.801537 EDT | -----------------------  ----------
2017-05-12 15:51:50.816005 EDT | Epoch                    34
2017-05-12 15:51:50.817604 EDT | AverageReturn            36.3548
2017-05-12 15:51:50.819149 EDT | StdReturn                17.95
2017-05-12 15:51:50.820542 EDT | MaxReturn                98.6674
2017-05-12 15:51:50.821949 EDT | MinReturn                10.1129
2017-05-12 15:51:50.823324 EDT | AverageEsReturn          15.2337
2017-05-12 15:51:50.824749 EDT | StdEsReturn               9.80783
2017-05-12 15:51:50.826141 EDT | MaxEsReturn              37.8302
2017-05-12 15:51:50.827533 EDT | MinEsReturn               0.876459
2017-05-12 15:51:50.828916 EDT | AverageDiscountedReturn  22.2257
2017-05-12 15:51:50.830290 EDT | AverageQLoss              0.0141491
2017-05-12 15:51:50.831689 EDT | AveragePolicySurr        -1.22215
2017-05-12 15:51:50.833094 EDT | AverageQ                  1.12445
2017-05-12 15:51:50.834455 EDT | AverageAbsQ               1.12502
2017-05-12 15:51:50.835847 EDT | AverageY                  1.12471
2017-05-12 15:51:50.837231 EDT | AverageAbsY               1.1251
2017-05-12 15:51:50.838613 EDT | AverageAbsQYDiff          0.0639196
2017-05-12 15:51:50.839997 EDT | AverageAction             0.947964
2017-05-12 15:51:50.841391 EDT | PolicyRegParamNorm       21.4411
2017-05-12 15:51:50.842773 EDT | QFunRegParamNorm         33.0142
2017-05-12 15:51:50.844163 EDT | AverageForwardProgress    0.172964
2017-05-12 15:51:50.845539 EDT | MaxForwardProgress        0.588
2017-05-12 15:51:50.846924 EDT | MinForwardProgress       -0.0901113
2017-05-12 15:51:50.848310 EDT | StdForwardProgress        0.120225
2017-05-12 15:51:50.849705 EDT | -----------------------  ----------
2017-05-12 15:51:50.851292 EDT | [Paper_Final_Averaged_PolyRL/PolyRL_DDPG_Complex_Humanoid/LP_4_Experiment_0] epoch #35 | Training started
2017-05-12 15:51:50.854837 EDT | [Paper_Final_Averaged_PolyRL/PolyRL_DDPG_Complex_Humanoid/LP_4_Experiment_0] epoch #35 | Populating workers...
2017-05-12 15:51:50.859091 EDT | [Paper_Final_Averaged_PolyRL/PolyRL_DDPG_Complex_Humanoid/LP_4_Experiment_0] epoch #35 | Populated
2017-05-12 15:55:38.828047 EDT | [Paper_Final_Averaged_PolyRL/PolyRL_DDPG_Complex_Humanoid/LP_4_Experiment_0] epoch #35 | Training finished
2017-05-12 15:55:38.829176 EDT | [Paper_Final_Averaged_PolyRL/PolyRL_DDPG_Complex_Humanoid/LP_4_Experiment_0] epoch #35 | Collecting samples for evaluation
2017-05-12 15:56:40.834192 EDT | -----------------------  -----------
2017-05-12 15:56:40.835284 EDT | Epoch                     35
2017-05-12 15:56:40.835669 EDT | AverageReturn             -2.03209
2017-05-12 15:56:40.836013 EDT | StdReturn                  9.90984
2017-05-12 15:56:40.836367 EDT | MaxReturn                 16.3491
2017-05-12 15:56:40.836709 EDT | MinReturn                -75.3354
2017-05-12 15:56:40.837046 EDT | AverageEsReturn           15.6155
2017-05-12 15:56:40.837477 EDT | StdEsReturn               18.8489
2017-05-12 15:56:40.837947 EDT | MaxEsReturn               42.6991
2017-05-12 15:56:40.838414 EDT | MinEsReturn              -30.8365
2017-05-12 15:56:40.838885 EDT | AverageDiscountedReturn   -0.119432
2017-05-12 15:56:40.839366 EDT | AverageQLoss               0.0146375
2017-05-12 15:56:40.839836 EDT | AveragePolicySurr         -1.2448
2017-05-12 15:56:40.840305 EDT | AverageQ                   1.17809
2017-05-12 15:56:40.840773 EDT | AverageAbsQ                1.17859
2017-05-12 15:56:40.841239 EDT | AverageY                   1.17842
2017-05-12 15:56:40.841704 EDT | AverageAbsY                1.17871
2017-05-12 15:56:40.842171 EDT | AverageAbsQYDiff           0.067008
2017-05-12 15:56:40.842636 EDT | AverageAction              0.954131
2017-05-12 15:56:40.843104 EDT | PolicyRegParamNorm        21.5542
2017-05-12 15:56:40.843549 EDT | QFunRegParamNorm          33.6716
2017-05-12 15:56:40.843891 EDT | AverageForwardProgress    -0.09593
2017-05-12 15:56:40.844227 EDT | MaxForwardProgress         0.054958
2017-05-12 15:56:40.844569 EDT | MinForwardProgress        -0.752888
2017-05-12 15:56:40.844904 EDT | StdForwardProgress         0.0862604
2017-05-12 15:56:40.845279 EDT | -----------------------  -----------
2017-05-12 15:56:40.845969 EDT | [Paper_Final_Averaged_PolyRL/PolyRL_DDPG_Complex_Humanoid/LP_4_Experiment_0] epoch #36 | Training started
2017-05-12 15:56:40.847288 EDT | [Paper_Final_Averaged_PolyRL/PolyRL_DDPG_Complex_Humanoid/LP_4_Experiment_0] epoch #36 | Populating workers...
2017-05-12 15:56:40.847788 EDT | [Paper_Final_Averaged_PolyRL/PolyRL_DDPG_Complex_Humanoid/LP_4_Experiment_0] epoch #36 | Populated
2017-05-12 16:01:07.400594 EDT | [Paper_Final_Averaged_PolyRL/PolyRL_DDPG_Complex_Humanoid/LP_4_Experiment_0] epoch #36 | Training finished
2017-05-12 16:01:07.401803 EDT | [Paper_Final_Averaged_PolyRL/PolyRL_DDPG_Complex_Humanoid/LP_4_Experiment_0] epoch #36 | Collecting samples for evaluation
2017-05-12 16:02:02.580849 EDT | -----------------------  -----------
2017-05-12 16:02:02.581905 EDT | Epoch                     36
2017-05-12 16:02:02.582336 EDT | AverageReturn             -7.53692
2017-05-12 16:02:02.582758 EDT | StdReturn                  8.01786
2017-05-12 16:02:02.583175 EDT | MaxReturn                  6.37607
2017-05-12 16:02:02.583578 EDT | MinReturn                -40.6711
2017-05-12 16:02:02.583917 EDT | AverageEsReturn           -2.98581
2017-05-12 16:02:02.584319 EDT | StdEsReturn                7.29208
2017-05-12 16:02:02.584752 EDT | MaxEsReturn                5.87821
2017-05-12 16:02:02.585184 EDT | MinEsReturn              -26.7655
2017-05-12 16:02:02.585598 EDT | AverageDiscountedReturn   -3.74429
2017-05-12 16:02:02.586034 EDT | AverageQLoss               0.0160959
2017-05-12 16:02:02.586472 EDT | AveragePolicySurr         -1.30057
2017-05-12 16:02:02.586879 EDT | AverageQ                   1.22189
2017-05-12 16:02:02.587319 EDT | AverageAbsQ                1.22246
2017-05-12 16:02:02.591443 EDT | AverageY                   1.22225
2017-05-12 16:02:02.591891 EDT | AverageAbsY                1.22264
2017-05-12 16:02:02.592316 EDT | AverageAbsQYDiff           0.0689456
2017-05-12 16:02:02.592757 EDT | AverageAction              0.964867
2017-05-12 16:02:02.593191 EDT | PolicyRegParamNorm        21.7143
2017-05-12 16:02:02.593608 EDT | QFunRegParamNorm          34.2811
2017-05-12 16:02:02.594044 EDT | AverageForwardProgress    -0.137112
2017-05-12 16:02:02.594474 EDT | MaxForwardProgress        -0.0266617
2017-05-12 16:02:02.594912 EDT | MinForwardProgress        -0.480145
2017-05-12 16:02:02.595363 EDT | StdForwardProgress         0.0784704
2017-05-12 16:02:02.595775 EDT | -----------------------  -----------
2017-05-12 16:02:02.596410 EDT | [Paper_Final_Averaged_PolyRL/PolyRL_DDPG_Complex_Humanoid/LP_4_Experiment_0] epoch #37 | Training started
2017-05-12 16:02:02.597502 EDT | [Paper_Final_Averaged_PolyRL/PolyRL_DDPG_Complex_Humanoid/LP_4_Experiment_0] epoch #37 | Populating workers...
2017-05-12 16:02:02.597970 EDT | [Paper_Final_Averaged_PolyRL/PolyRL_DDPG_Complex_Humanoid/LP_4_Experiment_0] epoch #37 | Populated
2017-05-12 16:06:23.547321 EDT | [Paper_Final_Averaged_PolyRL/PolyRL_DDPG_Complex_Humanoid/LP_4_Experiment_0] epoch #37 | Training finished
2017-05-12 16:06:23.563448 EDT | [Paper_Final_Averaged_PolyRL/PolyRL_DDPG_Complex_Humanoid/LP_4_Experiment_0] epoch #37 | Collecting samples for evaluation
2017-05-12 16:07:29.218175 EDT | -----------------------  -----------
2017-05-12 16:07:29.231462 EDT | Epoch                     37
2017-05-12 16:07:29.231971 EDT | AverageReturn             -6.42365
2017-05-12 16:07:29.232407 EDT | StdReturn                  5.77231
2017-05-12 16:07:29.232836 EDT | MaxReturn                  4.35898
2017-05-12 16:07:29.233258 EDT | MinReturn                -25.6464
2017-05-12 16:07:29.233684 EDT | AverageEsReturn           -9.68786
2017-05-12 16:07:29.234104 EDT | StdEsReturn                7.4019
2017-05-12 16:07:29.234529 EDT | MaxEsReturn                0.0309133
2017-05-12 16:07:29.234955 EDT | MinEsReturn              -29.9989
2017-05-12 16:07:29.243469 EDT | AverageDiscountedReturn   -3.15554
2017-05-12 16:07:29.243839 EDT | AverageQLoss               0.0167065
2017-05-12 16:07:29.244174 EDT | AveragePolicySurr         -1.35907
2017-05-12 16:07:29.244598 EDT | AverageQ                   1.27517
2017-05-12 16:07:29.245022 EDT | AverageAbsQ                1.27572
2017-05-12 16:07:29.245444 EDT | AverageY                   1.27555
2017-05-12 16:07:29.245866 EDT | AverageAbsY                1.27598
2017-05-12 16:07:29.246290 EDT | AverageAbsQYDiff           0.0711711
2017-05-12 16:07:29.246714 EDT | AverageAction              0.972488
2017-05-12 16:07:29.247136 EDT | PolicyRegParamNorm        21.8381
2017-05-12 16:07:29.247549 EDT | QFunRegParamNorm          34.8415
2017-05-12 16:07:29.247878 EDT | AverageForwardProgress    -0.127048
2017-05-12 16:07:29.248206 EDT | MaxForwardProgress        -0.0404286
2017-05-12 16:07:29.248627 EDT | MinForwardProgress        -0.323364
2017-05-12 16:07:29.249044 EDT | StdForwardProgress         0.053367
2017-05-12 16:07:29.249463 EDT | -----------------------  -----------
2017-05-12 16:07:29.250120 EDT | [Paper_Final_Averaged_PolyRL/PolyRL_DDPG_Complex_Humanoid/LP_4_Experiment_0] epoch #38 | Training started
2017-05-12 16:07:29.251219 EDT | [Paper_Final_Averaged_PolyRL/PolyRL_DDPG_Complex_Humanoid/LP_4_Experiment_0] epoch #38 | Populating workers...
2017-05-12 16:07:29.251609 EDT | [Paper_Final_Averaged_PolyRL/PolyRL_DDPG_Complex_Humanoid/LP_4_Experiment_0] epoch #38 | Populated
2017-05-12 16:12:51.319718 EDT | [Paper_Final_Averaged_PolyRL/PolyRL_DDPG_Complex_Humanoid/LP_4_Experiment_0] epoch #38 | Training finished
2017-05-12 16:12:51.327425 EDT | [Paper_Final_Averaged_PolyRL/PolyRL_DDPG_Complex_Humanoid/LP_4_Experiment_0] epoch #38 | Collecting samples for evaluation
2017-05-12 16:14:04.874502 EDT | -----------------------  ----------
2017-05-12 16:14:04.875601 EDT | Epoch                    38
2017-05-12 16:14:04.876074 EDT | AverageReturn             1.08971
2017-05-12 16:14:04.876535 EDT | StdReturn                 3.59924
2017-05-12 16:14:04.877006 EDT | MaxReturn                12.0792
2017-05-12 16:14:04.877466 EDT | MinReturn                -8.44829
2017-05-12 16:14:04.877922 EDT | AverageEsReturn          -1.82547
2017-05-12 16:14:04.878378 EDT | StdEsReturn               5.41936
2017-05-12 16:14:04.878834 EDT | MaxEsReturn              17.7795
2017-05-12 16:14:04.879289 EDT | MinEsReturn              -7.24115
2017-05-12 16:14:04.879775 EDT | AverageDiscountedReturn   1.60741
2017-05-12 16:14:04.880229 EDT | AverageQLoss              0.0166047
2017-05-12 16:14:04.880685 EDT | AveragePolicySurr        -1.42701
2017-05-12 16:14:04.881138 EDT | AverageQ                  1.34536
2017-05-12 16:14:04.881588 EDT | AverageAbsQ               1.34654
2017-05-12 16:14:04.882042 EDT | AverageY                  1.3457
2017-05-12 16:14:04.882495 EDT | AverageAbsY               1.34665
2017-05-12 16:14:04.882944 EDT | AverageAbsQYDiff          0.072684
2017-05-12 16:14:04.883424 EDT | AverageAction             0.977205
2017-05-12 16:14:04.883881 EDT | PolicyRegParamNorm       21.9805
2017-05-12 16:14:04.884335 EDT | QFunRegParamNorm         35.3599
2017-05-12 16:14:04.884789 EDT | AverageForwardProgress   -0.052921
2017-05-12 16:14:04.885241 EDT | MaxForwardProgress        0.0299608
2017-05-12 16:14:04.885694 EDT | MinForwardProgress       -0.144196
2017-05-12 16:14:04.886148 EDT | StdForwardProgress        0.0298232
2017-05-12 16:14:04.886602 EDT | -----------------------  ----------
2017-05-12 16:14:04.887309 EDT | [Paper_Final_Averaged_PolyRL/PolyRL_DDPG_Complex_Humanoid/LP_4_Experiment_0] epoch #39 | Training started
2017-05-12 16:14:04.888535 EDT | [Paper_Final_Averaged_PolyRL/PolyRL_DDPG_Complex_Humanoid/LP_4_Experiment_0] epoch #39 | Populating workers...
2017-05-12 16:14:04.889008 EDT | [Paper_Final_Averaged_PolyRL/PolyRL_DDPG_Complex_Humanoid/LP_4_Experiment_0] epoch #39 | Populated
2017-05-12 16:19:50.245561 EDT | [Paper_Final_Averaged_PolyRL/PolyRL_DDPG_Complex_Humanoid/LP_4_Experiment_0] epoch #39 | Training finished
2017-05-12 16:19:50.250074 EDT | [Paper_Final_Averaged_PolyRL/PolyRL_DDPG_Complex_Humanoid/LP_4_Experiment_0] epoch #39 | Collecting samples for evaluation
2017-05-12 16:21:22.577289 EDT | -----------------------  -----------
2017-05-12 16:21:22.588641 EDT | Epoch                     39
2017-05-12 16:21:22.589164 EDT | AverageReturn             -0.154804
2017-05-12 16:21:22.589630 EDT | StdReturn                  4.49188
2017-05-12 16:21:22.590098 EDT | MaxReturn                 10.5322
2017-05-12 16:21:22.590563 EDT | MinReturn                -15.9486
2017-05-12 16:21:22.591024 EDT | AverageEsReturn            2.8049
2017-05-12 16:21:22.591491 EDT | StdEsReturn                3.46651
2017-05-12 16:21:22.591951 EDT | MaxEsReturn                8.72217
2017-05-12 16:21:22.592405 EDT | MinEsReturn               -3.13785
2017-05-12 16:21:22.592859 EDT | AverageDiscountedReturn    0.765891
2017-05-12 16:21:22.593311 EDT | AverageQLoss               0.0161211
2017-05-12 16:21:22.593766 EDT | AveragePolicySurr         -1.50079
2017-05-12 16:21:22.594223 EDT | AverageQ                   1.40962
2017-05-12 16:21:22.594678 EDT | AverageAbsQ                1.41139
2017-05-12 16:21:22.595133 EDT | AverageY                   1.41011
2017-05-12 16:21:22.616148 EDT | AverageAbsY                1.41154
2017-05-12 16:21:22.616624 EDT | AverageAbsQYDiff           0.0748784
2017-05-12 16:21:22.617088 EDT | AverageAction              0.971843
2017-05-12 16:21:22.617549 EDT | PolicyRegParamNorm        22.1271
2017-05-12 16:21:22.618010 EDT | QFunRegParamNorm          35.9071
2017-05-12 16:21:22.618470 EDT | AverageForwardProgress    -0.0649583
2017-05-12 16:21:22.618928 EDT | MaxForwardProgress         0.0229392
2017-05-12 16:21:22.619394 EDT | MinForwardProgress        -0.196106
2017-05-12 16:21:22.619853 EDT | StdForwardProgress         0.0360959
2017-05-12 16:21:22.620305 EDT | -----------------------  -----------
2017-05-12 16:21:22.621005 EDT | [Paper_Final_Averaged_PolyRL/PolyRL_DDPG_Complex_Humanoid/LP_4_Experiment_0] epoch #40 | Training started
2017-05-12 16:21:22.622061 EDT | [Paper_Final_Averaged_PolyRL/PolyRL_DDPG_Complex_Humanoid/LP_4_Experiment_0] epoch #40 | Populating workers...
2017-05-12 16:21:22.622534 EDT | [Paper_Final_Averaged_PolyRL/PolyRL_DDPG_Complex_Humanoid/LP_4_Experiment_0] epoch #40 | Populated
2017-05-12 16:26:45.291733 EDT | [Paper_Final_Averaged_PolyRL/PolyRL_DDPG_Complex_Humanoid/LP_4_Experiment_0] epoch #40 | Training finished
2017-05-12 16:26:45.319463 EDT | [Paper_Final_Averaged_PolyRL/PolyRL_DDPG_Complex_Humanoid/LP_4_Experiment_0] epoch #40 | Collecting samples for evaluation
2017-05-12 16:28:13.074216 EDT | -----------------------  ----------
2017-05-12 16:28:13.076141 EDT | Epoch                    40
2017-05-12 16:28:13.076495 EDT | AverageReturn             1.32345
2017-05-12 16:28:13.076829 EDT | StdReturn                 3.87949
2017-05-12 16:28:13.077158 EDT | MaxReturn                12.4172
2017-05-12 16:28:13.077517 EDT | MinReturn                -9.57533
2017-05-12 16:28:13.077976 EDT | AverageEsReturn           1.50124
2017-05-12 16:28:13.078434 EDT | StdEsReturn               3.65805
2017-05-12 16:28:13.078893 EDT | MaxEsReturn               7.81378
2017-05-12 16:28:13.079358 EDT | MinEsReturn              -4.99974
2017-05-12 16:28:13.079711 EDT | AverageDiscountedReturn   1.85752
2017-05-12 16:28:13.080054 EDT | AverageQLoss              0.0178049
2017-05-12 16:28:13.080394 EDT | AveragePolicySurr        -1.56824
2017-05-12 16:28:13.080732 EDT | AverageQ                  1.46914
2017-05-12 16:28:13.081069 EDT | AverageAbsQ               1.47135
2017-05-12 16:28:13.081407 EDT | AverageY                  1.46958
2017-05-12 16:28:13.081744 EDT | AverageAbsY               1.47162
2017-05-12 16:28:13.082081 EDT | AverageAbsQYDiff          0.0788788
2017-05-12 16:28:13.082420 EDT | AverageAction             0.967658
2017-05-12 16:28:13.082758 EDT | PolicyRegParamNorm       22.2604
2017-05-12 16:28:13.083095 EDT | QFunRegParamNorm         36.475
2017-05-12 16:28:13.083449 EDT | AverageForwardProgress   -0.0505737
2017-05-12 16:28:13.083789 EDT | MaxForwardProgress        0.0406852
2017-05-12 16:28:13.084128 EDT | MinForwardProgress       -0.130212
2017-05-12 16:28:13.084588 EDT | StdForwardProgress        0.0309574
2017-05-12 16:28:13.084929 EDT | -----------------------  ----------
2017-05-12 16:28:13.085455 EDT | [Paper_Final_Averaged_PolyRL/PolyRL_DDPG_Complex_Humanoid/LP_4_Experiment_0] epoch #41 | Training started
2017-05-12 16:28:13.087195 EDT | [Paper_Final_Averaged_PolyRL/PolyRL_DDPG_Complex_Humanoid/LP_4_Experiment_0] epoch #41 | Populating workers...
2017-05-12 16:28:13.087598 EDT | [Paper_Final_Averaged_PolyRL/PolyRL_DDPG_Complex_Humanoid/LP_4_Experiment_0] epoch #41 | Populated
2017-05-12 16:33:21.070052 EDT | [Paper_Final_Averaged_PolyRL/PolyRL_DDPG_Complex_Humanoid/LP_4_Experiment_0] epoch #41 | Training finished
2017-05-12 16:33:21.071258 EDT | [Paper_Final_Averaged_PolyRL/PolyRL_DDPG_Complex_Humanoid/LP_4_Experiment_0] epoch #41 | Collecting samples for evaluation
2017-05-12 16:34:35.762754 EDT | -----------------------  ----------
2017-05-12 16:34:35.771922 EDT | Epoch                    41
2017-05-12 16:34:35.772445 EDT | AverageReturn             1.54183
2017-05-12 16:34:35.772918 EDT | StdReturn                 3.605
2017-05-12 16:34:35.773380 EDT | MaxReturn                12.9386
2017-05-12 16:34:35.773845 EDT | MinReturn                -7.78708
2017-05-12 16:34:35.774307 EDT | AverageEsReturn           2.06602
2017-05-12 16:34:35.774772 EDT | StdEsReturn               3.44546
2017-05-12 16:34:35.775233 EDT | MaxEsReturn               8.91691
2017-05-12 16:34:35.783820 EDT | MinEsReturn              -3.42628
2017-05-12 16:34:35.784303 EDT | AverageDiscountedReturn   1.93176
2017-05-12 16:34:35.784778 EDT | AverageQLoss              0.0217233
2017-05-12 16:34:35.785251 EDT | AveragePolicySurr        -1.633
2017-05-12 16:34:35.785722 EDT | AverageQ                  1.52028
2017-05-12 16:34:35.786193 EDT | AverageAbsQ               1.52326
2017-05-12 16:34:35.786675 EDT | AverageY                  1.52092
2017-05-12 16:34:35.787144 EDT | AverageAbsY               1.52369
2017-05-12 16:34:35.795700 EDT | AverageAbsQYDiff          0.0841759
2017-05-12 16:34:35.796174 EDT | AverageAction             0.971892
2017-05-12 16:34:35.796638 EDT | PolicyRegParamNorm       22.3851
2017-05-12 16:34:35.797099 EDT | QFunRegParamNorm         37.0087
2017-05-12 16:34:35.797559 EDT | AverageForwardProgress   -0.0475651
2017-05-12 16:34:35.798018 EDT | MaxForwardProgress        0.0377679
2017-05-12 16:34:35.798477 EDT | MinForwardProgress       -0.125014
2017-05-12 16:34:35.798935 EDT | StdForwardProgress        0.0293529
2017-05-12 16:34:35.807439 EDT | -----------------------  ----------
2017-05-12 16:34:35.811675 EDT | [Paper_Final_Averaged_PolyRL/PolyRL_DDPG_Complex_Humanoid/LP_4_Experiment_0] epoch #42 | Training started
2017-05-12 16:34:35.813433 EDT | [Paper_Final_Averaged_PolyRL/PolyRL_DDPG_Complex_Humanoid/LP_4_Experiment_0] epoch #42 | Populating workers...
2017-05-12 16:34:35.813920 EDT | [Paper_Final_Averaged_PolyRL/PolyRL_DDPG_Complex_Humanoid/LP_4_Experiment_0] epoch #42 | Populated
2017-05-12 16:39:35.598145 EDT | [Paper_Final_Averaged_PolyRL/PolyRL_DDPG_Complex_Humanoid/LP_4_Experiment_0] epoch #42 | Training finished
2017-05-12 16:39:35.602313 EDT | [Paper_Final_Averaged_PolyRL/PolyRL_DDPG_Complex_Humanoid/LP_4_Experiment_0] epoch #42 | Collecting samples for evaluation
2017-05-12 16:40:57.878050 EDT | -----------------------  -----------
2017-05-12 16:40:57.887436 EDT | Epoch                     42
2017-05-12 16:40:57.887981 EDT | AverageReturn              0.454482
2017-05-12 16:40:57.888410 EDT | StdReturn                  8.72578
2017-05-12 16:40:57.895574 EDT | MaxReturn                 16.0185
2017-05-12 16:40:57.896162 EDT | MinReturn                -31.8886
2017-05-12 16:40:57.896705 EDT | AverageEsReturn            2.85807
2017-05-12 16:40:57.897218 EDT | StdEsReturn                6.28995
2017-05-12 16:40:57.897684 EDT | MaxEsReturn               27.9774
2017-05-12 16:40:57.898151 EDT | MinEsReturn               -5.73087
2017-05-12 16:40:57.898615 EDT | AverageDiscountedReturn    1.67437
2017-05-12 16:40:57.899083 EDT | AverageQLoss               0.0209585
2017-05-12 16:40:57.899583 EDT | AveragePolicySurr         -1.71794
2017-05-12 16:40:57.903582 EDT | AverageQ                   1.60557
2017-05-12 16:40:57.904184 EDT | AverageAbsQ                1.60934
2017-05-12 16:40:57.904693 EDT | AverageY                   1.60603
2017-05-12 16:40:57.905216 EDT | AverageAbsY                1.60953
2017-05-12 16:40:57.905753 EDT | AverageAbsQYDiff           0.085871
2017-05-12 16:40:57.911532 EDT | AverageAction              0.963467
2017-05-12 16:40:57.912132 EDT | PolicyRegParamNorm        22.5064
2017-05-12 16:40:57.912666 EDT | QFunRegParamNorm          37.5919
2017-05-12 16:40:57.913199 EDT | AverageForwardProgress    -0.06917
2017-05-12 16:40:57.913741 EDT | MaxForwardProgress         0.0606561
2017-05-12 16:40:57.914265 EDT | MinForwardProgress        -0.399623
2017-05-12 16:40:57.919581 EDT | StdForwardProgress         0.0825056
2017-05-12 16:40:57.920166 EDT | -----------------------  -----------
2017-05-12 16:40:57.920861 EDT | [Paper_Final_Averaged_PolyRL/PolyRL_DDPG_Complex_Humanoid/LP_4_Experiment_0] epoch #43 | Training started
2017-05-12 16:40:57.922729 EDT | [Paper_Final_Averaged_PolyRL/PolyRL_DDPG_Complex_Humanoid/LP_4_Experiment_0] epoch #43 | Populating workers...
2017-05-12 16:40:57.927661 EDT | [Paper_Final_Averaged_PolyRL/PolyRL_DDPG_Complex_Humanoid/LP_4_Experiment_0] epoch #43 | Populated
2017-05-12 16:45:55.244138 EDT | [Paper_Final_Averaged_PolyRL/PolyRL_DDPG_Complex_Humanoid/LP_4_Experiment_0] epoch #43 | Training finished
2017-05-12 16:45:55.245141 EDT | [Paper_Final_Averaged_PolyRL/PolyRL_DDPG_Complex_Humanoid/LP_4_Experiment_0] epoch #43 | Collecting samples for evaluation
2017-05-12 16:47:19.733170 EDT | -----------------------  -----------
2017-05-12 16:47:19.734117 EDT | Epoch                     43
2017-05-12 16:47:19.734474 EDT | AverageReturn              2.06328
2017-05-12 16:47:19.734830 EDT | StdReturn                  5.23401
2017-05-12 16:47:19.735176 EDT | MaxReturn                 12.3995
2017-05-12 16:47:19.735534 EDT | MinReturn                -41.2228
2017-05-12 16:47:19.735855 EDT | AverageEsReturn            2.65884
2017-05-12 16:47:19.736176 EDT | StdEsReturn                8.36613
2017-05-12 16:47:19.736496 EDT | MaxEsReturn               19.3177
2017-05-12 16:47:19.736813 EDT | MinEsReturn              -28.4034
2017-05-12 16:47:19.737129 EDT | AverageDiscountedReturn    2.30705
2017-05-12 16:47:19.737447 EDT | AverageQLoss               0.0220648
2017-05-12 16:47:19.737765 EDT | AveragePolicySurr         -1.80043
2017-05-12 16:47:19.738084 EDT | AverageQ                   1.68551
2017-05-12 16:47:19.738401 EDT | AverageAbsQ                1.68983
2017-05-12 16:47:19.738720 EDT | AverageY                   1.68619
2017-05-12 16:47:19.739040 EDT | AverageAbsY                1.69031
2017-05-12 16:47:19.739368 EDT | AverageAbsQYDiff           0.0897644
2017-05-12 16:47:19.739690 EDT | AverageAction              0.959522
2017-05-12 16:47:19.740008 EDT | PolicyRegParamNorm        22.6251
2017-05-12 16:47:19.740326 EDT | QFunRegParamNorm          38.1397
2017-05-12 16:47:19.740643 EDT | AverageForwardProgress    -0.0468705
2017-05-12 16:47:19.740961 EDT | MaxForwardProgress         0.0312284
2017-05-12 16:47:19.741280 EDT | MinForwardProgress        -0.441167
2017-05-12 16:47:19.741610 EDT | StdForwardProgress         0.0451235
2017-05-12 16:47:19.741950 EDT | -----------------------  -----------
2017-05-12 16:47:19.742507 EDT | [Paper_Final_Averaged_PolyRL/PolyRL_DDPG_Complex_Humanoid/LP_4_Experiment_0] epoch #44 | Training started
2017-05-12 16:47:19.743802 EDT | [Paper_Final_Averaged_PolyRL/PolyRL_DDPG_Complex_Humanoid/LP_4_Experiment_0] epoch #44 | Populating workers...
2017-05-12 16:47:19.744171 EDT | [Paper_Final_Averaged_PolyRL/PolyRL_DDPG_Complex_Humanoid/LP_4_Experiment_0] epoch #44 | Populated
