2017-05-11 18:50:16.808160 EDT | [Averaged_PolyRL/PolyRL_DDPG_Complex_Humanoid/Final_Run_Large_LP_50] Populating workers...
2017-05-11 18:50:16.808882 EDT | [Averaged_PolyRL/PolyRL_DDPG_Complex_Humanoid/Final_Run_Large_LP_50] Populated
2017-05-11 18:50:22.864168 EDT | [Averaged_PolyRL/PolyRL_DDPG_Complex_Humanoid/Final_Run_Large_LP_50] epoch #0 | Training started
2017-05-11 18:50:22.866608 EDT | [Averaged_PolyRL/PolyRL_DDPG_Complex_Humanoid/Final_Run_Large_LP_50] epoch #0 | Populating workers...
2017-05-11 18:50:22.867313 EDT | [Averaged_PolyRL/PolyRL_DDPG_Complex_Humanoid/Final_Run_Large_LP_50] epoch #0 | Populated
2017-05-11 18:54:15.294841 EDT | [Averaged_PolyRL/PolyRL_DDPG_Complex_Humanoid/Final_Run_Large_LP_50] epoch #0 | Training finished
2017-05-11 18:54:15.296173 EDT | [Averaged_PolyRL/PolyRL_DDPG_Complex_Humanoid/Final_Run_Large_LP_50] epoch #1 | Training started
2017-05-11 18:54:15.299687 EDT | [Averaged_PolyRL/PolyRL_DDPG_Complex_Humanoid/Final_Run_Large_LP_50] epoch #1 | Populating workers...
2017-05-11 18:54:15.300171 EDT | [Averaged_PolyRL/PolyRL_DDPG_Complex_Humanoid/Final_Run_Large_LP_50] epoch #1 | Populated
2017-05-11 18:56:37.475841 EDT | [Averaged_PolyRL/PolyRL_DDPG_Complex_Humanoid/Final_Run_Large_LP_50] epoch #1 | Training finished
2017-05-11 18:56:37.841966 EDT | [Averaged_PolyRL/PolyRL_DDPG_Complex_Humanoid/Final_Run_Large_LP_50] epoch #2 | Training started
2017-05-11 18:56:37.844191 EDT | [Averaged_PolyRL/PolyRL_DDPG_Complex_Humanoid/Final_Run_Large_LP_50] epoch #2 | Populating workers...
2017-05-11 18:56:37.844503 EDT | [Averaged_PolyRL/PolyRL_DDPG_Complex_Humanoid/Final_Run_Large_LP_50] epoch #2 | Populated
2017-05-11 18:58:42.835474 EDT | [Averaged_PolyRL/PolyRL_DDPG_Complex_Humanoid/Final_Run_Large_LP_50] epoch #2 | Training finished
2017-05-11 18:58:42.836559 EDT | [Averaged_PolyRL/PolyRL_DDPG_Complex_Humanoid/Final_Run_Large_LP_50] epoch #3 | Training started
2017-05-11 18:58:42.838637 EDT | [Averaged_PolyRL/PolyRL_DDPG_Complex_Humanoid/Final_Run_Large_LP_50] epoch #3 | Populating workers...
2017-05-11 18:58:42.838965 EDT | [Averaged_PolyRL/PolyRL_DDPG_Complex_Humanoid/Final_Run_Large_LP_50] epoch #3 | Populated
2017-05-11 19:00:39.938422 EDT | [Averaged_PolyRL/PolyRL_DDPG_Complex_Humanoid/Final_Run_Large_LP_50] epoch #3 | Training finished
2017-05-11 19:00:39.939331 EDT | [Averaged_PolyRL/PolyRL_DDPG_Complex_Humanoid/Final_Run_Large_LP_50] epoch #4 | Training started
2017-05-11 19:00:39.941390 EDT | [Averaged_PolyRL/PolyRL_DDPG_Complex_Humanoid/Final_Run_Large_LP_50] epoch #4 | Populating workers...
2017-05-11 19:00:39.941692 EDT | [Averaged_PolyRL/PolyRL_DDPG_Complex_Humanoid/Final_Run_Large_LP_50] epoch #4 | Populated
2017-05-11 19:02:33.868196 EDT | [Averaged_PolyRL/PolyRL_DDPG_Complex_Humanoid/Final_Run_Large_LP_50] epoch #4 | Training finished
2017-05-11 19:02:33.869473 EDT | [Averaged_PolyRL/PolyRL_DDPG_Complex_Humanoid/Final_Run_Large_LP_50] epoch #5 | Training started
2017-05-11 19:02:33.871549 EDT | [Averaged_PolyRL/PolyRL_DDPG_Complex_Humanoid/Final_Run_Large_LP_50] epoch #5 | Populating workers...
2017-05-11 19:02:33.871860 EDT | [Averaged_PolyRL/PolyRL_DDPG_Complex_Humanoid/Final_Run_Large_LP_50] epoch #5 | Populated
2017-05-11 19:05:23.066587 EDT | [Averaged_PolyRL/PolyRL_DDPG_Complex_Humanoid/Final_Run_Large_LP_50] epoch #5 | Training finished
2017-05-11 19:05:23.071492 EDT | [Averaged_PolyRL/PolyRL_DDPG_Complex_Humanoid/Final_Run_Large_LP_50] epoch #6 | Training started
2017-05-11 19:05:23.074170 EDT | [Averaged_PolyRL/PolyRL_DDPG_Complex_Humanoid/Final_Run_Large_LP_50] epoch #6 | Populating workers...
2017-05-11 19:05:23.074867 EDT | [Averaged_PolyRL/PolyRL_DDPG_Complex_Humanoid/Final_Run_Large_LP_50] epoch #6 | Populated
2017-05-11 19:10:03.945845 EDT | [Averaged_PolyRL/PolyRL_DDPG_Complex_Humanoid/Final_Run_Large_LP_50] epoch #6 | Training finished
2017-05-11 19:10:03.947027 EDT | [Averaged_PolyRL/PolyRL_DDPG_Complex_Humanoid/Final_Run_Large_LP_50] epoch #7 | Training started
2017-05-11 19:10:03.951913 EDT | [Averaged_PolyRL/PolyRL_DDPG_Complex_Humanoid/Final_Run_Large_LP_50] epoch #7 | Populating workers...
2017-05-11 19:10:03.952404 EDT | [Averaged_PolyRL/PolyRL_DDPG_Complex_Humanoid/Final_Run_Large_LP_50] epoch #7 | Populated
2017-05-11 19:14:10.437071 EDT | [Averaged_PolyRL/PolyRL_DDPG_Complex_Humanoid/Final_Run_Large_LP_50] epoch #7 | Training finished
2017-05-11 19:14:10.443487 EDT | [Averaged_PolyRL/PolyRL_DDPG_Complex_Humanoid/Final_Run_Large_LP_50] epoch #8 | Training started
2017-05-11 19:14:10.445874 EDT | [Averaged_PolyRL/PolyRL_DDPG_Complex_Humanoid/Final_Run_Large_LP_50] epoch #8 | Populating workers...
2017-05-11 19:14:10.446553 EDT | [Averaged_PolyRL/PolyRL_DDPG_Complex_Humanoid/Final_Run_Large_LP_50] epoch #8 | Populated
2017-05-11 19:18:34.630108 EDT | [Averaged_PolyRL/PolyRL_DDPG_Complex_Humanoid/Final_Run_Large_LP_50] epoch #8 | Training finished
2017-05-11 19:18:34.631356 EDT | [Averaged_PolyRL/PolyRL_DDPG_Complex_Humanoid/Final_Run_Large_LP_50] epoch #9 | Training started
2017-05-11 19:18:34.633630 EDT | [Averaged_PolyRL/PolyRL_DDPG_Complex_Humanoid/Final_Run_Large_LP_50] epoch #9 | Populating workers...
2017-05-11 19:18:34.634195 EDT | [Averaged_PolyRL/PolyRL_DDPG_Complex_Humanoid/Final_Run_Large_LP_50] epoch #9 | Populated
2017-05-11 19:22:53.433741 EDT | [Averaged_PolyRL/PolyRL_DDPG_Complex_Humanoid/Final_Run_Large_LP_50] epoch #9 | Training finished
2017-05-11 19:22:53.434946 EDT | [Averaged_PolyRL/PolyRL_DDPG_Complex_Humanoid/Final_Run_Large_LP_50] epoch #9 | Collecting samples for evaluation
2017-05-11 19:24:05.113460 EDT | -----------------------  ------------
2017-05-11 19:24:05.114482 EDT | Epoch                     9
2017-05-11 19:24:05.114960 EDT | AverageReturn            24.4863
2017-05-11 19:24:05.115420 EDT | StdReturn                 6.13276
2017-05-11 19:24:05.117222 EDT | MaxReturn                42.2433
2017-05-11 19:24:05.117678 EDT | MinReturn                 9.61307
2017-05-11 19:24:05.118123 EDT | AverageEsReturn          23.3073
2017-05-11 19:24:05.118571 EDT | StdEsReturn               8.77502
2017-05-11 19:24:05.119000 EDT | MaxEsReturn              41.7838
2017-05-11 19:24:05.119446 EDT | MinEsReturn               0.192304
2017-05-11 19:24:05.119904 EDT | AverageDiscountedReturn  16.5722
2017-05-11 19:24:05.120332 EDT | AverageQLoss              0.00130816
2017-05-11 19:24:05.120767 EDT | AveragePolicySurr        -0.0207264
2017-05-11 19:24:05.121201 EDT | AverageQ                 -0.00807142
2017-05-11 19:24:05.121642 EDT | AverageAbsQ               0.0081891
2017-05-11 19:24:05.122083 EDT | AverageY                  0.0256923
2017-05-11 19:24:05.122525 EDT | AverageAbsY               0.0256923
2017-05-11 19:24:05.122951 EDT | AverageAbsQYDiff          0.0337637
2017-05-11 19:24:05.132169 EDT | AverageAction             0.000340187
2017-05-11 19:24:05.132627 EDT | PolicyRegParamNorm       14.1287
2017-05-11 19:24:05.133077 EDT | QFunRegParamNorm         14.1912
2017-05-11 19:24:05.133520 EDT | AverageForwardProgress    0.0848562
2017-05-11 19:24:05.133975 EDT | MaxForwardProgress        0.227168
2017-05-11 19:24:05.134407 EDT | MinForwardProgress       -0.0373412
2017-05-11 19:24:05.134842 EDT | StdForwardProgress        0.0495817
2017-05-11 19:24:05.135302 EDT | -----------------------  ------------
2017-05-11 19:24:05.140419 EDT | [Averaged_PolyRL/PolyRL_DDPG_Complex_Humanoid/Final_Run_Large_LP_50] epoch #10 | Training started
2017-05-11 19:24:05.142341 EDT | [Averaged_PolyRL/PolyRL_DDPG_Complex_Humanoid/Final_Run_Large_LP_50] epoch #10 | Populating workers...
2017-05-11 19:24:05.142851 EDT | [Averaged_PolyRL/PolyRL_DDPG_Complex_Humanoid/Final_Run_Large_LP_50] epoch #10 | Populated
2017-05-11 19:29:47.737471 EDT | [Averaged_PolyRL/PolyRL_DDPG_Complex_Humanoid/Final_Run_Large_LP_50] epoch #10 | Training finished
2017-05-11 19:29:47.743439 EDT | [Averaged_PolyRL/PolyRL_DDPG_Complex_Humanoid/Final_Run_Large_LP_50] epoch #10 | Collecting samples for evaluation
2017-05-11 19:31:12.958040 EDT | -----------------------  -----------
2017-05-11 19:31:12.963494 EDT | Epoch                    10
2017-05-11 19:31:12.963995 EDT | AverageReturn            33.2613
2017-05-11 19:31:12.964358 EDT | StdReturn                10.8929
2017-05-11 19:31:12.964707 EDT | MaxReturn                68.2902
2017-05-11 19:31:12.965049 EDT | MinReturn                 7.53863
2017-05-11 19:31:12.965394 EDT | AverageEsReturn          45.6499
2017-05-11 19:31:12.965736 EDT | StdEsReturn              25.4984
2017-05-11 19:31:12.966080 EDT | MaxEsReturn              93.5149
2017-05-11 19:31:12.966420 EDT | MinEsReturn               0.166424
2017-05-11 19:31:12.966762 EDT | AverageDiscountedReturn  21.8865
2017-05-11 19:31:12.967103 EDT | AverageQLoss              6.9888e-05
2017-05-11 19:31:12.975598 EDT | AveragePolicySurr        -0.101314
2017-05-11 19:31:12.975971 EDT | AverageQ                  0.0585685
2017-05-11 19:31:12.976320 EDT | AverageAbsQ               0.0585793
2017-05-11 19:31:12.976667 EDT | AverageY                  0.0586543
2017-05-11 19:31:12.977011 EDT | AverageAbsY               0.0587347
2017-05-11 19:31:12.977355 EDT | AverageAbsQYDiff          0.00475628
2017-05-11 19:31:12.977697 EDT | AverageAction             0.988915
2017-05-11 19:31:12.978038 EDT | PolicyRegParamNorm       15.1287
2017-05-11 19:31:12.978381 EDT | QFunRegParamNorm         14.9813
2017-05-11 19:31:12.978722 EDT | AverageForwardProgress    0.160491
2017-05-11 19:31:12.979062 EDT | MaxForwardProgress        0.408105
2017-05-11 19:31:12.983479 EDT | MinForwardProgress       -0.0186948
2017-05-11 19:31:12.983854 EDT | StdForwardProgress        0.0757375
2017-05-11 19:31:12.984203 EDT | -----------------------  -----------
2017-05-11 19:31:12.984786 EDT | [Averaged_PolyRL/PolyRL_DDPG_Complex_Humanoid/Final_Run_Large_LP_50] epoch #11 | Training started
2017-05-11 19:31:12.986712 EDT | [Averaged_PolyRL/PolyRL_DDPG_Complex_Humanoid/Final_Run_Large_LP_50] epoch #11 | Populating workers...
2017-05-11 19:31:12.987139 EDT | [Averaged_PolyRL/PolyRL_DDPG_Complex_Humanoid/Final_Run_Large_LP_50] epoch #11 | Populated
2017-05-11 19:36:29.214970 EDT | [Averaged_PolyRL/PolyRL_DDPG_Complex_Humanoid/Final_Run_Large_LP_50] epoch #11 | Training finished
2017-05-11 19:36:29.215960 EDT | [Averaged_PolyRL/PolyRL_DDPG_Complex_Humanoid/Final_Run_Large_LP_50] epoch #11 | Collecting samples for evaluation
2017-05-11 19:37:41.205821 EDT | -----------------------  ------------
2017-05-11 19:37:41.206970 EDT | Epoch                    11
2017-05-11 19:37:41.207459 EDT | AverageReturn            10.6394
2017-05-11 19:37:41.207913 EDT | StdReturn                13.1823
2017-05-11 19:37:41.208357 EDT | MaxReturn                72.0068
2017-05-11 19:37:41.208797 EDT | MinReturn                -3.48294
2017-05-11 19:37:41.209239 EDT | AverageEsReturn          18.5054
2017-05-11 19:37:41.209677 EDT | StdEsReturn              13.6514
2017-05-11 19:37:41.210112 EDT | MaxEsReturn              57.0932
2017-05-11 19:37:41.210547 EDT | MinEsReturn               4.33911
2017-05-11 19:37:41.210984 EDT | AverageDiscountedReturn   8.43632
2017-05-11 19:37:41.211433 EDT | AverageQLoss              0.000172063
2017-05-11 19:37:41.211874 EDT | AveragePolicySurr        -0.160413
2017-05-11 19:37:41.212308 EDT | AverageQ                  0.131484
2017-05-11 19:37:41.212744 EDT | AverageAbsQ               0.131484
2017-05-11 19:37:41.213178 EDT | AverageY                  0.131584
2017-05-11 19:37:41.213612 EDT | AverageAbsY               0.131584
2017-05-11 19:37:41.214049 EDT | AverageAbsQYDiff          0.00665746
2017-05-11 19:37:41.214484 EDT | AverageAction             0.992544
2017-05-11 19:37:41.214915 EDT | PolicyRegParamNorm       15.7143
2017-05-11 19:37:41.215358 EDT | QFunRegParamNorm         15.8953
2017-05-11 19:37:41.215844 EDT | AverageForwardProgress    0.0314249
2017-05-11 19:37:41.216293 EDT | MaxForwardProgress        0.460728
2017-05-11 19:37:41.216737 EDT | MinForwardProgress       -0.0736716
2017-05-11 19:37:41.217218 EDT | StdForwardProgress        0.092912
2017-05-11 19:37:41.217662 EDT | -----------------------  ------------
2017-05-11 19:37:41.218580 EDT | [Averaged_PolyRL/PolyRL_DDPG_Complex_Humanoid/Final_Run_Large_LP_50] epoch #12 | Training started
2017-05-11 19:37:41.220784 EDT | [Averaged_PolyRL/PolyRL_DDPG_Complex_Humanoid/Final_Run_Large_LP_50] epoch #12 | Populating workers...
2017-05-11 19:37:41.221534 EDT | [Averaged_PolyRL/PolyRL_DDPG_Complex_Humanoid/Final_Run_Large_LP_50] epoch #12 | Populated
2017-05-11 19:42:06.563150 EDT | [Averaged_PolyRL/PolyRL_DDPG_Complex_Humanoid/Final_Run_Large_LP_50] epoch #12 | Training finished
2017-05-11 19:42:06.564134 EDT | [Averaged_PolyRL/PolyRL_DDPG_Complex_Humanoid/Final_Run_Large_LP_50] epoch #12 | Collecting samples for evaluation
2017-05-11 19:43:06.956359 EDT | -----------------------  -----------
2017-05-11 19:43:06.958592 EDT | Epoch                     12
2017-05-11 19:43:06.959025 EDT | AverageReturn             33.4555
2017-05-11 19:43:06.959461 EDT | StdReturn                 28.872
2017-05-11 19:43:06.959872 EDT | MaxReturn                116.842
2017-05-11 19:43:06.960280 EDT | MinReturn                 -4.45607
2017-05-11 19:43:06.960688 EDT | AverageEsReturn           25.9191
2017-05-11 19:43:06.961094 EDT | StdEsReturn               31.6981
2017-05-11 19:43:06.961498 EDT | MaxEsReturn               96.3737
2017-05-11 19:43:06.961904 EDT | MinEsReturn               -2.34317
2017-05-11 19:43:06.962308 EDT | AverageDiscountedReturn   23.3431
2017-05-11 19:43:06.962713 EDT | AverageQLoss               0.0003248
2017-05-11 19:43:06.963119 EDT | AveragePolicySurr         -0.20597
2017-05-11 19:43:06.963541 EDT | AverageQ                   0.187689
2017-05-11 19:43:06.963947 EDT | AverageAbsQ                0.187691
2017-05-11 19:43:06.964350 EDT | AverageY                   0.187782
2017-05-11 19:43:06.964755 EDT | AverageAbsY                0.187782
2017-05-11 19:43:06.965159 EDT | AverageAbsQYDiff           0.0089247
2017-05-11 19:43:06.965562 EDT | AverageAction              0.997401
2017-05-11 19:43:06.965967 EDT | PolicyRegParamNorm        16.0517
2017-05-11 19:43:06.966372 EDT | QFunRegParamNorm          16.7573
2017-05-11 19:43:06.966775 EDT | AverageForwardProgress     0.189111
2017-05-11 19:43:06.967179 EDT | MaxForwardProgress         0.773802
2017-05-11 19:43:06.967605 EDT | MinForwardProgress        -0.0774973
2017-05-11 19:43:06.968010 EDT | StdForwardProgress         0.200548
2017-05-11 19:43:06.968413 EDT | -----------------------  -----------
2017-05-11 19:43:06.968988 EDT | [Averaged_PolyRL/PolyRL_DDPG_Complex_Humanoid/Final_Run_Large_LP_50] epoch #13 | Training started
2017-05-11 19:43:06.970777 EDT | [Averaged_PolyRL/PolyRL_DDPG_Complex_Humanoid/Final_Run_Large_LP_50] epoch #13 | Populating workers...
2017-05-11 19:43:06.971287 EDT | [Averaged_PolyRL/PolyRL_DDPG_Complex_Humanoid/Final_Run_Large_LP_50] epoch #13 | Populated
2017-05-11 19:46:11.300619 EDT | [Averaged_PolyRL/PolyRL_DDPG_Complex_Humanoid/Final_Run_Large_LP_50] epoch #13 | Training finished
2017-05-11 19:46:11.301604 EDT | [Averaged_PolyRL/PolyRL_DDPG_Complex_Humanoid/Final_Run_Large_LP_50] epoch #13 | Collecting samples for evaluation
2017-05-11 19:47:16.896271 EDT | -----------------------  ------------
2017-05-11 19:47:16.896938 EDT | Epoch                    13
2017-05-11 19:47:16.897410 EDT | AverageReturn             5.89616
2017-05-11 19:47:16.897878 EDT | StdReturn                 3.87769
2017-05-11 19:47:16.898357 EDT | MaxReturn                18.9544
2017-05-11 19:47:16.898833 EDT | MinReturn                -3.69968
2017-05-11 19:47:16.899305 EDT | AverageEsReturn          22.4737
2017-05-11 19:47:16.899788 EDT | StdEsReturn              14.3893
2017-05-11 19:47:16.900259 EDT | MaxEsReturn              45.6907
2017-05-11 19:47:16.900726 EDT | MinEsReturn               1.66274
2017-05-11 19:47:16.901194 EDT | AverageDiscountedReturn   5.02548
2017-05-11 19:47:16.901664 EDT | AverageQLoss              0.000570998
2017-05-11 19:47:16.902131 EDT | AveragePolicySurr        -0.264363
2017-05-11 19:47:16.902597 EDT | AverageQ                  0.235782
2017-05-11 19:47:16.903065 EDT | AverageAbsQ               0.235787
2017-05-11 19:47:16.903542 EDT | AverageY                  0.235915
2017-05-11 19:47:16.904006 EDT | AverageAbsY               0.235918
2017-05-11 19:47:16.904477 EDT | AverageAbsQYDiff          0.0116059
2017-05-11 19:47:16.904946 EDT | AverageAction             0.994784
2017-05-11 19:47:16.905416 EDT | PolicyRegParamNorm       16.4732
2017-05-11 19:47:16.905884 EDT | QFunRegParamNorm         18.021
2017-05-11 19:47:16.906353 EDT | AverageForwardProgress   -0.00228486
2017-05-11 19:47:16.906819 EDT | MaxForwardProgress        0.0991481
2017-05-11 19:47:16.907284 EDT | MinForwardProgress       -0.0753867
2017-05-11 19:47:16.907763 EDT | StdForwardProgress        0.0300463
2017-05-11 19:47:16.908228 EDT | -----------------------  ------------
2017-05-11 19:47:16.908914 EDT | [Averaged_PolyRL/PolyRL_DDPG_Complex_Humanoid/Final_Run_Large_LP_50] epoch #14 | Training started
2017-05-11 19:47:16.911162 EDT | [Averaged_PolyRL/PolyRL_DDPG_Complex_Humanoid/Final_Run_Large_LP_50] epoch #14 | Populating workers...
2017-05-11 19:47:16.911726 EDT | [Averaged_PolyRL/PolyRL_DDPG_Complex_Humanoid/Final_Run_Large_LP_50] epoch #14 | Populated
2017-05-11 19:50:08.220685 EDT | [Averaged_PolyRL/PolyRL_DDPG_Complex_Humanoid/Final_Run_Large_LP_50] epoch #14 | Training finished
2017-05-11 19:50:08.235567 EDT | [Averaged_PolyRL/PolyRL_DDPG_Complex_Humanoid/Final_Run_Large_LP_50] epoch #14 | Collecting samples for evaluation
2017-05-11 19:51:05.810127 EDT | -----------------------  ------------
2017-05-11 19:51:05.811207 EDT | Epoch                    14
2017-05-11 19:51:05.811666 EDT | AverageReturn             5.84329
2017-05-11 19:51:05.812086 EDT | StdReturn                 3.56756
2017-05-11 19:51:05.812499 EDT | MaxReturn                15.807
2017-05-11 19:51:05.812908 EDT | MinReturn                -3.16066
2017-05-11 19:51:05.813314 EDT | AverageEsReturn           6.5269
2017-05-11 19:51:05.813721 EDT | StdEsReturn               3.71622
2017-05-11 19:51:05.814126 EDT | MaxEsReturn              13.2865
2017-05-11 19:51:05.814531 EDT | MinEsReturn              -4.2965
2017-05-11 19:51:05.814941 EDT | AverageDiscountedReturn   5.06108
2017-05-11 19:51:05.815364 EDT | AverageQLoss              0.000679143
2017-05-11 19:51:05.815772 EDT | AveragePolicySurr        -0.287057
2017-05-11 19:51:05.816177 EDT | AverageQ                  0.266437
2017-05-11 19:51:05.816582 EDT | AverageAbsQ               0.266454
2017-05-11 19:51:05.816986 EDT | AverageY                  0.266544
2017-05-11 19:51:05.817377 EDT | AverageAbsY               0.266552
2017-05-11 19:51:05.817712 EDT | AverageAbsQYDiff          0.0126565
2017-05-11 19:51:05.818044 EDT | AverageAction             0.946651
2017-05-11 19:51:05.818374 EDT | PolicyRegParamNorm       16.9239
2017-05-11 19:51:05.818705 EDT | QFunRegParamNorm         18.8735
2017-05-11 19:51:05.819036 EDT | AverageForwardProgress    0.00210007
2017-05-11 19:51:05.819378 EDT | MaxForwardProgress        0.0752641
2017-05-11 19:51:05.819710 EDT | MinForwardProgress       -0.0646638
2017-05-11 19:51:05.820067 EDT | StdForwardProgress        0.0272717
2017-05-11 19:51:05.820435 EDT | -----------------------  ------------
2017-05-11 19:51:05.820991 EDT | [Averaged_PolyRL/PolyRL_DDPG_Complex_Humanoid/Final_Run_Large_LP_50] epoch #15 | Training started
2017-05-11 19:51:05.823686 EDT | [Averaged_PolyRL/PolyRL_DDPG_Complex_Humanoid/Final_Run_Large_LP_50] epoch #15 | Populating workers...
2017-05-11 19:51:05.824132 EDT | [Averaged_PolyRL/PolyRL_DDPG_Complex_Humanoid/Final_Run_Large_LP_50] epoch #15 | Populated
2017-05-11 19:54:05.850811 EDT | [Averaged_PolyRL/PolyRL_DDPG_Complex_Humanoid/Final_Run_Large_LP_50] epoch #15 | Training finished
2017-05-11 19:54:05.851628 EDT | [Averaged_PolyRL/PolyRL_DDPG_Complex_Humanoid/Final_Run_Large_LP_50] epoch #15 | Collecting samples for evaluation
2017-05-11 19:55:05.065132 EDT | -----------------------  -------------
2017-05-11 19:55:05.065917 EDT | Epoch                     15
2017-05-11 19:55:05.066181 EDT | AverageReturn              9.89164
2017-05-11 19:55:05.066415 EDT | StdReturn                  4.83816
2017-05-11 19:55:05.066644 EDT | MaxReturn                 24.5558
2017-05-11 19:55:05.066874 EDT | MinReturn                 -3.25344
2017-05-11 19:55:05.067098 EDT | AverageEsReturn           29.0413
2017-05-11 19:55:05.067322 EDT | StdEsReturn               30.3212
2017-05-11 19:55:05.067568 EDT | MaxEsReturn              108.004
2017-05-11 19:55:05.067792 EDT | MinEsReturn               -1.2311
2017-05-11 19:55:05.068016 EDT | AverageDiscountedReturn    7.92038
2017-05-11 19:55:05.068239 EDT | AverageQLoss               0.000961826
2017-05-11 19:55:05.068463 EDT | AveragePolicySurr         -0.333888
2017-05-11 19:55:05.068687 EDT | AverageQ                   0.312281
2017-05-11 19:55:05.068912 EDT | AverageAbsQ                0.312298
2017-05-11 19:55:05.069134 EDT | AverageY                   0.312376
2017-05-11 19:55:05.069357 EDT | AverageAbsY                0.312386
2017-05-11 19:55:05.069581 EDT | AverageAbsQYDiff           0.0149969
2017-05-11 19:55:05.069805 EDT | AverageAction              0.96614
2017-05-11 19:55:05.070029 EDT | PolicyRegParamNorm        17.3168
2017-05-11 19:55:05.070252 EDT | QFunRegParamNorm          19.8558
2017-05-11 19:55:05.070475 EDT | AverageForwardProgress     0.0187878
2017-05-11 19:55:05.070699 EDT | MaxForwardProgress         0.123236
2017-05-11 19:55:05.070922 EDT | MinForwardProgress        -0.0817796
2017-05-11 19:55:05.071146 EDT | StdForwardProgress         0.0365406
2017-05-11 19:55:05.071376 EDT | -----------------------  -------------
2017-05-11 19:55:05.071732 EDT | [Averaged_PolyRL/PolyRL_DDPG_Complex_Humanoid/Final_Run_Large_LP_50] epoch #16 | Training started
2017-05-11 19:55:05.073398 EDT | [Averaged_PolyRL/PolyRL_DDPG_Complex_Humanoid/Final_Run_Large_LP_50] epoch #16 | Populating workers...
2017-05-11 19:55:05.073670 EDT | [Averaged_PolyRL/PolyRL_DDPG_Complex_Humanoid/Final_Run_Large_LP_50] epoch #16 | Populated
2017-05-11 19:58:01.668743 EDT | [Averaged_PolyRL/PolyRL_DDPG_Complex_Humanoid/Final_Run_Large_LP_50] epoch #16 | Training finished
2017-05-11 19:58:01.669786 EDT | [Averaged_PolyRL/PolyRL_DDPG_Complex_Humanoid/Final_Run_Large_LP_50] epoch #16 | Collecting samples for evaluation
2017-05-11 19:58:52.955671 EDT | -----------------------  ------------
2017-05-11 19:58:53.119822 EDT | Epoch                     16
2017-05-11 19:58:53.120301 EDT | AverageReturn             58.8779
2017-05-11 19:58:53.120742 EDT | StdReturn                  9.6721
2017-05-11 19:58:53.121173 EDT | MaxReturn                 82.1339
2017-05-11 19:58:53.121602 EDT | MinReturn                 28.9188
2017-05-11 19:58:53.122033 EDT | AverageEsReturn           23.4558
2017-05-11 19:58:53.122452 EDT | StdEsReturn               28.8256
2017-05-11 19:58:53.122878 EDT | MaxEsReturn              102.728
2017-05-11 19:58:53.123295 EDT | MinEsReturn               -6.72878
2017-05-11 19:58:53.123761 EDT | AverageDiscountedReturn   33.7849
2017-05-11 19:58:53.124209 EDT | AverageQLoss               0.00131325
2017-05-11 19:58:53.124651 EDT | AveragePolicySurr         -0.400841
2017-05-11 19:58:53.125087 EDT | AverageQ                   0.364926
2017-05-11 19:58:53.125512 EDT | AverageAbsQ                0.364942
2017-05-11 19:58:53.125945 EDT | AverageY                   0.364959
2017-05-11 19:58:53.126366 EDT | AverageAbsY                0.364987
2017-05-11 19:58:53.126782 EDT | AverageAbsQYDiff           0.0183348
2017-05-11 19:58:53.127202 EDT | AverageAction              0.951158
2017-05-11 19:58:53.127631 EDT | PolicyRegParamNorm        17.7487
2017-05-11 19:58:53.128068 EDT | QFunRegParamNorm          20.6981
2017-05-11 19:58:53.128511 EDT | AverageForwardProgress     0.328418
2017-05-11 19:58:53.128948 EDT | MaxForwardProgress         0.479222
2017-05-11 19:58:53.129385 EDT | MinForwardProgress         0.114512
2017-05-11 19:58:53.129812 EDT | StdForwardProgress         0.0694198
2017-05-11 19:58:53.130245 EDT | -----------------------  ------------
2017-05-11 19:58:53.130877 EDT | [Averaged_PolyRL/PolyRL_DDPG_Complex_Humanoid/Final_Run_Large_LP_50] epoch #17 | Training started
2017-05-11 19:58:53.133885 EDT | [Averaged_PolyRL/PolyRL_DDPG_Complex_Humanoid/Final_Run_Large_LP_50] epoch #17 | Populating workers...
2017-05-11 19:58:53.134398 EDT | [Averaged_PolyRL/PolyRL_DDPG_Complex_Humanoid/Final_Run_Large_LP_50] epoch #17 | Populated
2017-05-11 20:02:10.440921 EDT | [Averaged_PolyRL/PolyRL_DDPG_Complex_Humanoid/Final_Run_Large_LP_50] epoch #17 | Training finished
2017-05-11 20:02:10.442127 EDT | [Averaged_PolyRL/PolyRL_DDPG_Complex_Humanoid/Final_Run_Large_LP_50] epoch #17 | Collecting samples for evaluation
2017-05-11 20:03:11.741674 EDT | -----------------------  -----------
2017-05-11 20:03:11.742763 EDT | Epoch                    17
2017-05-11 20:03:11.743268 EDT | AverageReturn            21.3553
2017-05-11 20:03:11.743781 EDT | StdReturn                14.3015
2017-05-11 20:03:11.744271 EDT | MaxReturn                51.0802
2017-05-11 20:03:11.744755 EDT | MinReturn                -2.46737
2017-05-11 20:03:11.745242 EDT | AverageEsReturn          34.2346
2017-05-11 20:03:11.745727 EDT | StdEsReturn              18.5415
2017-05-11 20:03:11.746214 EDT | MaxEsReturn              73.8081
2017-05-11 20:03:11.746701 EDT | MinEsReturn               1.74726
2017-05-11 20:03:11.747186 EDT | AverageDiscountedReturn  15.8429
2017-05-11 20:03:11.747684 EDT | AverageQLoss              0.00182544
2017-05-11 20:03:11.748165 EDT | AveragePolicySurr        -0.484079
2017-05-11 20:03:11.748649 EDT | AverageQ                  0.431914
2017-05-11 20:03:11.749125 EDT | AverageAbsQ               0.431952
2017-05-11 20:03:11.749610 EDT | AverageY                  0.432054
2017-05-11 20:03:11.750090 EDT | AverageAbsY               0.432081
2017-05-11 20:03:11.750574 EDT | AverageAbsQYDiff          0.0218187
2017-05-11 20:03:11.751058 EDT | AverageAction             0.96075
2017-05-11 20:03:11.751540 EDT | PolicyRegParamNorm       18.0547
2017-05-11 20:03:11.752022 EDT | QFunRegParamNorm         21.6463
2017-05-11 20:03:11.752501 EDT | AverageForwardProgress    0.0978437
2017-05-11 20:03:11.752990 EDT | MaxForwardProgress        0.316249
2017-05-11 20:03:11.753470 EDT | MinForwardProgress       -0.0660003
2017-05-11 20:03:11.753949 EDT | StdForwardProgress        0.0979186
2017-05-11 20:03:11.754432 EDT | -----------------------  -----------
2017-05-11 20:03:11.755309 EDT | [Averaged_PolyRL/PolyRL_DDPG_Complex_Humanoid/Final_Run_Large_LP_50] epoch #18 | Training started
2017-05-11 20:03:11.757211 EDT | [Averaged_PolyRL/PolyRL_DDPG_Complex_Humanoid/Final_Run_Large_LP_50] epoch #18 | Populating workers...
2017-05-11 20:03:11.757754 EDT | [Averaged_PolyRL/PolyRL_DDPG_Complex_Humanoid/Final_Run_Large_LP_50] epoch #18 | Populated
2017-05-11 20:06:02.329607 EDT | [Averaged_PolyRL/PolyRL_DDPG_Complex_Humanoid/Final_Run_Large_LP_50] epoch #18 | Training finished
2017-05-11 20:06:02.330823 EDT | [Averaged_PolyRL/PolyRL_DDPG_Complex_Humanoid/Final_Run_Large_LP_50] epoch #18 | Collecting samples for evaluation
2017-05-11 20:07:04.879838 EDT | -----------------------  -----------
2017-05-11 20:07:04.880634 EDT | Epoch                    18
2017-05-11 20:07:04.880899 EDT | AverageReturn            10.574
2017-05-11 20:07:04.881129 EDT | StdReturn                 6.20915
2017-05-11 20:07:04.881355 EDT | MaxReturn                39.7686
2017-05-11 20:07:04.881580 EDT | MinReturn                -2.93797
2017-05-11 20:07:04.881804 EDT | AverageEsReturn          10.674
2017-05-11 20:07:04.882028 EDT | StdEsReturn              10.0973
2017-05-11 20:07:04.882252 EDT | MaxEsReturn              45.6123
2017-05-11 20:07:04.882475 EDT | MinEsReturn               0.544723
2017-05-11 20:07:04.882699 EDT | AverageDiscountedReturn   8.64269
2017-05-11 20:07:04.882922 EDT | AverageQLoss              0.00218344
2017-05-11 20:07:04.883146 EDT | AveragePolicySurr        -0.568201
2017-05-11 20:07:04.883395 EDT | AverageQ                  0.498952
2017-05-11 20:07:04.883621 EDT | AverageAbsQ               0.499015
2017-05-11 20:07:04.883845 EDT | AverageY                  0.499089
2017-05-11 20:07:04.884069 EDT | AverageAbsY               0.499112
2017-05-11 20:07:04.884292 EDT | AverageAbsQYDiff          0.0239774
2017-05-11 20:07:04.884522 EDT | AverageAction             0.947762
2017-05-11 20:07:04.884746 EDT | PolicyRegParamNorm       18.3389
2017-05-11 20:07:04.884970 EDT | QFunRegParamNorm         22.5295
2017-05-11 20:07:04.885192 EDT | AverageForwardProgress    0.0292849
2017-05-11 20:07:04.885416 EDT | MaxForwardProgress        0.240501
2017-05-11 20:07:04.885639 EDT | MinForwardProgress       -0.0681918
2017-05-11 20:07:04.885861 EDT | StdForwardProgress        0.0448971
2017-05-11 20:07:04.886084 EDT | -----------------------  -----------
2017-05-11 20:07:04.886466 EDT | [Averaged_PolyRL/PolyRL_DDPG_Complex_Humanoid/Final_Run_Large_LP_50] epoch #19 | Training started
2017-05-11 20:07:04.888333 EDT | [Averaged_PolyRL/PolyRL_DDPG_Complex_Humanoid/Final_Run_Large_LP_50] epoch #19 | Populating workers...
2017-05-11 20:07:04.888622 EDT | [Averaged_PolyRL/PolyRL_DDPG_Complex_Humanoid/Final_Run_Large_LP_50] epoch #19 | Populated
2017-05-11 20:09:54.717099 EDT | [Averaged_PolyRL/PolyRL_DDPG_Complex_Humanoid/Final_Run_Large_LP_50] epoch #19 | Training finished
2017-05-11 20:09:54.720403 EDT | [Averaged_PolyRL/PolyRL_DDPG_Complex_Humanoid/Final_Run_Large_LP_50] epoch #19 | Collecting samples for evaluation
2017-05-11 20:10:49.495552 EDT | -----------------------  -----------
2017-05-11 20:10:49.496656 EDT | Epoch                    19
2017-05-11 20:10:49.497154 EDT | AverageReturn             5.6376
2017-05-11 20:10:49.497641 EDT | StdReturn                 3.47945
2017-05-11 20:10:49.498117 EDT | MaxReturn                14.0473
2017-05-11 20:10:49.498595 EDT | MinReturn                -4.67489
2017-05-11 20:10:49.499065 EDT | AverageEsReturn           7.46544
2017-05-11 20:10:49.499566 EDT | StdEsReturn               5.17539
2017-05-11 20:10:49.500042 EDT | MaxEsReturn              20.3959
2017-05-11 20:10:49.500517 EDT | MinEsReturn              -1.18473
2017-05-11 20:10:49.500996 EDT | AverageDiscountedReturn   4.89726
2017-05-11 20:10:49.501466 EDT | AverageQLoss              0.00285889
2017-05-11 20:10:49.501944 EDT | AveragePolicySurr        -0.663215
2017-05-11 20:10:49.502415 EDT | AverageQ                  0.572425
2017-05-11 20:10:49.502893 EDT | AverageAbsQ               0.572476
2017-05-11 20:10:49.503374 EDT | AverageY                  0.572558
2017-05-11 20:10:49.503850 EDT | AverageAbsY               0.57258
2017-05-11 20:10:49.504325 EDT | AverageAbsQYDiff          0.0278985
2017-05-11 20:10:49.504793 EDT | AverageAction             0.952227
2017-05-11 20:10:49.505266 EDT | PolicyRegParamNorm       18.6562
2017-05-11 20:10:49.505733 EDT | QFunRegParamNorm         23.4742
2017-05-11 20:10:49.506209 EDT | AverageForwardProgress    0.00105754
2017-05-11 20:10:49.506680 EDT | MaxForwardProgress        0.0685607
2017-05-11 20:10:49.507150 EDT | MinForwardProgress       -0.0762204
2017-05-11 20:10:49.507636 EDT | StdForwardProgress        0.0269459
2017-05-11 20:10:49.508106 EDT | -----------------------  -----------
2017-05-11 20:10:49.509003 EDT | [Averaged_PolyRL/PolyRL_DDPG_Complex_Humanoid/Final_Run_Large_LP_50] epoch #20 | Training started
2017-05-11 20:10:49.512753 EDT | [Averaged_PolyRL/PolyRL_DDPG_Complex_Humanoid/Final_Run_Large_LP_50] epoch #20 | Populating workers...
2017-05-11 20:10:49.513318 EDT | [Averaged_PolyRL/PolyRL_DDPG_Complex_Humanoid/Final_Run_Large_LP_50] epoch #20 | Populated
2017-05-11 20:14:01.807156 EDT | [Averaged_PolyRL/PolyRL_DDPG_Complex_Humanoid/Final_Run_Large_LP_50] epoch #20 | Training finished
2017-05-11 20:14:01.808066 EDT | [Averaged_PolyRL/PolyRL_DDPG_Complex_Humanoid/Final_Run_Large_LP_50] epoch #20 | Collecting samples for evaluation
2017-05-11 20:15:08.605448 EDT | -----------------------  -------------
2017-05-11 20:15:08.606220 EDT | Epoch                     20
2017-05-11 20:15:08.606480 EDT | AverageReturn              6.11668
2017-05-11 20:15:08.606711 EDT | StdReturn                  4.32534
2017-05-11 20:15:08.606937 EDT | MaxReturn                 16.7271
2017-05-11 20:15:08.607162 EDT | MinReturn                -10.2168
2017-05-11 20:15:08.607408 EDT | AverageEsReturn            6.74063
2017-05-11 20:15:08.607636 EDT | StdEsReturn                3.58341
2017-05-11 20:15:08.607860 EDT | MaxEsReturn               12.9184
2017-05-11 20:15:08.608085 EDT | MinEsReturn               -1.34734
2017-05-11 20:15:08.608311 EDT | AverageDiscountedReturn    5.2719
2017-05-11 20:15:08.608537 EDT | AverageQLoss               0.00318448
2017-05-11 20:15:08.608763 EDT | AveragePolicySurr         -0.686586
2017-05-11 20:15:08.608986 EDT | AverageQ                   0.639177
2017-05-11 20:15:08.609212 EDT | AverageAbsQ                0.63925
2017-05-11 20:15:08.609437 EDT | AverageY                   0.639291
2017-05-11 20:15:08.609663 EDT | AverageAbsY                0.639339
2017-05-11 20:15:08.609888 EDT | AverageAbsQYDiff           0.0296232
2017-05-11 20:15:08.610114 EDT | AverageAction              0.948591
2017-05-11 20:15:08.610338 EDT | PolicyRegParamNorm        18.8693
2017-05-11 20:15:08.610563 EDT | QFunRegParamNorm          24.3408
2017-05-11 20:15:08.610789 EDT | AverageForwardProgress     0.000264165
2017-05-11 20:15:08.611015 EDT | MaxForwardProgress         0.0841913
2017-05-11 20:15:08.611241 EDT | MinForwardProgress        -0.133338
2017-05-11 20:15:08.611472 EDT | StdForwardProgress         0.0340367
2017-05-11 20:15:08.611698 EDT | -----------------------  -------------
2017-05-11 20:15:08.612058 EDT | [Averaged_PolyRL/PolyRL_DDPG_Complex_Humanoid/Final_Run_Large_LP_50] epoch #21 | Training started
2017-05-11 20:15:08.614877 EDT | [Averaged_PolyRL/PolyRL_DDPG_Complex_Humanoid/Final_Run_Large_LP_50] epoch #21 | Populating workers...
2017-05-11 20:15:08.615161 EDT | [Averaged_PolyRL/PolyRL_DDPG_Complex_Humanoid/Final_Run_Large_LP_50] epoch #21 | Populated
2017-05-11 20:18:34.768552 EDT | [Averaged_PolyRL/PolyRL_DDPG_Complex_Humanoid/Final_Run_Large_LP_50] epoch #21 | Training finished
2017-05-11 20:18:34.772851 EDT | [Averaged_PolyRL/PolyRL_DDPG_Complex_Humanoid/Final_Run_Large_LP_50] epoch #21 | Collecting samples for evaluation
2017-05-11 20:19:04.280908 EDT | -----------------------  ------------
2017-05-11 20:19:04.446913 EDT | Epoch                     21
2017-05-11 20:19:04.447181 EDT | AverageReturn              5.56723
2017-05-11 20:19:04.447436 EDT | StdReturn                 13.7635
2017-05-11 20:19:04.447665 EDT | MaxReturn                 47.8161
2017-05-11 20:19:04.447891 EDT | MinReturn                -42.5366
2017-05-11 20:19:04.448116 EDT | AverageEsReturn           12.0318
2017-05-11 20:19:04.448341 EDT | StdEsReturn               22.9986
2017-05-11 20:19:04.448564 EDT | MaxEsReturn               81.3129
2017-05-11 20:19:04.448789 EDT | MinEsReturn              -24.5711
2017-05-11 20:19:04.449013 EDT | AverageDiscountedReturn    4.88258
2017-05-11 20:19:04.449238 EDT | AverageQLoss               0.00361587
2017-05-11 20:19:04.449462 EDT | AveragePolicySurr         -0.738387
2017-05-11 20:19:04.449686 EDT | AverageQ                   0.689743
2017-05-11 20:19:04.449910 EDT | AverageAbsQ                0.689819
2017-05-11 20:19:04.450134 EDT | AverageY                   0.689886
2017-05-11 20:19:04.450358 EDT | AverageAbsY                0.689935
2017-05-11 20:19:04.450583 EDT | AverageAbsQYDiff           0.0318281
2017-05-11 20:19:04.450807 EDT | AverageAction              0.910828
2017-05-11 20:19:04.451030 EDT | PolicyRegParamNorm        19.1003
2017-05-11 20:19:04.451254 EDT | QFunRegParamNorm          25.1501
2017-05-11 20:19:04.451486 EDT | AverageForwardProgress    -0.0598604
2017-05-11 20:19:04.451710 EDT | MaxForwardProgress         0.244694
2017-05-11 20:19:04.451935 EDT | MinForwardProgress        -0.474314
2017-05-11 20:19:04.452158 EDT | StdForwardProgress         0.121594
2017-05-11 20:19:04.452382 EDT | -----------------------  ------------
2017-05-11 20:19:04.452753 EDT | [Averaged_PolyRL/PolyRL_DDPG_Complex_Humanoid/Final_Run_Large_LP_50] epoch #22 | Training started
2017-05-11 20:19:04.454227 EDT | [Averaged_PolyRL/PolyRL_DDPG_Complex_Humanoid/Final_Run_Large_LP_50] epoch #22 | Populating workers...
2017-05-11 20:19:04.454514 EDT | [Averaged_PolyRL/PolyRL_DDPG_Complex_Humanoid/Final_Run_Large_LP_50] epoch #22 | Populated
2017-05-11 20:23:09.496201 EDT | [Averaged_PolyRL/PolyRL_DDPG_Complex_Humanoid/Final_Run_Large_LP_50] epoch #22 | Training finished
2017-05-11 20:23:09.497428 EDT | [Averaged_PolyRL/PolyRL_DDPG_Complex_Humanoid/Final_Run_Large_LP_50] epoch #22 | Collecting samples for evaluation
2017-05-11 20:24:02.695624 EDT | -----------------------  ------------
2017-05-11 20:24:02.703404 EDT | Epoch                     22
2017-05-11 20:24:02.703901 EDT | AverageReturn              8.51733
2017-05-11 20:24:02.704381 EDT | StdReturn                  7.36802
2017-05-11 20:24:02.704858 EDT | MaxReturn                 73.6637
2017-05-11 20:24:02.705333 EDT | MinReturn                 -5.21572
2017-05-11 20:24:02.705805 EDT | AverageEsReturn            3.77035
2017-05-11 20:24:02.706277 EDT | StdEsReturn               16.9041
2017-05-11 20:24:02.706750 EDT | MaxEsReturn               49.3432
2017-05-11 20:24:02.707221 EDT | MinEsReturn              -21.0482
2017-05-11 20:24:02.707697 EDT | AverageDiscountedReturn    6.83131
2017-05-11 20:24:02.708165 EDT | AverageQLoss               0.00413554
2017-05-11 20:24:02.708635 EDT | AveragePolicySurr         -0.793614
2017-05-11 20:24:02.709103 EDT | AverageQ                   0.729908
2017-05-11 20:24:02.709571 EDT | AverageAbsQ                0.730006
2017-05-11 20:24:02.710036 EDT | AverageY                   0.729943
2017-05-11 20:24:02.710504 EDT | AverageAbsY                0.730035
2017-05-11 20:24:02.710973 EDT | AverageAbsQYDiff           0.0345586
2017-05-11 20:24:02.711449 EDT | AverageAction              0.932143
2017-05-11 20:24:02.711918 EDT | PolicyRegParamNorm        19.303
2017-05-11 20:24:02.712385 EDT | QFunRegParamNorm          25.8857
2017-05-11 20:24:02.712851 EDT | AverageForwardProgress     0.0112208
2017-05-11 20:24:02.713315 EDT | MaxForwardProgress         0.447193
2017-05-11 20:24:02.713782 EDT | MinForwardProgress        -0.0995275
2017-05-11 20:24:02.714250 EDT | StdForwardProgress         0.050643
2017-05-11 20:24:02.714718 EDT | -----------------------  ------------
2017-05-11 20:24:02.715436 EDT | [Averaged_PolyRL/PolyRL_DDPG_Complex_Humanoid/Final_Run_Large_LP_50] epoch #23 | Training started
2017-05-11 20:24:02.717581 EDT | [Averaged_PolyRL/PolyRL_DDPG_Complex_Humanoid/Final_Run_Large_LP_50] epoch #23 | Populating workers...
2017-05-11 20:24:02.718113 EDT | [Averaged_PolyRL/PolyRL_DDPG_Complex_Humanoid/Final_Run_Large_LP_50] epoch #23 | Populated
2017-05-11 20:27:49.899175 EDT | [Averaged_PolyRL/PolyRL_DDPG_Complex_Humanoid/Final_Run_Large_LP_50] epoch #23 | Training finished
2017-05-11 20:27:49.900034 EDT | [Averaged_PolyRL/PolyRL_DDPG_Complex_Humanoid/Final_Run_Large_LP_50] epoch #23 | Collecting samples for evaluation
2017-05-11 20:28:48.630323 EDT | -----------------------  ------------
2017-05-11 20:28:48.639402 EDT | Epoch                     23
2017-05-11 20:28:48.639980 EDT | AverageReturn              7.09258
2017-05-11 20:28:48.640547 EDT | StdReturn                  5.37768
2017-05-11 20:28:48.641104 EDT | MaxReturn                 52.5652
2017-05-11 20:28:48.641658 EDT | MinReturn                 -4.9935
2017-05-11 20:28:48.642207 EDT | AverageEsReturn            9.49075
2017-05-11 20:28:48.642754 EDT | StdEsReturn               13.0796
2017-05-11 20:28:48.643304 EDT | MaxEsReturn               45.3121
2017-05-11 20:28:48.643858 EDT | MinEsReturn              -11.9601
2017-05-11 20:28:48.644409 EDT | AverageDiscountedReturn    5.85685
2017-05-11 20:28:48.651486 EDT | AverageQLoss               0.0050058
2017-05-11 20:28:48.652057 EDT | AveragePolicySurr         -0.851381
2017-05-11 20:28:48.652614 EDT | AverageQ                   0.779805
2017-05-11 20:28:48.653168 EDT | AverageAbsQ                0.779869
2017-05-11 20:28:48.653723 EDT | AverageY                   0.779916
2017-05-11 20:28:48.654273 EDT | AverageAbsY                0.780025
2017-05-11 20:28:48.654823 EDT | AverageAbsQYDiff           0.0382561
2017-05-11 20:28:48.655400 EDT | AverageAction              0.935669
2017-05-11 20:28:48.655958 EDT | PolicyRegParamNorm        19.5412
2017-05-11 20:28:48.656505 EDT | QFunRegParamNorm          26.5996
2017-05-11 20:28:48.657054 EDT | AverageForwardProgress     0.00147431
2017-05-11 20:28:48.663429 EDT | MaxForwardProgress         0.305051
2017-05-11 20:28:48.664002 EDT | MinForwardProgress        -0.0952371
2017-05-11 20:28:48.664561 EDT | StdForwardProgress         0.0398537
2017-05-11 20:28:48.665113 EDT | -----------------------  ------------
2017-05-11 20:28:48.665900 EDT | [Averaged_PolyRL/PolyRL_DDPG_Complex_Humanoid/Final_Run_Large_LP_50] epoch #24 | Training started
2017-05-11 20:28:48.668003 EDT | [Averaged_PolyRL/PolyRL_DDPG_Complex_Humanoid/Final_Run_Large_LP_50] epoch #24 | Populating workers...
2017-05-11 20:28:48.668659 EDT | [Averaged_PolyRL/PolyRL_DDPG_Complex_Humanoid/Final_Run_Large_LP_50] epoch #24 | Populated
2017-05-11 20:32:14.469686 EDT | [Averaged_PolyRL/PolyRL_DDPG_Complex_Humanoid/Final_Run_Large_LP_50] epoch #24 | Training finished
2017-05-11 20:32:14.470801 EDT | [Averaged_PolyRL/PolyRL_DDPG_Complex_Humanoid/Final_Run_Large_LP_50] epoch #24 | Collecting samples for evaluation
2017-05-11 20:33:19.100860 EDT | -----------------------  -----------
2017-05-11 20:33:19.101555 EDT | Epoch                    24
2017-05-11 20:33:19.102034 EDT | AverageReturn            56.4637
2017-05-11 20:33:19.102508 EDT | StdReturn                16.0003
2017-05-11 20:33:19.102979 EDT | MaxReturn                92.8982
2017-05-11 20:33:19.103457 EDT | MinReturn                 7.7958
2017-05-11 20:33:19.103928 EDT | AverageEsReturn          18.3067
2017-05-11 20:33:19.104396 EDT | StdEsReturn              21.3111
2017-05-11 20:33:19.104863 EDT | MaxEsReturn              98.9847
2017-05-11 20:33:19.105329 EDT | MinEsReturn              -1.77575
2017-05-11 20:33:19.105795 EDT | AverageDiscountedReturn  33.3596
2017-05-11 20:33:19.106262 EDT | AverageQLoss              0.00574455
2017-05-11 20:33:19.106727 EDT | AveragePolicySurr        -0.895366
2017-05-11 20:33:19.107192 EDT | AverageQ                  0.837496
2017-05-11 20:33:19.107665 EDT | AverageAbsQ               0.837591
2017-05-11 20:33:19.108128 EDT | AverageY                  0.837668
2017-05-11 20:33:19.108592 EDT | AverageAbsY               0.837785
2017-05-11 20:33:19.109057 EDT | AverageAbsQYDiff          0.0410037
2017-05-11 20:33:19.109520 EDT | AverageAction             0.946246
2017-05-11 20:33:19.109984 EDT | PolicyRegParamNorm       19.7405
2017-05-11 20:33:19.110447 EDT | QFunRegParamNorm         27.2564
2017-05-11 20:33:19.110911 EDT | AverageForwardProgress    0.31668
2017-05-11 20:33:19.111385 EDT | MaxForwardProgress        0.536399
2017-05-11 20:33:19.111851 EDT | MinForwardProgress        0.00631172
2017-05-11 20:33:19.112316 EDT | StdForwardProgress        0.109783
2017-05-11 20:33:19.112780 EDT | -----------------------  -----------
2017-05-11 20:33:19.113466 EDT | [Averaged_PolyRL/PolyRL_DDPG_Complex_Humanoid/Final_Run_Large_LP_50] epoch #25 | Training started
2017-05-11 20:33:19.115766 EDT | [Averaged_PolyRL/PolyRL_DDPG_Complex_Humanoid/Final_Run_Large_LP_50] epoch #25 | Populating workers...
2017-05-11 20:33:19.116301 EDT | [Averaged_PolyRL/PolyRL_DDPG_Complex_Humanoid/Final_Run_Large_LP_50] epoch #25 | Populated
2017-05-11 20:36:55.334921 EDT | [Averaged_PolyRL/PolyRL_DDPG_Complex_Humanoid/Final_Run_Large_LP_50] epoch #25 | Training finished
2017-05-11 20:36:55.350289 EDT | [Averaged_PolyRL/PolyRL_DDPG_Complex_Humanoid/Final_Run_Large_LP_50] epoch #25 | Collecting samples for evaluation
2017-05-11 20:38:03.688066 EDT | -----------------------  -----------
2017-05-11 20:38:03.689522 EDT | Epoch                    25
2017-05-11 20:38:03.690002 EDT | AverageReturn            24.6734
2017-05-11 20:38:03.690471 EDT | StdReturn                 6.6774
2017-05-11 20:38:03.690938 EDT | MaxReturn                43.6707
2017-05-11 20:38:03.691420 EDT | MinReturn                 7.90248
2017-05-11 20:38:03.691884 EDT | AverageEsReturn          20.3842
2017-05-11 20:38:03.692347 EDT | StdEsReturn              21.5581
2017-05-11 20:38:03.692815 EDT | MaxEsReturn              87.3058
2017-05-11 20:38:03.693275 EDT | MinEsReturn              -6.60273
2017-05-11 20:38:03.693737 EDT | AverageDiscountedReturn  18.0698
2017-05-11 20:38:03.694200 EDT | AverageQLoss              0.00596606
2017-05-11 20:38:03.694660 EDT | AveragePolicySurr        -0.955992
2017-05-11 20:38:03.695122 EDT | AverageQ                  0.89067
2017-05-11 20:38:03.695593 EDT | AverageAbsQ               0.890759
2017-05-11 20:38:03.696051 EDT | AverageY                  0.890743
2017-05-11 20:38:03.696513 EDT | AverageAbsY               0.890814
2017-05-11 20:38:03.696974 EDT | AverageAbsQYDiff          0.042635
2017-05-11 20:38:03.697435 EDT | AverageAction             0.949649
2017-05-11 20:38:03.697893 EDT | PolicyRegParamNorm       19.8894
2017-05-11 20:38:03.698351 EDT | QFunRegParamNorm         27.903
2017-05-11 20:38:03.698809 EDT | AverageForwardProgress    0.10576
2017-05-11 20:38:03.699268 EDT | MaxForwardProgress        0.250355
2017-05-11 20:38:03.699739 EDT | MinForwardProgress       -0.0291024
2017-05-11 20:38:03.700200 EDT | StdForwardProgress        0.051275
2017-05-11 20:38:03.700661 EDT | -----------------------  -----------
2017-05-11 20:38:03.701362 EDT | [Averaged_PolyRL/PolyRL_DDPG_Complex_Humanoid/Final_Run_Large_LP_50] epoch #26 | Training started
2017-05-11 20:38:03.703539 EDT | [Averaged_PolyRL/PolyRL_DDPG_Complex_Humanoid/Final_Run_Large_LP_50] epoch #26 | Populating workers...
2017-05-11 20:38:03.704056 EDT | [Averaged_PolyRL/PolyRL_DDPG_Complex_Humanoid/Final_Run_Large_LP_50] epoch #26 | Populated
2017-05-11 20:41:06.650902 EDT | [Averaged_PolyRL/PolyRL_DDPG_Complex_Humanoid/Final_Run_Large_LP_50] epoch #26 | Training finished
2017-05-11 20:41:06.653190 EDT | [Averaged_PolyRL/PolyRL_DDPG_Complex_Humanoid/Final_Run_Large_LP_50] epoch #26 | Collecting samples for evaluation
2017-05-11 20:42:20.169213 EDT | -----------------------  -----------
2017-05-11 20:42:20.170544 EDT | Epoch                    26
2017-05-11 20:42:20.170976 EDT | AverageReturn            16.9286
2017-05-11 20:42:20.171431 EDT | StdReturn                 5.37286
2017-05-11 20:42:20.171870 EDT | MaxReturn                33.5066
2017-05-11 20:42:20.172305 EDT | MinReturn                 2.32653
2017-05-11 20:42:20.172737 EDT | AverageEsReturn          13.5232
2017-05-11 20:42:20.173164 EDT | StdEsReturn               9.50815
2017-05-11 20:42:20.173592 EDT | MaxEsReturn              33.1143
2017-05-11 20:42:20.174023 EDT | MinEsReturn              -1.20111
2017-05-11 20:42:20.174452 EDT | AverageDiscountedReturn  13.067
2017-05-11 20:42:20.174882 EDT | AverageQLoss              0.00661112
2017-05-11 20:42:20.175307 EDT | AveragePolicySurr        -1.00857
2017-05-11 20:42:20.175746 EDT | AverageQ                  0.935157
2017-05-11 20:42:20.176176 EDT | AverageAbsQ               0.935249
2017-05-11 20:42:20.176603 EDT | AverageY                  0.935272
2017-05-11 20:42:20.177027 EDT | AverageAbsY               0.935381
2017-05-11 20:42:20.177449 EDT | AverageAbsQYDiff          0.0458196
2017-05-11 20:42:20.177874 EDT | AverageAction             0.929675
2017-05-11 20:42:20.178298 EDT | PolicyRegParamNorm       20.0595
2017-05-11 20:42:20.178719 EDT | QFunRegParamNorm         28.564
2017-05-11 20:42:20.179145 EDT | AverageForwardProgress    0.0566968
2017-05-11 20:42:20.179576 EDT | MaxForwardProgress        0.187895
2017-05-11 20:42:20.179998 EDT | MinForwardProgress       -0.056442
2017-05-11 20:42:20.180417 EDT | StdForwardProgress        0.0408857
2017-05-11 20:42:20.180842 EDT | -----------------------  -----------
2017-05-11 20:42:20.181476 EDT | [Averaged_PolyRL/PolyRL_DDPG_Complex_Humanoid/Final_Run_Large_LP_50] epoch #27 | Training started
2017-05-11 20:42:20.183676 EDT | [Averaged_PolyRL/PolyRL_DDPG_Complex_Humanoid/Final_Run_Large_LP_50] epoch #27 | Populating workers...
2017-05-11 20:42:20.184157 EDT | [Averaged_PolyRL/PolyRL_DDPG_Complex_Humanoid/Final_Run_Large_LP_50] epoch #27 | Populated
2017-05-11 20:45:43.207699 EDT | [Averaged_PolyRL/PolyRL_DDPG_Complex_Humanoid/Final_Run_Large_LP_50] epoch #27 | Training finished
2017-05-11 20:45:43.208834 EDT | [Averaged_PolyRL/PolyRL_DDPG_Complex_Humanoid/Final_Run_Large_LP_50] epoch #27 | Collecting samples for evaluation
2017-05-11 20:46:58.764202 EDT | -----------------------  -----------
2017-05-11 20:46:58.765007 EDT | Epoch                    27
2017-05-11 20:46:58.765287 EDT | AverageReturn            14.1228
2017-05-11 20:46:58.765562 EDT | StdReturn                 6.53003
2017-05-11 20:46:58.765830 EDT | MaxReturn                38.5581
2017-05-11 20:46:58.766094 EDT | MinReturn                 0.443704
2017-05-11 20:46:58.766357 EDT | AverageEsReturn          14.2437
2017-05-11 20:46:58.766620 EDT | StdEsReturn               8.93155
2017-05-11 20:46:58.766883 EDT | MaxEsReturn              45.8633
2017-05-11 20:46:58.767145 EDT | MinEsReturn               2.42671
2017-05-11 20:46:58.767435 EDT | AverageDiscountedReturn  10.7312
2017-05-11 20:46:58.767693 EDT | AverageQLoss              0.00759769
2017-05-11 20:46:58.767949 EDT | AveragePolicySurr        -1.05649
2017-05-11 20:46:58.768206 EDT | AverageQ                  0.983109
2017-05-11 20:46:58.768462 EDT | AverageAbsQ               0.983297
2017-05-11 20:46:58.768717 EDT | AverageY                  0.983228
2017-05-11 20:46:58.768972 EDT | AverageAbsY               0.983407
2017-05-11 20:46:58.769226 EDT | AverageAbsQYDiff          0.0490656
2017-05-11 20:46:58.769482 EDT | AverageAction             0.964718
2017-05-11 20:46:58.769737 EDT | PolicyRegParamNorm       20.1885
2017-05-11 20:46:58.769992 EDT | QFunRegParamNorm         29.1376
2017-05-11 20:46:58.770246 EDT | AverageForwardProgress    0.0335911
2017-05-11 20:46:58.770502 EDT | MaxForwardProgress        0.191818
2017-05-11 20:46:58.770758 EDT | MinForwardProgress       -0.060535
2017-05-11 20:46:58.771014 EDT | StdForwardProgress        0.0460319
2017-05-11 20:46:58.771270 EDT | -----------------------  -----------
2017-05-11 20:46:58.771702 EDT | [Averaged_PolyRL/PolyRL_DDPG_Complex_Humanoid/Final_Run_Large_LP_50] epoch #28 | Training started
2017-05-11 20:46:58.773386 EDT | [Averaged_PolyRL/PolyRL_DDPG_Complex_Humanoid/Final_Run_Large_LP_50] epoch #28 | Populating workers...
2017-05-11 20:46:58.773677 EDT | [Averaged_PolyRL/PolyRL_DDPG_Complex_Humanoid/Final_Run_Large_LP_50] epoch #28 | Populated
2017-05-11 20:50:22.684258 EDT | [Averaged_PolyRL/PolyRL_DDPG_Complex_Humanoid/Final_Run_Large_LP_50] epoch #28 | Training finished
2017-05-11 20:50:22.685471 EDT | [Averaged_PolyRL/PolyRL_DDPG_Complex_Humanoid/Final_Run_Large_LP_50] epoch #28 | Collecting samples for evaluation
2017-05-11 20:51:46.906272 EDT | -----------------------  -----------
2017-05-11 20:51:46.919404 EDT | Epoch                    28
2017-05-11 20:51:46.919897 EDT | AverageReturn            38.0701
2017-05-11 20:51:46.920383 EDT | StdReturn                14.7952
2017-05-11 20:51:46.920861 EDT | MaxReturn                71.3808
2017-05-11 20:51:46.921339 EDT | MinReturn                12.5671
2017-05-11 20:51:46.921821 EDT | AverageEsReturn          13.7462
2017-05-11 20:51:46.922292 EDT | StdEsReturn               6.98448
2017-05-11 20:51:46.922770 EDT | MaxEsReturn              32.5021
2017-05-11 20:51:46.923239 EDT | MinEsReturn               3.27148
2017-05-11 20:51:46.923726 EDT | AverageDiscountedReturn  24.6231
2017-05-11 20:51:46.924203 EDT | AverageQLoss              0.00777792
2017-05-11 20:51:46.924675 EDT | AveragePolicySurr        -1.13608
2017-05-11 20:51:46.925151 EDT | AverageQ                  1.04462
2017-05-11 20:51:46.925619 EDT | AverageAbsQ               1.04488
2017-05-11 20:51:46.926094 EDT | AverageY                  1.04476
2017-05-11 20:51:46.926565 EDT | AverageAbsY               1.0449
2017-05-11 20:51:46.927040 EDT | AverageAbsQYDiff          0.0511115
2017-05-11 20:51:46.927526 EDT | AverageAction             0.970333
2017-05-11 20:51:46.927993 EDT | PolicyRegParamNorm       20.3479
2017-05-11 20:51:46.928468 EDT | QFunRegParamNorm         29.7481
2017-05-11 20:51:46.928938 EDT | AverageForwardProgress    0.195856
2017-05-11 20:51:46.929422 EDT | MaxForwardProgress        0.432027
2017-05-11 20:51:46.929896 EDT | MinForwardProgress        0.0153724
2017-05-11 20:51:46.930362 EDT | StdForwardProgress        0.102196
2017-05-11 20:51:46.930837 EDT | -----------------------  -----------
2017-05-11 20:51:46.931528 EDT | [Averaged_PolyRL/PolyRL_DDPG_Complex_Humanoid/Final_Run_Large_LP_50] epoch #29 | Training started
2017-05-11 20:51:46.933516 EDT | [Averaged_PolyRL/PolyRL_DDPG_Complex_Humanoid/Final_Run_Large_LP_50] epoch #29 | Populating workers...
2017-05-11 20:51:46.934026 EDT | [Averaged_PolyRL/PolyRL_DDPG_Complex_Humanoid/Final_Run_Large_LP_50] epoch #29 | Populated
2017-05-11 20:55:36.503829 EDT | [Averaged_PolyRL/PolyRL_DDPG_Complex_Humanoid/Final_Run_Large_LP_50] epoch #29 | Training finished
2017-05-11 20:55:36.504635 EDT | [Averaged_PolyRL/PolyRL_DDPG_Complex_Humanoid/Final_Run_Large_LP_50] epoch #29 | Collecting samples for evaluation
2017-05-11 20:56:53.217461 EDT | -----------------------  -----------
2017-05-11 20:56:53.219396 EDT | Epoch                    29
2017-05-11 20:56:53.219760 EDT | AverageReturn            47.8032
2017-05-11 20:56:53.220102 EDT | StdReturn                16.7159
2017-05-11 20:56:53.220438 EDT | MaxReturn                77.2008
2017-05-11 20:56:53.220774 EDT | MinReturn                10.1918
2017-05-11 20:56:53.221106 EDT | AverageEsReturn          50.4975
2017-05-11 20:56:53.221439 EDT | StdEsReturn              18.6022
2017-05-11 20:56:53.221771 EDT | MaxEsReturn              72.59
2017-05-11 20:56:53.222105 EDT | MinEsReturn              10.2044
2017-05-11 20:56:53.222438 EDT | AverageDiscountedReturn  29.7089
2017-05-11 20:56:53.222770 EDT | AverageQLoss              0.00867774
2017-05-11 20:56:53.223101 EDT | AveragePolicySurr        -1.25124
2017-05-11 20:56:53.227486 EDT | AverageQ                  1.14123
2017-05-11 20:56:53.227837 EDT | AverageAbsQ               1.14136
2017-05-11 20:56:53.228177 EDT | AverageY                  1.14144
2017-05-11 20:56:53.228512 EDT | AverageAbsY               1.14152
2017-05-11 20:56:53.228845 EDT | AverageAbsQYDiff          0.0532211
2017-05-11 20:56:53.229176 EDT | AverageAction             0.978554
2017-05-11 20:56:53.229508 EDT | PolicyRegParamNorm       20.5283
2017-05-11 20:56:53.229841 EDT | QFunRegParamNorm         30.3518
2017-05-11 20:56:53.230173 EDT | AverageForwardProgress    0.262717
2017-05-11 20:56:53.230504 EDT | MaxForwardProgress        0.463191
2017-05-11 20:56:53.230836 EDT | MinForwardProgress        0.0114708
2017-05-11 20:56:53.231168 EDT | StdForwardProgress        0.114105
2017-05-11 20:56:53.235560 EDT | -----------------------  -----------
2017-05-11 20:56:53.236073 EDT | [Averaged_PolyRL/PolyRL_DDPG_Complex_Humanoid/Final_Run_Large_LP_50] epoch #30 | Training started
2017-05-11 20:56:53.238450 EDT | [Averaged_PolyRL/PolyRL_DDPG_Complex_Humanoid/Final_Run_Large_LP_50] epoch #30 | Populating workers...
2017-05-11 20:56:53.238851 EDT | [Averaged_PolyRL/PolyRL_DDPG_Complex_Humanoid/Final_Run_Large_LP_50] epoch #30 | Populated
2017-05-11 20:59:57.728992 EDT | [Averaged_PolyRL/PolyRL_DDPG_Complex_Humanoid/Final_Run_Large_LP_50] epoch #30 | Training finished
2017-05-11 20:59:57.729904 EDT | [Averaged_PolyRL/PolyRL_DDPG_Complex_Humanoid/Final_Run_Large_LP_50] epoch #30 | Collecting samples for evaluation
2017-05-11 21:01:15.699386 EDT | -----------------------  ----------
2017-05-11 21:01:15.700182 EDT | Epoch                    30
2017-05-11 21:01:15.700450 EDT | AverageReturn            35.3055
2017-05-11 21:01:15.700687 EDT | StdReturn                19.4174
2017-05-11 21:01:15.700919 EDT | MaxReturn                80.3831
2017-05-11 21:01:15.701148 EDT | MinReturn                 2.74679
2017-05-11 21:01:15.701377 EDT | AverageEsReturn          35.2682
2017-05-11 21:01:15.701606 EDT | StdEsReturn              23.896
2017-05-11 21:01:15.701834 EDT | MaxEsReturn              73.7102
2017-05-11 21:01:15.702062 EDT | MinEsReturn               6.85364
2017-05-11 21:01:15.702290 EDT | AverageDiscountedReturn  22.7843
2017-05-11 21:01:15.702524 EDT | AverageQLoss              0.010158
2017-05-11 21:01:15.702753 EDT | AveragePolicySurr        -1.34749
2017-05-11 21:01:15.702982 EDT | AverageQ                  1.25408
2017-05-11 21:01:15.703211 EDT | AverageAbsQ               1.25423
2017-05-11 21:01:15.703458 EDT | AverageY                  1.25441
2017-05-11 21:01:15.703687 EDT | AverageAbsY               1.2545
2017-05-11 21:01:15.703916 EDT | AverageAbsQYDiff          0.0575975
2017-05-11 21:01:15.704143 EDT | AverageAction             0.982489
2017-05-11 21:01:15.704372 EDT | PolicyRegParamNorm       20.6766
2017-05-11 21:01:15.704600 EDT | QFunRegParamNorm         30.9403
2017-05-11 21:01:15.704828 EDT | AverageForwardProgress    0.178062
2017-05-11 21:01:15.705057 EDT | MaxForwardProgress        0.486544
2017-05-11 21:01:15.705285 EDT | MinForwardProgress       -0.0491731
2017-05-11 21:01:15.705513 EDT | StdForwardProgress        0.132631
2017-05-11 21:01:15.705741 EDT | -----------------------  ----------
2017-05-11 21:01:15.706128 EDT | [Averaged_PolyRL/PolyRL_DDPG_Complex_Humanoid/Final_Run_Large_LP_50] epoch #31 | Training started
2017-05-11 21:01:15.710339 EDT | [Averaged_PolyRL/PolyRL_DDPG_Complex_Humanoid/Final_Run_Large_LP_50] epoch #31 | Populating workers...
2017-05-11 21:01:15.710642 EDT | [Averaged_PolyRL/PolyRL_DDPG_Complex_Humanoid/Final_Run_Large_LP_50] epoch #31 | Populated
2017-05-11 21:04:48.013005 EDT | [Averaged_PolyRL/PolyRL_DDPG_Complex_Humanoid/Final_Run_Large_LP_50] epoch #31 | Training finished
2017-05-11 21:04:48.013900 EDT | [Averaged_PolyRL/PolyRL_DDPG_Complex_Humanoid/Final_Run_Large_LP_50] epoch #31 | Collecting samples for evaluation
2017-05-11 21:06:07.517433 EDT | -----------------------  ----------
2017-05-11 21:06:07.519491 EDT | Epoch                    31
2017-05-11 21:06:07.519841 EDT | AverageReturn            41.3956
2017-05-11 21:06:07.520123 EDT | StdReturn                15.4548
2017-05-11 21:06:07.520388 EDT | MaxReturn                73.8973
2017-05-11 21:06:07.520653 EDT | MinReturn                10.1576
2017-05-11 21:06:07.520914 EDT | AverageEsReturn          36.8333
2017-05-11 21:06:07.521176 EDT | StdEsReturn              21.1628
2017-05-11 21:06:07.521437 EDT | MaxEsReturn              73.1231
2017-05-11 21:06:07.521697 EDT | MinEsReturn               5.42302
2017-05-11 21:06:07.521957 EDT | AverageDiscountedReturn  26.0149
2017-05-11 21:06:07.522211 EDT | AverageQLoss              0.0113757
2017-05-11 21:06:07.522466 EDT | AveragePolicySurr        -1.43713
2017-05-11 21:06:07.522721 EDT | AverageQ                  1.33571
2017-05-11 21:06:07.522975 EDT | AverageAbsQ               1.33582
2017-05-11 21:06:07.523230 EDT | AverageY                  1.33606
2017-05-11 21:06:07.523514 EDT | AverageAbsY               1.33614
2017-05-11 21:06:07.523768 EDT | AverageAbsQYDiff          0.0611407
2017-05-11 21:06:07.524021 EDT | AverageAction             0.985051
2017-05-11 21:06:07.524274 EDT | PolicyRegParamNorm       20.8129
2017-05-11 21:06:07.524528 EDT | QFunRegParamNorm         31.5415
2017-05-11 21:06:07.524781 EDT | AverageForwardProgress    0.214468
2017-05-11 21:06:07.525034 EDT | MaxForwardProgress        0.428808
2017-05-11 21:06:07.525286 EDT | MinForwardProgress       -0.0113511
2017-05-11 21:06:07.525538 EDT | StdForwardProgress        0.106731
2017-05-11 21:06:07.525790 EDT | -----------------------  ----------
2017-05-11 21:06:07.526360 EDT | [Averaged_PolyRL/PolyRL_DDPG_Complex_Humanoid/Final_Run_Large_LP_50] epoch #32 | Training started
2017-05-11 21:06:07.529258 EDT | [Averaged_PolyRL/PolyRL_DDPG_Complex_Humanoid/Final_Run_Large_LP_50] epoch #32 | Populating workers...
2017-05-11 21:06:07.529576 EDT | [Averaged_PolyRL/PolyRL_DDPG_Complex_Humanoid/Final_Run_Large_LP_50] epoch #32 | Populated
2017-05-11 21:09:44.147630 EDT | [Averaged_PolyRL/PolyRL_DDPG_Complex_Humanoid/Final_Run_Large_LP_50] epoch #32 | Training finished
2017-05-11 21:09:44.148595 EDT | [Averaged_PolyRL/PolyRL_DDPG_Complex_Humanoid/Final_Run_Large_LP_50] epoch #32 | Collecting samples for evaluation
2017-05-11 21:10:58.537368 EDT | -----------------------  ----------
2017-05-11 21:10:58.538183 EDT | Epoch                    32
2017-05-11 21:10:58.538448 EDT | AverageReturn            66.3862
2017-05-11 21:10:58.538687 EDT | StdReturn                11.3642
2017-05-11 21:10:58.538919 EDT | MaxReturn                84.3852
2017-05-11 21:10:58.539149 EDT | MinReturn                22.4344
2017-05-11 21:10:58.539399 EDT | AverageEsReturn          46.6804
2017-05-11 21:10:58.539629 EDT | StdEsReturn              25.3954
2017-05-11 21:10:58.539858 EDT | MaxEsReturn              85.421
2017-05-11 21:10:58.540086 EDT | MinEsReturn               1.92614
2017-05-11 21:10:58.540315 EDT | AverageDiscountedReturn  39.0662
2017-05-11 21:10:58.540543 EDT | AverageQLoss              0.0109894
2017-05-11 21:10:58.540770 EDT | AveragePolicySurr        -1.54382
2017-05-11 21:10:58.540999 EDT | AverageQ                  1.44359
2017-05-11 21:10:58.541227 EDT | AverageAbsQ               1.44372
2017-05-11 21:10:58.541454 EDT | AverageY                  1.44385
2017-05-11 21:10:58.541681 EDT | AverageAbsY               1.44392
2017-05-11 21:10:58.541915 EDT | AverageAbsQYDiff          0.0619888
2017-05-11 21:10:58.542144 EDT | AverageAction             0.992784
2017-05-11 21:10:58.542372 EDT | PolicyRegParamNorm       21.0217
2017-05-11 21:10:58.542598 EDT | QFunRegParamNorm         32.1933
2017-05-11 21:10:58.543206 EDT | AverageForwardProgress    0.391285
2017-05-11 21:10:58.543716 EDT | MaxForwardProgress        0.511487
2017-05-11 21:10:58.544202 EDT | MinForwardProgress        0.0950657
2017-05-11 21:10:58.544687 EDT | StdForwardProgress        0.0777764
2017-05-11 21:10:58.545173 EDT | -----------------------  ----------
2017-05-11 21:10:58.545923 EDT | [Averaged_PolyRL/PolyRL_DDPG_Complex_Humanoid/Final_Run_Large_LP_50] epoch #33 | Training started
2017-05-11 21:10:58.547982 EDT | [Averaged_PolyRL/PolyRL_DDPG_Complex_Humanoid/Final_Run_Large_LP_50] epoch #33 | Populating workers...
2017-05-11 21:10:58.548561 EDT | [Averaged_PolyRL/PolyRL_DDPG_Complex_Humanoid/Final_Run_Large_LP_50] epoch #33 | Populated
2017-05-11 21:13:53.718560 EDT | [Averaged_PolyRL/PolyRL_DDPG_Complex_Humanoid/Final_Run_Large_LP_50] epoch #33 | Training finished
2017-05-11 21:13:53.719473 EDT | [Averaged_PolyRL/PolyRL_DDPG_Complex_Humanoid/Final_Run_Large_LP_50] epoch #33 | Collecting samples for evaluation
2017-05-11 21:15:05.678664 EDT | -----------------------  ----------
2017-05-11 21:15:05.679533 EDT | Epoch                    33
2017-05-11 21:15:05.679882 EDT | AverageReturn            17.8647
2017-05-11 21:15:05.680219 EDT | StdReturn                 5.13615
2017-05-11 21:15:05.680555 EDT | MaxReturn                41.0662
2017-05-11 21:15:05.680889 EDT | MinReturn                 7.0673
2017-05-11 21:15:05.681222 EDT | AverageEsReturn          44.9224
2017-05-11 21:15:05.681554 EDT | StdEsReturn              25.8449
2017-05-11 21:15:05.681887 EDT | MaxEsReturn              82.0958
2017-05-11 21:15:05.682218 EDT | MinEsReturn              14.2434
2017-05-11 21:15:05.682548 EDT | AverageDiscountedReturn  13.5469
2017-05-11 21:15:05.682879 EDT | AverageQLoss              0.0135189
2017-05-11 21:15:05.683209 EDT | AveragePolicySurr        -1.626
2017-05-11 21:15:05.683561 EDT | AverageQ                  1.53268
2017-05-11 21:15:05.683892 EDT | AverageAbsQ               1.53286
2017-05-11 21:15:05.684224 EDT | AverageY                  1.53298
2017-05-11 21:15:05.684556 EDT | AverageAbsY               1.53306
2017-05-11 21:15:05.684887 EDT | AverageAbsQYDiff          0.0660457
2017-05-11 21:15:05.685217 EDT | AverageAction             0.982693
2017-05-11 21:15:05.685549 EDT | PolicyRegParamNorm       21.2733
2017-05-11 21:15:05.685880 EDT | QFunRegParamNorm         32.8058
2017-05-11 21:15:05.686210 EDT | AverageForwardProgress    0.0645061
2017-05-11 21:15:05.686540 EDT | MaxForwardProgress        0.210255
2017-05-11 21:15:05.686871 EDT | MinForwardProgress       -0.0201059
2017-05-11 21:15:05.687202 EDT | StdForwardProgress        0.0388494
2017-05-11 21:15:05.687544 EDT | -----------------------  ----------
2017-05-11 21:15:05.688064 EDT | [Averaged_PolyRL/PolyRL_DDPG_Complex_Humanoid/Final_Run_Large_LP_50] epoch #34 | Training started
2017-05-11 21:15:05.689811 EDT | [Averaged_PolyRL/PolyRL_DDPG_Complex_Humanoid/Final_Run_Large_LP_50] epoch #34 | Populating workers...
2017-05-11 21:15:05.690187 EDT | [Averaged_PolyRL/PolyRL_DDPG_Complex_Humanoid/Final_Run_Large_LP_50] epoch #34 | Populated
2017-05-11 21:17:26.845514 EDT | [Averaged_PolyRL/PolyRL_DDPG_Complex_Humanoid/Final_Run_Large_LP_50] epoch #34 | Training finished
2017-05-11 21:17:27.166524 EDT | [Averaged_PolyRL/PolyRL_DDPG_Complex_Humanoid/Final_Run_Large_LP_50] epoch #34 | Collecting samples for evaluation
2017-05-11 21:17:59.191794 EDT | -----------------------  ----------
2017-05-11 21:17:59.545711 EDT | Epoch                    34
2017-05-11 21:17:59.546216 EDT | AverageReturn            27.3629
2017-05-11 21:17:59.546629 EDT | StdReturn                10.969
2017-05-11 21:17:59.547063 EDT | MaxReturn                58.4807
2017-05-11 21:17:59.547519 EDT | MinReturn                 8.08278
2017-05-11 21:17:59.547940 EDT | AverageEsReturn          18.949
2017-05-11 21:17:59.548360 EDT | StdEsReturn               8.92645
2017-05-11 21:17:59.548780 EDT | MaxEsReturn              41.95
2017-05-11 21:17:59.549201 EDT | MinEsReturn               0.979651
2017-05-11 21:17:59.549620 EDT | AverageDiscountedReturn  18.021
2017-05-11 21:17:59.550039 EDT | AverageQLoss              0.0159224
2017-05-11 21:17:59.550459 EDT | AveragePolicySurr        -1.72403
2017-05-11 21:17:59.550878 EDT | AverageQ                  1.621
2017-05-11 21:17:59.551296 EDT | AverageAbsQ               1.62123
2017-05-11 21:17:59.551725 EDT | AverageY                  1.62113
2017-05-11 21:17:59.552142 EDT | AverageAbsY               1.62123
2017-05-11 21:17:59.552560 EDT | AverageAbsQYDiff          0.0710962
2017-05-11 21:17:59.552978 EDT | AverageAction             0.973775
2017-05-11 21:17:59.553396 EDT | PolicyRegParamNorm       21.4595
2017-05-11 21:17:59.553815 EDT | QFunRegParamNorm         33.4338
2017-05-11 21:17:59.554230 EDT | AverageForwardProgress    0.115064
2017-05-11 21:17:59.554648 EDT | MaxForwardProgress        0.33387
2017-05-11 21:17:59.555070 EDT | MinForwardProgress       -0.0312268
2017-05-11 21:17:59.555501 EDT | StdForwardProgress        0.0757645
2017-05-11 21:17:59.555923 EDT | -----------------------  ----------
2017-05-11 21:17:59.556589 EDT | [Averaged_PolyRL/PolyRL_DDPG_Complex_Humanoid/Final_Run_Large_LP_50] epoch #35 | Training started
2017-05-11 21:17:59.557784 EDT | [Averaged_PolyRL/PolyRL_DDPG_Complex_Humanoid/Final_Run_Large_LP_50] epoch #35 | Populating workers...
2017-05-11 21:17:59.558234 EDT | [Averaged_PolyRL/PolyRL_DDPG_Complex_Humanoid/Final_Run_Large_LP_50] epoch #35 | Populated
2017-05-11 21:21:13.521843 EDT | [Averaged_PolyRL/PolyRL_DDPG_Complex_Humanoid/Final_Run_Large_LP_50] epoch #35 | Training finished
2017-05-11 21:21:13.522769 EDT | [Averaged_PolyRL/PolyRL_DDPG_Complex_Humanoid/Final_Run_Large_LP_50] epoch #35 | Collecting samples for evaluation
2017-05-11 21:22:19.609004 EDT | -----------------------  ----------
2017-05-11 21:22:19.609423 EDT | Epoch                    35
2017-05-11 21:22:19.609665 EDT | AverageReturn            45.2318
2017-05-11 21:22:19.609900 EDT | StdReturn                17.7827
2017-05-11 21:22:19.610134 EDT | MaxReturn                81.2776
2017-05-11 21:22:19.610363 EDT | MinReturn                -1.14363
2017-05-11 21:22:19.610594 EDT | AverageEsReturn          27.8456
2017-05-11 21:22:19.610822 EDT | StdEsReturn              18.5203
2017-05-11 21:22:19.611051 EDT | MaxEsReturn              72.6633
2017-05-11 21:22:19.611280 EDT | MinEsReturn               0.777067
2017-05-11 21:22:19.611534 EDT | AverageDiscountedReturn  30.6592
2017-05-11 21:22:19.611764 EDT | AverageQLoss              0.0167664
2017-05-11 21:22:19.611992 EDT | AveragePolicySurr        -1.79133
2017-05-11 21:22:19.612221 EDT | AverageQ                  1.69492
2017-05-11 21:22:19.612450 EDT | AverageAbsQ               1.69516
2017-05-11 21:22:19.612685 EDT | AverageY                  1.69522
2017-05-11 21:22:19.612914 EDT | AverageAbsY               1.69539
2017-05-11 21:22:19.613143 EDT | AverageAbsQYDiff          0.073954
2017-05-11 21:22:19.613372 EDT | AverageAction             0.975812
2017-05-11 21:22:19.613600 EDT | PolicyRegParamNorm       21.6359
2017-05-11 21:22:19.613829 EDT | QFunRegParamNorm         33.9473
2017-05-11 21:22:19.614058 EDT | AverageForwardProgress    0.263163
2017-05-11 21:22:19.614286 EDT | MaxForwardProgress        0.514102
2017-05-11 21:22:19.614511 EDT | MinForwardProgress       -0.0575966
2017-05-11 21:22:19.614734 EDT | StdForwardProgress        0.124113
2017-05-11 21:22:19.614958 EDT | -----------------------  ----------
2017-05-11 21:22:19.615342 EDT | [Averaged_PolyRL/PolyRL_DDPG_Complex_Humanoid/Final_Run_Large_LP_50] epoch #36 | Training started
2017-05-11 21:22:19.616239 EDT | [Averaged_PolyRL/PolyRL_DDPG_Complex_Humanoid/Final_Run_Large_LP_50] epoch #36 | Populating workers...
2017-05-11 21:22:19.616487 EDT | [Averaged_PolyRL/PolyRL_DDPG_Complex_Humanoid/Final_Run_Large_LP_50] epoch #36 | Populated
2017-05-11 21:25:31.971490 EDT | [Averaged_PolyRL/PolyRL_DDPG_Complex_Humanoid/Final_Run_Large_LP_50] epoch #36 | Training finished
2017-05-11 21:25:31.972385 EDT | [Averaged_PolyRL/PolyRL_DDPG_Complex_Humanoid/Final_Run_Large_LP_50] epoch #36 | Collecting samples for evaluation
2017-05-11 21:26:42.496294 EDT | -----------------------  ----------
2017-05-11 21:26:42.497199 EDT | Epoch                    36
2017-05-11 21:26:42.497544 EDT | AverageReturn            15.4744
2017-05-11 21:26:42.497882 EDT | StdReturn                11.2683
2017-05-11 21:26:42.498216 EDT | MaxReturn                50.555
2017-05-11 21:26:42.498547 EDT | MinReturn                -2.119
2017-05-11 21:26:42.498877 EDT | AverageEsReturn          21.6835
2017-05-11 21:26:42.499208 EDT | StdEsReturn              17.9964
2017-05-11 21:26:42.499559 EDT | MaxEsReturn              66.4486
2017-05-11 21:26:42.499891 EDT | MinEsReturn               1.44825
2017-05-11 21:26:42.500220 EDT | AverageDiscountedReturn  11.7072
2017-05-11 21:26:42.500552 EDT | AverageQLoss              0.0168726
2017-05-11 21:26:42.500881 EDT | AveragePolicySurr        -1.86407
2017-05-11 21:26:42.501211 EDT | AverageQ                  1.76803
2017-05-11 21:26:42.501540 EDT | AverageAbsQ               1.76827
2017-05-11 21:26:42.501871 EDT | AverageY                  1.76828
2017-05-11 21:26:42.502201 EDT | AverageAbsY               1.76841
2017-05-11 21:26:42.502530 EDT | AverageAbsQYDiff          0.0775292
2017-05-11 21:26:42.502859 EDT | AverageAction             0.976454
2017-05-11 21:26:42.503190 EDT | PolicyRegParamNorm       21.776
2017-05-11 21:26:42.503529 EDT | QFunRegParamNorm         34.5202
2017-05-11 21:26:42.503860 EDT | AverageForwardProgress    0.0580067
2017-05-11 21:26:42.504189 EDT | MaxForwardProgress        0.308592
2017-05-11 21:26:42.504520 EDT | MinForwardProgress       -0.0634393
2017-05-11 21:26:42.504852 EDT | StdForwardProgress        0.0757488
2017-05-11 21:26:42.505183 EDT | -----------------------  ----------
2017-05-11 21:26:42.505701 EDT | [Averaged_PolyRL/PolyRL_DDPG_Complex_Humanoid/Final_Run_Large_LP_50] epoch #37 | Training started
2017-05-11 21:26:42.506600 EDT | [Averaged_PolyRL/PolyRL_DDPG_Complex_Humanoid/Final_Run_Large_LP_50] epoch #37 | Populating workers...
2017-05-11 21:26:42.506956 EDT | [Averaged_PolyRL/PolyRL_DDPG_Complex_Humanoid/Final_Run_Large_LP_50] epoch #37 | Populated
2017-05-11 21:29:48.814147 EDT | [Averaged_PolyRL/PolyRL_DDPG_Complex_Humanoid/Final_Run_Large_LP_50] epoch #37 | Training finished
2017-05-11 21:29:48.815017 EDT | [Averaged_PolyRL/PolyRL_DDPG_Complex_Humanoid/Final_Run_Large_LP_50] epoch #37 | Collecting samples for evaluation
2017-05-11 21:31:01.298514 EDT | -----------------------  -----------
2017-05-11 21:31:01.299330 EDT | Epoch                     37
2017-05-11 21:31:01.299626 EDT | AverageReturn             26.1762
2017-05-11 21:31:01.299878 EDT | StdReturn                 18.7409
2017-05-11 21:31:01.300129 EDT | MaxReturn                101.671
2017-05-11 21:31:01.300373 EDT | MinReturn                 -2.23136
2017-05-11 21:31:01.300615 EDT | AverageEsReturn           21.1306
2017-05-11 21:31:01.300857 EDT | StdEsReturn               14.2937
2017-05-11 21:31:01.301097 EDT | MaxEsReturn               45.1623
2017-05-11 21:31:01.301336 EDT | MinEsReturn                0.36884
2017-05-11 21:31:01.301572 EDT | AverageDiscountedReturn   18.6882
2017-05-11 21:31:01.301806 EDT | AverageQLoss               0.0192364
2017-05-11 21:31:01.302041 EDT | AveragePolicySurr         -1.90956
2017-05-11 21:31:01.302274 EDT | AverageQ                   1.82704
2017-05-11 21:31:01.302508 EDT | AverageAbsQ                1.8273
2017-05-11 21:31:01.302740 EDT | AverageY                   1.82734
2017-05-11 21:31:01.302973 EDT | AverageAbsY                1.82753
2017-05-11 21:31:01.303204 EDT | AverageAbsQYDiff           0.0837911
2017-05-11 21:31:01.303448 EDT | AverageAction              0.973147
2017-05-11 21:31:01.303681 EDT | PolicyRegParamNorm        21.9237
2017-05-11 21:31:01.303915 EDT | QFunRegParamNorm          35.1037
2017-05-11 21:31:01.304148 EDT | AverageForwardProgress     0.131609
2017-05-11 21:31:01.304382 EDT | MaxForwardProgress         0.661364
2017-05-11 21:31:01.304616 EDT | MinForwardProgress        -0.0657729
2017-05-11 21:31:01.304849 EDT | StdForwardProgress         0.1301
2017-05-11 21:31:01.305081 EDT | -----------------------  -----------
2017-05-11 21:31:01.305448 EDT | [Averaged_PolyRL/PolyRL_DDPG_Complex_Humanoid/Final_Run_Large_LP_50] epoch #38 | Training started
2017-05-11 21:31:01.306297 EDT | [Averaged_PolyRL/PolyRL_DDPG_Complex_Humanoid/Final_Run_Large_LP_50] epoch #38 | Populating workers...
2017-05-11 21:31:01.306549 EDT | [Averaged_PolyRL/PolyRL_DDPG_Complex_Humanoid/Final_Run_Large_LP_50] epoch #38 | Populated
