2017-05-08 20:55:34.796074 EDT | [Tensorflow_RLLAB_Results/PolyRL/Ant/] observation space: Box(111,)
2017-05-08 20:55:34.796653 EDT | [Tensorflow_RLLAB_Results/PolyRL/Ant/] action space: Box(8,)
2017-05-08 20:55:36.495120 EDT | [Tensorflow_RLLAB_Results/PolyRL/Ant/] Populating workers...
2017-05-08 20:55:36.495480 EDT | [Tensorflow_RLLAB_Results/PolyRL/Ant/] Populated
2017-05-08 20:55:37.527915 EDT | [Tensorflow_RLLAB_Results/PolyRL/Ant/] epoch #0 | Training started
2017-05-08 20:55:37.683652 EDT | [Tensorflow_RLLAB_Results/PolyRL/Ant/] epoch #0 | Populating workers...
2017-05-08 20:55:37.684157 EDT | [Tensorflow_RLLAB_Results/PolyRL/Ant/] epoch #0 | Populated
2017-05-08 20:57:12.022443 EDT | [Tensorflow_RLLAB_Results/PolyRL/Ant/] epoch #0 | Training finished
2017-05-08 20:57:12.024390 EDT | [Tensorflow_RLLAB_Results/PolyRL/Ant/] epoch #0 | Trained qf 0 steps, policy 0 steps
2017-05-08 20:57:12.024707 EDT | [Tensorflow_RLLAB_Results/PolyRL/Ant/] epoch #1 | Training started
2017-05-08 20:57:12.410931 EDT | [Tensorflow_RLLAB_Results/PolyRL/Ant/] epoch #1 | Populating workers...
2017-05-08 20:57:12.411405 EDT | [Tensorflow_RLLAB_Results/PolyRL/Ant/] epoch #1 | Populated
2017-05-08 20:59:27.464345 EDT | [Tensorflow_RLLAB_Results/PolyRL/Ant/] epoch #1 | Training finished
2017-05-08 20:59:27.465445 EDT | [Tensorflow_RLLAB_Results/PolyRL/Ant/] epoch #1 | Trained qf 0 steps, policy 0 steps
2017-05-08 20:59:27.466008 EDT | [Tensorflow_RLLAB_Results/PolyRL/Ant/] epoch #2 | Training started
2017-05-08 20:59:27.954388 EDT | [Tensorflow_RLLAB_Results/PolyRL/Ant/] epoch #2 | Populating workers...
2017-05-08 20:59:27.955015 EDT | [Tensorflow_RLLAB_Results/PolyRL/Ant/] epoch #2 | Populated
2017-05-08 21:00:54.609485 EDT | [Tensorflow_RLLAB_Results/PolyRL/Ant/] epoch #2 | Training finished
2017-05-08 21:00:54.610423 EDT | [Tensorflow_RLLAB_Results/PolyRL/Ant/] epoch #2 | Trained qf 0 steps, policy 0 steps
2017-05-08 21:00:54.610737 EDT | [Tensorflow_RLLAB_Results/PolyRL/Ant/] epoch #3 | Training started
2017-05-08 21:00:55.022678 EDT | [Tensorflow_RLLAB_Results/PolyRL/Ant/] epoch #3 | Populating workers...
2017-05-08 21:00:55.023412 EDT | [Tensorflow_RLLAB_Results/PolyRL/Ant/] epoch #3 | Populated
2017-05-08 21:02:10.385487 EDT | [Tensorflow_RLLAB_Results/PolyRL/Ant/] epoch #3 | Training finished
2017-05-08 21:02:10.388493 EDT | [Tensorflow_RLLAB_Results/PolyRL/Ant/] epoch #3 | Trained qf 0 steps, policy 0 steps
2017-05-08 21:02:10.388907 EDT | [Tensorflow_RLLAB_Results/PolyRL/Ant/] epoch #4 | Training started
2017-05-08 21:02:10.755906 EDT | [Tensorflow_RLLAB_Results/PolyRL/Ant/] epoch #4 | Populating workers...
2017-05-08 21:02:10.756693 EDT | [Tensorflow_RLLAB_Results/PolyRL/Ant/] epoch #4 | Populated
2017-05-08 21:03:31.640362 EDT | [Tensorflow_RLLAB_Results/PolyRL/Ant/] epoch #4 | Training finished
2017-05-08 21:03:31.642214 EDT | [Tensorflow_RLLAB_Results/PolyRL/Ant/] epoch #4 | Trained qf 0 steps, policy 0 steps
2017-05-08 21:03:31.642556 EDT | [Tensorflow_RLLAB_Results/PolyRL/Ant/] epoch #5 | Training started
2017-05-08 21:03:32.715756 EDT | [Tensorflow_RLLAB_Results/PolyRL/Ant/] epoch #5 | Populating workers...
2017-05-08 21:03:32.717332 EDT | [Tensorflow_RLLAB_Results/PolyRL/Ant/] epoch #5 | Populated
2017-05-08 21:05:08.442953 EDT | [Tensorflow_RLLAB_Results/PolyRL/Ant/] epoch #5 | Training finished
2017-05-08 21:05:08.446591 EDT | [Tensorflow_RLLAB_Results/PolyRL/Ant/] epoch #5 | Trained qf 0 steps, policy 0 steps
2017-05-08 21:05:08.446905 EDT | [Tensorflow_RLLAB_Results/PolyRL/Ant/] epoch #6 | Training started
2017-05-08 21:05:09.203513 EDT | [Tensorflow_RLLAB_Results/PolyRL/Ant/] epoch #6 | Populating workers...
2017-05-08 21:05:09.204058 EDT | [Tensorflow_RLLAB_Results/PolyRL/Ant/] epoch #6 | Populated
2017-05-08 21:06:41.223201 EDT | [Tensorflow_RLLAB_Results/PolyRL/Ant/] epoch #6 | Training finished
2017-05-08 21:06:41.224255 EDT | [Tensorflow_RLLAB_Results/PolyRL/Ant/] epoch #6 | Trained qf 0 steps, policy 0 steps
2017-05-08 21:06:41.224689 EDT | [Tensorflow_RLLAB_Results/PolyRL/Ant/] epoch #7 | Training started
2017-05-08 21:06:42.332637 EDT | [Tensorflow_RLLAB_Results/PolyRL/Ant/] epoch #7 | Populating workers...
2017-05-08 21:06:42.345897 EDT | [Tensorflow_RLLAB_Results/PolyRL/Ant/] epoch #7 | Populated
2017-05-08 21:08:11.700875 EDT | [Tensorflow_RLLAB_Results/PolyRL/Ant/] epoch #7 | Training finished
2017-05-08 21:08:11.702359 EDT | [Tensorflow_RLLAB_Results/PolyRL/Ant/] epoch #7 | Trained qf 0 steps, policy 0 steps
2017-05-08 21:08:11.702815 EDT | [Tensorflow_RLLAB_Results/PolyRL/Ant/] epoch #8 | Training started
2017-05-08 21:08:12.646589 EDT | [Tensorflow_RLLAB_Results/PolyRL/Ant/] epoch #8 | Populating workers...
2017-05-08 21:08:12.647301 EDT | [Tensorflow_RLLAB_Results/PolyRL/Ant/] epoch #8 | Populated
2017-05-08 21:09:40.640122 EDT | [Tensorflow_RLLAB_Results/PolyRL/Ant/] epoch #8 | Training finished
2017-05-08 21:09:40.640851 EDT | [Tensorflow_RLLAB_Results/PolyRL/Ant/] epoch #8 | Trained qf 0 steps, policy 0 steps
2017-05-08 21:09:40.641178 EDT | [Tensorflow_RLLAB_Results/PolyRL/Ant/] epoch #9 | Training started
2017-05-08 21:09:41.649946 EDT | [Tensorflow_RLLAB_Results/PolyRL/Ant/] epoch #9 | Populating workers...
2017-05-08 21:09:41.650956 EDT | [Tensorflow_RLLAB_Results/PolyRL/Ant/] epoch #9 | Populated
2017-05-08 21:11:21.394671 EDT | [Tensorflow_RLLAB_Results/PolyRL/Ant/] epoch #9 | Training finished
2017-05-08 21:11:21.395406 EDT | [Tensorflow_RLLAB_Results/PolyRL/Ant/] epoch #9 | Trained qf 0 steps, policy 0 steps
2017-05-08 21:11:21.395730 EDT | [Tensorflow_RLLAB_Results/PolyRL/Ant/] epoch #10 | Training started
2017-05-08 21:11:22.417612 EDT | [Tensorflow_RLLAB_Results/PolyRL/Ant/] epoch #10 | Populating workers...
2017-05-08 21:11:22.418367 EDT | [Tensorflow_RLLAB_Results/PolyRL/Ant/] epoch #10 | Populated
2017-05-08 21:13:24.946385 EDT | [Tensorflow_RLLAB_Results/PolyRL/Ant/] epoch #10 | Training finished
2017-05-08 21:13:24.947369 EDT | [Tensorflow_RLLAB_Results/PolyRL/Ant/] epoch #10 | Trained qf 998 steps, policy 998 steps
2017-05-08 21:13:24.947746 EDT | [Tensorflow_RLLAB_Results/PolyRL/Ant/] epoch #10 | Collecting samples for evaluation
2017-05-08 21:13:57.983323 EDT | -----------------------  -----------
2017-05-08 21:13:57.983746 EDT | Epoch                      10
2017-05-08 21:13:57.983999 EDT | Iteration                  10
2017-05-08 21:13:57.984248 EDT | AverageReturn             947.264
2017-05-08 21:13:57.984488 EDT | StdReturn                  11.1107
2017-05-08 21:13:57.984725 EDT | MaxReturn                 963.33
2017-05-08 21:13:57.984962 EDT | MinReturn                 925.956
2017-05-08 21:13:57.985197 EDT | AverageEsReturn          -256.025
2017-05-08 21:13:57.985432 EDT | StdEsReturn               213.369
2017-05-08 21:13:57.985666 EDT | MaxEsReturn               -10.2746
2017-05-08 21:13:57.985917 EDT | MinEsReturn              -754.041
2017-05-08 21:13:57.986154 EDT | AverageDiscountedReturn    90.4111
2017-05-08 21:13:57.986390 EDT | AverageQLoss                0.212711
2017-05-08 21:13:57.986637 EDT | AveragePolicySurr          -0.429707
2017-05-08 21:13:57.986871 EDT | AverageQ                   -0.357786
2017-05-08 21:13:57.987112 EDT | AverageAbsQ                 0.546098
2017-05-08 21:13:57.987347 EDT | AverageY                   -0.352694
2017-05-08 21:13:57.987580 EDT | AverageAbsY                 0.670012
2017-05-08 21:13:57.987814 EDT | AverageAbsQYDiff            0.348998
2017-05-08 21:13:57.988047 EDT | AverageAction               0.01324
2017-05-08 21:13:57.988281 EDT | PolicyRegParamNorm         15.0912
2017-05-08 21:13:57.988516 EDT | QFunRegParamNorm           15.1941
2017-05-08 21:13:57.988750 EDT | -----------------------  -----------
2017-05-08 21:13:57.989218 EDT | [Tensorflow_RLLAB_Results/PolyRL/Ant/] epoch #11 | Training started
2017-05-08 21:13:58.838370 EDT | [Tensorflow_RLLAB_Results/PolyRL/Ant/] epoch #11 | Populating workers...
2017-05-08 21:13:58.838870 EDT | [Tensorflow_RLLAB_Results/PolyRL/Ant/] epoch #11 | Populated
