2017-05-07 16:34:20.943517 EDT | [Averaged_Random/Random_DDPG_Complex_Humanoid/Experiment_0] Populating workers...
2017-05-07 16:34:20.944681 EDT | [Averaged_Random/Random_DDPG_Complex_Humanoid/Experiment_0] Populated
2017-05-07 16:34:37.003968 EDT | [Averaged_Random/Random_DDPG_Complex_Humanoid/Experiment_0] epoch #0 | Training started
2017-05-07 16:34:37.005757 EDT | [Averaged_Random/Random_DDPG_Complex_Humanoid/Experiment_0] epoch #0 | Populating workers...
2017-05-07 16:34:37.006440 EDT | [Averaged_Random/Random_DDPG_Complex_Humanoid/Experiment_0] epoch #0 | Populated
2017-05-07 16:39:32.497996 EDT | [Averaged_Random/Random_DDPG_Complex_Humanoid/Experiment_0] epoch #0 | Training finished
2017-05-07 16:39:32.500844 EDT | [Averaged_Random/Random_DDPG_Complex_Humanoid/Experiment_0] epoch #1 | Training started
2017-05-07 16:39:32.505715 EDT | [Averaged_Random/Random_DDPG_Complex_Humanoid/Experiment_0] epoch #1 | Populating workers...
2017-05-07 16:39:32.513853 EDT | [Averaged_Random/Random_DDPG_Complex_Humanoid/Experiment_0] epoch #1 | Populated
2017-05-07 16:44:54.995839 EDT | [Averaged_Random/Random_DDPG_Complex_Humanoid/Experiment_0] epoch #1 | Training finished
2017-05-07 16:44:54.998684 EDT | [Averaged_Random/Random_DDPG_Complex_Humanoid/Experiment_0] epoch #2 | Training started
2017-05-07 16:44:55.002123 EDT | [Averaged_Random/Random_DDPG_Complex_Humanoid/Experiment_0] epoch #2 | Populating workers...
2017-05-07 16:44:55.010904 EDT | [Averaged_Random/Random_DDPG_Complex_Humanoid/Experiment_0] epoch #2 | Populated
2017-05-07 16:50:18.280527 EDT | [Averaged_Random/Random_DDPG_Complex_Humanoid/Experiment_0] epoch #2 | Training finished
2017-05-07 16:50:18.284564 EDT | [Averaged_Random/Random_DDPG_Complex_Humanoid/Experiment_0] epoch #3 | Training started
2017-05-07 16:50:18.287089 EDT | [Averaged_Random/Random_DDPG_Complex_Humanoid/Experiment_0] epoch #3 | Populating workers...
2017-05-07 16:50:18.287474 EDT | [Averaged_Random/Random_DDPG_Complex_Humanoid/Experiment_0] epoch #3 | Populated
2017-05-07 16:56:47.585447 EDT | [Averaged_Random/Random_DDPG_Complex_Humanoid/Experiment_0] epoch #3 | Training finished
2017-05-07 16:56:47.602795 EDT | [Averaged_Random/Random_DDPG_Complex_Humanoid/Experiment_0] epoch #4 | Training started
2017-05-07 16:56:47.605408 EDT | [Averaged_Random/Random_DDPG_Complex_Humanoid/Experiment_0] epoch #4 | Populating workers...
2017-05-07 16:56:47.616875 EDT | [Averaged_Random/Random_DDPG_Complex_Humanoid/Experiment_0] epoch #4 | Populated
2017-05-07 17:02:41.130396 EDT | [Averaged_Random/Random_DDPG_Complex_Humanoid/Experiment_0] epoch #4 | Training finished
2017-05-07 17:02:41.135328 EDT | [Averaged_Random/Random_DDPG_Complex_Humanoid/Experiment_0] epoch #5 | Training started
2017-05-07 17:02:41.137986 EDT | [Averaged_Random/Random_DDPG_Complex_Humanoid/Experiment_0] epoch #5 | Populating workers...
2017-05-07 17:02:41.146473 EDT | [Averaged_Random/Random_DDPG_Complex_Humanoid/Experiment_0] epoch #5 | Populated
2017-05-07 17:08:34.436736 EDT | [Averaged_Random/Random_DDPG_Complex_Humanoid/Experiment_0] epoch #5 | Training finished
2017-05-07 17:08:34.439552 EDT | [Averaged_Random/Random_DDPG_Complex_Humanoid/Experiment_0] epoch #6 | Training started
2017-05-07 17:08:34.443610 EDT | [Averaged_Random/Random_DDPG_Complex_Humanoid/Experiment_0] epoch #6 | Populating workers...
2017-05-07 17:08:34.452690 EDT | [Averaged_Random/Random_DDPG_Complex_Humanoid/Experiment_0] epoch #6 | Populated
2017-05-07 17:15:14.703196 EDT | [Averaged_Random/Random_DDPG_Complex_Humanoid/Experiment_0] epoch #6 | Training finished
2017-05-07 17:15:14.705354 EDT | [Averaged_Random/Random_DDPG_Complex_Humanoid/Experiment_0] epoch #7 | Training started
2017-05-07 17:15:14.708099 EDT | [Averaged_Random/Random_DDPG_Complex_Humanoid/Experiment_0] epoch #7 | Populating workers...
2017-05-07 17:15:14.708560 EDT | [Averaged_Random/Random_DDPG_Complex_Humanoid/Experiment_0] epoch #7 | Populated
2017-05-07 17:21:31.611259 EDT | [Averaged_Random/Random_DDPG_Complex_Humanoid/Experiment_0] epoch #7 | Training finished
2017-05-07 17:21:31.616610 EDT | [Averaged_Random/Random_DDPG_Complex_Humanoid/Experiment_0] epoch #8 | Training started
2017-05-07 17:21:31.619554 EDT | [Averaged_Random/Random_DDPG_Complex_Humanoid/Experiment_0] epoch #8 | Populating workers...
2017-05-07 17:21:31.619978 EDT | [Averaged_Random/Random_DDPG_Complex_Humanoid/Experiment_0] epoch #8 | Populated
2017-05-07 17:27:20.684208 EDT | [Averaged_Random/Random_DDPG_Complex_Humanoid/Experiment_0] epoch #8 | Training finished
2017-05-07 17:27:20.689004 EDT | [Averaged_Random/Random_DDPG_Complex_Humanoid/Experiment_0] epoch #9 | Training started
2017-05-07 17:27:20.692691 EDT | [Averaged_Random/Random_DDPG_Complex_Humanoid/Experiment_0] epoch #9 | Populating workers...
2017-05-07 17:27:20.693137 EDT | [Averaged_Random/Random_DDPG_Complex_Humanoid/Experiment_0] epoch #9 | Populated
2017-05-07 17:33:24.262880 EDT | [Averaged_Random/Random_DDPG_Complex_Humanoid/Experiment_0] epoch #9 | Training finished
2017-05-07 17:33:24.266043 EDT | [Averaged_Random/Random_DDPG_Complex_Humanoid/Experiment_0] epoch #9 | Collecting samples for evaluation
2017-05-07 17:36:12.350445 EDT | -----------------------  ------------
2017-05-07 17:36:12.351803 EDT | Epoch                     9
2017-05-07 17:36:12.352903 EDT | AverageReturn             6.32459
2017-05-07 17:36:12.355274 EDT | StdReturn                 3.96942
2017-05-07 17:36:12.357406 EDT | MaxReturn                17.4635
2017-05-07 17:36:12.363544 EDT | MinReturn                -7.27987
2017-05-07 17:36:12.365861 EDT | AverageEsReturn          23.3632
2017-05-07 17:36:12.368044 EDT | StdEsReturn               9.55779
2017-05-07 17:36:12.370071 EDT | MaxEsReturn              44.6304
2017-05-07 17:36:12.372626 EDT | MinEsReturn              -0.40794
2017-05-07 17:36:12.375025 EDT | AverageDiscountedReturn   5.393
2017-05-07 17:36:12.376825 EDT | AverageQLoss              0.000143937
2017-05-07 17:36:12.378623 EDT | AveragePolicySurr        -0.00376464
2017-05-07 17:36:12.380816 EDT | AverageQ                  0.00463887
2017-05-07 17:36:12.382908 EDT | AverageAbsQ               0.00463887
2017-05-07 17:36:12.385333 EDT | AverageY                 -0.00602381
2017-05-07 17:36:12.386821 EDT | AverageAbsY               0.00668117
2017-05-07 17:36:12.388301 EDT | AverageAbsQYDiff          0.0107276
2017-05-07 17:36:12.389866 EDT | AverageAction             0.999553
2017-05-07 17:36:12.391393 EDT | PolicyRegParamNorm       17.5831
2017-05-07 17:36:12.393219 EDT | QFunRegParamNorm         17.0364
2017-05-07 17:36:12.394823 EDT | AverageForwardProgress    0.00114379
2017-05-07 17:36:12.397846 EDT | MaxForwardProgress        0.0861506
2017-05-07 17:36:12.399943 EDT | MinForwardProgress       -0.104255
2017-05-07 17:36:12.402311 EDT | StdForwardProgress        0.0310299
2017-05-07 17:36:12.405379 EDT | -----------------------  ------------
2017-05-07 17:36:12.407936 EDT | [Averaged_Random/Random_DDPG_Complex_Humanoid/Experiment_0] epoch #10 | Training started
2017-05-07 17:36:12.421280 EDT | [Averaged_Random/Random_DDPG_Complex_Humanoid/Experiment_0] epoch #10 | Populating workers...
2017-05-07 17:36:12.424483 EDT | [Averaged_Random/Random_DDPG_Complex_Humanoid/Experiment_0] epoch #10 | Populated
2017-05-07 17:42:52.934310 EDT | [Averaged_Random/Random_DDPG_Complex_Humanoid/Experiment_0] epoch #10 | Training finished
2017-05-07 17:42:52.935488 EDT | [Averaged_Random/Random_DDPG_Complex_Humanoid/Experiment_0] epoch #10 | Collecting samples for evaluation
2017-05-07 17:45:33.235402 EDT | -----------------------  -------------
2017-05-07 17:45:33.236469 EDT | Epoch                     10
2017-05-07 17:45:33.236831 EDT | AverageReturn              4.61318
2017-05-07 17:45:33.237164 EDT | StdReturn                  9.27697
2017-05-07 17:45:33.237506 EDT | MaxReturn                 24.2911
2017-05-07 17:45:33.237871 EDT | MinReturn                -22.4923
2017-05-07 17:45:33.238206 EDT | AverageEsReturn            5.64869
2017-05-07 17:45:33.238645 EDT | StdEsReturn                8.02255
2017-05-07 17:45:33.239033 EDT | MaxEsReturn               20.321
2017-05-07 17:45:33.239456 EDT | MinEsReturn              -13.4283
2017-05-07 17:45:33.239852 EDT | AverageDiscountedReturn    4.04706
2017-05-07 17:45:33.240225 EDT | AverageQLoss               7.46353e-06
2017-05-07 17:45:33.240660 EDT | AveragePolicySurr         -0.00200291
2017-05-07 17:45:33.241006 EDT | AverageQ                   0.00200201
2017-05-07 17:45:33.241362 EDT | AverageAbsQ                0.00258869
2017-05-07 17:45:33.241739 EDT | AverageY                   0.00200586
2017-05-07 17:45:33.242065 EDT | AverageAbsY                0.00312609
2017-05-07 17:45:33.242448 EDT | AverageAbsQYDiff           0.00204375
2017-05-07 17:45:33.242809 EDT | AverageAction              0.957216
2017-05-07 17:45:33.243224 EDT | PolicyRegParamNorm        17.5511
2017-05-07 17:45:33.243546 EDT | QFunRegParamNorm          17.4042
2017-05-07 17:45:33.243922 EDT | AverageForwardProgress    -0.0645266
2017-05-07 17:45:33.244271 EDT | MaxForwardProgress         0.0863035
2017-05-07 17:45:33.244653 EDT | MinForwardProgress        -0.277964
2017-05-07 17:45:33.245067 EDT | StdForwardProgress         0.0737777
2017-05-07 17:45:33.245395 EDT | -----------------------  -------------
2017-05-07 17:45:33.246084 EDT | [Averaged_Random/Random_DDPG_Complex_Humanoid/Experiment_0] epoch #11 | Training started
2017-05-07 17:45:33.250383 EDT | [Averaged_Random/Random_DDPG_Complex_Humanoid/Experiment_0] epoch #11 | Populating workers...
2017-05-07 17:45:33.258696 EDT | [Averaged_Random/Random_DDPG_Complex_Humanoid/Experiment_0] epoch #11 | Populated
2017-05-07 17:52:06.288954 EDT | [Averaged_Random/Random_DDPG_Complex_Humanoid/Experiment_0] epoch #11 | Training finished
2017-05-07 17:52:06.290129 EDT | [Averaged_Random/Random_DDPG_Complex_Humanoid/Experiment_0] epoch #11 | Collecting samples for evaluation
2017-05-07 17:55:03.391863 EDT | -----------------------  -------------
2017-05-07 17:55:03.393048 EDT | Epoch                     11
2017-05-07 17:55:03.393449 EDT | AverageReturn              5.75706
2017-05-07 17:55:03.393820 EDT | StdReturn                  9.86818
2017-05-07 17:55:03.394183 EDT | MaxReturn                 28.7401
2017-05-07 17:55:03.394522 EDT | MinReturn                -18.3082
2017-05-07 17:55:03.394865 EDT | AverageEsReturn            6.77859
2017-05-07 17:55:03.395245 EDT | StdEsReturn                8.43672
2017-05-07 17:55:03.395633 EDT | MaxEsReturn               26.2348
2017-05-07 17:55:03.396002 EDT | MinEsReturn               -4.17563
2017-05-07 17:55:03.396346 EDT | AverageDiscountedReturn    4.90787
2017-05-07 17:55:03.396682 EDT | AverageQLoss               3.65058e-06
2017-05-07 17:55:03.397012 EDT | AveragePolicySurr         -0.00498063
2017-05-07 17:55:03.397343 EDT | AverageQ                   0.00497494
2017-05-07 17:55:03.397670 EDT | AverageAbsQ                0.00497494
2017-05-07 17:55:03.398150 EDT | AverageY                   0.00497892
2017-05-07 17:55:03.398536 EDT | AverageAbsY                0.00500786
2017-05-07 17:55:03.398853 EDT | AverageAbsQYDiff           0.00149765
2017-05-07 17:55:03.399169 EDT | AverageAction              0.957069
2017-05-07 17:55:03.399514 EDT | PolicyRegParamNorm        17.5512
2017-05-07 17:55:03.399829 EDT | QFunRegParamNorm          17.9622
2017-05-07 17:55:03.400141 EDT | AverageForwardProgress    -0.0548597
2017-05-07 17:55:03.400453 EDT | MaxForwardProgress         0.129508
2017-05-07 17:55:03.400772 EDT | MinForwardProgress        -0.251677
2017-05-07 17:55:03.401089 EDT | StdForwardProgress         0.0771022
2017-05-07 17:55:03.401401 EDT | -----------------------  -------------
2017-05-07 17:55:03.401967 EDT | [Averaged_Random/Random_DDPG_Complex_Humanoid/Experiment_0] epoch #12 | Training started
2017-05-07 17:55:03.404232 EDT | [Averaged_Random/Random_DDPG_Complex_Humanoid/Experiment_0] epoch #12 | Populating workers...
2017-05-07 17:55:03.404688 EDT | [Averaged_Random/Random_DDPG_Complex_Humanoid/Experiment_0] epoch #12 | Populated
2017-05-07 18:02:17.635485 EDT | [Averaged_Random/Random_DDPG_Complex_Humanoid/Experiment_0] epoch #12 | Training finished
2017-05-07 18:02:17.638059 EDT | [Averaged_Random/Random_DDPG_Complex_Humanoid/Experiment_0] epoch #12 | Collecting samples for evaluation
2017-05-07 18:05:19.302972 EDT | -----------------------  -------------
2017-05-07 18:05:19.307615 EDT | Epoch                     12
2017-05-07 18:05:19.308227 EDT | AverageReturn              6.00231
2017-05-07 18:05:19.309120 EDT | StdReturn                 10.3907
2017-05-07 18:05:19.310006 EDT | MaxReturn                 52.286
2017-05-07 18:05:19.310858 EDT | MinReturn                -19.3227
2017-05-07 18:05:19.311720 EDT | AverageEsReturn            8.37757
2017-05-07 18:05:19.312605 EDT | StdEsReturn                9.75456
2017-05-07 18:05:19.313457 EDT | MaxEsReturn               27.8179
2017-05-07 18:05:19.314316 EDT | MinEsReturn               -7.78154
2017-05-07 18:05:19.315188 EDT | AverageDiscountedReturn    4.82912
2017-05-07 18:05:19.316037 EDT | AverageQLoss               4.14154e-06
2017-05-07 18:05:19.316890 EDT | AveragePolicySurr         -0.00756067
2017-05-07 18:05:19.318524 EDT | AverageQ                   0.00755397
2017-05-07 18:05:19.319804 EDT | AverageAbsQ                0.00755397
2017-05-07 18:05:19.321500 EDT | AverageY                   0.00755713
2017-05-07 18:05:19.323645 EDT | AverageAbsY                0.00756916
2017-05-07 18:05:19.325374 EDT | AverageAbsQYDiff           0.00159006
2017-05-07 18:05:19.327153 EDT | AverageAction              0.970053
2017-05-07 18:05:19.329263 EDT | PolicyRegParamNorm        17.5537
2017-05-07 18:05:19.334736 EDT | QFunRegParamNorm          18.6458
2017-05-07 18:05:19.337907 EDT | AverageForwardProgress    -0.0545379
2017-05-07 18:05:19.341258 EDT | MaxForwardProgress         0.204759
2017-05-07 18:05:19.344884 EDT | MinForwardProgress        -0.261929
2017-05-07 18:05:19.348147 EDT | StdForwardProgress         0.0763264
2017-05-07 18:05:19.351457 EDT | -----------------------  -------------
2017-05-07 18:05:19.355560 EDT | [Averaged_Random/Random_DDPG_Complex_Humanoid/Experiment_0] epoch #13 | Training started
2017-05-07 18:05:19.363921 EDT | [Averaged_Random/Random_DDPG_Complex_Humanoid/Experiment_0] epoch #13 | Populating workers...
2017-05-07 18:05:19.386013 EDT | [Averaged_Random/Random_DDPG_Complex_Humanoid/Experiment_0] epoch #13 | Populated
2017-05-07 18:10:44.270901 EDT | [Averaged_Random/Random_DDPG_Complex_Humanoid/Experiment_0] epoch #13 | Training finished
2017-05-07 18:10:44.282719 EDT | [Averaged_Random/Random_DDPG_Complex_Humanoid/Experiment_0] epoch #13 | Collecting samples for evaluation
2017-05-07 18:13:00.701796 EDT | -----------------------  -------------
2017-05-07 18:13:00.702807 EDT | Epoch                     13
2017-05-07 18:13:00.703207 EDT | AverageReturn              4.13515
2017-05-07 18:13:00.703562 EDT | StdReturn                 10.24
2017-05-07 18:13:00.703890 EDT | MaxReturn                 30.0171
2017-05-07 18:13:00.704211 EDT | MinReturn                -27.9242
2017-05-07 18:13:00.704530 EDT | AverageEsReturn            2.59075
2017-05-07 18:13:00.704845 EDT | StdEsReturn                8.70304
2017-05-07 18:13:00.705162 EDT | MaxEsReturn               25.2553
2017-05-07 18:13:00.705512 EDT | MinEsReturn               -8.6784
2017-05-07 18:13:00.705916 EDT | AverageDiscountedReturn    3.835
2017-05-07 18:13:00.706239 EDT | AverageQLoss               4.83871e-06
2017-05-07 18:13:00.706561 EDT | AveragePolicySurr         -0.00998399
2017-05-07 18:13:00.706886 EDT | AverageQ                   0.00997587
2017-05-07 18:13:00.707204 EDT | AverageAbsQ                0.00997587
2017-05-07 18:13:00.707518 EDT | AverageY                   0.00998054
2017-05-07 18:13:00.707829 EDT | AverageAbsY                0.00998736
2017-05-07 18:13:00.708140 EDT | AverageAbsQYDiff           0.00167856
2017-05-07 18:13:00.708449 EDT | AverageAction              0.969672
2017-05-07 18:13:00.708757 EDT | PolicyRegParamNorm        17.5537
2017-05-07 18:13:00.709066 EDT | QFunRegParamNorm          19.3026
2017-05-07 18:13:00.709372 EDT | AverageForwardProgress    -0.0682298
2017-05-07 18:13:00.709683 EDT | MaxForwardProgress         0.145033
2017-05-07 18:13:00.710011 EDT | MinForwardProgress        -0.350036
2017-05-07 18:13:00.710330 EDT | StdForwardProgress         0.0833327
2017-05-07 18:13:00.710639 EDT | -----------------------  -------------
2017-05-07 18:13:00.711151 EDT | [Averaged_Random/Random_DDPG_Complex_Humanoid/Experiment_0] epoch #14 | Training started
2017-05-07 18:13:00.713281 EDT | [Averaged_Random/Random_DDPG_Complex_Humanoid/Experiment_0] epoch #14 | Populating workers...
2017-05-07 18:13:00.713706 EDT | [Averaged_Random/Random_DDPG_Complex_Humanoid/Experiment_0] epoch #14 | Populated
2017-05-07 18:18:35.217593 EDT | [Averaged_Random/Random_DDPG_Complex_Humanoid/Experiment_0] epoch #14 | Training finished
2017-05-07 18:18:35.226685 EDT | [Averaged_Random/Random_DDPG_Complex_Humanoid/Experiment_0] epoch #14 | Collecting samples for evaluation
2017-05-07 18:20:55.822208 EDT | -----------------------  -------------
2017-05-07 18:20:55.823358 EDT | Epoch                     14
2017-05-07 18:20:55.823741 EDT | AverageReturn              2.99536
2017-05-07 18:20:55.824083 EDT | StdReturn                  9.29866
2017-05-07 18:20:55.824417 EDT | MaxReturn                 39.1134
2017-05-07 18:20:55.824737 EDT | MinReturn                -20.0276
2017-05-07 18:20:55.825099 EDT | AverageEsReturn            7.54321
2017-05-07 18:20:55.825475 EDT | StdEsReturn               10.302
2017-05-07 18:20:55.825850 EDT | MaxEsReturn               29.432
2017-05-07 18:20:55.826181 EDT | MinEsReturn              -17.0938
2017-05-07 18:20:55.826567 EDT | AverageDiscountedReturn    3.0589
2017-05-07 18:20:55.826919 EDT | AverageQLoss               5.86669e-06
2017-05-07 18:20:55.827242 EDT | AveragePolicySurr         -0.0121788
2017-05-07 18:20:55.827613 EDT | AverageQ                   0.0121677
2017-05-07 18:20:55.828032 EDT | AverageAbsQ                0.0121677
2017-05-07 18:20:55.828456 EDT | AverageY                   0.012173
2017-05-07 18:20:55.828775 EDT | AverageAbsY                0.0121792
2017-05-07 18:20:55.829096 EDT | AverageAbsQYDiff           0.0017945
2017-05-07 18:20:55.829427 EDT | AverageAction              0.96973
2017-05-07 18:20:55.829750 EDT | PolicyRegParamNorm        17.5537
2017-05-07 18:20:55.830065 EDT | QFunRegParamNorm          19.9127
2017-05-07 18:20:55.830381 EDT | AverageForwardProgress    -0.0785421
2017-05-07 18:20:55.830750 EDT | MaxForwardProgress         0.185287
2017-05-07 18:20:55.831146 EDT | MinForwardProgress        -0.280514
2017-05-07 18:20:55.831508 EDT | StdForwardProgress         0.0756027
2017-05-07 18:20:55.831834 EDT | -----------------------  -------------
2017-05-07 18:20:55.832362 EDT | [Averaged_Random/Random_DDPG_Complex_Humanoid/Experiment_0] epoch #15 | Training started
2017-05-07 18:20:55.834729 EDT | [Averaged_Random/Random_DDPG_Complex_Humanoid/Experiment_0] epoch #15 | Populating workers...
2017-05-07 18:20:55.835320 EDT | [Averaged_Random/Random_DDPG_Complex_Humanoid/Experiment_0] epoch #15 | Populated
2017-05-07 18:26:28.641296 EDT | [Averaged_Random/Random_DDPG_Complex_Humanoid/Experiment_0] epoch #15 | Training finished
2017-05-07 18:26:28.650073 EDT | [Averaged_Random/Random_DDPG_Complex_Humanoid/Experiment_0] epoch #15 | Collecting samples for evaluation
2017-05-07 18:29:01.327281 EDT | -----------------------  -------------
2017-05-07 18:29:01.328343 EDT | Epoch                     15
2017-05-07 18:29:01.328695 EDT | AverageReturn              4.35153
2017-05-07 18:29:01.329009 EDT | StdReturn                 10.1087
2017-05-07 18:29:01.329327 EDT | MaxReturn                 33.5723
2017-05-07 18:29:01.329640 EDT | MinReturn                -19.9269
2017-05-07 18:29:01.329961 EDT | AverageEsReturn            1.93226
2017-05-07 18:29:01.330268 EDT | StdEsReturn                7.53183
2017-05-07 18:29:01.330573 EDT | MaxEsReturn               13.2177
2017-05-07 18:29:01.330883 EDT | MinEsReturn              -13.2032
2017-05-07 18:29:01.331185 EDT | AverageDiscountedReturn    3.99547
2017-05-07 18:29:01.331491 EDT | AverageQLoss               7.07787e-06
2017-05-07 18:29:01.331794 EDT | AveragePolicySurr         -0.0142136
2017-05-07 18:29:01.332107 EDT | AverageQ                   0.0141994
2017-05-07 18:29:01.332411 EDT | AverageAbsQ                0.0141994
2017-05-07 18:29:01.332759 EDT | AverageY                   0.0142092
2017-05-07 18:29:01.333207 EDT | AverageAbsY                0.0142174
2017-05-07 18:29:01.333512 EDT | AverageAbsQYDiff           0.00189086
2017-05-07 18:29:01.333829 EDT | AverageAction              0.969757
2017-05-07 18:29:01.334208 EDT | PolicyRegParamNorm        17.5537
2017-05-07 18:29:01.334868 EDT | QFunRegParamNorm          20.3268
2017-05-07 18:29:01.336089 EDT | AverageForwardProgress    -0.0653605
2017-05-07 18:29:01.336989 EDT | MaxForwardProgress         0.150291
2017-05-07 18:29:01.339023 EDT | MinForwardProgress        -0.303993
2017-05-07 18:29:01.339930 EDT | StdForwardProgress         0.0787435
2017-05-07 18:29:01.340888 EDT | -----------------------  -------------
2017-05-07 18:29:01.344167 EDT | [Averaged_Random/Random_DDPG_Complex_Humanoid/Experiment_0] epoch #16 | Training started
2017-05-07 18:29:01.348143 EDT | [Averaged_Random/Random_DDPG_Complex_Humanoid/Experiment_0] epoch #16 | Populating workers...
2017-05-07 18:29:01.353818 EDT | [Averaged_Random/Random_DDPG_Complex_Humanoid/Experiment_0] epoch #16 | Populated
2017-05-07 18:36:10.221925 EDT | [Averaged_Random/Random_DDPG_Complex_Humanoid/Experiment_0] epoch #16 | Training finished
2017-05-07 18:36:10.243105 EDT | [Averaged_Random/Random_DDPG_Complex_Humanoid/Experiment_0] epoch #16 | Collecting samples for evaluation
2017-05-07 18:39:40.382248 EDT | -----------------------  -------------
2017-05-07 18:39:40.383338 EDT | Epoch                     16
2017-05-07 18:39:40.383684 EDT | AverageReturn              4.45101
2017-05-07 18:39:40.384009 EDT | StdReturn                 11.5225
2017-05-07 18:39:40.384322 EDT | MaxReturn                 36.3475
2017-05-07 18:39:40.384632 EDT | MinReturn                -27.1933
2017-05-07 18:39:40.384940 EDT | AverageEsReturn            6.89552
2017-05-07 18:39:40.385256 EDT | StdEsReturn               10.8163
2017-05-07 18:39:40.385564 EDT | MaxEsReturn               28.8733
2017-05-07 18:39:40.385893 EDT | MinEsReturn               -7.86283
2017-05-07 18:39:40.386201 EDT | AverageDiscountedReturn    4.09996
2017-05-07 18:39:40.386507 EDT | AverageQLoss               8.01945e-06
2017-05-07 18:39:40.386813 EDT | AveragePolicySurr         -0.0161121
2017-05-07 18:39:40.387121 EDT | AverageQ                   0.0160972
2017-05-07 18:39:40.387429 EDT | AverageAbsQ                0.0160972
2017-05-07 18:39:40.387734 EDT | AverageY                   0.0161123
2017-05-07 18:39:40.388039 EDT | AverageAbsY                0.0161218
2017-05-07 18:39:40.388347 EDT | AverageAbsQYDiff           0.00195577
2017-05-07 18:39:40.388652 EDT | AverageAction              0.9696
2017-05-07 18:39:40.388958 EDT | PolicyRegParamNorm        17.5537
2017-05-07 18:39:40.389261 EDT | QFunRegParamNorm          20.749
2017-05-07 18:39:40.389564 EDT | AverageForwardProgress    -0.0654334
2017-05-07 18:39:40.389908 EDT | MaxForwardProgress         0.169627
2017-05-07 18:39:40.390216 EDT | MinForwardProgress        -0.325554
2017-05-07 18:39:40.390520 EDT | StdForwardProgress         0.0919206
2017-05-07 18:39:40.390830 EDT | -----------------------  -------------
2017-05-07 18:39:40.391344 EDT | [Averaged_Random/Random_DDPG_Complex_Humanoid/Experiment_0] epoch #17 | Training started
2017-05-07 18:39:40.393601 EDT | [Averaged_Random/Random_DDPG_Complex_Humanoid/Experiment_0] epoch #17 | Populating workers...
2017-05-07 18:39:40.394156 EDT | [Averaged_Random/Random_DDPG_Complex_Humanoid/Experiment_0] epoch #17 | Populated
2017-05-07 18:47:09.690253 EDT | [Averaged_Random/Random_DDPG_Complex_Humanoid/Experiment_0] epoch #17 | Training finished
2017-05-07 18:47:09.692332 EDT | [Averaged_Random/Random_DDPG_Complex_Humanoid/Experiment_0] epoch #17 | Collecting samples for evaluation
2017-05-07 18:50:49.582052 EDT | -----------------------  -------------
2017-05-07 18:50:49.583135 EDT | Epoch                     17
2017-05-07 18:50:49.583500 EDT | AverageReturn              5.23428
2017-05-07 18:50:49.583830 EDT | StdReturn                 10.065
2017-05-07 18:50:49.584151 EDT | MaxReturn                 35.4093
2017-05-07 18:50:49.584520 EDT | MinReturn                -15.5069
2017-05-07 18:50:49.584839 EDT | AverageEsReturn            0.921296
2017-05-07 18:50:49.585178 EDT | StdEsReturn                9.45246
2017-05-07 18:50:49.585503 EDT | MaxEsReturn               12.047
2017-05-07 18:50:49.585837 EDT | MinEsReturn              -21.3288
2017-05-07 18:50:49.586246 EDT | AverageDiscountedReturn    4.62284
2017-05-07 18:50:49.586699 EDT | AverageQLoss               9.27533e-06
2017-05-07 18:50:49.587027 EDT | AveragePolicySurr         -0.0178661
2017-05-07 18:50:49.587355 EDT | AverageQ                   0.0178494
2017-05-07 18:50:49.587701 EDT | AverageAbsQ                0.0178494
2017-05-07 18:50:49.588128 EDT | AverageY                   0.0178661
2017-05-07 18:50:49.588452 EDT | AverageAbsY                0.017879
2017-05-07 18:50:49.588777 EDT | AverageAbsQYDiff           0.0020298
2017-05-07 18:50:49.589107 EDT | AverageAction              0.969787
2017-05-07 18:50:49.589554 EDT | PolicyRegParamNorm        17.5537
2017-05-07 18:50:49.589891 EDT | QFunRegParamNorm          21.0944
2017-05-07 18:50:49.590210 EDT | AverageForwardProgress    -0.0583451
2017-05-07 18:50:49.590526 EDT | MaxForwardProgress         0.176585
2017-05-07 18:50:49.590857 EDT | MinForwardProgress        -0.221184
2017-05-07 18:50:49.591173 EDT | StdForwardProgress         0.079337
2017-05-07 18:50:49.591494 EDT | -----------------------  -------------
2017-05-07 18:50:49.592028 EDT | [Averaged_Random/Random_DDPG_Complex_Humanoid/Experiment_0] epoch #18 | Training started
2017-05-07 18:50:49.595614 EDT | [Averaged_Random/Random_DDPG_Complex_Humanoid/Experiment_0] epoch #18 | Populating workers...
2017-05-07 18:50:49.604290 EDT | [Averaged_Random/Random_DDPG_Complex_Humanoid/Experiment_0] epoch #18 | Populated
2017-05-07 18:59:27.108461 EDT | [Averaged_Random/Random_DDPG_Complex_Humanoid/Experiment_0] epoch #18 | Training finished
2017-05-07 18:59:27.116896 EDT | [Averaged_Random/Random_DDPG_Complex_Humanoid/Experiment_0] epoch #18 | Collecting samples for evaluation
2017-05-07 19:02:29.909173 EDT | -----------------------  -------------
2017-05-07 19:02:29.910287 EDT | Epoch                     18
2017-05-07 19:02:29.910711 EDT | AverageReturn              4.28425
2017-05-07 19:02:29.911052 EDT | StdReturn                 10.1812
2017-05-07 19:02:29.911404 EDT | MaxReturn                 30.9852
2017-05-07 19:02:29.911732 EDT | MinReturn                -16.7168
2017-05-07 19:02:29.912067 EDT | AverageEsReturn            6.66542
2017-05-07 19:02:29.912396 EDT | StdEsReturn                6.53847
2017-05-07 19:02:29.912722 EDT | MaxEsReturn               19.487
2017-05-07 19:02:29.913047 EDT | MinEsReturn               -2.35515
2017-05-07 19:02:29.913374 EDT | AverageDiscountedReturn    3.96621
2017-05-07 19:02:29.913714 EDT | AverageQLoss               1.04654e-05
2017-05-07 19:02:29.914127 EDT | AveragePolicySurr         -0.0194821
2017-05-07 19:02:29.914458 EDT | AverageQ                   0.0194639
2017-05-07 19:02:29.914781 EDT | AverageAbsQ                0.0194639
2017-05-07 19:02:29.915141 EDT | AverageY                   0.0194833
2017-05-07 19:02:29.915496 EDT | AverageAbsY                0.0194955
2017-05-07 19:02:29.915820 EDT | AverageAbsQYDiff           0.00209298
2017-05-07 19:02:29.916156 EDT | AverageAction              0.969298
2017-05-07 19:02:29.916519 EDT | PolicyRegParamNorm        17.5537
2017-05-07 19:02:29.916851 EDT | QFunRegParamNorm          21.2765
2017-05-07 19:02:29.917204 EDT | AverageForwardProgress    -0.0699011
2017-05-07 19:02:29.917530 EDT | MaxForwardProgress         0.11879
2017-05-07 19:02:29.917876 EDT | MinForwardProgress        -0.244845
2017-05-07 19:02:29.918221 EDT | StdForwardProgress         0.0803258
2017-05-07 19:02:29.918550 EDT | -----------------------  -------------
2017-05-07 19:02:29.919116 EDT | [Averaged_Random/Random_DDPG_Complex_Humanoid/Experiment_0] epoch #19 | Training started
2017-05-07 19:02:29.922148 EDT | [Averaged_Random/Random_DDPG_Complex_Humanoid/Experiment_0] epoch #19 | Populating workers...
2017-05-07 19:02:29.931099 EDT | [Averaged_Random/Random_DDPG_Complex_Humanoid/Experiment_0] epoch #19 | Populated
2017-05-07 19:10:08.901772 EDT | [Averaged_Random/Random_DDPG_Complex_Humanoid/Experiment_0] epoch #19 | Training finished
2017-05-07 19:10:08.913801 EDT | [Averaged_Random/Random_DDPG_Complex_Humanoid/Experiment_0] epoch #19 | Collecting samples for evaluation
2017-05-07 19:12:49.574259 EDT | -----------------------  -------------
2017-05-07 19:12:49.575199 EDT | Epoch                     19
2017-05-07 19:12:49.575507 EDT | AverageReturn              5.55639
2017-05-07 19:12:49.575763 EDT | StdReturn                  9.78073
2017-05-07 19:12:49.576009 EDT | MaxReturn                 36.0324
2017-05-07 19:12:49.576258 EDT | MinReturn                -20.8345
2017-05-07 19:12:49.576514 EDT | AverageEsReturn            7.2711
2017-05-07 19:12:49.576758 EDT | StdEsReturn               12.2489
2017-05-07 19:12:49.577010 EDT | MaxEsReturn               28.0118
2017-05-07 19:12:49.577254 EDT | MinEsReturn              -15.0873
2017-05-07 19:12:49.577496 EDT | AverageDiscountedReturn    4.72955
2017-05-07 19:12:49.577761 EDT | AverageQLoss               1.12416e-05
2017-05-07 19:12:49.578025 EDT | AveragePolicySurr         -0.0210731
2017-05-07 19:12:49.578270 EDT | AverageQ                   0.0210534
2017-05-07 19:12:49.578514 EDT | AverageAbsQ                0.0210534
2017-05-07 19:12:49.578752 EDT | AverageY                   0.021077
2017-05-07 19:12:49.578997 EDT | AverageAbsY                0.0210872
2017-05-07 19:12:49.579237 EDT | AverageAbsQYDiff           0.00212067
2017-05-07 19:12:49.579474 EDT | AverageAction              0.969846
2017-05-07 19:12:49.579726 EDT | PolicyRegParamNorm        17.5537
2017-05-07 19:12:49.579960 EDT | QFunRegParamNorm          21.7487
2017-05-07 19:12:49.580208 EDT | AverageForwardProgress    -0.0574157
2017-05-07 19:12:49.580450 EDT | MaxForwardProgress         0.161927
2017-05-07 19:12:49.580692 EDT | MinForwardProgress        -0.251945
2017-05-07 19:12:49.580928 EDT | StdForwardProgress         0.076932
2017-05-07 19:12:49.581171 EDT | -----------------------  -------------
2017-05-07 19:12:49.581620 EDT | [Averaged_Random/Random_DDPG_Complex_Humanoid/Experiment_0] epoch #20 | Training started
2017-05-07 19:12:49.583817 EDT | [Averaged_Random/Random_DDPG_Complex_Humanoid/Experiment_0] epoch #20 | Populating workers...
2017-05-07 19:12:49.584178 EDT | [Averaged_Random/Random_DDPG_Complex_Humanoid/Experiment_0] epoch #20 | Populated
2017-05-07 19:19:49.965085 EDT | [Averaged_Random/Random_DDPG_Complex_Humanoid/Experiment_0] epoch #20 | Training finished
2017-05-07 19:19:49.968252 EDT | [Averaged_Random/Random_DDPG_Complex_Humanoid/Experiment_0] epoch #20 | Collecting samples for evaluation
2017-05-07 19:22:45.294639 EDT | -----------------------  -------------
2017-05-07 19:22:45.296202 EDT | Epoch                     20
2017-05-07 19:22:45.296484 EDT | AverageReturn              5.43914
2017-05-07 19:22:45.296747 EDT | StdReturn                  9.72281
2017-05-07 19:22:45.296995 EDT | MaxReturn                 34.7342
2017-05-07 19:22:45.297240 EDT | MinReturn                -21.6551
2017-05-07 19:22:45.297553 EDT | AverageEsReturn            4.47841
2017-05-07 19:22:45.297841 EDT | StdEsReturn               10.728
2017-05-07 19:22:45.298122 EDT | MaxEsReturn               26.489
2017-05-07 19:22:45.298368 EDT | MinEsReturn               -9.05014
2017-05-07 19:22:45.298613 EDT | AverageDiscountedReturn    4.63608
2017-05-07 19:22:45.298854 EDT | AverageQLoss               1.30545e-05
2017-05-07 19:22:45.299108 EDT | AveragePolicySurr         -0.02248
2017-05-07 19:22:45.299361 EDT | AverageQ                   0.0224589
2017-05-07 19:22:45.299604 EDT | AverageAbsQ                0.0224589
2017-05-07 19:22:45.299845 EDT | AverageY                   0.0224888
2017-05-07 19:22:45.300107 EDT | AverageAbsY                0.0225009
2017-05-07 19:22:45.300351 EDT | AverageAbsQYDiff           0.00220407
2017-05-07 19:22:45.300592 EDT | AverageAction              0.969905
2017-05-07 19:22:45.300834 EDT | PolicyRegParamNorm        17.5537
2017-05-07 19:22:45.301076 EDT | QFunRegParamNorm          21.9998
2017-05-07 19:22:45.301316 EDT | AverageForwardProgress    -0.0583363
2017-05-07 19:22:45.301555 EDT | MaxForwardProgress         0.170844
2017-05-07 19:22:45.310714 EDT | MinForwardProgress        -0.286392
2017-05-07 19:22:45.310993 EDT | StdForwardProgress         0.0790044
2017-05-07 19:22:45.311243 EDT | -----------------------  -------------
2017-05-07 19:22:45.311713 EDT | [Averaged_Random/Random_DDPG_Complex_Humanoid/Experiment_0] epoch #21 | Training started
2017-05-07 19:22:45.313970 EDT | [Averaged_Random/Random_DDPG_Complex_Humanoid/Experiment_0] epoch #21 | Populating workers...
2017-05-07 19:22:45.314295 EDT | [Averaged_Random/Random_DDPG_Complex_Humanoid/Experiment_0] epoch #21 | Populated
2017-05-07 19:30:04.664590 EDT | [Averaged_Random/Random_DDPG_Complex_Humanoid/Experiment_0] epoch #21 | Training finished
2017-05-07 19:30:04.670426 EDT | [Averaged_Random/Random_DDPG_Complex_Humanoid/Experiment_0] epoch #21 | Collecting samples for evaluation
2017-05-07 19:33:16.276995 EDT | -----------------------  -------------
2017-05-07 19:33:16.278117 EDT | Epoch                     21
2017-05-07 19:33:16.278587 EDT | AverageReturn              6.2096
2017-05-07 19:33:16.278934 EDT | StdReturn                  9.77579
2017-05-07 19:33:16.279263 EDT | MaxReturn                 34.7639
2017-05-07 19:33:16.279596 EDT | MinReturn                -15.1039
2017-05-07 19:33:16.279920 EDT | AverageEsReturn            9.88477
2017-05-07 19:33:16.280248 EDT | StdEsReturn                8.3319
2017-05-07 19:33:16.280569 EDT | MaxEsReturn               24.8141
2017-05-07 19:33:16.280888 EDT | MinEsReturn               -8.64719
2017-05-07 19:33:16.281208 EDT | AverageDiscountedReturn    5.03121
2017-05-07 19:33:16.281531 EDT | AverageQLoss               1.41566e-05
2017-05-07 19:33:16.281931 EDT | AveragePolicySurr         -0.0238396
2017-05-07 19:33:16.282324 EDT | AverageQ                   0.0238163
2017-05-07 19:33:16.282667 EDT | AverageAbsQ                0.0238163
2017-05-07 19:33:16.282990 EDT | AverageY                   0.023853
2017-05-07 19:33:16.283316 EDT | AverageAbsY                0.0238663
2017-05-07 19:33:16.283650 EDT | AverageAbsQYDiff           0.00224376
2017-05-07 19:33:16.283967 EDT | AverageAction              0.970294
2017-05-07 19:33:16.284293 EDT | PolicyRegParamNorm        17.5537
2017-05-07 19:33:16.285325 EDT | QFunRegParamNorm          22.1539
2017-05-07 19:33:16.290156 EDT | AverageForwardProgress    -0.0518751
2017-05-07 19:33:16.294523 EDT | MaxForwardProgress         0.160329
2017-05-07 19:33:16.295418 EDT | MinForwardProgress        -0.234035
2017-05-07 19:33:16.296301 EDT | StdForwardProgress         0.0755561
2017-05-07 19:33:16.297149 EDT | -----------------------  -------------
2017-05-07 19:33:16.298209 EDT | [Averaged_Random/Random_DDPG_Complex_Humanoid/Experiment_0] epoch #22 | Training started
2017-05-07 19:33:16.301377 EDT | [Averaged_Random/Random_DDPG_Complex_Humanoid/Experiment_0] epoch #22 | Populating workers...
2017-05-07 19:33:16.315924 EDT | [Averaged_Random/Random_DDPG_Complex_Humanoid/Experiment_0] epoch #22 | Populated
2017-05-07 19:41:15.939969 EDT | [Averaged_Random/Random_DDPG_Complex_Humanoid/Experiment_0] epoch #22 | Training finished
2017-05-07 19:41:15.943244 EDT | [Averaged_Random/Random_DDPG_Complex_Humanoid/Experiment_0] epoch #22 | Collecting samples for evaluation
2017-05-07 19:44:42.050830 EDT | -----------------------  -------------
2017-05-07 19:44:42.051742 EDT | Epoch                     22
2017-05-07 19:44:42.052024 EDT | AverageReturn              5.91563
2017-05-07 19:44:42.052268 EDT | StdReturn                 10.1186
2017-05-07 19:44:42.052504 EDT | MaxReturn                 29.6663
2017-05-07 19:44:42.052748 EDT | MinReturn                -19.096
2017-05-07 19:44:42.052993 EDT | AverageEsReturn            3.36622
2017-05-07 19:44:42.053226 EDT | StdEsReturn                8.86013
2017-05-07 19:44:42.053458 EDT | MaxEsReturn               19.2845
2017-05-07 19:44:42.053685 EDT | MinEsReturn              -11.725
2017-05-07 19:44:42.054000 EDT | AverageDiscountedReturn    4.81035
2017-05-07 19:44:42.054293 EDT | AverageQLoss               1.50535e-05
2017-05-07 19:44:42.054533 EDT | AveragePolicySurr         -0.0251784
2017-05-07 19:44:42.054770 EDT | AverageQ                   0.0251549
2017-05-07 19:44:42.055006 EDT | AverageAbsQ                0.0251549
2017-05-07 19:44:42.055250 EDT | AverageY                   0.025193
2017-05-07 19:44:42.055490 EDT | AverageAbsY                0.0252061
2017-05-07 19:44:42.055728 EDT | AverageAbsQYDiff           0.00226288
2017-05-07 19:44:42.055962 EDT | AverageAction              0.970222
2017-05-07 19:44:42.056200 EDT | PolicyRegParamNorm        17.5537
2017-05-07 19:44:42.056435 EDT | QFunRegParamNorm          22.526
2017-05-07 19:44:42.056671 EDT | AverageForwardProgress    -0.0539695
2017-05-07 19:44:42.056966 EDT | MaxForwardProgress         0.121746
2017-05-07 19:44:42.057194 EDT | MinForwardProgress        -0.25534
2017-05-07 19:44:42.057420 EDT | StdForwardProgress         0.0795486
2017-05-07 19:44:42.057645 EDT | -----------------------  -------------
2017-05-07 19:44:42.058420 EDT | [Averaged_Random/Random_DDPG_Complex_Humanoid/Experiment_0] epoch #23 | Training started
2017-05-07 19:44:42.060569 EDT | [Averaged_Random/Random_DDPG_Complex_Humanoid/Experiment_0] epoch #23 | Populating workers...
2017-05-07 19:44:42.060873 EDT | [Averaged_Random/Random_DDPG_Complex_Humanoid/Experiment_0] epoch #23 | Populated
2017-05-07 19:53:02.143185 EDT | [Averaged_Random/Random_DDPG_Complex_Humanoid/Experiment_0] epoch #23 | Training finished
2017-05-07 19:53:02.146808 EDT | [Averaged_Random/Random_DDPG_Complex_Humanoid/Experiment_0] epoch #23 | Collecting samples for evaluation
2017-05-07 19:56:40.767904 EDT | -----------------------  -------------
2017-05-07 19:56:40.768976 EDT | Epoch                     23
2017-05-07 19:56:40.769444 EDT | AverageReturn              5.13997
2017-05-07 19:56:40.769883 EDT | StdReturn                 10.6739
2017-05-07 19:56:40.770250 EDT | MaxReturn                 36.4294
2017-05-07 19:56:40.770605 EDT | MinReturn                -30.742
2017-05-07 19:56:40.771006 EDT | AverageEsReturn            4.03922
2017-05-07 19:56:40.771368 EDT | StdEsReturn                8.84163
2017-05-07 19:56:40.771697 EDT | MaxEsReturn               23.3339
2017-05-07 19:56:40.772028 EDT | MinEsReturn              -10.516
2017-05-07 19:56:40.772357 EDT | AverageDiscountedReturn    4.39212
2017-05-07 19:56:40.772680 EDT | AverageQLoss               1.67552e-05
2017-05-07 19:56:40.773003 EDT | AveragePolicySurr         -0.0262958
2017-05-07 19:56:40.773378 EDT | AverageQ                   0.0262709
2017-05-07 19:56:40.773715 EDT | AverageAbsQ                0.0262709
2017-05-07 19:56:40.774045 EDT | AverageY                   0.0263152
2017-05-07 19:56:40.774368 EDT | AverageAbsY                0.0263296
2017-05-07 19:56:40.774820 EDT | AverageAbsQYDiff           0.00233058
2017-05-07 19:56:40.775153 EDT | AverageAction              0.970213
2017-05-07 19:56:40.775478 EDT | PolicyRegParamNorm        17.5537
2017-05-07 19:56:40.776076 EDT | QFunRegParamNorm          22.8203
2017-05-07 19:56:40.777252 EDT | AverageForwardProgress    -0.0605143
2017-05-07 19:56:40.778816 EDT | MaxForwardProgress         0.153091
2017-05-07 19:56:40.781606 EDT | MinForwardProgress        -0.329909
2017-05-07 19:56:40.783716 EDT | StdForwardProgress         0.0812868
2017-05-07 19:56:40.785639 EDT | -----------------------  -------------
2017-05-07 19:56:40.788002 EDT | [Averaged_Random/Random_DDPG_Complex_Humanoid/Experiment_0] epoch #24 | Training started
2017-05-07 19:56:40.794411 EDT | [Averaged_Random/Random_DDPG_Complex_Humanoid/Experiment_0] epoch #24 | Populating workers...
2017-05-07 19:56:40.805581 EDT | [Averaged_Random/Random_DDPG_Complex_Humanoid/Experiment_0] epoch #24 | Populated
2017-05-07 20:04:54.094438 EDT | [Averaged_Random/Random_DDPG_Complex_Humanoid/Experiment_0] epoch #24 | Training finished
2017-05-07 20:04:54.119791 EDT | [Averaged_Random/Random_DDPG_Complex_Humanoid/Experiment_0] epoch #24 | Collecting samples for evaluation
2017-05-07 20:07:42.477512 EDT | -----------------------  -------------
2017-05-07 20:07:42.478709 EDT | Epoch                     24
2017-05-07 20:07:42.479080 EDT | AverageReturn              5.16882
2017-05-07 20:07:42.479417 EDT | StdReturn                 11.0912
2017-05-07 20:07:42.479756 EDT | MaxReturn                 28.408
2017-05-07 20:07:42.480085 EDT | MinReturn                -23.1076
2017-05-07 20:07:42.480406 EDT | AverageEsReturn            7.25916
2017-05-07 20:07:42.480724 EDT | StdEsReturn                9.64454
2017-05-07 20:07:42.481046 EDT | MaxEsReturn               32.6813
2017-05-07 20:07:42.481362 EDT | MinEsReturn               -3.97374
2017-05-07 20:07:42.481679 EDT | AverageDiscountedReturn    4.49711
2017-05-07 20:07:42.482031 EDT | AverageQLoss               1.73083e-05
2017-05-07 20:07:42.482356 EDT | AveragePolicySurr         -0.0274447
2017-05-07 20:07:42.482678 EDT | AverageQ                   0.0274189
2017-05-07 20:07:42.482999 EDT | AverageAbsQ                0.0274189
2017-05-07 20:07:42.483327 EDT | AverageY                   0.0274648
2017-05-07 20:07:42.483644 EDT | AverageAbsY                0.0274802
2017-05-07 20:07:42.483966 EDT | AverageAbsQYDiff           0.00233489
2017-05-07 20:07:42.484293 EDT | AverageAction              0.969781
2017-05-07 20:07:42.484607 EDT | PolicyRegParamNorm        17.5537
2017-05-07 20:07:42.484920 EDT | QFunRegParamNorm          22.9932
2017-05-07 20:07:42.485241 EDT | AverageForwardProgress    -0.0618629
2017-05-07 20:07:42.485557 EDT | MaxForwardProgress         0.101879
2017-05-07 20:07:42.485914 EDT | MinForwardProgress        -0.301687
2017-05-07 20:07:42.486344 EDT | StdForwardProgress         0.0869223
2017-05-07 20:07:42.486667 EDT | -----------------------  -------------
2017-05-07 20:07:42.487200 EDT | [Averaged_Random/Random_DDPG_Complex_Humanoid/Experiment_0] epoch #25 | Training started
2017-05-07 20:07:42.489405 EDT | [Averaged_Random/Random_DDPG_Complex_Humanoid/Experiment_0] epoch #25 | Populating workers...
2017-05-07 20:07:42.489950 EDT | [Averaged_Random/Random_DDPG_Complex_Humanoid/Experiment_0] epoch #25 | Populated
2017-05-07 20:14:14.009440 EDT | [Averaged_Random/Random_DDPG_Complex_Humanoid/Experiment_0] epoch #25 | Training finished
2017-05-07 20:14:14.012600 EDT | [Averaged_Random/Random_DDPG_Complex_Humanoid/Experiment_0] epoch #25 | Collecting samples for evaluation
2017-05-07 20:17:02.422659 EDT | -----------------------  -------------
2017-05-07 20:17:02.423759 EDT | Epoch                     25
2017-05-07 20:17:02.424107 EDT | AverageReturn              5.58752
2017-05-07 20:17:02.424432 EDT | StdReturn                 10.9755
2017-05-07 20:17:02.424761 EDT | MaxReturn                 33.0257
2017-05-07 20:17:02.425078 EDT | MinReturn                -23.9739
2017-05-07 20:17:02.425393 EDT | AverageEsReturn            3.55984
2017-05-07 20:17:02.425737 EDT | StdEsReturn               13.9093
2017-05-07 20:17:02.426102 EDT | MaxEsReturn               25.2176
2017-05-07 20:17:02.426418 EDT | MinEsReturn              -15.1876
2017-05-07 20:17:02.426729 EDT | AverageDiscountedReturn    4.76512
2017-05-07 20:17:02.427049 EDT | AverageQLoss               1.85439e-05
2017-05-07 20:17:02.427361 EDT | AveragePolicySurr         -0.0285334
2017-05-07 20:17:02.427671 EDT | AverageQ                   0.0285068
2017-05-07 20:17:02.427980 EDT | AverageAbsQ                0.0285068
2017-05-07 20:17:02.428289 EDT | AverageY                   0.0285598
2017-05-07 20:17:02.428598 EDT | AverageAbsY                0.0285759
2017-05-07 20:17:02.428916 EDT | AverageAbsQYDiff           0.00236889
2017-05-07 20:17:02.429231 EDT | AverageAction              0.96973
2017-05-07 20:17:02.429548 EDT | PolicyRegParamNorm        17.5537
2017-05-07 20:17:02.429897 EDT | QFunRegParamNorm          23.248
2017-05-07 20:17:02.430208 EDT | AverageForwardProgress    -0.0589156
2017-05-07 20:17:02.430519 EDT | MaxForwardProgress         0.139692
2017-05-07 20:17:02.430828 EDT | MinForwardProgress        -0.301224
2017-05-07 20:17:02.431146 EDT | StdForwardProgress         0.0866989
2017-05-07 20:17:02.431456 EDT | -----------------------  -------------
2017-05-07 20:17:02.431980 EDT | [Averaged_Random/Random_DDPG_Complex_Humanoid/Experiment_0] epoch #26 | Training started
2017-05-07 20:17:02.433808 EDT | [Averaged_Random/Random_DDPG_Complex_Humanoid/Experiment_0] epoch #26 | Populating workers...
2017-05-07 20:17:02.434295 EDT | [Averaged_Random/Random_DDPG_Complex_Humanoid/Experiment_0] epoch #26 | Populated
2017-05-07 20:23:56.124248 EDT | [Averaged_Random/Random_DDPG_Complex_Humanoid/Experiment_0] epoch #26 | Training finished
2017-05-07 20:23:56.126234 EDT | [Averaged_Random/Random_DDPG_Complex_Humanoid/Experiment_0] epoch #26 | Collecting samples for evaluation
2017-05-07 20:26:49.485811 EDT | -----------------------  -------------
2017-05-07 20:26:49.486926 EDT | Epoch                     26
2017-05-07 20:26:49.487315 EDT | AverageReturn              6.26535
2017-05-07 20:26:49.487667 EDT | StdReturn                 10.1626
2017-05-07 20:26:49.488006 EDT | MaxReturn                 31.2666
2017-05-07 20:26:49.488332 EDT | MinReturn                -19.4408
2017-05-07 20:26:49.488673 EDT | AverageEsReturn            9.41482
2017-05-07 20:26:49.489004 EDT | StdEsReturn               11.6453
2017-05-07 20:26:49.489331 EDT | MaxEsReturn               39.017
2017-05-07 20:26:49.489654 EDT | MinEsReturn              -15.6201
2017-05-07 20:26:49.490029 EDT | AverageDiscountedReturn    5.18799
2017-05-07 20:26:49.490418 EDT | AverageQLoss               2.04829e-05
2017-05-07 20:26:49.490748 EDT | AveragePolicySurr         -0.0294964
2017-05-07 20:26:49.491127 EDT | AverageQ                   0.0294686
2017-05-07 20:26:49.491477 EDT | AverageAbsQ                0.0294686
2017-05-07 20:26:49.491812 EDT | AverageY                   0.0295234
2017-05-07 20:26:49.492148 EDT | AverageAbsY                0.0295415
2017-05-07 20:26:49.492528 EDT | AverageAbsQYDiff           0.00244452
2017-05-07 20:26:49.492913 EDT | AverageAction              0.969478
2017-05-07 20:26:49.493294 EDT | PolicyRegParamNorm        17.5537
2017-05-07 20:26:49.493677 EDT | QFunRegParamNorm          23.2772
2017-05-07 20:26:49.494090 EDT | AverageForwardProgress    -0.0559517
2017-05-07 20:26:49.494473 EDT | MaxForwardProgress         0.128497
2017-05-07 20:26:49.494849 EDT | MinForwardProgress        -0.297595
2017-05-07 20:26:49.495224 EDT | StdForwardProgress         0.0805115
2017-05-07 20:26:49.495603 EDT | -----------------------  -------------
2017-05-07 20:26:49.496210 EDT | [Averaged_Random/Random_DDPG_Complex_Humanoid/Experiment_0] epoch #27 | Training started
2017-05-07 20:26:49.498056 EDT | [Averaged_Random/Random_DDPG_Complex_Humanoid/Experiment_0] epoch #27 | Populating workers...
2017-05-07 20:26:49.498702 EDT | [Averaged_Random/Random_DDPG_Complex_Humanoid/Experiment_0] epoch #27 | Populated
2017-05-07 20:34:09.862181 EDT | [Averaged_Random/Random_DDPG_Complex_Humanoid/Experiment_0] epoch #27 | Training finished
2017-05-07 20:34:09.873276 EDT | [Averaged_Random/Random_DDPG_Complex_Humanoid/Experiment_0] epoch #27 | Collecting samples for evaluation
2017-05-07 20:37:32.109671 EDT | -----------------------  -------------
2017-05-07 20:37:32.110868 EDT | Epoch                     27
2017-05-07 20:37:32.111373 EDT | AverageReturn              4.34253
2017-05-07 20:37:32.111720 EDT | StdReturn                 11.0955
2017-05-07 20:37:32.112077 EDT | MaxReturn                 28.6383
2017-05-07 20:37:32.112489 EDT | MinReturn                -34.5891
2017-05-07 20:37:32.112820 EDT | AverageEsReturn            4.8233
2017-05-07 20:37:32.113185 EDT | StdEsReturn                8.23615
2017-05-07 20:37:32.113543 EDT | MaxEsReturn               15.9527
2017-05-07 20:37:32.113899 EDT | MinEsReturn              -10.6577
2017-05-07 20:37:32.114310 EDT | AverageDiscountedReturn    3.79809
2017-05-07 20:37:32.114664 EDT | AverageQLoss               2.11688e-05
2017-05-07 20:37:32.115065 EDT | AveragePolicySurr         -0.0304445
2017-05-07 20:37:32.115401 EDT | AverageQ                   0.0304159
2017-05-07 20:37:32.115737 EDT | AverageAbsQ                0.0304159
2017-05-07 20:37:32.116105 EDT | AverageY                   0.0304761
2017-05-07 20:37:32.116458 EDT | AverageAbsY                0.0304927
2017-05-07 20:37:32.116796 EDT | AverageAbsQYDiff           0.00244312
2017-05-07 20:37:32.117230 EDT | AverageAction              0.969848
2017-05-07 20:37:32.117574 EDT | PolicyRegParamNorm        17.5537
2017-05-07 20:37:32.117912 EDT | QFunRegParamNorm          23.5372
2017-05-07 20:37:32.118323 EDT | AverageForwardProgress    -0.068937
2017-05-07 20:37:32.118655 EDT | MaxForwardProgress         0.118317
2017-05-07 20:37:32.119057 EDT | MinForwardProgress        -0.385658
2017-05-07 20:37:32.119398 EDT | StdForwardProgress         0.0866826
2017-05-07 20:37:32.119752 EDT | -----------------------  -------------
2017-05-07 20:37:32.120335 EDT | [Averaged_Random/Random_DDPG_Complex_Humanoid/Experiment_0] epoch #28 | Training started
2017-05-07 20:37:32.122525 EDT | [Averaged_Random/Random_DDPG_Complex_Humanoid/Experiment_0] epoch #28 | Populating workers...
2017-05-07 20:37:32.123283 EDT | [Averaged_Random/Random_DDPG_Complex_Humanoid/Experiment_0] epoch #28 | Populated
2017-05-07 20:45:12.177795 EDT | [Averaged_Random/Random_DDPG_Complex_Humanoid/Experiment_0] epoch #28 | Training finished
2017-05-07 20:45:12.180586 EDT | [Averaged_Random/Random_DDPG_Complex_Humanoid/Experiment_0] epoch #28 | Collecting samples for evaluation
2017-05-07 20:49:05.733590 EDT | -----------------------  -------------
2017-05-07 20:49:05.734526 EDT | Epoch                     28
2017-05-07 20:49:05.734802 EDT | AverageReturn              5.89484
2017-05-07 20:49:05.735059 EDT | StdReturn                 10.2024
2017-05-07 20:49:05.735308 EDT | MaxReturn                 25.8949
2017-05-07 20:49:05.735564 EDT | MinReturn                -20.9004
2017-05-07 20:49:05.735807 EDT | AverageEsReturn            5.24984
2017-05-07 20:49:05.736048 EDT | StdEsReturn               10.8034
2017-05-07 20:49:05.736290 EDT | MaxEsReturn               29.5041
2017-05-07 20:49:05.736531 EDT | MinEsReturn              -10.8199
2017-05-07 20:49:05.736770 EDT | AverageDiscountedReturn    5.01499
2017-05-07 20:49:05.737009 EDT | AverageQLoss               2.22314e-05
2017-05-07 20:49:05.737251 EDT | AveragePolicySurr         -0.0313328
2017-05-07 20:49:05.737489 EDT | AverageQ                   0.0313032
2017-05-07 20:49:05.737742 EDT | AverageAbsQ                0.0313032
2017-05-07 20:49:05.737989 EDT | AverageY                   0.031374
2017-05-07 20:49:05.738229 EDT | AverageAbsY                0.0313906
2017-05-07 20:49:05.738471 EDT | AverageAbsQYDiff           0.00248246
2017-05-07 20:49:05.738710 EDT | AverageAction              0.970327
2017-05-07 20:49:05.738949 EDT | PolicyRegParamNorm        17.5537
2017-05-07 20:49:05.739188 EDT | QFunRegParamNorm          23.7067
2017-05-07 20:49:05.739451 EDT | AverageForwardProgress    -0.0546518
2017-05-07 20:49:05.739690 EDT | MaxForwardProgress         0.0880138
2017-05-07 20:49:05.739930 EDT | MinForwardProgress        -0.251876
2017-05-07 20:49:05.740172 EDT | StdForwardProgress         0.0794354
2017-05-07 20:49:05.740411 EDT | -----------------------  -------------
2017-05-07 20:49:05.740863 EDT | [Averaged_Random/Random_DDPG_Complex_Humanoid/Experiment_0] epoch #29 | Training started
2017-05-07 20:49:05.754290 EDT | [Averaged_Random/Random_DDPG_Complex_Humanoid/Experiment_0] epoch #29 | Populating workers...
2017-05-07 20:49:05.754687 EDT | [Averaged_Random/Random_DDPG_Complex_Humanoid/Experiment_0] epoch #29 | Populated
2017-05-07 20:56:51.448497 EDT | [Averaged_Random/Random_DDPG_Complex_Humanoid/Experiment_0] epoch #29 | Training finished
2017-05-07 20:56:51.452270 EDT | [Averaged_Random/Random_DDPG_Complex_Humanoid/Experiment_0] epoch #29 | Collecting samples for evaluation
2017-05-07 21:00:28.962300 EDT | -----------------------  -------------
2017-05-07 21:00:28.963362 EDT | Epoch                     29
2017-05-07 21:00:28.963658 EDT | AverageReturn              5.12864
2017-05-07 21:00:28.963924 EDT | StdReturn                 10.3881
2017-05-07 21:00:28.964207 EDT | MaxReturn                 31.1581
2017-05-07 21:00:28.964484 EDT | MinReturn                -24.4646
2017-05-07 21:00:28.964806 EDT | AverageEsReturn            4.67932
2017-05-07 21:00:28.965060 EDT | StdEsReturn                9.32817
2017-05-07 21:00:28.965315 EDT | MaxEsReturn               20.3436
2017-05-07 21:00:28.965568 EDT | MinEsReturn              -13.3317
2017-05-07 21:00:28.965879 EDT | AverageDiscountedReturn    4.45595
2017-05-07 21:00:28.966230 EDT | AverageQLoss               2.37361e-05
2017-05-07 21:00:28.966578 EDT | AveragePolicySurr         -0.0321575
2017-05-07 21:00:28.966875 EDT | AverageQ                   0.032127
2017-05-07 21:00:28.967132 EDT | AverageAbsQ                0.032127
2017-05-07 21:00:28.967399 EDT | AverageY                   0.0321963
2017-05-07 21:00:28.967713 EDT | AverageAbsY                0.032213
2017-05-07 21:00:28.967998 EDT | AverageAbsQYDiff           0.00252508
2017-05-07 21:00:28.968309 EDT | AverageAction              0.969744
2017-05-07 21:00:28.968599 EDT | PolicyRegParamNorm        17.5537
2017-05-07 21:00:28.968850 EDT | QFunRegParamNorm          23.9999
2017-05-07 21:00:28.969100 EDT | AverageForwardProgress    -0.0596651
2017-05-07 21:00:28.969406 EDT | MaxForwardProgress         0.1333
2017-05-07 21:00:28.969762 EDT | MinForwardProgress        -0.30303
2017-05-07 21:00:28.970088 EDT | StdForwardProgress         0.0822905
2017-05-07 21:00:28.970375 EDT | -----------------------  -------------
2017-05-07 21:00:28.970872 EDT | [Averaged_Random/Random_DDPG_Complex_Humanoid/Experiment_0] epoch #30 | Training started
2017-05-07 21:00:28.972790 EDT | [Averaged_Random/Random_DDPG_Complex_Humanoid/Experiment_0] epoch #30 | Populating workers...
2017-05-07 21:00:28.987624 EDT | [Averaged_Random/Random_DDPG_Complex_Humanoid/Experiment_0] epoch #30 | Populated
2017-05-07 21:08:49.871205 EDT | [Averaged_Random/Random_DDPG_Complex_Humanoid/Experiment_0] epoch #30 | Training finished
2017-05-07 21:08:49.892144 EDT | [Averaged_Random/Random_DDPG_Complex_Humanoid/Experiment_0] epoch #30 | Collecting samples for evaluation
2017-05-07 21:11:35.870557 EDT | -----------------------  -------------
2017-05-07 21:11:35.871471 EDT | Epoch                     30
2017-05-07 21:11:35.871765 EDT | AverageReturn              5.78828
2017-05-07 21:11:35.872044 EDT | StdReturn                 10.3494
2017-05-07 21:11:35.872316 EDT | MaxReturn                 32.9058
2017-05-07 21:11:35.872584 EDT | MinReturn                -27.3198
2017-05-07 21:11:35.872861 EDT | AverageEsReturn            2.46216
2017-05-07 21:11:35.873126 EDT | StdEsReturn                6.39483
2017-05-07 21:11:35.873435 EDT | MaxEsReturn               11.0897
2017-05-07 21:11:35.873725 EDT | MinEsReturn               -7.99632
2017-05-07 21:11:35.874026 EDT | AverageDiscountedReturn    4.83763
2017-05-07 21:11:35.874337 EDT | AverageQLoss               2.42599e-05
2017-05-07 21:11:35.874653 EDT | AveragePolicySurr         -0.0329201
2017-05-07 21:11:35.874957 EDT | AverageQ                   0.0328891
2017-05-07 21:11:35.875440 EDT | AverageAbsQ                0.0328891
2017-05-07 21:11:35.882908 EDT | AverageY                   0.0329646
2017-05-07 21:11:35.884761 EDT | AverageAbsY                0.032982
2017-05-07 21:11:35.886175 EDT | AverageAbsQYDiff           0.00252631
2017-05-07 21:11:35.887222 EDT | AverageAction              0.970051
2017-05-07 21:11:35.888592 EDT | PolicyRegParamNorm        17.5537
2017-05-07 21:11:35.889747 EDT | QFunRegParamNorm          24.1259
2017-05-07 21:11:35.891059 EDT | AverageForwardProgress    -0.0554761
2017-05-07 21:11:35.892306 EDT | MaxForwardProgress         0.138003
2017-05-07 21:11:35.893416 EDT | MinForwardProgress        -0.328512
2017-05-07 21:11:35.894538 EDT | StdForwardProgress         0.0801469
2017-05-07 21:11:35.895747 EDT | -----------------------  -------------
2017-05-07 21:11:35.902063 EDT | [Averaged_Random/Random_DDPG_Complex_Humanoid/Experiment_0] epoch #31 | Training started
2017-05-07 21:11:35.905996 EDT | [Averaged_Random/Random_DDPG_Complex_Humanoid/Experiment_0] epoch #31 | Populating workers...
2017-05-07 21:11:35.920555 EDT | [Averaged_Random/Random_DDPG_Complex_Humanoid/Experiment_0] epoch #31 | Populated
2017-05-07 21:17:57.536949 EDT | [Averaged_Random/Random_DDPG_Complex_Humanoid/Experiment_0] epoch #31 | Training finished
2017-05-07 21:17:57.539939 EDT | [Averaged_Random/Random_DDPG_Complex_Humanoid/Experiment_0] epoch #31 | Collecting samples for evaluation
2017-05-07 21:20:28.274746 EDT | -----------------------  -------------
2017-05-07 21:20:28.275996 EDT | Epoch                     31
2017-05-07 21:20:28.276433 EDT | AverageReturn              3.89016
2017-05-07 21:20:28.276803 EDT | StdReturn                 10.637
2017-05-07 21:20:28.277174 EDT | MaxReturn                 31.6797
2017-05-07 21:20:28.277566 EDT | MinReturn                -22.56
2017-05-07 21:20:28.277984 EDT | AverageEsReturn            1.28151
2017-05-07 21:20:28.278391 EDT | StdEsReturn               10.9603
2017-05-07 21:20:28.278784 EDT | MaxEsReturn               25.855
2017-05-07 21:20:28.279177 EDT | MinEsReturn              -16.9117
2017-05-07 21:20:28.279585 EDT | AverageDiscountedReturn    3.79694
2017-05-07 21:20:28.279987 EDT | AverageQLoss               2.56738e-05
2017-05-07 21:20:28.280390 EDT | AveragePolicySurr         -0.0336087
2017-05-07 21:20:28.280765 EDT | AverageQ                   0.0335766
2017-05-07 21:20:28.282136 EDT | AverageAbsQ                0.0335766
2017-05-07 21:20:28.282565 EDT | AverageY                   0.0336594
2017-05-07 21:20:28.282908 EDT | AverageAbsY                0.0336789
2017-05-07 21:20:28.283228 EDT | AverageAbsQYDiff           0.00257542
2017-05-07 21:20:28.283637 EDT | AverageAction              0.969448
2017-05-07 21:20:28.284041 EDT | PolicyRegParamNorm        17.5537
2017-05-07 21:20:28.284416 EDT | QFunRegParamNorm          24.2689
2017-05-07 21:20:28.284869 EDT | AverageForwardProgress    -0.0714467
2017-05-07 21:20:28.285309 EDT | MaxForwardProgress         0.108694
2017-05-07 21:20:28.285702 EDT | MinForwardProgress        -0.276036
2017-05-07 21:20:28.286041 EDT | StdForwardProgress         0.0828381
2017-05-07 21:20:28.286400 EDT | -----------------------  -------------
2017-05-07 21:20:28.286921 EDT | [Averaged_Random/Random_DDPG_Complex_Humanoid/Experiment_0] epoch #32 | Training started
2017-05-07 21:20:28.288638 EDT | [Averaged_Random/Random_DDPG_Complex_Humanoid/Experiment_0] epoch #32 | Populating workers...
2017-05-07 21:20:28.289187 EDT | [Averaged_Random/Random_DDPG_Complex_Humanoid/Experiment_0] epoch #32 | Populated
2017-05-07 21:27:11.096419 EDT | [Averaged_Random/Random_DDPG_Complex_Humanoid/Experiment_0] epoch #32 | Training finished
2017-05-07 21:27:11.105809 EDT | [Averaged_Random/Random_DDPG_Complex_Humanoid/Experiment_0] epoch #32 | Collecting samples for evaluation
2017-05-07 21:29:53.640769 EDT | -----------------------  -------------
2017-05-07 21:29:53.641689 EDT | Epoch                     32
2017-05-07 21:29:53.642000 EDT | AverageReturn              3.25807
2017-05-07 21:29:53.642263 EDT | StdReturn                 11.211
2017-05-07 21:29:53.642514 EDT | MaxReturn                 31.6148
2017-05-07 21:29:53.642770 EDT | MinReturn                -25.5872
2017-05-07 21:29:53.643038 EDT | AverageEsReturn            7.27707
2017-05-07 21:29:53.643286 EDT | StdEsReturn                9.40209
2017-05-07 21:29:53.643531 EDT | MaxEsReturn               23.666
2017-05-07 21:29:53.643777 EDT | MinEsReturn               -7.02028
2017-05-07 21:29:53.644022 EDT | AverageDiscountedReturn    3.25401
2017-05-07 21:29:53.644274 EDT | AverageQLoss               2.60925e-05
2017-05-07 21:29:53.644536 EDT | AveragePolicySurr         -0.0342797
2017-05-07 21:29:53.644789 EDT | AverageQ                   0.0342467
2017-05-07 21:29:53.645038 EDT | AverageAbsQ                0.0342467
2017-05-07 21:29:53.645284 EDT | AverageY                   0.0343314
2017-05-07 21:29:53.645528 EDT | AverageAbsY                0.0343531
2017-05-07 21:29:53.645788 EDT | AverageAbsQYDiff           0.00257361
2017-05-07 21:29:53.646033 EDT | AverageAction              0.96962
2017-05-07 21:29:53.646359 EDT | PolicyRegParamNorm        17.5537
2017-05-07 21:29:53.646631 EDT | QFunRegParamNorm          24.4561
2017-05-07 21:29:53.646875 EDT | AverageForwardProgress    -0.0772731
2017-05-07 21:29:53.647119 EDT | MaxForwardProgress         0.135676
2017-05-07 21:29:53.647364 EDT | MinForwardProgress        -0.321359
2017-05-07 21:29:53.647620 EDT | StdForwardProgress         0.0893444
2017-05-07 21:29:53.647869 EDT | -----------------------  -------------
2017-05-07 21:29:53.648307 EDT | [Averaged_Random/Random_DDPG_Complex_Humanoid/Experiment_0] epoch #33 | Training started
2017-05-07 21:29:53.650732 EDT | [Averaged_Random/Random_DDPG_Complex_Humanoid/Experiment_0] epoch #33 | Populating workers...
2017-05-07 21:29:53.662616 EDT | [Averaged_Random/Random_DDPG_Complex_Humanoid/Experiment_0] epoch #33 | Populated
2017-05-07 21:35:54.925431 EDT | [Averaged_Random/Random_DDPG_Complex_Humanoid/Experiment_0] epoch #33 | Training finished
2017-05-07 21:35:54.930591 EDT | [Averaged_Random/Random_DDPG_Complex_Humanoid/Experiment_0] epoch #33 | Collecting samples for evaluation
2017-05-07 21:38:27.868220 EDT | -----------------------  -------------
2017-05-07 21:38:27.869269 EDT | Epoch                     33
2017-05-07 21:38:27.869618 EDT | AverageReturn              6.24568
2017-05-07 21:38:27.869995 EDT | StdReturn                 10.4289
2017-05-07 21:38:27.870386 EDT | MaxReturn                 34.0686
2017-05-07 21:38:27.870767 EDT | MinReturn                -20.3827
2017-05-07 21:38:27.871164 EDT | AverageEsReturn           12.0124
2017-05-07 21:38:27.871490 EDT | StdEsReturn               12.4083
2017-05-07 21:38:27.871873 EDT | MaxEsReturn               48.4033
2017-05-07 21:38:27.872207 EDT | MinEsReturn               -5.72109
2017-05-07 21:38:27.872526 EDT | AverageDiscountedReturn    5.18043
2017-05-07 21:38:27.872844 EDT | AverageQLoss               2.68731e-05
2017-05-07 21:38:27.873173 EDT | AveragePolicySurr         -0.0349524
2017-05-07 21:38:27.873537 EDT | AverageQ                   0.0349187
2017-05-07 21:38:27.873914 EDT | AverageAbsQ                0.0349187
2017-05-07 21:38:27.874257 EDT | AverageY                   0.0350069
2017-05-07 21:38:27.874616 EDT | AverageAbsY                0.0350222
2017-05-07 21:38:27.875023 EDT | AverageAbsQYDiff           0.0025953
2017-05-07 21:38:27.875532 EDT | AverageAction              0.969952
2017-05-07 21:38:27.875889 EDT | PolicyRegParamNorm        17.5537
2017-05-07 21:38:27.876359 EDT | QFunRegParamNorm          24.5241
2017-05-07 21:38:27.876702 EDT | AverageForwardProgress    -0.0512347
2017-05-07 21:38:27.877034 EDT | MaxForwardProgress         0.14191
2017-05-07 21:38:27.877364 EDT | MinForwardProgress        -0.283112
2017-05-07 21:38:27.877800 EDT | StdForwardProgress         0.0819543
2017-05-07 21:38:27.878193 EDT | -----------------------  -------------
2017-05-07 21:38:27.878912 EDT | [Averaged_Random/Random_DDPG_Complex_Humanoid/Experiment_0] epoch #34 | Training started
2017-05-07 21:38:27.881603 EDT | [Averaged_Random/Random_DDPG_Complex_Humanoid/Experiment_0] epoch #34 | Populating workers...
2017-05-07 21:38:27.886925 EDT | [Averaged_Random/Random_DDPG_Complex_Humanoid/Experiment_0] epoch #34 | Populated
2017-05-07 21:45:07.655101 EDT | [Averaged_Random/Random_DDPG_Complex_Humanoid/Experiment_0] epoch #34 | Training finished
2017-05-07 21:45:07.661078 EDT | [Averaged_Random/Random_DDPG_Complex_Humanoid/Experiment_0] epoch #34 | Collecting samples for evaluation
2017-05-07 21:48:44.539948 EDT | -----------------------  -------------
2017-05-07 21:48:44.542484 EDT | Epoch                     34
2017-05-07 21:48:44.543072 EDT | AverageReturn              5.41588
2017-05-07 21:48:44.543523 EDT | StdReturn                 10.6929
2017-05-07 21:48:44.543903 EDT | MaxReturn                 40.0534
2017-05-07 21:48:44.544343 EDT | MinReturn                -22.6241
2017-05-07 21:48:44.544680 EDT | AverageEsReturn            5.20186
2017-05-07 21:48:44.545076 EDT | StdEsReturn               10.5351
2017-05-07 21:48:44.545397 EDT | MaxEsReturn               23.6446
2017-05-07 21:48:44.545809 EDT | MinEsReturn              -12.7002
2017-05-07 21:48:44.546232 EDT | AverageDiscountedReturn    4.62954
2017-05-07 21:48:44.546563 EDT | AverageQLoss               2.86296e-05
2017-05-07 21:48:44.546996 EDT | AveragePolicySurr         -0.0355434
2017-05-07 21:48:44.547353 EDT | AverageQ                   0.0355093
2017-05-07 21:48:44.547753 EDT | AverageAbsQ                0.0355093
2017-05-07 21:48:44.548143 EDT | AverageY                   0.0356055
2017-05-07 21:48:44.548524 EDT | AverageAbsY                0.0356248
2017-05-07 21:48:44.548917 EDT | AverageAbsQYDiff           0.0026376
2017-05-07 21:48:44.549307 EDT | AverageAction              0.969607
2017-05-07 21:48:44.549758 EDT | PolicyRegParamNorm        17.5537
2017-05-07 21:48:44.550081 EDT | QFunRegParamNorm          24.7153
2017-05-07 21:48:44.550443 EDT | AverageForwardProgress    -0.0589476
2017-05-07 21:48:44.550807 EDT | MaxForwardProgress         0.21478
2017-05-07 21:48:44.551229 EDT | MinForwardProgress        -0.276249
2017-05-07 21:48:44.551622 EDT | StdForwardProgress         0.0839624
2017-05-07 21:48:44.551944 EDT | -----------------------  -------------
2017-05-07 21:48:44.552585 EDT | [Averaged_Random/Random_DDPG_Complex_Humanoid/Experiment_0] epoch #35 | Training started
2017-05-07 21:48:44.556235 EDT | [Averaged_Random/Random_DDPG_Complex_Humanoid/Experiment_0] epoch #35 | Populating workers...
2017-05-07 21:48:44.560115 EDT | [Averaged_Random/Random_DDPG_Complex_Humanoid/Experiment_0] epoch #35 | Populated
2017-05-07 21:57:10.663024 EDT | [Averaged_Random/Random_DDPG_Complex_Humanoid/Experiment_0] epoch #35 | Training finished
2017-05-07 21:57:10.665820 EDT | [Averaged_Random/Random_DDPG_Complex_Humanoid/Experiment_0] epoch #35 | Collecting samples for evaluation
2017-05-07 22:00:34.282406 EDT | -----------------------  -------------
2017-05-07 22:00:34.283546 EDT | Epoch                     35
2017-05-07 22:00:34.284043 EDT | AverageReturn              4.42975
2017-05-07 22:00:34.284484 EDT | StdReturn                  9.5033
2017-05-07 22:00:34.284860 EDT | MaxReturn                 29.6117
2017-05-07 22:00:34.285204 EDT | MinReturn                -22.065
2017-05-07 22:00:34.285528 EDT | AverageEsReturn            4.38445
2017-05-07 22:00:34.285889 EDT | StdEsReturn                7.21001
2017-05-07 22:00:34.286307 EDT | MaxEsReturn               17.3199
2017-05-07 22:00:34.286675 EDT | MinEsReturn              -12.3929
2017-05-07 22:00:34.286997 EDT | AverageDiscountedReturn    3.96599
2017-05-07 22:00:34.287332 EDT | AverageQLoss               2.91776e-05
2017-05-07 22:00:34.287669 EDT | AveragePolicySurr         -0.0360932
2017-05-07 22:00:34.287991 EDT | AverageQ                   0.0360589
2017-05-07 22:00:34.288314 EDT | AverageAbsQ                0.0360589
2017-05-07 22:00:34.288633 EDT | AverageY                   0.0361517
2017-05-07 22:00:34.288952 EDT | AverageAbsY                0.0361714
2017-05-07 22:00:34.289268 EDT | AverageAbsQYDiff           0.00263395
2017-05-07 22:00:34.289623 EDT | AverageAction              0.969973
2017-05-07 22:00:34.289955 EDT | PolicyRegParamNorm        17.5537
2017-05-07 22:00:34.290308 EDT | QFunRegParamNorm          24.8041
2017-05-07 22:00:34.290663 EDT | AverageForwardProgress    -0.0657598
2017-05-07 22:00:34.291048 EDT | MaxForwardProgress         0.127513
2017-05-07 22:00:34.291395 EDT | MinForwardProgress        -0.299079
2017-05-07 22:00:34.291806 EDT | StdForwardProgress         0.075808
2017-05-07 22:00:34.292131 EDT | -----------------------  -------------
2017-05-07 22:00:34.292755 EDT | [Averaged_Random/Random_DDPG_Complex_Humanoid/Experiment_0] epoch #36 | Training started
2017-05-07 22:00:34.299739 EDT | [Averaged_Random/Random_DDPG_Complex_Humanoid/Experiment_0] epoch #36 | Populating workers...
2017-05-07 22:00:34.302487 EDT | [Averaged_Random/Random_DDPG_Complex_Humanoid/Experiment_0] epoch #36 | Populated
2017-05-07 22:09:02.050381 EDT | [Averaged_Random/Random_DDPG_Complex_Humanoid/Experiment_0] epoch #36 | Training finished
2017-05-07 22:09:02.061478 EDT | [Averaged_Random/Random_DDPG_Complex_Humanoid/Experiment_0] epoch #36 | Collecting samples for evaluation
2017-05-07 22:12:34.750638 EDT | -----------------------  -------------
2017-05-07 22:12:34.751543 EDT | Epoch                     36
2017-05-07 22:12:34.751921 EDT | AverageReturn              5.20477
2017-05-07 22:12:34.752256 EDT | StdReturn                 11.1781
2017-05-07 22:12:34.752629 EDT | MaxReturn                 36.1792
2017-05-07 22:12:34.752959 EDT | MinReturn                -25.4527
2017-05-07 22:12:34.753280 EDT | AverageEsReturn            5.53534
2017-05-07 22:12:34.753611 EDT | StdEsReturn                6.6749
2017-05-07 22:12:34.754006 EDT | MaxEsReturn               15.0637
2017-05-07 22:12:34.754460 EDT | MinEsReturn               -8.9174
2017-05-07 22:12:34.754786 EDT | AverageDiscountedReturn    4.43212
2017-05-07 22:12:34.755110 EDT | AverageQLoss               2.98554e-05
2017-05-07 22:12:34.755440 EDT | AveragePolicySurr         -0.036621
2017-05-07 22:12:34.755774 EDT | AverageQ                   0.0365861
2017-05-07 22:12:34.757133 EDT | AverageAbsQ                0.0365861
2017-05-07 22:12:34.766737 EDT | AverageY                   0.0366863
2017-05-07 22:12:34.775199 EDT | AverageAbsY                0.0367075
2017-05-07 22:12:34.777338 EDT | AverageAbsQYDiff           0.00265918
2017-05-07 22:12:34.779463 EDT | AverageAction              0.969983
2017-05-07 22:12:34.781355 EDT | PolicyRegParamNorm        17.5537
2017-05-07 22:12:34.783591 EDT | QFunRegParamNorm          25.2637
2017-05-07 22:12:34.785427 EDT | AverageForwardProgress    -0.0587034
2017-05-07 22:12:34.786927 EDT | MaxForwardProgress         0.173263
2017-05-07 22:12:34.788379 EDT | MinForwardProgress        -0.299549
2017-05-07 22:12:34.789485 EDT | StdForwardProgress         0.0876003
2017-05-07 22:12:34.791186 EDT | -----------------------  -------------
2017-05-07 22:12:34.793169 EDT | [Averaged_Random/Random_DDPG_Complex_Humanoid/Experiment_0] epoch #37 | Training started
2017-05-07 22:12:34.803464 EDT | [Averaged_Random/Random_DDPG_Complex_Humanoid/Experiment_0] epoch #37 | Populating workers...
2017-05-07 22:12:34.828303 EDT | [Averaged_Random/Random_DDPG_Complex_Humanoid/Experiment_0] epoch #37 | Populated
2017-05-07 22:20:11.282925 EDT | [Averaged_Random/Random_DDPG_Complex_Humanoid/Experiment_0] epoch #37 | Training finished
2017-05-07 22:20:11.285062 EDT | [Averaged_Random/Random_DDPG_Complex_Humanoid/Experiment_0] epoch #37 | Collecting samples for evaluation
2017-05-07 22:23:49.271341 EDT | -----------------------  -------------
2017-05-07 22:23:49.272634 EDT | Epoch                     37
2017-05-07 22:23:49.272969 EDT | AverageReturn              4.726
2017-05-07 22:23:49.273235 EDT | StdReturn                 10.6549
2017-05-07 22:23:49.273487 EDT | MaxReturn                 33.8516
2017-05-07 22:23:49.273800 EDT | MinReturn                -21.1751
2017-05-07 22:23:49.274108 EDT | AverageEsReturn            6.89216
2017-05-07 22:23:49.274436 EDT | StdEsReturn                8.58347
2017-05-07 22:23:49.274704 EDT | MaxEsReturn               25.3435
2017-05-07 22:23:49.274943 EDT | MinEsReturn               -5.93372
2017-05-07 22:23:49.275180 EDT | AverageDiscountedReturn    4.19948
2017-05-07 22:23:49.275420 EDT | AverageQLoss               3.12552e-05
2017-05-07 22:23:49.275666 EDT | AveragePolicySurr         -0.037098
2017-05-07 22:23:49.275907 EDT | AverageQ                   0.0370631
2017-05-07 22:23:49.276148 EDT | AverageAbsQ                0.0370631
2017-05-07 22:23:49.276390 EDT | AverageY                   0.0371643
2017-05-07 22:23:49.276675 EDT | AverageAbsY                0.0371844
2017-05-07 22:23:49.276961 EDT | AverageAbsQYDiff           0.00268731
2017-05-07 22:23:49.277241 EDT | AverageAction              0.969808
2017-05-07 22:23:49.277509 EDT | PolicyRegParamNorm        17.5537
2017-05-07 22:23:49.277787 EDT | QFunRegParamNorm          25.4296
2017-05-07 22:23:49.278027 EDT | AverageForwardProgress    -0.0643247
2017-05-07 22:23:49.278263 EDT | MaxForwardProgress         0.154686
2017-05-07 22:23:49.278518 EDT | MinForwardProgress        -0.288286
2017-05-07 22:23:49.278754 EDT | StdForwardProgress         0.0837898
2017-05-07 22:23:49.278989 EDT | -----------------------  -------------
2017-05-07 22:23:49.279409 EDT | [Averaged_Random/Random_DDPG_Complex_Humanoid/Experiment_0] epoch #38 | Training started
2017-05-07 22:23:49.282624 EDT | [Averaged_Random/Random_DDPG_Complex_Humanoid/Experiment_0] epoch #38 | Populating workers...
2017-05-07 22:23:49.282926 EDT | [Averaged_Random/Random_DDPG_Complex_Humanoid/Experiment_0] epoch #38 | Populated
2017-05-07 22:32:12.025130 EDT | [Averaged_Random/Random_DDPG_Complex_Humanoid/Experiment_0] epoch #38 | Training finished
2017-05-07 22:32:12.026309 EDT | [Averaged_Random/Random_DDPG_Complex_Humanoid/Experiment_0] epoch #38 | Collecting samples for evaluation
2017-05-07 22:35:39.039960 EDT | -----------------------  -------------
2017-05-07 22:35:39.041216 EDT | Epoch                     38
2017-05-07 22:35:39.041684 EDT | AverageReturn              4.83439
2017-05-07 22:35:39.042304 EDT | StdReturn                  9.28646
2017-05-07 22:35:39.042783 EDT | MaxReturn                 28.3571
2017-05-07 22:35:39.043224 EDT | MinReturn                -20.8925
2017-05-07 22:35:39.043710 EDT | AverageEsReturn            4.95984
2017-05-07 22:35:39.044223 EDT | StdEsReturn                9.22587
2017-05-07 22:35:39.044622 EDT | MaxEsReturn               18.4371
2017-05-07 22:35:39.045090 EDT | MinEsReturn              -18.8321
2017-05-07 22:35:39.045466 EDT | AverageDiscountedReturn    4.26316
2017-05-07 22:35:39.045966 EDT | AverageQLoss               3.20108e-05
2017-05-07 22:35:39.046392 EDT | AveragePolicySurr         -0.0375549
2017-05-07 22:35:39.046794 EDT | AverageQ                   0.0375193
2017-05-07 22:35:39.047202 EDT | AverageAbsQ                0.0375193
2017-05-07 22:35:39.047600 EDT | AverageY                   0.037626
2017-05-07 22:35:39.047980 EDT | AverageAbsY                0.037647
2017-05-07 22:35:39.048363 EDT | AverageAbsQYDiff           0.0026976
2017-05-07 22:35:39.048743 EDT | AverageAction              0.969247
2017-05-07 22:35:39.049121 EDT | PolicyRegParamNorm        17.5537
2017-05-07 22:35:39.049495 EDT | QFunRegParamNorm          25.65
2017-05-07 22:35:39.049918 EDT | AverageForwardProgress    -0.0639672
2017-05-07 22:35:39.054136 EDT | MaxForwardProgress         0.125151
2017-05-07 22:35:39.055224 EDT | MinForwardProgress        -0.276641
2017-05-07 22:35:39.055953 EDT | StdForwardProgress         0.0751291
2017-05-07 22:35:39.058306 EDT | -----------------------  -------------
2017-05-07 22:35:39.062088 EDT | [Averaged_Random/Random_DDPG_Complex_Humanoid/Experiment_0] epoch #39 | Training started
2017-05-07 22:35:39.075562 EDT | [Averaged_Random/Random_DDPG_Complex_Humanoid/Experiment_0] epoch #39 | Populating workers...
2017-05-07 22:35:39.077963 EDT | [Averaged_Random/Random_DDPG_Complex_Humanoid/Experiment_0] epoch #39 | Populated
2017-05-07 22:42:37.632598 EDT | [Averaged_Random/Random_DDPG_Complex_Humanoid/Experiment_0] epoch #39 | Training finished
2017-05-07 22:42:37.636060 EDT | [Averaged_Random/Random_DDPG_Complex_Humanoid/Experiment_0] epoch #39 | Collecting samples for evaluation
2017-05-07 22:45:48.536537 EDT | -----------------------  -------------
2017-05-07 22:45:48.537735 EDT | Epoch                     39
2017-05-07 22:45:48.538210 EDT | AverageReturn              4.61944
2017-05-07 22:45:48.538550 EDT | StdReturn                 11.3486
2017-05-07 22:45:48.538883 EDT | MaxReturn                 32.7788
2017-05-07 22:45:48.539302 EDT | MinReturn                -23.6626
2017-05-07 22:45:48.539629 EDT | AverageEsReturn            0.310204
2017-05-07 22:45:48.539956 EDT | StdEsReturn                9.90181
2017-05-07 22:45:48.540329 EDT | MaxEsReturn               26.1106
2017-05-07 22:45:48.540705 EDT | MinEsReturn              -10.83
2017-05-07 22:45:48.541027 EDT | AverageDiscountedReturn    4.10432
2017-05-07 22:45:48.541352 EDT | AverageQLoss               3.20404e-05
2017-05-07 22:45:48.541800 EDT | AveragePolicySurr         -0.0379819
2017-05-07 22:45:48.542195 EDT | AverageQ                   0.0379453
2017-05-07 22:45:48.542638 EDT | AverageAbsQ                0.0379453
2017-05-07 22:45:48.543083 EDT | AverageY                   0.0380539
2017-05-07 22:45:48.543514 EDT | AverageAbsY                0.0380757
2017-05-07 22:45:48.543955 EDT | AverageAbsQYDiff           0.00268711
2017-05-07 22:45:48.544388 EDT | AverageAction              0.96956
2017-05-07 22:45:48.544821 EDT | PolicyRegParamNorm        17.5537
2017-05-07 22:45:48.545257 EDT | QFunRegParamNorm          25.7209
2017-05-07 22:45:48.545713 EDT | AverageForwardProgress    -0.065834
2017-05-07 22:45:48.546196 EDT | MaxForwardProgress         0.129404
2017-05-07 22:45:48.546615 EDT | MinForwardProgress        -0.297281
2017-05-07 22:45:48.546996 EDT | StdForwardProgress         0.0886837
2017-05-07 22:45:48.547326 EDT | -----------------------  -------------
2017-05-07 22:45:48.547920 EDT | [Averaged_Random/Random_DDPG_Complex_Humanoid/Experiment_0] epoch #40 | Training started
2017-05-07 22:45:48.551789 EDT | [Averaged_Random/Random_DDPG_Complex_Humanoid/Experiment_0] epoch #40 | Populating workers...
2017-05-07 22:45:48.572815 EDT | [Averaged_Random/Random_DDPG_Complex_Humanoid/Experiment_0] epoch #40 | Populated
2017-05-07 22:52:21.086407 EDT | [Averaged_Random/Random_DDPG_Complex_Humanoid/Experiment_0] epoch #40 | Training finished
2017-05-07 22:52:21.088720 EDT | [Averaged_Random/Random_DDPG_Complex_Humanoid/Experiment_0] epoch #40 | Collecting samples for evaluation
2017-05-07 22:55:44.346716 EDT | -----------------------  -------------
2017-05-07 22:55:44.347985 EDT | Epoch                     40
2017-05-07 22:55:44.348347 EDT | AverageReturn              4.31365
2017-05-07 22:55:44.348684 EDT | StdReturn                 10.646
2017-05-07 22:55:44.349030 EDT | MaxReturn                 26.1513
2017-05-07 22:55:44.349378 EDT | MinReturn                -26.8422
2017-05-07 22:55:44.349712 EDT | AverageEsReturn            0.584621
2017-05-07 22:55:44.350123 EDT | StdEsReturn               10.2115
2017-05-07 22:55:44.350466 EDT | MaxEsReturn               16.8794
2017-05-07 22:55:44.350799 EDT | MinEsReturn              -22.7501
2017-05-07 22:55:44.351143 EDT | AverageDiscountedReturn    3.9097
2017-05-07 22:55:44.351469 EDT | AverageQLoss               3.20437e-05
2017-05-07 22:55:44.351828 EDT | AveragePolicySurr         -0.0383778
2017-05-07 22:55:44.352300 EDT | AverageQ                   0.0383421
2017-05-07 22:55:44.352708 EDT | AverageAbsQ                0.0383421
2017-05-07 22:55:44.353068 EDT | AverageY                   0.038452
2017-05-07 22:55:44.353395 EDT | AverageAbsY                0.0384715
2017-05-07 22:55:44.353742 EDT | AverageAbsQYDiff           0.00268969
2017-05-07 22:55:44.354074 EDT | AverageAction              0.970158
2017-05-07 22:55:44.354454 EDT | PolicyRegParamNorm        17.5537
2017-05-07 22:55:44.354873 EDT | QFunRegParamNorm          25.847
2017-05-07 22:55:44.355324 EDT | AverageForwardProgress    -0.0684598
2017-05-07 22:55:44.355774 EDT | MaxForwardProgress         0.0959962
2017-05-07 22:55:44.356218 EDT | MinForwardProgress        -0.337007
2017-05-07 22:55:44.356658 EDT | StdForwardProgress         0.0852383
2017-05-07 22:55:44.357370 EDT | -----------------------  -------------
2017-05-07 22:55:44.359111 EDT | [Averaged_Random/Random_DDPG_Complex_Humanoid/Experiment_0] epoch #41 | Training started
2017-05-07 22:55:44.363794 EDT | [Averaged_Random/Random_DDPG_Complex_Humanoid/Experiment_0] epoch #41 | Populating workers...
2017-05-07 22:55:44.373715 EDT | [Averaged_Random/Random_DDPG_Complex_Humanoid/Experiment_0] epoch #41 | Populated
2017-05-07 23:03:20.168507 EDT | [Averaged_Random/Random_DDPG_Complex_Humanoid/Experiment_0] epoch #41 | Training finished
2017-05-07 23:03:20.173674 EDT | [Averaged_Random/Random_DDPG_Complex_Humanoid/Experiment_0] epoch #41 | Collecting samples for evaluation
2017-05-07 23:06:10.239439 EDT | -----------------------  ------------
2017-05-07 23:06:10.240344 EDT | Epoch                    41
2017-05-07 23:06:10.240648 EDT | AverageReturn             9.90685
2017-05-07 23:06:10.240892 EDT | StdReturn                 5.01867
2017-05-07 23:06:10.241132 EDT | MaxReturn                24.9252
2017-05-07 23:06:10.241370 EDT | MinReturn                -3.31729
2017-05-07 23:06:10.241618 EDT | AverageEsReturn          10.6197
2017-05-07 23:06:10.241951 EDT | StdEsReturn               4.07661
2017-05-07 23:06:10.242272 EDT | MaxEsReturn              18.9701
2017-05-07 23:06:10.242511 EDT | MinEsReturn               4.45675
2017-05-07 23:06:10.242752 EDT | AverageDiscountedReturn   7.82389
2017-05-07 23:06:10.243008 EDT | AverageQLoss              3.34242e-05
2017-05-07 23:06:10.243243 EDT | AveragePolicySurr        -0.0387203
2017-05-07 23:06:10.243484 EDT | AverageQ                  0.0386844
2017-05-07 23:06:10.243719 EDT | AverageAbsQ               0.0386844
2017-05-07 23:06:10.243997 EDT | AverageY                  0.0387912
2017-05-07 23:06:10.244231 EDT | AverageAbsY               0.0388126
2017-05-07 23:06:10.244464 EDT | AverageAbsQYDiff          0.00273692
2017-05-07 23:06:10.244713 EDT | AverageAction             0.964331
2017-05-07 23:06:10.244948 EDT | PolicyRegParamNorm       17.5588
2017-05-07 23:06:10.245181 EDT | QFunRegParamNorm         26.0132
2017-05-07 23:06:10.245457 EDT | AverageForwardProgress    0.0124436
2017-05-07 23:06:10.245690 EDT | MaxForwardProgress        0.128294
2017-05-07 23:06:10.245944 EDT | MinForwardProgress       -0.092156
2017-05-07 23:06:10.246178 EDT | StdForwardProgress        0.0387329
2017-05-07 23:06:10.246412 EDT | -----------------------  ------------
2017-05-07 23:06:10.246854 EDT | [Averaged_Random/Random_DDPG_Complex_Humanoid/Experiment_0] epoch #42 | Training started
2017-05-07 23:06:10.249400 EDT | [Averaged_Random/Random_DDPG_Complex_Humanoid/Experiment_0] epoch #42 | Populating workers...
2017-05-07 23:06:10.262409 EDT | [Averaged_Random/Random_DDPG_Complex_Humanoid/Experiment_0] epoch #42 | Populated
2017-05-07 23:13:41.949069 EDT | [Averaged_Random/Random_DDPG_Complex_Humanoid/Experiment_0] epoch #42 | Training finished
2017-05-07 23:13:41.953833 EDT | [Averaged_Random/Random_DDPG_Complex_Humanoid/Experiment_0] epoch #42 | Collecting samples for evaluation
2017-05-07 23:16:50.881871 EDT | -----------------------  ------------
2017-05-07 23:16:50.882946 EDT | Epoch                    42
2017-05-07 23:16:50.883303 EDT | AverageReturn             9.60785
2017-05-07 23:16:50.883633 EDT | StdReturn                 4.76791
2017-05-07 23:16:50.884007 EDT | MaxReturn                23.3579
2017-05-07 23:16:50.884330 EDT | MinReturn                -1.8351
2017-05-07 23:16:50.884650 EDT | AverageEsReturn           7.46302
2017-05-07 23:16:50.884974 EDT | StdEsReturn               5.05107
2017-05-07 23:16:50.885299 EDT | MaxEsReturn              16.7842
2017-05-07 23:16:50.885647 EDT | MinEsReturn              -2.31099
2017-05-07 23:16:50.886001 EDT | AverageDiscountedReturn   7.60475
2017-05-07 23:16:50.886330 EDT | AverageQLoss              3.40499e-05
2017-05-07 23:16:50.886651 EDT | AveragePolicySurr        -0.0390869
2017-05-07 23:16:50.889803 EDT | AverageQ                  0.0390489
2017-05-07 23:16:50.890186 EDT | AverageAbsQ               0.0390489
2017-05-07 23:16:50.890512 EDT | AverageY                  0.0391686
2017-05-07 23:16:50.890828 EDT | AverageAbsY               0.0391883
2017-05-07 23:16:50.891195 EDT | AverageAbsQYDiff          0.00272282
2017-05-07 23:16:50.891516 EDT | AverageAction             0.982237
2017-05-07 23:16:50.891828 EDT | PolicyRegParamNorm       17.56
2017-05-07 23:16:50.892147 EDT | QFunRegParamNorm         26.3939
2017-05-07 23:16:50.892467 EDT | AverageForwardProgress    0.0107158
2017-05-07 23:16:50.892773 EDT | MaxForwardProgress        0.115324
2017-05-07 23:16:50.893079 EDT | MinForwardProgress       -0.0771231
2017-05-07 23:16:50.893383 EDT | StdForwardProgress        0.0363766
2017-05-07 23:16:50.893688 EDT | -----------------------  ------------
2017-05-07 23:16:50.894209 EDT | [Averaged_Random/Random_DDPG_Complex_Humanoid/Experiment_0] epoch #43 | Training started
2017-05-07 23:16:50.894875 EDT | [Averaged_Random/Random_DDPG_Complex_Humanoid/Experiment_0] epoch #43 | Populating workers...
2017-05-07 23:16:50.895233 EDT | [Averaged_Random/Random_DDPG_Complex_Humanoid/Experiment_0] epoch #43 | Populated
2017-05-07 23:24:04.194152 EDT | [Averaged_Random/Random_DDPG_Complex_Humanoid/Experiment_0] epoch #43 | Training finished
2017-05-07 23:24:04.195765 EDT | [Averaged_Random/Random_DDPG_Complex_Humanoid/Experiment_0] epoch #43 | Collecting samples for evaluation
