2017-05-07 17:05:28.692999 EDT | [Averaged_PolyRL/Tuned_Environments/PolyRL_DDPG_Complex_Humanoid/Experiment_0] Populating workers...
2017-05-07 17:05:28.703542 EDT | [Averaged_PolyRL/Tuned_Environments/PolyRL_DDPG_Complex_Humanoid/Experiment_0] Populated
2017-05-07 17:05:51.343485 EDT | [Averaged_PolyRL/Tuned_Environments/PolyRL_DDPG_Complex_Humanoid/Experiment_0] epoch #0 | Training started
2017-05-07 17:05:51.349856 EDT | [Averaged_PolyRL/Tuned_Environments/PolyRL_DDPG_Complex_Humanoid/Experiment_0] epoch #0 | Populating workers...
2017-05-07 17:05:51.351044 EDT | [Averaged_PolyRL/Tuned_Environments/PolyRL_DDPG_Complex_Humanoid/Experiment_0] epoch #0 | Populated
2017-05-07 17:11:57.555240 EDT | [Averaged_PolyRL/Tuned_Environments/PolyRL_DDPG_Complex_Humanoid/Experiment_0] epoch #0 | Training finished
2017-05-07 17:11:57.563985 EDT | [Averaged_PolyRL/Tuned_Environments/PolyRL_DDPG_Complex_Humanoid/Experiment_0] epoch #1 | Training started
2017-05-07 17:11:57.565526 EDT | [Averaged_PolyRL/Tuned_Environments/PolyRL_DDPG_Complex_Humanoid/Experiment_0] epoch #1 | Populating workers...
2017-05-07 17:11:57.565930 EDT | [Averaged_PolyRL/Tuned_Environments/PolyRL_DDPG_Complex_Humanoid/Experiment_0] epoch #1 | Populated
2017-05-07 17:18:33.313808 EDT | [Averaged_PolyRL/Tuned_Environments/PolyRL_DDPG_Complex_Humanoid/Experiment_0] epoch #1 | Training finished
2017-05-07 17:18:33.317564 EDT | [Averaged_PolyRL/Tuned_Environments/PolyRL_DDPG_Complex_Humanoid/Experiment_0] epoch #2 | Training started
2017-05-07 17:18:33.319727 EDT | [Averaged_PolyRL/Tuned_Environments/PolyRL_DDPG_Complex_Humanoid/Experiment_0] epoch #2 | Populating workers...
2017-05-07 17:18:33.322774 EDT | [Averaged_PolyRL/Tuned_Environments/PolyRL_DDPG_Complex_Humanoid/Experiment_0] epoch #2 | Populated
2017-05-07 17:25:25.018643 EDT | [Averaged_PolyRL/Tuned_Environments/PolyRL_DDPG_Complex_Humanoid/Experiment_0] epoch #2 | Training finished
2017-05-07 17:25:25.021007 EDT | [Averaged_PolyRL/Tuned_Environments/PolyRL_DDPG_Complex_Humanoid/Experiment_0] epoch #3 | Training started
2017-05-07 17:25:25.024496 EDT | [Averaged_PolyRL/Tuned_Environments/PolyRL_DDPG_Complex_Humanoid/Experiment_0] epoch #3 | Populating workers...
2017-05-07 17:25:25.034888 EDT | [Averaged_PolyRL/Tuned_Environments/PolyRL_DDPG_Complex_Humanoid/Experiment_0] epoch #3 | Populated
2017-05-07 17:32:11.331442 EDT | [Averaged_PolyRL/Tuned_Environments/PolyRL_DDPG_Complex_Humanoid/Experiment_0] epoch #3 | Training finished
2017-05-07 17:32:11.334910 EDT | [Averaged_PolyRL/Tuned_Environments/PolyRL_DDPG_Complex_Humanoid/Experiment_0] epoch #4 | Training started
2017-05-07 17:32:11.339273 EDT | [Averaged_PolyRL/Tuned_Environments/PolyRL_DDPG_Complex_Humanoid/Experiment_0] epoch #4 | Populating workers...
2017-05-07 17:32:11.346735 EDT | [Averaged_PolyRL/Tuned_Environments/PolyRL_DDPG_Complex_Humanoid/Experiment_0] epoch #4 | Populated
2017-05-07 17:38:56.683006 EDT | [Averaged_PolyRL/Tuned_Environments/PolyRL_DDPG_Complex_Humanoid/Experiment_0] epoch #4 | Training finished
2017-05-07 17:38:56.690794 EDT | [Averaged_PolyRL/Tuned_Environments/PolyRL_DDPG_Complex_Humanoid/Experiment_0] epoch #5 | Training started
2017-05-07 17:38:56.693452 EDT | [Averaged_PolyRL/Tuned_Environments/PolyRL_DDPG_Complex_Humanoid/Experiment_0] epoch #5 | Populating workers...
2017-05-07 17:38:56.693868 EDT | [Averaged_PolyRL/Tuned_Environments/PolyRL_DDPG_Complex_Humanoid/Experiment_0] epoch #5 | Populated
2017-05-07 17:45:01.824424 EDT | [Averaged_PolyRL/Tuned_Environments/PolyRL_DDPG_Complex_Humanoid/Experiment_0] epoch #5 | Training finished
2017-05-07 17:45:01.825781 EDT | [Averaged_PolyRL/Tuned_Environments/PolyRL_DDPG_Complex_Humanoid/Experiment_0] epoch #6 | Training started
2017-05-07 17:45:01.830831 EDT | [Averaged_PolyRL/Tuned_Environments/PolyRL_DDPG_Complex_Humanoid/Experiment_0] epoch #6 | Populating workers...
2017-05-07 17:45:01.844847 EDT | [Averaged_PolyRL/Tuned_Environments/PolyRL_DDPG_Complex_Humanoid/Experiment_0] epoch #6 | Populated
2017-05-07 17:51:50.867971 EDT | [Averaged_PolyRL/Tuned_Environments/PolyRL_DDPG_Complex_Humanoid/Experiment_0] epoch #6 | Training finished
2017-05-07 17:51:50.870661 EDT | [Averaged_PolyRL/Tuned_Environments/PolyRL_DDPG_Complex_Humanoid/Experiment_0] epoch #7 | Training started
2017-05-07 17:51:50.874009 EDT | [Averaged_PolyRL/Tuned_Environments/PolyRL_DDPG_Complex_Humanoid/Experiment_0] epoch #7 | Populating workers...
2017-05-07 17:51:50.879609 EDT | [Averaged_PolyRL/Tuned_Environments/PolyRL_DDPG_Complex_Humanoid/Experiment_0] epoch #7 | Populated
2017-05-07 17:58:47.053239 EDT | [Averaged_PolyRL/Tuned_Environments/PolyRL_DDPG_Complex_Humanoid/Experiment_0] epoch #7 | Training finished
2017-05-07 17:58:47.057574 EDT | [Averaged_PolyRL/Tuned_Environments/PolyRL_DDPG_Complex_Humanoid/Experiment_0] epoch #8 | Training started
2017-05-07 17:58:47.061029 EDT | [Averaged_PolyRL/Tuned_Environments/PolyRL_DDPG_Complex_Humanoid/Experiment_0] epoch #8 | Populating workers...
2017-05-07 17:58:47.061493 EDT | [Averaged_PolyRL/Tuned_Environments/PolyRL_DDPG_Complex_Humanoid/Experiment_0] epoch #8 | Populated
2017-05-07 18:05:19.973528 EDT | [Averaged_PolyRL/Tuned_Environments/PolyRL_DDPG_Complex_Humanoid/Experiment_0] epoch #8 | Training finished
2017-05-07 18:05:19.985392 EDT | [Averaged_PolyRL/Tuned_Environments/PolyRL_DDPG_Complex_Humanoid/Experiment_0] epoch #9 | Training started
2017-05-07 18:05:19.991319 EDT | [Averaged_PolyRL/Tuned_Environments/PolyRL_DDPG_Complex_Humanoid/Experiment_0] epoch #9 | Populating workers...
2017-05-07 18:05:20.004030 EDT | [Averaged_PolyRL/Tuned_Environments/PolyRL_DDPG_Complex_Humanoid/Experiment_0] epoch #9 | Populated
2017-05-07 18:11:03.953452 EDT | [Averaged_PolyRL/Tuned_Environments/PolyRL_DDPG_Complex_Humanoid/Experiment_0] epoch #9 | Training finished
2017-05-07 18:11:03.956508 EDT | [Averaged_PolyRL/Tuned_Environments/PolyRL_DDPG_Complex_Humanoid/Experiment_0] epoch #9 | Collecting samples for evaluation
2017-05-07 18:13:13.079095 EDT | -----------------------  ------------
2017-05-07 18:13:13.080309 EDT | Epoch                     9
2017-05-07 18:13:13.080825 EDT | AverageReturn            24.9788
2017-05-07 18:13:13.081197 EDT | StdReturn                 6.67007
2017-05-07 18:13:13.081537 EDT | MaxReturn                42.2965
2017-05-07 18:13:13.081908 EDT | MinReturn                 4.55506
2017-05-07 18:13:13.082264 EDT | AverageEsReturn          23.3073
2017-05-07 18:13:13.082595 EDT | StdEsReturn               8.77502
2017-05-07 18:13:13.082925 EDT | MaxEsReturn              41.7838
2017-05-07 18:13:13.083256 EDT | MinEsReturn               0.192321
2017-05-07 18:13:13.083599 EDT | AverageDiscountedReturn  16.9609
2017-05-07 18:13:13.083927 EDT | AverageQLoss              1.35849e-05
2017-05-07 18:13:13.084255 EDT | AveragePolicySurr        -0.0198834
2017-05-07 18:13:13.084586 EDT | AverageQ                 -0.00854542
2017-05-07 18:13:13.084912 EDT | AverageAbsQ               0.00861595
2017-05-07 18:13:13.085238 EDT | AverageY                 -0.00586741
2017-05-07 18:13:13.085568 EDT | AverageAbsY               0.00630691
2017-05-07 18:13:13.085943 EDT | AverageAbsQYDiff          0.00297358
2017-05-07 18:13:13.086271 EDT | AverageAction             0.000345838
2017-05-07 18:13:13.086600 EDT | PolicyRegParamNorm       14.1287
2017-05-07 18:13:13.086923 EDT | QFunRegParamNorm         14.1911
2017-05-07 18:13:13.087250 EDT | AverageForwardProgress    0.0889853
2017-05-07 18:13:13.087629 EDT | MaxForwardProgress        0.227612
2017-05-07 18:13:13.087954 EDT | MinForwardProgress       -0.0756176
2017-05-07 18:13:13.088282 EDT | StdForwardProgress        0.0536573
2017-05-07 18:13:13.088607 EDT | -----------------------  ------------
2017-05-07 18:13:13.089279 EDT | [Averaged_PolyRL/Tuned_Environments/PolyRL_DDPG_Complex_Humanoid/Experiment_0] epoch #10 | Training started
2017-05-07 18:13:13.092048 EDT | [Averaged_PolyRL/Tuned_Environments/PolyRL_DDPG_Complex_Humanoid/Experiment_0] epoch #10 | Populating workers...
2017-05-07 18:13:13.093926 EDT | [Averaged_PolyRL/Tuned_Environments/PolyRL_DDPG_Complex_Humanoid/Experiment_0] epoch #10 | Populated
2017-05-07 18:20:41.717571 EDT | [Averaged_PolyRL/Tuned_Environments/PolyRL_DDPG_Complex_Humanoid/Experiment_0] epoch #10 | Training finished
2017-05-07 18:20:41.721537 EDT | [Averaged_PolyRL/Tuned_Environments/PolyRL_DDPG_Complex_Humanoid/Experiment_0] epoch #10 | Collecting samples for evaluation
2017-05-07 18:24:02.945116 EDT | -----------------------  ------------
2017-05-07 18:24:02.946277 EDT | Epoch                    10
2017-05-07 18:24:02.946683 EDT | AverageReturn            58.0858
2017-05-07 18:24:02.947028 EDT | StdReturn                 9.6482
2017-05-07 18:24:02.947374 EDT | MaxReturn                78.3718
2017-05-07 18:24:02.947718 EDT | MinReturn                36.1062
2017-05-07 18:24:02.948057 EDT | AverageEsReturn          13.2646
2017-05-07 18:24:02.948391 EDT | StdEsReturn               9.52829
2017-05-07 18:24:02.948724 EDT | MaxEsReturn              29.619
2017-05-07 18:24:02.949051 EDT | MinEsReturn              -0.937578
2017-05-07 18:24:02.949387 EDT | AverageDiscountedReturn  33.667
2017-05-07 18:24:02.949740 EDT | AverageQLoss              2.11581e-05
2017-05-07 18:24:02.950083 EDT | AveragePolicySurr        -0.0100265
2017-05-07 18:24:02.950414 EDT | AverageQ                  0.00201598
2017-05-07 18:24:02.950745 EDT | AverageAbsQ               0.00568574
2017-05-07 18:24:02.951078 EDT | AverageY                  0.00203022
2017-05-07 18:24:02.951407 EDT | AverageAbsY               0.0058351
2017-05-07 18:24:02.951754 EDT | AverageAbsQYDiff          0.00210645
2017-05-07 18:24:02.952091 EDT | AverageAction             0.891969
2017-05-07 18:24:02.952426 EDT | PolicyRegParamNorm       14.9205
2017-05-07 18:24:02.952756 EDT | QFunRegParamNorm         14.5153
2017-05-07 18:24:02.953084 EDT | AverageForwardProgress    0.320072
2017-05-07 18:24:02.953428 EDT | MaxForwardProgress        0.485035
2017-05-07 18:24:02.953769 EDT | MinForwardProgress        0.149477
2017-05-07 18:24:02.954103 EDT | StdForwardProgress        0.0736361
2017-05-07 18:24:02.954437 EDT | -----------------------  ------------
2017-05-07 18:24:02.955120 EDT | [Averaged_PolyRL/Tuned_Environments/PolyRL_DDPG_Complex_Humanoid/Experiment_0] epoch #11 | Training started
2017-05-07 18:24:02.958560 EDT | [Averaged_PolyRL/Tuned_Environments/PolyRL_DDPG_Complex_Humanoid/Experiment_0] epoch #11 | Populating workers...
2017-05-07 18:24:02.959039 EDT | [Averaged_PolyRL/Tuned_Environments/PolyRL_DDPG_Complex_Humanoid/Experiment_0] epoch #11 | Populated
2017-05-07 18:31:32.853452 EDT | [Averaged_PolyRL/Tuned_Environments/PolyRL_DDPG_Complex_Humanoid/Experiment_0] epoch #11 | Training finished
2017-05-07 18:31:32.856292 EDT | [Averaged_PolyRL/Tuned_Environments/PolyRL_DDPG_Complex_Humanoid/Experiment_0] epoch #11 | Collecting samples for evaluation
2017-05-07 18:34:53.595334 EDT | -----------------------  -------------
2017-05-07 18:34:53.596792 EDT | Epoch                     11
2017-05-07 18:34:53.597212 EDT | AverageReturn              9.70656
2017-05-07 18:34:53.597505 EDT | StdReturn                 12.4757
2017-05-07 18:34:53.597846 EDT | MaxReturn                 41.3312
2017-05-07 18:34:53.598097 EDT | MinReturn                -22.5709
2017-05-07 18:34:53.598347 EDT | AverageEsReturn           48.7968
2017-05-07 18:34:53.598594 EDT | StdEsReturn               23.9876
2017-05-07 18:34:53.598911 EDT | MaxEsReturn               80.7706
2017-05-07 18:34:53.599179 EDT | MinEsReturn                5.32173
2017-05-07 18:34:53.599424 EDT | AverageDiscountedReturn    7.55204
2017-05-07 18:34:53.599687 EDT | AverageQLoss               6.16423e-06
2017-05-07 18:34:53.599952 EDT | AveragePolicySurr         -0.0222528
2017-05-07 18:34:53.600202 EDT | AverageQ                   0.0145419
2017-05-07 18:34:53.600449 EDT | AverageAbsQ                0.0155373
2017-05-07 18:34:53.600774 EDT | AverageY                   0.0145552
2017-05-07 18:34:53.601038 EDT | AverageAbsY                0.0155893
2017-05-07 18:34:53.601282 EDT | AverageAbsQYDiff           0.00136937
2017-05-07 18:34:53.601585 EDT | AverageAction              0.857407
2017-05-07 18:34:53.613231 EDT | PolicyRegParamNorm        15.5299
2017-05-07 18:34:53.613520 EDT | QFunRegParamNorm          14.8077
2017-05-07 18:34:53.613784 EDT | AverageForwardProgress    -0.0456307
2017-05-07 18:34:53.614031 EDT | MaxForwardProgress         0.174824
2017-05-07 18:34:53.614277 EDT | MinForwardProgress        -0.30754
2017-05-07 18:34:53.614531 EDT | StdForwardProgress         0.0966135
2017-05-07 18:34:53.614824 EDT | -----------------------  -------------
2017-05-07 18:34:53.615474 EDT | [Averaged_PolyRL/Tuned_Environments/PolyRL_DDPG_Complex_Humanoid/Experiment_0] epoch #12 | Training started
2017-05-07 18:34:53.637291 EDT | [Averaged_PolyRL/Tuned_Environments/PolyRL_DDPG_Complex_Humanoid/Experiment_0] epoch #12 | Populating workers...
2017-05-07 18:34:53.637746 EDT | [Averaged_PolyRL/Tuned_Environments/PolyRL_DDPG_Complex_Humanoid/Experiment_0] epoch #12 | Populated
2017-05-07 18:43:03.384125 EDT | [Averaged_PolyRL/Tuned_Environments/PolyRL_DDPG_Complex_Humanoid/Experiment_0] epoch #12 | Training finished
2017-05-07 18:43:03.775012 EDT | [Averaged_PolyRL/Tuned_Environments/PolyRL_DDPG_Complex_Humanoid/Experiment_0] epoch #12 | Collecting samples for evaluation
2017-05-07 18:46:22.559259 EDT | -----------------------  -----------
2017-05-07 18:46:22.560346 EDT | Epoch                    12
2017-05-07 18:46:22.560666 EDT | AverageReturn            10.9254
2017-05-07 18:46:22.560937 EDT | StdReturn                 5.61459
2017-05-07 18:46:22.561208 EDT | MaxReturn                34.3054
2017-05-07 18:46:22.561533 EDT | MinReturn                -3.16967
2017-05-07 18:46:22.561860 EDT | AverageEsReturn           5.57398
2017-05-07 18:46:22.562130 EDT | StdEsReturn               4.99133
2017-05-07 18:46:22.562429 EDT | MaxEsReturn              17.0261
2017-05-07 18:46:22.562690 EDT | MinEsReturn              -9.81424
2017-05-07 18:46:22.562949 EDT | AverageDiscountedReturn   8.66245
2017-05-07 18:46:22.563212 EDT | AverageQLoss              7.0147e-06
2017-05-07 18:46:22.563479 EDT | AveragePolicySurr        -0.0229763
2017-05-07 18:46:22.563735 EDT | AverageQ                  0.01994
2017-05-07 18:46:22.564002 EDT | AverageAbsQ               0.0209903
2017-05-07 18:46:22.564296 EDT | AverageY                  0.0199382
2017-05-07 18:46:22.564551 EDT | AverageAbsY               0.0210433
2017-05-07 18:46:22.564806 EDT | AverageAbsQYDiff          0.00151285
2017-05-07 18:46:22.565065 EDT | AverageAction             0.955777
2017-05-07 18:46:22.565348 EDT | PolicyRegParamNorm       16.018
2017-05-07 18:46:22.565611 EDT | QFunRegParamNorm         15.2465
2017-05-07 18:46:22.565881 EDT | AverageForwardProgress    0.0250074
2017-05-07 18:46:22.566140 EDT | MaxForwardProgress        0.202297
2017-05-07 18:46:22.566467 EDT | MinForwardProgress       -0.0801902
2017-05-07 18:46:22.566727 EDT | StdForwardProgress        0.0416868
2017-05-07 18:46:22.567028 EDT | -----------------------  -----------
2017-05-07 18:46:22.567535 EDT | [Averaged_PolyRL/Tuned_Environments/PolyRL_DDPG_Complex_Humanoid/Experiment_0] epoch #13 | Training started
2017-05-07 18:46:22.570316 EDT | [Averaged_PolyRL/Tuned_Environments/PolyRL_DDPG_Complex_Humanoid/Experiment_0] epoch #13 | Populating workers...
2017-05-07 18:46:22.572578 EDT | [Averaged_PolyRL/Tuned_Environments/PolyRL_DDPG_Complex_Humanoid/Experiment_0] epoch #13 | Populated
2017-05-07 18:55:25.061270 EDT | [Averaged_PolyRL/Tuned_Environments/PolyRL_DDPG_Complex_Humanoid/Experiment_0] epoch #13 | Training finished
2017-05-07 18:55:25.094301 EDT | [Averaged_PolyRL/Tuned_Environments/PolyRL_DDPG_Complex_Humanoid/Experiment_0] epoch #13 | Collecting samples for evaluation
2017-05-07 18:59:14.791894 EDT | -----------------------  -------------
2017-05-07 18:59:14.793301 EDT | Epoch                     13
2017-05-07 18:59:14.793763 EDT | AverageReturn            -22.7325
2017-05-07 18:59:14.794224 EDT | StdReturn                  7.63067
2017-05-07 18:59:14.794588 EDT | MaxReturn                 -6.95352
2017-05-07 18:59:14.794924 EDT | MinReturn                -53.4868
2017-05-07 18:59:14.795273 EDT | AverageEsReturn            9.56402
2017-05-07 18:59:14.795664 EDT | StdEsReturn               24.1432
2017-05-07 18:59:14.795994 EDT | MaxEsReturn               65.5967
2017-05-07 18:59:14.796380 EDT | MinEsReturn              -25.2417
2017-05-07 18:59:14.796717 EDT | AverageDiscountedReturn  -13.5826
2017-05-07 18:59:14.797046 EDT | AverageQLoss               8.34339e-06
2017-05-07 18:59:14.797382 EDT | AveragePolicySurr         -0.0292407
2017-05-07 18:59:14.797724 EDT | AverageQ                   0.0242334
2017-05-07 18:59:14.798063 EDT | AverageAbsQ                0.0249442
2017-05-07 18:59:14.798479 EDT | AverageY                   0.0242353
2017-05-07 18:59:14.798910 EDT | AverageAbsY                0.0249874
2017-05-07 18:59:14.799342 EDT | AverageAbsQYDiff           0.00164299
2017-05-07 18:59:14.799795 EDT | AverageAction              0.957319
2017-05-07 18:59:14.800234 EDT | PolicyRegParamNorm        16.1338
2017-05-07 18:59:14.800671 EDT | QFunRegParamNorm          15.7717
2017-05-07 18:59:14.801100 EDT | AverageForwardProgress    -0.25177
2017-05-07 18:59:14.801528 EDT | MaxForwardProgress        -0.121225
2017-05-07 18:59:14.801983 EDT | MinForwardProgress        -0.544954
2017-05-07 18:59:14.802426 EDT | StdForwardProgress         0.0686857
2017-05-07 18:59:14.802864 EDT | -----------------------  -------------
2017-05-07 18:59:14.803722 EDT | [Averaged_PolyRL/Tuned_Environments/PolyRL_DDPG_Complex_Humanoid/Experiment_0] epoch #14 | Training started
2017-05-07 18:59:14.807233 EDT | [Averaged_PolyRL/Tuned_Environments/PolyRL_DDPG_Complex_Humanoid/Experiment_0] epoch #14 | Populating workers...
2017-05-07 18:59:14.807908 EDT | [Averaged_PolyRL/Tuned_Environments/PolyRL_DDPG_Complex_Humanoid/Experiment_0] epoch #14 | Populated
2017-05-07 19:07:48.971298 EDT | [Averaged_PolyRL/Tuned_Environments/PolyRL_DDPG_Complex_Humanoid/Experiment_0] epoch #14 | Training finished
2017-05-07 19:07:48.976427 EDT | [Averaged_PolyRL/Tuned_Environments/PolyRL_DDPG_Complex_Humanoid/Experiment_0] epoch #14 | Collecting samples for evaluation
2017-05-07 19:11:11.390684 EDT | -----------------------  -------------
2017-05-07 19:11:11.391601 EDT | Epoch                     14
2017-05-07 19:11:11.391883 EDT | AverageReturn             12.1723
2017-05-07 19:11:11.392131 EDT | StdReturn                  9.28662
2017-05-07 19:11:11.392380 EDT | MaxReturn                 43.414
2017-05-07 19:11:11.392639 EDT | MinReturn                 -6.07266
2017-05-07 19:11:11.392885 EDT | AverageEsReturn           -8.41906
2017-05-07 19:11:11.393130 EDT | StdEsReturn               12.0298
2017-05-07 19:11:11.393368 EDT | MaxEsReturn                8.34621
2017-05-07 19:11:11.393608 EDT | MinEsReturn              -41.3911
2017-05-07 19:11:11.393872 EDT | AverageDiscountedReturn    8.97495
2017-05-07 19:11:11.394114 EDT | AverageQLoss               1.18697e-05
2017-05-07 19:11:11.394348 EDT | AveragePolicySurr         -0.0333614
2017-05-07 19:11:11.394640 EDT | AverageQ                   0.02977
2017-05-07 19:11:11.394885 EDT | AverageAbsQ                0.0301874
2017-05-07 19:11:11.395129 EDT | AverageY                   0.0297723
2017-05-07 19:11:11.395364 EDT | AverageAbsY                0.0302122
2017-05-07 19:11:11.395619 EDT | AverageAbsQYDiff           0.00201632
2017-05-07 19:11:11.395873 EDT | AverageAction              0.94906
2017-05-07 19:11:11.396116 EDT | PolicyRegParamNorm        16.6218
2017-05-07 19:11:11.396358 EDT | QFunRegParamNorm          16.4359
2017-05-07 19:11:11.396605 EDT | AverageForwardProgress    -0.0202536
2017-05-07 19:11:11.396846 EDT | MaxForwardProgress         0.207773
2017-05-07 19:11:11.397080 EDT | MinForwardProgress        -0.164873
2017-05-07 19:11:11.397315 EDT | StdForwardProgress         0.0716674
2017-05-07 19:11:11.397548 EDT | -----------------------  -------------
2017-05-07 19:11:11.480066 EDT | [Averaged_PolyRL/Tuned_Environments/PolyRL_DDPG_Complex_Humanoid/Experiment_0] epoch #15 | Training started
2017-05-07 19:11:11.483597 EDT | [Averaged_PolyRL/Tuned_Environments/PolyRL_DDPG_Complex_Humanoid/Experiment_0] epoch #15 | Populating workers...
2017-05-07 19:11:11.483981 EDT | [Averaged_PolyRL/Tuned_Environments/PolyRL_DDPG_Complex_Humanoid/Experiment_0] epoch #15 | Populated
2017-05-07 19:18:47.868729 EDT | [Averaged_PolyRL/Tuned_Environments/PolyRL_DDPG_Complex_Humanoid/Experiment_0] epoch #15 | Training finished
2017-05-07 19:18:47.871560 EDT | [Averaged_PolyRL/Tuned_Environments/PolyRL_DDPG_Complex_Humanoid/Experiment_0] epoch #15 | Collecting samples for evaluation
2017-05-07 19:22:16.949631 EDT | -----------------------  -------------
2017-05-07 19:22:16.950753 EDT | Epoch                     15
2017-05-07 19:22:16.951170 EDT | AverageReturn              5.36859
2017-05-07 19:22:16.951475 EDT | StdReturn                 12.7901
2017-05-07 19:22:16.951729 EDT | MaxReturn                 64.2844
2017-05-07 19:22:16.951998 EDT | MinReturn                -19.9419
2017-05-07 19:22:16.952256 EDT | AverageEsReturn           23.3225
2017-05-07 19:22:16.952553 EDT | StdEsReturn                9.10773
2017-05-07 19:22:16.952871 EDT | MaxEsReturn               45.5015
2017-05-07 19:22:16.953120 EDT | MinEsReturn               10.8796
2017-05-07 19:22:16.953382 EDT | AverageDiscountedReturn    4.92959
2017-05-07 19:22:16.953731 EDT | AverageQLoss               1.24135e-05
2017-05-07 19:22:16.954028 EDT | AveragePolicySurr         -0.0386998
2017-05-07 19:22:16.954276 EDT | AverageQ                   0.0347869
2017-05-07 19:22:16.954521 EDT | AverageAbsQ                0.0350847
2017-05-07 19:22:16.954831 EDT | AverageY                   0.0347912
2017-05-07 19:22:16.955133 EDT | AverageAbsY                0.0350973
2017-05-07 19:22:16.955384 EDT | AverageAbsQYDiff           0.00206281
2017-05-07 19:22:16.955632 EDT | AverageAction              0.933517
2017-05-07 19:22:16.955893 EDT | PolicyRegParamNorm        16.9323
2017-05-07 19:22:16.956240 EDT | QFunRegParamNorm          17.0699
2017-05-07 19:22:16.956506 EDT | AverageForwardProgress    -0.0750879
2017-05-07 19:22:16.956791 EDT | MaxForwardProgress         0.351406
2017-05-07 19:22:16.957052 EDT | MinForwardProgress        -0.296838
2017-05-07 19:22:16.957361 EDT | StdForwardProgress         0.100438
2017-05-07 19:22:16.957608 EDT | -----------------------  -------------
2017-05-07 19:22:16.973827 EDT | [Averaged_PolyRL/Tuned_Environments/PolyRL_DDPG_Complex_Humanoid/Experiment_0] epoch #16 | Training started
2017-05-07 19:22:16.976542 EDT | [Averaged_PolyRL/Tuned_Environments/PolyRL_DDPG_Complex_Humanoid/Experiment_0] epoch #16 | Populating workers...
2017-05-07 19:22:16.977047 EDT | [Averaged_PolyRL/Tuned_Environments/PolyRL_DDPG_Complex_Humanoid/Experiment_0] epoch #16 | Populated
2017-05-07 19:31:01.164317 EDT | [Averaged_PolyRL/Tuned_Environments/PolyRL_DDPG_Complex_Humanoid/Experiment_0] epoch #16 | Training finished
2017-05-07 19:31:01.192698 EDT | [Averaged_PolyRL/Tuned_Environments/PolyRL_DDPG_Complex_Humanoid/Experiment_0] epoch #16 | Collecting samples for evaluation
2017-05-07 19:34:34.329936 EDT | -----------------------  ------------
2017-05-07 19:34:34.330995 EDT | Epoch                    16
2017-05-07 19:34:34.331376 EDT | AverageReturn            13.6369
2017-05-07 19:34:34.331733 EDT | StdReturn                 8.77027
2017-05-07 19:34:34.332095 EDT | MaxReturn                68.0201
2017-05-07 19:34:34.332433 EDT | MinReturn                -9.63946
2017-05-07 19:34:34.332763 EDT | AverageEsReturn          18.4885
2017-05-07 19:34:34.333090 EDT | StdEsReturn               9.91059
2017-05-07 19:34:34.333417 EDT | MaxEsReturn              42.742
2017-05-07 19:34:34.333756 EDT | MinEsReturn               7.38125
2017-05-07 19:34:34.334147 EDT | AverageDiscountedReturn  10.7062
2017-05-07 19:34:34.334525 EDT | AverageQLoss              1.68744e-05
2017-05-07 19:34:34.336370 EDT | AveragePolicySurr        -0.0481464
2017-05-07 19:34:34.338738 EDT | AverageQ                  0.0403038
2017-05-07 19:34:34.341942 EDT | AverageAbsQ               0.0405628
2017-05-07 19:34:34.344880 EDT | AverageY                  0.0403084
2017-05-07 19:34:34.347955 EDT | AverageAbsY               0.0405684
2017-05-07 19:34:34.351042 EDT | AverageAbsQYDiff          0.00235628
2017-05-07 19:34:34.354158 EDT | AverageAction             0.928083
2017-05-07 19:34:34.356094 EDT | PolicyRegParamNorm       17.3552
2017-05-07 19:34:34.357552 EDT | QFunRegParamNorm         17.7926
2017-05-07 19:34:34.359360 EDT | AverageForwardProgress    0.0285886
2017-05-07 19:34:34.362027 EDT | MaxForwardProgress        0.385296
2017-05-07 19:34:34.364397 EDT | MinForwardProgress       -0.175779
2017-05-07 19:34:34.367706 EDT | StdForwardProgress        0.0630852
2017-05-07 19:34:34.370694 EDT | -----------------------  ------------
2017-05-07 19:34:34.373375 EDT | [Averaged_PolyRL/Tuned_Environments/PolyRL_DDPG_Complex_Humanoid/Experiment_0] epoch #17 | Training started
2017-05-07 19:34:34.379544 EDT | [Averaged_PolyRL/Tuned_Environments/PolyRL_DDPG_Complex_Humanoid/Experiment_0] epoch #17 | Populating workers...
2017-05-07 19:34:34.396373 EDT | [Averaged_PolyRL/Tuned_Environments/PolyRL_DDPG_Complex_Humanoid/Experiment_0] epoch #17 | Populated
2017-05-07 19:42:43.692660 EDT | [Averaged_PolyRL/Tuned_Environments/PolyRL_DDPG_Complex_Humanoid/Experiment_0] epoch #17 | Training finished
2017-05-07 19:42:43.694016 EDT | [Averaged_PolyRL/Tuned_Environments/PolyRL_DDPG_Complex_Humanoid/Experiment_0] epoch #17 | Collecting samples for evaluation
2017-05-07 19:46:06.703038 EDT | -----------------------  ------------
2017-05-07 19:46:06.704170 EDT | Epoch                    17
2017-05-07 19:46:06.704537 EDT | AverageReturn            31.6779
2017-05-07 19:46:06.704880 EDT | StdReturn                13.2307
2017-05-07 19:46:06.705231 EDT | MaxReturn                70.372
2017-05-07 19:46:06.705564 EDT | MinReturn                 0.911777
2017-05-07 19:46:06.705982 EDT | AverageEsReturn          21.4574
2017-05-07 19:46:06.706363 EDT | StdEsReturn              14.2122
2017-05-07 19:46:06.706727 EDT | MaxEsReturn              51.9533
2017-05-07 19:46:06.707056 EDT | MinEsReturn               2.40615
2017-05-07 19:46:06.707385 EDT | AverageDiscountedReturn  20.7513
2017-05-07 19:46:06.707713 EDT | AverageQLoss              1.94983e-05
2017-05-07 19:46:06.708051 EDT | AveragePolicySurr        -0.0518987
2017-05-07 19:46:06.708385 EDT | AverageQ                  0.0479541
2017-05-07 19:46:06.708712 EDT | AverageAbsQ               0.0481943
2017-05-07 19:46:06.709041 EDT | AverageY                  0.0479522
2017-05-07 19:46:06.709367 EDT | AverageAbsY               0.0481958
2017-05-07 19:46:06.709705 EDT | AverageAbsQYDiff          0.00248836
2017-05-07 19:46:06.710050 EDT | AverageAction             0.962015
2017-05-07 19:46:06.710380 EDT | PolicyRegParamNorm       17.8451
2017-05-07 19:46:06.710707 EDT | QFunRegParamNorm         18.489
2017-05-07 19:46:06.711032 EDT | AverageForwardProgress    0.155762
2017-05-07 19:46:06.711367 EDT | MaxForwardProgress        0.430747
2017-05-07 19:46:06.711694 EDT | MinForwardProgress       -0.0436917
2017-05-07 19:46:06.712423 EDT | StdForwardProgress        0.088139
2017-05-07 19:46:06.713233 EDT | -----------------------  ------------
2017-05-07 19:46:06.714662 EDT | [Averaged_PolyRL/Tuned_Environments/PolyRL_DDPG_Complex_Humanoid/Experiment_0] epoch #18 | Training started
2017-05-07 19:46:06.718728 EDT | [Averaged_PolyRL/Tuned_Environments/PolyRL_DDPG_Complex_Humanoid/Experiment_0] epoch #18 | Populating workers...
2017-05-07 19:46:06.726580 EDT | [Averaged_PolyRL/Tuned_Environments/PolyRL_DDPG_Complex_Humanoid/Experiment_0] epoch #18 | Populated
2017-05-07 19:54:50.792718 EDT | [Averaged_PolyRL/Tuned_Environments/PolyRL_DDPG_Complex_Humanoid/Experiment_0] epoch #18 | Training finished
2017-05-07 19:54:50.804620 EDT | [Averaged_PolyRL/Tuned_Environments/PolyRL_DDPG_Complex_Humanoid/Experiment_0] epoch #18 | Collecting samples for evaluation
2017-05-07 19:59:09.042348 EDT | -----------------------  -------------
2017-05-07 19:59:09.043472 EDT | Epoch                     18
2017-05-07 19:59:09.043938 EDT | AverageReturn             28.166
2017-05-07 19:59:09.044270 EDT | StdReturn                 27.7701
2017-05-07 19:59:09.044554 EDT | MaxReturn                 79.6002
2017-05-07 19:59:09.044816 EDT | MinReturn                -33.7829
2017-05-07 19:59:09.045120 EDT | AverageEsReturn           22.7968
2017-05-07 19:59:09.045392 EDT | StdEsReturn               12.7398
2017-05-07 19:59:09.045650 EDT | MaxEsReturn               46.9622
2017-05-07 19:59:09.045924 EDT | MinEsReturn                2.01532
2017-05-07 19:59:09.046219 EDT | AverageDiscountedReturn   16.3899
2017-05-07 19:59:09.046531 EDT | AverageQLoss               2.23778e-05
2017-05-07 19:59:09.046799 EDT | AveragePolicySurr         -0.0510887
2017-05-07 19:59:09.047099 EDT | AverageQ                   0.0518931
2017-05-07 19:59:09.047365 EDT | AverageAbsQ                0.0521642
2017-05-07 19:59:09.047621 EDT | AverageY                   0.0518916
2017-05-07 19:59:09.047879 EDT | AverageAbsY                0.0521674
2017-05-07 19:59:09.048167 EDT | AverageAbsQYDiff           0.00264788
2017-05-07 19:59:09.048460 EDT | AverageAction              0.98382
2017-05-07 19:59:09.048716 EDT | PolicyRegParamNorm        18.0059
2017-05-07 19:59:09.048993 EDT | QFunRegParamNorm          19.1727
2017-05-07 19:59:09.049251 EDT | AverageForwardProgress     0.0749502
2017-05-07 19:59:09.050153 EDT | MaxForwardProgress         0.474324
2017-05-07 19:59:09.052030 EDT | MinForwardProgress        -0.405875
2017-05-07 19:59:09.054766 EDT | StdForwardProgress         0.212883
2017-05-07 19:59:09.057954 EDT | -----------------------  -------------
2017-05-07 19:59:09.060879 EDT | [Averaged_PolyRL/Tuned_Environments/PolyRL_DDPG_Complex_Humanoid/Experiment_0] epoch #19 | Training started
2017-05-07 19:59:09.077014 EDT | [Averaged_PolyRL/Tuned_Environments/PolyRL_DDPG_Complex_Humanoid/Experiment_0] epoch #19 | Populating workers...
2017-05-07 19:59:09.085507 EDT | [Averaged_PolyRL/Tuned_Environments/PolyRL_DDPG_Complex_Humanoid/Experiment_0] epoch #19 | Populated
2017-05-07 20:07:04.771803 EDT | [Averaged_PolyRL/Tuned_Environments/PolyRL_DDPG_Complex_Humanoid/Experiment_0] epoch #19 | Training finished
2017-05-07 20:07:04.775039 EDT | [Averaged_PolyRL/Tuned_Environments/PolyRL_DDPG_Complex_Humanoid/Experiment_0] epoch #19 | Collecting samples for evaluation
2017-05-07 20:09:40.871559 EDT | -----------------------  ------------
2017-05-07 20:09:40.872830 EDT | Epoch                    19
2017-05-07 20:09:40.873393 EDT | AverageReturn            26.6318
2017-05-07 20:09:40.873764 EDT | StdReturn                 8.06422
2017-05-07 20:09:40.874131 EDT | MaxReturn                49.8941
2017-05-07 20:09:40.874540 EDT | MinReturn                 4.55764
2017-05-07 20:09:40.874890 EDT | AverageEsReturn          26.0705
2017-05-07 20:09:40.875242 EDT | StdEsReturn               8.99995
2017-05-07 20:09:40.875659 EDT | MaxEsReturn              41.1175
2017-05-07 20:09:40.876064 EDT | MinEsReturn               8.87854
2017-05-07 20:09:40.876508 EDT | AverageDiscountedReturn  18.131
2017-05-07 20:09:40.876951 EDT | AverageQLoss              2.20054e-05
2017-05-07 20:09:40.877396 EDT | AveragePolicySurr        -0.0517388
2017-05-07 20:09:40.877838 EDT | AverageQ                  0.051284
2017-05-07 20:09:40.878180 EDT | AverageAbsQ               0.0516
2017-05-07 20:09:40.878587 EDT | AverageY                  0.0512886
2017-05-07 20:09:40.878946 EDT | AverageAbsY               0.0516033
2017-05-07 20:09:40.879311 EDT | AverageAbsQYDiff          0.00259061
2017-05-07 20:09:40.879687 EDT | AverageAction             0.986013
2017-05-07 20:09:40.880035 EDT | PolicyRegParamNorm       18.4127
2017-05-07 20:09:40.880388 EDT | QFunRegParamNorm         19.7817
2017-05-07 20:09:40.880724 EDT | AverageForwardProgress    0.115181
2017-05-07 20:09:40.881130 EDT | MaxForwardProgress        0.299695
2017-05-07 20:09:40.881487 EDT | MinForwardProgress       -0.0453431
2017-05-07 20:09:40.881875 EDT | StdForwardProgress        0.060197
2017-05-07 20:09:40.882214 EDT | -----------------------  ------------
2017-05-07 20:09:40.882843 EDT | [Averaged_PolyRL/Tuned_Environments/PolyRL_DDPG_Complex_Humanoid/Experiment_0] epoch #20 | Training started
2017-05-07 20:09:40.885652 EDT | [Averaged_PolyRL/Tuned_Environments/PolyRL_DDPG_Complex_Humanoid/Experiment_0] epoch #20 | Populating workers...
2017-05-07 20:09:40.886308 EDT | [Averaged_PolyRL/Tuned_Environments/PolyRL_DDPG_Complex_Humanoid/Experiment_0] epoch #20 | Populated
2017-05-07 20:16:50.146332 EDT | [Averaged_PolyRL/Tuned_Environments/PolyRL_DDPG_Complex_Humanoid/Experiment_0] epoch #20 | Training finished
2017-05-07 20:16:50.147905 EDT | [Averaged_PolyRL/Tuned_Environments/PolyRL_DDPG_Complex_Humanoid/Experiment_0] epoch #20 | Collecting samples for evaluation
2017-05-07 20:19:53.988954 EDT | -----------------------  ------------
2017-05-07 20:19:53.990101 EDT | Epoch                    20
2017-05-07 20:19:53.990620 EDT | AverageReturn            23.4047
2017-05-07 20:19:53.991032 EDT | StdReturn                 7.03219
2017-05-07 20:19:53.991373 EDT | MaxReturn                43.7597
2017-05-07 20:19:53.991716 EDT | MinReturn                 3.98561
2017-05-07 20:19:53.992050 EDT | AverageEsReturn          16.4268
2017-05-07 20:19:53.992380 EDT | StdEsReturn               6.69704
2017-05-07 20:19:53.992706 EDT | MaxEsReturn              29.553
2017-05-07 20:19:53.993033 EDT | MinEsReturn               4.57939
2017-05-07 20:19:53.993361 EDT | AverageDiscountedReturn  16.2041
2017-05-07 20:19:53.993699 EDT | AverageQLoss              2.86459e-05
2017-05-07 20:19:53.994049 EDT | AveragePolicySurr        -0.0574711
2017-05-07 20:19:53.994366 EDT | AverageQ                  0.0532681
2017-05-07 20:19:53.994685 EDT | AverageAbsQ               0.0535346
2017-05-07 20:19:53.995010 EDT | AverageY                  0.0532701
2017-05-07 20:19:53.995338 EDT | AverageAbsY               0.0535353
2017-05-07 20:19:53.995658 EDT | AverageAbsQYDiff          0.00295425
2017-05-07 20:19:53.995972 EDT | AverageAction             0.971027
2017-05-07 20:19:53.996463 EDT | PolicyRegParamNorm       18.7357
2017-05-07 20:19:53.996791 EDT | QFunRegParamNorm         20.4149
2017-05-07 20:19:53.997117 EDT | AverageForwardProgress    0.0920953
2017-05-07 20:19:53.997456 EDT | MaxForwardProgress        0.246184
2017-05-07 20:19:53.997831 EDT | MinForwardProgress       -0.06423
2017-05-07 20:19:53.998166 EDT | StdForwardProgress        0.0532912
2017-05-07 20:19:53.998494 EDT | -----------------------  ------------
2017-05-07 20:19:53.999068 EDT | [Averaged_PolyRL/Tuned_Environments/PolyRL_DDPG_Complex_Humanoid/Experiment_0] epoch #21 | Training started
2017-05-07 20:19:54.002222 EDT | [Averaged_PolyRL/Tuned_Environments/PolyRL_DDPG_Complex_Humanoid/Experiment_0] epoch #21 | Populating workers...
2017-05-07 20:19:54.010459 EDT | [Averaged_PolyRL/Tuned_Environments/PolyRL_DDPG_Complex_Humanoid/Experiment_0] epoch #21 | Populated
2017-05-07 20:27:39.916872 EDT | [Averaged_PolyRL/Tuned_Environments/PolyRL_DDPG_Complex_Humanoid/Experiment_0] epoch #21 | Training finished
2017-05-07 20:27:39.944821 EDT | [Averaged_PolyRL/Tuned_Environments/PolyRL_DDPG_Complex_Humanoid/Experiment_0] epoch #21 | Collecting samples for evaluation
2017-05-07 20:31:00.888016 EDT | -----------------------  ------------
2017-05-07 20:31:00.889049 EDT | Epoch                    21
2017-05-07 20:31:00.889527 EDT | AverageReturn            17.3155
2017-05-07 20:31:00.890007 EDT | StdReturn                 6.60645
2017-05-07 20:31:00.890394 EDT | MaxReturn                40.5491
2017-05-07 20:31:00.890787 EDT | MinReturn                 2.74325
2017-05-07 20:31:00.891122 EDT | AverageEsReturn          19.3422
2017-05-07 20:31:00.891491 EDT | StdEsReturn               8.12721
2017-05-07 20:31:00.891863 EDT | MaxEsReturn              35.6717
2017-05-07 20:31:00.892231 EDT | MinEsReturn               5.1336
2017-05-07 20:31:00.892562 EDT | AverageDiscountedReturn  12.3725
2017-05-07 20:31:00.892937 EDT | AverageQLoss              3.83015e-05
2017-05-07 20:31:00.893304 EDT | AveragePolicySurr        -0.0659799
2017-05-07 20:31:00.893672 EDT | AverageQ                  0.0602251
2017-05-07 20:31:00.894035 EDT | AverageAbsQ               0.0605267
2017-05-07 20:31:00.894421 EDT | AverageY                  0.0602325
2017-05-07 20:31:00.894790 EDT | AverageAbsY               0.0605216
2017-05-07 20:31:00.895152 EDT | AverageAbsQYDiff          0.00330912
2017-05-07 20:31:00.895522 EDT | AverageAction             0.994592
2017-05-07 20:31:00.895876 EDT | PolicyRegParamNorm       19.0013
2017-05-07 20:31:00.896205 EDT | QFunRegParamNorm         21.1043
2017-05-07 20:31:00.896611 EDT | AverageForwardProgress    0.0452896
2017-05-07 20:31:00.896967 EDT | MaxForwardProgress        0.227103
2017-05-07 20:31:00.897341 EDT | MinForwardProgress       -0.0754909
2017-05-07 20:31:00.899050 EDT | StdForwardProgress        0.0510853
2017-05-07 20:31:00.900985 EDT | -----------------------  ------------
2017-05-07 20:31:00.903274 EDT | [Averaged_PolyRL/Tuned_Environments/PolyRL_DDPG_Complex_Humanoid/Experiment_0] epoch #22 | Training started
2017-05-07 20:31:00.909143 EDT | [Averaged_PolyRL/Tuned_Environments/PolyRL_DDPG_Complex_Humanoid/Experiment_0] epoch #22 | Populating workers...
2017-05-07 20:31:00.921284 EDT | [Averaged_PolyRL/Tuned_Environments/PolyRL_DDPG_Complex_Humanoid/Experiment_0] epoch #22 | Populated
2017-05-07 20:38:29.887488 EDT | [Averaged_PolyRL/Tuned_Environments/PolyRL_DDPG_Complex_Humanoid/Experiment_0] epoch #22 | Training finished
2017-05-07 20:38:29.888545 EDT | [Averaged_PolyRL/Tuned_Environments/PolyRL_DDPG_Complex_Humanoid/Experiment_0] epoch #22 | Collecting samples for evaluation
2017-05-07 20:41:50.341339 EDT | -----------------------  ------------
2017-05-07 20:41:50.342230 EDT | Epoch                    22
2017-05-07 20:41:50.342534 EDT | AverageReturn            17.1775
2017-05-07 20:41:50.342811 EDT | StdReturn                 6.38942
2017-05-07 20:41:50.343082 EDT | MaxReturn                38.087
2017-05-07 20:41:50.343363 EDT | MinReturn                 3.61629
2017-05-07 20:41:50.343633 EDT | AverageEsReturn          18.6554
2017-05-07 20:41:50.343902 EDT | StdEsReturn               6.34515
2017-05-07 20:41:50.344200 EDT | MaxEsReturn              29.2757
2017-05-07 20:41:50.344473 EDT | MinEsReturn               6.00289
2017-05-07 20:41:50.344786 EDT | AverageDiscountedReturn  12.3169
2017-05-07 20:41:50.345058 EDT | AverageQLoss              3.96972e-05
2017-05-07 20:41:50.345385 EDT | AveragePolicySurr        -0.0774068
2017-05-07 20:41:50.345672 EDT | AverageQ                  0.0677531
2017-05-07 20:41:50.346039 EDT | AverageAbsQ               0.0680471
2017-05-07 20:41:50.346382 EDT | AverageY                  0.0677492
2017-05-07 20:41:50.346659 EDT | AverageAbsY               0.0680321
2017-05-07 20:41:50.347036 EDT | AverageAbsQYDiff          0.00347915
2017-05-07 20:41:50.347374 EDT | AverageAction             0.9889
2017-05-07 20:41:50.347651 EDT | PolicyRegParamNorm       19.2677
2017-05-07 20:41:50.347985 EDT | QFunRegParamNorm         21.6482
2017-05-07 20:41:50.348360 EDT | AverageForwardProgress    0.0488201
2017-05-07 20:41:50.348630 EDT | MaxForwardProgress        0.204577
2017-05-07 20:41:50.348963 EDT | MinForwardProgress       -0.0587981
2017-05-07 20:41:50.349314 EDT | StdForwardProgress        0.0489738
2017-05-07 20:41:50.349590 EDT | -----------------------  ------------
2017-05-07 20:41:50.350777 EDT | [Averaged_PolyRL/Tuned_Environments/PolyRL_DDPG_Complex_Humanoid/Experiment_0] epoch #23 | Training started
2017-05-07 20:41:50.363005 EDT | [Averaged_PolyRL/Tuned_Environments/PolyRL_DDPG_Complex_Humanoid/Experiment_0] epoch #23 | Populating workers...
2017-05-07 20:41:50.379203 EDT | [Averaged_PolyRL/Tuned_Environments/PolyRL_DDPG_Complex_Humanoid/Experiment_0] epoch #23 | Populated
2017-05-07 20:50:52.417425 EDT | [Averaged_PolyRL/Tuned_Environments/PolyRL_DDPG_Complex_Humanoid/Experiment_0] epoch #23 | Training finished
2017-05-07 20:50:52.420342 EDT | [Averaged_PolyRL/Tuned_Environments/PolyRL_DDPG_Complex_Humanoid/Experiment_0] epoch #23 | Collecting samples for evaluation
2017-05-07 20:54:19.927494 EDT | -----------------------  ------------
2017-05-07 20:54:19.928496 EDT | Epoch                    23
2017-05-07 20:54:19.928875 EDT | AverageReturn            15.6011
2017-05-07 20:54:19.929222 EDT | StdReturn                 6.88449
2017-05-07 20:54:19.929554 EDT | MaxReturn                31.3676
2017-05-07 20:54:19.929898 EDT | MinReturn                -1.77747
2017-05-07 20:54:19.930227 EDT | AverageEsReturn          17.888
2017-05-07 20:54:19.930555 EDT | StdEsReturn               9.72319
2017-05-07 20:54:19.930881 EDT | MaxEsReturn              32.2423
2017-05-07 20:54:19.931211 EDT | MinEsReturn               1.37336
2017-05-07 20:54:19.931538 EDT | AverageDiscountedReturn  11.1471
2017-05-07 20:54:19.931866 EDT | AverageQLoss              4.63538e-05
2017-05-07 20:54:19.932190 EDT | AveragePolicySurr        -0.0886752
2017-05-07 20:54:19.932521 EDT | AverageQ                  0.0776731
2017-05-07 20:54:19.932844 EDT | AverageAbsQ               0.0780143
2017-05-07 20:54:19.933166 EDT | AverageY                  0.0776788
2017-05-07 20:54:19.933489 EDT | AverageAbsY               0.0779964
2017-05-07 20:54:19.933827 EDT | AverageAbsQYDiff          0.00387987
2017-05-07 20:54:19.934156 EDT | AverageAction             0.975723
2017-05-07 20:54:19.934470 EDT | PolicyRegParamNorm       19.4538
2017-05-07 20:54:19.934783 EDT | QFunRegParamNorm         22.198
2017-05-07 20:54:19.935096 EDT | AverageForwardProgress    0.0343817
2017-05-07 20:54:19.935409 EDT | MaxForwardProgress        0.158836
2017-05-07 20:54:19.935728 EDT | MinForwardProgress       -0.101162
2017-05-07 20:54:19.936069 EDT | StdForwardProgress        0.0531267
2017-05-07 20:54:19.936406 EDT | -----------------------  ------------
2017-05-07 20:54:19.936952 EDT | [Averaged_PolyRL/Tuned_Environments/PolyRL_DDPG_Complex_Humanoid/Experiment_0] epoch #24 | Training started
2017-05-07 20:54:19.940555 EDT | [Averaged_PolyRL/Tuned_Environments/PolyRL_DDPG_Complex_Humanoid/Experiment_0] epoch #24 | Populating workers...
2017-05-07 20:54:19.941136 EDT | [Averaged_PolyRL/Tuned_Environments/PolyRL_DDPG_Complex_Humanoid/Experiment_0] epoch #24 | Populated
2017-05-07 21:03:26.440458 EDT | [Averaged_PolyRL/Tuned_Environments/PolyRL_DDPG_Complex_Humanoid/Experiment_0] epoch #24 | Training finished
2017-05-07 21:03:26.443562 EDT | [Averaged_PolyRL/Tuned_Environments/PolyRL_DDPG_Complex_Humanoid/Experiment_0] epoch #24 | Collecting samples for evaluation
2017-05-07 21:07:39.973925 EDT | -----------------------  ------------
2017-05-07 21:07:39.976989 EDT | Epoch                    24
2017-05-07 21:07:39.977528 EDT | AverageReturn            67.1802
2017-05-07 21:07:39.977895 EDT | StdReturn                11.8584
2017-05-07 21:07:39.978240 EDT | MaxReturn                87.9187
2017-05-07 21:07:39.978573 EDT | MinReturn                38.4558
2017-05-07 21:07:39.978898 EDT | AverageEsReturn          16.0974
2017-05-07 21:07:39.979231 EDT | StdEsReturn               8.37789
2017-05-07 21:07:39.979563 EDT | MaxEsReturn              27.4894
2017-05-07 21:07:39.979890 EDT | MinEsReturn              -5.2106
2017-05-07 21:07:39.980214 EDT | AverageDiscountedReturn  36.2332
2017-05-07 21:07:39.980568 EDT | AverageQLoss              4.95785e-05
2017-05-07 21:07:39.981622 EDT | AveragePolicySurr        -0.0984732
2017-05-07 21:07:39.983598 EDT | AverageQ                  0.0886147
2017-05-07 21:07:39.985062 EDT | AverageAbsQ               0.0890335
2017-05-07 21:07:39.986505 EDT | AverageY                  0.0886138
2017-05-07 21:07:39.987939 EDT | AverageAbsY               0.0890093
2017-05-07 21:07:39.994511 EDT | AverageAbsQYDiff          0.00407574
2017-05-07 21:07:39.996351 EDT | AverageAction             0.970148
2017-05-07 21:07:39.997806 EDT | PolicyRegParamNorm       19.6834
2017-05-07 21:07:39.999554 EDT | QFunRegParamNorm         22.7867
2017-05-07 21:07:40.002148 EDT | AverageForwardProgress    0.373334
2017-05-07 21:07:40.004190 EDT | MaxForwardProgress        0.545544
2017-05-07 21:07:40.006118 EDT | MinForwardProgress        0.148807
2017-05-07 21:07:40.008669 EDT | StdForwardProgress        0.0939698
2017-05-07 21:07:40.011298 EDT | -----------------------  ------------
2017-05-07 21:07:40.014676 EDT | [Averaged_PolyRL/Tuned_Environments/PolyRL_DDPG_Complex_Humanoid/Experiment_0] epoch #25 | Training started
2017-05-07 21:07:40.028939 EDT | [Averaged_PolyRL/Tuned_Environments/PolyRL_DDPG_Complex_Humanoid/Experiment_0] epoch #25 | Populating workers...
2017-05-07 21:07:40.041248 EDT | [Averaged_PolyRL/Tuned_Environments/PolyRL_DDPG_Complex_Humanoid/Experiment_0] epoch #25 | Populated
2017-05-07 21:16:40.693367 EDT | [Averaged_PolyRL/Tuned_Environments/PolyRL_DDPG_Complex_Humanoid/Experiment_0] epoch #25 | Training finished
2017-05-07 21:16:40.696131 EDT | [Averaged_PolyRL/Tuned_Environments/PolyRL_DDPG_Complex_Humanoid/Experiment_0] epoch #25 | Collecting samples for evaluation
2017-05-07 21:20:52.474493 EDT | -----------------------  ------------
2017-05-07 21:20:52.475837 EDT | Epoch                    25
2017-05-07 21:20:52.476349 EDT | AverageReturn            63.0154
2017-05-07 21:20:52.476805 EDT | StdReturn                 6.91836
2017-05-07 21:20:52.477260 EDT | MaxReturn                80.8892
2017-05-07 21:20:52.477810 EDT | MinReturn                38.6994
2017-05-07 21:20:52.478208 EDT | AverageEsReturn          59.6375
2017-05-07 21:20:52.478626 EDT | StdEsReturn              16.9695
2017-05-07 21:20:52.479091 EDT | MaxEsReturn              75.2155
2017-05-07 21:20:52.479434 EDT | MinEsReturn              10.1511
2017-05-07 21:20:52.479856 EDT | AverageDiscountedReturn  36.7879
2017-05-07 21:20:52.480275 EDT | AverageQLoss              5.73047e-05
2017-05-07 21:20:52.480622 EDT | AveragePolicySurr        -0.110729
2017-05-07 21:20:52.480966 EDT | AverageQ                  0.0973813
2017-05-07 21:20:52.481322 EDT | AverageAbsQ               0.0978464
2017-05-07 21:20:52.481691 EDT | AverageY                  0.0973914
2017-05-07 21:20:52.482094 EDT | AverageAbsY               0.0978342
2017-05-07 21:20:52.482497 EDT | AverageAbsQYDiff          0.00438895
2017-05-07 21:20:52.482845 EDT | AverageAction             0.975815
2017-05-07 21:20:52.483206 EDT | PolicyRegParamNorm       19.9172
2017-05-07 21:20:52.483549 EDT | QFunRegParamNorm         23.2621
2017-05-07 21:20:52.483913 EDT | AverageForwardProgress    0.363212
2017-05-07 21:20:52.484257 EDT | MaxForwardProgress        0.494583
2017-05-07 21:20:52.484602 EDT | MinForwardProgress        0.183425
2017-05-07 21:20:52.484947 EDT | StdForwardProgress        0.0514216
2017-05-07 21:20:52.485299 EDT | -----------------------  ------------
2017-05-07 21:20:52.486087 EDT | [Averaged_PolyRL/Tuned_Environments/PolyRL_DDPG_Complex_Humanoid/Experiment_0] epoch #26 | Training started
2017-05-07 21:20:52.494798 EDT | [Averaged_PolyRL/Tuned_Environments/PolyRL_DDPG_Complex_Humanoid/Experiment_0] epoch #26 | Populating workers...
2017-05-07 21:20:52.506101 EDT | [Averaged_PolyRL/Tuned_Environments/PolyRL_DDPG_Complex_Humanoid/Experiment_0] epoch #26 | Populated
2017-05-07 21:29:53.097580 EDT | [Averaged_PolyRL/Tuned_Environments/PolyRL_DDPG_Complex_Humanoid/Experiment_0] epoch #26 | Training finished
2017-05-07 21:29:53.100686 EDT | [Averaged_PolyRL/Tuned_Environments/PolyRL_DDPG_Complex_Humanoid/Experiment_0] epoch #26 | Collecting samples for evaluation
2017-05-07 21:34:03.144015 EDT | -----------------------  ------------
2017-05-07 21:34:03.144873 EDT | Epoch                    26
2017-05-07 21:34:03.145201 EDT | AverageReturn            46.5437
2017-05-07 21:34:03.145473 EDT | StdReturn                12.585
2017-05-07 21:34:03.145797 EDT | MaxReturn                72.0758
2017-05-07 21:34:03.146099 EDT | MinReturn                18.7384
2017-05-07 21:34:03.146363 EDT | AverageEsReturn          51.6561
2017-05-07 21:34:03.146625 EDT | StdEsReturn              19.7646
2017-05-07 21:34:03.146929 EDT | MaxEsReturn              75.9183
2017-05-07 21:34:03.147240 EDT | MinEsReturn               1.39189
2017-05-07 21:34:03.147504 EDT | AverageDiscountedReturn  26.2364
2017-05-07 21:34:03.147776 EDT | AverageQLoss              7.07548e-05
2017-05-07 21:34:03.148112 EDT | AveragePolicySurr        -0.122705
2017-05-07 21:34:03.148391 EDT | AverageQ                  0.11255
2017-05-07 21:34:03.148654 EDT | AverageAbsQ               0.112994
2017-05-07 21:34:03.148916 EDT | AverageY                  0.112553
2017-05-07 21:34:03.149247 EDT | AverageAbsY               0.112969
2017-05-07 21:34:03.149524 EDT | AverageAbsQYDiff          0.00486697
2017-05-07 21:34:03.149807 EDT | AverageAction             0.991243
2017-05-07 21:34:03.150071 EDT | PolicyRegParamNorm       20.1045
2017-05-07 21:34:03.150427 EDT | QFunRegParamNorm         23.8538
2017-05-07 21:34:03.150744 EDT | AverageForwardProgress    0.221295
2017-05-07 21:34:03.151004 EDT | MaxForwardProgress        0.41137
2017-05-07 21:34:03.151330 EDT | MinForwardProgress        0.00916884
2017-05-07 21:34:03.152313 EDT | StdForwardProgress        0.0980773
2017-05-07 21:34:03.154818 EDT | -----------------------  ------------
2017-05-07 21:34:03.158087 EDT | [Averaged_PolyRL/Tuned_Environments/PolyRL_DDPG_Complex_Humanoid/Experiment_0] epoch #27 | Training started
2017-05-07 21:34:03.165708 EDT | [Averaged_PolyRL/Tuned_Environments/PolyRL_DDPG_Complex_Humanoid/Experiment_0] epoch #27 | Populating workers...
2017-05-07 21:34:03.182212 EDT | [Averaged_PolyRL/Tuned_Environments/PolyRL_DDPG_Complex_Humanoid/Experiment_0] epoch #27 | Populated
2017-05-07 21:43:34.187858 EDT | [Averaged_PolyRL/Tuned_Environments/PolyRL_DDPG_Complex_Humanoid/Experiment_0] epoch #27 | Training finished
2017-05-07 21:43:34.192737 EDT | [Averaged_PolyRL/Tuned_Environments/PolyRL_DDPG_Complex_Humanoid/Experiment_0] epoch #27 | Collecting samples for evaluation
2017-05-07 21:48:21.828641 EDT | -----------------------  ------------
2017-05-07 21:48:21.829847 EDT | Epoch                    27
2017-05-07 21:48:21.830256 EDT | AverageReturn            75.8752
2017-05-07 21:48:21.830662 EDT | StdReturn                 7.45359
2017-05-07 21:48:21.831073 EDT | MaxReturn                93.8269
2017-05-07 21:48:21.831468 EDT | MinReturn                42.1978
2017-05-07 21:48:21.831863 EDT | AverageEsReturn          63.0797
2017-05-07 21:48:21.832255 EDT | StdEsReturn              20.9014
2017-05-07 21:48:21.832638 EDT | MaxEsReturn              83.1466
2017-05-07 21:48:21.833024 EDT | MinEsReturn               6.30594
2017-05-07 21:48:21.833399 EDT | AverageDiscountedReturn  42.4687
2017-05-07 21:48:21.833846 EDT | AverageQLoss              8.12633e-05
2017-05-07 21:48:21.834231 EDT | AveragePolicySurr        -0.126912
2017-05-07 21:48:21.834594 EDT | AverageQ                  0.122251
2017-05-07 21:48:21.834953 EDT | AverageAbsQ               0.122657
2017-05-07 21:48:21.835292 EDT | AverageY                  0.122248
2017-05-07 21:48:21.835622 EDT | AverageAbsY               0.122621
2017-05-07 21:48:21.835962 EDT | AverageAbsQYDiff          0.00515587
2017-05-07 21:48:21.836293 EDT | AverageAction             0.995073
2017-05-07 21:48:21.836623 EDT | PolicyRegParamNorm       20.3374
2017-05-07 21:48:21.836949 EDT | QFunRegParamNorm         24.4016
2017-05-07 21:48:21.837278 EDT | AverageForwardProgress    0.451815
2017-05-07 21:48:21.837629 EDT | MaxForwardProgress        0.583437
2017-05-07 21:48:21.838015 EDT | MinForwardProgress        0.181904
2017-05-07 21:48:21.838352 EDT | StdForwardProgress        0.0582531
2017-05-07 21:48:21.838699 EDT | -----------------------  ------------
2017-05-07 21:48:21.839320 EDT | [Averaged_PolyRL/Tuned_Environments/PolyRL_DDPG_Complex_Humanoid/Experiment_0] epoch #28 | Training started
2017-05-07 21:48:21.842772 EDT | [Averaged_PolyRL/Tuned_Environments/PolyRL_DDPG_Complex_Humanoid/Experiment_0] epoch #28 | Populating workers...
2017-05-07 21:48:21.843231 EDT | [Averaged_PolyRL/Tuned_Environments/PolyRL_DDPG_Complex_Humanoid/Experiment_0] epoch #28 | Populated
2017-05-07 21:58:02.694747 EDT | [Averaged_PolyRL/Tuned_Environments/PolyRL_DDPG_Complex_Humanoid/Experiment_0] epoch #28 | Training finished
2017-05-07 21:58:02.698575 EDT | [Averaged_PolyRL/Tuned_Environments/PolyRL_DDPG_Complex_Humanoid/Experiment_0] epoch #28 | Collecting samples for evaluation
2017-05-07 22:02:05.655965 EDT | -----------------------  ------------
2017-05-07 22:02:05.657086 EDT | Epoch                    28
2017-05-07 22:02:05.657449 EDT | AverageReturn            73.9955
2017-05-07 22:02:05.657823 EDT | StdReturn                 7.11417
2017-05-07 22:02:05.658235 EDT | MaxReturn                97.42
2017-05-07 22:02:05.658570 EDT | MinReturn                50.5828
2017-05-07 22:02:05.658907 EDT | AverageEsReturn          68.2915
2017-05-07 22:02:05.659250 EDT | StdEsReturn              15.7503
2017-05-07 22:02:05.659586 EDT | MaxEsReturn              84.7568
2017-05-07 22:02:05.659922 EDT | MinEsReturn              32.4475
2017-05-07 22:02:05.660254 EDT | AverageDiscountedReturn  41.4377
2017-05-07 22:02:05.660586 EDT | AverageQLoss              8.97726e-05
2017-05-07 22:02:05.660920 EDT | AveragePolicySurr        -0.125348
2017-05-07 22:02:05.661252 EDT | AverageQ                  0.124931
2017-05-07 22:02:05.661583 EDT | AverageAbsQ               0.125258
2017-05-07 22:02:05.661971 EDT | AverageY                  0.124933
2017-05-07 22:02:05.662377 EDT | AverageAbsY               0.12523
2017-05-07 22:02:05.662790 EDT | AverageAbsQYDiff          0.00549035
2017-05-07 22:02:05.663127 EDT | AverageAction             0.982917
2017-05-07 22:02:05.663461 EDT | PolicyRegParamNorm       20.5576
2017-05-07 22:02:05.663802 EDT | QFunRegParamNorm         24.9355
2017-05-07 22:02:05.664141 EDT | AverageForwardProgress    0.438063
2017-05-07 22:02:05.664767 EDT | MaxForwardProgress        0.612387
2017-05-07 22:02:05.666041 EDT | MinForwardProgress        0.242966
2017-05-07 22:02:05.667218 EDT | StdForwardProgress        0.0551017
2017-05-07 22:02:05.668432 EDT | -----------------------  ------------
2017-05-07 22:02:05.669867 EDT | [Averaged_PolyRL/Tuned_Environments/PolyRL_DDPG_Complex_Humanoid/Experiment_0] epoch #29 | Training started
2017-05-07 22:02:05.675203 EDT | [Averaged_PolyRL/Tuned_Environments/PolyRL_DDPG_Complex_Humanoid/Experiment_0] epoch #29 | Populating workers...
2017-05-07 22:02:05.693529 EDT | [Averaged_PolyRL/Tuned_Environments/PolyRL_DDPG_Complex_Humanoid/Experiment_0] epoch #29 | Populated
2017-05-07 22:11:01.468633 EDT | [Averaged_PolyRL/Tuned_Environments/PolyRL_DDPG_Complex_Humanoid/Experiment_0] epoch #29 | Training finished
2017-05-07 22:11:01.496522 EDT | [Averaged_PolyRL/Tuned_Environments/PolyRL_DDPG_Complex_Humanoid/Experiment_0] epoch #29 | Collecting samples for evaluation
2017-05-07 22:14:56.206834 EDT | -----------------------  -------------
2017-05-07 22:14:56.208340 EDT | Epoch                     29
2017-05-07 22:14:56.208869 EDT | AverageReturn              2.7936
2017-05-07 22:14:56.209283 EDT | StdReturn                 15.2803
2017-05-07 22:14:56.209620 EDT | MaxReturn                 34.2906
2017-05-07 22:14:56.209982 EDT | MinReturn                -27.7973
2017-05-07 22:14:56.210399 EDT | AverageEsReturn           67.9078
2017-05-07 22:14:56.210799 EDT | StdEsReturn               10.0161
2017-05-07 22:14:56.211130 EDT | MaxEsReturn               79.7505
2017-05-07 22:14:56.211459 EDT | MinEsReturn               44.813
2017-05-07 22:14:56.211789 EDT | AverageDiscountedReturn    3.97304
2017-05-07 22:14:56.212133 EDT | AverageQLoss               8.26086e-05
2017-05-07 22:14:56.212460 EDT | AveragePolicySurr         -0.123224
2017-05-07 22:14:56.212785 EDT | AverageQ                   0.124913
2017-05-07 22:14:56.213110 EDT | AverageAbsQ                0.125248
2017-05-07 22:14:56.213503 EDT | AverageY                   0.124921
2017-05-07 22:14:56.213877 EDT | AverageAbsY                0.125214
2017-05-07 22:14:56.214256 EDT | AverageAbsQYDiff           0.00537505
2017-05-07 22:14:56.214617 EDT | AverageAction              0.960692
2017-05-07 22:14:56.214989 EDT | PolicyRegParamNorm        20.7817
2017-05-07 22:14:56.215348 EDT | QFunRegParamNorm          25.4759
2017-05-07 22:14:56.215715 EDT | AverageForwardProgress    -0.12123
2017-05-07 22:14:56.216093 EDT | MaxForwardProgress         0.124452
2017-05-07 22:14:56.216459 EDT | MinForwardProgress        -0.35927
2017-05-07 22:14:56.216787 EDT | StdForwardProgress         0.118444
2017-05-07 22:14:56.217199 EDT | -----------------------  -------------
2017-05-07 22:14:56.217825 EDT | [Averaged_PolyRL/Tuned_Environments/PolyRL_DDPG_Complex_Humanoid/Experiment_0] epoch #30 | Training started
2017-05-07 22:14:56.221660 EDT | [Averaged_PolyRL/Tuned_Environments/PolyRL_DDPG_Complex_Humanoid/Experiment_0] epoch #30 | Populating workers...
2017-05-07 22:14:56.222351 EDT | [Averaged_PolyRL/Tuned_Environments/PolyRL_DDPG_Complex_Humanoid/Experiment_0] epoch #30 | Populated
2017-05-07 22:23:18.469831 EDT | [Averaged_PolyRL/Tuned_Environments/PolyRL_DDPG_Complex_Humanoid/Experiment_0] epoch #30 | Training finished
2017-05-07 22:23:18.473845 EDT | [Averaged_PolyRL/Tuned_Environments/PolyRL_DDPG_Complex_Humanoid/Experiment_0] epoch #30 | Collecting samples for evaluation
2017-05-07 22:27:29.548712 EDT | -----------------------  -------------
2017-05-07 22:27:29.552504 EDT | Epoch                     30
2017-05-07 22:27:29.585320 EDT | AverageReturn             -8.07497
2017-05-07 22:27:29.591929 EDT | StdReturn                 12.4286
2017-05-07 22:27:29.595945 EDT | MaxReturn                 30.4804
2017-05-07 22:27:29.600519 EDT | MinReturn                -31.9937
2017-05-07 22:27:29.605220 EDT | AverageEsReturn           -4.9094
2017-05-07 22:27:29.609489 EDT | StdEsReturn               15.995
2017-05-07 22:27:29.613645 EDT | MaxEsReturn               26.831
2017-05-07 22:27:29.618647 EDT | MinEsReturn              -31.4192
2017-05-07 22:27:29.623380 EDT | AverageDiscountedReturn   -1.45545
2017-05-07 22:27:29.623785 EDT | AverageQLoss               9.44189e-05
2017-05-07 22:27:29.624050 EDT | AveragePolicySurr         -0.133079
2017-05-07 22:27:29.624301 EDT | AverageQ                   0.12522
2017-05-07 22:27:29.624548 EDT | AverageAbsQ                0.125469
2017-05-07 22:27:29.624804 EDT | AverageY                   0.125224
2017-05-07 22:27:29.625055 EDT | AverageAbsY                0.125422
2017-05-07 22:27:29.625304 EDT | AverageAbsQYDiff           0.00584779
2017-05-07 22:27:29.625550 EDT | AverageAction              0.958114
2017-05-07 22:27:29.643235 EDT | PolicyRegParamNorm        21.0238
2017-05-07 22:27:29.643529 EDT | QFunRegParamNorm          26.0268
2017-05-07 22:27:29.643856 EDT | AverageForwardProgress    -0.202146
2017-05-07 22:27:29.644124 EDT | MaxForwardProgress         0.0915706
2017-05-07 22:27:29.644392 EDT | MinForwardProgress        -0.377744
2017-05-07 22:27:29.644642 EDT | StdForwardProgress         0.0951248
2017-05-07 22:27:29.644888 EDT | -----------------------  -------------
2017-05-07 22:27:29.645368 EDT | [Averaged_PolyRL/Tuned_Environments/PolyRL_DDPG_Complex_Humanoid/Experiment_0] epoch #31 | Training started
2017-05-07 22:27:29.688645 EDT | [Averaged_PolyRL/Tuned_Environments/PolyRL_DDPG_Complex_Humanoid/Experiment_0] epoch #31 | Populating workers...
2017-05-07 22:27:29.689101 EDT | [Averaged_PolyRL/Tuned_Environments/PolyRL_DDPG_Complex_Humanoid/Experiment_0] epoch #31 | Populated
2017-05-07 22:36:27.760229 EDT | [Averaged_PolyRL/Tuned_Environments/PolyRL_DDPG_Complex_Humanoid/Experiment_0] epoch #31 | Training finished
2017-05-07 22:36:27.764453 EDT | [Averaged_PolyRL/Tuned_Environments/PolyRL_DDPG_Complex_Humanoid/Experiment_0] epoch #31 | Collecting samples for evaluation
2017-05-07 22:40:17.800238 EDT | -----------------------  -------------
2017-05-07 22:40:17.801210 EDT | Epoch                     31
2017-05-07 22:40:17.801487 EDT | AverageReturn            -15.6614
2017-05-07 22:40:17.801761 EDT | StdReturn                 11.726
2017-05-07 22:40:17.802042 EDT | MaxReturn                 22.0108
2017-05-07 22:40:17.802344 EDT | MinReturn                -43.872
2017-05-07 22:40:17.802658 EDT | AverageEsReturn            0.925332
2017-05-07 22:40:17.802912 EDT | StdEsReturn                9.69447
2017-05-07 22:40:17.803159 EDT | MaxEsReturn               20.5345
2017-05-07 22:40:17.803402 EDT | MinEsReturn              -15.7984
2017-05-07 22:40:17.803701 EDT | AverageDiscountedReturn   -5.25787
2017-05-07 22:40:17.803972 EDT | AverageQLoss               0.000101836
2017-05-07 22:40:17.804228 EDT | AveragePolicySurr         -0.138281
2017-05-07 22:40:17.804474 EDT | AverageQ                   0.135182
2017-05-07 22:40:17.804725 EDT | AverageAbsQ                0.135473
2017-05-07 22:40:17.805006 EDT | AverageY                   0.135187
2017-05-07 22:40:17.805281 EDT | AverageAbsY                0.135418
2017-05-07 22:40:17.805526 EDT | AverageAbsQYDiff           0.00617198
2017-05-07 22:40:17.805848 EDT | AverageAction              0.983185
2017-05-07 22:40:17.806111 EDT | PolicyRegParamNorm        21.2776
2017-05-07 22:40:17.806393 EDT | QFunRegParamNorm          26.5614
2017-05-07 22:40:17.806635 EDT | AverageForwardProgress    -0.256622
2017-05-07 22:40:17.806876 EDT | MaxForwardProgress         0.0292082
2017-05-07 22:40:17.807151 EDT | MinForwardProgress        -0.483811
2017-05-07 22:40:17.807437 EDT | StdForwardProgress         0.090588
2017-05-07 22:40:17.807681 EDT | -----------------------  -------------
2017-05-07 22:40:17.808160 EDT | [Averaged_PolyRL/Tuned_Environments/PolyRL_DDPG_Complex_Humanoid/Experiment_0] epoch #32 | Training started
2017-05-07 22:40:17.814786 EDT | [Averaged_PolyRL/Tuned_Environments/PolyRL_DDPG_Complex_Humanoid/Experiment_0] epoch #32 | Populating workers...
2017-05-07 22:40:17.815311 EDT | [Averaged_PolyRL/Tuned_Environments/PolyRL_DDPG_Complex_Humanoid/Experiment_0] epoch #32 | Populated
2017-05-07 22:48:40.496581 EDT | [Averaged_PolyRL/Tuned_Environments/PolyRL_DDPG_Complex_Humanoid/Experiment_0] epoch #32 | Training finished
2017-05-07 22:48:40.516381 EDT | [Averaged_PolyRL/Tuned_Environments/PolyRL_DDPG_Complex_Humanoid/Experiment_0] epoch #32 | Collecting samples for evaluation
2017-05-07 22:52:45.145816 EDT | -----------------------  -------------
2017-05-07 22:52:45.146905 EDT | Epoch                     32
2017-05-07 22:52:45.147237 EDT | AverageReturn            -12.7874
2017-05-07 22:52:45.147511 EDT | StdReturn                 11.5863
2017-05-07 22:52:45.147796 EDT | MaxReturn                 19.7
2017-05-07 22:52:45.148047 EDT | MinReturn                -43.3299
2017-05-07 22:52:45.148327 EDT | AverageEsReturn          -10.2722
2017-05-07 22:52:45.148578 EDT | StdEsReturn               13.9213
2017-05-07 22:52:45.148849 EDT | MaxEsReturn                9.16526
2017-05-07 22:52:45.149100 EDT | MinEsReturn              -36.0773
2017-05-07 22:52:45.149348 EDT | AverageDiscountedReturn   -3.68488
2017-05-07 22:52:45.149597 EDT | AverageQLoss               0.000110758
2017-05-07 22:52:45.149876 EDT | AveragePolicySurr         -0.137913
2017-05-07 22:52:45.150155 EDT | AverageQ                   0.136563
2017-05-07 22:52:45.150453 EDT | AverageAbsQ                0.136858
2017-05-07 22:52:45.150753 EDT | AverageY                   0.136579
2017-05-07 22:52:45.150999 EDT | AverageAbsY                0.136817
2017-05-07 22:52:45.151249 EDT | AverageAbsQYDiff           0.00636016
2017-05-07 22:52:45.151507 EDT | AverageAction              0.973131
2017-05-07 22:52:45.151756 EDT | PolicyRegParamNorm        21.5667
2017-05-07 22:52:45.152016 EDT | QFunRegParamNorm          27.1153
2017-05-07 22:52:45.152263 EDT | AverageForwardProgress    -0.235727
2017-05-07 22:52:45.152509 EDT | MaxForwardProgress         0.0119093
2017-05-07 22:52:45.152754 EDT | MinForwardProgress        -0.481138
2017-05-07 22:52:45.153003 EDT | StdForwardProgress         0.0876546
2017-05-07 22:52:45.153256 EDT | -----------------------  -------------
2017-05-07 22:52:45.161866 EDT | [Averaged_PolyRL/Tuned_Environments/PolyRL_DDPG_Complex_Humanoid/Experiment_0] epoch #33 | Training started
2017-05-07 22:52:45.165245 EDT | [Averaged_PolyRL/Tuned_Environments/PolyRL_DDPG_Complex_Humanoid/Experiment_0] epoch #33 | Populating workers...
2017-05-07 22:52:45.165627 EDT | [Averaged_PolyRL/Tuned_Environments/PolyRL_DDPG_Complex_Humanoid/Experiment_0] epoch #33 | Populated
2017-05-07 23:02:03.235697 EDT | [Averaged_PolyRL/Tuned_Environments/PolyRL_DDPG_Complex_Humanoid/Experiment_0] epoch #33 | Training finished
2017-05-07 23:02:03.240397 EDT | [Averaged_PolyRL/Tuned_Environments/PolyRL_DDPG_Complex_Humanoid/Experiment_0] epoch #33 | Collecting samples for evaluation
2017-05-07 23:05:52.932572 EDT | -----------------------  -------------
2017-05-07 23:05:52.933735 EDT | Epoch                     33
2017-05-07 23:05:52.934091 EDT | AverageReturn            -25.3537
2017-05-07 23:05:52.934423 EDT | StdReturn                 13.9145
2017-05-07 23:05:52.934761 EDT | MaxReturn                 22.2336
2017-05-07 23:05:52.935092 EDT | MinReturn                -55.5215
2017-05-07 23:05:52.935422 EDT | AverageEsReturn          -17.6792
2017-05-07 23:05:52.935744 EDT | StdEsReturn               14.3379
2017-05-07 23:05:52.936066 EDT | MaxEsReturn                3.77657
2017-05-07 23:05:52.936390 EDT | MinEsReturn              -39.325
2017-05-07 23:05:52.936710 EDT | AverageDiscountedReturn  -10.5467
2017-05-07 23:05:52.937032 EDT | AverageQLoss               0.000111093
2017-05-07 23:05:52.937352 EDT | AveragePolicySurr         -0.13806
2017-05-07 23:05:52.937676 EDT | AverageQ                   0.136718
2017-05-07 23:05:52.938040 EDT | AverageAbsQ                0.137038
2017-05-07 23:05:52.938471 EDT | AverageY                   0.136722
2017-05-07 23:05:52.939330 EDT | AverageAbsY                0.136983
2017-05-07 23:05:52.940441 EDT | AverageAbsQYDiff           0.00635436
2017-05-07 23:05:52.941603 EDT | AverageAction              0.965609
2017-05-07 23:05:52.942823 EDT | PolicyRegParamNorm        21.805
2017-05-07 23:05:52.943948 EDT | QFunRegParamNorm          27.5492
2017-05-07 23:05:52.945067 EDT | AverageForwardProgress    -0.339094
2017-05-07 23:05:52.946988 EDT | MaxForwardProgress         0.0287989
2017-05-07 23:05:52.947977 EDT | MinForwardProgress        -0.5784
2017-05-07 23:05:52.949160 EDT | StdForwardProgress         0.10694
2017-05-07 23:05:52.950572 EDT | -----------------------  -------------
2017-05-07 23:05:52.951751 EDT | [Averaged_PolyRL/Tuned_Environments/PolyRL_DDPG_Complex_Humanoid/Experiment_0] epoch #34 | Training started
2017-05-07 23:05:52.955403 EDT | [Averaged_PolyRL/Tuned_Environments/PolyRL_DDPG_Complex_Humanoid/Experiment_0] epoch #34 | Populating workers...
2017-05-07 23:05:52.966715 EDT | [Averaged_PolyRL/Tuned_Environments/PolyRL_DDPG_Complex_Humanoid/Experiment_0] epoch #34 | Populated
2017-05-07 23:14:26.328201 EDT | [Averaged_PolyRL/Tuned_Environments/PolyRL_DDPG_Complex_Humanoid/Experiment_0] epoch #34 | Training finished
2017-05-07 23:14:26.331871 EDT | [Averaged_PolyRL/Tuned_Environments/PolyRL_DDPG_Complex_Humanoid/Experiment_0] epoch #34 | Collecting samples for evaluation
2017-05-07 23:18:23.351132 EDT | -----------------------  -------------
2017-05-07 23:18:23.352339 EDT | Epoch                     34
2017-05-07 23:18:23.352805 EDT | AverageReturn            -31.8545
2017-05-07 23:18:23.353182 EDT | StdReturn                 10.7371
2017-05-07 23:18:23.353545 EDT | MaxReturn                 -5.30937
2017-05-07 23:18:23.353956 EDT | MinReturn                -58.7865
2017-05-07 23:18:23.354298 EDT | AverageEsReturn          -31.8649
2017-05-07 23:18:23.354633 EDT | StdEsReturn               13.2632
2017-05-07 23:18:23.354965 EDT | MaxEsReturn                2.6495
2017-05-07 23:18:23.355350 EDT | MinEsReturn              -52.3579
2017-05-07 23:18:23.355699 EDT | AverageDiscountedReturn  -14.2559
2017-05-07 23:18:23.356027 EDT | AverageQLoss               0.000108816
2017-05-07 23:18:23.356363 EDT | AveragePolicySurr         -0.138147
2017-05-07 23:18:23.356681 EDT | AverageQ                   0.137072
2017-05-07 23:18:23.357007 EDT | AverageAbsQ                0.137415
2017-05-07 23:18:23.357326 EDT | AverageY                   0.137085
2017-05-07 23:18:23.357651 EDT | AverageAbsY                0.137368
2017-05-07 23:18:23.358009 EDT | AverageAbsQYDiff           0.00626269
2017-05-07 23:18:23.358332 EDT | AverageAction              0.958248
2017-05-07 23:18:23.358655 EDT | PolicyRegParamNorm        22.027
2017-05-07 23:18:23.358978 EDT | QFunRegParamNorm          28.0341
2017-05-07 23:18:23.359302 EDT | AverageForwardProgress    -0.386169
2017-05-07 23:18:23.359637 EDT | MaxForwardProgress        -0.187434
2017-05-07 23:18:23.359958 EDT | MinForwardProgress        -0.599648
2017-05-07 23:18:23.360280 EDT | StdForwardProgress         0.0826905
2017-05-07 23:18:23.360600 EDT | -----------------------  -------------
2017-05-07 23:18:23.361159 EDT | [Averaged_PolyRL/Tuned_Environments/PolyRL_DDPG_Complex_Humanoid/Experiment_0] epoch #35 | Training started
2017-05-07 23:18:23.364002 EDT | [Averaged_PolyRL/Tuned_Environments/PolyRL_DDPG_Complex_Humanoid/Experiment_0] epoch #35 | Populating workers...
2017-05-07 23:18:23.365482 EDT | [Averaged_PolyRL/Tuned_Environments/PolyRL_DDPG_Complex_Humanoid/Experiment_0] epoch #35 | Populated
2017-05-07 23:26:06.068567 EDT | [Averaged_PolyRL/Tuned_Environments/PolyRL_DDPG_Complex_Humanoid/Experiment_0] epoch #35 | Training finished
2017-05-07 23:26:06.070491 EDT | [Averaged_PolyRL/Tuned_Environments/PolyRL_DDPG_Complex_Humanoid/Experiment_0] epoch #35 | Collecting samples for evaluation
