I tensorflow/stream_executor/dso_loader.cc:135] successfully opened CUDA library libcublas.so.8.0 locally
I tensorflow/stream_executor/dso_loader.cc:135] successfully opened CUDA library libcudnn.so.5 locally
I tensorflow/stream_executor/dso_loader.cc:135] successfully opened CUDA library libcufft.so.8.0 locally
I tensorflow/stream_executor/dso_loader.cc:135] successfully opened CUDA library libcuda.so.1 locally
I tensorflow/stream_executor/dso_loader.cc:135] successfully opened CUDA library libcurand.so.8.0 locally
Logging to ././Env_Choose/Walker//exp_1/
[2017-08-31 17:19:31,672] Making new env: Walker2d-v1
W tensorflow/core/platform/cpu_feature_guard.cc:45] The TensorFlow library wasn't compiled to use SSE3 instructions, but these are available on your machine and could speed up CPU computations.
W tensorflow/core/platform/cpu_feature_guard.cc:45] The TensorFlow library wasn't compiled to use SSE4.1 instructions, but these are available on your machine and could speed up CPU computations.
W tensorflow/core/platform/cpu_feature_guard.cc:45] The TensorFlow library wasn't compiled to use SSE4.2 instructions, but these are available on your machine and could speed up CPU computations.
W tensorflow/core/platform/cpu_feature_guard.cc:45] The TensorFlow library wasn't compiled to use AVX instructions, but these are available on your machine and could speed up CPU computations.
W tensorflow/core/platform/cpu_feature_guard.cc:45] The TensorFlow library wasn't compiled to use AVX2 instructions, but these are available on your machine and could speed up CPU computations.
W tensorflow/core/platform/cpu_feature_guard.cc:45] The TensorFlow library wasn't compiled to use FMA instructions, but these are available on your machine and could speed up CPU computations.
I tensorflow/core/common_runtime/gpu/gpu_device.cc:885] Found device 0 with properties: 
name: GeForce GTX TITAN X
major: 5 minor: 2 memoryClockRate (GHz) 1.076
pciBusID 0000:83:00.0
Total memory: 11.92GiB
Free memory: 96.19MiB
I tensorflow/core/common_runtime/gpu/gpu_device.cc:906] DMA: 0 
I tensorflow/core/common_runtime/gpu/gpu_device.cc:916] 0:   Y 
I tensorflow/core/common_runtime/gpu/gpu_device.cc:975] Creating TensorFlow device (/gpu:0) -> (device: 0, name: GeForce GTX TITAN X, pci bus id: 0000:83:00.0)
E tensorflow/stream_executor/cuda/cuda_driver.cc:1002] failed to allocate 96.19M (100859904 bytes) from device: CUDA_ERROR_OUT_OF_MEMORY
Use async eigen decomp
updating 12 eigenvalue/vectors
projecting 3 gradient matrices
Use async eigen decomp
updating 14 eigenvalue/vectors
projecting 4 gradient matrices
********** Iteration 0 ************
E tensorflow/stream_executor/cuda/cuda_blas.cc:372] failed to create cublas handle: CUBLAS_STATUS_NOT_INITIALIZED
W tensorflow/stream_executor/stream.cc:1390] attempting to perform BLAS operation using StreamExecutor without BLAS support
I tensorflow/stream_executor/stream.cc:1338] stream 0x47e4110 did not wait for stream: 0x47e2b40
I tensorflow/stream_executor/stream.cc:3775] stream 0x47e4110 did not memcpy device-to-host; source: 0x810a407100
F tensorflow/core/common_runtime/gpu/gpu_util.cc:296] GPU->CPU Memcpy failed
