2017-05-06 16:35:36.992776 EDT | [Averaged_PolyRL/PolyRL_DDPG_Simple_Humanoid/Experiment_2] Populating workers...
2017-05-06 16:35:36.993102 EDT | [Averaged_PolyRL/PolyRL_DDPG_Simple_Humanoid/Experiment_2] Populated
2017-05-06 16:35:41.712508 EDT | [Averaged_PolyRL/PolyRL_DDPG_Simple_Humanoid/Experiment_2] epoch #0 | Training started
2017-05-06 16:35:41.713557 EDT | [Averaged_PolyRL/PolyRL_DDPG_Simple_Humanoid/Experiment_2] epoch #0 | Populating workers...
2017-05-06 16:35:41.713831 EDT | [Averaged_PolyRL/PolyRL_DDPG_Simple_Humanoid/Experiment_2] epoch #0 | Populated
2017-05-06 16:36:18.354728 EDT | [Averaged_PolyRL/PolyRL_DDPG_Simple_Humanoid/Experiment_2] epoch #0 | Training finished
2017-05-06 16:36:18.363103 EDT | [Averaged_PolyRL/PolyRL_DDPG_Simple_Humanoid/Experiment_2] epoch #1 | Training started
2017-05-06 16:36:18.363822 EDT | [Averaged_PolyRL/PolyRL_DDPG_Simple_Humanoid/Experiment_2] epoch #1 | Populating workers...
2017-05-06 16:36:18.364040 EDT | [Averaged_PolyRL/PolyRL_DDPG_Simple_Humanoid/Experiment_2] epoch #1 | Populated
2017-05-08 20:48:14.175635 EDT | [Averaged_PolyRL/PolyRL_DDPG_Simple_Humanoid/Experiment_2] Populating workers...
2017-05-08 20:48:14.175942 EDT | [Averaged_PolyRL/PolyRL_DDPG_Simple_Humanoid/Experiment_2] Populated
2017-05-08 20:48:18.626232 EDT | [Averaged_PolyRL/PolyRL_DDPG_Simple_Humanoid/Experiment_2] epoch #0 | Training started
2017-05-08 20:48:18.626752 EDT | [Averaged_PolyRL/PolyRL_DDPG_Simple_Humanoid/Experiment_2] epoch #0 | Populating workers...
2017-05-08 20:48:18.627024 EDT | [Averaged_PolyRL/PolyRL_DDPG_Simple_Humanoid/Experiment_2] epoch #0 | Populated
2017-05-08 20:49:03.873054 EDT | [Averaged_PolyRL/PolyRL_DDPG_Simple_Humanoid/Experiment_2] epoch #0 | Training finished
2017-05-08 20:49:03.873650 EDT | [Averaged_PolyRL/PolyRL_DDPG_Simple_Humanoid/Experiment_2] epoch #1 | Training started
2017-05-08 20:49:03.874275 EDT | [Averaged_PolyRL/PolyRL_DDPG_Simple_Humanoid/Experiment_2] epoch #1 | Populating workers...
2017-05-08 20:49:03.874558 EDT | [Averaged_PolyRL/PolyRL_DDPG_Simple_Humanoid/Experiment_2] epoch #1 | Populated
2017-05-08 20:49:49.617771 EDT | [Averaged_PolyRL/PolyRL_DDPG_Simple_Humanoid/Experiment_2] epoch #1 | Training finished
2017-05-08 20:49:49.618107 EDT | [Averaged_PolyRL/PolyRL_DDPG_Simple_Humanoid/Experiment_2] epoch #2 | Training started
2017-05-08 20:49:49.620022 EDT | [Averaged_PolyRL/PolyRL_DDPG_Simple_Humanoid/Experiment_2] epoch #2 | Populating workers...
2017-05-08 20:49:49.620329 EDT | [Averaged_PolyRL/PolyRL_DDPG_Simple_Humanoid/Experiment_2] epoch #2 | Populated
2017-05-08 20:50:32.394563 EDT | [Averaged_PolyRL/PolyRL_DDPG_Simple_Humanoid/Experiment_2] epoch #2 | Training finished
2017-05-08 20:50:32.395205 EDT | [Averaged_PolyRL/PolyRL_DDPG_Simple_Humanoid/Experiment_2] epoch #3 | Training started
2017-05-08 20:50:32.396418 EDT | [Averaged_PolyRL/PolyRL_DDPG_Simple_Humanoid/Experiment_2] epoch #3 | Populating workers...
2017-05-08 20:50:32.396748 EDT | [Averaged_PolyRL/PolyRL_DDPG_Simple_Humanoid/Experiment_2] epoch #3 | Populated
2017-05-08 20:51:13.313140 EDT | [Averaged_PolyRL/PolyRL_DDPG_Simple_Humanoid/Experiment_2] epoch #3 | Training finished
2017-05-08 20:51:13.313666 EDT | [Averaged_PolyRL/PolyRL_DDPG_Simple_Humanoid/Experiment_2] epoch #4 | Training started
2017-05-08 20:51:13.314832 EDT | [Averaged_PolyRL/PolyRL_DDPG_Simple_Humanoid/Experiment_2] epoch #4 | Populating workers...
2017-05-08 20:51:13.315028 EDT | [Averaged_PolyRL/PolyRL_DDPG_Simple_Humanoid/Experiment_2] epoch #4 | Populated
2017-05-08 20:51:56.417478 EDT | [Averaged_PolyRL/PolyRL_DDPG_Simple_Humanoid/Experiment_2] epoch #4 | Training finished
2017-05-08 20:51:56.418109 EDT | [Averaged_PolyRL/PolyRL_DDPG_Simple_Humanoid/Experiment_2] epoch #5 | Training started
2017-05-08 20:51:56.419391 EDT | [Averaged_PolyRL/PolyRL_DDPG_Simple_Humanoid/Experiment_2] epoch #5 | Populating workers...
2017-05-08 20:51:56.419589 EDT | [Averaged_PolyRL/PolyRL_DDPG_Simple_Humanoid/Experiment_2] epoch #5 | Populated
2017-05-08 20:52:37.174451 EDT | [Averaged_PolyRL/PolyRL_DDPG_Simple_Humanoid/Experiment_2] epoch #5 | Training finished
2017-05-08 20:52:37.175065 EDT | [Averaged_PolyRL/PolyRL_DDPG_Simple_Humanoid/Experiment_2] epoch #6 | Training started
2017-05-08 20:52:37.176236 EDT | [Averaged_PolyRL/PolyRL_DDPG_Simple_Humanoid/Experiment_2] epoch #6 | Populating workers...
2017-05-08 20:52:37.176491 EDT | [Averaged_PolyRL/PolyRL_DDPG_Simple_Humanoid/Experiment_2] epoch #6 | Populated
2017-05-08 20:53:18.604461 EDT | [Averaged_PolyRL/PolyRL_DDPG_Simple_Humanoid/Experiment_2] epoch #6 | Training finished
2017-05-08 20:53:18.605499 EDT | [Averaged_PolyRL/PolyRL_DDPG_Simple_Humanoid/Experiment_2] epoch #7 | Training started
2017-05-08 20:53:18.606902 EDT | [Averaged_PolyRL/PolyRL_DDPG_Simple_Humanoid/Experiment_2] epoch #7 | Populating workers...
2017-05-08 20:53:18.607251 EDT | [Averaged_PolyRL/PolyRL_DDPG_Simple_Humanoid/Experiment_2] epoch #7 | Populated
2017-05-08 20:54:00.085590 EDT | [Averaged_PolyRL/PolyRL_DDPG_Simple_Humanoid/Experiment_2] epoch #7 | Training finished
2017-05-08 20:54:00.086750 EDT | [Averaged_PolyRL/PolyRL_DDPG_Simple_Humanoid/Experiment_2] epoch #8 | Training started
2017-05-08 20:54:00.088045 EDT | [Averaged_PolyRL/PolyRL_DDPG_Simple_Humanoid/Experiment_2] epoch #8 | Populating workers...
2017-05-08 20:54:00.088331 EDT | [Averaged_PolyRL/PolyRL_DDPG_Simple_Humanoid/Experiment_2] epoch #8 | Populated
2017-05-08 20:54:42.869146 EDT | [Averaged_PolyRL/PolyRL_DDPG_Simple_Humanoid/Experiment_2] epoch #8 | Training finished
2017-05-08 20:54:42.869676 EDT | [Averaged_PolyRL/PolyRL_DDPG_Simple_Humanoid/Experiment_2] epoch #9 | Training started
2017-05-08 20:54:42.870986 EDT | [Averaged_PolyRL/PolyRL_DDPG_Simple_Humanoid/Experiment_2] epoch #9 | Populating workers...
2017-05-08 20:54:42.871301 EDT | [Averaged_PolyRL/PolyRL_DDPG_Simple_Humanoid/Experiment_2] epoch #9 | Populated
2017-05-08 20:55:25.341327 EDT | [Averaged_PolyRL/PolyRL_DDPG_Simple_Humanoid/Experiment_2] epoch #9 | Training finished
2017-05-08 20:55:25.341560 EDT | [Averaged_PolyRL/PolyRL_DDPG_Simple_Humanoid/Experiment_2] epoch #9 | Collecting samples for evaluation
2017-05-08 20:55:38.055410 EDT | -----------------------  ------------
2017-05-08 20:55:38.056498 EDT | Epoch                      9
2017-05-08 20:55:38.056799 EDT | AverageReturn             30.1315
2017-05-08 20:55:38.057172 EDT | StdReturn                 12.1692
2017-05-08 20:55:38.057462 EDT | MaxReturn                 54.1077
2017-05-08 20:55:38.059137 EDT | MinReturn                -28.7675
2017-05-08 20:55:38.059404 EDT | AverageEsReturn           41.1474
2017-05-08 20:55:38.059758 EDT | StdEsReturn               48.652
2017-05-08 20:55:38.060034 EDT | MaxEsReturn              124.472
2017-05-08 20:55:38.060830 EDT | MinEsReturn              -13.0501
2017-05-08 20:55:38.061108 EDT | AverageDiscountedReturn   22.1154
2017-05-08 20:55:38.061738 EDT | AverageQLoss               0.0126334
2017-05-08 20:55:38.061997 EDT | AveragePolicySurr         -0.117409
2017-05-08 20:55:38.062245 EDT | AverageQ                   0.0914318
2017-05-08 20:55:38.062491 EDT | AverageAbsQ                0.0914318
2017-05-08 20:55:38.063045 EDT | AverageY                  -0.00663746
2017-05-08 20:55:38.063659 EDT | AverageAbsY                0.00793727
2017-05-08 20:55:38.064486 EDT | AverageAbsQYDiff           0.0981862
2017-05-08 20:55:38.064761 EDT | AverageAction              0.999927
2017-05-08 20:55:38.065033 EDT | PolicyRegParamNorm        17.0473
2017-05-08 20:55:38.065290 EDT | QFunRegParamNorm          14.6878
2017-05-08 20:55:38.066741 EDT | AverageForwardProgress     0.161361
2017-05-08 20:55:38.067048 EDT | MaxForwardProgress         0.344333
2017-05-08 20:55:38.067420 EDT | MinForwardProgress        -0.57644
2017-05-08 20:55:38.067833 EDT | StdForwardProgress         0.134989
2017-05-08 20:55:38.068091 EDT | -----------------------  ------------
2017-05-08 20:55:38.068523 EDT | [Averaged_PolyRL/PolyRL_DDPG_Simple_Humanoid/Experiment_2] epoch #10 | Training started
2017-05-08 20:55:38.069824 EDT | [Averaged_PolyRL/PolyRL_DDPG_Simple_Humanoid/Experiment_2] epoch #10 | Populating workers...
2017-05-08 20:55:38.070189 EDT | [Averaged_PolyRL/PolyRL_DDPG_Simple_Humanoid/Experiment_2] epoch #10 | Populated
2017-05-08 20:56:26.036978 EDT | [Averaged_PolyRL/PolyRL_DDPG_Simple_Humanoid/Experiment_2] epoch #10 | Training finished
2017-05-08 20:56:26.038995 EDT | [Averaged_PolyRL/PolyRL_DDPG_Simple_Humanoid/Experiment_2] epoch #10 | Collecting samples for evaluation
2017-05-08 20:56:40.100530 EDT | -----------------------  -------------
2017-05-08 20:56:40.101625 EDT | Epoch                     10
2017-05-08 20:56:40.102257 EDT | AverageReturn             23.0071
2017-05-08 20:56:40.102625 EDT | StdReturn                 13.314
2017-05-08 20:56:40.102966 EDT | MaxReturn                 52.7381
2017-05-08 20:56:40.103342 EDT | MinReturn                -27.602
2017-05-08 20:56:40.103904 EDT | AverageEsReturn           28.2276
2017-05-08 20:56:40.104399 EDT | StdEsReturn               12.9737
2017-05-08 20:56:40.104728 EDT | MaxEsReturn               52.5151
2017-05-08 20:56:40.105327 EDT | MinEsReturn                0.180782
2017-05-08 20:56:40.105676 EDT | AverageDiscountedReturn   17.7156
2017-05-08 20:56:40.106011 EDT | AverageQLoss               0.000120794
2017-05-08 20:56:40.107485 EDT | AveragePolicySurr          0.000419236
2017-05-08 20:56:40.107946 EDT | AverageQ                  -0.00168678
2017-05-08 20:56:40.108280 EDT | AverageAbsQ                0.00716424
2017-05-08 20:56:40.108615 EDT | AverageY                  -0.00254113
2017-05-08 20:56:40.108938 EDT | AverageAbsY                0.00618259
2017-05-08 20:56:40.109276 EDT | AverageAbsQYDiff           0.00305934
2017-05-08 20:56:40.109738 EDT | AverageAction              0.999977
2017-05-08 20:56:40.110189 EDT | PolicyRegParamNorm        17.3034
2017-05-08 20:56:40.110530 EDT | QFunRegParamNorm          14.9712
2017-05-08 20:56:40.117055 EDT | AverageForwardProgress     0.0964092
2017-05-08 20:56:40.118015 EDT | MaxForwardProgress         0.36971
2017-05-08 20:56:40.118371 EDT | MinForwardProgress        -0.592754
2017-05-08 20:56:40.119082 EDT | StdForwardProgress         0.153365
2017-05-08 20:56:40.120584 EDT | -----------------------  -------------
2017-05-08 20:56:40.121315 EDT | [Averaged_PolyRL/PolyRL_DDPG_Simple_Humanoid/Experiment_2] epoch #11 | Training started
2017-05-08 20:56:40.124071 EDT | [Averaged_PolyRL/PolyRL_DDPG_Simple_Humanoid/Experiment_2] epoch #11 | Populating workers...
2017-05-08 20:56:40.124422 EDT | [Averaged_PolyRL/PolyRL_DDPG_Simple_Humanoid/Experiment_2] epoch #11 | Populated
2017-05-08 20:57:28.233787 EDT | [Averaged_PolyRL/PolyRL_DDPG_Simple_Humanoid/Experiment_2] epoch #11 | Training finished
2017-05-08 20:57:28.235113 EDT | [Averaged_PolyRL/PolyRL_DDPG_Simple_Humanoid/Experiment_2] epoch #11 | Collecting samples for evaluation
2017-05-08 20:57:41.063569 EDT | -----------------------  -------------
2017-05-08 20:57:41.067049 EDT | Epoch                     11
2017-05-08 20:57:41.067396 EDT | AverageReturn             24.2454
2017-05-08 20:57:41.071009 EDT | StdReturn                 13.4929
2017-05-08 20:57:41.072766 EDT | MaxReturn                 48.4616
2017-05-08 20:57:41.074060 EDT | MinReturn                -32.808
2017-05-08 20:57:41.074378 EDT | AverageEsReturn           22.4303
2017-05-08 20:57:41.074673 EDT | StdEsReturn                8.56248
2017-05-08 20:57:41.074944 EDT | MaxEsReturn               36.9259
2017-05-08 20:57:41.075196 EDT | MinEsReturn                7.80736
2017-05-08 20:57:41.075464 EDT | AverageDiscountedReturn   18.2104
2017-05-08 20:57:41.075762 EDT | AverageQLoss               6.94774e-06
2017-05-08 20:57:41.076165 EDT | AveragePolicySurr         -0.00667396
2017-05-08 20:57:41.076488 EDT | AverageQ                   0.0018363
2017-05-08 20:57:41.076786 EDT | AverageAbsQ                0.00867984
2017-05-08 20:57:41.077098 EDT | AverageY                   0.00182075
2017-05-08 20:57:41.077411 EDT | AverageAbsY                0.00890821
2017-05-08 20:57:41.077754 EDT | AverageAbsQYDiff           0.00173082
2017-05-08 20:57:41.078131 EDT | AverageAction              1
2017-05-08 20:57:41.078468 EDT | PolicyRegParamNorm        17.4829
2017-05-08 20:57:41.078788 EDT | QFunRegParamNorm          15.1119
2017-05-08 20:57:41.079160 EDT | AverageForwardProgress     0.100605
2017-05-08 20:57:41.079515 EDT | MaxForwardProgress         0.331074
2017-05-08 20:57:41.079837 EDT | MinForwardProgress        -0.575383
2017-05-08 20:57:41.080150 EDT | StdForwardProgress         0.161791
2017-05-08 20:57:41.080501 EDT | -----------------------  -------------
2017-05-08 20:57:41.080951 EDT | [Averaged_PolyRL/PolyRL_DDPG_Simple_Humanoid/Experiment_2] epoch #12 | Training started
2017-05-08 20:57:41.082433 EDT | [Averaged_PolyRL/PolyRL_DDPG_Simple_Humanoid/Experiment_2] epoch #12 | Populating workers...
2017-05-08 20:57:41.082828 EDT | [Averaged_PolyRL/PolyRL_DDPG_Simple_Humanoid/Experiment_2] epoch #12 | Populated
2017-05-08 20:58:29.103768 EDT | [Averaged_PolyRL/PolyRL_DDPG_Simple_Humanoid/Experiment_2] epoch #12 | Training finished
2017-05-08 20:58:29.104415 EDT | [Averaged_PolyRL/PolyRL_DDPG_Simple_Humanoid/Experiment_2] epoch #12 | Collecting samples for evaluation
2017-05-08 20:58:42.303853 EDT | -----------------------  -------------
2017-05-08 20:58:42.304605 EDT | Epoch                     12
2017-05-08 20:58:42.304887 EDT | AverageReturn             24.925
2017-05-08 20:58:42.305156 EDT | StdReturn                 11.9876
2017-05-08 20:58:42.305421 EDT | MaxReturn                 47.6185
2017-05-08 20:58:42.305679 EDT | MinReturn                -29.103
2017-05-08 20:58:42.305923 EDT | AverageEsReturn           18.853
2017-05-08 20:58:42.306168 EDT | StdEsReturn                9.90436
2017-05-08 20:58:42.306412 EDT | MaxEsReturn               31.4823
2017-05-08 20:58:42.306656 EDT | MinEsReturn               -3.8337
2017-05-08 20:58:42.306906 EDT | AverageDiscountedReturn   18.6237
2017-05-08 20:58:42.307151 EDT | AverageQLoss               8.05568e-06
2017-05-08 20:58:42.307396 EDT | AveragePolicySurr         -0.0129615
2017-05-08 20:58:42.307641 EDT | AverageQ                   0.0101543
2017-05-08 20:58:42.307886 EDT | AverageAbsQ                0.0130715
2017-05-08 20:58:42.308132 EDT | AverageY                   0.0101481
2017-05-08 20:58:42.308378 EDT | AverageAbsY                0.0131755
2017-05-08 20:58:42.308626 EDT | AverageAbsQYDiff           0.00168212
2017-05-08 20:58:42.308875 EDT | AverageAction              1
2017-05-08 20:58:42.309187 EDT | PolicyRegParamNorm        17.4836
2017-05-08 20:58:42.309439 EDT | QFunRegParamNorm          15.3265
2017-05-08 20:58:42.309691 EDT | AverageForwardProgress     0.116477
2017-05-08 20:58:42.309941 EDT | MaxForwardProgress         0.333737
2017-05-08 20:58:42.310188 EDT | MinForwardProgress        -0.582356
2017-05-08 20:58:42.310442 EDT | StdForwardProgress         0.131885
2017-05-08 20:58:42.310704 EDT | -----------------------  -------------
2017-05-08 20:58:42.311078 EDT | [Averaged_PolyRL/PolyRL_DDPG_Simple_Humanoid/Experiment_2] epoch #13 | Training started
2017-05-08 20:58:42.312331 EDT | [Averaged_PolyRL/PolyRL_DDPG_Simple_Humanoid/Experiment_2] epoch #13 | Populating workers...
2017-05-08 20:58:42.312652 EDT | [Averaged_PolyRL/PolyRL_DDPG_Simple_Humanoid/Experiment_2] epoch #13 | Populated
2017-05-08 20:59:30.757550 EDT | [Averaged_PolyRL/PolyRL_DDPG_Simple_Humanoid/Experiment_2] epoch #13 | Training finished
2017-05-08 20:59:30.758050 EDT | [Averaged_PolyRL/PolyRL_DDPG_Simple_Humanoid/Experiment_2] epoch #13 | Collecting samples for evaluation
2017-05-08 20:59:42.746259 EDT | -----------------------  -------------
2017-05-08 20:59:42.747000 EDT | Epoch                     13
2017-05-08 20:59:42.747345 EDT | AverageReturn             25.9001
2017-05-08 20:59:42.747626 EDT | StdReturn                 11.5104
2017-05-08 20:59:42.747917 EDT | MaxReturn                 45.9927
2017-05-08 20:59:42.748507 EDT | MinReturn                -32.2162
2017-05-08 20:59:42.748882 EDT | AverageEsReturn           14.1981
2017-05-08 20:59:42.749229 EDT | StdEsReturn               18.4029
2017-05-08 20:59:42.749557 EDT | MaxEsReturn               34.1726
2017-05-08 20:59:42.750561 EDT | MinEsReturn              -24.4054
2017-05-08 20:59:42.752145 EDT | AverageDiscountedReturn   19.3908
2017-05-08 20:59:42.752576 EDT | AverageQLoss               8.63375e-06
2017-05-08 20:59:42.753417 EDT | AveragePolicySurr         -0.0176868
2017-05-08 20:59:42.754003 EDT | AverageQ                   0.0153568
2017-05-08 20:59:42.754522 EDT | AverageAbsQ                0.0179571
2017-05-08 20:59:42.756332 EDT | AverageY                   0.0153448
2017-05-08 20:59:42.756621 EDT | AverageAbsY                0.0180476
2017-05-08 20:59:42.758412 EDT | AverageAbsQYDiff           0.00169308
2017-05-08 20:59:42.758779 EDT | AverageAction              1
2017-05-08 20:59:42.760493 EDT | PolicyRegParamNorm        17.4837
2017-05-08 20:59:42.769280 EDT | QFunRegParamNorm          15.5519
2017-05-08 20:59:42.773025 EDT | AverageForwardProgress     0.126506
2017-05-08 20:59:42.787969 EDT | MaxForwardProgress         0.327788
2017-05-08 20:59:42.790061 EDT | MinForwardProgress        -0.527397
2017-05-08 20:59:42.797028 EDT | StdForwardProgress         0.121114
2017-05-08 20:59:42.798998 EDT | -----------------------  -------------
2017-05-08 20:59:42.801218 EDT | [Averaged_PolyRL/PolyRL_DDPG_Simple_Humanoid/Experiment_2] epoch #14 | Training started
2017-05-08 20:59:42.824953 EDT | [Averaged_PolyRL/PolyRL_DDPG_Simple_Humanoid/Experiment_2] epoch #14 | Populating workers...
2017-05-08 20:59:42.825284 EDT | [Averaged_PolyRL/PolyRL_DDPG_Simple_Humanoid/Experiment_2] epoch #14 | Populated
2017-05-08 21:00:31.443574 EDT | [Averaged_PolyRL/PolyRL_DDPG_Simple_Humanoid/Experiment_2] epoch #14 | Training finished
2017-05-08 21:00:31.444201 EDT | [Averaged_PolyRL/PolyRL_DDPG_Simple_Humanoid/Experiment_2] epoch #14 | Collecting samples for evaluation
2017-05-08 21:00:45.007887 EDT | -----------------------  ------------
2017-05-08 21:00:45.009208 EDT | Epoch                     14
2017-05-08 21:00:45.009429 EDT | AverageReturn              8.83298
2017-05-08 21:00:45.009614 EDT | StdReturn                 36.6273
2017-05-08 21:00:45.009794 EDT | MaxReturn                114.944
2017-05-08 21:00:45.009971 EDT | MinReturn                -30.5076
2017-05-08 21:00:45.010144 EDT | AverageEsReturn           24.5435
2017-05-08 21:00:45.010316 EDT | StdEsReturn               23.9445
2017-05-08 21:00:45.010488 EDT | MaxEsReturn               67.5496
2017-05-08 21:00:45.010660 EDT | MinEsReturn               -4.90157
2017-05-08 21:00:45.010832 EDT | AverageDiscountedReturn    5.45978
2017-05-08 21:00:45.011007 EDT | AverageQLoss               1.0704e-05
2017-05-08 21:00:45.011183 EDT | AveragePolicySurr         -0.0234326
2017-05-08 21:00:45.011358 EDT | AverageQ                   0.0195173
2017-05-08 21:00:45.011530 EDT | AverageAbsQ                0.022262
2017-05-08 21:00:45.011703 EDT | AverageY                   0.0195106
2017-05-08 21:00:45.011877 EDT | AverageAbsY                0.0223693
2017-05-08 21:00:45.012052 EDT | AverageAbsQYDiff           0.00194499
2017-05-08 21:00:45.012225 EDT | AverageAction              0.969356
2017-05-08 21:00:45.012396 EDT | PolicyRegParamNorm        17.8186
2017-05-08 21:00:45.012569 EDT | QFunRegParamNorm          15.8142
2017-05-08 21:00:45.012745 EDT | AverageForwardProgress    -0.0809485
2017-05-08 21:00:45.013152 EDT | MaxForwardProgress         0.866895
2017-05-08 21:00:45.013442 EDT | MinForwardProgress        -0.466364
2017-05-08 21:00:45.013693 EDT | StdForwardProgress         0.329008
2017-05-08 21:00:45.013938 EDT | -----------------------  ------------
2017-05-08 21:00:45.014305 EDT | [Averaged_PolyRL/PolyRL_DDPG_Simple_Humanoid/Experiment_2] epoch #15 | Training started
2017-05-08 21:00:45.015657 EDT | [Averaged_PolyRL/PolyRL_DDPG_Simple_Humanoid/Experiment_2] epoch #15 | Populating workers...
2017-05-08 21:00:45.016070 EDT | [Averaged_PolyRL/PolyRL_DDPG_Simple_Humanoid/Experiment_2] epoch #15 | Populated
2017-05-08 21:01:34.599133 EDT | [Averaged_PolyRL/PolyRL_DDPG_Simple_Humanoid/Experiment_2] epoch #15 | Training finished
2017-05-08 21:01:34.599716 EDT | [Averaged_PolyRL/PolyRL_DDPG_Simple_Humanoid/Experiment_2] epoch #15 | Collecting samples for evaluation
2017-05-08 21:01:46.960194 EDT | -----------------------  -------------
2017-05-08 21:01:46.960972 EDT | Epoch                     15
2017-05-08 21:01:46.961320 EDT | AverageReturn             30.3459
2017-05-08 21:01:46.961646 EDT | StdReturn                 23.3776
2017-05-08 21:01:46.962373 EDT | MaxReturn                 83.1026
2017-05-08 21:01:46.963333 EDT | MinReturn                -20.2331
2017-05-08 21:01:46.963675 EDT | AverageEsReturn            3.22854
2017-05-08 21:01:46.964778 EDT | StdEsReturn               26.4338
2017-05-08 21:01:46.965933 EDT | MaxEsReturn               76.0621
2017-05-08 21:01:46.966290 EDT | MinEsReturn              -26.9716
2017-05-08 21:01:46.967276 EDT | AverageDiscountedReturn   17.1125
2017-05-08 21:01:46.968302 EDT | AverageQLoss               1.27275e-05
2017-05-08 21:01:46.969602 EDT | AveragePolicySurr         -0.0282506
2017-05-08 21:01:46.970732 EDT | AverageQ                   0.0249829
2017-05-08 21:01:46.971854 EDT | AverageAbsQ                0.0276124
2017-05-08 21:01:46.972799 EDT | AverageY                   0.0249748
2017-05-08 21:01:46.973135 EDT | AverageAbsY                0.027721
2017-05-08 21:01:46.974081 EDT | AverageAbsQYDiff           0.00212495
2017-05-08 21:01:46.975039 EDT | AverageAction              0.982363
2017-05-08 21:01:46.975994 EDT | PolicyRegParamNorm        18.1595
2017-05-08 21:01:46.976341 EDT | QFunRegParamNorm          16.0779
2017-05-08 21:01:46.977394 EDT | AverageForwardProgress     0.128127
2017-05-08 21:01:46.978363 EDT | MaxForwardProgress         0.599014
2017-05-08 21:01:46.979345 EDT | MinForwardProgress        -0.340241
2017-05-08 21:01:46.980352 EDT | StdForwardProgress         0.212798
2017-05-08 21:01:46.981495 EDT | -----------------------  -------------
2017-05-08 21:01:46.982580 EDT | [Averaged_PolyRL/PolyRL_DDPG_Simple_Humanoid/Experiment_2] epoch #16 | Training started
2017-05-08 21:01:46.987138 EDT | [Averaged_PolyRL/PolyRL_DDPG_Simple_Humanoid/Experiment_2] epoch #16 | Populating workers...
2017-05-08 21:01:46.988215 EDT | [Averaged_PolyRL/PolyRL_DDPG_Simple_Humanoid/Experiment_2] epoch #16 | Populated
2017-05-08 21:02:37.496899 EDT | [Averaged_PolyRL/PolyRL_DDPG_Simple_Humanoid/Experiment_2] epoch #16 | Training finished
2017-05-08 21:02:37.497259 EDT | [Averaged_PolyRL/PolyRL_DDPG_Simple_Humanoid/Experiment_2] epoch #16 | Collecting samples for evaluation
2017-05-08 21:02:51.506419 EDT | -----------------------  ------------
2017-05-08 21:02:51.507391 EDT | Epoch                     16
2017-05-08 21:02:51.507761 EDT | AverageReturn             18.4695
2017-05-08 21:02:51.508049 EDT | StdReturn                 16.9405
2017-05-08 21:02:51.508316 EDT | MaxReturn                115.381
2017-05-08 21:02:51.508592 EDT | MinReturn                -22.7425
2017-05-08 21:02:51.508839 EDT | AverageEsReturn           20.0752
2017-05-08 21:02:51.515799 EDT | StdEsReturn               30.842
2017-05-08 21:02:51.517388 EDT | MaxEsReturn               76.4137
2017-05-08 21:02:51.519562 EDT | MinEsReturn              -24.6446
2017-05-08 21:02:51.519945 EDT | AverageDiscountedReturn   12.5566
2017-05-08 21:02:51.520351 EDT | AverageQLoss               1.4218e-05
2017-05-08 21:02:51.526723 EDT | AveragePolicySurr         -0.0330313
2017-05-08 21:02:51.527138 EDT | AverageQ                   0.0302807
2017-05-08 21:02:51.527495 EDT | AverageAbsQ                0.0330822
2017-05-08 21:02:51.527884 EDT | AverageY                   0.0302837
2017-05-08 21:02:51.528257 EDT | AverageAbsY                0.0331879
2017-05-08 21:02:51.528592 EDT | AverageAbsQYDiff           0.00230357
2017-05-08 21:02:51.529054 EDT | AverageAction              0.977175
2017-05-08 21:02:51.533004 EDT | PolicyRegParamNorm        18.4156
2017-05-08 21:02:51.533381 EDT | QFunRegParamNorm          16.3994
2017-05-08 21:02:51.535045 EDT | AverageForwardProgress     0.038194
2017-05-08 21:02:51.539343 EDT | MaxForwardProgress         0.835039
2017-05-08 21:02:51.539777 EDT | MinForwardProgress        -0.369456
2017-05-08 21:02:51.540145 EDT | StdForwardProgress         0.155343
2017-05-08 21:02:51.543244 EDT | -----------------------  ------------
2017-05-08 21:02:51.543758 EDT | [Averaged_PolyRL/PolyRL_DDPG_Simple_Humanoid/Experiment_2] epoch #17 | Training started
2017-05-08 21:02:51.545917 EDT | [Averaged_PolyRL/PolyRL_DDPG_Simple_Humanoid/Experiment_2] epoch #17 | Populating workers...
2017-05-08 21:02:51.546758 EDT | [Averaged_PolyRL/PolyRL_DDPG_Simple_Humanoid/Experiment_2] epoch #17 | Populated
2017-05-08 21:03:40.614517 EDT | [Averaged_PolyRL/PolyRL_DDPG_Simple_Humanoid/Experiment_2] epoch #17 | Training finished
2017-05-08 21:03:40.615415 EDT | [Averaged_PolyRL/PolyRL_DDPG_Simple_Humanoid/Experiment_2] epoch #17 | Collecting samples for evaluation
2017-05-08 21:03:53.321448 EDT | -----------------------  -------------
2017-05-08 21:03:53.323311 EDT | Epoch                     17
2017-05-08 21:03:53.323561 EDT | AverageReturn              5.47962
2017-05-08 21:03:53.323828 EDT | StdReturn                 24.2799
2017-05-08 21:03:53.324117 EDT | MaxReturn                 71.7623
2017-05-08 21:03:53.324377 EDT | MinReturn                -77.7505
2017-05-08 21:03:53.324737 EDT | AverageEsReturn           23.5789
2017-05-08 21:03:53.325598 EDT | StdEsReturn               14.1931
2017-05-08 21:03:53.325867 EDT | MaxEsReturn               42.7754
2017-05-08 21:03:53.326121 EDT | MinEsReturn               -8.16665
2017-05-08 21:03:53.326366 EDT | AverageDiscountedReturn    6.41432
2017-05-08 21:03:53.326609 EDT | AverageQLoss               1.55072e-05
2017-05-08 21:03:53.327637 EDT | AveragePolicySurr         -0.040663
2017-05-08 21:03:53.327981 EDT | AverageQ                   0.0351369
2017-05-08 21:03:53.328238 EDT | AverageAbsQ                0.0383296
2017-05-08 21:03:53.328781 EDT | AverageY                   0.0351347
2017-05-08 21:03:53.329059 EDT | AverageAbsY                0.0384426
2017-05-08 21:03:53.329312 EDT | AverageAbsQYDiff           0.00237859
2017-05-08 21:03:53.329573 EDT | AverageAction              0.936137
2017-05-08 21:03:53.329837 EDT | PolicyRegParamNorm        18.9155
2017-05-08 21:03:53.330087 EDT | QFunRegParamNorm          16.6741
2017-05-08 21:03:53.330374 EDT | AverageForwardProgress    -0.131323
2017-05-08 21:03:53.331513 EDT | MaxForwardProgress         0.386042
2017-05-08 21:03:53.332292 EDT | MinForwardProgress        -1.10748
2017-05-08 21:03:53.332559 EDT | StdForwardProgress         0.235738
2017-05-08 21:03:53.332834 EDT | -----------------------  -------------
2017-05-08 21:03:53.333276 EDT | [Averaged_PolyRL/PolyRL_DDPG_Simple_Humanoid/Experiment_2] epoch #18 | Training started
2017-05-08 21:03:53.337946 EDT | [Averaged_PolyRL/PolyRL_DDPG_Simple_Humanoid/Experiment_2] epoch #18 | Populating workers...
2017-05-08 21:03:53.338721 EDT | [Averaged_PolyRL/PolyRL_DDPG_Simple_Humanoid/Experiment_2] epoch #18 | Populated
2017-05-08 21:04:43.692109 EDT | [Averaged_PolyRL/PolyRL_DDPG_Simple_Humanoid/Experiment_2] epoch #18 | Training finished
2017-05-08 21:04:43.693162 EDT | [Averaged_PolyRL/PolyRL_DDPG_Simple_Humanoid/Experiment_2] epoch #18 | Collecting samples for evaluation
2017-05-08 21:04:57.444103 EDT | -----------------------  -------------
2017-05-08 21:04:57.446074 EDT | Epoch                     18
2017-05-08 21:04:57.446459 EDT | AverageReturn             42.989
2017-05-08 21:04:57.447011 EDT | StdReturn                 40.8986
2017-05-08 21:04:57.447974 EDT | MaxReturn                107.981
2017-05-08 21:04:57.448340 EDT | MinReturn                -40.2484
2017-05-08 21:04:57.449437 EDT | AverageEsReturn           -0.60631
2017-05-08 21:04:57.449766 EDT | StdEsReturn               34.406
2017-05-08 21:04:57.450679 EDT | MaxEsReturn               44.8984
2017-05-08 21:04:57.451009 EDT | MinEsReturn              -57.3885
2017-05-08 21:04:57.451559 EDT | AverageDiscountedReturn   23.8462
2017-05-08 21:04:57.452089 EDT | AverageQLoss               1.79088e-05
2017-05-08 21:04:57.452778 EDT | AveragePolicySurr         -0.0484661
2017-05-08 21:04:57.453124 EDT | AverageQ                   0.0426317
2017-05-08 21:04:57.453785 EDT | AverageAbsQ                0.0461882
2017-05-08 21:04:57.454180 EDT | AverageY                   0.0426335
2017-05-08 21:04:57.454713 EDT | AverageAbsY                0.0462818
2017-05-08 21:04:57.455044 EDT | AverageAbsQYDiff           0.00259377
2017-05-08 21:04:57.456081 EDT | AverageAction              0.944514
2017-05-08 21:04:57.456608 EDT | PolicyRegParamNorm        19.1538
2017-05-08 21:04:57.457063 EDT | QFunRegParamNorm          16.9745
2017-05-08 21:04:57.457971 EDT | AverageForwardProgress     0.181286
2017-05-08 21:04:57.458328 EDT | MaxForwardProgress         0.766687
2017-05-08 21:04:57.459417 EDT | MinForwardProgress        -0.69884
2017-05-08 21:04:57.460441 EDT | StdForwardProgress         0.384683
2017-05-08 21:04:57.461378 EDT | -----------------------  -------------
2017-05-08 21:04:57.462038 EDT | [Averaged_PolyRL/PolyRL_DDPG_Simple_Humanoid/Experiment_2] epoch #19 | Training started
2017-05-08 21:04:57.464283 EDT | [Averaged_PolyRL/PolyRL_DDPG_Simple_Humanoid/Experiment_2] epoch #19 | Populating workers...
2017-05-08 21:04:57.464999 EDT | [Averaged_PolyRL/PolyRL_DDPG_Simple_Humanoid/Experiment_2] epoch #19 | Populated
2017-05-08 21:05:45.869116 EDT | [Averaged_PolyRL/PolyRL_DDPG_Simple_Humanoid/Experiment_2] epoch #19 | Training finished
2017-05-08 21:05:45.869756 EDT | [Averaged_PolyRL/PolyRL_DDPG_Simple_Humanoid/Experiment_2] epoch #19 | Collecting samples for evaluation
2017-05-08 21:05:58.633849 EDT | -----------------------  -------------
2017-05-08 21:05:58.635901 EDT | Epoch                     19
2017-05-08 21:05:58.636254 EDT | AverageReturn             63.5695
2017-05-08 21:05:58.636558 EDT | StdReturn                 21.7931
2017-05-08 21:05:58.636894 EDT | MaxReturn                 93.513
2017-05-08 21:05:58.637219 EDT | MinReturn                -26.4255
2017-05-08 21:05:58.637541 EDT | AverageEsReturn           62.1202
2017-05-08 21:05:58.637846 EDT | StdEsReturn               19.9915
2017-05-08 21:05:58.638192 EDT | MaxEsReturn               78.1448
2017-05-08 21:05:58.638514 EDT | MinEsReturn                6.23662
2017-05-08 21:05:58.638860 EDT | AverageDiscountedReturn   33.1393
2017-05-08 21:05:58.639163 EDT | AverageQLoss               2.03535e-05
2017-05-08 21:05:58.639431 EDT | AveragePolicySurr         -0.0544392
2017-05-08 21:05:58.639726 EDT | AverageQ                   0.050574
2017-05-08 21:05:58.640045 EDT | AverageAbsQ                0.0536478
2017-05-08 21:05:58.640323 EDT | AverageY                   0.0505793
2017-05-08 21:05:58.640588 EDT | AverageAbsY                0.0537195
2017-05-08 21:05:58.640859 EDT | AverageAbsQYDiff           0.00266208
2017-05-08 21:05:58.641160 EDT | AverageAction              0.921355
2017-05-08 21:05:58.641499 EDT | PolicyRegParamNorm        19.4743
2017-05-08 21:05:58.641774 EDT | QFunRegParamNorm          17.2489
2017-05-08 21:05:58.642033 EDT | AverageForwardProgress     0.398327
2017-05-08 21:05:58.642327 EDT | MaxForwardProgress         0.645625
2017-05-08 21:05:58.642615 EDT | MinForwardProgress        -0.591544
2017-05-08 21:05:58.642909 EDT | StdForwardProgress         0.224636
2017-05-08 21:05:58.643174 EDT | -----------------------  -------------
2017-05-08 21:05:58.643552 EDT | [Averaged_PolyRL/PolyRL_DDPG_Simple_Humanoid/Experiment_2] epoch #20 | Training started
2017-05-08 21:05:58.644926 EDT | [Averaged_PolyRL/PolyRL_DDPG_Simple_Humanoid/Experiment_2] epoch #20 | Populating workers...
2017-05-08 21:05:58.645368 EDT | [Averaged_PolyRL/PolyRL_DDPG_Simple_Humanoid/Experiment_2] epoch #20 | Populated
2017-05-08 21:06:48.209599 EDT | [Averaged_PolyRL/PolyRL_DDPG_Simple_Humanoid/Experiment_2] epoch #20 | Training finished
2017-05-08 21:06:48.210320 EDT | [Averaged_PolyRL/PolyRL_DDPG_Simple_Humanoid/Experiment_2] epoch #20 | Collecting samples for evaluation
2017-05-08 21:07:01.616896 EDT | -----------------------  -------------
2017-05-08 21:07:01.617579 EDT | Epoch                     20
2017-05-08 21:07:01.617844 EDT | AverageReturn             76.5205
2017-05-08 21:07:01.618109 EDT | StdReturn                 17.816
2017-05-08 21:07:01.618359 EDT | MaxReturn                100.796
2017-05-08 21:07:01.618608 EDT | MinReturn                -17.4767
2017-05-08 21:07:01.618854 EDT | AverageEsReturn           57.6716
2017-05-08 21:07:01.619101 EDT | StdEsReturn               33.3337
2017-05-08 21:07:01.619348 EDT | MaxEsReturn               87.5231
2017-05-08 21:07:01.619596 EDT | MinEsReturn              -12.5234
2017-05-08 21:07:01.619842 EDT | AverageDiscountedReturn   38.3645
2017-05-08 21:07:01.620086 EDT | AverageQLoss               1.99817e-05
2017-05-08 21:07:01.620330 EDT | AveragePolicySurr         -0.0597893
2017-05-08 21:07:01.620576 EDT | AverageQ                   0.0564496
2017-05-08 21:07:01.620818 EDT | AverageAbsQ                0.0594681
2017-05-08 21:07:01.621075 EDT | AverageY                   0.0564568
2017-05-08 21:07:01.621317 EDT | AverageAbsY                0.0595183
2017-05-08 21:07:01.622014 EDT | AverageAbsQYDiff           0.00269343
2017-05-08 21:07:01.622266 EDT | AverageAction              0.954181
2017-05-08 21:07:01.622511 EDT | PolicyRegParamNorm        19.6827
2017-05-08 21:07:01.622771 EDT | QFunRegParamNorm          17.4705
2017-05-08 21:07:01.623018 EDT | AverageForwardProgress     0.523759
2017-05-08 21:07:01.623263 EDT | MaxForwardProgress         0.704043
2017-05-08 21:07:01.623533 EDT | MinForwardProgress        -0.440217
2017-05-08 21:07:01.623837 EDT | StdForwardProgress         0.179879
2017-05-08 21:07:01.624096 EDT | -----------------------  -------------
2017-05-08 21:07:01.624450 EDT | [Averaged_PolyRL/PolyRL_DDPG_Simple_Humanoid/Experiment_2] epoch #21 | Training started
2017-05-08 21:07:01.625690 EDT | [Averaged_PolyRL/PolyRL_DDPG_Simple_Humanoid/Experiment_2] epoch #21 | Populating workers...
2017-05-08 21:07:01.626020 EDT | [Averaged_PolyRL/PolyRL_DDPG_Simple_Humanoid/Experiment_2] epoch #21 | Populated
2017-05-08 21:07:51.234712 EDT | [Averaged_PolyRL/PolyRL_DDPG_Simple_Humanoid/Experiment_2] epoch #21 | Training finished
2017-05-08 21:07:51.235378 EDT | [Averaged_PolyRL/PolyRL_DDPG_Simple_Humanoid/Experiment_2] epoch #21 | Collecting samples for evaluation
2017-05-08 21:08:03.152828 EDT | -----------------------  -------------
2017-05-08 21:08:03.154149 EDT | Epoch                     21
2017-05-08 21:08:03.154372 EDT | AverageReturn             69.2558
2017-05-08 21:08:03.154576 EDT | StdReturn                 26.712
2017-05-08 21:08:03.154776 EDT | MaxReturn                114.638
2017-05-08 21:08:03.154976 EDT | MinReturn                -42.7023
2017-05-08 21:08:03.155173 EDT | AverageEsReturn           54.379
2017-05-08 21:08:03.155400 EDT | StdEsReturn               27.1521
2017-05-08 21:08:03.155599 EDT | MaxEsReturn               80.011
2017-05-08 21:08:03.155796 EDT | MinEsReturn                2.63071
2017-05-08 21:08:03.155993 EDT | AverageDiscountedReturn   35.8383
2017-05-08 21:08:03.156189 EDT | AverageQLoss               2.18246e-05
2017-05-08 21:08:03.156386 EDT | AveragePolicySurr         -0.0642586
2017-05-08 21:08:03.156598 EDT | AverageQ                   0.0616085
2017-05-08 21:08:03.156794 EDT | AverageAbsQ                0.0645008
2017-05-08 21:08:03.157000 EDT | AverageY                   0.0616099
2017-05-08 21:08:03.157195 EDT | AverageAbsY                0.0645458
2017-05-08 21:08:03.157439 EDT | AverageAbsQYDiff           0.00275071
2017-05-08 21:08:03.157638 EDT | AverageAction              0.968146
2017-05-08 21:08:03.157872 EDT | PolicyRegParamNorm        19.7502
2017-05-08 21:08:03.158095 EDT | QFunRegParamNorm          17.7528
2017-05-08 21:08:03.158304 EDT | AverageForwardProgress     0.449616
2017-05-08 21:08:03.158499 EDT | MaxForwardProgress         0.801842
2017-05-08 21:08:03.158696 EDT | MinForwardProgress        -0.636797
2017-05-08 21:08:03.158892 EDT | StdForwardProgress         0.273286
2017-05-08 21:08:03.159087 EDT | -----------------------  -------------
2017-05-08 21:08:03.159407 EDT | [Averaged_PolyRL/PolyRL_DDPG_Simple_Humanoid/Experiment_2] epoch #22 | Training started
2017-05-08 21:08:03.160667 EDT | [Averaged_PolyRL/PolyRL_DDPG_Simple_Humanoid/Experiment_2] epoch #22 | Populating workers...
2017-05-08 21:08:03.160978 EDT | [Averaged_PolyRL/PolyRL_DDPG_Simple_Humanoid/Experiment_2] epoch #22 | Populated
2017-05-08 21:08:52.407510 EDT | [Averaged_PolyRL/PolyRL_DDPG_Simple_Humanoid/Experiment_2] epoch #22 | Training finished
2017-05-08 21:08:52.408967 EDT | [Averaged_PolyRL/PolyRL_DDPG_Simple_Humanoid/Experiment_2] epoch #22 | Collecting samples for evaluation
2017-05-08 21:09:06.188614 EDT | -----------------------  -------------
2017-05-08 21:09:06.188990 EDT | Epoch                     22
2017-05-08 21:09:06.189342 EDT | AverageReturn             72.9899
2017-05-08 21:09:06.194557 EDT | StdReturn                 18.0194
2017-05-08 21:09:06.194974 EDT | MaxReturn                101.459
2017-05-08 21:09:06.195294 EDT | MinReturn                 -6.98099
2017-05-08 21:09:06.195650 EDT | AverageEsReturn           44.1669
2017-05-08 21:09:06.208303 EDT | StdEsReturn               42.542
2017-05-08 21:09:06.208627 EDT | MaxEsReturn               81.8088
2017-05-08 21:09:06.208879 EDT | MinEsReturn              -31.0684
2017-05-08 21:09:06.209157 EDT | AverageDiscountedReturn   37.5815
2017-05-08 21:09:06.209413 EDT | AverageQLoss               2.78565e-05
2017-05-08 21:09:06.209665 EDT | AveragePolicySurr         -0.0686133
2017-05-08 21:09:06.209958 EDT | AverageQ                   0.0660225
2017-05-08 21:09:06.210222 EDT | AverageAbsQ                0.0691797
2017-05-08 21:09:06.210469 EDT | AverageY                   0.0660339
2017-05-08 21:09:06.210703 EDT | AverageAbsY                0.0692322
2017-05-08 21:09:06.210958 EDT | AverageAbsQYDiff           0.0030186
2017-05-08 21:09:06.211204 EDT | AverageAction              0.975085
2017-05-08 21:09:06.211449 EDT | PolicyRegParamNorm        19.8627
2017-05-08 21:09:06.211697 EDT | QFunRegParamNorm          18.0524
2017-05-08 21:09:06.217399 EDT | AverageForwardProgress     0.49102
2017-05-08 21:09:06.217715 EDT | MaxForwardProgress         0.728112
2017-05-08 21:09:06.218095 EDT | MinForwardProgress        -0.363726
2017-05-08 21:09:06.218435 EDT | StdForwardProgress         0.189695
2017-05-08 21:09:06.218821 EDT | -----------------------  -------------
2017-05-08 21:09:06.219333 EDT | [Averaged_PolyRL/PolyRL_DDPG_Simple_Humanoid/Experiment_2] epoch #23 | Training started
2017-05-08 21:09:06.221147 EDT | [Averaged_PolyRL/PolyRL_DDPG_Simple_Humanoid/Experiment_2] epoch #23 | Populating workers...
2017-05-08 21:09:06.221578 EDT | [Averaged_PolyRL/PolyRL_DDPG_Simple_Humanoid/Experiment_2] epoch #23 | Populated
