2017-05-08 20:36:15.473899 EDT | [Tensorflow_RLLAB_Results/PolyRL/Walker/] observation space: Box(17,)
2017-05-08 20:36:15.474214 EDT | [Tensorflow_RLLAB_Results/PolyRL/Walker/] action space: Box(6,)
2017-05-08 20:36:16.447956 EDT | [Tensorflow_RLLAB_Results/PolyRL/Walker/] Populating workers...
2017-05-08 20:36:16.448254 EDT | [Tensorflow_RLLAB_Results/PolyRL/Walker/] Populated
2017-05-08 20:36:19.976193 EDT | [Tensorflow_RLLAB_Results/PolyRL/Walker/] epoch #0 | Training started
2017-05-08 20:36:21.478923 EDT | [Tensorflow_RLLAB_Results/PolyRL/Walker/] epoch #0 | Populating workers...
2017-05-08 20:36:21.479146 EDT | [Tensorflow_RLLAB_Results/PolyRL/Walker/] epoch #0 | Populated
2017-05-08 21:08:42.383346 EDT | [Tensorflow_RLLAB_Results/PolyRL/Walker/] observation space: Box(17,)
2017-05-08 21:08:42.383592 EDT | [Tensorflow_RLLAB_Results/PolyRL/Walker/] action space: Box(6,)
2017-05-08 21:08:43.553634 EDT | [Tensorflow_RLLAB_Results/PolyRL/Walker/] Populating workers...
2017-05-08 21:08:43.553942 EDT | [Tensorflow_RLLAB_Results/PolyRL/Walker/] Populated
2017-05-08 21:08:47.045830 EDT | [Tensorflow_RLLAB_Results/PolyRL/Walker/] epoch #0 | Training started
2017-05-08 21:08:48.963590 EDT | [Tensorflow_RLLAB_Results/PolyRL/Walker/] epoch #0 | Populating workers...
2017-05-08 21:08:48.964731 EDT | [Tensorflow_RLLAB_Results/PolyRL/Walker/] epoch #0 | Populated
2017-05-08 21:10:57.146994 EDT | [Tensorflow_RLLAB_Results/PolyRL/Walker/] observation space: Box(17,)
2017-05-08 21:10:57.147572 EDT | [Tensorflow_RLLAB_Results/PolyRL/Walker/] action space: Box(6,)
2017-05-08 21:10:58.193400 EDT | [Tensorflow_RLLAB_Results/PolyRL/Walker/] Populating workers...
2017-05-08 21:10:58.193718 EDT | [Tensorflow_RLLAB_Results/PolyRL/Walker/] Populated
2017-05-08 21:11:01.689469 EDT | [Tensorflow_RLLAB_Results/PolyRL/Walker/] epoch #0 | Training started
2017-05-08 21:11:03.724844 EDT | [Tensorflow_RLLAB_Results/PolyRL/Walker/] epoch #0 | Populating workers...
2017-05-08 21:11:03.726979 EDT | [Tensorflow_RLLAB_Results/PolyRL/Walker/] epoch #0 | Populated
2017-05-08 21:12:23.159043 EDT | [Tensorflow_RLLAB_Results/PolyRL/Walker/] observation space: Box(17,)
2017-05-08 21:12:23.159348 EDT | [Tensorflow_RLLAB_Results/PolyRL/Walker/] action space: Box(6,)
2017-05-08 21:14:23.866597 EDT | [Tensorflow_RLLAB_Results/PolyRL/Walker/] observation space: Box(17,)
2017-05-08 21:14:23.866889 EDT | [Tensorflow_RLLAB_Results/PolyRL/Walker/] action space: Box(6,)
2017-05-08 21:14:24.799430 EDT | [Tensorflow_RLLAB_Results/PolyRL/Walker/] Populating workers...
2017-05-08 21:14:24.799734 EDT | [Tensorflow_RLLAB_Results/PolyRL/Walker/] Populated
2017-05-08 21:14:27.952939 EDT | [Tensorflow_RLLAB_Results/PolyRL/Walker/] epoch #0 | Training started
2017-05-08 21:14:29.598622 EDT | [Tensorflow_RLLAB_Results/PolyRL/Walker/] epoch #0 | Populating workers...
2017-05-08 21:14:29.599557 EDT | [Tensorflow_RLLAB_Results/PolyRL/Walker/] epoch #0 | Populated
