2017-05-12 12:46:28.832076 EDT | [Paper_Final_Averaged_PolyRL/PolyRL_DDPG_Complex_Humanoid/LP_20_Experiment_0] Populating workers...
2017-05-12 12:46:28.833035 EDT | [Paper_Final_Averaged_PolyRL/PolyRL_DDPG_Complex_Humanoid/LP_20_Experiment_0] Populated
2017-05-12 12:46:37.489759 EDT | [Paper_Final_Averaged_PolyRL/PolyRL_DDPG_Complex_Humanoid/LP_20_Experiment_0] epoch #0 | Training started
2017-05-12 12:46:37.492403 EDT | [Paper_Final_Averaged_PolyRL/PolyRL_DDPG_Complex_Humanoid/LP_20_Experiment_0] epoch #0 | Populating workers...
2017-05-12 12:46:37.492993 EDT | [Paper_Final_Averaged_PolyRL/PolyRL_DDPG_Complex_Humanoid/LP_20_Experiment_0] epoch #0 | Populated
2017-05-12 12:50:11.959623 EDT | [Paper_Final_Averaged_PolyRL/PolyRL_DDPG_Complex_Humanoid/LP_20_Experiment_0] epoch #0 | Training finished
2017-05-12 12:50:11.971460 EDT | [Paper_Final_Averaged_PolyRL/PolyRL_DDPG_Complex_Humanoid/LP_20_Experiment_0] epoch #1 | Training started
2017-05-12 12:50:11.974970 EDT | [Paper_Final_Averaged_PolyRL/PolyRL_DDPG_Complex_Humanoid/LP_20_Experiment_0] epoch #1 | Populating workers...
2017-05-12 12:50:11.983575 EDT | [Paper_Final_Averaged_PolyRL/PolyRL_DDPG_Complex_Humanoid/LP_20_Experiment_0] epoch #1 | Populated
2017-05-12 12:55:56.576522 EDT | [Paper_Final_Averaged_PolyRL/PolyRL_DDPG_Complex_Humanoid/LP_20_Experiment_0] epoch #1 | Training finished
2017-05-12 12:55:56.577880 EDT | [Paper_Final_Averaged_PolyRL/PolyRL_DDPG_Complex_Humanoid/LP_20_Experiment_0] epoch #2 | Training started
2017-05-12 12:55:56.580267 EDT | [Paper_Final_Averaged_PolyRL/PolyRL_DDPG_Complex_Humanoid/LP_20_Experiment_0] epoch #2 | Populating workers...
2017-05-12 12:55:56.580934 EDT | [Paper_Final_Averaged_PolyRL/PolyRL_DDPG_Complex_Humanoid/LP_20_Experiment_0] epoch #2 | Populated
2017-05-12 13:01:41.896873 EDT | [Paper_Final_Averaged_PolyRL/PolyRL_DDPG_Complex_Humanoid/LP_20_Experiment_0] epoch #2 | Training finished
2017-05-12 13:01:41.898276 EDT | [Paper_Final_Averaged_PolyRL/PolyRL_DDPG_Complex_Humanoid/LP_20_Experiment_0] epoch #3 | Training started
2017-05-12 13:01:41.900107 EDT | [Paper_Final_Averaged_PolyRL/PolyRL_DDPG_Complex_Humanoid/LP_20_Experiment_0] epoch #3 | Populating workers...
2017-05-12 13:01:41.900771 EDT | [Paper_Final_Averaged_PolyRL/PolyRL_DDPG_Complex_Humanoid/LP_20_Experiment_0] epoch #3 | Populated
2017-05-12 13:07:12.824518 EDT | [Paper_Final_Averaged_PolyRL/PolyRL_DDPG_Complex_Humanoid/LP_20_Experiment_0] epoch #3 | Training finished
2017-05-12 13:07:12.825870 EDT | [Paper_Final_Averaged_PolyRL/PolyRL_DDPG_Complex_Humanoid/LP_20_Experiment_0] epoch #4 | Training started
2017-05-12 13:07:12.827969 EDT | [Paper_Final_Averaged_PolyRL/PolyRL_DDPG_Complex_Humanoid/LP_20_Experiment_0] epoch #4 | Populating workers...
2017-05-12 13:07:12.828672 EDT | [Paper_Final_Averaged_PolyRL/PolyRL_DDPG_Complex_Humanoid/LP_20_Experiment_0] epoch #4 | Populated
2017-05-12 13:12:10.959574 EDT | [Paper_Final_Averaged_PolyRL/PolyRL_DDPG_Complex_Humanoid/LP_20_Experiment_0] epoch #4 | Training finished
2017-05-12 13:12:10.965011 EDT | [Paper_Final_Averaged_PolyRL/PolyRL_DDPG_Complex_Humanoid/LP_20_Experiment_0] epoch #5 | Training started
2017-05-12 13:12:10.967358 EDT | [Paper_Final_Averaged_PolyRL/PolyRL_DDPG_Complex_Humanoid/LP_20_Experiment_0] epoch #5 | Populating workers...
2017-05-12 13:12:10.967975 EDT | [Paper_Final_Averaged_PolyRL/PolyRL_DDPG_Complex_Humanoid/LP_20_Experiment_0] epoch #5 | Populated
2017-05-12 13:16:39.412334 EDT | [Paper_Final_Averaged_PolyRL/PolyRL_DDPG_Complex_Humanoid/LP_20_Experiment_0] epoch #5 | Training finished
2017-05-12 13:16:39.413594 EDT | [Paper_Final_Averaged_PolyRL/PolyRL_DDPG_Complex_Humanoid/LP_20_Experiment_0] epoch #6 | Training started
2017-05-12 13:16:39.415463 EDT | [Paper_Final_Averaged_PolyRL/PolyRL_DDPG_Complex_Humanoid/LP_20_Experiment_0] epoch #6 | Populating workers...
2017-05-12 13:16:39.416028 EDT | [Paper_Final_Averaged_PolyRL/PolyRL_DDPG_Complex_Humanoid/LP_20_Experiment_0] epoch #6 | Populated
2017-05-12 13:20:42.211700 EDT | [Paper_Final_Averaged_PolyRL/PolyRL_DDPG_Complex_Humanoid/LP_20_Experiment_0] epoch #6 | Training finished
2017-05-12 13:20:42.213310 EDT | [Paper_Final_Averaged_PolyRL/PolyRL_DDPG_Complex_Humanoid/LP_20_Experiment_0] epoch #7 | Training started
2017-05-12 13:20:42.215132 EDT | [Paper_Final_Averaged_PolyRL/PolyRL_DDPG_Complex_Humanoid/LP_20_Experiment_0] epoch #7 | Populating workers...
2017-05-12 13:20:42.217455 EDT | [Paper_Final_Averaged_PolyRL/PolyRL_DDPG_Complex_Humanoid/LP_20_Experiment_0] epoch #7 | Populated
2017-05-12 13:24:23.761600 EDT | [Paper_Final_Averaged_PolyRL/PolyRL_DDPG_Complex_Humanoid/LP_20_Experiment_0] epoch #7 | Training finished
2017-05-12 13:24:23.762782 EDT | [Paper_Final_Averaged_PolyRL/PolyRL_DDPG_Complex_Humanoid/LP_20_Experiment_0] epoch #8 | Training started
2017-05-12 13:24:23.764697 EDT | [Paper_Final_Averaged_PolyRL/PolyRL_DDPG_Complex_Humanoid/LP_20_Experiment_0] epoch #8 | Populating workers...
2017-05-12 13:24:23.767156 EDT | [Paper_Final_Averaged_PolyRL/PolyRL_DDPG_Complex_Humanoid/LP_20_Experiment_0] epoch #8 | Populated
2017-05-12 13:28:23.019189 EDT | [Paper_Final_Averaged_PolyRL/PolyRL_DDPG_Complex_Humanoid/LP_20_Experiment_0] epoch #8 | Training finished
2017-05-12 13:28:23.020412 EDT | [Paper_Final_Averaged_PolyRL/PolyRL_DDPG_Complex_Humanoid/LP_20_Experiment_0] epoch #9 | Training started
2017-05-12 13:28:23.029104 EDT | [Paper_Final_Averaged_PolyRL/PolyRL_DDPG_Complex_Humanoid/LP_20_Experiment_0] epoch #9 | Populating workers...
2017-05-12 13:28:23.029832 EDT | [Paper_Final_Averaged_PolyRL/PolyRL_DDPG_Complex_Humanoid/LP_20_Experiment_0] epoch #9 | Populated
2017-05-12 13:32:53.045500 EDT | [Paper_Final_Averaged_PolyRL/PolyRL_DDPG_Complex_Humanoid/LP_20_Experiment_0] epoch #9 | Training finished
2017-05-12 13:32:53.046541 EDT | [Paper_Final_Averaged_PolyRL/PolyRL_DDPG_Complex_Humanoid/LP_20_Experiment_0] epoch #9 | Collecting samples for evaluation
2017-05-12 13:33:56.587049 EDT | -----------------------  ------------
2017-05-12 13:33:56.588014 EDT | Epoch                     9
2017-05-12 13:33:56.588378 EDT | AverageReturn            25.5568
2017-05-12 13:33:56.588734 EDT | StdReturn                 6.61975
2017-05-12 13:33:56.589088 EDT | MaxReturn                39.9393
2017-05-12 13:33:56.589438 EDT | MinReturn                 6.56859
2017-05-12 13:33:56.589790 EDT | AverageEsReturn          23.3073
2017-05-12 13:33:56.590143 EDT | StdEsReturn               8.77502
2017-05-12 13:33:56.590492 EDT | MaxEsReturn              41.7838
2017-05-12 13:33:56.590842 EDT | MinEsReturn               0.192229
2017-05-12 13:33:56.591191 EDT | AverageDiscountedReturn  17.2742
2017-05-12 13:33:56.591557 EDT | AverageQLoss              0.00132846
2017-05-12 13:33:56.591908 EDT | AveragePolicySurr        -0.0205106
2017-05-12 13:33:56.592258 EDT | AverageQ                 -0.00835577
2017-05-12 13:33:56.592611 EDT | AverageAbsQ               0.00842728
2017-05-12 13:33:56.592959 EDT | AverageY                  0.0256923
2017-05-12 13:33:56.593311 EDT | AverageAbsY               0.0256923
2017-05-12 13:33:56.593661 EDT | AverageAbsQYDiff          0.0340481
2017-05-12 13:33:56.594012 EDT | AverageAction             0.000342561
2017-05-12 13:33:56.594362 EDT | PolicyRegParamNorm       14.1287
2017-05-12 13:33:56.594714 EDT | QFunRegParamNorm         14.1912
2017-05-12 13:33:56.595063 EDT | AverageForwardProgress    0.0920725
2017-05-12 13:33:56.595427 EDT | MaxForwardProgress        0.210447
2017-05-12 13:33:56.595777 EDT | MinForwardProgress       -0.0604818
2017-05-12 13:33:56.596126 EDT | StdForwardProgress        0.0536215
2017-05-12 13:33:56.597053 EDT | -----------------------  ------------
2017-05-12 13:33:56.598717 EDT | [Paper_Final_Averaged_PolyRL/PolyRL_DDPG_Complex_Humanoid/LP_20_Experiment_0] epoch #10 | Training started
2017-05-12 13:33:56.602401 EDT | [Paper_Final_Averaged_PolyRL/PolyRL_DDPG_Complex_Humanoid/LP_20_Experiment_0] epoch #10 | Populating workers...
2017-05-12 13:33:56.608278 EDT | [Paper_Final_Averaged_PolyRL/PolyRL_DDPG_Complex_Humanoid/LP_20_Experiment_0] epoch #10 | Populated
2017-05-12 13:38:30.286193 EDT | [Paper_Final_Averaged_PolyRL/PolyRL_DDPG_Complex_Humanoid/LP_20_Experiment_0] epoch #10 | Training finished
2017-05-12 13:38:30.288054 EDT | [Paper_Final_Averaged_PolyRL/PolyRL_DDPG_Complex_Humanoid/LP_20_Experiment_0] epoch #10 | Collecting samples for evaluation
2017-05-12 13:39:49.607961 EDT | -----------------------  -------------
2017-05-12 13:39:49.609212 EDT | Epoch                     10
2017-05-12 13:39:49.609819 EDT | AverageReturn              0.911772
2017-05-12 13:39:49.610415 EDT | StdReturn                  5.25634
2017-05-12 13:39:49.610986 EDT | MaxReturn                 16.2892
2017-05-12 13:39:49.611537 EDT | MinReturn                -16.1027
2017-05-12 13:39:49.612036 EDT | AverageEsReturn           16.9524
2017-05-12 13:39:49.612447 EDT | StdEsReturn               17.0793
2017-05-12 13:39:49.612855 EDT | MaxEsReturn               71.6957
2017-05-12 13:39:49.613259 EDT | MinEsReturn               -6.82504
2017-05-12 13:39:49.613662 EDT | AverageDiscountedReturn    1.59363
2017-05-12 13:39:49.614065 EDT | AverageQLoss               0.000112119
2017-05-12 13:39:49.614467 EDT | AveragePolicySurr         -0.0768664
2017-05-12 13:39:49.614869 EDT | AverageQ                   0.0483154
2017-05-12 13:39:49.615267 EDT | AverageAbsQ                0.0486694
2017-05-12 13:39:49.615682 EDT | AverageY                   0.0483708
2017-05-12 13:39:49.616081 EDT | AverageAbsY                0.0488358
2017-05-12 13:39:49.616478 EDT | AverageAbsQYDiff           0.00510925
2017-05-12 13:39:49.616877 EDT | AverageAction              0.965108
2017-05-12 13:39:49.617275 EDT | PolicyRegParamNorm        15.0433
2017-05-12 13:39:49.617673 EDT | QFunRegParamNorm          15.006
2017-05-12 13:39:49.618070 EDT | AverageForwardProgress    -0.0399598
2017-05-12 13:39:49.618468 EDT | MaxForwardProgress         0.0848746
2017-05-12 13:39:49.618866 EDT | MinForwardProgress        -0.176145
2017-05-12 13:39:49.619261 EDT | StdForwardProgress         0.0432085
2017-05-12 13:39:49.619673 EDT | -----------------------  -------------
2017-05-12 13:39:49.620250 EDT | [Paper_Final_Averaged_PolyRL/PolyRL_DDPG_Complex_Humanoid/LP_20_Experiment_0] epoch #11 | Training started
2017-05-12 13:39:49.622054 EDT | [Paper_Final_Averaged_PolyRL/PolyRL_DDPG_Complex_Humanoid/LP_20_Experiment_0] epoch #11 | Populating workers...
2017-05-12 13:39:49.622723 EDT | [Paper_Final_Averaged_PolyRL/PolyRL_DDPG_Complex_Humanoid/LP_20_Experiment_0] epoch #11 | Populated
2017-05-12 13:44:27.053848 EDT | [Paper_Final_Averaged_PolyRL/PolyRL_DDPG_Complex_Humanoid/LP_20_Experiment_0] epoch #11 | Training finished
2017-05-12 13:44:27.055372 EDT | [Paper_Final_Averaged_PolyRL/PolyRL_DDPG_Complex_Humanoid/LP_20_Experiment_0] epoch #11 | Collecting samples for evaluation
2017-05-12 13:45:34.020879 EDT | -----------------------  ------------
2017-05-12 13:45:34.022220 EDT | Epoch                    11
2017-05-12 13:45:34.022801 EDT | AverageReturn             1.75146
2017-05-12 13:45:34.023385 EDT | StdReturn                 3.96551
2017-05-12 13:45:34.023953 EDT | MaxReturn                14.978
2017-05-12 13:45:34.024515 EDT | MinReturn                -8.07488
2017-05-12 13:45:34.025078 EDT | AverageEsReturn           5.43239
2017-05-12 13:45:34.025642 EDT | StdEsReturn               6.07213
2017-05-12 13:45:34.026200 EDT | MaxEsReturn              19.8717
2017-05-12 13:45:34.026761 EDT | MinEsReturn              -6.83744
2017-05-12 13:45:34.027321 EDT | AverageDiscountedReturn   2.1153
2017-05-12 13:45:34.027894 EDT | AverageQLoss              0.000120751
2017-05-12 13:45:34.028456 EDT | AveragePolicySurr        -0.124153
2017-05-12 13:45:34.029015 EDT | AverageQ                  0.0983418
2017-05-12 13:45:34.029573 EDT | AverageAbsQ               0.0985831
2017-05-12 13:45:34.030135 EDT | AverageY                  0.0984206
2017-05-12 13:45:34.030693 EDT | AverageAbsY               0.0987247
2017-05-12 13:45:34.031251 EDT | AverageAbsQYDiff          0.00583198
2017-05-12 13:45:34.032414 EDT | AverageAction             0.91091
2017-05-12 13:45:34.047621 EDT | PolicyRegParamNorm       15.586
2017-05-12 13:45:34.048360 EDT | QFunRegParamNorm         15.7886
2017-05-12 13:45:34.048937 EDT | AverageForwardProgress   -0.0397642
2017-05-12 13:45:34.049511 EDT | MaxForwardProgress        0.0599744
2017-05-12 13:45:34.050076 EDT | MinForwardProgress       -0.115643
2017-05-12 13:45:34.050644 EDT | StdForwardProgress        0.0312292
2017-05-12 13:45:34.051205 EDT | -----------------------  ------------
2017-05-12 13:45:34.052055 EDT | [Paper_Final_Averaged_PolyRL/PolyRL_DDPG_Complex_Humanoid/LP_20_Experiment_0] epoch #12 | Training started
2017-05-12 13:45:34.054354 EDT | [Paper_Final_Averaged_PolyRL/PolyRL_DDPG_Complex_Humanoid/LP_20_Experiment_0] epoch #12 | Populating workers...
2017-05-12 13:45:34.055152 EDT | [Paper_Final_Averaged_PolyRL/PolyRL_DDPG_Complex_Humanoid/LP_20_Experiment_0] epoch #12 | Populated
2017-05-12 13:50:16.946706 EDT | [Paper_Final_Averaged_PolyRL/PolyRL_DDPG_Complex_Humanoid/LP_20_Experiment_0] epoch #12 | Training finished
2017-05-12 13:50:16.947755 EDT | [Paper_Final_Averaged_PolyRL/PolyRL_DDPG_Complex_Humanoid/LP_20_Experiment_0] epoch #12 | Collecting samples for evaluation
2017-05-12 13:51:31.599952 EDT | -----------------------  ------------
2017-05-12 13:51:31.600988 EDT | Epoch                    12
2017-05-12 13:51:31.601431 EDT | AverageReturn            19.1139
2017-05-12 13:51:31.601856 EDT | StdReturn                 7.27732
2017-05-12 13:51:31.602281 EDT | MaxReturn                41.8043
2017-05-12 13:51:31.602703 EDT | MinReturn                 4.43955
2017-05-12 13:51:31.603125 EDT | AverageEsReturn          18.4168
2017-05-12 13:51:31.603561 EDT | StdEsReturn              20.7032
2017-05-12 13:51:31.603980 EDT | MaxEsReturn              75.4024
2017-05-12 13:51:31.604400 EDT | MinEsReturn              -6.60658
2017-05-12 13:51:31.604816 EDT | AverageDiscountedReturn  14.095
2017-05-12 13:51:31.605231 EDT | AverageQLoss              0.000227619
2017-05-12 13:51:31.605650 EDT | AveragePolicySurr        -0.179855
2017-05-12 13:51:31.606063 EDT | AverageQ                  0.148571
2017-05-12 13:51:31.606479 EDT | AverageAbsQ               0.148997
2017-05-12 13:51:31.606892 EDT | AverageY                  0.148637
2017-05-12 13:51:31.607307 EDT | AverageAbsY               0.149127
2017-05-12 13:51:31.607732 EDT | AverageAbsQYDiff          0.00793522
2017-05-12 13:51:31.608149 EDT | AverageAction             0.991462
2017-05-12 13:51:31.608566 EDT | PolicyRegParamNorm       16.2217
2017-05-12 13:51:31.608980 EDT | QFunRegParamNorm         16.7233
2017-05-12 13:51:31.609393 EDT | AverageForwardProgress    0.0768186
2017-05-12 13:51:31.609810 EDT | MaxForwardProgress        0.232921
2017-05-12 13:51:31.610221 EDT | MinForwardProgress       -0.0341001
2017-05-12 13:51:31.610636 EDT | StdForwardProgress        0.0534808
2017-05-12 13:51:31.611049 EDT | -----------------------  ------------
2017-05-12 13:51:31.611690 EDT | [Paper_Final_Averaged_PolyRL/PolyRL_DDPG_Complex_Humanoid/LP_20_Experiment_0] epoch #13 | Training started
2017-05-12 13:51:31.613554 EDT | [Paper_Final_Averaged_PolyRL/PolyRL_DDPG_Complex_Humanoid/LP_20_Experiment_0] epoch #13 | Populating workers...
2017-05-12 13:51:31.614144 EDT | [Paper_Final_Averaged_PolyRL/PolyRL_DDPG_Complex_Humanoid/LP_20_Experiment_0] epoch #13 | Populated
2017-05-12 13:55:53.522645 EDT | [Paper_Final_Averaged_PolyRL/PolyRL_DDPG_Complex_Humanoid/LP_20_Experiment_0] epoch #13 | Training finished
2017-05-12 13:55:53.523809 EDT | [Paper_Final_Averaged_PolyRL/PolyRL_DDPG_Complex_Humanoid/LP_20_Experiment_0] epoch #13 | Collecting samples for evaluation
2017-05-12 13:56:48.937913 EDT | -----------------------  ------------
2017-05-12 13:56:48.948825 EDT | Epoch                    13
2017-05-12 13:56:48.949375 EDT | AverageReturn            15.1473
2017-05-12 13:56:48.949847 EDT | StdReturn                 5.73961
2017-05-12 13:56:48.950313 EDT | MaxReturn                30.2038
2017-05-12 13:56:48.950776 EDT | MinReturn                -0.63705
2017-05-12 13:56:48.951243 EDT | AverageEsReturn          17.0009
2017-05-12 13:56:48.951764 EDT | StdEsReturn               6.89229
2017-05-12 13:56:48.952277 EDT | MaxEsReturn              27.1302
2017-05-12 13:56:48.952802 EDT | MinEsReturn               3.3146
2017-05-12 13:56:48.953344 EDT | AverageDiscountedReturn  11.4214
2017-05-12 13:56:48.953889 EDT | AverageQLoss              0.000393753
2017-05-12 13:56:48.954432 EDT | AveragePolicySurr        -0.223594
2017-05-12 13:56:48.954971 EDT | AverageQ                  0.199095
2017-05-12 13:56:48.955515 EDT | AverageAbsQ               0.199798
2017-05-12 13:56:48.956042 EDT | AverageY                  0.19916
2017-05-12 13:56:48.956533 EDT | AverageAbsY               0.199908
2017-05-12 13:56:48.956988 EDT | AverageAbsQYDiff          0.0103052
2017-05-12 13:56:48.957477 EDT | AverageAction             0.994038
2017-05-12 13:56:48.958213 EDT | PolicyRegParamNorm       16.4338
2017-05-12 13:56:48.958689 EDT | QFunRegParamNorm         17.6499
2017-05-12 13:56:48.959143 EDT | AverageForwardProgress    0.0499112
2017-05-12 13:56:48.959610 EDT | MaxForwardProgress        0.161393
2017-05-12 13:56:48.960062 EDT | MinForwardProgress       -0.0669438
2017-05-12 13:56:48.960515 EDT | StdForwardProgress        0.0427776
2017-05-12 13:56:48.960991 EDT | -----------------------  ------------
2017-05-12 13:56:48.961715 EDT | [Paper_Final_Averaged_PolyRL/PolyRL_DDPG_Complex_Humanoid/LP_20_Experiment_0] epoch #14 | Training started
2017-05-12 13:56:48.964061 EDT | [Paper_Final_Averaged_PolyRL/PolyRL_DDPG_Complex_Humanoid/LP_20_Experiment_0] epoch #14 | Populating workers...
2017-05-12 13:56:48.964766 EDT | [Paper_Final_Averaged_PolyRL/PolyRL_DDPG_Complex_Humanoid/LP_20_Experiment_0] epoch #14 | Populated
2017-05-12 14:00:51.082252 EDT | [Paper_Final_Averaged_PolyRL/PolyRL_DDPG_Complex_Humanoid/LP_20_Experiment_0] epoch #14 | Training finished
2017-05-12 14:00:51.085798 EDT | [Paper_Final_Averaged_PolyRL/PolyRL_DDPG_Complex_Humanoid/LP_20_Experiment_0] epoch #14 | Collecting samples for evaluation
2017-05-12 14:02:06.038305 EDT | -----------------------  ------------
2017-05-12 14:02:06.055428 EDT | Epoch                    14
2017-05-12 14:02:06.055995 EDT | AverageReturn            40.9126
2017-05-12 14:02:06.056493 EDT | StdReturn                16.5564
2017-05-12 14:02:06.056986 EDT | MaxReturn                81.6601
2017-05-12 14:02:06.063418 EDT | MinReturn                10.5427
2017-05-12 14:02:06.063936 EDT | AverageEsReturn          17.1734
2017-05-12 14:02:06.064428 EDT | StdEsReturn               5.95326
2017-05-12 14:02:06.071416 EDT | MaxEsReturn              27.1936
2017-05-12 14:02:06.071932 EDT | MinEsReturn               6.01963
2017-05-12 14:02:06.072426 EDT | AverageDiscountedReturn  28.1673
2017-05-12 14:02:06.072913 EDT | AverageQLoss              0.000548843
2017-05-12 14:02:06.079433 EDT | AveragePolicySurr        -0.264898
2017-05-12 14:02:06.079964 EDT | AverageQ                  0.242808
2017-05-12 14:02:06.080468 EDT | AverageAbsQ               0.243689
2017-05-12 14:02:06.080959 EDT | AverageY                  0.242879
2017-05-12 14:02:06.087426 EDT | AverageAbsY               0.243801
2017-05-12 14:02:06.087955 EDT | AverageAbsQYDiff          0.011778
2017-05-12 14:02:06.088450 EDT | AverageAction             0.956259
2017-05-12 14:02:06.095426 EDT | PolicyRegParamNorm       16.5239
2017-05-12 14:02:06.095962 EDT | QFunRegParamNorm         18.5272
2017-05-12 14:02:06.096465 EDT | AverageForwardProgress    0.228967
2017-05-12 14:02:06.103513 EDT | MaxForwardProgress        0.506548
2017-05-12 14:02:06.104116 EDT | MinForwardProgress        0.00617072
2017-05-12 14:02:06.104621 EDT | StdForwardProgress        0.116767
2017-05-12 14:02:06.111499 EDT | -----------------------  ------------
2017-05-12 14:02:06.112340 EDT | [Paper_Final_Averaged_PolyRL/PolyRL_DDPG_Complex_Humanoid/LP_20_Experiment_0] epoch #15 | Training started
2017-05-12 14:02:06.114359 EDT | [Paper_Final_Averaged_PolyRL/PolyRL_DDPG_Complex_Humanoid/LP_20_Experiment_0] epoch #15 | Populating workers...
2017-05-12 14:02:06.115496 EDT | [Paper_Final_Averaged_PolyRL/PolyRL_DDPG_Complex_Humanoid/LP_20_Experiment_0] epoch #15 | Populated
2017-05-12 14:06:26.215508 EDT | [Paper_Final_Averaged_PolyRL/PolyRL_DDPG_Complex_Humanoid/LP_20_Experiment_0] epoch #15 | Training finished
2017-05-12 14:06:26.216669 EDT | [Paper_Final_Averaged_PolyRL/PolyRL_DDPG_Complex_Humanoid/LP_20_Experiment_0] epoch #15 | Collecting samples for evaluation
2017-05-12 14:07:33.809647 EDT | -----------------------  ------------
2017-05-12 14:07:33.819451 EDT | Epoch                    15
2017-05-12 14:07:33.819917 EDT | AverageReturn            24.3107
2017-05-12 14:07:33.820270 EDT | StdReturn                 6.37129
2017-05-12 14:07:33.820617 EDT | MaxReturn                38.8865
2017-05-12 14:07:33.820958 EDT | MinReturn                 5.66402
2017-05-12 14:07:33.821297 EDT | AverageEsReturn          29.6034
2017-05-12 14:07:33.821635 EDT | StdEsReturn              13.9837
2017-05-12 14:07:33.821972 EDT | MaxEsReturn              63.9355
2017-05-12 14:07:33.822309 EDT | MinEsReturn               6.09326
2017-05-12 14:07:33.822644 EDT | AverageDiscountedReturn  18.2937
2017-05-12 14:07:33.822980 EDT | AverageQLoss              0.000853963
2017-05-12 14:07:33.823318 EDT | AveragePolicySurr        -0.319955
2017-05-12 14:07:33.835869 EDT | AverageQ                  0.289898
2017-05-12 14:07:33.836224 EDT | AverageAbsQ               0.290769
2017-05-12 14:07:33.836568 EDT | AverageY                  0.289989
2017-05-12 14:07:33.836906 EDT | AverageAbsY               0.29089
2017-05-12 14:07:33.837247 EDT | AverageAbsQYDiff          0.0146728
2017-05-12 14:07:33.837584 EDT | AverageAction             0.992634
2017-05-12 14:07:33.837920 EDT | PolicyRegParamNorm       16.9457
2017-05-12 14:07:33.838257 EDT | QFunRegParamNorm         19.4739
2017-05-12 14:07:33.838595 EDT | AverageForwardProgress    0.102049
2017-05-12 14:07:33.838929 EDT | MaxForwardProgress        0.215258
2017-05-12 14:07:33.839265 EDT | MinForwardProgress       -0.0495568
2017-05-12 14:07:33.847829 EDT | StdForwardProgress        0.049512
2017-05-12 14:07:33.848186 EDT | -----------------------  ------------
2017-05-12 14:07:33.848741 EDT | [Paper_Final_Averaged_PolyRL/PolyRL_DDPG_Complex_Humanoid/LP_20_Experiment_0] epoch #16 | Training started
2017-05-12 14:07:33.850463 EDT | [Paper_Final_Averaged_PolyRL/PolyRL_DDPG_Complex_Humanoid/LP_20_Experiment_0] epoch #16 | Populating workers...
2017-05-12 14:07:33.850887 EDT | [Paper_Final_Averaged_PolyRL/PolyRL_DDPG_Complex_Humanoid/LP_20_Experiment_0] epoch #16 | Populated
2017-05-12 14:11:37.068464 EDT | [Paper_Final_Averaged_PolyRL/PolyRL_DDPG_Complex_Humanoid/LP_20_Experiment_0] epoch #16 | Training finished
2017-05-12 14:11:37.069733 EDT | [Paper_Final_Averaged_PolyRL/PolyRL_DDPG_Complex_Humanoid/LP_20_Experiment_0] epoch #16 | Collecting samples for evaluation
2017-05-12 14:12:40.670805 EDT | -----------------------  ------------
2017-05-12 14:12:40.671984 EDT | Epoch                    16
2017-05-12 14:12:40.672477 EDT | AverageReturn            38.966
2017-05-12 14:12:40.672953 EDT | StdReturn                12.2712
2017-05-12 14:12:40.673432 EDT | MaxReturn                72.1847
2017-05-12 14:12:40.673901 EDT | MinReturn                13.2372
2017-05-12 14:12:40.674373 EDT | AverageEsReturn          23.7074
2017-05-12 14:12:40.674845 EDT | StdEsReturn               5.77475
2017-05-12 14:12:40.675318 EDT | MaxEsReturn              37.6716
2017-05-12 14:12:40.675801 EDT | MinEsReturn              10.3257
2017-05-12 14:12:40.676273 EDT | AverageDiscountedReturn  26.3932
2017-05-12 14:12:40.676744 EDT | AverageQLoss              0.000957744
2017-05-12 14:12:40.677212 EDT | AveragePolicySurr        -0.372182
2017-05-12 14:12:40.677679 EDT | AverageQ                  0.344145
2017-05-12 14:12:40.678143 EDT | AverageAbsQ               0.344901
2017-05-12 14:12:40.678608 EDT | AverageY                  0.344294
2017-05-12 14:12:40.679072 EDT | AverageAbsY               0.345052
2017-05-12 14:12:40.679551 EDT | AverageAbsQYDiff          0.0159087
2017-05-12 14:12:40.680022 EDT | AverageAction             0.982343
2017-05-12 14:12:40.680492 EDT | PolicyRegParamNorm       17.2616
2017-05-12 14:12:40.680967 EDT | QFunRegParamNorm         20.2973
2017-05-12 14:12:40.681435 EDT | AverageForwardProgress    0.21282
2017-05-12 14:12:40.681901 EDT | MaxForwardProgress        0.441505
2017-05-12 14:12:40.682368 EDT | MinForwardProgress        0.0250786
2017-05-12 14:12:40.682833 EDT | StdForwardProgress        0.0871552
2017-05-12 14:12:40.683300 EDT | -----------------------  ------------
2017-05-12 14:12:40.684044 EDT | [Paper_Final_Averaged_PolyRL/PolyRL_DDPG_Complex_Humanoid/LP_20_Experiment_0] epoch #17 | Training started
2017-05-12 14:12:40.686394 EDT | [Paper_Final_Averaged_PolyRL/PolyRL_DDPG_Complex_Humanoid/LP_20_Experiment_0] epoch #17 | Populating workers...
2017-05-12 14:12:40.686977 EDT | [Paper_Final_Averaged_PolyRL/PolyRL_DDPG_Complex_Humanoid/LP_20_Experiment_0] epoch #17 | Populated
2017-05-12 14:16:54.679949 EDT | [Paper_Final_Averaged_PolyRL/PolyRL_DDPG_Complex_Humanoid/LP_20_Experiment_0] epoch #17 | Training finished
2017-05-12 14:16:54.681256 EDT | [Paper_Final_Averaged_PolyRL/PolyRL_DDPG_Complex_Humanoid/LP_20_Experiment_0] epoch #17 | Collecting samples for evaluation
2017-05-12 14:18:05.713298 EDT | -----------------------  -----------
2017-05-12 14:18:05.714321 EDT | Epoch                    17
2017-05-12 14:18:05.714677 EDT | AverageReturn            43.4164
2017-05-12 14:18:05.715021 EDT | StdReturn                12.9129
2017-05-12 14:18:05.715369 EDT | MaxReturn                80.378
2017-05-12 14:18:05.715709 EDT | MinReturn                19.8265
2017-05-12 14:18:05.716048 EDT | AverageEsReturn          47.6483
2017-05-12 14:18:05.716385 EDT | StdEsReturn              24.1884
2017-05-12 14:18:05.716722 EDT | MaxEsReturn              85.392
2017-05-12 14:18:05.717059 EDT | MinEsReturn               9.38613
2017-05-12 14:18:05.717397 EDT | AverageDiscountedReturn  28.4052
2017-05-12 14:18:05.717734 EDT | AverageQLoss              0.00123539
2017-05-12 14:18:05.718071 EDT | AveragePolicySurr        -0.417893
2017-05-12 14:18:05.718405 EDT | AverageQ                  0.395333
2017-05-12 14:18:05.718741 EDT | AverageAbsQ               0.395814
2017-05-12 14:18:05.719076 EDT | AverageY                  0.395436
2017-05-12 14:18:05.719423 EDT | AverageAbsY               0.395906
2017-05-12 14:18:05.719762 EDT | AverageAbsQYDiff          0.0186222
2017-05-12 14:18:05.720098 EDT | AverageAction             0.989461
2017-05-12 14:18:05.720434 EDT | PolicyRegParamNorm       17.691
2017-05-12 14:18:05.720769 EDT | QFunRegParamNorm         21.1573
2017-05-12 14:18:05.721106 EDT | AverageForwardProgress    0.22642
2017-05-12 14:18:05.721443 EDT | MaxForwardProgress        0.453898
2017-05-12 14:18:05.730678 EDT | MinForwardProgress        0.0591599
2017-05-12 14:18:05.731032 EDT | StdForwardProgress        0.0882479
2017-05-12 14:18:05.731385 EDT | -----------------------  -----------
2017-05-12 14:18:05.731925 EDT | [Paper_Final_Averaged_PolyRL/PolyRL_DDPG_Complex_Humanoid/LP_20_Experiment_0] epoch #18 | Training started
2017-05-12 14:18:05.733859 EDT | [Paper_Final_Averaged_PolyRL/PolyRL_DDPG_Complex_Humanoid/LP_20_Experiment_0] epoch #18 | Populating workers...
2017-05-12 14:18:05.734256 EDT | [Paper_Final_Averaged_PolyRL/PolyRL_DDPG_Complex_Humanoid/LP_20_Experiment_0] epoch #18 | Populated
2017-05-12 14:21:38.909253 EDT | [Paper_Final_Averaged_PolyRL/PolyRL_DDPG_Complex_Humanoid/LP_20_Experiment_0] epoch #18 | Training finished
2017-05-12 14:21:38.910453 EDT | [Paper_Final_Averaged_PolyRL/PolyRL_DDPG_Complex_Humanoid/LP_20_Experiment_0] epoch #18 | Collecting samples for evaluation
2017-05-12 14:22:44.450657 EDT | -----------------------  -----------
2017-05-12 14:22:44.451637 EDT | Epoch                    18
2017-05-12 14:22:44.452004 EDT | AverageReturn            55.8453
2017-05-12 14:22:44.452357 EDT | StdReturn                13.1239
2017-05-12 14:22:44.452709 EDT | MaxReturn                88.1169
2017-05-12 14:22:44.453058 EDT | MinReturn                28.3615
2017-05-12 14:22:44.453406 EDT | AverageEsReturn          56.2501
2017-05-12 14:22:44.453759 EDT | StdEsReturn              19.4965
2017-05-12 14:22:44.454105 EDT | MaxEsReturn              83.8942
2017-05-12 14:22:44.454449 EDT | MinEsReturn              31.8017
2017-05-12 14:22:44.454794 EDT | AverageDiscountedReturn  33.9127
2017-05-12 14:22:44.455138 EDT | AverageQLoss              0.00149905
2017-05-12 14:22:44.455503 EDT | AveragePolicySurr        -0.471477
2017-05-12 14:22:44.455847 EDT | AverageQ                  0.447687
2017-05-12 14:22:44.456192 EDT | AverageAbsQ               0.447929
2017-05-12 14:22:44.456535 EDT | AverageY                  0.44789
2017-05-12 14:22:44.456881 EDT | AverageAbsY               0.448129
2017-05-12 14:22:44.457225 EDT | AverageAbsQYDiff          0.019952
2017-05-12 14:22:44.457567 EDT | AverageAction             0.989147
2017-05-12 14:22:44.457910 EDT | PolicyRegParamNorm       17.9197
2017-05-12 14:22:44.458254 EDT | QFunRegParamNorm         21.9453
2017-05-12 14:22:44.458597 EDT | AverageForwardProgress    0.306043
2017-05-12 14:22:44.458942 EDT | MaxForwardProgress        0.562516
2017-05-12 14:22:44.459286 EDT | MinForwardProgress        0.0953223
2017-05-12 14:22:44.459641 EDT | StdForwardProgress        0.0950134
2017-05-12 14:22:44.459986 EDT | -----------------------  -----------
2017-05-12 14:22:44.460520 EDT | [Paper_Final_Averaged_PolyRL/PolyRL_DDPG_Complex_Humanoid/LP_20_Experiment_0] epoch #19 | Training started
2017-05-12 14:22:44.462269 EDT | [Paper_Final_Averaged_PolyRL/PolyRL_DDPG_Complex_Humanoid/LP_20_Experiment_0] epoch #19 | Populating workers...
2017-05-12 14:22:44.462677 EDT | [Paper_Final_Averaged_PolyRL/PolyRL_DDPG_Complex_Humanoid/LP_20_Experiment_0] epoch #19 | Populated
2017-05-12 14:27:33.151619 EDT | [Paper_Final_Averaged_PolyRL/PolyRL_DDPG_Complex_Humanoid/LP_20_Experiment_0] epoch #19 | Training finished
2017-05-12 14:27:33.171609 EDT | [Paper_Final_Averaged_PolyRL/PolyRL_DDPG_Complex_Humanoid/LP_20_Experiment_0] epoch #19 | Collecting samples for evaluation
2017-05-12 14:28:37.605795 EDT | -----------------------  -----------
2017-05-12 14:28:37.606491 EDT | Epoch                    19
2017-05-12 14:28:37.606982 EDT | AverageReturn            52.3102
2017-05-12 14:28:37.607469 EDT | StdReturn                12.0159
2017-05-12 14:28:37.607941 EDT | MaxReturn                78.6229
2017-05-12 14:28:37.608414 EDT | MinReturn                22.7715
2017-05-12 14:28:37.608885 EDT | AverageEsReturn          49.3284
2017-05-12 14:28:37.609356 EDT | StdEsReturn              11.9717
2017-05-12 14:28:37.609825 EDT | MaxEsReturn              61.7019
2017-05-12 14:28:37.610296 EDT | MinEsReturn              15.5517
2017-05-12 14:28:37.610764 EDT | AverageDiscountedReturn  32.647
2017-05-12 14:28:37.611228 EDT | AverageQLoss              0.00165037
2017-05-12 14:28:37.611740 EDT | AveragePolicySurr        -0.50964
2017-05-12 14:28:37.612209 EDT | AverageQ                  0.497024
2017-05-12 14:28:37.612679 EDT | AverageAbsQ               0.497202
2017-05-12 14:28:37.613139 EDT | AverageY                  0.497192
2017-05-12 14:28:37.613610 EDT | AverageAbsY               0.497371
2017-05-12 14:28:37.614079 EDT | AverageAbsQYDiff          0.021092
2017-05-12 14:28:37.614549 EDT | AverageAction             0.987929
2017-05-12 14:28:37.615018 EDT | PolicyRegParamNorm       18.2538
2017-05-12 14:28:37.615498 EDT | QFunRegParamNorm         22.6825
2017-05-12 14:28:37.615970 EDT | AverageForwardProgress    0.286958
2017-05-12 14:28:37.616432 EDT | MaxForwardProgress        0.476448
2017-05-12 14:28:37.616899 EDT | MinForwardProgress        0.0718728
2017-05-12 14:28:37.617362 EDT | StdForwardProgress        0.0893318
2017-05-12 14:28:37.617832 EDT | -----------------------  -----------
2017-05-12 14:28:37.618511 EDT | [Paper_Final_Averaged_PolyRL/PolyRL_DDPG_Complex_Humanoid/LP_20_Experiment_0] epoch #20 | Training started
2017-05-12 14:28:37.620512 EDT | [Paper_Final_Averaged_PolyRL/PolyRL_DDPG_Complex_Humanoid/LP_20_Experiment_0] epoch #20 | Populating workers...
2017-05-12 14:28:37.621087 EDT | [Paper_Final_Averaged_PolyRL/PolyRL_DDPG_Complex_Humanoid/LP_20_Experiment_0] epoch #20 | Populated
2017-05-12 14:33:23.413642 EDT | [Paper_Final_Averaged_PolyRL/PolyRL_DDPG_Complex_Humanoid/LP_20_Experiment_0] epoch #20 | Training finished
2017-05-12 14:33:23.423828 EDT | [Paper_Final_Averaged_PolyRL/PolyRL_DDPG_Complex_Humanoid/LP_20_Experiment_0] epoch #20 | Collecting samples for evaluation
2017-05-12 14:34:24.300672 EDT | -----------------------  ------------
2017-05-12 14:34:24.301814 EDT | Epoch                     20
2017-05-12 14:34:24.302302 EDT | AverageReturn            -24.4305
2017-05-12 14:34:24.302779 EDT | StdReturn                  7.02043
2017-05-12 14:34:24.303249 EDT | MaxReturn                 -0.883243
2017-05-12 14:34:24.303748 EDT | MinReturn                -42.7745
2017-05-12 14:34:24.304213 EDT | AverageEsReturn           33.5708
2017-05-12 14:34:24.304676 EDT | StdEsReturn               26.3569
2017-05-12 14:34:24.305138 EDT | MaxEsReturn               71.0983
2017-05-12 14:34:24.305601 EDT | MinEsReturn               -9.18782
2017-05-12 14:34:24.306063 EDT | AverageDiscountedReturn  -15.5152
2017-05-12 14:34:24.306522 EDT | AverageQLoss               0.00167648
2017-05-12 14:34:24.306984 EDT | AveragePolicySurr         -0.589733
2017-05-12 14:34:24.307460 EDT | AverageQ                   0.543673
2017-05-12 14:34:24.307922 EDT | AverageAbsQ                0.543824
2017-05-12 14:34:24.308390 EDT | AverageY                   0.543881
2017-05-12 14:34:24.308853 EDT | AverageAbsY                0.544035
2017-05-12 14:34:24.309316 EDT | AverageAbsQYDiff           0.0223611
2017-05-12 14:34:24.309783 EDT | AverageAction              0.973857
2017-05-12 14:34:24.310249 EDT | PolicyRegParamNorm        18.5133
2017-05-12 14:34:24.310709 EDT | QFunRegParamNorm          23.4944
2017-05-12 14:34:24.311173 EDT | AverageForwardProgress    -0.272532
2017-05-12 14:34:24.311652 EDT | MaxForwardProgress        -0.0731488
2017-05-12 14:34:24.312113 EDT | MinForwardProgress        -0.428793
2017-05-12 14:34:24.312573 EDT | StdForwardProgress         0.0604605
2017-05-12 14:34:24.313035 EDT | -----------------------  ------------
2017-05-12 14:34:24.313734 EDT | [Paper_Final_Averaged_PolyRL/PolyRL_DDPG_Complex_Humanoid/LP_20_Experiment_0] epoch #21 | Training started
2017-05-12 14:34:24.316037 EDT | [Paper_Final_Averaged_PolyRL/PolyRL_DDPG_Complex_Humanoid/LP_20_Experiment_0] epoch #21 | Populating workers...
2017-05-12 14:34:24.316609 EDT | [Paper_Final_Averaged_PolyRL/PolyRL_DDPG_Complex_Humanoid/LP_20_Experiment_0] epoch #21 | Populated
2017-05-12 14:38:34.023128 EDT | [Paper_Final_Averaged_PolyRL/PolyRL_DDPG_Complex_Humanoid/LP_20_Experiment_0] epoch #21 | Training finished
2017-05-12 14:38:34.024329 EDT | [Paper_Final_Averaged_PolyRL/PolyRL_DDPG_Complex_Humanoid/LP_20_Experiment_0] epoch #21 | Collecting samples for evaluation
2017-05-12 14:39:34.965549 EDT | -----------------------  ------------
2017-05-12 14:39:34.971438 EDT | Epoch                     21
2017-05-12 14:39:34.971853 EDT | AverageReturn             67.579
2017-05-12 14:39:34.972186 EDT | StdReturn                 13.9297
2017-05-12 14:39:34.972513 EDT | MaxReturn                 98.7101
2017-05-12 14:39:34.972838 EDT | MinReturn                 24.4438
2017-05-12 14:39:34.973161 EDT | AverageEsReturn            1.75973
2017-05-12 14:39:34.973483 EDT | StdEsReturn               42.7933
2017-05-12 14:39:34.973805 EDT | MaxEsReturn               85.8483
2017-05-12 14:39:34.974128 EDT | MinEsReturn              -69.5434
2017-05-12 14:39:34.974451 EDT | AverageDiscountedReturn   34.6438
2017-05-12 14:39:34.974776 EDT | AverageQLoss               0.00235549
2017-05-12 14:39:34.975100 EDT | AveragePolicySurr         -0.674576
2017-05-12 14:39:34.975437 EDT | AverageQ                   0.614183
2017-05-12 14:39:34.975762 EDT | AverageAbsQ                0.614583
2017-05-12 14:39:34.976085 EDT | AverageY                   0.614345
2017-05-12 14:39:34.976408 EDT | AverageAbsY                0.614817
2017-05-12 14:39:34.976732 EDT | AverageAbsQYDiff           0.0268047
2017-05-12 14:39:34.977062 EDT | AverageAction              0.992895
2017-05-12 14:39:34.977386 EDT | PolicyRegParamNorm        18.8236
2017-05-12 14:39:34.977709 EDT | QFunRegParamNorm          24.3034
2017-05-12 14:39:34.978033 EDT | AverageForwardProgress     0.37118
2017-05-12 14:39:34.978354 EDT | MaxForwardProgress         0.560634
2017-05-12 14:39:34.978677 EDT | MinForwardProgress         0.0431096
2017-05-12 14:39:34.978999 EDT | StdForwardProgress         0.098377
2017-05-12 14:39:34.979324 EDT | -----------------------  ------------
2017-05-12 14:39:34.983926 EDT | [Paper_Final_Averaged_PolyRL/PolyRL_DDPG_Complex_Humanoid/LP_20_Experiment_0] epoch #22 | Training started
2017-05-12 14:39:34.986660 EDT | [Paper_Final_Averaged_PolyRL/PolyRL_DDPG_Complex_Humanoid/LP_20_Experiment_0] epoch #22 | Populating workers...
2017-05-12 14:39:34.987084 EDT | [Paper_Final_Averaged_PolyRL/PolyRL_DDPG_Complex_Humanoid/LP_20_Experiment_0] epoch #22 | Populated
2017-05-12 14:44:12.403555 EDT | [Paper_Final_Averaged_PolyRL/PolyRL_DDPG_Complex_Humanoid/LP_20_Experiment_0] epoch #22 | Training finished
2017-05-12 14:44:12.411546 EDT | [Paper_Final_Averaged_PolyRL/PolyRL_DDPG_Complex_Humanoid/LP_20_Experiment_0] epoch #22 | Collecting samples for evaluation
2017-05-12 14:45:04.461921 EDT | -----------------------  -----------
2017-05-12 14:45:04.467503 EDT | Epoch                    22
2017-05-12 14:45:04.468150 EDT | AverageReturn            46.0366
2017-05-12 14:45:04.468624 EDT | StdReturn                12.1799
2017-05-12 14:45:04.469084 EDT | MaxReturn                84.7482
2017-05-12 14:45:04.469542 EDT | MinReturn                20.7615
2017-05-12 14:45:04.469999 EDT | AverageEsReturn          51.6364
2017-05-12 14:45:04.470455 EDT | StdEsReturn              13.263
2017-05-12 14:45:04.470911 EDT | MaxEsReturn              73.8319
2017-05-12 14:45:04.475456 EDT | MinEsReturn              21.4552
2017-05-12 14:45:04.476110 EDT | AverageDiscountedReturn  29.5772
2017-05-12 14:45:04.476643 EDT | AverageQLoss              0.00281601
2017-05-12 14:45:04.477174 EDT | AveragePolicySurr        -0.729798
2017-05-12 14:45:04.477698 EDT | AverageQ                  0.690872
2017-05-12 14:45:04.478250 EDT | AverageAbsQ               0.691444
2017-05-12 14:45:04.478772 EDT | AverageY                  0.691027
2017-05-12 14:45:04.479291 EDT | AverageAbsY               0.691601
2017-05-12 14:45:04.479824 EDT | AverageAbsQYDiff          0.0289708
2017-05-12 14:45:04.480346 EDT | AverageAction             0.98205
2017-05-12 14:45:04.480866 EDT | PolicyRegParamNorm       19.0304
2017-05-12 14:45:04.481388 EDT | QFunRegParamNorm         25.02
2017-05-12 14:45:04.482018 EDT | AverageForwardProgress    0.250509
2017-05-12 14:45:04.482542 EDT | MaxForwardProgress        0.501975
2017-05-12 14:45:04.483071 EDT | MinForwardProgress        0.0811102
2017-05-12 14:45:04.483605 EDT | StdForwardProgress        0.0825156
2017-05-12 14:45:04.484156 EDT | -----------------------  -----------
2017-05-12 14:45:04.484966 EDT | [Paper_Final_Averaged_PolyRL/PolyRL_DDPG_Complex_Humanoid/LP_20_Experiment_0] epoch #23 | Training started
2017-05-12 14:45:04.487625 EDT | [Paper_Final_Averaged_PolyRL/PolyRL_DDPG_Complex_Humanoid/LP_20_Experiment_0] epoch #23 | Populating workers...
2017-05-12 14:45:04.488213 EDT | [Paper_Final_Averaged_PolyRL/PolyRL_DDPG_Complex_Humanoid/LP_20_Experiment_0] epoch #23 | Populated
2017-05-12 14:49:21.985813 EDT | [Paper_Final_Averaged_PolyRL/PolyRL_DDPG_Complex_Humanoid/LP_20_Experiment_0] epoch #23 | Training finished
2017-05-12 14:49:21.988896 EDT | [Paper_Final_Averaged_PolyRL/PolyRL_DDPG_Complex_Humanoid/LP_20_Experiment_0] epoch #23 | Collecting samples for evaluation
2017-05-12 14:50:22.478965 EDT | -----------------------  -----------
2017-05-12 14:50:22.479797 EDT | Epoch                    23
2017-05-12 14:50:22.480351 EDT | AverageReturn            62.0115
2017-05-12 14:50:22.481430 EDT | StdReturn                13.0835
2017-05-12 14:50:22.482662 EDT | MaxReturn                90.12
2017-05-12 14:50:22.483715 EDT | MinReturn                28.1452
2017-05-12 14:50:22.491641 EDT | AverageEsReturn          40.9182
2017-05-12 14:50:22.492203 EDT | StdEsReturn              12.7009
2017-05-12 14:50:22.492764 EDT | MaxEsReturn              63.5442
2017-05-12 14:50:22.493298 EDT | MinEsReturn              20.4193
2017-05-12 14:50:22.493838 EDT | AverageDiscountedReturn  36.535
2017-05-12 14:50:22.494376 EDT | AverageQLoss              0.00283352
2017-05-12 14:50:22.494915 EDT | AveragePolicySurr        -0.795271
2017-05-12 14:50:22.495474 EDT | AverageQ                  0.756784
2017-05-12 14:50:22.496004 EDT | AverageAbsQ               0.757696
2017-05-12 14:50:22.496540 EDT | AverageY                  0.756997
2017-05-12 14:50:22.497078 EDT | AverageAbsY               0.757842
2017-05-12 14:50:22.497711 EDT | AverageAbsQYDiff          0.0294357
2017-05-12 14:50:22.498244 EDT | AverageAction             0.979058
2017-05-12 14:50:22.498777 EDT | PolicyRegParamNorm       19.1594
2017-05-12 14:50:22.499903 EDT | QFunRegParamNorm         25.682
2017-05-12 14:50:22.500885 EDT | AverageForwardProgress    0.356639
2017-05-12 14:50:22.501430 EDT | MaxForwardProgress        0.558042
2017-05-12 14:50:22.501970 EDT | MinForwardProgress        0.124746
2017-05-12 14:50:22.502533 EDT | StdForwardProgress        0.0927165
2017-05-12 14:50:22.503792 EDT | -----------------------  -----------
2017-05-12 14:50:22.504507 EDT | [Paper_Final_Averaged_PolyRL/PolyRL_DDPG_Complex_Humanoid/LP_20_Experiment_0] epoch #24 | Training started
2017-05-12 14:50:22.506519 EDT | [Paper_Final_Averaged_PolyRL/PolyRL_DDPG_Complex_Humanoid/LP_20_Experiment_0] epoch #24 | Populating workers...
2017-05-12 14:50:22.507033 EDT | [Paper_Final_Averaged_PolyRL/PolyRL_DDPG_Complex_Humanoid/LP_20_Experiment_0] epoch #24 | Populated
2017-05-12 14:54:50.273595 EDT | [Paper_Final_Averaged_PolyRL/PolyRL_DDPG_Complex_Humanoid/LP_20_Experiment_0] epoch #24 | Training finished
2017-05-12 14:54:50.306085 EDT | [Paper_Final_Averaged_PolyRL/PolyRL_DDPG_Complex_Humanoid/LP_20_Experiment_0] epoch #24 | Collecting samples for evaluation
2017-05-12 14:55:47.675836 EDT | -----------------------  -----------
2017-05-12 14:55:47.677108 EDT | Epoch                    24
2017-05-12 14:55:47.677678 EDT | AverageReturn            32.4728
2017-05-12 14:55:47.678239 EDT | StdReturn                 7.81986
2017-05-12 14:55:47.678801 EDT | MaxReturn                65.3355
2017-05-12 14:55:47.679390 EDT | MinReturn                 7.80191
2017-05-12 14:55:47.679945 EDT | AverageEsReturn          33.8918
2017-05-12 14:55:47.680502 EDT | StdEsReturn              11.1267
2017-05-12 14:55:47.681058 EDT | MaxEsReturn              57.7266
2017-05-12 14:55:47.681611 EDT | MinEsReturn              15.9621
2017-05-12 14:55:47.682163 EDT | AverageDiscountedReturn  22.667
2017-05-12 14:55:47.682716 EDT | AverageQLoss              0.00305525
2017-05-12 14:55:47.683268 EDT | AveragePolicySurr        -0.867002
2017-05-12 14:55:47.683842 EDT | AverageQ                  0.812253
2017-05-12 14:55:47.684396 EDT | AverageAbsQ               0.813395
2017-05-12 14:55:47.684950 EDT | AverageY                  0.812495
2017-05-12 14:55:47.685504 EDT | AverageAbsY               0.81354
2017-05-12 14:55:47.686059 EDT | AverageAbsQYDiff          0.0317932
2017-05-12 14:55:47.686615 EDT | AverageAction             0.981493
2017-05-12 14:55:47.687166 EDT | PolicyRegParamNorm       19.3854
2017-05-12 14:55:47.687738 EDT | QFunRegParamNorm         26.3728
2017-05-12 14:55:47.688290 EDT | AverageForwardProgress    0.161251
2017-05-12 14:55:47.688840 EDT | MaxForwardProgress        0.382221
2017-05-12 14:55:47.689394 EDT | MinForwardProgress       -0.0354005
2017-05-12 14:55:47.689945 EDT | StdForwardProgress        0.0564547
2017-05-12 14:55:47.690499 EDT | -----------------------  -----------
2017-05-12 14:55:47.691284 EDT | [Paper_Final_Averaged_PolyRL/PolyRL_DDPG_Complex_Humanoid/LP_20_Experiment_0] epoch #25 | Training started
2017-05-12 14:55:47.694534 EDT | [Paper_Final_Averaged_PolyRL/PolyRL_DDPG_Complex_Humanoid/LP_20_Experiment_0] epoch #25 | Populating workers...
2017-05-12 14:55:47.695305 EDT | [Paper_Final_Averaged_PolyRL/PolyRL_DDPG_Complex_Humanoid/LP_20_Experiment_0] epoch #25 | Populated
2017-05-12 15:00:08.506831 EDT | [Paper_Final_Averaged_PolyRL/PolyRL_DDPG_Complex_Humanoid/LP_20_Experiment_0] epoch #25 | Training finished
2017-05-12 15:00:08.508596 EDT | [Paper_Final_Averaged_PolyRL/PolyRL_DDPG_Complex_Humanoid/LP_20_Experiment_0] epoch #25 | Collecting samples for evaluation
2017-05-12 15:01:18.255249 EDT | -----------------------  -----------
2017-05-12 15:01:18.259988 EDT | Epoch                    25
2017-05-12 15:01:18.260347 EDT | AverageReturn            12.2917
2017-05-12 15:01:18.260695 EDT | StdReturn                 8.22389
2017-05-12 15:01:18.261036 EDT | MaxReturn                34.1483
2017-05-12 15:01:18.261376 EDT | MinReturn                -1.78962
2017-05-12 15:01:18.261714 EDT | AverageEsReturn          13.7117
2017-05-12 15:01:18.262052 EDT | StdEsReturn              10.6345
2017-05-12 15:01:18.262390 EDT | MaxEsReturn              37.015
2017-05-12 15:01:18.262727 EDT | MinEsReturn              -3.7933
2017-05-12 15:01:18.263064 EDT | AverageDiscountedReturn   9.26636
2017-05-12 15:01:18.263418 EDT | AverageQLoss              0.00392374
2017-05-12 15:01:18.263761 EDT | AveragePolicySurr        -0.948291
2017-05-12 15:01:18.264099 EDT | AverageQ                  0.878537
2017-05-12 15:01:18.264438 EDT | AverageAbsQ               0.879764
2017-05-12 15:01:18.264776 EDT | AverageY                  0.878872
2017-05-12 15:01:18.265114 EDT | AverageAbsY               0.880006
2017-05-12 15:01:18.265452 EDT | AverageAbsQYDiff          0.035612
2017-05-12 15:01:18.265787 EDT | AverageAction             0.968509
2017-05-12 15:01:18.266126 EDT | PolicyRegParamNorm       19.6625
2017-05-12 15:01:18.266465 EDT | QFunRegParamNorm         27.1397
2017-05-12 15:01:18.266803 EDT | AverageForwardProgress    0.0299854
2017-05-12 15:01:18.267142 EDT | MaxForwardProgress        0.181814
2017-05-12 15:01:18.276683 EDT | MinForwardProgress       -0.0713591
2017-05-12 15:01:18.277044 EDT | StdForwardProgress        0.0562066
2017-05-12 15:01:18.277392 EDT | -----------------------  -----------
2017-05-12 15:01:18.277946 EDT | [Paper_Final_Averaged_PolyRL/PolyRL_DDPG_Complex_Humanoid/LP_20_Experiment_0] epoch #26 | Training started
2017-05-12 15:01:18.279782 EDT | [Paper_Final_Averaged_PolyRL/PolyRL_DDPG_Complex_Humanoid/LP_20_Experiment_0] epoch #26 | Populating workers...
2017-05-12 15:01:18.280202 EDT | [Paper_Final_Averaged_PolyRL/PolyRL_DDPG_Complex_Humanoid/LP_20_Experiment_0] epoch #26 | Populated
2017-05-12 15:06:30.754720 EDT | [Paper_Final_Averaged_PolyRL/PolyRL_DDPG_Complex_Humanoid/LP_20_Experiment_0] epoch #26 | Training finished
2017-05-12 15:06:30.787832 EDT | [Paper_Final_Averaged_PolyRL/PolyRL_DDPG_Complex_Humanoid/LP_20_Experiment_0] epoch #26 | Collecting samples for evaluation
2017-05-12 15:07:22.017850 EDT | -----------------------  -----------
2017-05-12 15:07:22.023425 EDT | Epoch                    26
2017-05-12 15:07:22.023846 EDT | AverageReturn             7.95553
2017-05-12 15:07:22.024204 EDT | StdReturn                 5.17378
2017-05-12 15:07:22.024555 EDT | MaxReturn                23.498
2017-05-12 15:07:22.024901 EDT | MinReturn                -3.81189
2017-05-12 15:07:22.025247 EDT | AverageEsReturn           9.7189
2017-05-12 15:07:22.025593 EDT | StdEsReturn               9.1239
2017-05-12 15:07:22.025940 EDT | MaxEsReturn              37.216
2017-05-12 15:07:22.026284 EDT | MinEsReturn              -1.9208
2017-05-12 15:07:22.026630 EDT | AverageDiscountedReturn   6.52115
2017-05-12 15:07:22.026971 EDT | AverageQLoss              0.00449324
2017-05-12 15:07:22.027313 EDT | AveragePolicySurr        -1.01096
2017-05-12 15:07:22.027667 EDT | AverageQ                  0.938146
2017-05-12 15:07:22.031503 EDT | AverageAbsQ               0.939181
2017-05-12 15:07:22.031975 EDT | AverageY                  0.938493
2017-05-12 15:07:22.032405 EDT | AverageAbsY               0.939489
2017-05-12 15:07:22.032830 EDT | AverageAbsQYDiff          0.0379741
2017-05-12 15:07:22.033268 EDT | AverageAction             0.984842
2017-05-12 15:07:22.033690 EDT | PolicyRegParamNorm       19.9022
2017-05-12 15:07:22.039524 EDT | QFunRegParamNorm         27.9914
2017-05-12 15:07:22.040004 EDT | AverageForwardProgress    0.00587644
2017-05-12 15:07:22.040433 EDT | MaxForwardProgress        0.117248
2017-05-12 15:07:22.040858 EDT | MinForwardProgress       -0.0800825
2017-05-12 15:07:22.041280 EDT | StdForwardProgress        0.0379043
2017-05-12 15:07:22.041704 EDT | -----------------------  -----------
2017-05-12 15:07:22.043635 EDT | [Paper_Final_Averaged_PolyRL/PolyRL_DDPG_Complex_Humanoid/LP_20_Experiment_0] epoch #27 | Training started
2017-05-12 15:07:22.045524 EDT | [Paper_Final_Averaged_PolyRL/PolyRL_DDPG_Complex_Humanoid/LP_20_Experiment_0] epoch #27 | Populating workers...
2017-05-12 15:07:22.051618 EDT | [Paper_Final_Averaged_PolyRL/PolyRL_DDPG_Complex_Humanoid/LP_20_Experiment_0] epoch #27 | Populated
2017-05-12 15:12:11.188608 EDT | [Paper_Final_Averaged_PolyRL/PolyRL_DDPG_Complex_Humanoid/LP_20_Experiment_0] epoch #27 | Training finished
2017-05-12 15:12:11.191209 EDT | [Paper_Final_Averaged_PolyRL/PolyRL_DDPG_Complex_Humanoid/LP_20_Experiment_0] epoch #27 | Collecting samples for evaluation
2017-05-12 15:13:17.399142 EDT | -----------------------  ------------
2017-05-12 15:13:17.399745 EDT | Epoch                    27
2017-05-12 15:13:17.400122 EDT | AverageReturn             7.26712
2017-05-12 15:13:17.400487 EDT | StdReturn                 5.29114
2017-05-12 15:13:17.400850 EDT | MaxReturn                31.6752
2017-05-12 15:13:17.401212 EDT | MinReturn                -6.9481
2017-05-12 15:13:17.401570 EDT | AverageEsReturn           7.59284
2017-05-12 15:13:17.401933 EDT | StdEsReturn               4.59098
2017-05-12 15:13:17.402293 EDT | MaxEsReturn              16.042
2017-05-12 15:13:17.402650 EDT | MinEsReturn              -0.637667
2017-05-12 15:13:17.403007 EDT | AverageDiscountedReturn   5.95492
2017-05-12 15:13:17.403374 EDT | AverageQLoss              0.00480212
2017-05-12 15:13:17.403733 EDT | AveragePolicySurr        -1.08955
2017-05-12 15:13:17.404092 EDT | AverageQ                  1.01666
2017-05-12 15:13:17.404452 EDT | AverageAbsQ               1.01758
2017-05-12 15:13:17.404811 EDT | AverageY                  1.0169
2017-05-12 15:13:17.405168 EDT | AverageAbsY               1.01776
2017-05-12 15:13:17.405527 EDT | AverageAbsQYDiff          0.039497
2017-05-12 15:13:17.405884 EDT | AverageAction             0.977095
2017-05-12 15:13:17.406244 EDT | PolicyRegParamNorm       20.0517
2017-05-12 15:13:17.406599 EDT | QFunRegParamNorm         28.6236
2017-05-12 15:13:17.406958 EDT | AverageForwardProgress   -0.000626911
2017-05-12 15:13:17.407316 EDT | MaxForwardProgress        0.171967
2017-05-12 15:13:17.407685 EDT | MinForwardProgress       -0.11132
2017-05-12 15:13:17.408045 EDT | StdForwardProgress        0.0388305
2017-05-12 15:13:17.408404 EDT | -----------------------  ------------
2017-05-12 15:13:17.408960 EDT | [Paper_Final_Averaged_PolyRL/PolyRL_DDPG_Complex_Humanoid/LP_20_Experiment_0] epoch #28 | Training started
2017-05-12 15:13:17.410647 EDT | [Paper_Final_Averaged_PolyRL/PolyRL_DDPG_Complex_Humanoid/LP_20_Experiment_0] epoch #28 | Populating workers...
2017-05-12 15:13:17.411065 EDT | [Paper_Final_Averaged_PolyRL/PolyRL_DDPG_Complex_Humanoid/LP_20_Experiment_0] epoch #28 | Populated
2017-05-12 15:18:01.028141 EDT | [Paper_Final_Averaged_PolyRL/PolyRL_DDPG_Complex_Humanoid/LP_20_Experiment_0] epoch #28 | Training finished
2017-05-12 15:18:01.029805 EDT | [Paper_Final_Averaged_PolyRL/PolyRL_DDPG_Complex_Humanoid/LP_20_Experiment_0] epoch #28 | Collecting samples for evaluation
2017-05-12 15:19:06.599248 EDT | -----------------------  -----------
2017-05-12 15:19:06.604418 EDT | Epoch                    28
2017-05-12 15:19:06.604912 EDT | AverageReturn            10.1837
2017-05-12 15:19:06.605389 EDT | StdReturn                 8.97858
2017-05-12 15:19:06.611438 EDT | MaxReturn                44.1547
2017-05-12 15:19:06.611935 EDT | MinReturn                -5.73911
2017-05-12 15:19:06.612421 EDT | AverageEsReturn           9.19599
2017-05-12 15:19:06.612897 EDT | StdEsReturn               7.22602
2017-05-12 15:19:06.613368 EDT | MaxEsReturn              34.5794
2017-05-12 15:19:06.613839 EDT | MinEsReturn               0.330373
2017-05-12 15:19:06.614310 EDT | AverageDiscountedReturn   7.81027
2017-05-12 15:19:06.614781 EDT | AverageQLoss              0.00541334
2017-05-12 15:19:06.615313 EDT | AveragePolicySurr        -1.17427
2017-05-12 15:19:06.615793 EDT | AverageQ                  1.08629
2017-05-12 15:19:06.616264 EDT | AverageAbsQ               1.08728
2017-05-12 15:19:06.616735 EDT | AverageY                  1.08658
2017-05-12 15:19:06.623421 EDT | AverageAbsY               1.08745
2017-05-12 15:19:06.623919 EDT | AverageAbsQYDiff          0.042151
2017-05-12 15:19:06.624397 EDT | AverageAction             0.983146
2017-05-12 15:19:06.624872 EDT | PolicyRegParamNorm       20.2373
2017-05-12 15:19:06.625345 EDT | QFunRegParamNorm         29.2549
2017-05-12 15:19:06.625821 EDT | AverageForwardProgress    0.0165313
2017-05-12 15:19:06.626292 EDT | MaxForwardProgress        0.251438
2017-05-12 15:19:06.626766 EDT | MinForwardProgress       -0.0977242
2017-05-12 15:19:06.627239 EDT | StdForwardProgress        0.0607669
2017-05-12 15:19:06.627720 EDT | -----------------------  -----------
2017-05-12 15:19:06.628471 EDT | [Paper_Final_Averaged_PolyRL/PolyRL_DDPG_Complex_Humanoid/LP_20_Experiment_0] epoch #29 | Training started
2017-05-12 15:19:06.630604 EDT | [Paper_Final_Averaged_PolyRL/PolyRL_DDPG_Complex_Humanoid/LP_20_Experiment_0] epoch #29 | Populating workers...
2017-05-12 15:19:06.635437 EDT | [Paper_Final_Averaged_PolyRL/PolyRL_DDPG_Complex_Humanoid/LP_20_Experiment_0] epoch #29 | Populated
2017-05-12 15:24:02.134445 EDT | [Paper_Final_Averaged_PolyRL/PolyRL_DDPG_Complex_Humanoid/LP_20_Experiment_0] epoch #29 | Training finished
2017-05-12 15:24:02.136220 EDT | [Paper_Final_Averaged_PolyRL/PolyRL_DDPG_Complex_Humanoid/LP_20_Experiment_0] epoch #29 | Collecting samples for evaluation
2017-05-12 15:24:50.342796 EDT | -----------------------  -----------
2017-05-12 15:24:50.344034 EDT | Epoch                    29
2017-05-12 15:24:50.344595 EDT | AverageReturn             9.8707
2017-05-12 15:24:50.345151 EDT | StdReturn                 8.13292
2017-05-12 15:24:50.345706 EDT | MaxReturn                40.0902
2017-05-12 15:24:50.346179 EDT | MinReturn                -5.12839
2017-05-12 15:24:50.346646 EDT | AverageEsReturn           8.44919
2017-05-12 15:24:50.347124 EDT | StdEsReturn               8.00021
2017-05-12 15:24:50.347611 EDT | MaxEsReturn              30.0394
2017-05-12 15:24:50.348073 EDT | MinEsReturn               0.324106
2017-05-12 15:24:50.348529 EDT | AverageDiscountedReturn   7.68995
2017-05-12 15:24:50.348985 EDT | AverageQLoss              0.00617071
2017-05-12 15:24:50.349443 EDT | AveragePolicySurr        -1.24472
2017-05-12 15:24:50.349918 EDT | AverageQ                  1.16459
2017-05-12 15:24:50.350388 EDT | AverageAbsQ               1.16571
2017-05-12 15:24:50.350863 EDT | AverageY                  1.16482
2017-05-12 15:24:50.351341 EDT | AverageAbsY               1.16581
2017-05-12 15:24:50.351814 EDT | AverageAbsQYDiff          0.0437691
2017-05-12 15:24:50.352286 EDT | AverageAction             0.985224
2017-05-12 15:24:50.352758 EDT | PolicyRegParamNorm       20.4139
2017-05-12 15:24:50.353227 EDT | QFunRegParamNorm         29.9365
2017-05-12 15:24:50.353698 EDT | AverageForwardProgress    0.016089
2017-05-12 15:24:50.354170 EDT | MaxForwardProgress        0.227363
2017-05-12 15:24:50.354641 EDT | MinForwardProgress       -0.0996345
2017-05-12 15:24:50.355114 EDT | StdForwardProgress        0.0547843
2017-05-12 15:24:50.355596 EDT | -----------------------  -----------
2017-05-12 15:24:50.356310 EDT | [Paper_Final_Averaged_PolyRL/PolyRL_DDPG_Complex_Humanoid/LP_20_Experiment_0] epoch #30 | Training started
2017-05-12 15:24:50.358305 EDT | [Paper_Final_Averaged_PolyRL/PolyRL_DDPG_Complex_Humanoid/LP_20_Experiment_0] epoch #30 | Populating workers...
2017-05-12 15:24:50.358858 EDT | [Paper_Final_Averaged_PolyRL/PolyRL_DDPG_Complex_Humanoid/LP_20_Experiment_0] epoch #30 | Populated
2017-05-12 15:29:24.265288 EDT | [Paper_Final_Averaged_PolyRL/PolyRL_DDPG_Complex_Humanoid/LP_20_Experiment_0] epoch #30 | Training finished
2017-05-12 15:29:24.266358 EDT | [Paper_Final_Averaged_PolyRL/PolyRL_DDPG_Complex_Humanoid/LP_20_Experiment_0] epoch #30 | Collecting samples for evaluation
2017-05-12 15:30:20.505738 EDT | -----------------------  -----------
2017-05-12 15:30:20.506844 EDT | Epoch                    30
2017-05-12 15:30:20.507320 EDT | AverageReturn            10.4444
2017-05-12 15:30:20.507804 EDT | StdReturn                 8.20818
2017-05-12 15:30:20.508268 EDT | MaxReturn                33.3273
2017-05-12 15:30:20.508728 EDT | MinReturn                -5.56586
2017-05-12 15:30:20.509185 EDT | AverageEsReturn          10.0762
2017-05-12 15:30:20.509642 EDT | StdEsReturn               8.41431
2017-05-12 15:30:20.510099 EDT | MaxEsReturn              33.1362
2017-05-12 15:30:20.510555 EDT | MinEsReturn               0.644923
2017-05-12 15:30:20.511010 EDT | AverageDiscountedReturn   7.95394
2017-05-12 15:30:20.511474 EDT | AverageQLoss              0.00635957
2017-05-12 15:30:20.511928 EDT | AveragePolicySurr        -1.29132
2017-05-12 15:30:20.512382 EDT | AverageQ                  1.22554
2017-05-12 15:30:20.512835 EDT | AverageAbsQ               1.22652
2017-05-12 15:30:20.513289 EDT | AverageY                  1.22583
2017-05-12 15:30:20.513741 EDT | AverageAbsY               1.22669
2017-05-12 15:30:20.514194 EDT | AverageAbsQYDiff          0.0442881
2017-05-12 15:30:20.514649 EDT | AverageAction             0.985523
2017-05-12 15:30:20.515106 EDT | PolicyRegParamNorm       20.608
2017-05-12 15:30:20.515573 EDT | QFunRegParamNorm         30.4977
2017-05-12 15:30:20.516031 EDT | AverageForwardProgress    0.0170074
2017-05-12 15:30:20.516490 EDT | MaxForwardProgress        0.172978
2017-05-12 15:30:20.516943 EDT | MinForwardProgress       -0.0970975
2017-05-12 15:30:20.517398 EDT | StdForwardProgress        0.056025
2017-05-12 15:30:20.517855 EDT | -----------------------  -----------
2017-05-12 15:30:20.518578 EDT | [Paper_Final_Averaged_PolyRL/PolyRL_DDPG_Complex_Humanoid/LP_20_Experiment_0] epoch #31 | Training started
2017-05-12 15:30:20.520705 EDT | [Paper_Final_Averaged_PolyRL/PolyRL_DDPG_Complex_Humanoid/LP_20_Experiment_0] epoch #31 | Populating workers...
2017-05-12 15:30:20.521269 EDT | [Paper_Final_Averaged_PolyRL/PolyRL_DDPG_Complex_Humanoid/LP_20_Experiment_0] epoch #31 | Populated
2017-05-12 15:35:20.588922 EDT | [Paper_Final_Averaged_PolyRL/PolyRL_DDPG_Complex_Humanoid/LP_20_Experiment_0] epoch #31 | Training finished
2017-05-12 15:35:20.589849 EDT | [Paper_Final_Averaged_PolyRL/PolyRL_DDPG_Complex_Humanoid/LP_20_Experiment_0] epoch #31 | Collecting samples for evaluation
2017-05-12 15:36:21.554650 EDT | -----------------------  -----------
2017-05-12 15:36:21.563449 EDT | Epoch                    31
2017-05-12 15:36:21.563905 EDT | AverageReturn             6.7197
2017-05-12 15:36:21.564250 EDT | StdReturn                 4.76386
2017-05-12 15:36:21.564593 EDT | MaxReturn                22.6741
2017-05-12 15:36:21.564928 EDT | MinReturn                -4.7504
2017-05-12 15:36:21.565264 EDT | AverageEsReturn           8.41673
2017-05-12 15:36:21.565600 EDT | StdEsReturn               5.37325
2017-05-12 15:36:21.565935 EDT | MaxEsReturn              24.6201
2017-05-12 15:36:21.566270 EDT | MinEsReturn              -0.374839
2017-05-12 15:36:21.566606 EDT | AverageDiscountedReturn   5.6006
2017-05-12 15:36:21.566941 EDT | AverageQLoss              0.00686275
2017-05-12 15:36:21.567275 EDT | AveragePolicySurr        -1.3371
2017-05-12 15:36:21.567623 EDT | AverageQ                  1.26912
2017-05-12 15:36:21.567959 EDT | AverageAbsQ               1.27024
2017-05-12 15:36:21.568294 EDT | AverageY                  1.26934
2017-05-12 15:36:21.568627 EDT | AverageAbsY               1.27032
2017-05-12 15:36:21.568975 EDT | AverageAbsQYDiff          0.0470177
2017-05-12 15:36:21.569311 EDT | AverageAction             0.982298
2017-05-12 15:36:21.569647 EDT | PolicyRegParamNorm       20.8753
2017-05-12 15:36:21.569982 EDT | QFunRegParamNorm         31.093
2017-05-12 15:36:21.570318 EDT | AverageForwardProgress   -0.00108265
2017-05-12 15:36:21.570654 EDT | MaxForwardProgress        0.10127
2017-05-12 15:36:21.570990 EDT | MinForwardProgress       -0.0867382
2017-05-12 15:36:21.571325 EDT | StdForwardProgress        0.0359032
2017-05-12 15:36:21.571670 EDT | -----------------------  -----------
2017-05-12 15:36:21.572208 EDT | [Paper_Final_Averaged_PolyRL/PolyRL_DDPG_Complex_Humanoid/LP_20_Experiment_0] epoch #32 | Training started
2017-05-12 15:36:21.573929 EDT | [Paper_Final_Averaged_PolyRL/PolyRL_DDPG_Complex_Humanoid/LP_20_Experiment_0] epoch #32 | Populating workers...
2017-05-12 15:36:21.574348 EDT | [Paper_Final_Averaged_PolyRL/PolyRL_DDPG_Complex_Humanoid/LP_20_Experiment_0] epoch #32 | Populated
2017-05-12 15:41:12.610708 EDT | [Paper_Final_Averaged_PolyRL/PolyRL_DDPG_Complex_Humanoid/LP_20_Experiment_0] epoch #32 | Training finished
2017-05-12 15:41:12.612439 EDT | [Paper_Final_Averaged_PolyRL/PolyRL_DDPG_Complex_Humanoid/LP_20_Experiment_0] epoch #32 | Collecting samples for evaluation
2017-05-12 15:42:07.074542 EDT | -----------------------  -----------
2017-05-12 15:42:07.075781 EDT | Epoch                    32
2017-05-12 15:42:07.076246 EDT | AverageReturn             6.34098
2017-05-12 15:42:07.076701 EDT | StdReturn                 4.52045
2017-05-12 15:42:07.077148 EDT | MaxReturn                18.3428
2017-05-12 15:42:07.077587 EDT | MinReturn                -5.60331
2017-05-12 15:42:07.078028 EDT | AverageEsReturn           7.72953
2017-05-12 15:42:07.078467 EDT | StdEsReturn               4.32445
2017-05-12 15:42:07.078903 EDT | MaxEsReturn              15.6147
2017-05-12 15:42:07.079382 EDT | MinEsReturn              -3.87374
2017-05-12 15:42:07.079825 EDT | AverageDiscountedReturn   5.33246
2017-05-12 15:42:07.080261 EDT | AverageQLoss              0.00746271
2017-05-12 15:42:07.080704 EDT | AveragePolicySurr        -1.3532
2017-05-12 15:42:07.081141 EDT | AverageQ                  1.30942
2017-05-12 15:42:07.081580 EDT | AverageAbsQ               1.31034
2017-05-12 15:42:07.082026 EDT | AverageY                  1.30962
2017-05-12 15:42:07.082460 EDT | AverageAbsY               1.31038
2017-05-12 15:42:07.082894 EDT | AverageAbsQYDiff          0.0485564
2017-05-12 15:42:07.083332 EDT | AverageAction             0.981414
2017-05-12 15:42:07.083792 EDT | PolicyRegParamNorm       21.0961
2017-05-12 15:42:07.084227 EDT | QFunRegParamNorm         31.7449
2017-05-12 15:42:07.084664 EDT | AverageForwardProgress   -0.00245055
2017-05-12 15:42:07.085105 EDT | MaxForwardProgress        0.0900125
2017-05-12 15:42:07.085543 EDT | MinForwardProgress       -0.0948762
2017-05-12 15:42:07.085980 EDT | StdForwardProgress        0.0350229
2017-05-12 15:42:07.086418 EDT | -----------------------  -----------
2017-05-12 15:42:07.087123 EDT | [Paper_Final_Averaged_PolyRL/PolyRL_DDPG_Complex_Humanoid/LP_20_Experiment_0] epoch #33 | Training started
2017-05-12 15:42:07.090237 EDT | [Paper_Final_Averaged_PolyRL/PolyRL_DDPG_Complex_Humanoid/LP_20_Experiment_0] epoch #33 | Populating workers...
2017-05-12 15:42:07.090750 EDT | [Paper_Final_Averaged_PolyRL/PolyRL_DDPG_Complex_Humanoid/LP_20_Experiment_0] epoch #33 | Populated
2017-05-12 15:45:42.528624 EDT | [Paper_Final_Averaged_PolyRL/PolyRL_DDPG_Complex_Humanoid/LP_20_Experiment_0] epoch #33 | Training finished
2017-05-12 15:45:42.529900 EDT | [Paper_Final_Averaged_PolyRL/PolyRL_DDPG_Complex_Humanoid/LP_20_Experiment_0] epoch #33 | Collecting samples for evaluation
2017-05-12 15:46:24.323949 EDT | -----------------------  -----------
2017-05-12 15:46:24.325063 EDT | Epoch                    33
2017-05-12 15:46:24.325522 EDT | AverageReturn             6.80927
2017-05-12 15:46:24.326000 EDT | StdReturn                 4.82568
2017-05-12 15:46:24.326408 EDT | MaxReturn                18.8959
2017-05-12 15:46:24.326818 EDT | MinReturn                -8.00358
2017-05-12 15:46:24.327221 EDT | AverageEsReturn           5.51835
2017-05-12 15:46:24.327690 EDT | StdEsReturn               3.75519
2017-05-12 15:46:24.328146 EDT | MaxEsReturn              12.8191
2017-05-12 15:46:24.328572 EDT | MinEsReturn              -0.955067
2017-05-12 15:46:24.329034 EDT | AverageDiscountedReturn   5.72115
2017-05-12 15:46:24.329433 EDT | AverageQLoss              0.00758661
2017-05-12 15:46:24.329833 EDT | AveragePolicySurr        -1.38555
2017-05-12 15:46:24.330231 EDT | AverageQ                  1.34022
2017-05-12 15:46:24.330655 EDT | AverageAbsQ               1.34113
2017-05-12 15:46:24.331112 EDT | AverageY                  1.34043
2017-05-12 15:46:24.331523 EDT | AverageAbsY               1.34115
2017-05-12 15:46:24.332016 EDT | AverageAbsQYDiff          0.0488293
2017-05-12 15:46:24.332491 EDT | AverageAction             0.983928
2017-05-12 15:46:24.332965 EDT | PolicyRegParamNorm       21.3099
2017-05-12 15:46:24.333434 EDT | QFunRegParamNorm         32.2663
2017-05-12 15:46:24.333901 EDT | AverageForwardProgress    0.00105334
2017-05-12 15:46:24.334368 EDT | MaxForwardProgress        0.0992131
2017-05-12 15:46:24.334832 EDT | MinForwardProgress       -0.113884
2017-05-12 15:46:24.335292 EDT | StdForwardProgress        0.037476
2017-05-12 15:46:24.335794 EDT | -----------------------  -----------
2017-05-12 15:46:24.336546 EDT | [Paper_Final_Averaged_PolyRL/PolyRL_DDPG_Complex_Humanoid/LP_20_Experiment_0] epoch #34 | Training started
2017-05-12 15:46:24.339986 EDT | [Paper_Final_Averaged_PolyRL/PolyRL_DDPG_Complex_Humanoid/LP_20_Experiment_0] epoch #34 | Populating workers...
2017-05-12 15:46:24.340628 EDT | [Paper_Final_Averaged_PolyRL/PolyRL_DDPG_Complex_Humanoid/LP_20_Experiment_0] epoch #34 | Populated
2017-05-12 15:50:07.173635 EDT | [Paper_Final_Averaged_PolyRL/PolyRL_DDPG_Complex_Humanoid/LP_20_Experiment_0] epoch #34 | Training finished
2017-05-12 15:50:07.174587 EDT | [Paper_Final_Averaged_PolyRL/PolyRL_DDPG_Complex_Humanoid/LP_20_Experiment_0] epoch #34 | Collecting samples for evaluation
2017-05-12 15:50:53.611970 EDT | -----------------------  -----------
2017-05-12 15:50:53.615012 EDT | Epoch                    34
2017-05-12 15:50:53.615440 EDT | AverageReturn             6.53142
2017-05-12 15:50:53.615774 EDT | StdReturn                 4.76259
2017-05-12 15:50:53.616103 EDT | MaxReturn                24.1248
2017-05-12 15:50:53.616430 EDT | MinReturn                -4.02701
2017-05-12 15:50:53.616754 EDT | AverageEsReturn           6.52393
2017-05-12 15:50:53.617078 EDT | StdEsReturn               4.49543
2017-05-12 15:50:53.617427 EDT | MaxEsReturn              16.6992
2017-05-12 15:50:53.617847 EDT | MinEsReturn              -2.65049
2017-05-12 15:50:53.618259 EDT | AverageDiscountedReturn   5.39144
2017-05-12 15:50:53.618668 EDT | AverageQLoss              0.0076167
2017-05-12 15:50:53.619077 EDT | AveragePolicySurr        -1.42877
2017-05-12 15:50:53.619500 EDT | AverageQ                  1.36692
2017-05-12 15:50:53.619908 EDT | AverageAbsQ               1.36801
2017-05-12 15:50:53.620369 EDT | AverageY                  1.3671
2017-05-12 15:50:53.620837 EDT | AverageAbsY               1.36795
2017-05-12 15:50:53.621296 EDT | AverageAbsQYDiff          0.0494858
2017-05-12 15:50:53.621759 EDT | AverageAction             0.976935
2017-05-12 15:50:53.622198 EDT | PolicyRegParamNorm       21.5238
2017-05-12 15:50:53.622661 EDT | QFunRegParamNorm         32.8406
2017-05-12 15:50:53.623127 EDT | AverageForwardProgress   -0.00366266
2017-05-12 15:50:53.623613 EDT | MaxForwardProgress        0.105188
2017-05-12 15:50:53.624077 EDT | MinForwardProgress       -0.0868915
2017-05-12 15:50:53.624534 EDT | StdForwardProgress        0.0352149
2017-05-12 15:50:53.624997 EDT | -----------------------  -----------
2017-05-12 15:50:53.626035 EDT | [Paper_Final_Averaged_PolyRL/PolyRL_DDPG_Complex_Humanoid/LP_20_Experiment_0] epoch #35 | Training started
2017-05-12 15:50:53.628491 EDT | [Paper_Final_Averaged_PolyRL/PolyRL_DDPG_Complex_Humanoid/LP_20_Experiment_0] epoch #35 | Populating workers...
2017-05-12 15:50:53.629233 EDT | [Paper_Final_Averaged_PolyRL/PolyRL_DDPG_Complex_Humanoid/LP_20_Experiment_0] epoch #35 | Populated
2017-05-12 15:55:00.885754 EDT | [Paper_Final_Averaged_PolyRL/PolyRL_DDPG_Complex_Humanoid/LP_20_Experiment_0] epoch #35 | Training finished
2017-05-12 15:55:00.886835 EDT | [Paper_Final_Averaged_PolyRL/PolyRL_DDPG_Complex_Humanoid/LP_20_Experiment_0] epoch #35 | Collecting samples for evaluation
2017-05-12 15:55:45.331851 EDT | -----------------------  -----------
2017-05-12 15:55:45.332883 EDT | Epoch                    35
2017-05-12 15:55:45.333362 EDT | AverageReturn             7.05253
2017-05-12 15:55:45.333824 EDT | StdReturn                 4.27786
2017-05-12 15:55:45.334283 EDT | MaxReturn                21.5567
2017-05-12 15:55:45.334747 EDT | MinReturn                -2.99094
2017-05-12 15:55:45.335208 EDT | AverageEsReturn           8.12493
2017-05-12 15:55:45.335698 EDT | StdEsReturn               4.32523
2017-05-12 15:55:45.336157 EDT | MaxEsReturn              19.5396
2017-05-12 15:55:45.336617 EDT | MinEsReturn               1.69401
2017-05-12 15:55:45.337071 EDT | AverageDiscountedReturn   5.88113
2017-05-12 15:55:45.337527 EDT | AverageQLoss              0.00773558
2017-05-12 15:55:45.337986 EDT | AveragePolicySurr        -1.43731
2017-05-12 15:55:45.338441 EDT | AverageQ                  1.40499
2017-05-12 15:55:45.338896 EDT | AverageAbsQ               1.40622
2017-05-12 15:55:45.339369 EDT | AverageY                  1.40527
2017-05-12 15:55:45.339826 EDT | AverageAbsY               1.40623
2017-05-12 15:55:45.340279 EDT | AverageAbsQYDiff          0.0504468
2017-05-12 15:55:45.340738 EDT | AverageAction             0.984592
2017-05-12 15:55:45.341197 EDT | PolicyRegParamNorm       21.7085
2017-05-12 15:55:45.341654 EDT | QFunRegParamNorm         33.3838
2017-05-12 15:55:45.342116 EDT | AverageForwardProgress    0.00162977
2017-05-12 15:55:45.342573 EDT | MaxForwardProgress        0.117287
2017-05-12 15:55:45.343028 EDT | MinForwardProgress       -0.0764321
2017-05-12 15:55:45.343503 EDT | StdForwardProgress        0.0330752
2017-05-12 15:55:45.343960 EDT | -----------------------  -----------
2017-05-12 15:55:45.344669 EDT | [Paper_Final_Averaged_PolyRL/PolyRL_DDPG_Complex_Humanoid/LP_20_Experiment_0] epoch #36 | Training started
2017-05-12 15:55:45.346968 EDT | [Paper_Final_Averaged_PolyRL/PolyRL_DDPG_Complex_Humanoid/LP_20_Experiment_0] epoch #36 | Populating workers...
2017-05-12 15:55:45.347584 EDT | [Paper_Final_Averaged_PolyRL/PolyRL_DDPG_Complex_Humanoid/LP_20_Experiment_0] epoch #36 | Populated
2017-05-12 16:00:19.171877 EDT | [Paper_Final_Averaged_PolyRL/PolyRL_DDPG_Complex_Humanoid/LP_20_Experiment_0] epoch #36 | Training finished
2017-05-12 16:00:19.186241 EDT | [Paper_Final_Averaged_PolyRL/PolyRL_DDPG_Complex_Humanoid/LP_20_Experiment_0] epoch #36 | Collecting samples for evaluation
2017-05-12 16:01:13.845195 EDT | -----------------------  -----------
2017-05-12 16:01:13.846313 EDT | Epoch                    36
2017-05-12 16:01:13.846809 EDT | AverageReturn             6.94182
2017-05-12 16:01:13.847287 EDT | StdReturn                 4.46026
2017-05-12 16:01:13.847778 EDT | MaxReturn                20.9849
2017-05-12 16:01:13.848257 EDT | MinReturn                -8.47218
2017-05-12 16:01:13.848740 EDT | AverageEsReturn           6.1998
2017-05-12 16:01:13.849221 EDT | StdEsReturn               4.07263
2017-05-12 16:01:13.849691 EDT | MaxEsReturn              13.258
2017-05-12 16:01:13.850170 EDT | MinEsReturn              -0.100606
2017-05-12 16:01:13.850642 EDT | AverageDiscountedReturn   5.83219
2017-05-12 16:01:13.851123 EDT | AverageQLoss              0.0077517
2017-05-12 16:01:13.851614 EDT | AveragePolicySurr        -1.45238
2017-05-12 16:01:13.852086 EDT | AverageQ                  1.41744
2017-05-12 16:01:13.852564 EDT | AverageAbsQ               1.41865
2017-05-12 16:01:13.853037 EDT | AverageY                  1.4177
2017-05-12 16:01:13.853514 EDT | AverageAbsY               1.41862
2017-05-12 16:01:13.854009 EDT | AverageAbsQYDiff          0.0495724
2017-05-12 16:01:13.854482 EDT | AverageAction             0.979374
2017-05-12 16:01:13.854957 EDT | PolicyRegParamNorm       21.8483
2017-05-12 16:01:13.864130 EDT | QFunRegParamNorm         33.9116
2017-05-12 16:01:13.864627 EDT | AverageForwardProgress    0.00193543
2017-05-12 16:01:13.865109 EDT | MaxForwardProgress        0.110423
2017-05-12 16:01:13.865580 EDT | MinForwardProgress       -0.119146
2017-05-12 16:01:13.866060 EDT | StdForwardProgress        0.0348421
2017-05-12 16:01:13.866530 EDT | -----------------------  -----------
2017-05-12 16:01:13.867393 EDT | [Paper_Final_Averaged_PolyRL/PolyRL_DDPG_Complex_Humanoid/LP_20_Experiment_0] epoch #37 | Training started
2017-05-12 16:01:13.869394 EDT | [Paper_Final_Averaged_PolyRL/PolyRL_DDPG_Complex_Humanoid/LP_20_Experiment_0] epoch #37 | Populating workers...
2017-05-12 16:01:13.869934 EDT | [Paper_Final_Averaged_PolyRL/PolyRL_DDPG_Complex_Humanoid/LP_20_Experiment_0] epoch #37 | Populated
2017-05-12 16:05:09.719854 EDT | [Paper_Final_Averaged_PolyRL/PolyRL_DDPG_Complex_Humanoid/LP_20_Experiment_0] epoch #37 | Training finished
2017-05-12 16:05:09.726608 EDT | [Paper_Final_Averaged_PolyRL/PolyRL_DDPG_Complex_Humanoid/LP_20_Experiment_0] epoch #37 | Collecting samples for evaluation
2017-05-12 16:06:13.198949 EDT | -----------------------  -----------
2017-05-12 16:06:13.200237 EDT | Epoch                    37
2017-05-12 16:06:13.200673 EDT | AverageReturn            10.0166
2017-05-12 16:06:13.201090 EDT | StdReturn                 7.38963
2017-05-12 16:06:13.201503 EDT | MaxReturn                37.0045
2017-05-12 16:06:13.201912 EDT | MinReturn                -5.89184
2017-05-12 16:06:13.202320 EDT | AverageEsReturn           6.90295
2017-05-12 16:06:13.202726 EDT | StdEsReturn               4.98379
2017-05-12 16:06:13.203135 EDT | MaxEsReturn              21.0535
2017-05-12 16:06:13.203572 EDT | MinEsReturn              -1.39073
2017-05-12 16:06:13.204003 EDT | AverageDiscountedReturn   7.73964
2017-05-12 16:06:13.204350 EDT | AverageQLoss              0.00791467
2017-05-12 16:06:13.204690 EDT | AveragePolicySurr        -1.47059
2017-05-12 16:06:13.205031 EDT | AverageQ                  1.4303
2017-05-12 16:06:13.205371 EDT | AverageAbsQ               1.4314
2017-05-12 16:06:13.205711 EDT | AverageY                  1.43038
2017-05-12 16:06:13.206051 EDT | AverageAbsY               1.43115
2017-05-12 16:06:13.206391 EDT | AverageAbsQYDiff          0.0500495
2017-05-12 16:06:13.206731 EDT | AverageAction             0.975156
2017-05-12 16:06:13.207072 EDT | PolicyRegParamNorm       21.9653
2017-05-12 16:06:13.207509 EDT | QFunRegParamNorm         34.441
2017-05-12 16:06:13.207918 EDT | AverageForwardProgress    0.014717
2017-05-12 16:06:13.208328 EDT | MaxForwardProgress        0.195051
2017-05-12 16:06:13.208735 EDT | MinForwardProgress       -0.0993181
2017-05-12 16:06:13.209142 EDT | StdForwardProgress        0.051475
2017-05-12 16:06:13.209553 EDT | -----------------------  -----------
2017-05-12 16:06:13.210225 EDT | [Paper_Final_Averaged_PolyRL/PolyRL_DDPG_Complex_Humanoid/LP_20_Experiment_0] epoch #38 | Training started
2017-05-12 16:06:13.212360 EDT | [Paper_Final_Averaged_PolyRL/PolyRL_DDPG_Complex_Humanoid/LP_20_Experiment_0] epoch #38 | Populating workers...
2017-05-12 16:06:13.212953 EDT | [Paper_Final_Averaged_PolyRL/PolyRL_DDPG_Complex_Humanoid/LP_20_Experiment_0] epoch #38 | Populated
2017-05-12 16:11:04.254653 EDT | [Paper_Final_Averaged_PolyRL/PolyRL_DDPG_Complex_Humanoid/LP_20_Experiment_0] epoch #38 | Training finished
2017-05-12 16:11:04.264757 EDT | [Paper_Final_Averaged_PolyRL/PolyRL_DDPG_Complex_Humanoid/LP_20_Experiment_0] epoch #38 | Collecting samples for evaluation
2017-05-12 16:12:25.076758 EDT | -----------------------  -----------
2017-05-12 16:12:25.077862 EDT | Epoch                    38
2017-05-12 16:12:25.078226 EDT | AverageReturn             6.94137
2017-05-12 16:12:25.078574 EDT | StdReturn                 4.11382
2017-05-12 16:12:25.078923 EDT | MaxReturn                20.5253
2017-05-12 16:12:25.079262 EDT | MinReturn                -2.90669
2017-05-12 16:12:25.083652 EDT | AverageEsReturn           8.73265
2017-05-12 16:12:25.083997 EDT | StdEsReturn               7.69149
2017-05-12 16:12:25.084336 EDT | MaxEsReturn              31.6444
2017-05-12 16:12:25.084675 EDT | MinEsReturn              -0.747145
2017-05-12 16:12:25.085012 EDT | AverageDiscountedReturn   5.80174
2017-05-12 16:12:25.085351 EDT | AverageQLoss              0.00977492
2017-05-12 16:12:25.085689 EDT | AveragePolicySurr        -1.50295
2017-05-12 16:12:25.086026 EDT | AverageQ                  1.46055
2017-05-12 16:12:25.086362 EDT | AverageAbsQ               1.46156
2017-05-12 16:12:25.086698 EDT | AverageY                  1.46072
2017-05-12 16:12:25.087036 EDT | AverageAbsY               1.46133
2017-05-12 16:12:25.087386 EDT | AverageAbsQYDiff          0.0512762
2017-05-12 16:12:25.087724 EDT | AverageAction             0.969994
2017-05-12 16:12:25.088063 EDT | PolicyRegParamNorm       22.0889
2017-05-12 16:12:25.088398 EDT | QFunRegParamNorm         34.9369
2017-05-12 16:12:25.088733 EDT | AverageForwardProgress    0.00116465
2017-05-12 16:12:25.089067 EDT | MaxForwardProgress        0.0925178
2017-05-12 16:12:25.089400 EDT | MinForwardProgress       -0.0726547
2017-05-12 16:12:25.089736 EDT | StdForwardProgress        0.0308253
2017-05-12 16:12:25.090071 EDT | -----------------------  -----------
2017-05-12 16:12:25.090604 EDT | [Paper_Final_Averaged_PolyRL/PolyRL_DDPG_Complex_Humanoid/LP_20_Experiment_0] epoch #39 | Training started
2017-05-12 16:12:25.092262 EDT | [Paper_Final_Averaged_PolyRL/PolyRL_DDPG_Complex_Humanoid/LP_20_Experiment_0] epoch #39 | Populating workers...
2017-05-12 16:12:25.092653 EDT | [Paper_Final_Averaged_PolyRL/PolyRL_DDPG_Complex_Humanoid/LP_20_Experiment_0] epoch #39 | Populated
2017-05-12 16:17:57.949569 EDT | [Paper_Final_Averaged_PolyRL/PolyRL_DDPG_Complex_Humanoid/LP_20_Experiment_0] epoch #39 | Training finished
2017-05-12 16:17:57.963442 EDT | [Paper_Final_Averaged_PolyRL/PolyRL_DDPG_Complex_Humanoid/LP_20_Experiment_0] epoch #39 | Collecting samples for evaluation
2017-05-12 16:19:14.809546 EDT | -----------------------  -----------
2017-05-12 16:19:14.831202 EDT | Epoch                    39
2017-05-12 16:19:14.831665 EDT | AverageReturn             6.4399
2017-05-12 16:19:14.832008 EDT | StdReturn                 4.6302
2017-05-12 16:19:14.832347 EDT | MaxReturn                21.9069
2017-05-12 16:19:14.832684 EDT | MinReturn                -7.47377
2017-05-12 16:19:14.833018 EDT | AverageEsReturn           6.73931
2017-05-12 16:19:14.833354 EDT | StdEsReturn               5.01473
2017-05-12 16:19:14.833688 EDT | MaxEsReturn              17.4657
2017-05-12 16:19:14.834021 EDT | MinEsReturn              -3.6841
2017-05-12 16:19:14.834356 EDT | AverageDiscountedReturn   5.42365
2017-05-12 16:19:14.834690 EDT | AverageQLoss              0.0110765
2017-05-12 16:19:14.835026 EDT | AveragePolicySurr        -1.54104
2017-05-12 16:19:14.835378 EDT | AverageQ                  1.4773
2017-05-12 16:19:14.835713 EDT | AverageAbsQ               1.47838
2017-05-12 16:19:14.836050 EDT | AverageY                  1.47746
2017-05-12 16:19:14.836384 EDT | AverageAbsY               1.47816
2017-05-12 16:19:14.836718 EDT | AverageAbsQYDiff          0.0530489
2017-05-12 16:19:14.837051 EDT | AverageAction             0.974249
2017-05-12 16:19:14.837387 EDT | PolicyRegParamNorm       22.2241
2017-05-12 16:19:14.837722 EDT | QFunRegParamNorm         35.4682
2017-05-12 16:19:14.838055 EDT | AverageForwardProgress   -0.00121146
2017-05-12 16:19:14.838390 EDT | MaxForwardProgress        0.118271
2017-05-12 16:19:14.838726 EDT | MinForwardProgress       -0.107186
2017-05-12 16:19:14.839059 EDT | StdForwardProgress        0.0355672
2017-05-12 16:19:14.839402 EDT | -----------------------  -----------
2017-05-12 16:19:14.839963 EDT | [Paper_Final_Averaged_PolyRL/PolyRL_DDPG_Complex_Humanoid/LP_20_Experiment_0] epoch #40 | Training started
2017-05-12 16:19:14.841481 EDT | [Paper_Final_Averaged_PolyRL/PolyRL_DDPG_Complex_Humanoid/LP_20_Experiment_0] epoch #40 | Populating workers...
2017-05-12 16:19:14.841853 EDT | [Paper_Final_Averaged_PolyRL/PolyRL_DDPG_Complex_Humanoid/LP_20_Experiment_0] epoch #40 | Populated
2017-05-12 16:24:41.448019 EDT | [Paper_Final_Averaged_PolyRL/PolyRL_DDPG_Complex_Humanoid/LP_20_Experiment_0] epoch #40 | Training finished
2017-05-12 16:24:41.449145 EDT | [Paper_Final_Averaged_PolyRL/PolyRL_DDPG_Complex_Humanoid/LP_20_Experiment_0] epoch #40 | Collecting samples for evaluation
2017-05-12 16:26:06.823727 EDT | -----------------------  -----------
2017-05-12 16:26:06.824936 EDT | Epoch                    40
2017-05-12 16:26:06.825416 EDT | AverageReturn             6.77126
2017-05-12 16:26:06.825886 EDT | StdReturn                 4.38519
2017-05-12 16:26:06.826358 EDT | MaxReturn                31.5162
2017-05-12 16:26:06.826828 EDT | MinReturn                -4.76583
2017-05-12 16:26:06.827296 EDT | AverageEsReturn           5.37899
2017-05-12 16:26:06.827799 EDT | StdEsReturn               3.25292
2017-05-12 16:26:06.828264 EDT | MaxEsReturn              11.5563
2017-05-12 16:26:06.828733 EDT | MinEsReturn              -1.64186
2017-05-12 16:26:06.829199 EDT | AverageDiscountedReturn   5.71295
2017-05-12 16:26:06.829665 EDT | AverageQLoss              0.0117033
2017-05-12 16:26:06.830130 EDT | AveragePolicySurr        -1.55414
2017-05-12 16:26:06.830595 EDT | AverageQ                  1.51236
2017-05-12 16:26:06.831064 EDT | AverageAbsQ               1.51341
2017-05-12 16:26:06.835610 EDT | AverageY                  1.51249
2017-05-12 16:26:06.836104 EDT | AverageAbsY               1.5131
2017-05-12 16:26:06.836587 EDT | AverageAbsQYDiff          0.0531197
2017-05-12 16:26:06.837069 EDT | AverageAction             0.967157
2017-05-12 16:26:06.843484 EDT | PolicyRegParamNorm       22.3182
2017-05-12 16:26:06.844050 EDT | QFunRegParamNorm         35.9704
2017-05-12 16:26:06.844548 EDT | AverageForwardProgress    0.00234515
2017-05-12 16:26:06.845028 EDT | MaxForwardProgress        0.168023
2017-05-12 16:26:06.851453 EDT | MinForwardProgress       -0.0861576
2017-05-12 16:26:06.851990 EDT | StdForwardProgress        0.0331645
2017-05-12 16:26:06.852478 EDT | -----------------------  -----------
2017-05-12 16:26:06.853238 EDT | [Paper_Final_Averaged_PolyRL/PolyRL_DDPG_Complex_Humanoid/LP_20_Experiment_0] epoch #41 | Training started
2017-05-12 16:26:06.858270 EDT | [Paper_Final_Averaged_PolyRL/PolyRL_DDPG_Complex_Humanoid/LP_20_Experiment_0] epoch #41 | Populating workers...
2017-05-12 16:26:06.863487 EDT | [Paper_Final_Averaged_PolyRL/PolyRL_DDPG_Complex_Humanoid/LP_20_Experiment_0] epoch #41 | Populated
2017-05-12 16:31:13.630450 EDT | [Paper_Final_Averaged_PolyRL/PolyRL_DDPG_Complex_Humanoid/LP_20_Experiment_0] epoch #41 | Training finished
2017-05-12 16:31:13.631769 EDT | [Paper_Final_Averaged_PolyRL/PolyRL_DDPG_Complex_Humanoid/LP_20_Experiment_0] epoch #41 | Collecting samples for evaluation
2017-05-12 16:32:29.683074 EDT | -----------------------  ------------
2017-05-12 16:32:29.684059 EDT | Epoch                    41
2017-05-12 16:32:29.684421 EDT | AverageReturn             6.36967
2017-05-12 16:32:29.684767 EDT | StdReturn                 4.2173
2017-05-12 16:32:29.685109 EDT | MaxReturn                16.219
2017-05-12 16:32:29.685449 EDT | MinReturn                -5.22043
2017-05-12 16:32:29.685786 EDT | AverageEsReturn           6.44277
2017-05-12 16:32:29.686125 EDT | StdEsReturn               4.78166
2017-05-12 16:32:29.686462 EDT | MaxEsReturn              15.4602
2017-05-12 16:32:29.686799 EDT | MinEsReturn              -4.1738
2017-05-12 16:32:29.687137 EDT | AverageDiscountedReturn   5.39751
2017-05-12 16:32:29.687492 EDT | AverageQLoss              0.0118912
2017-05-12 16:32:29.687830 EDT | AveragePolicySurr        -1.57497
2017-05-12 16:32:29.688168 EDT | AverageQ                  1.53526
2017-05-12 16:32:29.695511 EDT | AverageAbsQ               1.53649
2017-05-12 16:32:29.695943 EDT | AverageY                  1.53542
2017-05-12 16:32:29.696296 EDT | AverageAbsY               1.53627
2017-05-12 16:32:29.696635 EDT | AverageAbsQYDiff          0.0541463
2017-05-12 16:32:29.696976 EDT | AverageAction             0.984257
2017-05-12 16:32:29.697315 EDT | PolicyRegParamNorm       22.4686
2017-05-12 16:32:29.697652 EDT | QFunRegParamNorm         36.5295
2017-05-12 16:32:29.697990 EDT | AverageForwardProgress    4.61329e-05
2017-05-12 16:32:29.698327 EDT | MaxForwardProgress        0.0772147
2017-05-12 16:32:29.698662 EDT | MinForwardProgress       -0.0908679
2017-05-12 16:32:29.699001 EDT | StdForwardProgress        0.032437
2017-05-12 16:32:29.699347 EDT | -----------------------  ------------
2017-05-12 16:32:29.699907 EDT | [Paper_Final_Averaged_PolyRL/PolyRL_DDPG_Complex_Humanoid/LP_20_Experiment_0] epoch #42 | Training started
2017-05-12 16:32:29.701666 EDT | [Paper_Final_Averaged_PolyRL/PolyRL_DDPG_Complex_Humanoid/LP_20_Experiment_0] epoch #42 | Populating workers...
2017-05-12 16:32:29.707432 EDT | [Paper_Final_Averaged_PolyRL/PolyRL_DDPG_Complex_Humanoid/LP_20_Experiment_0] epoch #42 | Populated
2017-05-12 16:37:25.704784 EDT | [Paper_Final_Averaged_PolyRL/PolyRL_DDPG_Complex_Humanoid/LP_20_Experiment_0] epoch #42 | Training finished
2017-05-12 16:37:25.708238 EDT | [Paper_Final_Averaged_PolyRL/PolyRL_DDPG_Complex_Humanoid/LP_20_Experiment_0] epoch #42 | Collecting samples for evaluation
2017-05-12 16:38:44.785742 EDT | -----------------------  ----------
2017-05-12 16:38:44.791421 EDT | Epoch                    42
2017-05-12 16:38:44.791938 EDT | AverageReturn             6.58672
2017-05-12 16:38:44.792416 EDT | StdReturn                 4.14703
2017-05-12 16:38:44.792890 EDT | MaxReturn                17.3639
2017-05-12 16:38:44.793358 EDT | MinReturn                -5.0889
2017-05-12 16:38:44.793826 EDT | AverageEsReturn           7.37024
2017-05-12 16:38:44.794293 EDT | StdEsReturn               4.14762
2017-05-12 16:38:44.794761 EDT | MaxEsReturn              14.4421
2017-05-12 16:38:44.795230 EDT | MinEsReturn              -1.74603
2017-05-12 16:38:44.801548 EDT | AverageDiscountedReturn   5.58123
2017-05-12 16:38:44.803822 EDT | AverageQLoss              0.0116211
2017-05-12 16:38:44.805846 EDT | AveragePolicySurr        -1.60032
2017-05-12 16:38:44.808132 EDT | AverageQ                  1.55144
2017-05-12 16:38:44.808659 EDT | AverageAbsQ               1.55252
2017-05-12 16:38:44.809201 EDT | AverageY                  1.55162
2017-05-12 16:38:44.809717 EDT | AverageAbsY               1.55239
2017-05-12 16:38:44.810233 EDT | AverageAbsQYDiff          0.0542163
2017-05-12 16:38:44.810749 EDT | AverageAction             0.974355
2017-05-12 16:38:44.811267 EDT | PolicyRegParamNorm       22.6262
2017-05-12 16:38:44.825242 EDT | QFunRegParamNorm         37.0516
2017-05-12 16:38:44.828305 EDT | AverageForwardProgress    0.001794
2017-05-12 16:38:44.830330 EDT | MaxForwardProgress        0.0820696
2017-05-12 16:38:44.832625 EDT | MinForwardProgress       -0.087583
2017-05-12 16:38:44.835192 EDT | StdForwardProgress        0.031805
2017-05-12 16:38:44.843525 EDT | -----------------------  ----------
2017-05-12 16:38:44.844340 EDT | [Paper_Final_Averaged_PolyRL/PolyRL_DDPG_Complex_Humanoid/LP_20_Experiment_0] epoch #43 | Training started
2017-05-12 16:38:44.846190 EDT | [Paper_Final_Averaged_PolyRL/PolyRL_DDPG_Complex_Humanoid/LP_20_Experiment_0] epoch #43 | Populating workers...
2017-05-12 16:38:44.846625 EDT | [Paper_Final_Averaged_PolyRL/PolyRL_DDPG_Complex_Humanoid/LP_20_Experiment_0] epoch #43 | Populated
2017-05-12 16:43:55.393048 EDT | [Paper_Final_Averaged_PolyRL/PolyRL_DDPG_Complex_Humanoid/LP_20_Experiment_0] epoch #43 | Training finished
2017-05-12 16:43:55.394677 EDT | [Paper_Final_Averaged_PolyRL/PolyRL_DDPG_Complex_Humanoid/LP_20_Experiment_0] epoch #43 | Collecting samples for evaluation
2017-05-12 16:45:09.588254 EDT | -----------------------  -----------
2017-05-12 16:45:09.589229 EDT | Epoch                    43
2017-05-12 16:45:09.589595 EDT | AverageReturn             6.23313
2017-05-12 16:45:09.589948 EDT | StdReturn                 4.16232
2017-05-12 16:45:09.590305 EDT | MaxReturn                16.7899
2017-05-12 16:45:09.590656 EDT | MinReturn                -3.96418
2017-05-12 16:45:09.591004 EDT | AverageEsReturn           5.1738
2017-05-12 16:45:09.591368 EDT | StdEsReturn               4.90203
2017-05-12 16:45:09.591719 EDT | MaxEsReturn              15.6453
2017-05-12 16:45:09.592065 EDT | MinEsReturn              -3.41839
2017-05-12 16:45:09.592414 EDT | AverageDiscountedReturn   5.2773
2017-05-12 16:45:09.592762 EDT | AverageQLoss              0.0113493
2017-05-12 16:45:09.593109 EDT | AveragePolicySurr        -1.62949
2017-05-12 16:45:09.593458 EDT | AverageQ                  1.58086
2017-05-12 16:45:09.593805 EDT | AverageAbsQ               1.58198
2017-05-12 16:45:09.594153 EDT | AverageY                  1.58103
2017-05-12 16:45:09.594502 EDT | AverageAbsY               1.58179
2017-05-12 16:45:09.594848 EDT | AverageAbsQYDiff          0.0546323
2017-05-12 16:45:09.595201 EDT | AverageAction             0.978252
2017-05-12 16:45:09.595568 EDT | PolicyRegParamNorm       22.7719
2017-05-12 16:45:09.595916 EDT | QFunRegParamNorm         37.5998
2017-05-12 16:45:09.596263 EDT | AverageForwardProgress   -0.00147351
2017-05-12 16:45:09.596609 EDT | MaxForwardProgress        0.07803
2017-05-12 16:45:09.596954 EDT | MinForwardProgress       -0.0782489
2017-05-12 16:45:09.597301 EDT | StdForwardProgress        0.0321089
2017-05-12 16:45:09.597645 EDT | -----------------------  -----------
2017-05-12 16:45:09.598194 EDT | [Paper_Final_Averaged_PolyRL/PolyRL_DDPG_Complex_Humanoid/LP_20_Experiment_0] epoch #44 | Training started
2017-05-12 16:45:09.600003 EDT | [Paper_Final_Averaged_PolyRL/PolyRL_DDPG_Complex_Humanoid/LP_20_Experiment_0] epoch #44 | Populating workers...
2017-05-12 16:45:09.600448 EDT | [Paper_Final_Averaged_PolyRL/PolyRL_DDPG_Complex_Humanoid/LP_20_Experiment_0] epoch #44 | Populated
2017-05-12 16:50:36.960811 EDT | [Paper_Final_Averaged_PolyRL/PolyRL_DDPG_Complex_Humanoid/LP_20_Experiment_0] epoch #44 | Training finished
2017-05-12 16:50:36.961853 EDT | [Paper_Final_Averaged_PolyRL/PolyRL_DDPG_Complex_Humanoid/LP_20_Experiment_0] epoch #44 | Collecting samples for evaluation
2017-05-12 16:51:50.692839 EDT | -----------------------  ----------
2017-05-12 16:51:50.693878 EDT | Epoch                    44
2017-05-12 16:51:50.694237 EDT | AverageReturn            10.0135
2017-05-12 16:51:50.694580 EDT | StdReturn                 8.55432
2017-05-12 16:51:50.694920 EDT | MaxReturn                49.1978
2017-05-12 16:51:50.695258 EDT | MinReturn                -7.29461
2017-05-12 16:51:50.695612 EDT | AverageEsReturn           6.32793
2017-05-12 16:51:50.695949 EDT | StdEsReturn               4.26367
2017-05-12 16:51:50.696287 EDT | MaxEsReturn              18.2376
2017-05-12 16:51:50.696634 EDT | MinEsReturn               0.840884
2017-05-12 16:51:50.696973 EDT | AverageDiscountedReturn   7.72602
2017-05-12 16:51:50.697311 EDT | AverageQLoss              0.01417
2017-05-12 16:51:50.697648 EDT | AveragePolicySurr        -1.64417
2017-05-12 16:51:50.697985 EDT | AverageQ                  1.5949
2017-05-12 16:51:50.698323 EDT | AverageAbsQ               1.59611
2017-05-12 16:51:50.698660 EDT | AverageY                  1.59513
2017-05-12 16:51:50.698998 EDT | AverageAbsY               1.59588
2017-05-12 16:51:50.699345 EDT | AverageAbsQYDiff          0.0572416
2017-05-12 16:51:50.699698 EDT | AverageAction             0.976851
2017-05-12 16:51:50.700037 EDT | PolicyRegParamNorm       22.931
2017-05-12 16:51:50.700374 EDT | QFunRegParamNorm         38.1473
2017-05-12 16:51:50.700710 EDT | AverageForwardProgress    0.0170858
2017-05-12 16:51:50.701047 EDT | MaxForwardProgress        0.257659
2017-05-12 16:51:50.701385 EDT | MinForwardProgress       -0.107971
2017-05-12 16:51:50.701723 EDT | StdForwardProgress        0.0581406
2017-05-12 16:51:50.702060 EDT | -----------------------  ----------
2017-05-12 16:51:50.702612 EDT | [Paper_Final_Averaged_PolyRL/PolyRL_DDPG_Complex_Humanoid/LP_20_Experiment_0] epoch #45 | Training started
2017-05-12 16:51:50.703697 EDT | [Paper_Final_Averaged_PolyRL/PolyRL_DDPG_Complex_Humanoid/LP_20_Experiment_0] epoch #45 | Populating workers...
2017-05-12 16:51:50.704072 EDT | [Paper_Final_Averaged_PolyRL/PolyRL_DDPG_Complex_Humanoid/LP_20_Experiment_0] epoch #45 | Populated
