2017-05-08 20:37:45.929021 EDT | [Tensorflow_RLLAB_Results/PolyRL/Humanoid/] observation space: Box(376,)
2017-05-08 20:37:45.929326 EDT | [Tensorflow_RLLAB_Results/PolyRL/Humanoid/] action space: Box(17,)
2017-05-08 20:37:46.855198 EDT | [Tensorflow_RLLAB_Results/PolyRL/Humanoid/] Populating workers...
2017-05-08 20:37:46.855501 EDT | [Tensorflow_RLLAB_Results/PolyRL/Humanoid/] Populated
2017-05-08 20:37:50.526702 EDT | [Tensorflow_RLLAB_Results/PolyRL/Humanoid/] epoch #0 | Training started
2017-05-08 20:37:52.352377 EDT | [Tensorflow_RLLAB_Results/PolyRL/Humanoid/] epoch #0 | Populating workers...
2017-05-08 20:37:52.352665 EDT | [Tensorflow_RLLAB_Results/PolyRL/Humanoid/] epoch #0 | Populated
2017-05-08 20:41:05.416480 EDT | [Tensorflow_RLLAB_Results/PolyRL/Humanoid/] observation space: Box(376,)
2017-05-08 20:41:05.416826 EDT | [Tensorflow_RLLAB_Results/PolyRL/Humanoid/] action space: Box(17,)
2017-05-08 20:41:06.300827 EDT | [Tensorflow_RLLAB_Results/PolyRL/Humanoid/] Populating workers...
2017-05-08 20:41:06.301169 EDT | [Tensorflow_RLLAB_Results/PolyRL/Humanoid/] Populated
2017-05-08 20:41:09.852037 EDT | [Tensorflow_RLLAB_Results/PolyRL/Humanoid/] epoch #0 | Training started
2017-05-08 20:41:11.413743 EDT | [Tensorflow_RLLAB_Results/PolyRL/Humanoid/] epoch #0 | Populating workers...
2017-05-08 20:41:11.414516 EDT | [Tensorflow_RLLAB_Results/PolyRL/Humanoid/] epoch #0 | Populated
2017-05-08 20:43:26.928432 EDT | [Tensorflow_RLLAB_Results/PolyRL/Humanoid/] observation space: Box(376,)
2017-05-08 20:43:26.928806 EDT | [Tensorflow_RLLAB_Results/PolyRL/Humanoid/] action space: Box(17,)
2017-05-08 20:43:27.891917 EDT | [Tensorflow_RLLAB_Results/PolyRL/Humanoid/] Populating workers...
2017-05-08 20:43:27.892281 EDT | [Tensorflow_RLLAB_Results/PolyRL/Humanoid/] Populated
2017-05-08 20:43:31.479945 EDT | [Tensorflow_RLLAB_Results/PolyRL/Humanoid/] epoch #0 | Training started
2017-05-08 20:43:33.233686 EDT | [Tensorflow_RLLAB_Results/PolyRL/Humanoid/] epoch #0 | Populating workers...
2017-05-08 20:43:33.234317 EDT | [Tensorflow_RLLAB_Results/PolyRL/Humanoid/] epoch #0 | Populated
2017-05-08 20:45:02.884678 EDT | [Tensorflow_RLLAB_Results/PolyRL/Humanoid/] observation space: Box(376,)
2017-05-08 20:45:02.884980 EDT | [Tensorflow_RLLAB_Results/PolyRL/Humanoid/] action space: Box(17,)
2017-05-08 20:45:03.906086 EDT | [Tensorflow_RLLAB_Results/PolyRL/Humanoid/] Populating workers...
2017-05-08 20:45:03.906428 EDT | [Tensorflow_RLLAB_Results/PolyRL/Humanoid/] Populated
2017-05-08 20:45:07.609848 EDT | [Tensorflow_RLLAB_Results/PolyRL/Humanoid/] epoch #0 | Training started
2017-05-08 20:45:09.437444 EDT | [Tensorflow_RLLAB_Results/PolyRL/Humanoid/] epoch #0 | Populating workers...
2017-05-08 20:45:09.438167 EDT | [Tensorflow_RLLAB_Results/PolyRL/Humanoid/] epoch #0 | Populated
2017-05-08 20:47:21.601286 EDT | [Tensorflow_RLLAB_Results/PolyRL/Humanoid/] epoch #0 | Training finished
2017-05-08 20:47:21.601894 EDT | [Tensorflow_RLLAB_Results/PolyRL/Humanoid/] epoch #0 | Trained qf 0 steps, policy 0 steps
2017-05-08 20:47:21.602164 EDT | [Tensorflow_RLLAB_Results/PolyRL/Humanoid/] epoch #1 | Training started
2017-05-08 20:47:21.821948 EDT | [Tensorflow_RLLAB_Results/PolyRL/Humanoid/] epoch #1 | Populating workers...
2017-05-08 20:47:21.822256 EDT | [Tensorflow_RLLAB_Results/PolyRL/Humanoid/] epoch #1 | Populated
2017-05-08 20:49:52.165744 EDT | [Tensorflow_RLLAB_Results/PolyRL/Humanoid/] epoch #1 | Training finished
2017-05-08 20:49:52.166468 EDT | [Tensorflow_RLLAB_Results/PolyRL/Humanoid/] epoch #1 | Trained qf 0 steps, policy 0 steps
2017-05-08 20:49:52.166888 EDT | [Tensorflow_RLLAB_Results/PolyRL/Humanoid/] epoch #2 | Training started
2017-05-08 20:49:52.377751 EDT | [Tensorflow_RLLAB_Results/PolyRL/Humanoid/] epoch #2 | Populating workers...
2017-05-08 20:49:52.378115 EDT | [Tensorflow_RLLAB_Results/PolyRL/Humanoid/] epoch #2 | Populated
2017-05-08 20:52:05.680461 EDT | [Tensorflow_RLLAB_Results/PolyRL/Humanoid/] epoch #2 | Training finished
2017-05-08 20:52:05.682458 EDT | [Tensorflow_RLLAB_Results/PolyRL/Humanoid/] epoch #2 | Trained qf 0 steps, policy 0 steps
2017-05-08 20:52:05.682761 EDT | [Tensorflow_RLLAB_Results/PolyRL/Humanoid/] epoch #3 | Training started
2017-05-08 20:52:05.937759 EDT | [Tensorflow_RLLAB_Results/PolyRL/Humanoid/] epoch #3 | Populating workers...
2017-05-08 20:52:05.938057 EDT | [Tensorflow_RLLAB_Results/PolyRL/Humanoid/] epoch #3 | Populated
2017-05-08 20:53:58.165735 EDT | [Tensorflow_RLLAB_Results/PolyRL/Humanoid/] epoch #3 | Training finished
2017-05-08 20:53:58.166335 EDT | [Tensorflow_RLLAB_Results/PolyRL/Humanoid/] epoch #3 | Trained qf 0 steps, policy 0 steps
2017-05-08 20:53:58.166556 EDT | [Tensorflow_RLLAB_Results/PolyRL/Humanoid/] epoch #4 | Training started
2017-05-08 20:53:58.461469 EDT | [Tensorflow_RLLAB_Results/PolyRL/Humanoid/] epoch #4 | Populating workers...
2017-05-08 20:53:58.461761 EDT | [Tensorflow_RLLAB_Results/PolyRL/Humanoid/] epoch #4 | Populated
2017-05-08 20:55:51.974934 EDT | [Tensorflow_RLLAB_Results/PolyRL/Humanoid/] epoch #4 | Training finished
2017-05-08 20:55:51.975691 EDT | [Tensorflow_RLLAB_Results/PolyRL/Humanoid/] epoch #4 | Trained qf 0 steps, policy 0 steps
2017-05-08 20:55:51.976248 EDT | [Tensorflow_RLLAB_Results/PolyRL/Humanoid/] epoch #5 | Training started
2017-05-08 20:55:52.339422 EDT | [Tensorflow_RLLAB_Results/PolyRL/Humanoid/] epoch #5 | Populating workers...
2017-05-08 20:55:52.339717 EDT | [Tensorflow_RLLAB_Results/PolyRL/Humanoid/] epoch #5 | Populated
2017-05-08 20:57:36.613826 EDT | [Tensorflow_RLLAB_Results/PolyRL/Humanoid/] epoch #5 | Training finished
2017-05-08 20:57:36.614405 EDT | [Tensorflow_RLLAB_Results/PolyRL/Humanoid/] epoch #5 | Trained qf 0 steps, policy 0 steps
2017-05-08 20:57:36.614620 EDT | [Tensorflow_RLLAB_Results/PolyRL/Humanoid/] epoch #6 | Training started
2017-05-08 20:57:36.990873 EDT | [Tensorflow_RLLAB_Results/PolyRL/Humanoid/] epoch #6 | Populating workers...
2017-05-08 20:57:36.991160 EDT | [Tensorflow_RLLAB_Results/PolyRL/Humanoid/] epoch #6 | Populated
2017-05-08 20:59:31.894114 EDT | [Tensorflow_RLLAB_Results/PolyRL/Humanoid/] epoch #6 | Training finished
2017-05-08 20:59:31.895475 EDT | [Tensorflow_RLLAB_Results/PolyRL/Humanoid/] epoch #6 | Trained qf 0 steps, policy 0 steps
2017-05-08 20:59:31.895826 EDT | [Tensorflow_RLLAB_Results/PolyRL/Humanoid/] epoch #7 | Training started
2017-05-08 20:59:32.289870 EDT | [Tensorflow_RLLAB_Results/PolyRL/Humanoid/] epoch #7 | Populating workers...
2017-05-08 20:59:32.290088 EDT | [Tensorflow_RLLAB_Results/PolyRL/Humanoid/] epoch #7 | Populated
2017-05-08 21:01:35.592539 EDT | [Tensorflow_RLLAB_Results/PolyRL/Humanoid/] epoch #7 | Training finished
2017-05-08 21:01:35.593222 EDT | [Tensorflow_RLLAB_Results/PolyRL/Humanoid/] epoch #7 | Trained qf 0 steps, policy 0 steps
2017-05-08 21:01:35.593512 EDT | [Tensorflow_RLLAB_Results/PolyRL/Humanoid/] epoch #8 | Training started
2017-05-08 21:01:36.094079 EDT | [Tensorflow_RLLAB_Results/PolyRL/Humanoid/] epoch #8 | Populating workers...
2017-05-08 21:01:36.094367 EDT | [Tensorflow_RLLAB_Results/PolyRL/Humanoid/] epoch #8 | Populated
2017-05-08 21:03:31.573243 EDT | [Tensorflow_RLLAB_Results/PolyRL/Humanoid/] epoch #8 | Training finished
2017-05-08 21:03:31.575420 EDT | [Tensorflow_RLLAB_Results/PolyRL/Humanoid/] epoch #8 | Trained qf 0 steps, policy 0 steps
2017-05-08 21:03:31.575768 EDT | [Tensorflow_RLLAB_Results/PolyRL/Humanoid/] epoch #9 | Training started
2017-05-08 21:03:32.108946 EDT | [Tensorflow_RLLAB_Results/PolyRL/Humanoid/] epoch #9 | Populating workers...
2017-05-08 21:03:32.109282 EDT | [Tensorflow_RLLAB_Results/PolyRL/Humanoid/] epoch #9 | Populated
2017-05-08 21:05:18.060150 EDT | [Tensorflow_RLLAB_Results/PolyRL/Humanoid/] epoch #9 | Training finished
2017-05-08 21:05:18.060765 EDT | [Tensorflow_RLLAB_Results/PolyRL/Humanoid/] epoch #9 | Trained qf 1 steps, policy 1 steps
2017-05-08 21:05:18.061010 EDT | [Tensorflow_RLLAB_Results/PolyRL/Humanoid/] epoch #9 | Collecting samples for evaluation
2017-05-08 21:05:45.137732 EDT | -----------------------  ------------
2017-05-08 21:05:45.138714 EDT | Epoch                       9
2017-05-08 21:05:45.138990 EDT | Iteration                   9
2017-05-08 21:05:45.139258 EDT | AverageReturn            4999.69
2017-05-08 21:05:45.139507 EDT | StdReturn                   0.451043
2017-05-08 21:05:45.139751 EDT | MaxReturn                5000.25
2017-05-08 21:05:45.139996 EDT | MinReturn                4998.8
2017-05-08 21:05:45.140246 EDT | AverageEsReturn           147.816
2017-05-08 21:05:45.140495 EDT | StdEsReturn                58.9757
2017-05-08 21:05:45.140744 EDT | MaxEsReturn               492.85
2017-05-08 21:05:45.141007 EDT | MinEsReturn                56.824
2017-05-08 21:05:45.141252 EDT | AverageDiscountedReturn   499.67
2017-05-08 21:05:45.141494 EDT | AverageQLoss               23.918
2017-05-08 21:05:45.141740 EDT | AveragePolicySurr          -0.074772
2017-05-08 21:05:45.141973 EDT | AverageQ                    0.0716097
2017-05-08 21:05:45.142227 EDT | AverageAbsQ                 0.0716097
2017-05-08 21:05:45.142474 EDT | AverageY                    4.93311
2017-05-08 21:05:45.142725 EDT | AverageAbsY                 4.93311
2017-05-08 21:05:45.142976 EDT | AverageAbsQYDiff            4.8615
2017-05-08 21:05:45.143227 EDT | AverageAction             nan
2017-05-08 21:05:45.143470 EDT | PolicyRegParamNorm        nan
2017-05-08 21:05:45.143715 EDT | QFunRegParamNorm          nan
2017-05-08 21:05:45.143963 EDT | -----------------------  ------------
2017-05-08 21:05:45.144386 EDT | [Tensorflow_RLLAB_Results/PolyRL/Humanoid/] epoch #10 | Training started
2017-05-08 21:05:45.742267 EDT | [Tensorflow_RLLAB_Results/PolyRL/Humanoid/] epoch #10 | Populating workers...
2017-05-08 21:05:45.742478 EDT | [Tensorflow_RLLAB_Results/PolyRL/Humanoid/] epoch #10 | Populated
2017-05-08 21:07:57.496273 EDT | [Tensorflow_RLLAB_Results/PolyRL/Humanoid/] epoch #10 | Training finished
2017-05-08 21:07:57.496811 EDT | [Tensorflow_RLLAB_Results/PolyRL/Humanoid/] epoch #10 | Trained qf 1000 steps, policy 1000 steps
2017-05-08 21:07:57.497193 EDT | [Tensorflow_RLLAB_Results/PolyRL/Humanoid/] epoch #10 | Collecting samples for evaluation
2017-05-08 21:08:23.993174 EDT | -----------------------  -----------
2017-05-08 21:08:23.996201 EDT | Epoch                      10
2017-05-08 21:08:23.996561 EDT | Iteration                  10
2017-05-08 21:08:23.996789 EDT | AverageReturn            5000.3
2017-05-08 21:08:23.997059 EDT | StdReturn                   0.372484
2017-05-08 21:08:23.997317 EDT | MaxReturn                5000.67
2017-05-08 21:08:23.997574 EDT | MinReturn                4999.32
2017-05-08 21:08:23.997841 EDT | AverageEsReturn          4999.01
2017-05-08 21:08:23.998131 EDT | StdEsReturn                 0
2017-05-08 21:08:23.998412 EDT | MaxEsReturn              4999.01
2017-05-08 21:08:23.998681 EDT | MinEsReturn              4999.01
2017-05-08 21:08:23.998923 EDT | AverageDiscountedReturn   500.283
2017-05-08 21:08:23.999190 EDT | AverageQLoss             7029.16
2017-05-08 21:08:23.999459 EDT | AveragePolicySurr          -0.14872
2017-05-08 21:08:23.999693 EDT | AverageQ                   -0.444445
2017-05-08 21:08:23.999914 EDT | AverageAbsQ                 7.44105
2017-05-08 21:08:24.000164 EDT | AverageY                    4.89583
2017-05-08 21:08:24.000411 EDT | AverageAbsY                 4.90112
2017-05-08 21:08:24.000667 EDT | AverageAbsQYDiff           11.9816
2017-05-08 21:08:24.001480 EDT | AverageAction             nan
2017-05-08 21:08:24.001872 EDT | PolicyRegParamNorm        nan
2017-05-08 21:08:24.002911 EDT | QFunRegParamNorm          nan
2017-05-08 21:08:24.003369 EDT | -----------------------  -----------
2017-05-08 21:08:24.005830 EDT | [Tensorflow_RLLAB_Results/PolyRL/Humanoid/] epoch #11 | Training started
2017-05-08 21:08:24.853202 EDT | [Tensorflow_RLLAB_Results/PolyRL/Humanoid/] epoch #11 | Populating workers...
2017-05-08 21:08:24.853559 EDT | [Tensorflow_RLLAB_Results/PolyRL/Humanoid/] epoch #11 | Populated
2017-05-08 21:10:21.087104 EDT | [Tensorflow_RLLAB_Results/PolyRL/Humanoid/] epoch #11 | Training finished
2017-05-08 21:10:21.087764 EDT | [Tensorflow_RLLAB_Results/PolyRL/Humanoid/] epoch #11 | Trained qf 1000 steps, policy 1000 steps
2017-05-08 21:10:21.087905 EDT | [Tensorflow_RLLAB_Results/PolyRL/Humanoid/] epoch #11 | Collecting samples for evaluation
2017-05-08 21:10:42.988381 EDT | -----------------------  -----------
2017-05-08 21:10:42.988979 EDT | Epoch                      11
2017-05-08 21:10:42.989205 EDT | Iteration                  11
2017-05-08 21:10:42.989396 EDT | AverageReturn            5000.14
2017-05-08 21:10:42.989583 EDT | StdReturn                   0.492579
2017-05-08 21:10:42.989772 EDT | MaxReturn                5000.93
2017-05-08 21:10:42.989965 EDT | MinReturn                4999.4
2017-05-08 21:10:42.990217 EDT | AverageEsReturn          4999.9
2017-05-08 21:10:42.990470 EDT | StdEsReturn                 0
2017-05-08 21:10:42.990698 EDT | MaxEsReturn              4999.9
2017-05-08 21:10:42.990915 EDT | MinEsReturn              4999.9
2017-05-08 21:10:42.991157 EDT | AverageDiscountedReturn   500.121
2017-05-08 21:10:42.991397 EDT | AverageQLoss               22.5836
2017-05-08 21:10:42.991613 EDT | AveragePolicySurr          -0.319505
2017-05-08 21:10:42.991851 EDT | AverageQ                    0.319291
2017-05-08 21:10:42.992055 EDT | AverageAbsQ                 0.319291
2017-05-08 21:10:42.992258 EDT | AverageY                    5.02716
2017-05-08 21:10:42.992488 EDT | AverageAbsY                 5.03257
2017-05-08 21:10:42.992692 EDT | AverageAbsQYDiff            4.71461
2017-05-08 21:10:42.992905 EDT | AverageAction             nan
2017-05-08 21:10:42.993140 EDT | PolicyRegParamNorm        nan
2017-05-08 21:10:42.993343 EDT | QFunRegParamNorm          nan
2017-05-08 21:10:42.993584 EDT | -----------------------  -----------
2017-05-08 21:10:42.993901 EDT | [Tensorflow_RLLAB_Results/PolyRL/Humanoid/] epoch #12 | Training started
2017-05-08 21:10:43.616727 EDT | [Tensorflow_RLLAB_Results/PolyRL/Humanoid/] epoch #12 | Populating workers...
2017-05-08 21:10:43.617089 EDT | [Tensorflow_RLLAB_Results/PolyRL/Humanoid/] epoch #12 | Populated
2017-05-08 21:12:48.905220 EDT | [Tensorflow_RLLAB_Results/PolyRL/Humanoid/] epoch #12 | Training finished
2017-05-08 21:12:48.905988 EDT | [Tensorflow_RLLAB_Results/PolyRL/Humanoid/] epoch #12 | Trained qf 1000 steps, policy 1000 steps
2017-05-08 21:12:48.906129 EDT | [Tensorflow_RLLAB_Results/PolyRL/Humanoid/] epoch #12 | Collecting samples for evaluation
2017-05-08 21:13:07.466449 EDT | -----------------------  -----------
2017-05-08 21:13:07.467382 EDT | Epoch                      12
2017-05-08 21:13:07.467644 EDT | Iteration                  12
2017-05-08 21:13:07.468150 EDT | AverageReturn            5000.13
2017-05-08 21:13:07.468402 EDT | StdReturn                   0.515805
2017-05-08 21:13:07.468649 EDT | MaxReturn                5000.93
2017-05-08 21:13:07.469134 EDT | MinReturn                4999.31
2017-05-08 21:13:07.469318 EDT | AverageEsReturn          5000.29
2017-05-08 21:13:07.469542 EDT | StdEsReturn                 0
2017-05-08 21:13:07.469726 EDT | MaxEsReturn              5000.29
2017-05-08 21:13:07.469903 EDT | MinEsReturn              5000.29
2017-05-08 21:13:07.470088 EDT | AverageDiscountedReturn   500.112
2017-05-08 21:13:07.470275 EDT | AverageQLoss               21.8123
2017-05-08 21:13:07.470455 EDT | AveragePolicySurr          -0.589477
2017-05-08 21:13:07.470640 EDT | AverageQ                    0.589144
2017-05-08 21:13:07.470885 EDT | AverageAbsQ                 0.589144
2017-05-08 21:13:07.471099 EDT | AverageY                    5.21897
2017-05-08 21:13:07.471353 EDT | AverageAbsY                 5.22291
2017-05-08 21:13:07.471735 EDT | AverageAbsQYDiff            4.63639
2017-05-08 21:13:07.471972 EDT | AverageAction             nan
2017-05-08 21:13:07.472156 EDT | PolicyRegParamNorm        nan
2017-05-08 21:13:07.472348 EDT | QFunRegParamNorm          nan
2017-05-08 21:13:07.472542 EDT | -----------------------  -----------
2017-05-08 21:13:07.472825 EDT | [Tensorflow_RLLAB_Results/PolyRL/Humanoid/] epoch #13 | Training started
2017-05-08 21:13:08.019661 EDT | [Tensorflow_RLLAB_Results/PolyRL/Humanoid/] epoch #13 | Populating workers...
2017-05-08 21:13:08.020022 EDT | [Tensorflow_RLLAB_Results/PolyRL/Humanoid/] epoch #13 | Populated
