2017-05-12 16:25:32.454788 EDT | [Paper_Final_Averaged_PolyRL/PolyRL_DDPG_Hopper/Experiment_7] Populating workers...
2017-05-12 16:25:32.455199 EDT | [Paper_Final_Averaged_PolyRL/PolyRL_DDPG_Hopper/Experiment_7] Populated
2017-05-12 16:25:37.769487 EDT | [Paper_Final_Averaged_PolyRL/PolyRL_DDPG_Hopper/Experiment_7] epoch #0 | Training started
2017-05-12 16:25:37.770407 EDT | [Paper_Final_Averaged_PolyRL/PolyRL_DDPG_Hopper/Experiment_7] epoch #0 | Populating workers...
2017-05-12 16:25:37.770670 EDT | [Paper_Final_Averaged_PolyRL/PolyRL_DDPG_Hopper/Experiment_7] epoch #0 | Populated
2017-05-12 16:25:59.142258 EDT | [Paper_Final_Averaged_PolyRL/PolyRL_DDPG_Hopper/Experiment_7] epoch #0 | Training finished
2017-05-12 16:25:59.142902 EDT | [Paper_Final_Averaged_PolyRL/PolyRL_DDPG_Hopper/Experiment_7] epoch #1 | Training started
2017-05-12 16:25:59.145425 EDT | [Paper_Final_Averaged_PolyRL/PolyRL_DDPG_Hopper/Experiment_7] epoch #1 | Populating workers...
2017-05-12 16:25:59.145821 EDT | [Paper_Final_Averaged_PolyRL/PolyRL_DDPG_Hopper/Experiment_7] epoch #1 | Populated
2017-05-12 16:26:19.752853 EDT | [Paper_Final_Averaged_PolyRL/PolyRL_DDPG_Hopper/Experiment_7] epoch #1 | Training finished
2017-05-12 16:26:19.753566 EDT | [Paper_Final_Averaged_PolyRL/PolyRL_DDPG_Hopper/Experiment_7] epoch #2 | Training started
2017-05-12 16:26:19.758947 EDT | [Paper_Final_Averaged_PolyRL/PolyRL_DDPG_Hopper/Experiment_7] epoch #2 | Populating workers...
2017-05-12 16:26:19.759322 EDT | [Paper_Final_Averaged_PolyRL/PolyRL_DDPG_Hopper/Experiment_7] epoch #2 | Populated
2017-05-12 16:26:41.689413 EDT | [Paper_Final_Averaged_PolyRL/PolyRL_DDPG_Hopper/Experiment_7] epoch #2 | Training finished
2017-05-12 16:26:41.692152 EDT | [Paper_Final_Averaged_PolyRL/PolyRL_DDPG_Hopper/Experiment_7] epoch #3 | Training started
2017-05-12 16:26:41.696766 EDT | [Paper_Final_Averaged_PolyRL/PolyRL_DDPG_Hopper/Experiment_7] epoch #3 | Populating workers...
2017-05-12 16:26:41.697324 EDT | [Paper_Final_Averaged_PolyRL/PolyRL_DDPG_Hopper/Experiment_7] epoch #3 | Populated
2017-05-12 16:27:05.201315 EDT | [Paper_Final_Averaged_PolyRL/PolyRL_DDPG_Hopper/Experiment_7] epoch #3 | Training finished
2017-05-12 16:27:05.202081 EDT | [Paper_Final_Averaged_PolyRL/PolyRL_DDPG_Hopper/Experiment_7] epoch #4 | Training started
2017-05-12 16:27:05.206169 EDT | [Paper_Final_Averaged_PolyRL/PolyRL_DDPG_Hopper/Experiment_7] epoch #4 | Populating workers...
2017-05-12 16:27:05.206539 EDT | [Paper_Final_Averaged_PolyRL/PolyRL_DDPG_Hopper/Experiment_7] epoch #4 | Populated
2017-05-12 16:27:25.525059 EDT | [Paper_Final_Averaged_PolyRL/PolyRL_DDPG_Hopper/Experiment_7] epoch #4 | Training finished
2017-05-12 16:27:25.525691 EDT | [Paper_Final_Averaged_PolyRL/PolyRL_DDPG_Hopper/Experiment_7] epoch #5 | Training started
2017-05-12 16:27:25.529429 EDT | [Paper_Final_Averaged_PolyRL/PolyRL_DDPG_Hopper/Experiment_7] epoch #5 | Populating workers...
2017-05-12 16:27:25.529754 EDT | [Paper_Final_Averaged_PolyRL/PolyRL_DDPG_Hopper/Experiment_7] epoch #5 | Populated
2017-05-12 16:27:48.144636 EDT | [Paper_Final_Averaged_PolyRL/PolyRL_DDPG_Hopper/Experiment_7] epoch #5 | Training finished
2017-05-12 16:27:48.145388 EDT | [Paper_Final_Averaged_PolyRL/PolyRL_DDPG_Hopper/Experiment_7] epoch #6 | Training started
2017-05-12 16:27:48.150478 EDT | [Paper_Final_Averaged_PolyRL/PolyRL_DDPG_Hopper/Experiment_7] epoch #6 | Populating workers...
2017-05-12 16:27:48.151218 EDT | [Paper_Final_Averaged_PolyRL/PolyRL_DDPG_Hopper/Experiment_7] epoch #6 | Populated
2017-05-12 16:28:10.984793 EDT | [Paper_Final_Averaged_PolyRL/PolyRL_DDPG_Hopper/Experiment_7] epoch #6 | Training finished
2017-05-12 16:28:10.985538 EDT | [Paper_Final_Averaged_PolyRL/PolyRL_DDPG_Hopper/Experiment_7] epoch #7 | Training started
2017-05-12 16:28:10.989738 EDT | [Paper_Final_Averaged_PolyRL/PolyRL_DDPG_Hopper/Experiment_7] epoch #7 | Populating workers...
2017-05-12 16:28:10.990044 EDT | [Paper_Final_Averaged_PolyRL/PolyRL_DDPG_Hopper/Experiment_7] epoch #7 | Populated
2017-05-12 16:28:32.758111 EDT | [Paper_Final_Averaged_PolyRL/PolyRL_DDPG_Hopper/Experiment_7] epoch #7 | Training finished
2017-05-12 16:28:32.758733 EDT | [Paper_Final_Averaged_PolyRL/PolyRL_DDPG_Hopper/Experiment_7] epoch #8 | Training started
2017-05-12 16:28:32.762434 EDT | [Paper_Final_Averaged_PolyRL/PolyRL_DDPG_Hopper/Experiment_7] epoch #8 | Populating workers...
2017-05-12 16:28:32.762738 EDT | [Paper_Final_Averaged_PolyRL/PolyRL_DDPG_Hopper/Experiment_7] epoch #8 | Populated
2017-05-12 16:28:54.496819 EDT | [Paper_Final_Averaged_PolyRL/PolyRL_DDPG_Hopper/Experiment_7] epoch #8 | Training finished
2017-05-12 16:28:54.498142 EDT | [Paper_Final_Averaged_PolyRL/PolyRL_DDPG_Hopper/Experiment_7] epoch #9 | Training started
2017-05-12 16:28:54.501980 EDT | [Paper_Final_Averaged_PolyRL/PolyRL_DDPG_Hopper/Experiment_7] epoch #9 | Populating workers...
2017-05-12 16:28:54.502303 EDT | [Paper_Final_Averaged_PolyRL/PolyRL_DDPG_Hopper/Experiment_7] epoch #9 | Populated
2017-05-12 16:29:16.845228 EDT | [Paper_Final_Averaged_PolyRL/PolyRL_DDPG_Hopper/Experiment_7] epoch #9 | Training finished
2017-05-12 16:29:16.845539 EDT | [Paper_Final_Averaged_PolyRL/PolyRL_DDPG_Hopper/Experiment_7] epoch #9 | Collecting samples for evaluation
2017-05-12 16:29:32.951746 EDT | -----------------------  -----------
2017-05-12 16:29:32.952545 EDT | Epoch                     9
2017-05-12 16:29:32.952869 EDT | AverageReturn            14.08
2017-05-12 16:29:32.953192 EDT | StdReturn                 1.74958
2017-05-12 16:29:32.953606 EDT | MaxReturn                20.6616
2017-05-12 16:29:32.954003 EDT | MinReturn                 8.86492
2017-05-12 16:29:32.954360 EDT | AverageEsReturn          34.5145
2017-05-12 16:29:32.954714 EDT | StdEsReturn              11.8065
2017-05-12 16:29:32.955028 EDT | MaxEsReturn              63.5923
2017-05-12 16:29:32.957017 EDT | MinEsReturn               0.993047
2017-05-12 16:29:32.957345 EDT | AverageDiscountedReturn  13.2335
2017-05-12 16:29:32.957685 EDT | AverageQLoss              0.00267151
2017-05-12 16:29:32.958024 EDT | AveragePolicySurr        -0.109073
2017-05-12 16:29:32.958864 EDT | AverageQ                  0.113053
2017-05-12 16:29:32.959641 EDT | AverageAbsQ               0.113053
2017-05-12 16:29:32.960468 EDT | AverageY                  0.119629
2017-05-12 16:29:32.965255 EDT | AverageAbsY               0.119629
2017-05-12 16:29:32.966246 EDT | AverageAbsQYDiff          0.0377236
2017-05-12 16:29:32.967132 EDT | AverageAction             0.0107344
2017-05-12 16:29:32.969041 EDT | PolicyRegParamNorm       14.173
2017-05-12 16:29:32.969448 EDT | QFunRegParamNorm         14.0889
2017-05-12 16:29:32.969833 EDT | AverageForwardProgress    0.0197283
2017-05-12 16:29:32.970586 EDT | MaxForwardProgress        0.101343
2017-05-12 16:29:32.971596 EDT | MinForwardProgress       -0.0478266
2017-05-12 16:29:32.972448 EDT | StdForwardProgress        0.0221137
2017-05-12 16:29:32.973324 EDT | -----------------------  -----------
2017-05-12 16:29:32.974481 EDT | [Paper_Final_Averaged_PolyRL/PolyRL_DDPG_Hopper/Experiment_7] epoch #10 | Training started
2017-05-12 16:29:32.980820 EDT | [Paper_Final_Averaged_PolyRL/PolyRL_DDPG_Hopper/Experiment_7] epoch #10 | Populating workers...
2017-05-12 16:29:32.989758 EDT | [Paper_Final_Averaged_PolyRL/PolyRL_DDPG_Hopper/Experiment_7] epoch #10 | Populated
2017-05-12 16:30:03.273488 EDT | [Paper_Final_Averaged_PolyRL/PolyRL_DDPG_Hopper/Experiment_7] epoch #10 | Training finished
2017-05-12 16:30:03.274107 EDT | [Paper_Final_Averaged_PolyRL/PolyRL_DDPG_Hopper/Experiment_7] epoch #10 | Collecting samples for evaluation
2017-05-12 16:30:17.470805 EDT | -----------------------  ------------
2017-05-12 16:30:17.471375 EDT | Epoch                    10
2017-05-12 16:30:17.471767 EDT | AverageReturn             4.26047
2017-05-12 16:30:17.472138 EDT | StdReturn                 0.513628
2017-05-12 16:30:17.472550 EDT | MaxReturn                 6.41575
2017-05-12 16:30:17.472907 EDT | MinReturn                 2.57888
2017-05-12 16:30:17.473343 EDT | AverageEsReturn           4.64576
2017-05-12 16:30:17.473991 EDT | StdEsReturn               1.86311
2017-05-12 16:30:17.474934 EDT | MaxEsReturn              27.0175
2017-05-12 16:30:17.475766 EDT | MinEsReturn               2.86295
2017-05-12 16:30:17.476699 EDT | AverageDiscountedReturn   4.19294
2017-05-12 16:30:17.477605 EDT | AverageQLoss              0.000843803
2017-05-12 16:30:17.478510 EDT | AveragePolicySurr        -0.135338
2017-05-12 16:30:17.479450 EDT | AverageQ                  0.126447
2017-05-12 16:30:17.480295 EDT | AverageAbsQ               0.126522
2017-05-12 16:30:17.481160 EDT | AverageY                  0.12674
2017-05-12 16:30:17.482117 EDT | AverageAbsY               0.12674
2017-05-12 16:30:17.483007 EDT | AverageAbsQYDiff          0.0178865
2017-05-12 16:30:17.484000 EDT | AverageAction             0.980195
2017-05-12 16:30:17.484902 EDT | PolicyRegParamNorm       15.01
2017-05-12 16:30:17.485751 EDT | QFunRegParamNorm         14.494
2017-05-12 16:30:17.486739 EDT | AverageForwardProgress    0.00128032
2017-05-12 16:30:17.487622 EDT | MaxForwardProgress        0.0264109
2017-05-12 16:30:17.488610 EDT | MinForwardProgress       -0.0412011
2017-05-12 16:30:17.489458 EDT | StdForwardProgress        0.00743333
2017-05-12 16:30:17.490362 EDT | -----------------------  ------------
2017-05-12 16:30:17.491376 EDT | [Paper_Final_Averaged_PolyRL/PolyRL_DDPG_Hopper/Experiment_7] epoch #11 | Training started
2017-05-12 16:30:17.498774 EDT | [Paper_Final_Averaged_PolyRL/PolyRL_DDPG_Hopper/Experiment_7] epoch #11 | Populating workers...
2017-05-12 16:30:17.501311 EDT | [Paper_Final_Averaged_PolyRL/PolyRL_DDPG_Hopper/Experiment_7] epoch #11 | Populated
2017-05-12 16:30:54.361076 EDT | [Paper_Final_Averaged_PolyRL/PolyRL_DDPG_Hopper/Experiment_7] epoch #11 | Training finished
2017-05-12 16:30:54.361918 EDT | [Paper_Final_Averaged_PolyRL/PolyRL_DDPG_Hopper/Experiment_7] epoch #11 | Collecting samples for evaluation
2017-05-12 16:31:08.401121 EDT | -----------------------  ------------
2017-05-12 16:31:08.401863 EDT | Epoch                    11
2017-05-12 16:31:08.402244 EDT | AverageReturn             4.2788
2017-05-12 16:31:08.402612 EDT | StdReturn                 0.510323
2017-05-12 16:31:08.402970 EDT | MaxReturn                 6.51699
2017-05-12 16:31:08.403432 EDT | MinReturn                 2.73889
2017-05-12 16:31:08.403793 EDT | AverageEsReturn           4.23282
2017-05-12 16:31:08.404129 EDT | StdEsReturn               0.534178
2017-05-12 16:31:08.404473 EDT | MaxEsReturn               6.08195
2017-05-12 16:31:08.404827 EDT | MinEsReturn               2.90999
2017-05-12 16:31:08.405185 EDT | AverageDiscountedReturn   4.21074
2017-05-12 16:31:08.405537 EDT | AverageQLoss              0.000450542
2017-05-12 16:31:08.405888 EDT | AveragePolicySurr        -0.149708
2017-05-12 16:31:08.406232 EDT | AverageQ                  0.144503
2017-05-12 16:31:08.406575 EDT | AverageAbsQ               0.144576
2017-05-12 16:31:08.406943 EDT | AverageY                  0.144684
2017-05-12 16:31:08.407380 EDT | AverageAbsY               0.144684
2017-05-12 16:31:08.408029 EDT | AverageAbsQYDiff          0.0124204
2017-05-12 16:31:08.408651 EDT | AverageAction             0.997419
2017-05-12 16:31:08.409430 EDT | PolicyRegParamNorm       15.2585
2017-05-12 16:31:08.410207 EDT | QFunRegParamNorm         14.8535
2017-05-12 16:31:08.410885 EDT | AverageForwardProgress    0.00132707
2017-05-12 16:31:08.411598 EDT | MaxForwardProgress        0.0276139
2017-05-12 16:31:08.412274 EDT | MinForwardProgress       -0.0240916
2017-05-12 16:31:08.412985 EDT | StdForwardProgress        0.00755089
2017-05-12 16:31:08.413695 EDT | -----------------------  ------------
2017-05-12 16:31:08.414527 EDT | [Paper_Final_Averaged_PolyRL/PolyRL_DDPG_Hopper/Experiment_7] epoch #12 | Training started
2017-05-12 16:31:08.419220 EDT | [Paper_Final_Averaged_PolyRL/PolyRL_DDPG_Hopper/Experiment_7] epoch #12 | Populating workers...
2017-05-12 16:31:08.423423 EDT | [Paper_Final_Averaged_PolyRL/PolyRL_DDPG_Hopper/Experiment_7] epoch #12 | Populated
2017-05-12 16:31:47.597472 EDT | [Paper_Final_Averaged_PolyRL/PolyRL_DDPG_Hopper/Experiment_7] epoch #12 | Training finished
2017-05-12 16:31:47.598261 EDT | [Paper_Final_Averaged_PolyRL/PolyRL_DDPG_Hopper/Experiment_7] epoch #12 | Collecting samples for evaluation
2017-05-12 16:32:03.825422 EDT | -----------------------  ------------
2017-05-12 16:32:03.825989 EDT | Epoch                    12
2017-05-12 16:32:03.826215 EDT | AverageReturn             4.45933
2017-05-12 16:32:03.826514 EDT | StdReturn                 0.69162
2017-05-12 16:32:03.826791 EDT | MaxReturn                 6.8949
2017-05-12 16:32:03.827064 EDT | MinReturn                 2.45446
2017-05-12 16:32:03.827330 EDT | AverageEsReturn           4.04601
2017-05-12 16:32:03.827598 EDT | StdEsReturn               0.663924
2017-05-12 16:32:03.827873 EDT | MaxEsReturn               6.06248
2017-05-12 16:32:03.828144 EDT | MinEsReturn               2.37757
2017-05-12 16:32:03.828408 EDT | AverageDiscountedReturn   4.38438
2017-05-12 16:32:03.828674 EDT | AverageQLoss              0.000275944
2017-05-12 16:32:03.828964 EDT | AveragePolicySurr        -0.130978
2017-05-12 16:32:03.829258 EDT | AverageQ                  0.136435
2017-05-12 16:32:03.829530 EDT | AverageAbsQ               0.136568
2017-05-12 16:32:03.829857 EDT | AverageY                  0.136492
2017-05-12 16:32:03.830129 EDT | AverageAbsY               0.136499
2017-05-12 16:32:03.830395 EDT | AverageAbsQYDiff          0.00958317
2017-05-12 16:32:03.830663 EDT | AverageAction             0.94572
2017-05-12 16:32:03.830989 EDT | PolicyRegParamNorm       15.5448
2017-05-12 16:32:03.831435 EDT | QFunRegParamNorm         15.2806
2017-05-12 16:32:03.831864 EDT | AverageForwardProgress    0.00199049
2017-05-12 16:32:03.832344 EDT | MaxForwardProgress        0.0314966
2017-05-12 16:32:03.832792 EDT | MinForwardProgress       -0.0344576
2017-05-12 16:32:03.833256 EDT | StdForwardProgress        0.00776213
2017-05-12 16:32:03.833691 EDT | -----------------------  ------------
2017-05-12 16:32:03.834260 EDT | [Paper_Final_Averaged_PolyRL/PolyRL_DDPG_Hopper/Experiment_7] epoch #13 | Training started
2017-05-12 16:32:03.838302 EDT | [Paper_Final_Averaged_PolyRL/PolyRL_DDPG_Hopper/Experiment_7] epoch #13 | Populating workers...
2017-05-12 16:32:03.841942 EDT | [Paper_Final_Averaged_PolyRL/PolyRL_DDPG_Hopper/Experiment_7] epoch #13 | Populated
2017-05-12 16:32:36.744098 EDT | [Paper_Final_Averaged_PolyRL/PolyRL_DDPG_Hopper/Experiment_7] epoch #13 | Training finished
2017-05-12 16:32:36.744946 EDT | [Paper_Final_Averaged_PolyRL/PolyRL_DDPG_Hopper/Experiment_7] epoch #13 | Collecting samples for evaluation
2017-05-12 16:32:51.857880 EDT | -----------------------  ------------
2017-05-12 16:32:51.858967 EDT | Epoch                    13
2017-05-12 16:32:51.859343 EDT | AverageReturn            14.8696
2017-05-12 16:32:51.859733 EDT | StdReturn                 4.90316
2017-05-12 16:32:51.860130 EDT | MaxReturn                56.4194
2017-05-12 16:32:51.860505 EDT | MinReturn                 4.33379
2017-05-12 16:32:51.860855 EDT | AverageEsReturn           7.20305
2017-05-12 16:32:51.861203 EDT | StdEsReturn               7.53202
2017-05-12 16:32:51.862055 EDT | MaxEsReturn              54.5085
2017-05-12 16:32:51.862480 EDT | MinEsReturn               2.25974
2017-05-12 16:32:51.862819 EDT | AverageDiscountedReturn  13.8112
2017-05-12 16:32:51.863095 EDT | AverageQLoss              0.000335959
2017-05-12 16:32:51.863458 EDT | AveragePolicySurr        -0.158299
2017-05-12 16:32:51.863832 EDT | AverageQ                  0.129947
2017-05-12 16:32:51.864158 EDT | AverageAbsQ               0.130137
2017-05-12 16:32:51.864517 EDT | AverageY                  0.13006
2017-05-12 16:32:51.864874 EDT | AverageAbsY               0.13007
2017-05-12 16:32:51.865278 EDT | AverageAbsQYDiff          0.0102242
2017-05-12 16:32:51.865603 EDT | AverageAction             0.939331
2017-05-12 16:32:51.865875 EDT | PolicyRegParamNorm       15.85
2017-05-12 16:32:51.866144 EDT | QFunRegParamNorm         15.8737
2017-05-12 16:32:51.866408 EDT | AverageForwardProgress    0.0232462
2017-05-12 16:32:51.866680 EDT | MaxForwardProgress        0.341976
2017-05-12 16:32:51.866949 EDT | MinForwardProgress       -0.0313175
2017-05-12 16:32:51.867212 EDT | StdForwardProgress        0.0308668
2017-05-12 16:32:51.867779 EDT | -----------------------  ------------
2017-05-12 16:32:51.868760 EDT | [Paper_Final_Averaged_PolyRL/PolyRL_DDPG_Hopper/Experiment_7] epoch #14 | Training started
2017-05-12 16:32:51.873838 EDT | [Paper_Final_Averaged_PolyRL/PolyRL_DDPG_Hopper/Experiment_7] epoch #14 | Populating workers...
2017-05-12 16:32:51.885607 EDT | [Paper_Final_Averaged_PolyRL/PolyRL_DDPG_Hopper/Experiment_7] epoch #14 | Populated
2017-05-12 16:33:24.143785 EDT | [Paper_Final_Averaged_PolyRL/PolyRL_DDPG_Hopper/Experiment_7] epoch #14 | Training finished
2017-05-12 16:33:24.144062 EDT | [Paper_Final_Averaged_PolyRL/PolyRL_DDPG_Hopper/Experiment_7] epoch #14 | Collecting samples for evaluation
2017-05-12 16:33:36.281898 EDT | -----------------------  -----------
2017-05-12 16:33:36.283140 EDT | Epoch                    14
2017-05-12 16:33:36.285545 EDT | AverageReturn            14.4227
2017-05-12 16:33:36.287951 EDT | StdReturn                 4.20883
2017-05-12 16:33:36.289116 EDT | MaxReturn                36.8692
2017-05-12 16:33:36.289404 EDT | MinReturn                 5.94167
2017-05-12 16:33:36.289633 EDT | AverageEsReturn          14.5802
2017-05-12 16:33:36.289848 EDT | StdEsReturn               4.31916
2017-05-12 16:33:36.290071 EDT | MaxEsReturn              26.8328
2017-05-12 16:33:36.292748 EDT | MinEsReturn               7.48038
2017-05-12 16:33:36.293532 EDT | AverageDiscountedReturn  13.4312
2017-05-12 16:33:36.294363 EDT | AverageQLoss              0.00046624
2017-05-12 16:33:36.295125 EDT | AveragePolicySurr        -0.200935
2017-05-12 16:33:36.295398 EDT | AverageQ                  0.161382
2017-05-12 16:33:36.295624 EDT | AverageAbsQ               0.16157
2017-05-12 16:33:36.295829 EDT | AverageY                  0.161566
2017-05-12 16:33:36.296065 EDT | AverageAbsY               0.161578
2017-05-12 16:33:36.296333 EDT | AverageAbsQYDiff          0.012606
2017-05-12 16:33:36.296602 EDT | AverageAction             0.985938
2017-05-12 16:33:36.296878 EDT | PolicyRegParamNorm       15.9424
2017-05-12 16:33:36.297123 EDT | QFunRegParamNorm         16.4262
2017-05-12 16:33:36.297338 EDT | AverageForwardProgress    0.0200561
2017-05-12 16:33:36.297543 EDT | MaxForwardProgress        0.138104
2017-05-12 16:33:36.297791 EDT | MinForwardProgress       -0.0399083
2017-05-12 16:33:36.298044 EDT | StdForwardProgress        0.0228893
2017-05-12 16:33:36.298255 EDT | -----------------------  -----------
2017-05-12 16:33:36.298587 EDT | [Paper_Final_Averaged_PolyRL/PolyRL_DDPG_Hopper/Experiment_7] epoch #15 | Training started
2017-05-12 16:33:36.348683 EDT | [Paper_Final_Averaged_PolyRL/PolyRL_DDPG_Hopper/Experiment_7] epoch #15 | Populating workers...
2017-05-12 16:33:36.349042 EDT | [Paper_Final_Averaged_PolyRL/PolyRL_DDPG_Hopper/Experiment_7] epoch #15 | Populated
2017-05-12 16:34:14.669710 EDT | [Paper_Final_Averaged_PolyRL/PolyRL_DDPG_Hopper/Experiment_7] epoch #15 | Training finished
2017-05-12 16:34:14.670318 EDT | [Paper_Final_Averaged_PolyRL/PolyRL_DDPG_Hopper/Experiment_7] epoch #15 | Collecting samples for evaluation
2017-05-12 16:34:28.315786 EDT | -----------------------  -----------
2017-05-12 16:34:28.321027 EDT | Epoch                    15
2017-05-12 16:34:28.321438 EDT | AverageReturn            21.6876
2017-05-12 16:34:28.321713 EDT | StdReturn                 8.95201
2017-05-12 16:34:28.321982 EDT | MaxReturn                56.9755
2017-05-12 16:34:28.322252 EDT | MinReturn                 4.36402
2017-05-12 16:34:28.322532 EDT | AverageEsReturn          17.8551
2017-05-12 16:34:28.322795 EDT | StdEsReturn               7.55842
2017-05-12 16:34:28.323061 EDT | MaxEsReturn              44.9863
2017-05-12 16:34:28.323323 EDT | MinEsReturn               4.833
2017-05-12 16:34:28.323585 EDT | AverageDiscountedReturn  19.5866
2017-05-12 16:34:28.323970 EDT | AverageQLoss              0.00050656
2017-05-12 16:34:28.324624 EDT | AveragePolicySurr        -0.199863
2017-05-12 16:34:28.325297 EDT | AverageQ                  0.176478
2017-05-12 16:34:28.325979 EDT | AverageAbsQ               0.176708
2017-05-12 16:34:28.326603 EDT | AverageY                  0.176582
2017-05-12 16:34:28.327295 EDT | AverageAbsY               0.1766
2017-05-12 16:34:28.327942 EDT | AverageAbsQYDiff          0.013328
2017-05-12 16:34:28.328579 EDT | AverageAction             0.884625
2017-05-12 16:34:28.329230 EDT | PolicyRegParamNorm       16.0051
2017-05-12 16:34:28.329900 EDT | QFunRegParamNorm         16.8652
2017-05-12 16:34:28.330506 EDT | AverageForwardProgress    0.0747894
2017-05-12 16:34:28.331101 EDT | MaxForwardProgress        0.432037
2017-05-12 16:34:28.331732 EDT | MinForwardProgress       -0.0263789
2017-05-12 16:34:28.332378 EDT | StdForwardProgress        0.0728178
2017-05-12 16:34:28.333004 EDT | -----------------------  -----------
2017-05-12 16:34:28.333758 EDT | [Paper_Final_Averaged_PolyRL/PolyRL_DDPG_Hopper/Experiment_7] epoch #16 | Training started
2017-05-12 16:34:28.341938 EDT | [Paper_Final_Averaged_PolyRL/PolyRL_DDPG_Hopper/Experiment_7] epoch #16 | Populating workers...
2017-05-12 16:34:28.344752 EDT | [Paper_Final_Averaged_PolyRL/PolyRL_DDPG_Hopper/Experiment_7] epoch #16 | Populated
2017-05-12 16:35:05.034134 EDT | [Paper_Final_Averaged_PolyRL/PolyRL_DDPG_Hopper/Experiment_7] epoch #16 | Training finished
2017-05-12 16:35:05.034826 EDT | [Paper_Final_Averaged_PolyRL/PolyRL_DDPG_Hopper/Experiment_7] epoch #16 | Collecting samples for evaluation
2017-05-12 16:35:20.258820 EDT | -----------------------  ------------
2017-05-12 16:35:20.259622 EDT | Epoch                    16
2017-05-12 16:35:20.259996 EDT | AverageReturn             7.94112
2017-05-12 16:35:20.260358 EDT | StdReturn                 1.24882
2017-05-12 16:35:20.260723 EDT | MaxReturn                12.7038
2017-05-12 16:35:20.261076 EDT | MinReturn                 4.24563
2017-05-12 16:35:20.261347 EDT | AverageEsReturn          26.4286
2017-05-12 16:35:20.261648 EDT | StdEsReturn              19.8403
2017-05-12 16:35:20.261991 EDT | MaxEsReturn              65.9328
2017-05-12 16:35:20.266796 EDT | MinEsReturn               4.84823
2017-05-12 16:35:20.267235 EDT | AverageDiscountedReturn   7.62802
2017-05-12 16:35:20.267608 EDT | AverageQLoss              0.000455741
2017-05-12 16:35:20.267980 EDT | AveragePolicySurr        -0.200448
2017-05-12 16:35:20.268335 EDT | AverageQ                  0.178577
2017-05-12 16:35:20.268701 EDT | AverageAbsQ               0.178817
2017-05-12 16:35:20.269039 EDT | AverageY                  0.178646
2017-05-12 16:35:20.269309 EDT | AverageAbsY               0.178655
2017-05-12 16:35:20.269647 EDT | AverageAbsQYDiff          0.0127157
2017-05-12 16:35:20.270013 EDT | AverageAction             0.87173
2017-05-12 16:35:20.270372 EDT | PolicyRegParamNorm       16.0875
2017-05-12 16:35:20.270742 EDT | QFunRegParamNorm         17.2468
2017-05-12 16:35:20.271105 EDT | AverageForwardProgress   -0.0328155
2017-05-12 16:35:20.271453 EDT | MaxForwardProgress        0.0174405
2017-05-12 16:35:20.271823 EDT | MinForwardProgress       -0.0906852
2017-05-12 16:35:20.272184 EDT | StdForwardProgress        0.0138121
2017-05-12 16:35:20.273105 EDT | -----------------------  ------------
2017-05-12 16:35:20.273500 EDT | [Paper_Final_Averaged_PolyRL/PolyRL_DDPG_Hopper/Experiment_7] epoch #17 | Training started
2017-05-12 16:35:20.274574 EDT | [Paper_Final_Averaged_PolyRL/PolyRL_DDPG_Hopper/Experiment_7] epoch #17 | Populating workers...
2017-05-12 16:35:20.275034 EDT | [Paper_Final_Averaged_PolyRL/PolyRL_DDPG_Hopper/Experiment_7] epoch #17 | Populated
2017-05-12 16:35:53.982894 EDT | [Paper_Final_Averaged_PolyRL/PolyRL_DDPG_Hopper/Experiment_7] epoch #17 | Training finished
2017-05-12 16:35:53.983169 EDT | [Paper_Final_Averaged_PolyRL/PolyRL_DDPG_Hopper/Experiment_7] epoch #17 | Collecting samples for evaluation
2017-05-12 16:36:07.022393 EDT | -----------------------  ------------
2017-05-12 16:36:07.023898 EDT | Epoch                    17
2017-05-12 16:36:07.025942 EDT | AverageReturn            18.7941
2017-05-12 16:36:07.026206 EDT | StdReturn                 4.50897
2017-05-12 16:36:07.028086 EDT | MaxReturn                35.0488
2017-05-12 16:36:07.030073 EDT | MinReturn                 9.8123
2017-05-12 16:36:07.030397 EDT | AverageEsReturn           8.17951
2017-05-12 16:36:07.032465 EDT | StdEsReturn               2.46699
2017-05-12 16:36:07.032750 EDT | MaxEsReturn              20.7506
2017-05-12 16:36:07.033082 EDT | MinEsReturn               4.93024
2017-05-12 16:36:07.033331 EDT | AverageDiscountedReturn  16.9152
2017-05-12 16:36:07.033552 EDT | AverageQLoss              0.000596588
2017-05-12 16:36:07.033770 EDT | AveragePolicySurr        -0.208806
2017-05-12 16:36:07.034013 EDT | AverageQ                  0.181634
2017-05-12 16:36:07.034241 EDT | AverageAbsQ               0.18187
2017-05-12 16:36:07.034453 EDT | AverageY                  0.18165
2017-05-12 16:36:07.034671 EDT | AverageAbsY               0.181669
2017-05-12 16:36:07.034887 EDT | AverageAbsQYDiff          0.0142667
2017-05-12 16:36:07.037072 EDT | AverageAction             0.814559
2017-05-12 16:36:07.037328 EDT | PolicyRegParamNorm       16.2215
2017-05-12 16:36:07.039288 EDT | QFunRegParamNorm         17.7486
2017-05-12 16:36:07.041421 EDT | AverageForwardProgress   -0.0613108
2017-05-12 16:36:07.041706 EDT | MaxForwardProgress        0.0661065
2017-05-12 16:36:07.043653 EDT | MinForwardProgress       -0.171746
2017-05-12 16:36:07.045574 EDT | StdForwardProgress        0.0426057
2017-05-12 16:36:07.045989 EDT | -----------------------  ------------
2017-05-12 16:36:07.048447 EDT | [Paper_Final_Averaged_PolyRL/PolyRL_DDPG_Hopper/Experiment_7] epoch #18 | Training started
2017-05-12 16:36:07.085287 EDT | [Paper_Final_Averaged_PolyRL/PolyRL_DDPG_Hopper/Experiment_7] epoch #18 | Populating workers...
2017-05-12 16:36:07.090265 EDT | [Paper_Final_Averaged_PolyRL/PolyRL_DDPG_Hopper/Experiment_7] epoch #18 | Populated
2017-05-12 16:36:44.434750 EDT | [Paper_Final_Averaged_PolyRL/PolyRL_DDPG_Hopper/Experiment_7] epoch #18 | Training finished
2017-05-12 16:36:44.435437 EDT | [Paper_Final_Averaged_PolyRL/PolyRL_DDPG_Hopper/Experiment_7] epoch #18 | Collecting samples for evaluation
2017-05-12 16:36:58.591698 EDT | -----------------------  -------------
2017-05-12 16:36:58.592596 EDT | Epoch                     18
2017-05-12 16:36:58.593038 EDT | AverageReturn             48.9469
2017-05-12 16:36:58.593390 EDT | StdReturn                 19.3418
2017-05-12 16:36:58.593713 EDT | MaxReturn                129.111
2017-05-12 16:36:58.594010 EDT | MinReturn                 16.6271
2017-05-12 16:36:58.594305 EDT | AverageEsReturn           45.9998
2017-05-12 16:36:58.594619 EDT | StdEsReturn               17.9723
2017-05-12 16:36:58.594965 EDT | MaxEsReturn               78.3083
2017-05-12 16:36:58.595292 EDT | MinEsReturn                4.89
2017-05-12 16:36:58.595606 EDT | AverageDiscountedReturn   37.8097
2017-05-12 16:36:58.595913 EDT | AverageQLoss               0.000677404
2017-05-12 16:36:58.596245 EDT | AveragePolicySurr         -0.208926
2017-05-12 16:36:58.596539 EDT | AverageQ                   0.190266
2017-05-12 16:36:58.596838 EDT | AverageAbsQ                0.190479
2017-05-12 16:36:58.597224 EDT | AverageY                   0.190278
2017-05-12 16:36:58.602899 EDT | AverageAbsY                0.190294
2017-05-12 16:36:58.603374 EDT | AverageAbsQYDiff           0.0155835
2017-05-12 16:36:58.603716 EDT | AverageAction              0.847713
2017-05-12 16:36:58.604047 EDT | PolicyRegParamNorm        16.3679
2017-05-12 16:36:58.604395 EDT | QFunRegParamNorm          18.3507
2017-05-12 16:36:58.604731 EDT | AverageForwardProgress     0.0566809
2017-05-12 16:36:58.605084 EDT | MaxForwardProgress         0.157636
2017-05-12 16:36:58.605425 EDT | MinForwardProgress        -0.315316
2017-05-12 16:36:58.605879 EDT | StdForwardProgress         0.070025
2017-05-12 16:36:58.606834 EDT | -----------------------  -------------
2017-05-12 16:36:58.607922 EDT | [Paper_Final_Averaged_PolyRL/PolyRL_DDPG_Hopper/Experiment_7] epoch #19 | Training started
2017-05-12 16:36:58.612775 EDT | [Paper_Final_Averaged_PolyRL/PolyRL_DDPG_Hopper/Experiment_7] epoch #19 | Populating workers...
2017-05-12 16:36:58.624093 EDT | [Paper_Final_Averaged_PolyRL/PolyRL_DDPG_Hopper/Experiment_7] epoch #19 | Populated
2017-05-12 16:37:37.719813 EDT | [Paper_Final_Averaged_PolyRL/PolyRL_DDPG_Hopper/Experiment_7] epoch #19 | Training finished
2017-05-12 16:37:37.727838 EDT | [Paper_Final_Averaged_PolyRL/PolyRL_DDPG_Hopper/Experiment_7] epoch #19 | Collecting samples for evaluation
2017-05-12 16:37:53.152990 EDT | -----------------------  ------------
2017-05-12 16:37:53.154379 EDT | Epoch                    19
2017-05-12 16:37:53.156816 EDT | AverageReturn            27.3977
2017-05-12 16:37:53.159421 EDT | StdReturn                 8.27933
2017-05-12 16:37:53.162001 EDT | MaxReturn                51.1318
2017-05-12 16:37:53.164495 EDT | MinReturn                 9.4459
2017-05-12 16:37:53.177864 EDT | AverageEsReturn          35.6133
2017-05-12 16:37:53.179708 EDT | StdEsReturn              12.7212
2017-05-12 16:37:53.181945 EDT | MaxEsReturn              61.9975
2017-05-12 16:37:53.184070 EDT | MinEsReturn               8.85856
2017-05-12 16:37:53.186257 EDT | AverageDiscountedReturn  23.9076
2017-05-12 16:37:53.189994 EDT | AverageQLoss              0.000679352
2017-05-12 16:37:53.192200 EDT | AveragePolicySurr        -0.217312
2017-05-12 16:37:53.194329 EDT | AverageQ                  0.199501
2017-05-12 16:37:53.198229 EDT | AverageAbsQ               0.199703
2017-05-12 16:37:53.204558 EDT | AverageY                  0.199547
2017-05-12 16:37:53.205095 EDT | AverageAbsY               0.199567
2017-05-12 16:37:53.205461 EDT | AverageAbsQYDiff          0.0151675
2017-05-12 16:37:53.205828 EDT | AverageAction             0.789312
2017-05-12 16:37:53.206197 EDT | PolicyRegParamNorm       16.4611
2017-05-12 16:37:53.206525 EDT | QFunRegParamNorm         18.9282
2017-05-12 16:37:53.206900 EDT | AverageForwardProgress    0.0465496
2017-05-12 16:37:53.207266 EDT | MaxForwardProgress        0.177556
2017-05-12 16:37:53.207690 EDT | MinForwardProgress       -0.180469
2017-05-12 16:37:53.208092 EDT | StdForwardProgress        0.0548926
2017-05-12 16:37:53.208513 EDT | -----------------------  ------------
2017-05-12 16:37:53.209185 EDT | [Paper_Final_Averaged_PolyRL/PolyRL_DDPG_Hopper/Experiment_7] epoch #20 | Training started
2017-05-12 16:37:53.214525 EDT | [Paper_Final_Averaged_PolyRL/PolyRL_DDPG_Hopper/Experiment_7] epoch #20 | Populating workers...
2017-05-12 16:37:53.215452 EDT | [Paper_Final_Averaged_PolyRL/PolyRL_DDPG_Hopper/Experiment_7] epoch #20 | Populated
2017-05-12 16:38:22.972097 EDT | [Paper_Final_Averaged_PolyRL/PolyRL_DDPG_Hopper/Experiment_7] epoch #20 | Training finished
2017-05-12 16:38:22.977956 EDT | [Paper_Final_Averaged_PolyRL/PolyRL_DDPG_Hopper/Experiment_7] epoch #20 | Collecting samples for evaluation
2017-05-12 16:38:37.471784 EDT | -----------------------  ------------
2017-05-12 16:38:37.472413 EDT | Epoch                    20
2017-05-12 16:38:37.472677 EDT | AverageReturn            22.2695
2017-05-12 16:38:37.472937 EDT | StdReturn                 6.03809
2017-05-12 16:38:37.473175 EDT | MaxReturn                41.2547
2017-05-12 16:38:37.473412 EDT | MinReturn                 9.56145
2017-05-12 16:38:37.473651 EDT | AverageEsReturn          27.1862
2017-05-12 16:38:37.473886 EDT | StdEsReturn              10.6855
2017-05-12 16:38:37.474125 EDT | MaxEsReturn              56.1051
2017-05-12 16:38:37.474342 EDT | MinEsReturn              12.5011
2017-05-12 16:38:37.474575 EDT | AverageDiscountedReturn  20.1235
2017-05-12 16:38:37.474812 EDT | AverageQLoss              0.000771657
2017-05-12 16:38:37.475050 EDT | AveragePolicySurr        -0.223926
2017-05-12 16:38:37.475281 EDT | AverageQ                  0.207219
2017-05-12 16:38:37.475529 EDT | AverageAbsQ               0.20747
2017-05-12 16:38:37.475791 EDT | AverageY                  0.207307
2017-05-12 16:38:37.476022 EDT | AverageAbsY               0.207322
2017-05-12 16:38:37.476276 EDT | AverageAbsQYDiff          0.0154806
2017-05-12 16:38:37.476546 EDT | AverageAction             0.775291
2017-05-12 16:38:37.476802 EDT | PolicyRegParamNorm       16.4879
2017-05-12 16:38:37.477067 EDT | QFunRegParamNorm         19.4763
2017-05-12 16:38:37.477329 EDT | AverageForwardProgress    0.064371
2017-05-12 16:38:37.477596 EDT | MaxForwardProgress        0.264014
2017-05-12 16:38:37.477865 EDT | MinForwardProgress       -0.144099
2017-05-12 16:38:37.478218 EDT | StdForwardProgress        0.0445813
2017-05-12 16:38:37.478470 EDT | -----------------------  ------------
2017-05-12 16:38:37.478869 EDT | [Paper_Final_Averaged_PolyRL/PolyRL_DDPG_Hopper/Experiment_7] epoch #21 | Training started
2017-05-12 16:38:37.482979 EDT | [Paper_Final_Averaged_PolyRL/PolyRL_DDPG_Hopper/Experiment_7] epoch #21 | Populating workers...
2017-05-12 16:38:37.483348 EDT | [Paper_Final_Averaged_PolyRL/PolyRL_DDPG_Hopper/Experiment_7] epoch #21 | Populated
2017-05-12 16:39:12.252651 EDT | [Paper_Final_Averaged_PolyRL/PolyRL_DDPG_Hopper/Experiment_7] epoch #21 | Training finished
2017-05-12 16:39:12.253359 EDT | [Paper_Final_Averaged_PolyRL/PolyRL_DDPG_Hopper/Experiment_7] epoch #21 | Collecting samples for evaluation
2017-05-12 16:39:24.793528 EDT | -----------------------  ------------
2017-05-12 16:39:24.794363 EDT | Epoch                    21
2017-05-12 16:39:24.794745 EDT | AverageReturn            38.6644
2017-05-12 16:39:24.795094 EDT | StdReturn                18.901
2017-05-12 16:39:24.795456 EDT | MaxReturn                99.03
2017-05-12 16:39:24.795812 EDT | MinReturn                 3.9532
2017-05-12 16:39:24.796158 EDT | AverageEsReturn          35.9999
2017-05-12 16:39:24.796511 EDT | StdEsReturn              15.5282
2017-05-12 16:39:24.796864 EDT | MaxEsReturn              67.1066
2017-05-12 16:39:24.797219 EDT | MinEsReturn               5.43703
2017-05-12 16:39:24.797559 EDT | AverageDiscountedReturn  32.1566
2017-05-12 16:39:24.797912 EDT | AverageQLoss              0.000817891
2017-05-12 16:39:24.798272 EDT | AveragePolicySurr        -0.22816
2017-05-12 16:39:24.798640 EDT | AverageQ                  0.21371
2017-05-12 16:39:24.799002 EDT | AverageAbsQ               0.213917
2017-05-12 16:39:24.799360 EDT | AverageY                  0.213744
2017-05-12 16:39:24.799954 EDT | AverageAbsY               0.213757
2017-05-12 16:39:24.800578 EDT | AverageAbsQYDiff          0.0156072
2017-05-12 16:39:24.801170 EDT | AverageAction             0.71658
2017-05-12 16:39:24.801865 EDT | PolicyRegParamNorm       16.5301
2017-05-12 16:39:24.802449 EDT | QFunRegParamNorm         20.0554
2017-05-12 16:39:24.803088 EDT | AverageForwardProgress    0.17991
2017-05-12 16:39:24.803893 EDT | MaxForwardProgress        0.577554
2017-05-12 16:39:24.804608 EDT | MinForwardProgress       -0.254357
2017-05-12 16:39:24.805247 EDT | StdForwardProgress        0.148898
2017-05-12 16:39:24.805845 EDT | -----------------------  ------------
2017-05-12 16:39:24.806600 EDT | [Paper_Final_Averaged_PolyRL/PolyRL_DDPG_Hopper/Experiment_7] epoch #22 | Training started
2017-05-12 16:39:24.811178 EDT | [Paper_Final_Averaged_PolyRL/PolyRL_DDPG_Hopper/Experiment_7] epoch #22 | Populating workers...
2017-05-12 16:39:24.815515 EDT | [Paper_Final_Averaged_PolyRL/PolyRL_DDPG_Hopper/Experiment_7] epoch #22 | Populated
2017-05-12 16:40:04.095749 EDT | [Paper_Final_Averaged_PolyRL/PolyRL_DDPG_Hopper/Experiment_7] epoch #22 | Training finished
2017-05-12 16:40:04.096366 EDT | [Paper_Final_Averaged_PolyRL/PolyRL_DDPG_Hopper/Experiment_7] epoch #22 | Collecting samples for evaluation
2017-05-12 16:40:18.009301 EDT | -----------------------  ------------
2017-05-12 16:40:18.009622 EDT | Epoch                    22
2017-05-12 16:40:18.009848 EDT | AverageReturn            49.7629
2017-05-12 16:40:18.010056 EDT | StdReturn                20.3927
2017-05-12 16:40:18.010263 EDT | MaxReturn                80.4896
2017-05-12 16:40:18.010476 EDT | MinReturn                 4.14608
2017-05-12 16:40:18.010682 EDT | AverageEsReturn          46.8654
2017-05-12 16:40:18.010890 EDT | StdEsReturn              20.5102
2017-05-12 16:40:18.011104 EDT | MaxEsReturn              79.9707
2017-05-12 16:40:18.011309 EDT | MinEsReturn               4.57514
2017-05-12 16:40:18.011512 EDT | AverageDiscountedReturn  40.6503
2017-05-12 16:40:18.011725 EDT | AverageQLoss              0.000817207
2017-05-12 16:40:18.011922 EDT | AveragePolicySurr        -0.232297
2017-05-12 16:40:18.012122 EDT | AverageQ                  0.218486
2017-05-12 16:40:18.012321 EDT | AverageAbsQ               0.218732
2017-05-12 16:40:18.012518 EDT | AverageY                  0.218527
2017-05-12 16:40:18.012716 EDT | AverageAbsY               0.21854
2017-05-12 16:40:18.013025 EDT | AverageAbsQYDiff          0.0155223
2017-05-12 16:40:18.013233 EDT | AverageAction             0.75608
2017-05-12 16:40:18.013438 EDT | PolicyRegParamNorm       16.6313
2017-05-12 16:40:18.013641 EDT | QFunRegParamNorm         20.6552
2017-05-12 16:40:18.013845 EDT | AverageForwardProgress    0.309773
2017-05-12 16:40:18.014057 EDT | MaxForwardProgress        0.551808
2017-05-12 16:40:18.014263 EDT | MinForwardProgress       -0.122041
2017-05-12 16:40:18.014471 EDT | StdForwardProgress        0.173499
2017-05-12 16:40:18.014674 EDT | -----------------------  ------------
2017-05-12 16:40:18.015009 EDT | [Paper_Final_Averaged_PolyRL/PolyRL_DDPG_Hopper/Experiment_7] epoch #23 | Training started
2017-05-12 16:40:18.018682 EDT | [Paper_Final_Averaged_PolyRL/PolyRL_DDPG_Hopper/Experiment_7] epoch #23 | Populating workers...
2017-05-12 16:40:18.018987 EDT | [Paper_Final_Averaged_PolyRL/PolyRL_DDPG_Hopper/Experiment_7] epoch #23 | Populated
2017-05-12 16:40:55.690635 EDT | [Paper_Final_Averaged_PolyRL/PolyRL_DDPG_Hopper/Experiment_7] epoch #23 | Training finished
2017-05-12 16:40:55.693016 EDT | [Paper_Final_Averaged_PolyRL/PolyRL_DDPG_Hopper/Experiment_7] epoch #23 | Collecting samples for evaluation
2017-05-12 16:41:11.408389 EDT | -----------------------  ------------
2017-05-12 16:41:11.411173 EDT | Epoch                    23
2017-05-12 16:41:11.411583 EDT | AverageReturn            45.2475
2017-05-12 16:41:11.411942 EDT | StdReturn                17.8247
2017-05-12 16:41:11.412275 EDT | MaxReturn                78.9747
2017-05-12 16:41:11.412637 EDT | MinReturn                 4.80838
2017-05-12 16:41:11.413032 EDT | AverageEsReturn          48.2695
2017-05-12 16:41:11.413395 EDT | StdEsReturn              15.4488
2017-05-12 16:41:11.413761 EDT | MaxEsReturn              74.9597
2017-05-12 16:41:11.414106 EDT | MinEsReturn              14.7066
2017-05-12 16:41:11.414452 EDT | AverageDiscountedReturn  37.3712
2017-05-12 16:41:11.414816 EDT | AverageQLoss              0.000855168
2017-05-12 16:41:11.415184 EDT | AveragePolicySurr        -0.236891
2017-05-12 16:41:11.415548 EDT | AverageQ                  0.222542
2017-05-12 16:41:11.415895 EDT | AverageAbsQ               0.222831
2017-05-12 16:41:11.416237 EDT | AverageY                  0.222594
2017-05-12 16:41:11.416580 EDT | AverageAbsY               0.222608
2017-05-12 16:41:11.416943 EDT | AverageAbsQYDiff          0.0157177
2017-05-12 16:41:11.417291 EDT | AverageAction             0.709214
2017-05-12 16:41:11.417651 EDT | PolicyRegParamNorm       16.747
2017-05-12 16:41:11.417987 EDT | QFunRegParamNorm         21.2449
2017-05-12 16:41:11.418316 EDT | AverageForwardProgress    0.256858
2017-05-12 16:41:11.418662 EDT | MaxForwardProgress        0.512797
2017-05-12 16:41:11.419025 EDT | MinForwardProgress       -0.188485
2017-05-12 16:41:11.419389 EDT | StdForwardProgress        0.152106
2017-05-12 16:41:11.419759 EDT | -----------------------  ------------
2017-05-12 16:41:11.420235 EDT | [Paper_Final_Averaged_PolyRL/PolyRL_DDPG_Hopper/Experiment_7] epoch #24 | Training started
2017-05-12 16:41:11.424298 EDT | [Paper_Final_Averaged_PolyRL/PolyRL_DDPG_Hopper/Experiment_7] epoch #24 | Populating workers...
2017-05-12 16:41:11.424839 EDT | [Paper_Final_Averaged_PolyRL/PolyRL_DDPG_Hopper/Experiment_7] epoch #24 | Populated
2017-05-12 16:41:43.656939 EDT | [Paper_Final_Averaged_PolyRL/PolyRL_DDPG_Hopper/Experiment_7] epoch #24 | Training finished
2017-05-12 16:41:43.657569 EDT | [Paper_Final_Averaged_PolyRL/PolyRL_DDPG_Hopper/Experiment_7] epoch #24 | Collecting samples for evaluation
2017-05-12 16:41:56.400044 EDT | -----------------------  -----------
2017-05-12 16:41:56.400832 EDT | Epoch                    24
2017-05-12 16:41:56.401255 EDT | AverageReturn            48.8852
2017-05-12 16:41:56.401645 EDT | StdReturn                19.7832
2017-05-12 16:41:56.401996 EDT | MaxReturn                80.4089
2017-05-12 16:41:56.402375 EDT | MinReturn                 5.03124
2017-05-12 16:41:56.402813 EDT | AverageEsReturn          49.1775
2017-05-12 16:41:56.403175 EDT | StdEsReturn              20.4566
2017-05-12 16:41:56.403541 EDT | MaxEsReturn              68.2578
2017-05-12 16:41:56.403887 EDT | MinEsReturn               6.20393
2017-05-12 16:41:56.404248 EDT | AverageDiscountedReturn  39.7032
2017-05-12 16:41:56.404664 EDT | AverageQLoss              0.00088603
2017-05-12 16:41:56.405034 EDT | AveragePolicySurr        -0.240984
2017-05-12 16:41:56.405318 EDT | AverageQ                  0.22735
2017-05-12 16:41:56.405589 EDT | AverageAbsQ               0.227625
2017-05-12 16:41:56.405857 EDT | AverageY                  0.227372
2017-05-12 16:41:56.406122 EDT | AverageAbsY               0.227386
2017-05-12 16:41:56.406395 EDT | AverageAbsQYDiff          0.0156076
2017-05-12 16:41:56.406665 EDT | AverageAction             0.654468
2017-05-12 16:41:56.406938 EDT | PolicyRegParamNorm       16.861
2017-05-12 16:41:56.407247 EDT | QFunRegParamNorm         21.7984
2017-05-12 16:41:56.407600 EDT | AverageForwardProgress    0.279323
2017-05-12 16:41:56.407975 EDT | MaxForwardProgress        0.499136
2017-05-12 16:41:56.408373 EDT | MinForwardProgress       -0.557631
2017-05-12 16:41:56.408737 EDT | StdForwardProgress        0.171562
2017-05-12 16:41:56.409121 EDT | -----------------------  -----------
2017-05-12 16:41:56.409605 EDT | [Paper_Final_Averaged_PolyRL/PolyRL_DDPG_Hopper/Experiment_7] epoch #25 | Training started
2017-05-12 16:41:56.422833 EDT | [Paper_Final_Averaged_PolyRL/PolyRL_DDPG_Hopper/Experiment_7] epoch #25 | Populating workers...
2017-05-12 16:41:56.423243 EDT | [Paper_Final_Averaged_PolyRL/PolyRL_DDPG_Hopper/Experiment_7] epoch #25 | Populated
2017-05-12 16:42:34.133368 EDT | [Paper_Final_Averaged_PolyRL/PolyRL_DDPG_Hopper/Experiment_7] epoch #25 | Training finished
2017-05-12 16:42:34.134220 EDT | [Paper_Final_Averaged_PolyRL/PolyRL_DDPG_Hopper/Experiment_7] epoch #25 | Collecting samples for evaluation
2017-05-12 16:42:47.835014 EDT | -----------------------  -----------
2017-05-12 16:42:47.835341 EDT | Epoch                    25
2017-05-12 16:42:47.835646 EDT | AverageReturn            57.7577
2017-05-12 16:42:47.835945 EDT | StdReturn                 9.95012
2017-05-12 16:42:47.836164 EDT | MaxReturn                72.0005
2017-05-12 16:42:47.836377 EDT | MinReturn                10.3772
2017-05-12 16:42:47.836587 EDT | AverageEsReturn          52.4183
2017-05-12 16:42:47.836803 EDT | StdEsReturn              16.146
2017-05-12 16:42:47.837059 EDT | MaxEsReturn              71.6296
2017-05-12 16:42:47.837268 EDT | MinEsReturn              14.6498
2017-05-12 16:42:47.837488 EDT | AverageDiscountedReturn  46.7698
2017-05-12 16:42:47.837697 EDT | AverageQLoss              0.00092829
2017-05-12 16:42:47.837908 EDT | AveragePolicySurr        -0.244468
2017-05-12 16:42:47.838114 EDT | AverageQ                  0.231818
2017-05-12 16:42:47.838320 EDT | AverageAbsQ               0.232098
2017-05-12 16:42:47.838542 EDT | AverageY                  0.231847
2017-05-12 16:42:47.838755 EDT | AverageAbsY               0.231869
2017-05-12 16:42:47.838970 EDT | AverageAbsQYDiff          0.015826
2017-05-12 16:42:47.839181 EDT | AverageAction             0.691394
2017-05-12 16:42:47.839395 EDT | PolicyRegParamNorm       17.0212
2017-05-12 16:42:47.839606 EDT | QFunRegParamNorm         22.3738
2017-05-12 16:42:47.839814 EDT | AverageForwardProgress    0.370703
2017-05-12 16:42:47.840026 EDT | MaxForwardProgress        0.497751
2017-05-12 16:42:47.840237 EDT | MinForwardProgress       -0.0218566
2017-05-12 16:42:47.840451 EDT | StdForwardProgress        0.101793
2017-05-12 16:42:47.840657 EDT | -----------------------  -----------
2017-05-12 16:42:47.841515 EDT | [Paper_Final_Averaged_PolyRL/PolyRL_DDPG_Hopper/Experiment_7] epoch #26 | Training started
2017-05-12 16:42:47.845352 EDT | [Paper_Final_Averaged_PolyRL/PolyRL_DDPG_Hopper/Experiment_7] epoch #26 | Populating workers...
2017-05-12 16:42:47.845666 EDT | [Paper_Final_Averaged_PolyRL/PolyRL_DDPG_Hopper/Experiment_7] epoch #26 | Populated
2017-05-12 16:43:27.742609 EDT | [Paper_Final_Averaged_PolyRL/PolyRL_DDPG_Hopper/Experiment_7] epoch #26 | Training finished
2017-05-12 16:43:27.743392 EDT | [Paper_Final_Averaged_PolyRL/PolyRL_DDPG_Hopper/Experiment_7] epoch #26 | Collecting samples for evaluation
2017-05-12 16:43:42.352199 EDT | -----------------------  ------------
2017-05-12 16:43:42.353025 EDT | Epoch                    26
2017-05-12 16:43:42.353387 EDT | AverageReturn            50.8318
2017-05-12 16:43:42.353707 EDT | StdReturn                15.2086
2017-05-12 16:43:42.354060 EDT | MaxReturn                74.4327
2017-05-12 16:43:42.354399 EDT | MinReturn                23.9637
2017-05-12 16:43:42.354752 EDT | AverageEsReturn          57.894
2017-05-12 16:43:42.355084 EDT | StdEsReturn              13.0542
2017-05-12 16:43:42.355437 EDT | MaxEsReturn              71.7226
2017-05-12 16:43:42.355886 EDT | MinEsReturn               9.83723
2017-05-12 16:43:42.356238 EDT | AverageDiscountedReturn  41.8603
2017-05-12 16:43:42.356634 EDT | AverageQLoss              0.000912019
2017-05-12 16:43:42.356979 EDT | AveragePolicySurr        -0.247259
2017-05-12 16:43:42.357690 EDT | AverageQ                  0.234628
2017-05-12 16:43:42.358540 EDT | AverageAbsQ               0.234956
2017-05-12 16:43:42.359368 EDT | AverageY                  0.234657
2017-05-12 16:43:42.360208 EDT | AverageAbsY               0.23468
2017-05-12 16:43:42.361096 EDT | AverageAbsQYDiff          0.0156028
2017-05-12 16:43:42.362004 EDT | AverageAction             0.780723
2017-05-12 16:43:42.362797 EDT | PolicyRegParamNorm       17.1761
2017-05-12 16:43:42.363626 EDT | QFunRegParamNorm         22.8654
2017-05-12 16:43:42.364355 EDT | AverageForwardProgress    0.316954
2017-05-12 16:43:42.365093 EDT | MaxForwardProgress        0.546898
2017-05-12 16:43:42.365811 EDT | MinForwardProgress        0.061409
2017-05-12 16:43:42.366662 EDT | StdForwardProgress        0.136077
2017-05-12 16:43:42.367546 EDT | -----------------------  ------------
2017-05-12 16:43:42.368561 EDT | [Paper_Final_Averaged_PolyRL/PolyRL_DDPG_Hopper/Experiment_7] epoch #27 | Training started
2017-05-12 16:43:42.378661 EDT | [Paper_Final_Averaged_PolyRL/PolyRL_DDPG_Hopper/Experiment_7] epoch #27 | Populating workers...
2017-05-12 16:43:42.380571 EDT | [Paper_Final_Averaged_PolyRL/PolyRL_DDPG_Hopper/Experiment_7] epoch #27 | Populated
2017-05-12 16:44:14.034191 EDT | [Paper_Final_Averaged_PolyRL/PolyRL_DDPG_Hopper/Experiment_7] epoch #27 | Training finished
2017-05-12 16:44:14.034818 EDT | [Paper_Final_Averaged_PolyRL/PolyRL_DDPG_Hopper/Experiment_7] epoch #27 | Collecting samples for evaluation
2017-05-12 16:44:27.862766 EDT | -----------------------  ------------
2017-05-12 16:44:27.863448 EDT | Epoch                    27
2017-05-12 16:44:27.863733 EDT | AverageReturn            44.7989
2017-05-12 16:44:27.864006 EDT | StdReturn                17.2717
2017-05-12 16:44:27.864330 EDT | MaxReturn                74.7604
2017-05-12 16:44:27.864609 EDT | MinReturn                 7.97562
2017-05-12 16:44:27.864892 EDT | AverageEsReturn          59.8229
2017-05-12 16:44:27.865157 EDT | StdEsReturn               8.3982
2017-05-12 16:44:27.865421 EDT | MaxEsReturn              71.3076
2017-05-12 16:44:27.865690 EDT | MinEsReturn              27.4305
2017-05-12 16:44:27.866004 EDT | AverageDiscountedReturn  37.4226
2017-05-12 16:44:27.866282 EDT | AverageQLoss              0.000915143
2017-05-12 16:44:27.866557 EDT | AveragePolicySurr        -0.251513
2017-05-12 16:44:27.866813 EDT | AverageQ                  0.238601
2017-05-12 16:44:27.867089 EDT | AverageAbsQ               0.238888
2017-05-12 16:44:27.867362 EDT | AverageY                  0.238627
2017-05-12 16:44:27.867690 EDT | AverageAbsY               0.23864
2017-05-12 16:44:27.867951 EDT | AverageAbsQYDiff          0.0152502
2017-05-12 16:44:27.868229 EDT | AverageAction             0.796825
2017-05-12 16:44:27.868507 EDT | PolicyRegParamNorm       17.3322
2017-05-12 16:44:27.868757 EDT | QFunRegParamNorm         23.3491
2017-05-12 16:44:27.892854 EDT | AverageForwardProgress    0.271519
2017-05-12 16:44:27.893167 EDT | MaxForwardProgress        0.565529
2017-05-12 16:44:27.893470 EDT | MinForwardProgress       -0.0131205
2017-05-12 16:44:27.893793 EDT | StdForwardProgress        0.161519
2017-05-12 16:44:27.894052 EDT | -----------------------  ------------
2017-05-12 16:44:27.894466 EDT | [Paper_Final_Averaged_PolyRL/PolyRL_DDPG_Hopper/Experiment_7] epoch #28 | Training started
2017-05-12 16:44:27.926640 EDT | [Paper_Final_Averaged_PolyRL/PolyRL_DDPG_Hopper/Experiment_7] epoch #28 | Populating workers...
2017-05-12 16:44:27.927166 EDT | [Paper_Final_Averaged_PolyRL/PolyRL_DDPG_Hopper/Experiment_7] epoch #28 | Populated
2017-05-12 16:45:02.614221 EDT | [Paper_Final_Averaged_PolyRL/PolyRL_DDPG_Hopper/Experiment_7] epoch #28 | Training finished
2017-05-12 16:45:02.614852 EDT | [Paper_Final_Averaged_PolyRL/PolyRL_DDPG_Hopper/Experiment_7] epoch #28 | Collecting samples for evaluation
2017-05-12 16:45:14.492891 EDT | -----------------------  ------------
2017-05-12 16:45:14.493719 EDT | Epoch                    28
2017-05-12 16:45:14.494147 EDT | AverageReturn            58.7597
2017-05-12 16:45:14.494500 EDT | StdReturn                 5.5306
2017-05-12 16:45:14.494869 EDT | MaxReturn                70.0932
2017-05-12 16:45:14.495360 EDT | MinReturn                13.2277
2017-05-12 16:45:14.497105 EDT | AverageEsReturn          54.1795
2017-05-12 16:45:14.497432 EDT | StdEsReturn              16.0357
2017-05-12 16:45:14.498008 EDT | MaxEsReturn              70.0183
2017-05-12 16:45:14.499007 EDT | MinEsReturn              10.9992
2017-05-12 16:45:14.505376 EDT | AverageDiscountedReturn  47.4066
2017-05-12 16:45:14.511394 EDT | AverageQLoss              0.000891855
2017-05-12 16:45:14.511864 EDT | AveragePolicySurr        -0.256478
2017-05-12 16:45:14.512229 EDT | AverageQ                  0.243102
2017-05-12 16:45:14.512590 EDT | AverageAbsQ               0.243402
2017-05-12 16:45:14.512987 EDT | AverageY                  0.243133
2017-05-12 16:45:14.513266 EDT | AverageAbsY               0.243149
2017-05-12 16:45:14.513549 EDT | AverageAbsQYDiff          0.0148098
2017-05-12 16:45:14.513909 EDT | AverageAction             0.674707
2017-05-12 16:45:14.514287 EDT | PolicyRegParamNorm       17.4732
2017-05-12 16:45:14.514809 EDT | QFunRegParamNorm         23.8274
2017-05-12 16:45:14.515748 EDT | AverageForwardProgress    0.368705
2017-05-12 16:45:14.521073 EDT | MaxForwardProgress        0.514932
2017-05-12 16:45:14.521347 EDT | MinForwardProgress       -0.00271325
2017-05-12 16:45:14.521551 EDT | StdForwardProgress        0.0730636
2017-05-12 16:45:14.521824 EDT | -----------------------  ------------
2017-05-12 16:45:14.522241 EDT | [Paper_Final_Averaged_PolyRL/PolyRL_DDPG_Hopper/Experiment_7] epoch #29 | Training started
2017-05-12 16:45:14.560534 EDT | [Paper_Final_Averaged_PolyRL/PolyRL_DDPG_Hopper/Experiment_7] epoch #29 | Populating workers...
2017-05-12 16:45:14.560969 EDT | [Paper_Final_Averaged_PolyRL/PolyRL_DDPG_Hopper/Experiment_7] epoch #29 | Populated
2017-05-12 16:45:53.281125 EDT | [Paper_Final_Averaged_PolyRL/PolyRL_DDPG_Hopper/Experiment_7] epoch #29 | Training finished
2017-05-12 16:45:53.282111 EDT | [Paper_Final_Averaged_PolyRL/PolyRL_DDPG_Hopper/Experiment_7] epoch #29 | Collecting samples for evaluation
2017-05-12 16:46:07.560635 EDT | -----------------------  -----------
2017-05-12 16:46:07.561547 EDT | Epoch                    29
2017-05-12 16:46:07.561940 EDT | AverageReturn            61.0878
2017-05-12 16:46:07.562332 EDT | StdReturn                 4.09313
2017-05-12 16:46:07.562703 EDT | MaxReturn                73.9339
2017-05-12 16:46:07.563066 EDT | MinReturn                40.5545
2017-05-12 16:46:07.563444 EDT | AverageEsReturn          56.8636
2017-05-12 16:46:07.563815 EDT | StdEsReturn              11.2081
2017-05-12 16:46:07.564685 EDT | MaxEsReturn              71.0807
2017-05-12 16:46:07.565092 EDT | MinEsReturn              25.6424
2017-05-12 16:46:07.565460 EDT | AverageDiscountedReturn  49.3839
2017-05-12 16:46:07.565834 EDT | AverageQLoss              0.00089588
2017-05-12 16:46:07.566205 EDT | AveragePolicySurr        -0.262502
2017-05-12 16:46:07.566566 EDT | AverageQ                  0.248522
2017-05-12 16:46:07.566938 EDT | AverageAbsQ               0.248866
2017-05-12 16:46:07.567308 EDT | AverageY                  0.24856
2017-05-12 16:46:07.567670 EDT | AverageAbsY               0.248572
2017-05-12 16:46:07.568033 EDT | AverageAbsQYDiff          0.0146745
2017-05-12 16:46:07.568510 EDT | AverageAction             0.739726
2017-05-12 16:46:07.568902 EDT | PolicyRegParamNorm       17.6179
2017-05-12 16:46:07.569290 EDT | QFunRegParamNorm         24.2825
2017-05-12 16:46:07.569647 EDT | AverageForwardProgress    0.417179
2017-05-12 16:46:07.570020 EDT | MaxForwardProgress        0.516559
2017-05-12 16:46:07.570382 EDT | MinForwardProgress        0.162885
2017-05-12 16:46:07.570746 EDT | StdForwardProgress        0.0525588
2017-05-12 16:46:07.571101 EDT | -----------------------  -----------
2017-05-12 16:46:07.571601 EDT | [Paper_Final_Averaged_PolyRL/PolyRL_DDPG_Hopper/Experiment_7] epoch #30 | Training started
2017-05-12 16:46:07.576080 EDT | [Paper_Final_Averaged_PolyRL/PolyRL_DDPG_Hopper/Experiment_7] epoch #30 | Populating workers...
2017-05-12 16:46:07.576717 EDT | [Paper_Final_Averaged_PolyRL/PolyRL_DDPG_Hopper/Experiment_7] epoch #30 | Populated
2017-05-12 16:46:43.100497 EDT | [Paper_Final_Averaged_PolyRL/PolyRL_DDPG_Hopper/Experiment_7] epoch #30 | Training finished
2017-05-12 16:46:43.103294 EDT | [Paper_Final_Averaged_PolyRL/PolyRL_DDPG_Hopper/Experiment_7] epoch #30 | Collecting samples for evaluation
2017-05-12 16:46:57.233121 EDT | -----------------------  ------------
2017-05-12 16:46:57.233993 EDT | Epoch                    30
2017-05-12 16:46:57.234305 EDT | AverageReturn            62.658
2017-05-12 16:46:57.234585 EDT | StdReturn                 4.15836
2017-05-12 16:46:57.234911 EDT | MaxReturn                71.4076
2017-05-12 16:46:57.235179 EDT | MinReturn                33.9732
2017-05-12 16:46:57.235494 EDT | AverageEsReturn          56.0858
2017-05-12 16:46:57.235840 EDT | StdEsReturn              14.2421
2017-05-12 16:46:57.236513 EDT | MaxEsReturn              68.4456
2017-05-12 16:46:57.237358 EDT | MinEsReturn               3.77107
2017-05-12 16:46:57.238281 EDT | AverageDiscountedReturn  50.5914
2017-05-12 16:46:57.239113 EDT | AverageQLoss              0.000953816
2017-05-12 16:46:57.239903 EDT | AveragePolicySurr        -0.269827
2017-05-12 16:46:57.240797 EDT | AverageQ                  0.255458
2017-05-12 16:46:57.241888 EDT | AverageAbsQ               0.255825
2017-05-12 16:46:57.242756 EDT | AverageY                  0.255507
2017-05-12 16:46:57.243562 EDT | AverageAbsY               0.255525
2017-05-12 16:46:57.244446 EDT | AverageAbsQYDiff          0.0149371
2017-05-12 16:46:57.245281 EDT | AverageAction             0.743073
2017-05-12 16:46:57.246033 EDT | PolicyRegParamNorm       17.7802
2017-05-12 16:46:57.246763 EDT | QFunRegParamNorm         24.7722
2017-05-12 16:46:57.247644 EDT | AverageForwardProgress    0.438121
2017-05-12 16:46:57.248502 EDT | MaxForwardProgress        0.523455
2017-05-12 16:46:57.249415 EDT | MinForwardProgress        0.138912
2017-05-12 16:46:57.250450 EDT | StdForwardProgress        0.0416188
2017-05-12 16:46:57.251401 EDT | -----------------------  ------------
2017-05-12 16:46:57.252395 EDT | [Paper_Final_Averaged_PolyRL/PolyRL_DDPG_Hopper/Experiment_7] epoch #31 | Training started
2017-05-12 16:46:57.263534 EDT | [Paper_Final_Averaged_PolyRL/PolyRL_DDPG_Hopper/Experiment_7] epoch #31 | Populating workers...
2017-05-12 16:46:57.265317 EDT | [Paper_Final_Averaged_PolyRL/PolyRL_DDPG_Hopper/Experiment_7] epoch #31 | Populated
2017-05-12 16:47:28.221832 EDT | [Paper_Final_Averaged_PolyRL/PolyRL_DDPG_Hopper/Experiment_7] epoch #31 | Training finished
2017-05-12 16:47:28.222529 EDT | [Paper_Final_Averaged_PolyRL/PolyRL_DDPG_Hopper/Experiment_7] epoch #31 | Collecting samples for evaluation
2017-05-12 16:47:40.324163 EDT | -----------------------  ------------
2017-05-12 16:47:40.324787 EDT | Epoch                    31
2017-05-12 16:47:40.325037 EDT | AverageReturn            62.8713
2017-05-12 16:47:40.325247 EDT | StdReturn                 4.0112
2017-05-12 16:47:40.325451 EDT | MaxReturn                77.5566
2017-05-12 16:47:40.325656 EDT | MinReturn                53.8645
2017-05-12 16:47:40.325862 EDT | AverageEsReturn          60.3199
2017-05-12 16:47:40.326069 EDT | StdEsReturn              11.4252
2017-05-12 16:47:40.326384 EDT | MaxEsReturn              71.0175
2017-05-12 16:47:40.326972 EDT | MinEsReturn               5.46289
2017-05-12 16:47:40.327537 EDT | AverageDiscountedReturn  50.6927
2017-05-12 16:47:40.328129 EDT | AverageQLoss              0.000961242
2017-05-12 16:47:40.328706 EDT | AveragePolicySurr        -0.276817
2017-05-12 16:47:40.329305 EDT | AverageQ                  0.261797
2017-05-12 16:47:40.330019 EDT | AverageAbsQ               0.262227
2017-05-12 16:47:40.330751 EDT | AverageY                  0.261801
2017-05-12 16:47:40.331449 EDT | AverageAbsY               0.261824
2017-05-12 16:47:40.332181 EDT | AverageAbsQYDiff          0.014939
2017-05-12 16:47:40.333053 EDT | AverageAction             0.729651
2017-05-12 16:47:40.333835 EDT | PolicyRegParamNorm       17.9088
2017-05-12 16:47:40.334445 EDT | QFunRegParamNorm         25.2099
2017-05-12 16:47:40.335034 EDT | AverageForwardProgress    0.43616
2017-05-12 16:47:40.335631 EDT | MaxForwardProgress        0.538385
2017-05-12 16:47:40.336217 EDT | MinForwardProgress        0.26539
2017-05-12 16:47:40.336834 EDT | StdForwardProgress        0.0341825
2017-05-12 16:47:40.337468 EDT | -----------------------  ------------
2017-05-12 16:47:40.338204 EDT | [Paper_Final_Averaged_PolyRL/PolyRL_DDPG_Hopper/Experiment_7] epoch #32 | Training started
2017-05-12 16:47:40.342677 EDT | [Paper_Final_Averaged_PolyRL/PolyRL_DDPG_Hopper/Experiment_7] epoch #32 | Populating workers...
2017-05-12 16:47:40.350066 EDT | [Paper_Final_Averaged_PolyRL/PolyRL_DDPG_Hopper/Experiment_7] epoch #32 | Populated
2017-05-12 16:48:20.967555 EDT | [Paper_Final_Averaged_PolyRL/PolyRL_DDPG_Hopper/Experiment_7] epoch #32 | Training finished
2017-05-12 16:48:20.969780 EDT | [Paper_Final_Averaged_PolyRL/PolyRL_DDPG_Hopper/Experiment_7] epoch #32 | Collecting samples for evaluation
2017-05-12 16:48:33.497364 EDT | -----------------------  ----------
2017-05-12 16:48:33.498141 EDT | Epoch                    32
2017-05-12 16:48:33.498454 EDT | AverageReturn            62.8817
2017-05-12 16:48:33.498779 EDT | StdReturn                 3.87292
2017-05-12 16:48:33.499068 EDT | MaxReturn                71.2666
2017-05-12 16:48:33.499336 EDT | MinReturn                20.2603
2017-05-12 16:48:33.499636 EDT | AverageEsReturn          57.5224
2017-05-12 16:48:33.499922 EDT | StdEsReturn              11.9715
2017-05-12 16:48:33.500198 EDT | MaxEsReturn              70.6624
2017-05-12 16:48:33.500491 EDT | MinEsReturn              20.7788
2017-05-12 16:48:33.500795 EDT | AverageDiscountedReturn  50.6767
2017-05-12 16:48:33.501151 EDT | AverageQLoss              0.0009946
2017-05-12 16:48:33.501446 EDT | AveragePolicySurr        -0.284734
2017-05-12 16:48:33.501732 EDT | AverageQ                  0.269103
2017-05-12 16:48:33.502015 EDT | AverageAbsQ               0.269559
2017-05-12 16:48:33.502283 EDT | AverageY                  0.269152
2017-05-12 16:48:33.502643 EDT | AverageAbsY               0.269188
2017-05-12 16:48:33.503030 EDT | AverageAbsQYDiff          0.0150227
2017-05-12 16:48:33.503408 EDT | AverageAction             0.73462
2017-05-12 16:48:33.504047 EDT | PolicyRegParamNorm       18.0185
2017-05-12 16:48:33.504709 EDT | QFunRegParamNorm         25.6469
2017-05-12 16:48:33.505377 EDT | AverageForwardProgress    0.439555
2017-05-12 16:48:33.505903 EDT | MaxForwardProgress        0.527884
2017-05-12 16:48:33.506417 EDT | MinForwardProgress        0.0351763
2017-05-12 16:48:33.506913 EDT | StdForwardProgress        0.0371817
2017-05-12 16:48:33.507399 EDT | -----------------------  ----------
2017-05-12 16:48:33.507995 EDT | [Paper_Final_Averaged_PolyRL/PolyRL_DDPG_Hopper/Experiment_7] epoch #33 | Training started
2017-05-12 16:48:33.513786 EDT | [Paper_Final_Averaged_PolyRL/PolyRL_DDPG_Hopper/Experiment_7] epoch #33 | Populating workers...
2017-05-12 16:48:33.516741 EDT | [Paper_Final_Averaged_PolyRL/PolyRL_DDPG_Hopper/Experiment_7] epoch #33 | Populated
2017-05-12 16:49:12.265976 EDT | [Paper_Final_Averaged_PolyRL/PolyRL_DDPG_Hopper/Experiment_7] epoch #33 | Training finished
2017-05-12 16:49:12.266593 EDT | [Paper_Final_Averaged_PolyRL/PolyRL_DDPG_Hopper/Experiment_7] epoch #33 | Collecting samples for evaluation
2017-05-12 16:49:26.380250 EDT | -----------------------  -----------
2017-05-12 16:49:26.381097 EDT | Epoch                    33
2017-05-12 16:49:26.381474 EDT | AverageReturn            61.5853
2017-05-12 16:49:26.381863 EDT | StdReturn                 2.25722
2017-05-12 16:49:26.382244 EDT | MaxReturn                67.8379
2017-05-12 16:49:26.382592 EDT | MinReturn                54.7923
2017-05-12 16:49:26.382947 EDT | AverageEsReturn          60.8137
2017-05-12 16:49:26.383329 EDT | StdEsReturn              10.2198
2017-05-12 16:49:26.383689 EDT | MaxEsReturn              69.1152
2017-05-12 16:49:26.384038 EDT | MinEsReturn              11.9735
2017-05-12 16:49:26.386682 EDT | AverageDiscountedReturn  49.8812
2017-05-12 16:49:26.387089 EDT | AverageQLoss              0.00106786
2017-05-12 16:49:26.387451 EDT | AveragePolicySurr        -0.292103
2017-05-12 16:49:26.387840 EDT | AverageQ                  0.276219
2017-05-12 16:49:26.388201 EDT | AverageAbsQ               0.276763
2017-05-12 16:49:26.388548 EDT | AverageY                  0.276271
2017-05-12 16:49:26.388902 EDT | AverageAbsY               0.27632
2017-05-12 16:49:26.389293 EDT | AverageAbsQYDiff          0.015471
2017-05-12 16:49:26.389664 EDT | AverageAction             0.767821
2017-05-12 16:49:26.390073 EDT | PolicyRegParamNorm       18.1389
2017-05-12 16:49:26.390448 EDT | QFunRegParamNorm         26.1118
2017-05-12 16:49:26.390860 EDT | AverageForwardProgress    0.43446
2017-05-12 16:49:26.391214 EDT | MaxForwardProgress        0.534277
2017-05-12 16:49:26.391886 EDT | MinForwardProgress        0.333865
2017-05-12 16:49:26.392259 EDT | StdForwardProgress        0.0260945
2017-05-12 16:49:26.392616 EDT | -----------------------  -----------
2017-05-12 16:49:26.393130 EDT | [Paper_Final_Averaged_PolyRL/PolyRL_DDPG_Hopper/Experiment_7] epoch #34 | Training started
2017-05-12 16:49:26.397374 EDT | [Paper_Final_Averaged_PolyRL/PolyRL_DDPG_Hopper/Experiment_7] epoch #34 | Populating workers...
2017-05-12 16:49:26.397927 EDT | [Paper_Final_Averaged_PolyRL/PolyRL_DDPG_Hopper/Experiment_7] epoch #34 | Populated
2017-05-12 16:49:56.948184 EDT | [Paper_Final_Averaged_PolyRL/PolyRL_DDPG_Hopper/Experiment_7] epoch #34 | Training finished
2017-05-12 16:49:56.952004 EDT | [Paper_Final_Averaged_PolyRL/PolyRL_DDPG_Hopper/Experiment_7] epoch #34 | Collecting samples for evaluation
2017-05-12 16:50:10.462357 EDT | -----------------------  -----------
2017-05-12 16:50:10.463118 EDT | Epoch                    34
2017-05-12 16:50:10.463417 EDT | AverageReturn            59.4336
2017-05-12 16:50:10.463695 EDT | StdReturn                 3.38448
2017-05-12 16:50:10.463969 EDT | MaxReturn                67.237
2017-05-12 16:50:10.464242 EDT | MinReturn                49.1643
2017-05-12 16:50:10.464517 EDT | AverageEsReturn          58.4739
2017-05-12 16:50:10.464780 EDT | StdEsReturn              11.2476
2017-05-12 16:50:10.465078 EDT | MaxEsReturn              65.8674
2017-05-12 16:50:10.465364 EDT | MinEsReturn               2.89276
2017-05-12 16:50:10.465652 EDT | AverageDiscountedReturn  48.3558
2017-05-12 16:50:10.465922 EDT | AverageQLoss              0.00100764
2017-05-12 16:50:10.466188 EDT | AveragePolicySurr        -0.300379
2017-05-12 16:50:10.466460 EDT | AverageQ                  0.284435
2017-05-12 16:50:10.466759 EDT | AverageAbsQ               0.284988
2017-05-12 16:50:10.467028 EDT | AverageY                  0.284478
2017-05-12 16:50:10.467302 EDT | AverageAbsY               0.28454
2017-05-12 16:50:10.467571 EDT | AverageAbsQYDiff          0.0149067
2017-05-12 16:50:10.467835 EDT | AverageAction             0.752335
2017-05-12 16:50:10.468642 EDT | PolicyRegParamNorm       18.2241
2017-05-12 16:50:10.469619 EDT | QFunRegParamNorm         26.48
2017-05-12 16:50:10.470584 EDT | AverageForwardProgress    0.411269
2017-05-12 16:50:10.471533 EDT | MaxForwardProgress        0.496309
2017-05-12 16:50:10.472534 EDT | MinForwardProgress        0.260443
2017-05-12 16:50:10.473760 EDT | StdForwardProgress        0.0473918
2017-05-12 16:50:10.474872 EDT | -----------------------  -----------
2017-05-12 16:50:10.476154 EDT | [Paper_Final_Averaged_PolyRL/PolyRL_DDPG_Hopper/Experiment_7] epoch #35 | Training started
2017-05-12 16:50:10.492013 EDT | [Paper_Final_Averaged_PolyRL/PolyRL_DDPG_Hopper/Experiment_7] epoch #35 | Populating workers...
2017-05-12 16:50:10.494273 EDT | [Paper_Final_Averaged_PolyRL/PolyRL_DDPG_Hopper/Experiment_7] epoch #35 | Populated
2017-05-12 16:50:49.036046 EDT | [Paper_Final_Averaged_PolyRL/PolyRL_DDPG_Hopper/Experiment_7] epoch #35 | Training finished
2017-05-12 16:50:49.036667 EDT | [Paper_Final_Averaged_PolyRL/PolyRL_DDPG_Hopper/Experiment_7] epoch #35 | Collecting samples for evaluation
2017-05-12 16:51:01.470159 EDT | -----------------------  -----------
2017-05-12 16:51:01.470873 EDT | Epoch                    35
2017-05-12 16:51:01.471154 EDT | AverageReturn            61.1237
2017-05-12 16:51:01.471455 EDT | StdReturn                 2.79949
2017-05-12 16:51:01.471796 EDT | MaxReturn                69.037
2017-05-12 16:51:01.472145 EDT | MinReturn                52.6551
2017-05-12 16:51:01.472505 EDT | AverageEsReturn          59.6594
2017-05-12 16:51:01.472867 EDT | StdEsReturn               7.04095
2017-05-12 16:51:01.473396 EDT | MaxEsReturn              65.0827
2017-05-12 16:51:01.473888 EDT | MinEsReturn              24.9178
2017-05-12 16:51:01.474791 EDT | AverageDiscountedReturn  49.5863
2017-05-12 16:51:01.476006 EDT | AverageQLoss              0.00106995
2017-05-12 16:51:01.477680 EDT | AveragePolicySurr        -0.307876
2017-05-12 16:51:01.478751 EDT | AverageQ                  0.291559
2017-05-12 16:51:01.479628 EDT | AverageAbsQ               0.292114
2017-05-12 16:51:01.480939 EDT | AverageY                  0.291588
2017-05-12 16:51:01.481213 EDT | AverageAbsY               0.291653
2017-05-12 16:51:01.481414 EDT | AverageAbsQYDiff          0.0155777
2017-05-12 16:51:01.481601 EDT | AverageAction             0.77951
2017-05-12 16:51:01.481800 EDT | PolicyRegParamNorm       18.3105
2017-05-12 16:51:01.482058 EDT | QFunRegParamNorm         26.8927
2017-05-12 16:51:01.482330 EDT | AverageForwardProgress    0.436065
2017-05-12 16:51:01.482716 EDT | MaxForwardProgress        0.49487
2017-05-12 16:51:01.483093 EDT | MinForwardProgress        0.35233
2017-05-12 16:51:01.483372 EDT | StdForwardProgress        0.0287304
2017-05-12 16:51:01.483626 EDT | -----------------------  -----------
2017-05-12 16:51:01.484047 EDT | [Paper_Final_Averaged_PolyRL/PolyRL_DDPG_Hopper/Experiment_7] epoch #36 | Training started
2017-05-12 16:51:01.504505 EDT | [Paper_Final_Averaged_PolyRL/PolyRL_DDPG_Hopper/Experiment_7] epoch #36 | Populating workers...
2017-05-12 16:51:01.504838 EDT | [Paper_Final_Averaged_PolyRL/PolyRL_DDPG_Hopper/Experiment_7] epoch #36 | Populated
2017-05-12 16:51:43.292948 EDT | [Paper_Final_Averaged_PolyRL/PolyRL_DDPG_Hopper/Experiment_7] epoch #36 | Training finished
2017-05-12 16:51:43.293634 EDT | [Paper_Final_Averaged_PolyRL/PolyRL_DDPG_Hopper/Experiment_7] epoch #36 | Collecting samples for evaluation
2017-05-12 16:51:56.970660 EDT | -----------------------  -----------
2017-05-12 16:51:56.971305 EDT | Epoch                    36
2017-05-12 16:51:56.971595 EDT | AverageReturn            61.1879
2017-05-12 16:51:56.971868 EDT | StdReturn                 2.49136
2017-05-12 16:51:56.972154 EDT | MaxReturn                68.0446
2017-05-12 16:51:56.972416 EDT | MinReturn                52.5455
2017-05-12 16:51:56.972688 EDT | AverageEsReturn          58.7403
2017-05-12 16:51:56.972976 EDT | StdEsReturn               8.36754
2017-05-12 16:51:56.973255 EDT | MaxEsReturn              66.5985
2017-05-12 16:51:56.973529 EDT | MinEsReturn              18.356
2017-05-12 16:51:56.973796 EDT | AverageDiscountedReturn  49.6043
2017-05-12 16:51:56.974069 EDT | AverageQLoss              0.00107622
2017-05-12 16:51:56.974343 EDT | AveragePolicySurr        -0.316192
2017-05-12 16:51:56.974616 EDT | AverageQ                  0.298826
2017-05-12 16:51:56.974892 EDT | AverageAbsQ               0.299408
2017-05-12 16:51:56.975150 EDT | AverageY                  0.298873
2017-05-12 16:51:56.975416 EDT | AverageAbsY               0.298938
2017-05-12 16:51:56.975683 EDT | AverageAbsQYDiff          0.0155416
2017-05-12 16:51:56.975928 EDT | AverageAction             0.804066
2017-05-12 16:51:56.976191 EDT | PolicyRegParamNorm       18.4066
2017-05-12 16:51:56.976442 EDT | QFunRegParamNorm         27.3435
2017-05-12 16:51:56.976703 EDT | AverageForwardProgress    0.434572
2017-05-12 16:51:56.976978 EDT | MaxForwardProgress        0.492911
2017-05-12 16:51:56.977249 EDT | MinForwardProgress        0.340154
2017-05-12 16:51:56.977524 EDT | StdForwardProgress        0.0246205
2017-05-12 16:51:56.977775 EDT | -----------------------  -----------
2017-05-12 16:51:56.978167 EDT | [Paper_Final_Averaged_PolyRL/PolyRL_DDPG_Hopper/Experiment_7] epoch #37 | Training started
2017-05-12 16:51:56.983882 EDT | [Paper_Final_Averaged_PolyRL/PolyRL_DDPG_Hopper/Experiment_7] epoch #37 | Populating workers...
2017-05-12 16:51:56.984290 EDT | [Paper_Final_Averaged_PolyRL/PolyRL_DDPG_Hopper/Experiment_7] epoch #37 | Populated
2017-05-12 16:52:34.418923 EDT | [Paper_Final_Averaged_PolyRL/PolyRL_DDPG_Hopper/Experiment_7] epoch #37 | Training finished
2017-05-12 16:52:34.422497 EDT | [Paper_Final_Averaged_PolyRL/PolyRL_DDPG_Hopper/Experiment_7] epoch #37 | Collecting samples for evaluation
