2017-05-08 20:34:13.969528 EDT | [Tensorflow_RLLAB_Results/PolyRL/Hopper/] observation space: Box(11,)
2017-05-08 20:34:13.969863 EDT | [Tensorflow_RLLAB_Results/PolyRL/Hopper/] action space: Box(3,)
2017-05-08 20:34:14.743469 EDT | [Tensorflow_RLLAB_Results/PolyRL/Hopper/] Populating workers...
2017-05-08 20:34:14.743757 EDT | [Tensorflow_RLLAB_Results/PolyRL/Hopper/] Populated
2017-05-08 20:34:17.281785 EDT | [Tensorflow_RLLAB_Results/PolyRL/Hopper/] epoch #0 | Training started
2017-05-08 20:34:18.717191 EDT | [Tensorflow_RLLAB_Results/PolyRL/Hopper/] epoch #0 | Populating workers...
2017-05-08 20:34:18.717521 EDT | [Tensorflow_RLLAB_Results/PolyRL/Hopper/] epoch #0 | Populated
2017-05-08 20:35:30.035544 EDT | [Tensorflow_RLLAB_Results/PolyRL/Hopper/] observation space: Box(11,)
2017-05-08 20:35:30.035837 EDT | [Tensorflow_RLLAB_Results/PolyRL/Hopper/] action space: Box(3,)
2017-05-08 20:35:30.948994 EDT | [Tensorflow_RLLAB_Results/PolyRL/Hopper/] Populating workers...
2017-05-08 20:35:30.949311 EDT | [Tensorflow_RLLAB_Results/PolyRL/Hopper/] Populated
2017-05-08 20:35:34.222898 EDT | [Tensorflow_RLLAB_Results/PolyRL/Hopper/] epoch #0 | Training started
2017-05-08 20:35:35.772420 EDT | [Tensorflow_RLLAB_Results/PolyRL/Hopper/] epoch #0 | Populating workers...
2017-05-08 20:35:35.773083 EDT | [Tensorflow_RLLAB_Results/PolyRL/Hopper/] epoch #0 | Populated
2017-05-08 21:07:18.398398 EDT | [Tensorflow_RLLAB_Results/PolyRL/Hopper/] observation space: Box(11,)
2017-05-08 21:07:18.398846 EDT | [Tensorflow_RLLAB_Results/PolyRL/Hopper/] action space: Box(3,)
2017-05-08 21:07:19.438626 EDT | [Tensorflow_RLLAB_Results/PolyRL/Hopper/] Populating workers...
2017-05-08 21:07:19.438851 EDT | [Tensorflow_RLLAB_Results/PolyRL/Hopper/] Populated
2017-05-08 21:07:22.507424 EDT | [Tensorflow_RLLAB_Results/PolyRL/Hopper/] epoch #0 | Training started
2017-05-08 21:07:23.908220 EDT | [Tensorflow_RLLAB_Results/PolyRL/Hopper/] epoch #0 | Populating workers...
2017-05-08 21:07:23.911785 EDT | [Tensorflow_RLLAB_Results/PolyRL/Hopper/] epoch #0 | Populated
2017-05-08 21:10:29.958349 EDT | [Tensorflow_RLLAB_Results/PolyRL/Hopper/] observation space: Box(11,)
2017-05-08 21:10:29.958575 EDT | [Tensorflow_RLLAB_Results/PolyRL/Hopper/] action space: Box(3,)
2017-05-08 21:10:30.912508 EDT | [Tensorflow_RLLAB_Results/PolyRL/Hopper/] Populating workers...
2017-05-08 21:10:30.912753 EDT | [Tensorflow_RLLAB_Results/PolyRL/Hopper/] Populated
2017-05-08 21:10:33.833651 EDT | [Tensorflow_RLLAB_Results/PolyRL/Hopper/] epoch #0 | Training started
2017-05-08 21:10:35.286911 EDT | [Tensorflow_RLLAB_Results/PolyRL/Hopper/] epoch #0 | Populating workers...
2017-05-08 21:10:35.287281 EDT | [Tensorflow_RLLAB_Results/PolyRL/Hopper/] epoch #0 | Populated
2017-05-08 21:11:12.440612 EDT | [Tensorflow_RLLAB_Results/PolyRL/Hopper/] epoch #0 | Training finished
2017-05-08 21:11:12.441476 EDT | [Tensorflow_RLLAB_Results/PolyRL/Hopper/] epoch #0 | Trained qf 0 steps, policy 0 steps
2017-05-08 21:11:12.441747 EDT | [Tensorflow_RLLAB_Results/PolyRL/Hopper/] epoch #1 | Training started
2017-05-08 21:11:12.607662 EDT | [Tensorflow_RLLAB_Results/PolyRL/Hopper/] epoch #1 | Populating workers...
2017-05-08 21:11:12.607992 EDT | [Tensorflow_RLLAB_Results/PolyRL/Hopper/] epoch #1 | Populated
2017-05-08 21:11:51.753161 EDT | [Tensorflow_RLLAB_Results/PolyRL/Hopper/] epoch #1 | Training finished
2017-05-08 21:11:51.753802 EDT | [Tensorflow_RLLAB_Results/PolyRL/Hopper/] epoch #1 | Trained qf 0 steps, policy 0 steps
2017-05-08 21:11:51.755068 EDT | [Tensorflow_RLLAB_Results/PolyRL/Hopper/] epoch #2 | Training started
2017-05-08 21:11:51.981679 EDT | [Tensorflow_RLLAB_Results/PolyRL/Hopper/] epoch #2 | Populating workers...
2017-05-08 21:11:51.982197 EDT | [Tensorflow_RLLAB_Results/PolyRL/Hopper/] epoch #2 | Populated
2017-05-08 21:12:28.972745 EDT | [Tensorflow_RLLAB_Results/PolyRL/Hopper/] epoch #2 | Training finished
2017-05-08 21:12:28.975087 EDT | [Tensorflow_RLLAB_Results/PolyRL/Hopper/] epoch #2 | Trained qf 0 steps, policy 0 steps
2017-05-08 21:12:28.975401 EDT | [Tensorflow_RLLAB_Results/PolyRL/Hopper/] epoch #3 | Training started
2017-05-08 21:12:29.213403 EDT | [Tensorflow_RLLAB_Results/PolyRL/Hopper/] epoch #3 | Populating workers...
2017-05-08 21:12:29.213673 EDT | [Tensorflow_RLLAB_Results/PolyRL/Hopper/] epoch #3 | Populated
2017-05-08 21:12:54.494270 EDT | [Tensorflow_RLLAB_Results/PolyRL/Hopper/] epoch #3 | Training finished
2017-05-08 21:12:54.494847 EDT | [Tensorflow_RLLAB_Results/PolyRL/Hopper/] epoch #3 | Trained qf 0 steps, policy 0 steps
2017-05-08 21:12:54.495020 EDT | [Tensorflow_RLLAB_Results/PolyRL/Hopper/] epoch #4 | Training started
2017-05-08 21:12:54.682302 EDT | [Tensorflow_RLLAB_Results/PolyRL/Hopper/] epoch #4 | Populating workers...
2017-05-08 21:12:54.682540 EDT | [Tensorflow_RLLAB_Results/PolyRL/Hopper/] epoch #4 | Populated
2017-05-08 21:13:22.364325 EDT | [Tensorflow_RLLAB_Results/PolyRL/Hopper/] epoch #4 | Training finished
2017-05-08 21:13:22.364973 EDT | [Tensorflow_RLLAB_Results/PolyRL/Hopper/] epoch #4 | Trained qf 0 steps, policy 0 steps
2017-05-08 21:13:22.365233 EDT | [Tensorflow_RLLAB_Results/PolyRL/Hopper/] epoch #5 | Training started
2017-05-08 21:13:22.705057 EDT | [Tensorflow_RLLAB_Results/PolyRL/Hopper/] epoch #5 | Populating workers...
2017-05-08 21:13:22.705369 EDT | [Tensorflow_RLLAB_Results/PolyRL/Hopper/] epoch #5 | Populated
2017-05-08 21:13:57.221215 EDT | [Tensorflow_RLLAB_Results/PolyRL/Hopper/] epoch #5 | Training finished
2017-05-08 21:13:57.222174 EDT | [Tensorflow_RLLAB_Results/PolyRL/Hopper/] epoch #5 | Trained qf 0 steps, policy 0 steps
2017-05-08 21:13:57.222403 EDT | [Tensorflow_RLLAB_Results/PolyRL/Hopper/] epoch #6 | Training started
2017-05-08 21:13:57.628805 EDT | [Tensorflow_RLLAB_Results/PolyRL/Hopper/] epoch #6 | Populating workers...
2017-05-08 21:13:57.629145 EDT | [Tensorflow_RLLAB_Results/PolyRL/Hopper/] epoch #6 | Populated
2017-05-08 21:14:33.712324 EDT | [Tensorflow_RLLAB_Results/PolyRL/Hopper/] epoch #6 | Training finished
2017-05-08 21:14:33.712663 EDT | [Tensorflow_RLLAB_Results/PolyRL/Hopper/] epoch #6 | Trained qf 0 steps, policy 0 steps
2017-05-08 21:14:33.712976 EDT | [Tensorflow_RLLAB_Results/PolyRL/Hopper/] epoch #7 | Training started
2017-05-08 21:14:34.222690 EDT | [Tensorflow_RLLAB_Results/PolyRL/Hopper/] epoch #7 | Populating workers...
2017-05-08 21:14:34.223139 EDT | [Tensorflow_RLLAB_Results/PolyRL/Hopper/] epoch #7 | Populated
2017-05-08 21:15:11.222981 EDT | [Tensorflow_RLLAB_Results/PolyRL/Hopper/] epoch #7 | Training finished
2017-05-08 21:15:11.223609 EDT | [Tensorflow_RLLAB_Results/PolyRL/Hopper/] epoch #7 | Trained qf 0 steps, policy 0 steps
2017-05-08 21:15:11.223864 EDT | [Tensorflow_RLLAB_Results/PolyRL/Hopper/] epoch #8 | Training started
2017-05-08 21:15:11.586171 EDT | [Tensorflow_RLLAB_Results/PolyRL/Hopper/] epoch #8 | Populating workers...
2017-05-08 21:15:11.586539 EDT | [Tensorflow_RLLAB_Results/PolyRL/Hopper/] epoch #8 | Populated
