2017-07-31 15:49:23.162250 EDT | [Active_RL/Hard_Oracle_DDPG/Experiment_1] observation space: Box(11,)
2017-07-31 15:49:23.163144 EDT | [Active_RL/Hard_Oracle_DDPG/Experiment_1] action space: Box(3,)
2017-07-31 15:49:23.357956 EDT | [Active_RL/Hard_Oracle_DDPG/Experiment_1] Populating workers...
2017-07-31 15:49:23.365201 EDT | [Active_RL/Hard_Oracle_DDPG/Experiment_1] Populated
2017-07-31 15:49:24.520833 EDT | [Active_RL/Hard_Oracle_DDPG/Experiment_1] epoch #0 | Training started
2017-07-31 15:49:25.678662 EDT | [Active_RL/Hard_Oracle_DDPG/Experiment_1] epoch #0 | Training finished
2017-07-31 15:49:25.679061 EDT | [Active_RL/Hard_Oracle_DDPG/Experiment_1] epoch #0 | Trained qf 0 steps, policy 0 steps
2017-07-31 15:49:25.679386 EDT | [Active_RL/Hard_Oracle_DDPG/Experiment_1] epoch #1 | Training started
2017-07-31 15:49:26.916338 EDT | [Active_RL/Hard_Oracle_DDPG/Experiment_1] epoch #1 | Training finished
2017-07-31 15:49:26.916793 EDT | [Active_RL/Hard_Oracle_DDPG/Experiment_1] epoch #1 | Trained qf 0 steps, policy 0 steps
2017-07-31 15:49:26.917096 EDT | [Active_RL/Hard_Oracle_DDPG/Experiment_1] epoch #2 | Training started
2017-07-31 15:49:28.221621 EDT | [Active_RL/Hard_Oracle_DDPG/Experiment_1] epoch #2 | Training finished
2017-07-31 15:49:28.221903 EDT | [Active_RL/Hard_Oracle_DDPG/Experiment_1] epoch #2 | Trained qf 0 steps, policy 0 steps
2017-07-31 15:49:28.222276 EDT | [Active_RL/Hard_Oracle_DDPG/Experiment_1] epoch #3 | Training started
2017-07-31 15:49:29.438747 EDT | [Active_RL/Hard_Oracle_DDPG/Experiment_1] epoch #3 | Training finished
2017-07-31 15:49:29.439626 EDT | [Active_RL/Hard_Oracle_DDPG/Experiment_1] epoch #3 | Trained qf 0 steps, policy 0 steps
2017-07-31 15:49:29.439906 EDT | [Active_RL/Hard_Oracle_DDPG/Experiment_1] epoch #4 | Training started
2017-07-31 15:49:30.579035 EDT | [Active_RL/Hard_Oracle_DDPG/Experiment_1] epoch #4 | Training finished
2017-07-31 15:49:30.579316 EDT | [Active_RL/Hard_Oracle_DDPG/Experiment_1] epoch #4 | Trained qf 0 steps, policy 0 steps
2017-07-31 15:49:30.579543 EDT | [Active_RL/Hard_Oracle_DDPG/Experiment_1] epoch #5 | Training started
2017-07-31 15:49:31.814516 EDT | [Active_RL/Hard_Oracle_DDPG/Experiment_1] epoch #5 | Training finished
2017-07-31 15:49:31.814874 EDT | [Active_RL/Hard_Oracle_DDPG/Experiment_1] epoch #5 | Trained qf 0 steps, policy 0 steps
2017-07-31 15:49:31.815167 EDT | [Active_RL/Hard_Oracle_DDPG/Experiment_1] epoch #6 | Training started
2017-07-31 15:49:33.108325 EDT | [Active_RL/Hard_Oracle_DDPG/Experiment_1] epoch #6 | Training finished
2017-07-31 15:49:33.108678 EDT | [Active_RL/Hard_Oracle_DDPG/Experiment_1] epoch #6 | Trained qf 0 steps, policy 0 steps
2017-07-31 15:49:33.108872 EDT | [Active_RL/Hard_Oracle_DDPG/Experiment_1] epoch #7 | Training started
2017-07-31 15:49:34.183671 EDT | [Active_RL/Hard_Oracle_DDPG/Experiment_1] epoch #7 | Training finished
2017-07-31 15:49:34.184016 EDT | [Active_RL/Hard_Oracle_DDPG/Experiment_1] epoch #7 | Trained qf 0 steps, policy 0 steps
2017-07-31 15:49:34.184343 EDT | [Active_RL/Hard_Oracle_DDPG/Experiment_1] epoch #8 | Training started
2017-07-31 15:49:35.260610 EDT | [Active_RL/Hard_Oracle_DDPG/Experiment_1] epoch #8 | Training finished
2017-07-31 15:49:35.260956 EDT | [Active_RL/Hard_Oracle_DDPG/Experiment_1] epoch #8 | Trained qf 0 steps, policy 0 steps
2017-07-31 15:49:35.261155 EDT | [Active_RL/Hard_Oracle_DDPG/Experiment_1] epoch #9 | Training started
2017-07-31 15:49:36.446891 EDT | [Active_RL/Hard_Oracle_DDPG/Experiment_1] epoch #9 | Training finished
2017-07-31 15:49:36.447744 EDT | [Active_RL/Hard_Oracle_DDPG/Experiment_1] epoch #9 | Trained qf 1 steps, policy 1 steps
2017-07-31 15:49:36.448044 EDT | [Active_RL/Hard_Oracle_DDPG/Experiment_1] epoch #9 | Collecting samples for evaluation
2017-07-31 15:49:47.886981 EDT | -----------------------  ----------
2017-07-31 15:49:47.887330 EDT | Epoch                     9
2017-07-31 15:49:47.887501 EDT | Iteration                 9
2017-07-31 15:49:47.887660 EDT | AverageReturn             9.24596
2017-07-31 15:49:47.887808 EDT | StdReturn                 0.0471475
2017-07-31 15:49:47.887984 EDT | MaxReturn                 9.37183
2017-07-31 15:49:47.888210 EDT | MinReturn                 9.12692
2017-07-31 15:49:47.888443 EDT | AverageEsReturn           9.88359
2017-07-31 15:49:47.888671 EDT | StdEsReturn               6.7445
2017-07-31 15:49:47.888899 EDT | MaxEsReturn              56.5897
2017-07-31 15:49:47.889077 EDT | MinEsReturn               1.99116
2017-07-31 15:49:47.889238 EDT | AverageDiscountedReturn   8.81935
2017-07-31 15:49:47.889397 EDT | AverageQLoss              3.66821
2017-07-31 15:49:47.889557 EDT | AveragePolicySurr         0.0138617
2017-07-31 15:49:47.889718 EDT | AverageQ                 -0.271497
2017-07-31 15:49:47.889876 EDT | AverageAbsQ               0.315032
2017-07-31 15:49:47.890034 EDT | AverageY                  1.52191
2017-07-31 15:49:47.890200 EDT | AverageAbsY               1.52191
2017-07-31 15:49:47.890359 EDT | AverageAbsQYDiff          1.79341
2017-07-31 15:49:47.890523 EDT | AverageAction             0.218287
2017-07-31 15:49:47.890731 EDT | PolicyRegParamNorm       11.2297
2017-07-31 15:49:47.890891 EDT | QFunRegParamNorm         11.1297
2017-07-31 15:49:47.891048 EDT | -----------------------  ----------
2017-07-31 15:49:47.891377 EDT | [Active_RL/Hard_Oracle_DDPG/Experiment_1] epoch #10 | Training started
2017-07-31 15:50:05.075333 EDT | [Active_RL/Hard_Oracle_DDPG/Experiment_1] epoch #10 | Training finished
2017-07-31 15:50:05.076293 EDT | [Active_RL/Hard_Oracle_DDPG/Experiment_1] epoch #10 | Trained qf 1000 steps, policy 1000 steps
2017-07-31 15:50:05.076582 EDT | [Active_RL/Hard_Oracle_DDPG/Experiment_1] epoch #10 | Collecting samples for evaluation
2017-07-31 15:50:16.924193 EDT | -----------------------  ----------
2017-07-31 15:50:16.925189 EDT | Epoch                    10
2017-07-31 15:50:16.925504 EDT | Iteration                10
2017-07-31 15:50:16.925796 EDT | AverageReturn             5.18893
2017-07-31 15:50:16.926087 EDT | StdReturn                 0.0458852
2017-07-31 15:50:16.926401 EDT | MaxReturn                 5.29293
2017-07-31 15:50:16.926688 EDT | MinReturn                 5.03891
2017-07-31 15:50:16.926970 EDT | AverageEsReturn           5.34762
2017-07-31 15:50:16.927260 EDT | StdEsReturn               2.66214
2017-07-31 15:50:16.927543 EDT | MaxEsReturn              27.3376
2017-07-31 15:50:16.927825 EDT | MinEsReturn               3.05387
2017-07-31 15:50:16.928107 EDT | AverageDiscountedReturn   5.03697
2017-07-31 15:50:16.928389 EDT | AverageQLoss              0.0528997
2017-07-31 15:50:16.928670 EDT | AveragePolicySurr        -1.24527
2017-07-31 15:50:16.928950 EDT | AverageQ                  1.16432
2017-07-31 15:50:16.929232 EDT | AverageAbsQ               1.17292
2017-07-31 15:50:16.929518 EDT | AverageY                  1.17363
2017-07-31 15:50:16.929800 EDT | AverageAbsY               1.18472
2017-07-31 15:50:16.930080 EDT | AverageAbsQYDiff          0.118752
2017-07-31 15:50:16.930380 EDT | AverageAction             0.922212
2017-07-31 15:50:16.930665 EDT | PolicyRegParamNorm       12.4134
2017-07-31 15:50:16.930946 EDT | QFunRegParamNorm         11.4519
2017-07-31 15:50:16.931227 EDT | -----------------------  ----------
2017-07-31 15:50:16.931702 EDT | [Active_RL/Hard_Oracle_DDPG/Experiment_1] epoch #11 | Training started
2017-07-31 15:50:33.502649 EDT | [Active_RL/Hard_Oracle_DDPG/Experiment_1] epoch #11 | Training finished
2017-07-31 15:50:33.503634 EDT | [Active_RL/Hard_Oracle_DDPG/Experiment_1] epoch #11 | Trained qf 1000 steps, policy 1000 steps
2017-07-31 15:50:33.503977 EDT | [Active_RL/Hard_Oracle_DDPG/Experiment_1] epoch #11 | Collecting samples for evaluation
2017-07-31 15:50:45.259245 EDT | -----------------------  ----------
2017-07-31 15:50:45.262237 EDT | Epoch                    11
2017-07-31 15:50:45.262446 EDT | Iteration                11
2017-07-31 15:50:45.262609 EDT | AverageReturn            38.7558
2017-07-31 15:50:45.262784 EDT | StdReturn                 0.904703
2017-07-31 15:50:45.262936 EDT | MaxReturn                40.7183
2017-07-31 15:50:45.263102 EDT | MinReturn                36.7831
2017-07-31 15:50:45.263270 EDT | AverageEsReturn          35.281
2017-07-31 15:50:45.263435 EDT | StdEsReturn              15.0642
2017-07-31 15:50:45.263654 EDT | MaxEsReturn              58.7412
2017-07-31 15:50:45.263800 EDT | MinEsReturn               1.02501
2017-07-31 15:50:45.263959 EDT | AverageDiscountedReturn  34.4478
2017-07-31 15:50:45.264125 EDT | AverageQLoss              0.0146151
2017-07-31 15:50:45.264272 EDT | AveragePolicySurr        -1.53498
2017-07-31 15:50:45.264430 EDT | AverageQ                  1.41063
2017-07-31 15:50:45.264585 EDT | AverageAbsQ               1.42954
2017-07-31 15:50:45.264728 EDT | AverageY                  1.41131
2017-07-31 15:50:45.264882 EDT | AverageAbsY               1.42934
2017-07-31 15:50:45.265072 EDT | AverageAbsQYDiff          0.0701495
2017-07-31 15:50:45.265357 EDT | AverageAction             0.999442
2017-07-31 15:50:45.265527 EDT | PolicyRegParamNorm       12.9789
2017-07-31 15:50:45.265685 EDT | QFunRegParamNorm         11.8928
2017-07-31 15:50:45.265840 EDT | -----------------------  ----------
2017-07-31 15:50:45.266229 EDT | [Active_RL/Hard_Oracle_DDPG/Experiment_1] epoch #12 | Training started
2017-07-31 15:51:02.937697 EDT | [Active_RL/Hard_Oracle_DDPG/Experiment_1] epoch #12 | Training finished
2017-07-31 15:51:02.938920 EDT | [Active_RL/Hard_Oracle_DDPG/Experiment_1] epoch #12 | Trained qf 1000 steps, policy 1000 steps
2017-07-31 15:51:02.939156 EDT | [Active_RL/Hard_Oracle_DDPG/Experiment_1] epoch #12 | Collecting samples for evaluation
2017-07-31 15:51:13.153169 EDT | -----------------------  ----------
2017-07-31 15:51:13.154104 EDT | Epoch                    12
2017-07-31 15:51:13.154383 EDT | Iteration                12
2017-07-31 15:51:13.154623 EDT | AverageReturn            75.1287
2017-07-31 15:51:13.154867 EDT | StdReturn                 1.04399
2017-07-31 15:51:13.155098 EDT | MaxReturn                78.1719
2017-07-31 15:51:13.155330 EDT | MinReturn                72.251
2017-07-31 15:51:13.155562 EDT | AverageEsReturn          41.6092
2017-07-31 15:51:13.155795 EDT | StdEsReturn               8.10574
2017-07-31 15:51:13.156023 EDT | MaxEsReturn              78.5687
2017-07-31 15:51:13.156255 EDT | MinEsReturn              13.2164
2017-07-31 15:51:13.156482 EDT | AverageDiscountedReturn  61.0484
2017-07-31 15:51:13.156714 EDT | AverageQLoss              0.0451855
2017-07-31 15:51:13.156940 EDT | AveragePolicySurr        -2.36552
2017-07-31 15:51:13.157165 EDT | AverageQ                  2.11572
2017-07-31 15:51:13.157396 EDT | AverageAbsQ               2.14159
2017-07-31 15:51:13.157626 EDT | AverageY                  2.11679
2017-07-31 15:51:13.157852 EDT | AverageAbsY               2.14141
2017-07-31 15:51:13.158077 EDT | AverageAbsQYDiff          0.103403
2017-07-31 15:51:13.158313 EDT | AverageAction             0.944389
2017-07-31 15:51:13.158539 EDT | PolicyRegParamNorm       13.1252
2017-07-31 15:51:13.158769 EDT | QFunRegParamNorm         12.8503
2017-07-31 15:51:13.158995 EDT | -----------------------  ----------
2017-07-31 15:51:13.159393 EDT | [Active_RL/Hard_Oracle_DDPG/Experiment_1] epoch #13 | Training started
2017-07-31 15:51:30.408363 EDT | [Active_RL/Hard_Oracle_DDPG/Experiment_1] epoch #13 | Training finished
2017-07-31 15:51:30.409535 EDT | [Active_RL/Hard_Oracle_DDPG/Experiment_1] epoch #13 | Trained qf 1000 steps, policy 1000 steps
2017-07-31 15:51:30.409870 EDT | [Active_RL/Hard_Oracle_DDPG/Experiment_1] epoch #13 | Collecting samples for evaluation
2017-07-31 15:51:41.439509 EDT | -----------------------  ----------
2017-07-31 15:51:41.440118 EDT | Epoch                     13
2017-07-31 15:51:41.440348 EDT | Iteration                 13
2017-07-31 15:51:41.440546 EDT | AverageReturn            159.323
2017-07-31 15:51:41.440860 EDT | StdReturn                  3.44764
2017-07-31 15:51:41.441033 EDT | MaxReturn                165.621
2017-07-31 15:51:41.441254 EDT | MinReturn                151.558
2017-07-31 15:51:41.441530 EDT | AverageEsReturn           80.5819
2017-07-31 15:51:41.441701 EDT | StdEsReturn               37.2156
2017-07-31 15:51:41.441883 EDT | MaxEsReturn              165.811
2017-07-31 15:51:41.442037 EDT | MinEsReturn               26.2235
2017-07-31 15:51:41.442208 EDT | AverageDiscountedReturn  105.549
2017-07-31 15:51:41.442404 EDT | AverageQLoss               0.108165
2017-07-31 15:51:41.442577 EDT | AveragePolicySurr         -3.47968
2017-07-31 15:51:41.442726 EDT | AverageQ                   3.12232
2017-07-31 15:51:41.442879 EDT | AverageAbsQ                3.14592
2017-07-31 15:51:41.443029 EDT | AverageY                   3.12343
2017-07-31 15:51:41.443190 EDT | AverageAbsY                3.14566
2017-07-31 15:51:41.443343 EDT | AverageAbsQYDiff           0.150669
2017-07-31 15:51:41.443496 EDT | AverageAction              0.792435
2017-07-31 15:51:41.443653 EDT | PolicyRegParamNorm        13.7505
2017-07-31 15:51:41.443807 EDT | QFunRegParamNorm          14.3309
2017-07-31 15:51:41.443951 EDT | -----------------------  ----------
2017-07-31 15:51:41.444234 EDT | [Active_RL/Hard_Oracle_DDPG/Experiment_1] epoch #14 | Training started
2017-07-31 15:51:59.076054 EDT | [Active_RL/Hard_Oracle_DDPG/Experiment_1] epoch #14 | Training finished
2017-07-31 15:51:59.077555 EDT | [Active_RL/Hard_Oracle_DDPG/Experiment_1] epoch #14 | Trained qf 1000 steps, policy 1000 steps
2017-07-31 15:51:59.078008 EDT | [Active_RL/Hard_Oracle_DDPG/Experiment_1] epoch #14 | Collecting samples for evaluation
2017-07-31 15:52:10.235211 EDT | -----------------------  ----------
2017-07-31 15:52:10.236160 EDT | Epoch                     14
2017-07-31 15:52:10.236425 EDT | Iteration                 14
2017-07-31 15:52:10.236657 EDT | AverageReturn            166.679
2017-07-31 15:52:10.236885 EDT | StdReturn                  3.9659
2017-07-31 15:52:10.237112 EDT | MaxReturn                174.946
2017-07-31 15:52:10.237335 EDT | MinReturn                156.005
2017-07-31 15:52:10.237557 EDT | AverageEsReturn          148.609
2017-07-31 15:52:10.237783 EDT | StdEsReturn               40.6223
2017-07-31 15:52:10.238004 EDT | MaxEsReturn              190.463
2017-07-31 15:52:10.238239 EDT | MinEsReturn               52.7347
2017-07-31 15:52:10.238463 EDT | AverageDiscountedReturn  109.459
2017-07-31 15:52:10.238686 EDT | AverageQLoss               0.175725
2017-07-31 15:52:10.238908 EDT | AveragePolicySurr         -4.72533
2017-07-31 15:52:10.239131 EDT | AverageQ                   4.27084
2017-07-31 15:52:10.239353 EDT | AverageAbsQ                4.29093
2017-07-31 15:52:10.239575 EDT | AverageY                   4.27277
2017-07-31 15:52:10.239796 EDT | AverageAbsY                4.29097
2017-07-31 15:52:10.240018 EDT | AverageAbsQYDiff           0.199828
2017-07-31 15:52:10.240239 EDT | AverageAction              0.72608
2017-07-31 15:52:10.240461 EDT | PolicyRegParamNorm        15.1967
2017-07-31 15:52:10.240682 EDT | QFunRegParamNorm          15.9804
2017-07-31 15:52:10.240902 EDT | -----------------------  ----------
2017-07-31 15:52:10.241280 EDT | [Active_RL/Hard_Oracle_DDPG/Experiment_1] epoch #15 | Training started
2017-07-31 15:52:27.419433 EDT | [Active_RL/Hard_Oracle_DDPG/Experiment_1] epoch #15 | Training finished
2017-07-31 15:52:27.420465 EDT | [Active_RL/Hard_Oracle_DDPG/Experiment_1] epoch #15 | Trained qf 1000 steps, policy 1000 steps
2017-07-31 15:52:27.421159 EDT | [Active_RL/Hard_Oracle_DDPG/Experiment_1] epoch #15 | Collecting samples for evaluation
2017-07-31 15:52:38.553211 EDT | -----------------------  ----------
2017-07-31 15:52:38.554365 EDT | Epoch                     15
2017-07-31 15:52:38.554654 EDT | Iteration                 15
2017-07-31 15:52:38.554947 EDT | AverageReturn            170.154
2017-07-31 15:52:38.555233 EDT | StdReturn                  2.32879
2017-07-31 15:52:38.555512 EDT | MaxReturn                174.401
2017-07-31 15:52:38.555791 EDT | MinReturn                163.448
2017-07-31 15:52:38.556075 EDT | AverageEsReturn          149.473
2017-07-31 15:52:38.556352 EDT | StdEsReturn               31.3753
2017-07-31 15:52:38.556629 EDT | MaxEsReturn              179.412
2017-07-31 15:52:38.556910 EDT | MinEsReturn               68.1049
2017-07-31 15:52:38.557188 EDT | AverageDiscountedReturn  110.739
2017-07-31 15:52:38.557461 EDT | AverageQLoss               0.271831
2017-07-31 15:52:38.557730 EDT | AveragePolicySurr         -6.10842
2017-07-31 15:52:38.558003 EDT | AverageQ                   5.55135
2017-07-31 15:52:38.558289 EDT | AverageAbsQ                5.57015
2017-07-31 15:52:38.558560 EDT | AverageY                   5.55328
2017-07-31 15:52:38.558832 EDT | AverageAbsY                5.56947
2017-07-31 15:52:38.559110 EDT | AverageAbsQYDiff           0.235759
2017-07-31 15:52:38.559390 EDT | AverageAction              0.699606
2017-07-31 15:52:38.559662 EDT | PolicyRegParamNorm        16.8623
2017-07-31 15:52:38.559933 EDT | QFunRegParamNorm          17.5212
2017-07-31 15:52:38.560204 EDT | -----------------------  ----------
2017-07-31 15:52:38.560683 EDT | [Active_RL/Hard_Oracle_DDPG/Experiment_1] epoch #16 | Training started
2017-07-31 15:52:56.529114 EDT | [Active_RL/Hard_Oracle_DDPG/Experiment_1] epoch #16 | Training finished
2017-07-31 15:52:56.530025 EDT | [Active_RL/Hard_Oracle_DDPG/Experiment_1] epoch #16 | Trained qf 1000 steps, policy 1000 steps
2017-07-31 15:52:56.530355 EDT | [Active_RL/Hard_Oracle_DDPG/Experiment_1] epoch #16 | Collecting samples for evaluation
2017-07-31 15:53:07.243150 EDT | -----------------------  ----------
2017-07-31 15:53:07.244183 EDT | Epoch                     16
2017-07-31 15:53:07.244384 EDT | Iteration                 16
2017-07-31 15:53:07.244551 EDT | AverageReturn            172.205
2017-07-31 15:53:07.244712 EDT | StdReturn                  1.68027
2017-07-31 15:53:07.244869 EDT | MaxReturn                174.806
2017-07-31 15:53:07.245026 EDT | MinReturn                165.868
2017-07-31 15:53:07.245188 EDT | AverageEsReturn          140.364
2017-07-31 15:53:07.245345 EDT | StdEsReturn               46.5498
2017-07-31 15:53:07.245500 EDT | MaxEsReturn              175.826
2017-07-31 15:53:07.245653 EDT | MinEsReturn                3.47385
2017-07-31 15:53:07.245807 EDT | AverageDiscountedReturn  111.774
2017-07-31 15:53:07.245960 EDT | AverageQLoss               0.409597
2017-07-31 15:53:07.246112 EDT | AveragePolicySurr         -7.64306
2017-07-31 15:53:07.246296 EDT | AverageQ                   6.96526
2017-07-31 15:53:07.246449 EDT | AverageAbsQ                6.9837
2017-07-31 15:53:07.246603 EDT | AverageY                   6.96734
2017-07-31 15:53:07.246757 EDT | AverageAbsY                6.98226
2017-07-31 15:53:07.246910 EDT | AverageAbsQYDiff           0.279497
2017-07-31 15:53:07.247062 EDT | AverageAction              0.765857
2017-07-31 15:53:07.247217 EDT | PolicyRegParamNorm        18.7514
2017-07-31 15:53:07.247371 EDT | QFunRegParamNorm          19.0729
2017-07-31 15:53:07.247525 EDT | -----------------------  ----------
2017-07-31 15:53:07.247846 EDT | [Active_RL/Hard_Oracle_DDPG/Experiment_1] epoch #17 | Training started
2017-07-31 15:53:24.760013 EDT | [Active_RL/Hard_Oracle_DDPG/Experiment_1] epoch #17 | Training finished
2017-07-31 15:53:24.764793 EDT | [Active_RL/Hard_Oracle_DDPG/Experiment_1] epoch #17 | Trained qf 1000 steps, policy 1000 steps
2017-07-31 15:53:24.765052 EDT | [Active_RL/Hard_Oracle_DDPG/Experiment_1] epoch #17 | Collecting samples for evaluation
2017-07-31 15:53:35.660218 EDT | -----------------------  ----------
2017-07-31 15:53:35.665050 EDT | Epoch                     17
2017-07-31 15:53:35.665252 EDT | Iteration                 17
2017-07-31 15:53:35.665414 EDT | AverageReturn            170.603
2017-07-31 15:53:35.665567 EDT | StdReturn                  1.60553
2017-07-31 15:53:35.665743 EDT | MaxReturn                173.081
2017-07-31 15:53:35.665904 EDT | MinReturn                165.064
2017-07-31 15:53:35.666054 EDT | AverageEsReturn          136.931
2017-07-31 15:53:35.666244 EDT | StdEsReturn               50.0647
2017-07-31 15:53:35.666398 EDT | MaxEsReturn              189.519
2017-07-31 15:53:35.666553 EDT | MinEsReturn               38.7075
2017-07-31 15:53:35.666712 EDT | AverageDiscountedReturn  111.267
2017-07-31 15:53:35.666864 EDT | AverageQLoss               0.582622
2017-07-31 15:53:35.667019 EDT | AveragePolicySurr         -9.26801
2017-07-31 15:53:35.667170 EDT | AverageQ                   8.49472
2017-07-31 15:53:35.667314 EDT | AverageAbsQ                8.5111
2017-07-31 15:53:35.667457 EDT | AverageY                   8.49647
2017-07-31 15:53:35.667603 EDT | AverageAbsY                8.50861
2017-07-31 15:53:35.667747 EDT | AverageAbsQYDiff           0.322901
2017-07-31 15:53:35.667889 EDT | AverageAction              0.764723
2017-07-31 15:53:35.668036 EDT | PolicyRegParamNorm        20.5954
2017-07-31 15:53:35.668186 EDT | QFunRegParamNorm          20.6051
2017-07-31 15:53:35.668329 EDT | -----------------------  ----------
2017-07-31 15:53:35.668612 EDT | [Active_RL/Hard_Oracle_DDPG/Experiment_1] epoch #18 | Training started
2017-07-31 15:53:53.557388 EDT | [Active_RL/Hard_Oracle_DDPG/Experiment_1] epoch #18 | Training finished
2017-07-31 15:53:53.557748 EDT | [Active_RL/Hard_Oracle_DDPG/Experiment_1] epoch #18 | Trained qf 1000 steps, policy 1000 steps
2017-07-31 15:53:53.558022 EDT | [Active_RL/Hard_Oracle_DDPG/Experiment_1] epoch #18 | Collecting samples for evaluation
2017-07-31 15:54:05.347115 EDT | -----------------------  ----------
2017-07-31 15:54:05.348100 EDT | Epoch                     18
2017-07-31 15:54:05.348326 EDT | Iteration                 18
2017-07-31 15:54:05.348541 EDT | AverageReturn            168.769
2017-07-31 15:54:05.348751 EDT | StdReturn                  1.97876
2017-07-31 15:54:05.348955 EDT | MaxReturn                171.841
2017-07-31 15:54:05.349156 EDT | MinReturn                162.326
2017-07-31 15:54:05.349334 EDT | AverageEsReturn          151.98
2017-07-31 15:54:05.349510 EDT | StdEsReturn               41.5547
2017-07-31 15:54:05.349685 EDT | MaxEsReturn              175.58
2017-07-31 15:54:05.349862 EDT | MinEsReturn               41.2603
2017-07-31 15:54:05.350037 EDT | AverageDiscountedReturn  110.38
2017-07-31 15:54:05.350301 EDT | AverageQLoss               0.756283
2017-07-31 15:54:05.350676 EDT | AveragePolicySurr        -10.9123
2017-07-31 15:54:05.350868 EDT | AverageQ                  10.0251
2017-07-31 15:54:05.351054 EDT | AverageAbsQ               10.0399
2017-07-31 15:54:05.351276 EDT | AverageY                  10.0265
2017-07-31 15:54:05.351448 EDT | AverageAbsY               10.0364
2017-07-31 15:54:05.351744 EDT | AverageAbsQYDiff           0.36741
2017-07-31 15:54:05.352101 EDT | AverageAction              0.574524
2017-07-31 15:54:05.352291 EDT | PolicyRegParamNorm        22.1934
2017-07-31 15:54:05.352495 EDT | QFunRegParamNorm          22.1273
2017-07-31 15:54:05.352721 EDT | -----------------------  ----------
2017-07-31 15:54:05.353080 EDT | [Active_RL/Hard_Oracle_DDPG/Experiment_1] epoch #19 | Training started
2017-07-31 15:54:23.542848 EDT | [Active_RL/Hard_Oracle_DDPG/Experiment_1] epoch #19 | Training finished
2017-07-31 15:54:23.543995 EDT | [Active_RL/Hard_Oracle_DDPG/Experiment_1] epoch #19 | Trained qf 1000 steps, policy 1000 steps
2017-07-31 15:54:23.544212 EDT | [Active_RL/Hard_Oracle_DDPG/Experiment_1] epoch #19 | Collecting samples for evaluation
2017-07-31 15:54:34.455145 EDT | -----------------------  ----------
2017-07-31 15:54:34.456431 EDT | Epoch                     19
2017-07-31 15:54:34.456733 EDT | Iteration                 19
2017-07-31 15:54:34.457246 EDT | AverageReturn            167.766
2017-07-31 15:54:34.457612 EDT | StdReturn                  1.59579
2017-07-31 15:54:34.457963 EDT | MaxReturn                169.918
2017-07-31 15:54:34.458362 EDT | MinReturn                161.686
2017-07-31 15:54:34.458699 EDT | AverageEsReturn          134.266
2017-07-31 15:54:34.459073 EDT | StdEsReturn               46.9834
2017-07-31 15:54:34.459383 EDT | MaxEsReturn              174.21
2017-07-31 15:54:34.459643 EDT | MinEsReturn               40.2338
2017-07-31 15:54:34.459913 EDT | AverageDiscountedReturn  109.646
2017-07-31 15:54:34.460180 EDT | AverageQLoss               0.918467
2017-07-31 15:54:34.460387 EDT | AveragePolicySurr        -12.69
2017-07-31 15:54:34.460585 EDT | AverageQ                  11.6766
2017-07-31 15:54:34.460798 EDT | AverageAbsQ               11.6913
2017-07-31 15:54:34.461101 EDT | AverageY                  11.6794
2017-07-31 15:54:34.461399 EDT | AverageAbsY               11.6882
2017-07-31 15:54:34.461583 EDT | AverageAbsQYDiff           0.423434
2017-07-31 15:54:34.461757 EDT | AverageAction              0.652994
2017-07-31 15:54:34.461920 EDT | PolicyRegParamNorm        23.1479
2017-07-31 15:54:34.462175 EDT | QFunRegParamNorm          23.6259
2017-07-31 15:54:34.462482 EDT | -----------------------  ----------
2017-07-31 15:54:34.462842 EDT | [Active_RL/Hard_Oracle_DDPG/Experiment_1] epoch #20 | Training started
2017-07-31 15:54:52.405564 EDT | [Active_RL/Hard_Oracle_DDPG/Experiment_1] epoch #20 | Training finished
2017-07-31 15:54:52.406555 EDT | [Active_RL/Hard_Oracle_DDPG/Experiment_1] epoch #20 | Trained qf 1000 steps, policy 1000 steps
2017-07-31 15:54:52.406938 EDT | [Active_RL/Hard_Oracle_DDPG/Experiment_1] epoch #20 | Collecting samples for evaluation
2017-07-31 15:55:03.561199 EDT | -----------------------  ----------
2017-07-31 15:55:03.561665 EDT | Epoch                     20
2017-07-31 15:55:03.561851 EDT | Iteration                 20
2017-07-31 15:55:03.562026 EDT | AverageReturn            169.188
2017-07-31 15:55:03.562227 EDT | StdReturn                  1.82855
2017-07-31 15:55:03.562488 EDT | MaxReturn                172.284
2017-07-31 15:55:03.562707 EDT | MinReturn                164.042
2017-07-31 15:55:03.562869 EDT | AverageEsReturn          164.26
2017-07-31 15:55:03.563029 EDT | StdEsReturn               26.1168
2017-07-31 15:55:03.563245 EDT | MaxEsReturn              209.931
2017-07-31 15:55:03.563578 EDT | MinEsReturn              103.631
2017-07-31 15:55:03.563844 EDT | AverageDiscountedReturn  110.367
2017-07-31 15:55:03.564007 EDT | AverageQLoss               1.00529
2017-07-31 15:55:03.564166 EDT | AveragePolicySurr        -14.5659
2017-07-31 15:55:03.564330 EDT | AverageQ                  13.4171
2017-07-31 15:55:03.564489 EDT | AverageAbsQ               13.4303
2017-07-31 15:55:03.564685 EDT | AverageY                  13.4201
2017-07-31 15:55:03.564861 EDT | AverageAbsY               13.427
2017-07-31 15:55:03.565041 EDT | AverageAbsQYDiff           0.460018
2017-07-31 15:55:03.565191 EDT | AverageAction              0.686396
2017-07-31 15:55:03.565343 EDT | PolicyRegParamNorm        24.0096
2017-07-31 15:55:03.565508 EDT | QFunRegParamNorm          25.0201
2017-07-31 15:55:03.565664 EDT | -----------------------  ----------
2017-07-31 15:55:03.565984 EDT | [Active_RL/Hard_Oracle_DDPG/Experiment_1] epoch #21 | Training started
2017-07-31 15:55:20.248553 EDT | [Active_RL/Hard_Oracle_DDPG/Experiment_1] epoch #21 | Training finished
2017-07-31 15:55:20.249333 EDT | [Active_RL/Hard_Oracle_DDPG/Experiment_1] epoch #21 | Trained qf 1000 steps, policy 1000 steps
2017-07-31 15:55:20.249553 EDT | [Active_RL/Hard_Oracle_DDPG/Experiment_1] epoch #21 | Collecting samples for evaluation
2017-07-31 15:55:31.299016 EDT | -----------------------  ----------
2017-07-31 15:55:31.300748 EDT | Epoch                     21
2017-07-31 15:55:31.301289 EDT | Iteration                 21
2017-07-31 15:55:31.301639 EDT | AverageReturn            168.119
2017-07-31 15:55:31.301923 EDT | StdReturn                  2.87769
2017-07-31 15:55:31.302268 EDT | MaxReturn                172.572
2017-07-31 15:55:31.302610 EDT | MinReturn                161.279
2017-07-31 15:55:31.302981 EDT | AverageEsReturn          151.688
2017-07-31 15:55:31.303320 EDT | StdEsReturn               35.7696
2017-07-31 15:55:31.303648 EDT | MaxEsReturn              185.771
2017-07-31 15:55:31.303976 EDT | MinEsReturn               55.6386
2017-07-31 15:55:31.304303 EDT | AverageDiscountedReturn  109.981
2017-07-31 15:55:31.304621 EDT | AverageQLoss               1.27099
2017-07-31 15:55:31.304944 EDT | AveragePolicySurr        -16.4901
2017-07-31 15:55:31.305270 EDT | AverageQ                  15.2349
2017-07-31 15:55:31.305600 EDT | AverageAbsQ               15.2487
2017-07-31 15:55:31.305914 EDT | AverageY                  15.2387
2017-07-31 15:55:31.306683 EDT | AverageAbsY               15.246
2017-07-31 15:55:31.307008 EDT | AverageAbsQYDiff           0.497991
2017-07-31 15:55:31.307328 EDT | AverageAction              0.611504
2017-07-31 15:55:31.307642 EDT | PolicyRegParamNorm        24.7175
2017-07-31 15:55:31.307954 EDT | QFunRegParamNorm          26.4459
2017-07-31 15:55:31.308264 EDT | -----------------------  ----------
2017-07-31 15:55:31.308795 EDT | [Active_RL/Hard_Oracle_DDPG/Experiment_1] epoch #22 | Training started
2017-07-31 15:55:49.199592 EDT | [Active_RL/Hard_Oracle_DDPG/Experiment_1] epoch #22 | Training finished
2017-07-31 15:55:49.200527 EDT | [Active_RL/Hard_Oracle_DDPG/Experiment_1] epoch #22 | Trained qf 1000 steps, policy 1000 steps
2017-07-31 15:55:49.201059 EDT | [Active_RL/Hard_Oracle_DDPG/Experiment_1] epoch #22 | Collecting samples for evaluation
2017-07-31 15:56:00.691483 EDT | -----------------------  ----------
2017-07-31 15:56:00.691963 EDT | Epoch                     22
2017-07-31 15:56:00.692370 EDT | Iteration                 22
2017-07-31 15:56:00.692726 EDT | AverageReturn            148.875
2017-07-31 15:56:00.692914 EDT | StdReturn                  1.40246
2017-07-31 15:56:00.693082 EDT | MaxReturn                156.339
2017-07-31 15:56:00.693238 EDT | MinReturn                145.634
2017-07-31 15:56:00.693405 EDT | AverageEsReturn          140.782
2017-07-31 15:56:00.693560 EDT | StdEsReturn               56.1257
2017-07-31 15:56:00.693715 EDT | MaxEsReturn              207.849
2017-07-31 15:56:00.693869 EDT | MinEsReturn               26.856
2017-07-31 15:56:00.694022 EDT | AverageDiscountedReturn  100.984
2017-07-31 15:56:00.694306 EDT | AverageQLoss               1.43908
2017-07-31 15:56:00.694643 EDT | AveragePolicySurr        -18.5099
2017-07-31 15:56:00.694893 EDT | AverageQ                  17.1364
2017-07-31 15:56:00.695073 EDT | AverageAbsQ               17.1508
2017-07-31 15:56:00.695277 EDT | AverageY                  17.1386
2017-07-31 15:56:00.695528 EDT | AverageAbsY               17.1451
2017-07-31 15:56:00.695698 EDT | AverageAbsQYDiff           0.524416
2017-07-31 15:56:00.695871 EDT | AverageAction              0.753703
2017-07-31 15:56:00.696036 EDT | PolicyRegParamNorm        25.009
2017-07-31 15:56:00.696235 EDT | QFunRegParamNorm          27.7531
2017-07-31 15:56:00.696614 EDT | -----------------------  ----------
2017-07-31 15:56:00.697231 EDT | [Active_RL/Hard_Oracle_DDPG/Experiment_1] epoch #23 | Training started
2017-07-31 15:56:17.736700 EDT | [Active_RL/Hard_Oracle_DDPG/Experiment_1] epoch #23 | Training finished
2017-07-31 15:56:17.737534 EDT | [Active_RL/Hard_Oracle_DDPG/Experiment_1] epoch #23 | Trained qf 1000 steps, policy 1000 steps
2017-07-31 15:56:17.737817 EDT | [Active_RL/Hard_Oracle_DDPG/Experiment_1] epoch #23 | Collecting samples for evaluation
2017-07-31 15:56:28.894974 EDT | -----------------------  ----------
2017-07-31 15:56:28.895996 EDT | Epoch                     23
2017-07-31 15:56:28.896495 EDT | Iteration                 23
2017-07-31 15:56:28.896734 EDT | AverageReturn            186.055
2017-07-31 15:56:28.897140 EDT | StdReturn                  5.44755
2017-07-31 15:56:28.897466 EDT | MaxReturn                197.584
2017-07-31 15:56:28.897794 EDT | MinReturn                171.562
2017-07-31 15:56:28.898062 EDT | AverageEsReturn          158.572
2017-07-31 15:56:28.898331 EDT | StdEsReturn               69.7551
2017-07-31 15:56:28.898653 EDT | MaxEsReturn              237.097
2017-07-31 15:56:28.898966 EDT | MinEsReturn                3.30705
2017-07-31 15:56:28.899309 EDT | AverageDiscountedReturn  117.789
2017-07-31 15:56:28.899604 EDT | AverageQLoss               2.29721
2017-07-31 15:56:28.899910 EDT | AveragePolicySurr        -20.5148
2017-07-31 15:56:28.900244 EDT | AverageQ                  19.0366
2017-07-31 15:56:28.900548 EDT | AverageAbsQ               19.0514
2017-07-31 15:56:28.900853 EDT | AverageY                  19.0428
2017-07-31 15:56:28.901197 EDT | AverageAbsY               19.0489
2017-07-31 15:56:28.901482 EDT | AverageAbsQYDiff           0.639828
2017-07-31 15:56:28.901772 EDT | AverageAction              0.648881
2017-07-31 15:56:28.902024 EDT | PolicyRegParamNorm        25.5984
2017-07-31 15:56:28.902286 EDT | QFunRegParamNorm          29.0503
2017-07-31 15:56:28.902526 EDT | -----------------------  ----------
2017-07-31 15:56:28.903156 EDT | [Active_RL/Hard_Oracle_DDPG/Experiment_1] epoch #24 | Training started
2017-07-31 15:56:46.302510 EDT | [Active_RL/Hard_Oracle_DDPG/Experiment_1] epoch #24 | Training finished
2017-07-31 15:56:46.303388 EDT | [Active_RL/Hard_Oracle_DDPG/Experiment_1] epoch #24 | Trained qf 1000 steps, policy 1000 steps
2017-07-31 15:56:46.303801 EDT | [Active_RL/Hard_Oracle_DDPG/Experiment_1] epoch #24 | Collecting samples for evaluation
2017-07-31 15:56:58.005832 EDT | -----------------------  ----------
2017-07-31 15:56:58.006721 EDT | Epoch                     24
2017-07-31 15:56:58.006984 EDT | Iteration                 24
2017-07-31 15:56:58.007164 EDT | AverageReturn            258.302
2017-07-31 15:56:58.007506 EDT | StdReturn                  8.6268
2017-07-31 15:56:58.007991 EDT | MaxReturn                278.397
2017-07-31 15:56:58.008167 EDT | MinReturn                236.476
2017-07-31 15:56:58.008411 EDT | AverageEsReturn          159.405
2017-07-31 15:56:58.008752 EDT | StdEsReturn               58.7219
2017-07-31 15:56:58.008966 EDT | MaxEsReturn              252.791
2017-07-31 15:56:58.009126 EDT | MinEsReturn               69.2152
2017-07-31 15:56:58.009279 EDT | AverageDiscountedReturn  145.606
2017-07-31 15:56:58.009433 EDT | AverageQLoss               2.50217
2017-07-31 15:56:58.009708 EDT | AveragePolicySurr        -22.6712
2017-07-31 15:56:58.009987 EDT | AverageQ                  21.0626
2017-07-31 15:56:58.010255 EDT | AverageAbsQ               21.0775
2017-07-31 15:56:58.010417 EDT | AverageY                  21.0673
2017-07-31 15:56:58.010607 EDT | AverageAbsY               21.0729
2017-07-31 15:56:58.010909 EDT | AverageAbsQYDiff           0.64385
2017-07-31 15:56:58.011126 EDT | AverageAction              0.658576
2017-07-31 15:56:58.011293 EDT | PolicyRegParamNorm        26.1778
2017-07-31 15:56:58.011450 EDT | QFunRegParamNorm          30.218
2017-07-31 15:56:58.011604 EDT | -----------------------  ----------
2017-07-31 15:56:58.011956 EDT | [Active_RL/Hard_Oracle_DDPG/Experiment_1] epoch #25 | Training started
2017-07-31 15:57:15.582574 EDT | [Active_RL/Hard_Oracle_DDPG/Experiment_1] epoch #25 | Training finished
2017-07-31 15:57:15.583571 EDT | [Active_RL/Hard_Oracle_DDPG/Experiment_1] epoch #25 | Trained qf 1000 steps, policy 1000 steps
2017-07-31 15:57:15.584021 EDT | [Active_RL/Hard_Oracle_DDPG/Experiment_1] epoch #25 | Collecting samples for evaluation
2017-07-31 15:57:26.324111 EDT | -----------------------  ----------
2017-07-31 15:57:26.325191 EDT | Epoch                     25
2017-07-31 15:57:26.325804 EDT | Iteration                 25
2017-07-31 15:57:26.326054 EDT | AverageReturn            253.1
2017-07-31 15:57:26.326678 EDT | StdReturn                  5.75631
2017-07-31 15:57:26.327073 EDT | MaxReturn                265.957
2017-07-31 15:57:26.327492 EDT | MinReturn                236.951
2017-07-31 15:57:26.327743 EDT | AverageEsReturn          213.435
2017-07-31 15:57:26.328176 EDT | StdEsReturn               59.6407
2017-07-31 15:57:26.328535 EDT | MaxEsReturn              310.95
2017-07-31 15:57:26.328903 EDT | MinEsReturn              118.719
2017-07-31 15:57:26.329095 EDT | AverageDiscountedReturn  143.25
2017-07-31 15:57:26.329310 EDT | AverageQLoss               2.84196
2017-07-31 15:57:26.329540 EDT | AveragePolicySurr        -24.9245
2017-07-31 15:57:26.338250 EDT | AverageQ                  23.2464
2017-07-31 15:57:26.338688 EDT | AverageAbsQ               23.261
2017-07-31 15:57:26.339080 EDT | AverageY                  23.2502
2017-07-31 15:57:26.339479 EDT | AverageAbsY               23.2551
2017-07-31 15:57:26.339850 EDT | AverageAbsQYDiff           0.700454
2017-07-31 15:57:26.340251 EDT | AverageAction              0.652532
2017-07-31 15:57:26.340643 EDT | PolicyRegParamNorm        26.6587
2017-07-31 15:57:26.341036 EDT | QFunRegParamNorm          31.4324
2017-07-31 15:57:26.341414 EDT | -----------------------  ----------
2017-07-31 15:57:26.342052 EDT | [Active_RL/Hard_Oracle_DDPG/Experiment_1] epoch #26 | Training started
2017-07-31 15:57:44.289052 EDT | [Active_RL/Hard_Oracle_DDPG/Experiment_1] epoch #26 | Training finished
2017-07-31 15:57:44.290091 EDT | [Active_RL/Hard_Oracle_DDPG/Experiment_1] epoch #26 | Trained qf 1000 steps, policy 1000 steps
2017-07-31 15:57:44.290390 EDT | [Active_RL/Hard_Oracle_DDPG/Experiment_1] epoch #26 | Collecting samples for evaluation
2017-07-31 15:57:55.291071 EDT | -----------------------  ----------
2017-07-31 15:57:55.291708 EDT | Epoch                     26
2017-07-31 15:57:55.291971 EDT | Iteration                 26
2017-07-31 15:57:55.292214 EDT | AverageReturn            254.308
2017-07-31 15:57:55.292454 EDT | StdReturn                  8.36579
2017-07-31 15:57:55.292691 EDT | MaxReturn                267.602
2017-07-31 15:57:55.292927 EDT | MinReturn                232.678
2017-07-31 15:57:55.293163 EDT | AverageEsReturn          179.627
2017-07-31 15:57:55.293397 EDT | StdEsReturn               79.7013
2017-07-31 15:57:55.293631 EDT | MaxEsReturn              298.42
2017-07-31 15:57:55.293866 EDT | MinEsReturn               58.1585
2017-07-31 15:57:55.294099 EDT | AverageDiscountedReturn  142.862
2017-07-31 15:57:55.294362 EDT | AverageQLoss               3.36486
2017-07-31 15:57:55.294598 EDT | AveragePolicySurr        -27.0957
2017-07-31 15:57:55.294832 EDT | AverageQ                  25.373
2017-07-31 15:57:55.295065 EDT | AverageAbsQ               25.3895
2017-07-31 15:57:55.295300 EDT | AverageY                  25.3792
2017-07-31 15:57:55.295534 EDT | AverageAbsY               25.3847
2017-07-31 15:57:55.295768 EDT | AverageAbsQYDiff           0.754471
2017-07-31 15:57:55.296002 EDT | AverageAction              0.560462
2017-07-31 15:57:55.296234 EDT | PolicyRegParamNorm        27.1957
2017-07-31 15:57:55.296467 EDT | QFunRegParamNorm          32.658
2017-07-31 15:57:55.296644 EDT | -----------------------  ----------
2017-07-31 15:57:55.296906 EDT | [Active_RL/Hard_Oracle_DDPG/Experiment_1] epoch #27 | Training started
2017-07-31 15:58:13.178950 EDT | [Active_RL/Hard_Oracle_DDPG/Experiment_1] epoch #27 | Training finished
2017-07-31 15:58:13.180186 EDT | [Active_RL/Hard_Oracle_DDPG/Experiment_1] epoch #27 | Trained qf 1000 steps, policy 1000 steps
2017-07-31 15:58:13.180642 EDT | [Active_RL/Hard_Oracle_DDPG/Experiment_1] epoch #27 | Collecting samples for evaluation
2017-07-31 15:58:24.418343 EDT | -----------------------  ----------
2017-07-31 15:58:24.419336 EDT | Epoch                     27
2017-07-31 15:58:24.419610 EDT | Iteration                 27
2017-07-31 15:58:24.419865 EDT | AverageReturn            227.438
2017-07-31 15:58:24.420124 EDT | StdReturn                  9.27912
2017-07-31 15:58:24.420381 EDT | MaxReturn                244.948
2017-07-31 15:58:24.420634 EDT | MinReturn                194.469
2017-07-31 15:58:24.420887 EDT | AverageEsReturn          158.567
2017-07-31 15:58:24.421129 EDT | StdEsReturn               74.7801
2017-07-31 15:58:24.421371 EDT | MaxEsReturn              285.113
2017-07-31 15:58:24.421617 EDT | MinEsReturn               40.5678
2017-07-31 15:58:24.421858 EDT | AverageDiscountedReturn  132.447
2017-07-31 15:58:24.422110 EDT | AverageQLoss               3.83097
2017-07-31 15:58:24.422400 EDT | AveragePolicySurr        -29.2403
2017-07-31 15:58:24.422641 EDT | AverageQ                  27.3842
2017-07-31 15:58:24.422878 EDT | AverageAbsQ               27.4003
2017-07-31 15:58:24.423117 EDT | AverageY                  27.3882
2017-07-31 15:58:24.423379 EDT | AverageAbsY               27.3925
2017-07-31 15:58:24.423619 EDT | AverageAbsQYDiff           0.801551
2017-07-31 15:58:24.423857 EDT | AverageAction              0.560328
2017-07-31 15:58:24.424102 EDT | PolicyRegParamNorm        27.7632
2017-07-31 15:58:24.424368 EDT | QFunRegParamNorm          33.7994
2017-07-31 15:58:24.424608 EDT | -----------------------  ----------
2017-07-31 15:58:24.425043 EDT | [Active_RL/Hard_Oracle_DDPG/Experiment_1] epoch #28 | Training started
2017-07-31 15:58:41.743527 EDT | [Active_RL/Hard_Oracle_DDPG/Experiment_1] epoch #28 | Training finished
2017-07-31 15:58:41.743886 EDT | [Active_RL/Hard_Oracle_DDPG/Experiment_1] epoch #28 | Trained qf 1000 steps, policy 1000 steps
2017-07-31 15:58:41.744167 EDT | [Active_RL/Hard_Oracle_DDPG/Experiment_1] epoch #28 | Collecting samples for evaluation
2017-07-31 15:58:53.024028 EDT | -----------------------  ----------
2017-07-31 15:58:53.024884 EDT | Epoch                     28
2017-07-31 15:58:53.025200 EDT | Iteration                 28
2017-07-31 15:58:53.025427 EDT | AverageReturn            272.507
2017-07-31 15:58:53.025696 EDT | StdReturn                 10.5017
2017-07-31 15:58:53.025873 EDT | MaxReturn                296.253
2017-07-31 15:58:53.026039 EDT | MinReturn                251.156
2017-07-31 15:58:53.026372 EDT | AverageEsReturn          171.221
2017-07-31 15:58:53.026675 EDT | StdEsReturn               76.2509
2017-07-31 15:58:53.026860 EDT | MaxEsReturn              288.865
2017-07-31 15:58:53.027025 EDT | MinEsReturn               16.6829
2017-07-31 15:58:53.027182 EDT | AverageDiscountedReturn  146.401
2017-07-31 15:58:53.027345 EDT | AverageQLoss               4.35048
2017-07-31 15:58:53.027512 EDT | AveragePolicySurr        -31.4309
2017-07-31 15:58:53.027677 EDT | AverageQ                  29.4676
2017-07-31 15:58:53.027923 EDT | AverageAbsQ               29.4838
2017-07-31 15:58:53.028099 EDT | AverageY                  29.4717
2017-07-31 15:58:53.028272 EDT | AverageAbsY               29.4758
2017-07-31 15:58:53.028509 EDT | AverageAbsQYDiff           0.86807
2017-07-31 15:58:53.028817 EDT | AverageAction              0.561802
2017-07-31 15:58:53.029134 EDT | PolicyRegParamNorm        28.2539
2017-07-31 15:58:53.029310 EDT | QFunRegParamNorm          34.9093
2017-07-31 15:58:53.029460 EDT | -----------------------  ----------
2017-07-31 15:58:53.029761 EDT | [Active_RL/Hard_Oracle_DDPG/Experiment_1] epoch #29 | Training started
2017-07-31 15:59:10.217727 EDT | [Active_RL/Hard_Oracle_DDPG/Experiment_1] epoch #29 | Training finished
2017-07-31 15:59:10.218488 EDT | [Active_RL/Hard_Oracle_DDPG/Experiment_1] epoch #29 | Trained qf 1000 steps, policy 1000 steps
2017-07-31 15:59:10.218837 EDT | [Active_RL/Hard_Oracle_DDPG/Experiment_1] epoch #29 | Collecting samples for evaluation
2017-07-31 15:59:21.106743 EDT | -----------------------  ----------
2017-07-31 15:59:21.107844 EDT | Epoch                     29
2017-07-31 15:59:21.108169 EDT | Iteration                 29
2017-07-31 15:59:21.108499 EDT | AverageReturn            270.867
2017-07-31 15:59:21.108763 EDT | StdReturn                  8.62485
2017-07-31 15:59:21.108939 EDT | MaxReturn                290.995
2017-07-31 15:59:21.109121 EDT | MinReturn                251.253
2017-07-31 15:59:21.109446 EDT | AverageEsReturn          189.751
2017-07-31 15:59:21.109781 EDT | StdEsReturn               88.6578
2017-07-31 15:59:21.110043 EDT | MaxEsReturn              313.377
2017-07-31 15:59:21.110279 EDT | MinEsReturn               49.7579
2017-07-31 15:59:21.110524 EDT | AverageDiscountedReturn  147.515
2017-07-31 15:59:21.110765 EDT | AverageQLoss               5.02944
2017-07-31 15:59:21.111000 EDT | AveragePolicySurr        -33.6419
2017-07-31 15:59:21.111228 EDT | AverageQ                  31.6687
2017-07-31 15:59:21.111457 EDT | AverageAbsQ               31.6883
2017-07-31 15:59:21.111730 EDT | AverageY                  31.674
2017-07-31 15:59:21.112010 EDT | AverageAbsY               31.6784
2017-07-31 15:59:21.112288 EDT | AverageAbsQYDiff           0.92545
2017-07-31 15:59:21.112566 EDT | AverageAction              0.591229
2017-07-31 15:59:21.112849 EDT | PolicyRegParamNorm        28.7166
2017-07-31 15:59:21.113133 EDT | QFunRegParamNorm          35.9607
2017-07-31 15:59:21.113425 EDT | -----------------------  ----------
