2017-07-31 16:17:41.156894 EDT | [Active_RL/Hard_Oracle_DDPG/Experiment_2] observation space: Box(11,)
2017-07-31 16:17:41.157525 EDT | [Active_RL/Hard_Oracle_DDPG/Experiment_2] action space: Box(3,)
2017-07-31 16:17:41.369033 EDT | [Active_RL/Hard_Oracle_DDPG/Experiment_2] Populating workers...
2017-07-31 16:17:41.369458 EDT | [Active_RL/Hard_Oracle_DDPG/Experiment_2] Populated
2017-07-31 16:17:42.341734 EDT | [Active_RL/Hard_Oracle_DDPG/Experiment_2] epoch #0 | Training started
2017-07-31 16:17:43.601068 EDT | [Active_RL/Hard_Oracle_DDPG/Experiment_2] epoch #0 | Training finished
2017-07-31 16:17:43.601334 EDT | [Active_RL/Hard_Oracle_DDPG/Experiment_2] epoch #0 | Trained qf 0 steps, policy 0 steps
2017-07-31 16:17:43.601583 EDT | [Active_RL/Hard_Oracle_DDPG/Experiment_2] epoch #1 | Training started
2017-07-31 16:17:44.774849 EDT | [Active_RL/Hard_Oracle_DDPG/Experiment_2] epoch #1 | Training finished
2017-07-31 16:17:44.775245 EDT | [Active_RL/Hard_Oracle_DDPG/Experiment_2] epoch #1 | Trained qf 0 steps, policy 0 steps
2017-07-31 16:17:44.775537 EDT | [Active_RL/Hard_Oracle_DDPG/Experiment_2] epoch #2 | Training started
2017-07-31 16:17:45.922628 EDT | [Active_RL/Hard_Oracle_DDPG/Experiment_2] epoch #2 | Training finished
2017-07-31 16:17:45.923006 EDT | [Active_RL/Hard_Oracle_DDPG/Experiment_2] epoch #2 | Trained qf 0 steps, policy 0 steps
2017-07-31 16:17:45.923297 EDT | [Active_RL/Hard_Oracle_DDPG/Experiment_2] epoch #3 | Training started
2017-07-31 16:17:47.223017 EDT | [Active_RL/Hard_Oracle_DDPG/Experiment_2] epoch #3 | Training finished
2017-07-31 16:17:47.223513 EDT | [Active_RL/Hard_Oracle_DDPG/Experiment_2] epoch #3 | Trained qf 0 steps, policy 0 steps
2017-07-31 16:17:47.223741 EDT | [Active_RL/Hard_Oracle_DDPG/Experiment_2] epoch #4 | Training started
2017-07-31 16:17:48.324543 EDT | [Active_RL/Hard_Oracle_DDPG/Experiment_2] epoch #4 | Training finished
2017-07-31 16:17:48.324821 EDT | [Active_RL/Hard_Oracle_DDPG/Experiment_2] epoch #4 | Trained qf 0 steps, policy 0 steps
2017-07-31 16:17:48.325010 EDT | [Active_RL/Hard_Oracle_DDPG/Experiment_2] epoch #5 | Training started
2017-07-31 16:17:49.575921 EDT | [Active_RL/Hard_Oracle_DDPG/Experiment_2] epoch #5 | Training finished
2017-07-31 16:17:49.576568 EDT | [Active_RL/Hard_Oracle_DDPG/Experiment_2] epoch #5 | Trained qf 0 steps, policy 0 steps
2017-07-31 16:17:49.577123 EDT | [Active_RL/Hard_Oracle_DDPG/Experiment_2] epoch #6 | Training started
2017-07-31 16:17:50.778225 EDT | [Active_RL/Hard_Oracle_DDPG/Experiment_2] epoch #6 | Training finished
2017-07-31 16:17:50.779009 EDT | [Active_RL/Hard_Oracle_DDPG/Experiment_2] epoch #6 | Trained qf 0 steps, policy 0 steps
2017-07-31 16:17:50.779265 EDT | [Active_RL/Hard_Oracle_DDPG/Experiment_2] epoch #7 | Training started
2017-07-31 16:17:51.876611 EDT | [Active_RL/Hard_Oracle_DDPG/Experiment_2] epoch #7 | Training finished
2017-07-31 16:17:51.876923 EDT | [Active_RL/Hard_Oracle_DDPG/Experiment_2] epoch #7 | Trained qf 0 steps, policy 0 steps
2017-07-31 16:17:51.877121 EDT | [Active_RL/Hard_Oracle_DDPG/Experiment_2] epoch #8 | Training started
2017-07-31 16:17:53.120061 EDT | [Active_RL/Hard_Oracle_DDPG/Experiment_2] epoch #8 | Training finished
2017-07-31 16:17:53.120409 EDT | [Active_RL/Hard_Oracle_DDPG/Experiment_2] epoch #8 | Trained qf 0 steps, policy 0 steps
2017-07-31 16:17:53.120686 EDT | [Active_RL/Hard_Oracle_DDPG/Experiment_2] epoch #9 | Training started
2017-07-31 16:17:54.270975 EDT | [Active_RL/Hard_Oracle_DDPG/Experiment_2] epoch #9 | Training finished
2017-07-31 16:17:54.271479 EDT | [Active_RL/Hard_Oracle_DDPG/Experiment_2] epoch #9 | Trained qf 1 steps, policy 1 steps
2017-07-31 16:17:54.271756 EDT | [Active_RL/Hard_Oracle_DDPG/Experiment_2] epoch #9 | Collecting samples for evaluation
2017-07-31 16:18:06.673889 EDT | -----------------------  ----------
2017-07-31 16:18:06.674721 EDT | Epoch                     9
2017-07-31 16:18:06.674915 EDT | Iteration                 9
2017-07-31 16:18:06.675076 EDT | AverageReturn            12.1645
2017-07-31 16:18:06.675239 EDT | StdReturn                 0.25251
2017-07-31 16:18:06.675414 EDT | MaxReturn                12.7969
2017-07-31 16:18:06.675693 EDT | MinReturn                11.5141
2017-07-31 16:18:06.675858 EDT | AverageEsReturn          14.2036
2017-07-31 16:18:06.676008 EDT | StdEsReturn              14.7791
2017-07-31 16:18:06.676169 EDT | MaxEsReturn              99.1301
2017-07-31 16:18:06.676325 EDT | MinEsReturn               1.77907
2017-07-31 16:18:06.676475 EDT | AverageDiscountedReturn  11.4216
2017-07-31 16:18:06.676640 EDT | AverageQLoss              5.2238
2017-07-31 16:18:06.676823 EDT | AveragePolicySurr         0.448947
2017-07-31 16:18:06.677015 EDT | AverageQ                 -0.678386
2017-07-31 16:18:06.677235 EDT | AverageAbsQ               0.681295
2017-07-31 16:18:06.677433 EDT | AverageY                  1.41251
2017-07-31 16:18:06.677594 EDT | AverageAbsY               1.41566
2017-07-31 16:18:06.677754 EDT | AverageAbsQYDiff          2.0909
2017-07-31 16:18:06.677917 EDT | AverageAction             0.0392707
2017-07-31 16:18:06.678072 EDT | PolicyRegParamNorm       11.1819
2017-07-31 16:18:06.678273 EDT | QFunRegParamNorm         11.1658
2017-07-31 16:18:06.678617 EDT | -----------------------  ----------
2017-07-31 16:18:06.679016 EDT | [Active_RL/Hard_Oracle_DDPG/Experiment_2] epoch #10 | Training started
2017-07-31 16:18:24.254587 EDT | [Active_RL/Hard_Oracle_DDPG/Experiment_2] epoch #10 | Training finished
2017-07-31 16:18:24.255528 EDT | [Active_RL/Hard_Oracle_DDPG/Experiment_2] epoch #10 | Trained qf 1000 steps, policy 1000 steps
2017-07-31 16:18:24.255875 EDT | [Active_RL/Hard_Oracle_DDPG/Experiment_2] epoch #10 | Collecting samples for evaluation
2017-07-31 16:18:37.039249 EDT | -----------------------  ----------
2017-07-31 16:18:37.040095 EDT | Epoch                    10
2017-07-31 16:18:37.040280 EDT | Iteration                10
2017-07-31 16:18:37.040457 EDT | AverageReturn             0.719974
2017-07-31 16:18:37.040714 EDT | StdReturn                 0.267846
2017-07-31 16:18:37.040953 EDT | MaxReturn                 1.42421
2017-07-31 16:18:37.041257 EDT | MinReturn                -0.497105
2017-07-31 16:18:37.041482 EDT | AverageEsReturn           1.69816
2017-07-31 16:18:37.041733 EDT | StdEsReturn               2.05491
2017-07-31 16:18:37.041898 EDT | MaxEsReturn              10.9401
2017-07-31 16:18:37.042053 EDT | MinEsReturn              -1.23481
2017-07-31 16:18:37.042237 EDT | AverageDiscountedReturn   0.961158
2017-07-31 16:18:37.042392 EDT | AverageQLoss              0.0679161
2017-07-31 16:18:37.042591 EDT | AveragePolicySurr        -1.2196
2017-07-31 16:18:37.042759 EDT | AverageQ                  1.14724
2017-07-31 16:18:37.042922 EDT | AverageAbsQ               1.16608
2017-07-31 16:18:37.043069 EDT | AverageY                  1.1595
2017-07-31 16:18:37.043229 EDT | AverageAbsY               1.1904
2017-07-31 16:18:37.043390 EDT | AverageAbsQYDiff          0.132226
2017-07-31 16:18:37.043544 EDT | AverageAction             0.896682
2017-07-31 16:18:37.043694 EDT | PolicyRegParamNorm       12.6236
2017-07-31 16:18:37.043847 EDT | QFunRegParamNorm         11.4275
2017-07-31 16:18:37.044043 EDT | -----------------------  ----------
2017-07-31 16:18:37.044356 EDT | [Active_RL/Hard_Oracle_DDPG/Experiment_2] epoch #11 | Training started
2017-07-31 16:18:54.959384 EDT | [Active_RL/Hard_Oracle_DDPG/Experiment_2] epoch #11 | Training finished
2017-07-31 16:18:54.960361 EDT | [Active_RL/Hard_Oracle_DDPG/Experiment_2] epoch #11 | Trained qf 1000 steps, policy 1000 steps
2017-07-31 16:18:54.960672 EDT | [Active_RL/Hard_Oracle_DDPG/Experiment_2] epoch #11 | Collecting samples for evaluation
2017-07-31 16:19:07.057332 EDT | -----------------------  ----------
2017-07-31 16:19:07.057783 EDT | Epoch                    11
2017-07-31 16:19:07.058049 EDT | Iteration                11
2017-07-31 16:19:07.058331 EDT | AverageReturn            38.5141
2017-07-31 16:19:07.058588 EDT | StdReturn                 0.899245
2017-07-31 16:19:07.058836 EDT | MaxReturn                40.4462
2017-07-31 16:19:07.059082 EDT | MinReturn                36.4262
2017-07-31 16:19:07.059334 EDT | AverageEsReturn          15.1815
2017-07-31 16:19:07.059586 EDT | StdEsReturn              18.123
2017-07-31 16:19:07.059831 EDT | MaxEsReturn              52.0463
2017-07-31 16:19:07.060074 EDT | MinEsReturn              -1.7033
2017-07-31 16:19:07.060318 EDT | AverageDiscountedReturn  34.2496
2017-07-31 16:19:07.060565 EDT | AverageQLoss              0.0274292
2017-07-31 16:19:07.060809 EDT | AveragePolicySurr        -1.56892
2017-07-31 16:19:07.061051 EDT | AverageQ                  1.46916
2017-07-31 16:19:07.061294 EDT | AverageAbsQ               1.52901
2017-07-31 16:19:07.061537 EDT | AverageY                  1.47023
2017-07-31 16:19:07.061784 EDT | AverageAbsY               1.5323
2017-07-31 16:19:07.062027 EDT | AverageAbsQYDiff          0.0952892
2017-07-31 16:19:07.062337 EDT | AverageAction             0.999988
2017-07-31 16:19:07.062664 EDT | PolicyRegParamNorm       14.2104
2017-07-31 16:19:07.062977 EDT | QFunRegParamNorm         11.8438
2017-07-31 16:19:07.063301 EDT | -----------------------  ----------
2017-07-31 16:19:07.063806 EDT | [Active_RL/Hard_Oracle_DDPG/Experiment_2] epoch #12 | Training started
2017-07-31 16:19:24.976552 EDT | [Active_RL/Hard_Oracle_DDPG/Experiment_2] epoch #12 | Training finished
2017-07-31 16:19:24.979691 EDT | [Active_RL/Hard_Oracle_DDPG/Experiment_2] epoch #12 | Trained qf 1000 steps, policy 1000 steps
2017-07-31 16:19:24.979989 EDT | [Active_RL/Hard_Oracle_DDPG/Experiment_2] epoch #12 | Collecting samples for evaluation
2017-07-31 16:19:36.474875 EDT | -----------------------  ----------
2017-07-31 16:19:36.475728 EDT | Epoch                    12
2017-07-31 16:19:36.475919 EDT | Iteration                12
2017-07-31 16:19:36.476086 EDT | AverageReturn            38.5575
2017-07-31 16:19:36.476322 EDT | StdReturn                 0.899024
2017-07-31 16:19:36.476538 EDT | MaxReturn                40.3099
2017-07-31 16:19:36.476691 EDT | MinReturn                36.6086
2017-07-31 16:19:36.476856 EDT | AverageEsReturn          41.1523
2017-07-31 16:19:36.477015 EDT | StdEsReturn               6.77011
2017-07-31 16:19:36.477177 EDT | MaxEsReturn              80.3066
2017-07-31 16:19:36.477333 EDT | MinEsReturn              36.2915
2017-07-31 16:19:36.477488 EDT | AverageDiscountedReturn  34.2792
2017-07-31 16:19:36.477741 EDT | AverageQLoss              0.0643733
2017-07-31 16:19:36.478031 EDT | AveragePolicySurr        -2.33327
2017-07-31 16:19:36.478348 EDT | AverageQ                  2.11805
2017-07-31 16:19:36.478559 EDT | AverageAbsQ               2.23392
2017-07-31 16:19:36.478730 EDT | AverageY                  2.11915
2017-07-31 16:19:36.478883 EDT | AverageAbsY               2.23804
2017-07-31 16:19:36.479040 EDT | AverageAbsQYDiff          0.133251
2017-07-31 16:19:36.479196 EDT | AverageAction             0.999473
2017-07-31 16:19:36.479371 EDT | PolicyRegParamNorm       14.8692
2017-07-31 16:19:36.479615 EDT | QFunRegParamNorm         12.745
2017-07-31 16:19:36.479783 EDT | -----------------------  ----------
2017-07-31 16:19:36.480196 EDT | [Active_RL/Hard_Oracle_DDPG/Experiment_2] epoch #13 | Training started
2017-07-31 16:19:54.417307 EDT | [Active_RL/Hard_Oracle_DDPG/Experiment_2] epoch #13 | Training finished
2017-07-31 16:19:54.418331 EDT | [Active_RL/Hard_Oracle_DDPG/Experiment_2] epoch #13 | Trained qf 1000 steps, policy 1000 steps
2017-07-31 16:19:54.418538 EDT | [Active_RL/Hard_Oracle_DDPG/Experiment_2] epoch #13 | Collecting samples for evaluation
2017-07-31 16:20:07.018405 EDT | -----------------------  ---------
2017-07-31 16:20:07.019304 EDT | Epoch                    13
2017-07-31 16:20:07.019584 EDT | Iteration                13
2017-07-31 16:20:07.019836 EDT | AverageReturn            38.7925
2017-07-31 16:20:07.020087 EDT | StdReturn                 0.944222
2017-07-31 16:20:07.020333 EDT | MaxReturn                40.718
2017-07-31 16:20:07.020576 EDT | MinReturn                36.7656
2017-07-31 16:20:07.020821 EDT | AverageEsReturn          42.5278
2017-07-31 16:20:07.021066 EDT | StdEsReturn               6.40665
2017-07-31 16:20:07.021321 EDT | MaxEsReturn              72.0794
2017-07-31 16:20:07.021563 EDT | MinEsReturn              28.2225
2017-07-31 16:20:07.021802 EDT | AverageDiscountedReturn  34.4742
2017-07-31 16:20:07.022047 EDT | AverageQLoss              0.131448
2017-07-31 16:20:07.022301 EDT | AveragePolicySurr        -3.35742
2017-07-31 16:20:07.022550 EDT | AverageQ                  3.03086
2017-07-31 16:20:07.022790 EDT | AverageAbsQ               3.17373
2017-07-31 16:20:07.023032 EDT | AverageY                  3.03208
2017-07-31 16:20:07.023270 EDT | AverageAbsY               3.17813
2017-07-31 16:20:07.023509 EDT | AverageAbsQYDiff          0.181214
2017-07-31 16:20:07.023747 EDT | AverageAction             0.993809
2017-07-31 16:20:07.023990 EDT | PolicyRegParamNorm       15.0642
2017-07-31 16:20:07.024237 EDT | QFunRegParamNorm         14.0312
2017-07-31 16:20:07.024475 EDT | -----------------------  ---------
2017-07-31 16:20:07.024884 EDT | [Active_RL/Hard_Oracle_DDPG/Experiment_2] epoch #14 | Training started
2017-07-31 16:20:25.177421 EDT | [Active_RL/Hard_Oracle_DDPG/Experiment_2] epoch #14 | Training finished
2017-07-31 16:20:25.178372 EDT | [Active_RL/Hard_Oracle_DDPG/Experiment_2] epoch #14 | Trained qf 1000 steps, policy 1000 steps
2017-07-31 16:20:25.178678 EDT | [Active_RL/Hard_Oracle_DDPG/Experiment_2] epoch #14 | Collecting samples for evaluation
2017-07-31 16:20:36.579212 EDT | -----------------------  ----------
2017-07-31 16:20:36.579852 EDT | Epoch                     14
2017-07-31 16:20:36.580199 EDT | Iteration                 14
2017-07-31 16:20:36.580371 EDT | AverageReturn            169.378
2017-07-31 16:20:36.580538 EDT | StdReturn                  2.44381
2017-07-31 16:20:36.580775 EDT | MaxReturn                173.056
2017-07-31 16:20:36.580958 EDT | MinReturn                161.814
2017-07-31 16:20:36.581121 EDT | AverageEsReturn           56.6473
2017-07-31 16:20:36.581290 EDT | StdEsReturn               35.3582
2017-07-31 16:20:36.581480 EDT | MaxEsReturn              179.28
2017-07-31 16:20:36.581687 EDT | MinEsReturn               36.961
2017-07-31 16:20:36.581903 EDT | AverageDiscountedReturn  110.16
2017-07-31 16:20:36.582065 EDT | AverageQLoss               0.227222
2017-07-31 16:20:36.582240 EDT | AveragePolicySurr         -4.59678
2017-07-31 16:20:36.582503 EDT | AverageQ                   4.11927
2017-07-31 16:20:36.582802 EDT | AverageAbsQ                4.26448
2017-07-31 16:20:36.583078 EDT | AverageY                   4.12044
2017-07-31 16:20:36.583348 EDT | AverageAbsY                4.26815
2017-07-31 16:20:36.583651 EDT | AverageAbsQYDiff           0.226645
2017-07-31 16:20:36.583884 EDT | AverageAction              0.763893
2017-07-31 16:20:36.584041 EDT | PolicyRegParamNorm        15.3662
2017-07-31 16:20:36.584301 EDT | QFunRegParamNorm          15.5031
2017-07-31 16:20:36.584487 EDT | -----------------------  ----------
2017-07-31 16:20:36.584798 EDT | [Active_RL/Hard_Oracle_DDPG/Experiment_2] epoch #15 | Training started
2017-07-31 16:20:54.200953 EDT | [Active_RL/Hard_Oracle_DDPG/Experiment_2] epoch #15 | Training finished
2017-07-31 16:20:54.201882 EDT | [Active_RL/Hard_Oracle_DDPG/Experiment_2] epoch #15 | Trained qf 1000 steps, policy 1000 steps
2017-07-31 16:20:54.202177 EDT | [Active_RL/Hard_Oracle_DDPG/Experiment_2] epoch #15 | Collecting samples for evaluation
2017-07-31 16:21:05.487102 EDT | -----------------------  ----------
2017-07-31 16:21:05.488537 EDT | Epoch                     15
2017-07-31 16:21:05.489052 EDT | Iteration                 15
2017-07-31 16:21:05.489550 EDT | AverageReturn            172.207
2017-07-31 16:21:05.490196 EDT | StdReturn                  2.9063
2017-07-31 16:21:05.490693 EDT | MaxReturn                175.612
2017-07-31 16:21:05.491302 EDT | MinReturn                162.653
2017-07-31 16:21:05.491793 EDT | AverageEsReturn          167.689
2017-07-31 16:21:05.492247 EDT | StdEsReturn               16.4094
2017-07-31 16:21:05.492717 EDT | MaxEsReturn              188.629
2017-07-31 16:21:05.493176 EDT | MinEsReturn              121.792
2017-07-31 16:21:05.493631 EDT | AverageDiscountedReturn  111.636
2017-07-31 16:21:05.494357 EDT | AverageQLoss               0.373052
2017-07-31 16:21:05.494850 EDT | AveragePolicySurr         -6.0788
2017-07-31 16:21:05.495304 EDT | AverageQ                   5.4687
2017-07-31 16:21:05.495759 EDT | AverageAbsQ                5.59901
2017-07-31 16:21:05.496227 EDT | AverageY                   5.47048
2017-07-31 16:21:05.496676 EDT | AverageAbsY                5.60289
2017-07-31 16:21:05.497142 EDT | AverageAbsQYDiff           0.276336
2017-07-31 16:21:05.497590 EDT | AverageAction              0.849602
2017-07-31 16:21:05.498043 EDT | PolicyRegParamNorm        16.1733
2017-07-31 16:21:05.498498 EDT | QFunRegParamNorm          16.9663
2017-07-31 16:21:05.498942 EDT | -----------------------  ----------
2017-07-31 16:21:05.499731 EDT | [Active_RL/Hard_Oracle_DDPG/Experiment_2] epoch #16 | Training started
2017-07-31 16:21:23.850810 EDT | [Active_RL/Hard_Oracle_DDPG/Experiment_2] epoch #16 | Training finished
2017-07-31 16:21:23.851722 EDT | [Active_RL/Hard_Oracle_DDPG/Experiment_2] epoch #16 | Trained qf 1000 steps, policy 1000 steps
2017-07-31 16:21:23.852189 EDT | [Active_RL/Hard_Oracle_DDPG/Experiment_2] epoch #16 | Collecting samples for evaluation
2017-07-31 16:21:35.149759 EDT | -----------------------  ----------
2017-07-31 16:21:35.150710 EDT | Epoch                     16
2017-07-31 16:21:35.150977 EDT | Iteration                 16
2017-07-31 16:21:35.151225 EDT | AverageReturn            171.876
2017-07-31 16:21:35.151466 EDT | StdReturn                  1.85773
2017-07-31 16:21:35.151712 EDT | MaxReturn                174.72
2017-07-31 16:21:35.151950 EDT | MinReturn                165.762
2017-07-31 16:21:35.152191 EDT | AverageEsReturn          144.505
2017-07-31 16:21:35.152429 EDT | StdEsReturn               60.68
2017-07-31 16:21:35.152666 EDT | MaxEsReturn              195.082
2017-07-31 16:21:35.152903 EDT | MinEsReturn                4.809
2017-07-31 16:21:35.153193 EDT | AverageDiscountedReturn  111.581
2017-07-31 16:21:35.153432 EDT | AverageQLoss               0.550449
2017-07-31 16:21:35.153671 EDT | AveragePolicySurr         -7.71631
2017-07-31 16:21:35.153908 EDT | AverageQ                   6.98611
2017-07-31 16:21:35.154158 EDT | AverageAbsQ                7.09801
2017-07-31 16:21:35.154404 EDT | AverageY                   6.98878
2017-07-31 16:21:35.154642 EDT | AverageAbsY                7.10127
2017-07-31 16:21:35.154887 EDT | AverageAbsQYDiff           0.319815
2017-07-31 16:21:35.155126 EDT | AverageAction              0.800694
2017-07-31 16:21:35.155362 EDT | PolicyRegParamNorm        17.025
2017-07-31 16:21:35.155598 EDT | QFunRegParamNorm          18.4482
2017-07-31 16:21:35.155834 EDT | -----------------------  ----------
2017-07-31 16:21:35.156268 EDT | [Active_RL/Hard_Oracle_DDPG/Experiment_2] epoch #17 | Training started
2017-07-31 16:21:53.563435 EDT | [Active_RL/Hard_Oracle_DDPG/Experiment_2] epoch #17 | Training finished
2017-07-31 16:21:53.567131 EDT | [Active_RL/Hard_Oracle_DDPG/Experiment_2] epoch #17 | Trained qf 1000 steps, policy 1000 steps
2017-07-31 16:21:53.567638 EDT | [Active_RL/Hard_Oracle_DDPG/Experiment_2] epoch #17 | Collecting samples for evaluation
2017-07-31 16:22:04.722585 EDT | -----------------------  ----------
2017-07-31 16:22:04.723469 EDT | Epoch                     17
2017-07-31 16:22:04.723737 EDT | Iteration                 17
2017-07-31 16:22:04.723987 EDT | AverageReturn            167.612
2017-07-31 16:22:04.724236 EDT | StdReturn                  2.76675
2017-07-31 16:22:04.724481 EDT | MaxReturn                171.878
2017-07-31 16:22:04.724723 EDT | MinReturn                159.333
2017-07-31 16:22:04.724964 EDT | AverageEsReturn          131.974
2017-07-31 16:22:04.725209 EDT | StdEsReturn               62.3031
2017-07-31 16:22:04.725450 EDT | MaxEsReturn              196.748
2017-07-31 16:22:04.725689 EDT | MinEsReturn               10.8602
2017-07-31 16:22:04.725928 EDT | AverageDiscountedReturn  109.506
2017-07-31 16:22:04.726189 EDT | AverageQLoss               0.811046
2017-07-31 16:22:04.726435 EDT | AveragePolicySurr         -9.42491
2017-07-31 16:22:04.726680 EDT | AverageQ                   8.61244
2017-07-31 16:22:04.726919 EDT | AverageAbsQ                8.70047
2017-07-31 16:22:04.727161 EDT | AverageY                   8.61515
2017-07-31 16:22:04.727404 EDT | AverageAbsY                8.70359
2017-07-31 16:22:04.727644 EDT | AverageAbsQYDiff           0.379836
2017-07-31 16:22:04.727883 EDT | AverageAction              0.688328
2017-07-31 16:22:04.728121 EDT | PolicyRegParamNorm        17.8823
2017-07-31 16:22:04.728365 EDT | QFunRegParamNorm          19.8788
2017-07-31 16:22:04.728603 EDT | -----------------------  ----------
2017-07-31 16:22:04.729001 EDT | [Active_RL/Hard_Oracle_DDPG/Experiment_2] epoch #18 | Training started
2017-07-31 16:22:22.132142 EDT | [Active_RL/Hard_Oracle_DDPG/Experiment_2] epoch #18 | Training finished
2017-07-31 16:22:22.133184 EDT | [Active_RL/Hard_Oracle_DDPG/Experiment_2] epoch #18 | Trained qf 1000 steps, policy 1000 steps
2017-07-31 16:22:22.133497 EDT | [Active_RL/Hard_Oracle_DDPG/Experiment_2] epoch #18 | Collecting samples for evaluation
2017-07-31 16:22:33.289110 EDT | -----------------------  ----------
2017-07-31 16:22:33.290122 EDT | Epoch                     18
2017-07-31 16:22:33.290369 EDT | Iteration                 18
2017-07-31 16:22:33.290610 EDT | AverageReturn            168.294
2017-07-31 16:22:33.290917 EDT | StdReturn                  2.48012
2017-07-31 16:22:33.291084 EDT | MaxReturn                172.498
2017-07-31 16:22:33.291240 EDT | MinReturn                160.154
2017-07-31 16:22:33.291389 EDT | AverageEsReturn          169.39
2017-07-31 16:22:33.291538 EDT | StdEsReturn                8.16057
2017-07-31 16:22:33.291685 EDT | MaxEsReturn              188.691
2017-07-31 16:22:33.291834 EDT | MinEsReturn              155.497
2017-07-31 16:22:33.291992 EDT | AverageDiscountedReturn  109.935
2017-07-31 16:22:33.292145 EDT | AverageQLoss               1.04428
2017-07-31 16:22:33.292289 EDT | AveragePolicySurr        -11.2307
2017-07-31 16:22:33.292434 EDT | AverageQ                  10.3084
2017-07-31 16:22:33.292579 EDT | AverageAbsQ               10.3804
2017-07-31 16:22:33.292724 EDT | AverageY                  10.3118
2017-07-31 16:22:33.292868 EDT | AverageAbsY               10.3837
2017-07-31 16:22:33.293019 EDT | AverageAbsQYDiff           0.437416
2017-07-31 16:22:33.293169 EDT | AverageAction              0.688439
2017-07-31 16:22:33.293318 EDT | PolicyRegParamNorm        18.6406
2017-07-31 16:22:33.293463 EDT | QFunRegParamNorm          21.3957
2017-07-31 16:22:33.293607 EDT | -----------------------  ----------
2017-07-31 16:22:33.293903 EDT | [Active_RL/Hard_Oracle_DDPG/Experiment_2] epoch #19 | Training started
2017-07-31 16:22:50.624053 EDT | [Active_RL/Hard_Oracle_DDPG/Experiment_2] epoch #19 | Training finished
2017-07-31 16:22:50.627024 EDT | [Active_RL/Hard_Oracle_DDPG/Experiment_2] epoch #19 | Trained qf 1000 steps, policy 1000 steps
2017-07-31 16:22:50.627337 EDT | [Active_RL/Hard_Oracle_DDPG/Experiment_2] epoch #19 | Collecting samples for evaluation
2017-07-31 16:23:01.552556 EDT | -----------------------  ----------
2017-07-31 16:23:01.556511 EDT | Epoch                     19
2017-07-31 16:23:01.556845 EDT | Iteration                 19
2017-07-31 16:23:01.557147 EDT | AverageReturn            169.279
2017-07-31 16:23:01.557440 EDT | StdReturn                  1.77486
2017-07-31 16:23:01.557729 EDT | MaxReturn                172.874
2017-07-31 16:23:01.558027 EDT | MinReturn                164.19
2017-07-31 16:23:01.558365 EDT | AverageEsReturn          151.052
2017-07-31 16:23:01.558689 EDT | StdEsReturn               44.2399
2017-07-31 16:23:01.558983 EDT | MaxEsReturn              193.496
2017-07-31 16:23:01.559278 EDT | MinEsReturn               41.7961
2017-07-31 16:23:01.559564 EDT | AverageDiscountedReturn  110.504
2017-07-31 16:23:01.559849 EDT | AverageQLoss               1.21268
2017-07-31 16:23:01.560135 EDT | AveragePolicySurr        -13.0571
2017-07-31 16:23:01.560432 EDT | AverageQ                  12.0689
2017-07-31 16:23:01.560718 EDT | AverageAbsQ               12.1325
2017-07-31 16:23:01.561003 EDT | AverageY                  12.0729
2017-07-31 16:23:01.561287 EDT | AverageAbsY               12.1362
2017-07-31 16:23:01.561572 EDT | AverageAbsQYDiff           0.465598
2017-07-31 16:23:01.561860 EDT | AverageAction              0.701462
2017-07-31 16:23:01.562159 EDT | PolicyRegParamNorm        19.5614
2017-07-31 16:23:01.562449 EDT | QFunRegParamNorm          22.8678
2017-07-31 16:23:01.562732 EDT | -----------------------  ----------
2017-07-31 16:23:01.563207 EDT | [Active_RL/Hard_Oracle_DDPG/Experiment_2] epoch #20 | Training started
2017-07-31 16:23:19.068977 EDT | [Active_RL/Hard_Oracle_DDPG/Experiment_2] epoch #20 | Training finished
2017-07-31 16:23:19.070306 EDT | [Active_RL/Hard_Oracle_DDPG/Experiment_2] epoch #20 | Trained qf 1000 steps, policy 1000 steps
2017-07-31 16:23:19.070876 EDT | [Active_RL/Hard_Oracle_DDPG/Experiment_2] epoch #20 | Collecting samples for evaluation
2017-07-31 16:23:29.863243 EDT | -----------------------  ----------
2017-07-31 16:23:29.864002 EDT | Epoch                     20
2017-07-31 16:23:29.864349 EDT | Iteration                 20
2017-07-31 16:23:29.864656 EDT | AverageReturn            168.945
2017-07-31 16:23:29.864969 EDT | StdReturn                  1.99415
2017-07-31 16:23:29.865282 EDT | MaxReturn                171.662
2017-07-31 16:23:29.865577 EDT | MinReturn                162.609
2017-07-31 16:23:29.865893 EDT | AverageEsReturn          135.256
2017-07-31 16:23:29.866219 EDT | StdEsReturn               58.4978
2017-07-31 16:23:29.866517 EDT | MaxEsReturn              203.847
2017-07-31 16:23:29.866811 EDT | MinEsReturn               30.4098
2017-07-31 16:23:29.867127 EDT | AverageDiscountedReturn  110.435
2017-07-31 16:23:29.867426 EDT | AverageQLoss               1.29533
2017-07-31 16:23:29.867713 EDT | AveragePolicySurr        -14.973
2017-07-31 16:23:29.868027 EDT | AverageQ                  13.9128
2017-07-31 16:23:29.868359 EDT | AverageAbsQ               13.9665
2017-07-31 16:23:29.868692 EDT | AverageY                  13.9169
2017-07-31 16:23:29.869016 EDT | AverageAbsY               13.9693
2017-07-31 16:23:29.869330 EDT | AverageAbsQYDiff           0.50153
2017-07-31 16:23:29.869641 EDT | AverageAction              0.717816
2017-07-31 16:23:29.869938 EDT | PolicyRegParamNorm        20.4501
2017-07-31 16:23:29.870261 EDT | QFunRegParamNorm          24.3189
2017-07-31 16:23:29.870575 EDT | -----------------------  ----------
2017-07-31 16:23:29.871069 EDT | [Active_RL/Hard_Oracle_DDPG/Experiment_2] epoch #21 | Training started
2017-07-31 16:23:47.414866 EDT | [Active_RL/Hard_Oracle_DDPG/Experiment_2] epoch #21 | Training finished
2017-07-31 16:23:47.418368 EDT | [Active_RL/Hard_Oracle_DDPG/Experiment_2] epoch #21 | Trained qf 1000 steps, policy 1000 steps
2017-07-31 16:23:47.418949 EDT | [Active_RL/Hard_Oracle_DDPG/Experiment_2] epoch #21 | Collecting samples for evaluation
2017-07-31 16:23:58.325807 EDT | -----------------------  ----------
2017-07-31 16:23:58.326758 EDT | Epoch                     21
2017-07-31 16:23:58.327042 EDT | Iteration                 21
2017-07-31 16:23:58.327296 EDT | AverageReturn            168.333
2017-07-31 16:23:58.327545 EDT | StdReturn                  2.31137
2017-07-31 16:23:58.327797 EDT | MaxReturn                171.847
2017-07-31 16:23:58.328045 EDT | MinReturn                161.371
2017-07-31 16:23:58.328291 EDT | AverageEsReturn          141.534
2017-07-31 16:23:58.328535 EDT | StdEsReturn               48.0146
2017-07-31 16:23:58.328786 EDT | MaxEsReturn              174.331
2017-07-31 16:23:58.329031 EDT | MinEsReturn                7.60271
2017-07-31 16:23:58.329275 EDT | AverageDiscountedReturn  109.988
2017-07-31 16:23:58.329520 EDT | AverageQLoss               1.56194
2017-07-31 16:23:58.329761 EDT | AveragePolicySurr        -16.9046
2017-07-31 16:23:58.330008 EDT | AverageQ                  15.7401
2017-07-31 16:23:58.332443 EDT | AverageAbsQ               15.7853
2017-07-31 16:23:58.332710 EDT | AverageY                  15.7452
2017-07-31 16:23:58.332962 EDT | AverageAbsY               15.7873
2017-07-31 16:23:58.334181 EDT | AverageAbsQYDiff           0.543635
2017-07-31 16:23:58.334945 EDT | AverageAction              0.745206
2017-07-31 16:23:58.335811 EDT | PolicyRegParamNorm        21.2725
2017-07-31 16:23:58.336506 EDT | QFunRegParamNorm          25.8101
2017-07-31 16:23:58.336950 EDT | -----------------------  ----------
2017-07-31 16:23:58.338209 EDT | [Active_RL/Hard_Oracle_DDPG/Experiment_2] epoch #22 | Training started
2017-07-31 16:24:15.280965 EDT | [Active_RL/Hard_Oracle_DDPG/Experiment_2] epoch #22 | Training finished
2017-07-31 16:24:15.282308 EDT | [Active_RL/Hard_Oracle_DDPG/Experiment_2] epoch #22 | Trained qf 1000 steps, policy 1000 steps
2017-07-31 16:24:15.282889 EDT | [Active_RL/Hard_Oracle_DDPG/Experiment_2] epoch #22 | Collecting samples for evaluation
2017-07-31 16:24:26.291259 EDT | -----------------------  ----------
2017-07-31 16:24:26.293761 EDT | Epoch                     22
2017-07-31 16:24:26.294288 EDT | Iteration                 22
2017-07-31 16:24:26.294761 EDT | AverageReturn            170.25
2017-07-31 16:24:26.295231 EDT | StdReturn                  2.03902
2017-07-31 16:24:26.295696 EDT | MaxReturn                172.991
2017-07-31 16:24:26.296280 EDT | MinReturn                164.764
2017-07-31 16:24:26.296742 EDT | AverageEsReturn          144.557
2017-07-31 16:24:26.297191 EDT | StdEsReturn               36.4145
2017-07-31 16:24:26.297645 EDT | MaxEsReturn              176.731
2017-07-31 16:24:26.298089 EDT | MinEsReturn               51.516
2017-07-31 16:24:26.298587 EDT | AverageDiscountedReturn  110.915
2017-07-31 16:24:26.299044 EDT | AverageQLoss               1.66035
2017-07-31 16:24:26.299517 EDT | AveragePolicySurr        -18.7744
2017-07-31 16:24:26.300074 EDT | AverageQ                  17.5602
2017-07-31 16:24:26.300875 EDT | AverageAbsQ               17.6004
2017-07-31 16:24:26.301354 EDT | AverageY                  17.5648
2017-07-31 16:24:26.301811 EDT | AverageAbsY               17.6019
2017-07-31 16:24:26.302288 EDT | AverageAbsQYDiff           0.576686
2017-07-31 16:24:26.302750 EDT | AverageAction              0.775781
2017-07-31 16:24:26.303434 EDT | PolicyRegParamNorm        21.8252
2017-07-31 16:24:26.304001 EDT | QFunRegParamNorm          27.193
2017-07-31 16:24:26.304471 EDT | -----------------------  ----------
2017-07-31 16:24:26.305135 EDT | [Active_RL/Hard_Oracle_DDPG/Experiment_2] epoch #23 | Training started
2017-07-31 16:24:43.920013 EDT | [Active_RL/Hard_Oracle_DDPG/Experiment_2] epoch #23 | Training finished
2017-07-31 16:24:43.920649 EDT | [Active_RL/Hard_Oracle_DDPG/Experiment_2] epoch #23 | Trained qf 1000 steps, policy 1000 steps
2017-07-31 16:24:43.920972 EDT | [Active_RL/Hard_Oracle_DDPG/Experiment_2] epoch #23 | Collecting samples for evaluation
2017-07-31 16:24:54.733122 EDT | -----------------------  ----------
2017-07-31 16:24:54.734014 EDT | Epoch                     23
2017-07-31 16:24:54.734357 EDT | Iteration                 23
2017-07-31 16:24:54.734611 EDT | AverageReturn            176.732
2017-07-31 16:24:54.734888 EDT | StdReturn                  4.21207
2017-07-31 16:24:54.735171 EDT | MaxReturn                183.911
2017-07-31 16:24:54.735461 EDT | MinReturn                165.716
2017-07-31 16:24:54.735808 EDT | AverageEsReturn          157.249
2017-07-31 16:24:54.736106 EDT | StdEsReturn               34.858
2017-07-31 16:24:54.736356 EDT | MaxEsReturn              193.16
2017-07-31 16:24:54.736609 EDT | MinEsReturn               59.9169
2017-07-31 16:24:54.736849 EDT | AverageDiscountedReturn  113.075
2017-07-31 16:24:54.737083 EDT | AverageQLoss               1.8928
2017-07-31 16:24:54.737348 EDT | AveragePolicySurr        -20.739
2017-07-31 16:24:54.737593 EDT | AverageQ                  19.4424
2017-07-31 16:24:54.737831 EDT | AverageAbsQ               19.4774
2017-07-31 16:24:54.738071 EDT | AverageY                  19.4488
2017-07-31 16:24:54.738330 EDT | AverageAbsY               19.4803
2017-07-31 16:24:54.738615 EDT | AverageAbsQYDiff           0.600992
2017-07-31 16:24:54.738889 EDT | AverageAction              0.521616
2017-07-31 16:24:54.739158 EDT | PolicyRegParamNorm        22.7922
2017-07-31 16:24:54.739486 EDT | QFunRegParamNorm          28.4328
2017-07-31 16:24:54.739787 EDT | -----------------------  ----------
2017-07-31 16:24:54.740202 EDT | [Active_RL/Hard_Oracle_DDPG/Experiment_2] epoch #24 | Training started
2017-07-31 16:25:12.880142 EDT | [Active_RL/Hard_Oracle_DDPG/Experiment_2] epoch #24 | Training finished
2017-07-31 16:25:12.881091 EDT | [Active_RL/Hard_Oracle_DDPG/Experiment_2] epoch #24 | Trained qf 1000 steps, policy 1000 steps
2017-07-31 16:25:12.881421 EDT | [Active_RL/Hard_Oracle_DDPG/Experiment_2] epoch #24 | Collecting samples for evaluation
2017-07-31 16:25:23.634227 EDT | -----------------------  ----------
2017-07-31 16:25:23.635101 EDT | Epoch                     24
2017-07-31 16:25:23.635416 EDT | Iteration                 24
2017-07-31 16:25:23.635655 EDT | AverageReturn            169.697
2017-07-31 16:25:23.635871 EDT | StdReturn                  4.57987
2017-07-31 16:25:23.636097 EDT | MaxReturn                180.961
2017-07-31 16:25:23.636360 EDT | MinReturn                162.596
2017-07-31 16:25:23.636618 EDT | AverageEsReturn          175.097
2017-07-31 16:25:23.636836 EDT | StdEsReturn               12.3176
2017-07-31 16:25:23.637043 EDT | MaxEsReturn              189.146
2017-07-31 16:25:23.637252 EDT | MinEsReturn              145.936
2017-07-31 16:25:23.637421 EDT | AverageDiscountedReturn  110.13
2017-07-31 16:25:23.637584 EDT | AverageQLoss               1.85324
2017-07-31 16:25:23.637784 EDT | AveragePolicySurr        -22.6482
2017-07-31 16:25:23.637948 EDT | AverageQ                  21.273
2017-07-31 16:25:23.638110 EDT | AverageAbsQ               21.3102
2017-07-31 16:25:23.638295 EDT | AverageY                  21.2792
2017-07-31 16:25:23.638450 EDT | AverageAbsY               21.3099
2017-07-31 16:25:23.638603 EDT | AverageAbsQYDiff           0.623523
2017-07-31 16:25:23.638761 EDT | AverageAction              0.514748
2017-07-31 16:25:23.638920 EDT | PolicyRegParamNorm        23.3078
2017-07-31 16:25:23.639072 EDT | QFunRegParamNorm          29.5342
2017-07-31 16:25:23.639224 EDT | -----------------------  ----------
2017-07-31 16:25:23.639505 EDT | [Active_RL/Hard_Oracle_DDPG/Experiment_2] epoch #25 | Training started
2017-07-31 16:25:41.464611 EDT | [Active_RL/Hard_Oracle_DDPG/Experiment_2] epoch #25 | Training finished
2017-07-31 16:25:41.465440 EDT | [Active_RL/Hard_Oracle_DDPG/Experiment_2] epoch #25 | Trained qf 1000 steps, policy 1000 steps
2017-07-31 16:25:41.465781 EDT | [Active_RL/Hard_Oracle_DDPG/Experiment_2] epoch #25 | Collecting samples for evaluation
2017-07-31 16:25:52.567961 EDT | -----------------------  ----------
2017-07-31 16:25:52.570162 EDT | Epoch                     25
2017-07-31 16:25:52.570424 EDT | Iteration                 25
2017-07-31 16:25:52.570740 EDT | AverageReturn            186.092
2017-07-31 16:25:52.570918 EDT | StdReturn                  1.03723
2017-07-31 16:25:52.571166 EDT | MaxReturn                188.009
2017-07-31 16:25:52.571362 EDT | MinReturn                182.116
2017-07-31 16:25:52.571597 EDT | AverageEsReturn          155.791
2017-07-31 16:25:52.571759 EDT | StdEsReturn               49.2103
2017-07-31 16:25:52.571923 EDT | MaxEsReturn              211.951
2017-07-31 16:25:52.572097 EDT | MinEsReturn               66.5696
2017-07-31 16:25:52.572450 EDT | AverageDiscountedReturn  117.139
2017-07-31 16:25:52.572665 EDT | AverageQLoss               2.11686
2017-07-31 16:25:52.572833 EDT | AveragePolicySurr        -24.7793
2017-07-31 16:25:52.573016 EDT | AverageQ                  23.3132
2017-07-31 16:25:52.573225 EDT | AverageAbsQ               23.3486
2017-07-31 16:25:52.573579 EDT | AverageY                  23.3192
2017-07-31 16:25:52.573813 EDT | AverageAbsY               23.3479
2017-07-31 16:25:52.573972 EDT | AverageAbsQYDiff           0.6749
2017-07-31 16:25:52.574142 EDT | AverageAction              0.577462
2017-07-31 16:25:52.574298 EDT | PolicyRegParamNorm        23.9067
2017-07-31 16:25:52.574463 EDT | QFunRegParamNorm          30.6526
2017-07-31 16:25:52.574630 EDT | -----------------------  ----------
2017-07-31 16:25:52.574921 EDT | [Active_RL/Hard_Oracle_DDPG/Experiment_2] epoch #26 | Training started
2017-07-31 16:26:09.728545 EDT | [Active_RL/Hard_Oracle_DDPG/Experiment_2] epoch #26 | Training finished
2017-07-31 16:26:09.729335 EDT | [Active_RL/Hard_Oracle_DDPG/Experiment_2] epoch #26 | Trained qf 1000 steps, policy 1000 steps
2017-07-31 16:26:09.729519 EDT | [Active_RL/Hard_Oracle_DDPG/Experiment_2] epoch #26 | Collecting samples for evaluation
2017-07-31 16:26:21.180331 EDT | -----------------------  ----------
2017-07-31 16:26:21.181338 EDT | Epoch                     26
2017-07-31 16:26:21.181801 EDT | Iteration                 26
2017-07-31 16:26:21.182256 EDT | AverageReturn            180.354
2017-07-31 16:26:21.182511 EDT | StdReturn                  0.906096
2017-07-31 16:26:21.182750 EDT | MaxReturn                182.121
2017-07-31 16:26:21.182985 EDT | MinReturn                178.51
2017-07-31 16:26:21.183217 EDT | AverageEsReturn          136.184
2017-07-31 16:26:21.183449 EDT | StdEsReturn               65.9017
2017-07-31 16:26:21.183680 EDT | MaxEsReturn              193.175
2017-07-31 16:26:21.183909 EDT | MinEsReturn               13.2856
2017-07-31 16:26:21.184137 EDT | AverageDiscountedReturn  115.024
2017-07-31 16:26:21.184368 EDT | AverageQLoss               2.65833
2017-07-31 16:26:21.184595 EDT | AveragePolicySurr        -26.8948
2017-07-31 16:26:21.184826 EDT | AverageQ                  25.3568
2017-07-31 16:26:21.185054 EDT | AverageAbsQ               25.3936
2017-07-31 16:26:21.185281 EDT | AverageY                  25.3616
2017-07-31 16:26:21.185509 EDT | AverageAbsY               25.389
2017-07-31 16:26:21.185737 EDT | AverageAbsQYDiff           0.745876
2017-07-31 16:26:21.185963 EDT | AverageAction              0.600321
2017-07-31 16:26:21.186204 EDT | PolicyRegParamNorm        24.4784
2017-07-31 16:26:21.186433 EDT | QFunRegParamNorm          31.7715
2017-07-31 16:26:21.186660 EDT | -----------------------  ----------
2017-07-31 16:26:21.187145 EDT | [Active_RL/Hard_Oracle_DDPG/Experiment_2] epoch #27 | Training started
2017-07-31 16:26:38.527552 EDT | [Active_RL/Hard_Oracle_DDPG/Experiment_2] epoch #27 | Training finished
2017-07-31 16:26:38.528721 EDT | [Active_RL/Hard_Oracle_DDPG/Experiment_2] epoch #27 | Trained qf 1000 steps, policy 1000 steps
2017-07-31 16:26:38.529108 EDT | [Active_RL/Hard_Oracle_DDPG/Experiment_2] epoch #27 | Collecting samples for evaluation
2017-07-31 16:26:49.662272 EDT | -----------------------  ----------
2017-07-31 16:26:49.663139 EDT | Epoch                     27
2017-07-31 16:26:49.663454 EDT | Iteration                 27
2017-07-31 16:26:49.663629 EDT | AverageReturn            176.967
2017-07-31 16:26:49.663803 EDT | StdReturn                  4.18433
2017-07-31 16:26:49.663971 EDT | MaxReturn                185.181
2017-07-31 16:26:49.664125 EDT | MinReturn                168.953
2017-07-31 16:26:49.664291 EDT | AverageEsReturn          143.49
2017-07-31 16:26:49.664454 EDT | StdEsReturn               51.4507
2017-07-31 16:26:49.664608 EDT | MaxEsReturn              188.616
2017-07-31 16:26:49.664803 EDT | MinEsReturn               34.9839
2017-07-31 16:26:49.664972 EDT | AverageDiscountedReturn  113.567
2017-07-31 16:26:49.665132 EDT | AverageQLoss               3.28352
2017-07-31 16:26:49.665296 EDT | AveragePolicySurr        -29.0027
2017-07-31 16:26:49.665460 EDT | AverageQ                  27.3914
2017-07-31 16:26:49.665608 EDT | AverageAbsQ               27.4284
2017-07-31 16:26:49.665769 EDT | AverageY                  27.3995
2017-07-31 16:26:49.665924 EDT | AverageAbsY               27.4261
2017-07-31 16:26:49.666081 EDT | AverageAbsQYDiff           0.782044
2017-07-31 16:26:49.666305 EDT | AverageAction              0.623903
2017-07-31 16:26:49.666455 EDT | PolicyRegParamNorm        25.058
2017-07-31 16:26:49.666625 EDT | QFunRegParamNorm          32.8257
2017-07-31 16:26:49.666783 EDT | -----------------------  ----------
2017-07-31 16:26:49.667098 EDT | [Active_RL/Hard_Oracle_DDPG/Experiment_2] epoch #28 | Training started
2017-07-31 16:27:07.334163 EDT | [Active_RL/Hard_Oracle_DDPG/Experiment_2] epoch #28 | Training finished
2017-07-31 16:27:07.335219 EDT | [Active_RL/Hard_Oracle_DDPG/Experiment_2] epoch #28 | Trained qf 1000 steps, policy 1000 steps
2017-07-31 16:27:07.335880 EDT | [Active_RL/Hard_Oracle_DDPG/Experiment_2] epoch #28 | Collecting samples for evaluation
2017-07-31 16:27:18.628840 EDT | -----------------------  ----------
2017-07-31 16:27:18.629787 EDT | Epoch                     28
2017-07-31 16:27:18.630074 EDT | Iteration                 28
2017-07-31 16:27:18.630368 EDT | AverageReturn            183.429
2017-07-31 16:27:18.630627 EDT | StdReturn                  1.72529
2017-07-31 16:27:18.630879 EDT | MaxReturn                186.96
2017-07-31 16:27:18.631134 EDT | MinReturn                179.13
2017-07-31 16:27:18.631382 EDT | AverageEsReturn          150.466
2017-07-31 16:27:18.631633 EDT | StdEsReturn               43.4376
2017-07-31 16:27:18.631878 EDT | MaxEsReturn              191.402
2017-07-31 16:27:18.632131 EDT | MinEsReturn               41.0898
2017-07-31 16:27:18.632378 EDT | AverageDiscountedReturn  116.27
2017-07-31 16:27:18.632624 EDT | AverageQLoss               3.20516
2017-07-31 16:27:18.632871 EDT | AveragePolicySurr        -30.9847
2017-07-31 16:27:18.633115 EDT | AverageQ                  29.3242
2017-07-31 16:27:18.633359 EDT | AverageAbsQ               29.3605
2017-07-31 16:27:18.633608 EDT | AverageY                  29.3319
2017-07-31 16:27:18.633857 EDT | AverageAbsY               29.358
2017-07-31 16:27:18.634098 EDT | AverageAbsQYDiff           0.783553
2017-07-31 16:27:18.634356 EDT | AverageAction              0.678906
2017-07-31 16:27:18.634609 EDT | PolicyRegParamNorm        25.7139
2017-07-31 16:27:18.634852 EDT | QFunRegParamNorm          33.7672
2017-07-31 16:27:18.635094 EDT | -----------------------  ----------
2017-07-31 16:27:18.635540 EDT | [Active_RL/Hard_Oracle_DDPG/Experiment_2] epoch #29 | Training started
2017-07-31 16:27:36.750424 EDT | [Active_RL/Hard_Oracle_DDPG/Experiment_2] epoch #29 | Training finished
2017-07-31 16:27:36.751790 EDT | [Active_RL/Hard_Oracle_DDPG/Experiment_2] epoch #29 | Trained qf 1000 steps, policy 1000 steps
2017-07-31 16:27:36.752087 EDT | [Active_RL/Hard_Oracle_DDPG/Experiment_2] epoch #29 | Collecting samples for evaluation
2017-07-31 16:27:48.054723 EDT | -----------------------  ----------
2017-07-31 16:27:48.055897 EDT | Epoch                     29
2017-07-31 16:27:48.056128 EDT | Iteration                 29
2017-07-31 16:27:48.056420 EDT | AverageReturn            181.652
2017-07-31 16:27:48.056723 EDT | StdReturn                  2.54638
2017-07-31 16:27:48.057021 EDT | MaxReturn                185.61
2017-07-31 16:27:48.057268 EDT | MinReturn                175.022
2017-07-31 16:27:48.057462 EDT | AverageEsReturn          157.975
2017-07-31 16:27:48.057659 EDT | StdEsReturn               48.804
2017-07-31 16:27:48.057990 EDT | MaxEsReturn              196.888
2017-07-31 16:27:48.058351 EDT | MinEsReturn               33.4262
2017-07-31 16:27:48.058559 EDT | AverageDiscountedReturn  115.467
2017-07-31 16:27:48.058889 EDT | AverageQLoss               3.43558
2017-07-31 16:27:48.059220 EDT | AveragePolicySurr        -32.9885
2017-07-31 16:27:48.059440 EDT | AverageQ                  31.2972
2017-07-31 16:27:48.059665 EDT | AverageAbsQ               31.3331
2017-07-31 16:27:48.059824 EDT | AverageY                  31.3032
2017-07-31 16:27:48.059974 EDT | AverageAbsY               31.3266
2017-07-31 16:27:48.060153 EDT | AverageAbsQYDiff           0.83044
2017-07-31 16:27:48.060317 EDT | AverageAction              0.704686
2017-07-31 16:27:48.060476 EDT | PolicyRegParamNorm        26.326
2017-07-31 16:27:48.060637 EDT | QFunRegParamNorm          34.6424
2017-07-31 16:27:48.060865 EDT | -----------------------  ----------
