2017-05-10 12:36:39.758167 EDT | [Averaged_PolyRL/PolyRL_DDPG_Complex_Humanoid/Final_Run_Maziar_LP_0p01] Populating workers...
2017-05-10 12:36:39.758482 EDT | [Averaged_PolyRL/PolyRL_DDPG_Complex_Humanoid/Final_Run_Maziar_LP_0p01] Populated
2017-05-10 12:36:44.434437 EDT | [Averaged_PolyRL/PolyRL_DDPG_Complex_Humanoid/Final_Run_Maziar_LP_0p01] epoch #0 | Training started
2017-05-10 12:36:44.435207 EDT | [Averaged_PolyRL/PolyRL_DDPG_Complex_Humanoid/Final_Run_Maziar_LP_0p01] epoch #0 | Populating workers...
2017-05-10 12:36:44.435430 EDT | [Averaged_PolyRL/PolyRL_DDPG_Complex_Humanoid/Final_Run_Maziar_LP_0p01] epoch #0 | Populated
2017-05-10 12:40:13.286645 EDT | [Averaged_PolyRL/PolyRL_DDPG_Complex_Humanoid/Final_Run_Maziar_LP_0p01] epoch #0 | Training finished
2017-05-10 12:40:13.287694 EDT | [Averaged_PolyRL/PolyRL_DDPG_Complex_Humanoid/Final_Run_Maziar_LP_0p01] epoch #1 | Training started
2017-05-10 12:40:13.290043 EDT | [Averaged_PolyRL/PolyRL_DDPG_Complex_Humanoid/Final_Run_Maziar_LP_0p01] epoch #1 | Populating workers...
2017-05-10 12:40:13.290515 EDT | [Averaged_PolyRL/PolyRL_DDPG_Complex_Humanoid/Final_Run_Maziar_LP_0p01] epoch #1 | Populated
2017-05-10 12:43:35.422501 EDT | [Averaged_PolyRL/PolyRL_DDPG_Complex_Humanoid/Final_Run_Maziar_LP_0p01] epoch #1 | Training finished
2017-05-10 12:43:35.423646 EDT | [Averaged_PolyRL/PolyRL_DDPG_Complex_Humanoid/Final_Run_Maziar_LP_0p01] epoch #2 | Training started
2017-05-10 12:43:35.424900 EDT | [Averaged_PolyRL/PolyRL_DDPG_Complex_Humanoid/Final_Run_Maziar_LP_0p01] epoch #2 | Populating workers...
2017-05-10 12:43:35.425188 EDT | [Averaged_PolyRL/PolyRL_DDPG_Complex_Humanoid/Final_Run_Maziar_LP_0p01] epoch #2 | Populated
2017-05-10 12:47:15.100902 EDT | [Averaged_PolyRL/PolyRL_DDPG_Complex_Humanoid/Final_Run_Maziar_LP_0p01] epoch #2 | Training finished
2017-05-10 12:47:15.102120 EDT | [Averaged_PolyRL/PolyRL_DDPG_Complex_Humanoid/Final_Run_Maziar_LP_0p01] epoch #3 | Training started
2017-05-10 12:47:15.103362 EDT | [Averaged_PolyRL/PolyRL_DDPG_Complex_Humanoid/Final_Run_Maziar_LP_0p01] epoch #3 | Populating workers...
2017-05-10 12:47:15.103623 EDT | [Averaged_PolyRL/PolyRL_DDPG_Complex_Humanoid/Final_Run_Maziar_LP_0p01] epoch #3 | Populated
2017-05-10 12:50:57.456645 EDT | [Averaged_PolyRL/PolyRL_DDPG_Complex_Humanoid/Final_Run_Maziar_LP_0p01] epoch #3 | Training finished
2017-05-10 12:50:57.460936 EDT | [Averaged_PolyRL/PolyRL_DDPG_Complex_Humanoid/Final_Run_Maziar_LP_0p01] epoch #4 | Training started
2017-05-10 12:50:57.462323 EDT | [Averaged_PolyRL/PolyRL_DDPG_Complex_Humanoid/Final_Run_Maziar_LP_0p01] epoch #4 | Populating workers...
2017-05-10 12:50:57.462614 EDT | [Averaged_PolyRL/PolyRL_DDPG_Complex_Humanoid/Final_Run_Maziar_LP_0p01] epoch #4 | Populated
2017-05-10 12:54:41.213585 EDT | [Averaged_PolyRL/PolyRL_DDPG_Complex_Humanoid/Final_Run_Maziar_LP_0p01] epoch #4 | Training finished
2017-05-10 12:54:41.214553 EDT | [Averaged_PolyRL/PolyRL_DDPG_Complex_Humanoid/Final_Run_Maziar_LP_0p01] epoch #5 | Training started
2017-05-10 12:54:41.215809 EDT | [Averaged_PolyRL/PolyRL_DDPG_Complex_Humanoid/Final_Run_Maziar_LP_0p01] epoch #5 | Populating workers...
2017-05-10 12:54:41.216102 EDT | [Averaged_PolyRL/PolyRL_DDPG_Complex_Humanoid/Final_Run_Maziar_LP_0p01] epoch #5 | Populated
2017-05-10 12:58:28.008192 EDT | [Averaged_PolyRL/PolyRL_DDPG_Complex_Humanoid/Final_Run_Maziar_LP_0p01] epoch #5 | Training finished
2017-05-10 12:58:28.008846 EDT | [Averaged_PolyRL/PolyRL_DDPG_Complex_Humanoid/Final_Run_Maziar_LP_0p01] epoch #6 | Training started
2017-05-10 12:58:28.010336 EDT | [Averaged_PolyRL/PolyRL_DDPG_Complex_Humanoid/Final_Run_Maziar_LP_0p01] epoch #6 | Populating workers...
2017-05-10 12:58:28.010697 EDT | [Averaged_PolyRL/PolyRL_DDPG_Complex_Humanoid/Final_Run_Maziar_LP_0p01] epoch #6 | Populated
2017-05-10 13:02:10.308380 EDT | [Averaged_PolyRL/PolyRL_DDPG_Complex_Humanoid/Final_Run_Maziar_LP_0p01] epoch #6 | Training finished
2017-05-10 13:02:10.309462 EDT | [Averaged_PolyRL/PolyRL_DDPG_Complex_Humanoid/Final_Run_Maziar_LP_0p01] epoch #7 | Training started
2017-05-10 13:02:10.310873 EDT | [Averaged_PolyRL/PolyRL_DDPG_Complex_Humanoid/Final_Run_Maziar_LP_0p01] epoch #7 | Populating workers...
2017-05-10 13:02:10.311341 EDT | [Averaged_PolyRL/PolyRL_DDPG_Complex_Humanoid/Final_Run_Maziar_LP_0p01] epoch #7 | Populated
2017-05-10 13:05:38.607029 EDT | [Averaged_PolyRL/PolyRL_DDPG_Complex_Humanoid/Final_Run_Maziar_LP_0p01] epoch #7 | Training finished
2017-05-10 13:05:38.607814 EDT | [Averaged_PolyRL/PolyRL_DDPG_Complex_Humanoid/Final_Run_Maziar_LP_0p01] epoch #8 | Training started
2017-05-10 13:05:38.609208 EDT | [Averaged_PolyRL/PolyRL_DDPG_Complex_Humanoid/Final_Run_Maziar_LP_0p01] epoch #8 | Populating workers...
2017-05-10 13:05:38.609487 EDT | [Averaged_PolyRL/PolyRL_DDPG_Complex_Humanoid/Final_Run_Maziar_LP_0p01] epoch #8 | Populated
2017-05-10 13:09:14.575952 EDT | [Averaged_PolyRL/PolyRL_DDPG_Complex_Humanoid/Final_Run_Maziar_LP_0p01] epoch #8 | Training finished
2017-05-10 13:09:14.576616 EDT | [Averaged_PolyRL/PolyRL_DDPG_Complex_Humanoid/Final_Run_Maziar_LP_0p01] epoch #9 | Training started
2017-05-10 13:09:14.578187 EDT | [Averaged_PolyRL/PolyRL_DDPG_Complex_Humanoid/Final_Run_Maziar_LP_0p01] epoch #9 | Populating workers...
2017-05-10 13:09:14.578575 EDT | [Averaged_PolyRL/PolyRL_DDPG_Complex_Humanoid/Final_Run_Maziar_LP_0p01] epoch #9 | Populated
2017-05-10 13:12:49.184431 EDT | [Averaged_PolyRL/PolyRL_DDPG_Complex_Humanoid/Final_Run_Maziar_LP_0p01] epoch #9 | Training finished
2017-05-10 13:12:49.186935 EDT | [Averaged_PolyRL/PolyRL_DDPG_Complex_Humanoid/Final_Run_Maziar_LP_0p01] epoch #9 | Collecting samples for evaluation
2017-05-10 13:13:19.067567 EDT | -----------------------  ------------
2017-05-10 13:13:19.068268 EDT | Epoch                     9
2017-05-10 13:13:19.068569 EDT | AverageReturn            24.9756
2017-05-10 13:13:19.068866 EDT | StdReturn                 6.01899
2017-05-10 13:13:19.069129 EDT | MaxReturn                42.2553
2017-05-10 13:13:19.069331 EDT | MinReturn                 4.50603
2017-05-10 13:13:19.069588 EDT | AverageEsReturn          23.3073
2017-05-10 13:13:19.069876 EDT | StdEsReturn               8.77502
2017-05-10 13:13:19.070197 EDT | MaxEsReturn              41.7838
2017-05-10 13:13:19.071027 EDT | MinEsReturn               0.192246
2017-05-10 13:13:19.072988 EDT | AverageDiscountedReturn  16.9059
2017-05-10 13:13:19.073703 EDT | AverageQLoss              0.00128293
2017-05-10 13:13:19.074996 EDT | AveragePolicySurr        -0.0210471
2017-05-10 13:13:19.076347 EDT | AverageQ                 -0.00768725
2017-05-10 13:13:19.078212 EDT | AverageAbsQ               0.00787177
2017-05-10 13:13:19.079157 EDT | AverageY                  0.0256923
2017-05-10 13:13:19.080466 EDT | AverageAbsY               0.0256923
2017-05-10 13:13:19.081898 EDT | AverageAbsQYDiff          0.0333795
2017-05-10 13:13:19.084019 EDT | AverageAction             0.000340448
2017-05-10 13:13:19.084951 EDT | PolicyRegParamNorm       14.1287
2017-05-10 13:13:19.085961 EDT | QFunRegParamNorm         14.1917
2017-05-10 13:13:19.087346 EDT | AverageForwardProgress    0.0889037
2017-05-10 13:13:19.089503 EDT | MaxForwardProgress        0.227254
2017-05-10 13:13:19.090401 EDT | MinForwardProgress       -0.0759951
2017-05-10 13:13:19.091575 EDT | StdForwardProgress        0.0482385
2017-05-10 13:13:19.092967 EDT | -----------------------  ------------
2017-05-10 13:13:19.094787 EDT | [Averaged_PolyRL/PolyRL_DDPG_Complex_Humanoid/Final_Run_Maziar_LP_0p01] epoch #10 | Training started
2017-05-10 13:13:19.101505 EDT | [Averaged_PolyRL/PolyRL_DDPG_Complex_Humanoid/Final_Run_Maziar_LP_0p01] epoch #10 | Populating workers...
2017-05-10 13:13:19.103282 EDT | [Averaged_PolyRL/PolyRL_DDPG_Complex_Humanoid/Final_Run_Maziar_LP_0p01] epoch #10 | Populated
2017-05-10 13:17:06.457998 EDT | [Averaged_PolyRL/PolyRL_DDPG_Complex_Humanoid/Final_Run_Maziar_LP_0p01] epoch #10 | Training finished
2017-05-10 13:17:06.458637 EDT | [Averaged_PolyRL/PolyRL_DDPG_Complex_Humanoid/Final_Run_Maziar_LP_0p01] epoch #10 | Collecting samples for evaluation
2017-05-10 13:17:44.249221 EDT | -----------------------  ------------
2017-05-10 13:17:44.249947 EDT | Epoch                    10
2017-05-10 13:17:44.250298 EDT | AverageReturn            10.0002
2017-05-10 13:17:44.250607 EDT | StdReturn                 8.05687
2017-05-10 13:17:44.250950 EDT | MaxReturn                42.9881
2017-05-10 13:17:44.251239 EDT | MinReturn                -5.07047
2017-05-10 13:17:44.251535 EDT | AverageEsReturn          13.8147
2017-05-10 13:17:44.251836 EDT | StdEsReturn              18.6884
2017-05-10 13:17:44.252120 EDT | MaxEsReturn              71.9778
2017-05-10 13:17:44.252456 EDT | MinEsReturn              -0.954914
2017-05-10 13:17:44.252732 EDT | AverageDiscountedReturn   7.63212
2017-05-10 13:17:44.253019 EDT | AverageQLoss              8.22744e-05
2017-05-10 13:17:44.253293 EDT | AveragePolicySurr        -0.0974505
2017-05-10 13:17:44.253598 EDT | AverageQ                  0.0573656
2017-05-10 13:17:44.253928 EDT | AverageAbsQ               0.0574121
2017-05-10 13:17:44.254257 EDT | AverageY                  0.0574627
2017-05-10 13:17:44.254572 EDT | AverageAbsY               0.057542
2017-05-10 13:17:44.254869 EDT | AverageAbsQYDiff          0.00485978
2017-05-10 13:17:44.255165 EDT | AverageAction             0.997007
2017-05-10 13:17:44.255469 EDT | PolicyRegParamNorm       15.0187
2017-05-10 13:17:44.255807 EDT | QFunRegParamNorm         15.0774
2017-05-10 13:17:44.256085 EDT | AverageForwardProgress    0.0154892
2017-05-10 13:17:44.256394 EDT | MaxForwardProgress        0.201903
2017-05-10 13:17:44.256690 EDT | MinForwardProgress       -0.0949352
2017-05-10 13:17:44.257039 EDT | StdForwardProgress        0.0497991
2017-05-10 13:17:44.257382 EDT | -----------------------  ------------
2017-05-10 13:17:44.257778 EDT | [Averaged_PolyRL/PolyRL_DDPG_Complex_Humanoid/Final_Run_Maziar_LP_0p01] epoch #11 | Training started
2017-05-10 13:17:44.259275 EDT | [Averaged_PolyRL/PolyRL_DDPG_Complex_Humanoid/Final_Run_Maziar_LP_0p01] epoch #11 | Populating workers...
2017-05-10 13:17:44.259729 EDT | [Averaged_PolyRL/PolyRL_DDPG_Complex_Humanoid/Final_Run_Maziar_LP_0p01] epoch #11 | Populated
2017-05-10 13:21:32.304027 EDT | [Averaged_PolyRL/PolyRL_DDPG_Complex_Humanoid/Final_Run_Maziar_LP_0p01] epoch #11 | Training finished
2017-05-10 13:21:32.304891 EDT | [Averaged_PolyRL/PolyRL_DDPG_Complex_Humanoid/Final_Run_Maziar_LP_0p01] epoch #11 | Collecting samples for evaluation
2017-05-10 13:22:10.173586 EDT | -----------------------  ------------
2017-05-10 13:22:10.174416 EDT | Epoch                    11
2017-05-10 13:22:10.174807 EDT | AverageReturn            80.412
2017-05-10 13:22:10.175193 EDT | StdReturn                 6.31428
2017-05-10 13:22:10.175551 EDT | MaxReturn                99.0436
2017-05-10 13:22:10.175902 EDT | MinReturn                64.2361
2017-05-10 13:22:10.176275 EDT | AverageEsReturn           7.97661
2017-05-10 13:22:10.176622 EDT | StdEsReturn               6.36125
2017-05-10 13:22:10.176941 EDT | MaxEsReturn              26.5802
2017-05-10 13:22:10.177269 EDT | MinEsReturn               0.081736
2017-05-10 13:22:10.177566 EDT | AverageDiscountedReturn  44.8528
2017-05-10 13:22:10.177861 EDT | AverageQLoss              0.000142922
2017-05-10 13:22:10.178169 EDT | AveragePolicySurr        -0.161748
2017-05-10 13:22:10.178466 EDT | AverageQ                  0.130747
2017-05-10 13:22:10.178786 EDT | AverageAbsQ               0.13075
2017-05-10 13:22:10.179127 EDT | AverageY                  0.130831
2017-05-10 13:22:10.179491 EDT | AverageAbsY               0.130835
2017-05-10 13:22:10.179834 EDT | AverageAbsQYDiff          0.0066443
2017-05-10 13:22:10.180171 EDT | AverageAction             0.989321
2017-05-10 13:22:10.180518 EDT | PolicyRegParamNorm       15.3682
2017-05-10 13:22:10.180854 EDT | QFunRegParamNorm         15.826
2017-05-10 13:22:10.181205 EDT | AverageForwardProgress    0.489272
2017-05-10 13:22:10.181563 EDT | MaxForwardProgress        0.623859
2017-05-10 13:22:10.181903 EDT | MinForwardProgress        0.379743
2017-05-10 13:22:10.182283 EDT | StdForwardProgress        0.0448183
2017-05-10 13:22:10.182879 EDT | -----------------------  ------------
2017-05-10 13:22:10.183642 EDT | [Averaged_PolyRL/PolyRL_DDPG_Complex_Humanoid/Final_Run_Maziar_LP_0p01] epoch #12 | Training started
2017-05-10 13:22:10.186268 EDT | [Averaged_PolyRL/PolyRL_DDPG_Complex_Humanoid/Final_Run_Maziar_LP_0p01] epoch #12 | Populating workers...
2017-05-10 13:22:10.187288 EDT | [Averaged_PolyRL/PolyRL_DDPG_Complex_Humanoid/Final_Run_Maziar_LP_0p01] epoch #12 | Populated
2017-05-10 13:26:03.445072 EDT | [Averaged_PolyRL/PolyRL_DDPG_Complex_Humanoid/Final_Run_Maziar_LP_0p01] epoch #12 | Training finished
2017-05-10 13:26:03.446349 EDT | [Averaged_PolyRL/PolyRL_DDPG_Complex_Humanoid/Final_Run_Maziar_LP_0p01] epoch #12 | Collecting samples for evaluation
2017-05-10 13:26:47.529072 EDT | -----------------------  -------------
2017-05-10 13:26:47.529781 EDT | Epoch                     12
2017-05-10 13:26:47.530059 EDT | AverageReturn            -31.7246
2017-05-10 13:26:47.530330 EDT | StdReturn                  9.30063
2017-05-10 13:26:47.530600 EDT | MaxReturn                  0.319558
2017-05-10 13:26:47.530865 EDT | MinReturn                -49.8156
2017-05-10 13:26:47.531120 EDT | AverageEsReturn           54.3156
2017-05-10 13:26:47.531384 EDT | StdEsReturn               30.7168
2017-05-10 13:26:47.531650 EDT | MaxEsReturn               86.8655
2017-05-10 13:26:47.531904 EDT | MinEsReturn                4.21091
2017-05-10 13:26:47.532158 EDT | AverageDiscountedReturn  -10.9914
2017-05-10 13:26:47.532744 EDT | AverageQLoss               0.000212096
2017-05-10 13:26:47.533917 EDT | AveragePolicySurr         -0.197773
2017-05-10 13:26:47.535111 EDT | AverageQ                   0.176606
2017-05-10 13:26:47.536485 EDT | AverageAbsQ                0.176609
2017-05-10 13:26:47.538007 EDT | AverageY                   0.176659
2017-05-10 13:26:47.539209 EDT | AverageAbsY                0.176668
2017-05-10 13:26:47.540372 EDT | AverageAbsQYDiff           0.00800965
2017-05-10 13:26:47.541534 EDT | AverageAction              0.926915
2017-05-10 13:26:47.542722 EDT | PolicyRegParamNorm        15.7004
2017-05-10 13:26:47.543903 EDT | QFunRegParamNorm          16.6347
2017-05-10 13:26:47.545056 EDT | AverageForwardProgress    -0.41055
2017-05-10 13:26:47.546335 EDT | MaxForwardProgress        -0.160279
2017-05-10 13:26:47.547610 EDT | MinForwardProgress        -0.559692
2017-05-10 13:26:47.548771 EDT | StdForwardProgress         0.0719181
2017-05-10 13:26:47.550120 EDT | -----------------------  -------------
2017-05-10 13:26:47.551432 EDT | [Averaged_PolyRL/PolyRL_DDPG_Complex_Humanoid/Final_Run_Maziar_LP_0p01] epoch #13 | Training started
2017-05-10 13:26:47.554096 EDT | [Averaged_PolyRL/PolyRL_DDPG_Complex_Humanoid/Final_Run_Maziar_LP_0p01] epoch #13 | Populating workers...
2017-05-10 13:26:47.554489 EDT | [Averaged_PolyRL/PolyRL_DDPG_Complex_Humanoid/Final_Run_Maziar_LP_0p01] epoch #13 | Populated
2017-05-10 13:30:35.474023 EDT | [Averaged_PolyRL/PolyRL_DDPG_Complex_Humanoid/Final_Run_Maziar_LP_0p01] epoch #13 | Training finished
2017-05-10 13:30:35.480679 EDT | [Averaged_PolyRL/PolyRL_DDPG_Complex_Humanoid/Final_Run_Maziar_LP_0p01] epoch #13 | Collecting samples for evaluation
2017-05-10 13:31:08.010633 EDT | -----------------------  -------------
2017-05-10 13:31:08.011695 EDT | Epoch                     13
2017-05-10 13:31:08.012075 EDT | AverageReturn             14.1944
2017-05-10 13:31:08.012394 EDT | StdReturn                  4.75711
2017-05-10 13:31:08.012706 EDT | MaxReturn                 33.4702
2017-05-10 13:31:08.013087 EDT | MinReturn                  1.66604
2017-05-10 13:31:08.014472 EDT | AverageEsReturn            8.52745
2017-05-10 13:31:08.014836 EDT | StdEsReturn               30.237
2017-05-10 13:31:08.015216 EDT | MaxEsReturn               85.0616
2017-05-10 13:31:08.015821 EDT | MinEsReturn              -60.3559
2017-05-10 13:31:08.016173 EDT | AverageDiscountedReturn   10.9862
2017-05-10 13:31:08.016721 EDT | AverageQLoss               0.000369047
2017-05-10 13:31:08.017099 EDT | AveragePolicySurr         -0.286833
2017-05-10 13:31:08.017467 EDT | AverageQ                   0.225891
2017-05-10 13:31:08.017850 EDT | AverageAbsQ                0.226128
2017-05-10 13:31:08.019044 EDT | AverageY                   0.225978
2017-05-10 13:31:08.020539 EDT | AverageAbsY                0.226216
2017-05-10 13:31:08.020905 EDT | AverageAbsQYDiff           0.00953365
2017-05-10 13:31:08.021278 EDT | AverageAction              0.999482
2017-05-10 13:31:08.021918 EDT | PolicyRegParamNorm        16.0587
2017-05-10 13:31:08.022265 EDT | QFunRegParamNorm          17.6445
2017-05-10 13:31:08.022906 EDT | AverageForwardProgress     0.0441883
2017-05-10 13:31:08.023302 EDT | MaxForwardProgress         0.189655
2017-05-10 13:31:08.023665 EDT | MinForwardProgress        -0.0533463
2017-05-10 13:31:08.023977 EDT | StdForwardProgress         0.0370633
2017-05-10 13:31:08.024256 EDT | -----------------------  -------------
2017-05-10 13:31:08.024719 EDT | [Averaged_PolyRL/PolyRL_DDPG_Complex_Humanoid/Final_Run_Maziar_LP_0p01] epoch #14 | Training started
2017-05-10 13:31:08.026990 EDT | [Averaged_PolyRL/PolyRL_DDPG_Complex_Humanoid/Final_Run_Maziar_LP_0p01] epoch #14 | Populating workers...
2017-05-10 13:31:08.027438 EDT | [Averaged_PolyRL/PolyRL_DDPG_Complex_Humanoid/Final_Run_Maziar_LP_0p01] epoch #14 | Populated
2017-05-10 13:35:03.390698 EDT | [Averaged_PolyRL/PolyRL_DDPG_Complex_Humanoid/Final_Run_Maziar_LP_0p01] epoch #14 | Training finished
2017-05-10 13:35:03.391412 EDT | [Averaged_PolyRL/PolyRL_DDPG_Complex_Humanoid/Final_Run_Maziar_LP_0p01] epoch #14 | Collecting samples for evaluation
2017-05-10 13:35:36.522706 EDT | -----------------------  ------------
2017-05-10 13:35:36.525024 EDT | Epoch                    14
2017-05-10 13:35:36.525420 EDT | AverageReturn             5.91816
2017-05-10 13:35:36.525698 EDT | StdReturn                 3.5881
2017-05-10 13:35:36.525970 EDT | MaxReturn                17.377
2017-05-10 13:35:36.526259 EDT | MinReturn                -3.60726
2017-05-10 13:35:36.526536 EDT | AverageEsReturn          15.5777
2017-05-10 13:35:36.527293 EDT | StdEsReturn               8.80436
2017-05-10 13:35:36.527715 EDT | MaxEsReturn              33.7152
2017-05-10 13:35:36.527988 EDT | MinEsReturn               2.46608
2017-05-10 13:35:36.528869 EDT | AverageDiscountedReturn   5.08558
2017-05-10 13:35:36.529160 EDT | AverageQLoss              0.000643015
2017-05-10 13:35:36.529650 EDT | AveragePolicySurr        -0.360381
2017-05-10 13:35:36.530046 EDT | AverageQ                  0.306515
2017-05-10 13:35:36.530324 EDT | AverageAbsQ               0.307326
2017-05-10 13:35:36.530613 EDT | AverageY                  0.306623
2017-05-10 13:35:36.531365 EDT | AverageAbsY               0.307434
2017-05-10 13:35:36.531655 EDT | AverageAbsQYDiff          0.0123092
2017-05-10 13:35:36.532436 EDT | AverageAction             0.98471
2017-05-10 13:35:36.532732 EDT | PolicyRegParamNorm       16.4964
2017-05-10 13:35:36.533363 EDT | QFunRegParamNorm         18.4846
2017-05-10 13:35:36.533651 EDT | AverageForwardProgress    0.00034116
2017-05-10 13:35:36.533923 EDT | MaxForwardProgress        0.0904464
2017-05-10 13:35:36.534488 EDT | MinForwardProgress       -0.0724367
2017-05-10 13:35:36.534776 EDT | StdForwardProgress        0.0276229
2017-05-10 13:35:36.535537 EDT | -----------------------  ------------
2017-05-10 13:35:36.536068 EDT | [Averaged_PolyRL/PolyRL_DDPG_Complex_Humanoid/Final_Run_Maziar_LP_0p01] epoch #15 | Training started
2017-05-10 13:35:36.537507 EDT | [Averaged_PolyRL/PolyRL_DDPG_Complex_Humanoid/Final_Run_Maziar_LP_0p01] epoch #15 | Populating workers...
2017-05-10 13:35:36.537929 EDT | [Averaged_PolyRL/PolyRL_DDPG_Complex_Humanoid/Final_Run_Maziar_LP_0p01] epoch #15 | Populated
2017-05-10 13:39:34.977607 EDT | [Averaged_PolyRL/PolyRL_DDPG_Complex_Humanoid/Final_Run_Maziar_LP_0p01] epoch #15 | Training finished
2017-05-10 13:39:34.978260 EDT | [Averaged_PolyRL/PolyRL_DDPG_Complex_Humanoid/Final_Run_Maziar_LP_0p01] epoch #15 | Collecting samples for evaluation
2017-05-10 13:40:09.987918 EDT | -----------------------  ------------
2017-05-10 13:40:09.989572 EDT | Epoch                    15
2017-05-10 13:40:09.989860 EDT | AverageReturn             6.2496
2017-05-10 13:40:09.991485 EDT | StdReturn                 4.31999
2017-05-10 13:40:09.993254 EDT | MaxReturn                22.465
2017-05-10 13:40:09.994955 EDT | MinReturn                -4.35117
2017-05-10 13:40:09.996719 EDT | AverageEsReturn           6.31073
2017-05-10 13:40:09.998246 EDT | StdEsReturn               3.35874
2017-05-10 13:40:09.998537 EDT | MaxEsReturn              12.5121
2017-05-10 13:40:09.999143 EDT | MinEsReturn              -0.354456
2017-05-10 13:40:09.999506 EDT | AverageDiscountedReturn   5.29472
2017-05-10 13:40:09.999862 EDT | AverageQLoss              0.000818103
2017-05-10 13:40:10.000207 EDT | AveragePolicySurr        -0.411096
2017-05-10 13:40:10.000557 EDT | AverageQ                  0.368978
2017-05-10 13:40:10.000905 EDT | AverageAbsQ               0.369687
2017-05-10 13:40:10.001281 EDT | AverageY                  0.369042
2017-05-10 13:40:10.001631 EDT | AverageAbsY               0.369726
2017-05-10 13:40:10.002138 EDT | AverageAbsQYDiff          0.0139853
2017-05-10 13:40:10.002786 EDT | AverageAction             0.960748
2017-05-10 13:40:10.003522 EDT | PolicyRegParamNorm       16.6097
2017-05-10 13:40:10.004170 EDT | QFunRegParamNorm         19.3354
2017-05-10 13:40:10.004835 EDT | AverageForwardProgress   -0.00238627
2017-05-10 13:40:10.005402 EDT | MaxForwardProgress        0.124589
2017-05-10 13:40:10.005877 EDT | MinForwardProgress       -0.0828535
2017-05-10 13:40:10.006378 EDT | StdForwardProgress        0.033494
2017-05-10 13:40:10.006887 EDT | -----------------------  ------------
2017-05-10 13:40:10.007676 EDT | [Averaged_PolyRL/PolyRL_DDPG_Complex_Humanoid/Final_Run_Maziar_LP_0p01] epoch #16 | Training started
2017-05-10 13:40:10.010590 EDT | [Averaged_PolyRL/PolyRL_DDPG_Complex_Humanoid/Final_Run_Maziar_LP_0p01] epoch #16 | Populating workers...
2017-05-10 13:40:10.011557 EDT | [Averaged_PolyRL/PolyRL_DDPG_Complex_Humanoid/Final_Run_Maziar_LP_0p01] epoch #16 | Populated
2017-05-10 13:43:55.348150 EDT | [Averaged_PolyRL/PolyRL_DDPG_Complex_Humanoid/Final_Run_Maziar_LP_0p01] epoch #16 | Training finished
2017-05-10 13:43:55.348810 EDT | [Averaged_PolyRL/PolyRL_DDPG_Complex_Humanoid/Final_Run_Maziar_LP_0p01] epoch #16 | Collecting samples for evaluation
2017-05-10 13:44:25.178717 EDT | -----------------------  -----------
2017-05-10 13:44:25.179418 EDT | Epoch                    16
2017-05-10 13:44:25.179709 EDT | AverageReturn             6.71855
2017-05-10 13:44:25.180001 EDT | StdReturn                 4.07454
2017-05-10 13:44:25.180270 EDT | MaxReturn                17.2899
2017-05-10 13:44:25.180547 EDT | MinReturn                -4.14094
2017-05-10 13:44:25.180813 EDT | AverageEsReturn           5.54552
2017-05-10 13:44:25.181118 EDT | StdEsReturn               4.49966
2017-05-10 13:44:25.181394 EDT | MaxEsReturn              15.9419
2017-05-10 13:44:25.181660 EDT | MinEsReturn              -3.47849
2017-05-10 13:44:25.181923 EDT | AverageDiscountedReturn   5.68459
2017-05-10 13:44:25.182187 EDT | AverageQLoss              0.00111605
2017-05-10 13:44:25.182468 EDT | AveragePolicySurr        -0.447515
2017-05-10 13:44:25.182740 EDT | AverageQ                  0.415578
2017-05-10 13:44:25.183002 EDT | AverageAbsQ               0.415903
2017-05-10 13:44:25.183264 EDT | AverageY                  0.415628
2017-05-10 13:44:25.183526 EDT | AverageAbsY               0.415928
2017-05-10 13:44:25.183799 EDT | AverageAbsQYDiff          0.0164967
2017-05-10 13:44:25.184070 EDT | AverageAction             0.958393
2017-05-10 13:44:25.184332 EDT | PolicyRegParamNorm       17.1741
2017-05-10 13:44:25.184594 EDT | QFunRegParamNorm         20.1832
2017-05-10 13:44:25.184859 EDT | AverageForwardProgress    0.00210486
2017-05-10 13:44:25.185145 EDT | MaxForwardProgress        0.0852779
2017-05-10 13:44:25.185416 EDT | MinForwardProgress       -0.0815931
2017-05-10 13:44:25.185678 EDT | StdForwardProgress        0.0318533
2017-05-10 13:44:25.185944 EDT | -----------------------  -----------
2017-05-10 13:44:25.186636 EDT | [Averaged_PolyRL/PolyRL_DDPG_Complex_Humanoid/Final_Run_Maziar_LP_0p01] epoch #17 | Training started
2017-05-10 13:44:25.188574 EDT | [Averaged_PolyRL/PolyRL_DDPG_Complex_Humanoid/Final_Run_Maziar_LP_0p01] epoch #17 | Populating workers...
2017-05-10 13:44:25.191061 EDT | [Averaged_PolyRL/PolyRL_DDPG_Complex_Humanoid/Final_Run_Maziar_LP_0p01] epoch #17 | Populated
2017-05-10 13:48:07.649583 EDT | [Averaged_PolyRL/PolyRL_DDPG_Complex_Humanoid/Final_Run_Maziar_LP_0p01] epoch #17 | Training finished
2017-05-10 13:48:07.650811 EDT | [Averaged_PolyRL/PolyRL_DDPG_Complex_Humanoid/Final_Run_Maziar_LP_0p01] epoch #17 | Collecting samples for evaluation
2017-05-10 13:48:45.027808 EDT | -----------------------  -----------
2017-05-10 13:48:45.028535 EDT | Epoch                    17
2017-05-10 13:48:45.028811 EDT | AverageReturn            14.6156
2017-05-10 13:48:45.029097 EDT | StdReturn                 6.29709
2017-05-10 13:48:45.029370 EDT | MaxReturn                33.8261
2017-05-10 13:48:45.029631 EDT | MinReturn                -1.54318
2017-05-10 13:48:45.029910 EDT | AverageEsReturn          12.5877
2017-05-10 13:48:45.030189 EDT | StdEsReturn               8.2178
2017-05-10 13:48:45.030469 EDT | MaxEsReturn              32.9047
2017-05-10 13:48:45.030731 EDT | MinEsReturn              -1.79725
2017-05-10 13:48:45.030996 EDT | AverageDiscountedReturn  11.1875
2017-05-10 13:48:45.031262 EDT | AverageQLoss              0.00127398
2017-05-10 13:48:45.032579 EDT | AveragePolicySurr        -0.50112
2017-05-10 13:48:45.033828 EDT | AverageQ                  0.453481
2017-05-10 13:48:45.035018 EDT | AverageAbsQ               0.453595
2017-05-10 13:48:45.036752 EDT | AverageY                  0.453488
2017-05-10 13:48:45.037807 EDT | AverageAbsY               0.453604
2017-05-10 13:48:45.038842 EDT | AverageAbsQYDiff          0.0180966
2017-05-10 13:48:45.041018 EDT | AverageAction             0.974539
2017-05-10 13:48:45.041678 EDT | PolicyRegParamNorm       17.7472
2017-05-10 13:48:45.043169 EDT | QFunRegParamNorm         20.9623
2017-05-10 13:48:45.044214 EDT | AverageForwardProgress    0.0466124
2017-05-10 13:48:45.045208 EDT | MaxForwardProgress        0.185197
2017-05-10 13:48:45.046436 EDT | MinForwardProgress       -0.073721
2017-05-10 13:48:45.047354 EDT | StdForwardProgress        0.0459101
2017-05-10 13:48:45.048470 EDT | -----------------------  -----------
2017-05-10 13:48:45.049921 EDT | [Averaged_PolyRL/PolyRL_DDPG_Complex_Humanoid/Final_Run_Maziar_LP_0p01] epoch #18 | Training started
2017-05-10 13:48:45.058199 EDT | [Averaged_PolyRL/PolyRL_DDPG_Complex_Humanoid/Final_Run_Maziar_LP_0p01] epoch #18 | Populating workers...
2017-05-10 13:48:45.059597 EDT | [Averaged_PolyRL/PolyRL_DDPG_Complex_Humanoid/Final_Run_Maziar_LP_0p01] epoch #18 | Populated
2017-05-10 13:52:25.033530 EDT | [Averaged_PolyRL/PolyRL_DDPG_Complex_Humanoid/Final_Run_Maziar_LP_0p01] epoch #18 | Training finished
2017-05-10 13:52:25.034137 EDT | [Averaged_PolyRL/PolyRL_DDPG_Complex_Humanoid/Final_Run_Maziar_LP_0p01] epoch #18 | Collecting samples for evaluation
2017-05-10 13:52:58.774286 EDT | -----------------------  ------------
2017-05-10 13:52:58.776467 EDT | Epoch                    18
2017-05-10 13:52:58.778403 EDT | AverageReturn             7.3135
2017-05-10 13:52:58.778751 EDT | StdReturn                 5.50658
2017-05-10 13:52:58.806117 EDT | MaxReturn                59.8664
2017-05-10 13:52:58.809929 EDT | MinReturn                -8.38364
2017-05-10 13:52:58.814630 EDT | AverageEsReturn          14.0994
2017-05-10 13:52:58.819133 EDT | StdEsReturn               6.03294
2017-05-10 13:52:58.823068 EDT | MaxEsReturn              28.4586
2017-05-10 13:52:58.825526 EDT | MinEsReturn               1.96518
2017-05-10 13:52:58.838940 EDT | AverageDiscountedReturn   5.98545
2017-05-10 13:52:58.843839 EDT | AverageQLoss              0.00162887
2017-05-10 13:52:58.846965 EDT | AveragePolicySurr        -0.567658
2017-05-10 13:52:58.849352 EDT | AverageQ                  0.509473
2017-05-10 13:52:58.856171 EDT | AverageAbsQ               0.509546
2017-05-10 13:52:58.860679 EDT | AverageY                  0.509537
2017-05-10 13:52:58.860911 EDT | AverageAbsY               0.509616
2017-05-10 13:52:58.881392 EDT | AverageAbsQYDiff          0.0210696
2017-05-10 13:52:58.881656 EDT | AverageAction             0.988238
2017-05-10 13:52:58.881882 EDT | PolicyRegParamNorm       18.0778
2017-05-10 13:52:58.882151 EDT | QFunRegParamNorm         21.8005
2017-05-10 13:52:58.882407 EDT | AverageForwardProgress    0.000124245
2017-05-10 13:52:58.882654 EDT | MaxForwardProgress        0.333102
2017-05-10 13:52:58.882902 EDT | MinForwardProgress       -0.118119
2017-05-10 13:52:58.883143 EDT | StdForwardProgress        0.039129
2017-05-10 13:52:58.883355 EDT | -----------------------  ------------
2017-05-10 13:52:58.883727 EDT | [Averaged_PolyRL/PolyRL_DDPG_Complex_Humanoid/Final_Run_Maziar_LP_0p01] epoch #19 | Training started
2017-05-10 13:52:58.914227 EDT | [Averaged_PolyRL/PolyRL_DDPG_Complex_Humanoid/Final_Run_Maziar_LP_0p01] epoch #19 | Populating workers...
2017-05-10 13:52:58.916509 EDT | [Averaged_PolyRL/PolyRL_DDPG_Complex_Humanoid/Final_Run_Maziar_LP_0p01] epoch #19 | Populated
2017-05-10 13:56:44.787316 EDT | [Averaged_PolyRL/PolyRL_DDPG_Complex_Humanoid/Final_Run_Maziar_LP_0p01] epoch #19 | Training finished
2017-05-10 13:56:44.789290 EDT | [Averaged_PolyRL/PolyRL_DDPG_Complex_Humanoid/Final_Run_Maziar_LP_0p01] epoch #19 | Collecting samples for evaluation
2017-05-10 13:57:19.273946 EDT | -----------------------  -----------
2017-05-10 13:57:19.274246 EDT | Epoch                    19
2017-05-10 13:57:19.274451 EDT | AverageReturn            14.66
2017-05-10 13:57:19.274649 EDT | StdReturn                11.8599
2017-05-10 13:57:19.274856 EDT | MaxReturn                50.7008
2017-05-10 13:57:19.275049 EDT | MinReturn                -2.47737
2017-05-10 13:57:19.275239 EDT | AverageEsReturn          10.2526
2017-05-10 13:57:19.275430 EDT | StdEsReturn               8.24206
2017-05-10 13:57:19.275621 EDT | MaxEsReturn              36.4282
2017-05-10 13:57:19.275811 EDT | MinEsReturn              -2.63509
2017-05-10 13:57:19.276006 EDT | AverageDiscountedReturn  10.685
2017-05-10 13:57:19.276196 EDT | AverageQLoss              0.00186296
2017-05-10 13:57:19.276386 EDT | AveragePolicySurr        -0.61083
2017-05-10 13:57:19.276574 EDT | AverageQ                  0.565553
2017-05-10 13:57:19.276762 EDT | AverageAbsQ               0.565602
2017-05-10 13:57:19.286090 EDT | AverageY                  0.565552
2017-05-10 13:57:19.286342 EDT | AverageAbsY               0.5656
2017-05-10 13:57:19.286552 EDT | AverageAbsQYDiff          0.0225376
2017-05-10 13:57:19.286750 EDT | AverageAction             0.982284
2017-05-10 13:57:19.286955 EDT | PolicyRegParamNorm       18.329
2017-05-10 13:57:19.287148 EDT | QFunRegParamNorm         22.5739
2017-05-10 13:57:19.287344 EDT | AverageForwardProgress    0.0476351
2017-05-10 13:57:19.287538 EDT | MaxForwardProgress        0.302755
2017-05-10 13:57:19.287729 EDT | MinForwardProgress       -0.0743546
2017-05-10 13:57:19.287930 EDT | StdForwardProgress        0.0792729
2017-05-10 13:57:19.288120 EDT | -----------------------  -----------
2017-05-10 13:57:19.288431 EDT | [Averaged_PolyRL/PolyRL_DDPG_Complex_Humanoid/Final_Run_Maziar_LP_0p01] epoch #20 | Training started
2017-05-10 13:57:19.289657 EDT | [Averaged_PolyRL/PolyRL_DDPG_Complex_Humanoid/Final_Run_Maziar_LP_0p01] epoch #20 | Populating workers...
2017-05-10 13:57:19.289913 EDT | [Averaged_PolyRL/PolyRL_DDPG_Complex_Humanoid/Final_Run_Maziar_LP_0p01] epoch #20 | Populated
2017-05-10 14:01:13.906990 EDT | [Averaged_PolyRL/PolyRL_DDPG_Complex_Humanoid/Final_Run_Maziar_LP_0p01] epoch #20 | Training finished
2017-05-10 14:01:13.911076 EDT | [Averaged_PolyRL/PolyRL_DDPG_Complex_Humanoid/Final_Run_Maziar_LP_0p01] epoch #20 | Collecting samples for evaluation
2017-05-10 14:01:53.883098 EDT | -----------------------  -----------
2017-05-10 14:01:53.884085 EDT | Epoch                    20
2017-05-10 14:01:53.884374 EDT | AverageReturn            10.4012
2017-05-10 14:01:53.884648 EDT | StdReturn                 7.6051
2017-05-10 14:01:53.884932 EDT | MaxReturn                34.6647
2017-05-10 14:01:53.885205 EDT | MinReturn                -2.72739
2017-05-10 14:01:53.885475 EDT | AverageEsReturn          11.5742
2017-05-10 14:01:53.885745 EDT | StdEsReturn               8.88082
2017-05-10 14:01:53.886012 EDT | MaxEsReturn              38.0509
2017-05-10 14:01:53.886288 EDT | MinEsReturn               0.483628
2017-05-10 14:01:53.886559 EDT | AverageDiscountedReturn   7.72169
2017-05-10 14:01:53.886830 EDT | AverageQLoss              0.00196767
2017-05-10 14:01:53.887098 EDT | AveragePolicySurr        -0.64035
2017-05-10 14:01:53.887363 EDT | AverageQ                  0.602874
2017-05-10 14:01:53.887629 EDT | AverageAbsQ               0.602921
2017-05-10 14:01:53.887893 EDT | AverageY                  0.602826
2017-05-10 14:01:53.888151 EDT | AverageAbsY               0.602858
2017-05-10 14:01:53.888410 EDT | AverageAbsQYDiff          0.0233983
2017-05-10 14:01:53.888677 EDT | AverageAction             0.972315
2017-05-10 14:01:53.888950 EDT | PolicyRegParamNorm       18.5286
2017-05-10 14:01:53.889209 EDT | QFunRegParamNorm         23.2578
2017-05-10 14:01:53.889471 EDT | AverageForwardProgress    0.0111322
2017-05-10 14:01:53.889740 EDT | MaxForwardProgress        0.166243
2017-05-10 14:01:53.890001 EDT | MinForwardProgress       -0.117745
2017-05-10 14:01:53.890265 EDT | StdForwardProgress        0.0459437
2017-05-10 14:01:53.890528 EDT | -----------------------  -----------
2017-05-10 14:01:53.890908 EDT | [Averaged_PolyRL/PolyRL_DDPG_Complex_Humanoid/Final_Run_Maziar_LP_0p01] epoch #21 | Training started
2017-05-10 14:01:53.892190 EDT | [Averaged_PolyRL/PolyRL_DDPG_Complex_Humanoid/Final_Run_Maziar_LP_0p01] epoch #21 | Populating workers...
2017-05-10 14:01:53.892555 EDT | [Averaged_PolyRL/PolyRL_DDPG_Complex_Humanoid/Final_Run_Maziar_LP_0p01] epoch #21 | Populated
2017-05-10 14:05:30.675707 EDT | [Averaged_PolyRL/PolyRL_DDPG_Complex_Humanoid/Final_Run_Maziar_LP_0p01] epoch #21 | Training finished
2017-05-10 14:05:30.676343 EDT | [Averaged_PolyRL/PolyRL_DDPG_Complex_Humanoid/Final_Run_Maziar_LP_0p01] epoch #21 | Collecting samples for evaluation
2017-05-10 14:06:10.857107 EDT | -----------------------  ------------
2017-05-10 14:06:10.857825 EDT | Epoch                     21
2017-05-10 14:06:10.858153 EDT | AverageReturn              4.21419
2017-05-10 14:06:10.858454 EDT | StdReturn                 31.8481
2017-05-10 14:06:10.858795 EDT | MaxReturn                126.405
2017-05-10 14:06:10.859138 EDT | MinReturn                -50.35
2017-05-10 14:06:10.859447 EDT | AverageEsReturn           11.1038
2017-05-10 14:06:10.859769 EDT | StdEsReturn                7.91139
2017-05-10 14:06:10.860072 EDT | MaxEsReturn               36.5197
2017-05-10 14:06:10.860417 EDT | MinEsReturn                2.959
2017-05-10 14:06:10.860732 EDT | AverageDiscountedReturn    6.90767
2017-05-10 14:06:10.861056 EDT | AverageQLoss               0.00219131
2017-05-10 14:06:10.861345 EDT | AveragePolicySurr         -0.679663
2017-05-10 14:06:10.861672 EDT | AverageQ                   0.637818
2017-05-10 14:06:10.861998 EDT | AverageAbsQ                0.637867
2017-05-10 14:06:10.862301 EDT | AverageY                   0.637824
2017-05-10 14:06:10.862636 EDT | AverageAbsY                0.637885
2017-05-10 14:06:10.862918 EDT | AverageAbsQYDiff           0.0250248
2017-05-10 14:06:10.863251 EDT | AverageAction              0.949408
2017-05-10 14:06:10.863593 EDT | PolicyRegParamNorm        18.7223
2017-05-10 14:06:10.863926 EDT | QFunRegParamNorm          23.9404
2017-05-10 14:06:10.864246 EDT | AverageForwardProgress    -0.139263
2017-05-10 14:06:10.864612 EDT | MaxForwardProgress         0.716296
2017-05-10 14:06:10.864971 EDT | MinForwardProgress        -0.617289
2017-05-10 14:06:10.865279 EDT | StdForwardProgress         0.24355
2017-05-10 14:06:10.865609 EDT | -----------------------  ------------
2017-05-10 14:06:10.866050 EDT | [Averaged_PolyRL/PolyRL_DDPG_Complex_Humanoid/Final_Run_Maziar_LP_0p01] epoch #22 | Training started
2017-05-10 14:06:10.867530 EDT | [Averaged_PolyRL/PolyRL_DDPG_Complex_Humanoid/Final_Run_Maziar_LP_0p01] epoch #22 | Populating workers...
2017-05-10 14:06:10.867959 EDT | [Averaged_PolyRL/PolyRL_DDPG_Complex_Humanoid/Final_Run_Maziar_LP_0p01] epoch #22 | Populated
2017-05-10 14:09:53.216838 EDT | [Averaged_PolyRL/PolyRL_DDPG_Complex_Humanoid/Final_Run_Maziar_LP_0p01] epoch #22 | Training finished
2017-05-10 14:09:53.221036 EDT | [Averaged_PolyRL/PolyRL_DDPG_Complex_Humanoid/Final_Run_Maziar_LP_0p01] epoch #22 | Collecting samples for evaluation
2017-05-10 14:10:30.950014 EDT | -----------------------  ------------
2017-05-10 14:10:30.951777 EDT | Epoch                     22
2017-05-10 14:10:30.952070 EDT | AverageReturn            -16.77
2017-05-10 14:10:30.952363 EDT | StdReturn                 37.4801
2017-05-10 14:10:30.952650 EDT | MaxReturn                131.114
2017-05-10 14:10:30.952944 EDT | MinReturn                -53.2561
2017-05-10 14:10:30.953226 EDT | AverageEsReturn            8.11268
2017-05-10 14:10:30.953496 EDT | StdEsReturn               30.9856
2017-05-10 14:10:30.953763 EDT | MaxEsReturn               64.9386
2017-05-10 14:10:30.954035 EDT | MinEsReturn              -41.817
2017-05-10 14:10:30.954317 EDT | AverageDiscountedReturn   -2.45865
2017-05-10 14:10:30.954594 EDT | AverageQLoss               0.00226235
2017-05-10 14:10:30.954867 EDT | AveragePolicySurr         -0.726226
2017-05-10 14:10:30.955132 EDT | AverageQ                   0.677334
2017-05-10 14:10:30.955401 EDT | AverageAbsQ                0.67747
2017-05-10 14:10:30.955670 EDT | AverageY                   0.677331
2017-05-10 14:10:30.955936 EDT | AverageAbsY                0.677449
2017-05-10 14:10:30.956203 EDT | AverageAbsQYDiff           0.0267194
2017-05-10 14:10:30.956506 EDT | AverageAction              0.933616
2017-05-10 14:10:30.956802 EDT | PolicyRegParamNorm        18.9539
2017-05-10 14:10:30.957081 EDT | QFunRegParamNorm          24.6377
2017-05-10 14:10:30.957354 EDT | AverageForwardProgress    -0.32631
2017-05-10 14:10:30.957633 EDT | MaxForwardProgress         0.779652
2017-05-10 14:10:30.957891 EDT | MinForwardProgress        -0.66036
2017-05-10 14:10:30.958164 EDT | StdForwardProgress         0.278671
2017-05-10 14:10:30.958442 EDT | -----------------------  ------------
2017-05-10 14:10:30.958842 EDT | [Averaged_PolyRL/PolyRL_DDPG_Complex_Humanoid/Final_Run_Maziar_LP_0p01] epoch #23 | Training started
2017-05-10 14:10:30.960206 EDT | [Averaged_PolyRL/PolyRL_DDPG_Complex_Humanoid/Final_Run_Maziar_LP_0p01] epoch #23 | Populating workers...
2017-05-10 14:10:30.960561 EDT | [Averaged_PolyRL/PolyRL_DDPG_Complex_Humanoid/Final_Run_Maziar_LP_0p01] epoch #23 | Populated
2017-05-10 14:14:25.639546 EDT | [Averaged_PolyRL/PolyRL_DDPG_Complex_Humanoid/Final_Run_Maziar_LP_0p01] epoch #23 | Training finished
2017-05-10 14:14:25.640160 EDT | [Averaged_PolyRL/PolyRL_DDPG_Complex_Humanoid/Final_Run_Maziar_LP_0p01] epoch #23 | Collecting samples for evaluation
2017-05-10 14:15:04.822649 EDT | -----------------------  -----------
2017-05-10 14:15:04.823325 EDT | Epoch                     23
2017-05-10 14:15:04.823596 EDT | AverageReturn             94.3302
2017-05-10 14:15:04.823865 EDT | StdReturn                 28.5204
2017-05-10 14:15:04.824131 EDT | MaxReturn                131.637
2017-05-10 14:15:04.824389 EDT | MinReturn                -11.5538
2017-05-10 14:15:04.824645 EDT | AverageEsReturn          -20.1012
2017-05-10 14:15:04.824896 EDT | StdEsReturn               23.0529
2017-05-10 14:15:04.825157 EDT | MaxEsReturn               29.4809
2017-05-10 14:15:04.825422 EDT | MinEsReturn              -41.9754
2017-05-10 14:15:04.825671 EDT | AverageDiscountedReturn   42.1866
2017-05-10 14:15:04.825933 EDT | AverageQLoss               0.0027363
2017-05-10 14:15:04.826186 EDT | AveragePolicySurr         -0.753443
2017-05-10 14:15:04.826442 EDT | AverageQ                   0.716243
2017-05-10 14:15:04.826697 EDT | AverageAbsQ                0.716618
2017-05-10 14:15:04.826950 EDT | AverageY                   0.716182
2017-05-10 14:15:04.827209 EDT | AverageAbsY                0.716517
2017-05-10 14:15:04.827458 EDT | AverageAbsQYDiff           0.029167
2017-05-10 14:15:04.827711 EDT | AverageAction              0.961077
2017-05-10 14:15:04.827971 EDT | PolicyRegParamNorm        19.1398
2017-05-10 14:15:04.828220 EDT | QFunRegParamNorm          25.3226
2017-05-10 14:15:04.828468 EDT | AverageForwardProgress     0.536713
2017-05-10 14:15:04.828721 EDT | MaxForwardProgress         0.81416
2017-05-10 14:15:04.828979 EDT | MinForwardProgress        -0.325717
2017-05-10 14:15:04.829339 EDT | StdForwardProgress         0.208667
2017-05-10 14:15:04.829802 EDT | -----------------------  -----------
2017-05-10 14:15:04.830389 EDT | [Averaged_PolyRL/PolyRL_DDPG_Complex_Humanoid/Final_Run_Maziar_LP_0p01] epoch #24 | Training started
2017-05-10 14:15:04.832038 EDT | [Averaged_PolyRL/PolyRL_DDPG_Complex_Humanoid/Final_Run_Maziar_LP_0p01] epoch #24 | Populating workers...
2017-05-10 14:15:04.833756 EDT | [Averaged_PolyRL/PolyRL_DDPG_Complex_Humanoid/Final_Run_Maziar_LP_0p01] epoch #24 | Populated
2017-05-10 14:19:01.110972 EDT | [Averaged_PolyRL/PolyRL_DDPG_Complex_Humanoid/Final_Run_Maziar_LP_0p01] epoch #24 | Training finished
2017-05-10 14:19:01.111611 EDT | [Averaged_PolyRL/PolyRL_DDPG_Complex_Humanoid/Final_Run_Maziar_LP_0p01] epoch #24 | Collecting samples for evaluation
2017-05-10 14:19:39.547958 EDT | -----------------------  ------------
2017-05-10 14:19:39.548558 EDT | Epoch                     24
2017-05-10 14:19:39.548796 EDT | AverageReturn             95.5159
2017-05-10 14:19:39.549056 EDT | StdReturn                 22.2331
2017-05-10 14:19:39.549265 EDT | MaxReturn                125.461
2017-05-10 14:19:39.549467 EDT | MinReturn                 32.6207
2017-05-10 14:19:39.549686 EDT | AverageEsReturn           81.209
2017-05-10 14:19:39.549887 EDT | StdEsReturn               32.77
2017-05-10 14:19:39.550073 EDT | MaxEsReturn              119.474
2017-05-10 14:19:39.550275 EDT | MinEsReturn                7.6963
2017-05-10 14:19:39.550476 EDT | AverageDiscountedReturn   46.6702
2017-05-10 14:19:39.550681 EDT | AverageQLoss               0.00333776
2017-05-10 14:19:39.550888 EDT | AveragePolicySurr         -0.784741
2017-05-10 14:19:39.551085 EDT | AverageQ                   0.754919
2017-05-10 14:19:39.551284 EDT | AverageAbsQ                0.755727
2017-05-10 14:19:39.551478 EDT | AverageY                   0.754913
2017-05-10 14:19:39.551674 EDT | AverageAbsY                0.755741
2017-05-10 14:19:39.551868 EDT | AverageAbsQYDiff           0.0317367
2017-05-10 14:19:39.552060 EDT | AverageAction              0.976208
2017-05-10 14:19:39.552253 EDT | PolicyRegParamNorm        19.2911
2017-05-10 14:19:39.552445 EDT | QFunRegParamNorm          25.989
2017-05-10 14:19:39.552636 EDT | AverageForwardProgress     0.571289
2017-05-10 14:19:39.552825 EDT | MaxForwardProgress         0.780903
2017-05-10 14:19:39.553032 EDT | MinForwardProgress         0.115521
2017-05-10 14:19:39.553228 EDT | StdForwardProgress         0.150633
2017-05-10 14:19:39.553437 EDT | -----------------------  ------------
2017-05-10 14:19:39.553748 EDT | [Averaged_PolyRL/PolyRL_DDPG_Complex_Humanoid/Final_Run_Maziar_LP_0p01] epoch #25 | Training started
2017-05-10 14:19:39.554978 EDT | [Averaged_PolyRL/PolyRL_DDPG_Complex_Humanoid/Final_Run_Maziar_LP_0p01] epoch #25 | Populating workers...
2017-05-10 14:19:39.555221 EDT | [Averaged_PolyRL/PolyRL_DDPG_Complex_Humanoid/Final_Run_Maziar_LP_0p01] epoch #25 | Populated
2017-05-10 14:23:27.482602 EDT | [Averaged_PolyRL/PolyRL_DDPG_Complex_Humanoid/Final_Run_Maziar_LP_0p01] epoch #25 | Training finished
2017-05-10 14:23:27.484056 EDT | [Averaged_PolyRL/PolyRL_DDPG_Complex_Humanoid/Final_Run_Maziar_LP_0p01] epoch #25 | Collecting samples for evaluation
2017-05-10 14:24:05.692624 EDT | -----------------------  ------------
2017-05-10 14:24:05.693397 EDT | Epoch                     25
2017-05-10 14:24:05.693760 EDT | AverageReturn             37.3938
2017-05-10 14:24:05.694117 EDT | StdReturn                 23.9421
2017-05-10 14:24:05.694465 EDT | MaxReturn                110.866
2017-05-10 14:24:05.694826 EDT | MinReturn                 -7.0339
2017-05-10 14:24:05.695171 EDT | AverageEsReturn           73.3704
2017-05-10 14:24:05.695523 EDT | StdEsReturn               37.6761
2017-05-10 14:24:05.695872 EDT | MaxEsReturn              124.941
2017-05-10 14:24:05.696221 EDT | MinEsReturn               19.6384
2017-05-10 14:24:05.696567 EDT | AverageDiscountedReturn   21.3485
2017-05-10 14:24:05.697176 EDT | AverageQLoss               0.00372938
2017-05-10 14:24:05.698062 EDT | AveragePolicySurr         -0.839271
2017-05-10 14:24:05.699491 EDT | AverageQ                   0.80114
2017-05-10 14:24:05.699869 EDT | AverageAbsQ                0.802527
2017-05-10 14:24:05.700761 EDT | AverageY                   0.801254
2017-05-10 14:24:05.703271 EDT | AverageAbsY                0.802695
2017-05-10 14:24:05.703635 EDT | AverageAbsQYDiff           0.0344053
2017-05-10 14:24:05.703982 EDT | AverageAction              0.979431
2017-05-10 14:24:05.704451 EDT | PolicyRegParamNorm        19.4649
2017-05-10 14:24:05.705368 EDT | QFunRegParamNorm          26.6627
2017-05-10 14:24:05.706292 EDT | AverageForwardProgress     0.158114
2017-05-10 14:24:05.707239 EDT | MaxForwardProgress         0.646516
2017-05-10 14:24:05.710109 EDT | MinForwardProgress        -0.197955
2017-05-10 14:24:05.710479 EDT | StdForwardProgress         0.166818
2017-05-10 14:24:05.710824 EDT | -----------------------  ------------
2017-05-10 14:24:05.711319 EDT | [Averaged_PolyRL/PolyRL_DDPG_Complex_Humanoid/Final_Run_Maziar_LP_0p01] epoch #26 | Training started
2017-05-10 14:24:05.713341 EDT | [Averaged_PolyRL/PolyRL_DDPG_Complex_Humanoid/Final_Run_Maziar_LP_0p01] epoch #26 | Populating workers...
2017-05-10 14:24:05.718008 EDT | [Averaged_PolyRL/PolyRL_DDPG_Complex_Humanoid/Final_Run_Maziar_LP_0p01] epoch #26 | Populated
2017-05-10 14:27:58.074861 EDT | [Averaged_PolyRL/PolyRL_DDPG_Complex_Humanoid/Final_Run_Maziar_LP_0p01] epoch #26 | Training finished
2017-05-10 14:27:58.077220 EDT | [Averaged_PolyRL/PolyRL_DDPG_Complex_Humanoid/Final_Run_Maziar_LP_0p01] epoch #26 | Collecting samples for evaluation
2017-05-10 14:28:34.652050 EDT | -----------------------  ------------
2017-05-10 14:28:34.652766 EDT | Epoch                     26
2017-05-10 14:28:34.653076 EDT | AverageReturn             86.4791
2017-05-10 14:28:34.653342 EDT | StdReturn                 52.5369
2017-05-10 14:28:34.653605 EDT | MaxReturn                160.127
2017-05-10 14:28:34.653888 EDT | MinReturn                -31.2231
2017-05-10 14:28:34.654161 EDT | AverageEsReturn           83.3874
2017-05-10 14:28:34.654428 EDT | StdEsReturn               39.9286
2017-05-10 14:28:34.654688 EDT | MaxEsReturn              128.054
2017-05-10 14:28:34.654948 EDT | MinEsReturn                4.45307
2017-05-10 14:28:34.655205 EDT | AverageDiscountedReturn   38.6924
2017-05-10 14:28:34.655471 EDT | AverageQLoss               0.00461499
2017-05-10 14:28:34.655738 EDT | AveragePolicySurr         -0.884097
2017-05-10 14:28:34.655997 EDT | AverageQ                   0.852533
2017-05-10 14:28:34.656255 EDT | AverageAbsQ                0.854174
2017-05-10 14:28:34.656520 EDT | AverageY                   0.852528
2017-05-10 14:28:34.656786 EDT | AverageAbsY                0.85422
2017-05-10 14:28:34.657064 EDT | AverageAbsQYDiff           0.0365348
2017-05-10 14:28:34.657324 EDT | AverageAction              0.98637
2017-05-10 14:28:34.657583 EDT | PolicyRegParamNorm        19.5997
2017-05-10 14:28:34.657840 EDT | QFunRegParamNorm          27.2904
2017-05-10 14:28:34.658114 EDT | AverageForwardProgress     0.444919
2017-05-10 14:28:34.658377 EDT | MaxForwardProgress         0.925305
2017-05-10 14:28:34.658633 EDT | MinForwardProgress        -0.456728
2017-05-10 14:28:34.658889 EDT | StdForwardProgress         0.42293
2017-05-10 14:28:34.659145 EDT | -----------------------  ------------
2017-05-10 14:28:34.659548 EDT | [Averaged_PolyRL/PolyRL_DDPG_Complex_Humanoid/Final_Run_Maziar_LP_0p01] epoch #27 | Training started
2017-05-10 14:28:34.660904 EDT | [Averaged_PolyRL/PolyRL_DDPG_Complex_Humanoid/Final_Run_Maziar_LP_0p01] epoch #27 | Populating workers...
2017-05-10 14:28:34.668206 EDT | [Averaged_PolyRL/PolyRL_DDPG_Complex_Humanoid/Final_Run_Maziar_LP_0p01] epoch #27 | Populated
2017-05-10 14:32:24.765642 EDT | [Averaged_PolyRL/PolyRL_DDPG_Complex_Humanoid/Final_Run_Maziar_LP_0p01] epoch #27 | Training finished
2017-05-10 14:32:24.766662 EDT | [Averaged_PolyRL/PolyRL_DDPG_Complex_Humanoid/Final_Run_Maziar_LP_0p01] epoch #27 | Collecting samples for evaluation
2017-05-10 14:32:58.505710 EDT | -----------------------  ------------
2017-05-10 14:32:58.506772 EDT | Epoch                     27
2017-05-10 14:32:58.506994 EDT | AverageReturn             15.9985
2017-05-10 14:32:58.507198 EDT | StdReturn                 19.4336
2017-05-10 14:32:58.508204 EDT | MaxReturn                 64.5902
2017-05-10 14:32:58.508787 EDT | MinReturn                -43.23
2017-05-10 14:32:58.509011 EDT | AverageEsReturn           53.7551
2017-05-10 14:32:58.509259 EDT | StdEsReturn               30.3914
2017-05-10 14:32:58.510423 EDT | MaxEsReturn              109.685
2017-05-10 14:32:58.510879 EDT | MinEsReturn               23.8035
2017-05-10 14:32:58.511147 EDT | AverageDiscountedReturn   12.4782
2017-05-10 14:32:58.511441 EDT | AverageQLoss               0.00511642
2017-05-10 14:32:58.512992 EDT | AveragePolicySurr         -0.97457
2017-05-10 14:32:58.513256 EDT | AverageQ                   0.90596
2017-05-10 14:32:58.513522 EDT | AverageAbsQ                0.907856
2017-05-10 14:32:58.515003 EDT | AverageY                   0.906095
2017-05-10 14:32:58.515246 EDT | AverageAbsY                0.90801
2017-05-10 14:32:58.515467 EDT | AverageAbsQYDiff           0.0397869
2017-05-10 14:32:58.515670 EDT | AverageAction              0.954125
2017-05-10 14:32:58.517125 EDT | PolicyRegParamNorm        19.7676
2017-05-10 14:32:58.517351 EDT | QFunRegParamNorm          27.9344
2017-05-10 14:32:58.517552 EDT | AverageForwardProgress    -0.0122073
2017-05-10 14:32:58.517747 EDT | MaxForwardProgress         0.387211
2017-05-10 14:32:58.519232 EDT | MinForwardProgress        -0.495294
2017-05-10 14:32:58.519441 EDT | StdForwardProgress         0.16133
2017-05-10 14:32:58.519644 EDT | -----------------------  ------------
2017-05-10 14:32:58.519998 EDT | [Averaged_PolyRL/PolyRL_DDPG_Complex_Humanoid/Final_Run_Maziar_LP_0p01] epoch #28 | Training started
2017-05-10 14:32:58.524094 EDT | [Averaged_PolyRL/PolyRL_DDPG_Complex_Humanoid/Final_Run_Maziar_LP_0p01] epoch #28 | Populating workers...
2017-05-10 14:32:58.525653 EDT | [Averaged_PolyRL/PolyRL_DDPG_Complex_Humanoid/Final_Run_Maziar_LP_0p01] epoch #28 | Populated
2017-05-10 14:36:43.773631 EDT | [Averaged_PolyRL/PolyRL_DDPG_Complex_Humanoid/Final_Run_Maziar_LP_0p01] epoch #28 | Training finished
2017-05-10 14:36:43.774350 EDT | [Averaged_PolyRL/PolyRL_DDPG_Complex_Humanoid/Final_Run_Maziar_LP_0p01] epoch #28 | Collecting samples for evaluation
2017-05-10 14:37:18.118205 EDT | -----------------------  ------------
2017-05-10 14:37:18.119033 EDT | Epoch                     28
2017-05-10 14:37:18.119373 EDT | AverageReturn             48.917
2017-05-10 14:37:18.119696 EDT | StdReturn                 10.5439
2017-05-10 14:37:18.120049 EDT | MaxReturn                 90.6738
2017-05-10 14:37:18.120368 EDT | MinReturn                 23.4163
2017-05-10 14:37:18.120718 EDT | AverageEsReturn           17.1661
2017-05-10 14:37:18.121020 EDT | StdEsReturn               15.4027
2017-05-10 14:37:18.121363 EDT | MaxEsReturn               39.2539
2017-05-10 14:37:18.121711 EDT | MinEsReturn              -20.5347
2017-05-10 14:37:18.122064 EDT | AverageDiscountedReturn   31.4727
2017-05-10 14:37:18.122366 EDT | AverageQLoss               0.00596655
2017-05-10 14:37:18.122687 EDT | AveragePolicySurr         -1.03513
2017-05-10 14:37:18.123028 EDT | AverageQ                   0.979669
2017-05-10 14:37:18.123358 EDT | AverageAbsQ                0.981809
2017-05-10 14:37:18.123661 EDT | AverageY                   0.979866
2017-05-10 14:37:18.127580 EDT | AverageAbsY                0.981957
2017-05-10 14:37:18.127972 EDT | AverageAbsQYDiff           0.0430713
2017-05-10 14:37:18.128304 EDT | AverageAction              0.972748
2017-05-10 14:37:18.128643 EDT | PolicyRegParamNorm        19.8664
2017-05-10 14:37:18.128960 EDT | QFunRegParamNorm          28.6314
2017-05-10 14:37:18.129317 EDT | AverageForwardProgress     0.271477
2017-05-10 14:37:18.129608 EDT | MaxForwardProgress         0.576305
2017-05-10 14:37:18.129887 EDT | MinForwardProgress         0.0726453
2017-05-10 14:37:18.130221 EDT | StdForwardProgress         0.0762018
2017-05-10 14:37:18.130580 EDT | -----------------------  ------------
2017-05-10 14:37:18.131036 EDT | [Averaged_PolyRL/PolyRL_DDPG_Complex_Humanoid/Final_Run_Maziar_LP_0p01] epoch #29 | Training started
2017-05-10 14:37:18.133811 EDT | [Averaged_PolyRL/PolyRL_DDPG_Complex_Humanoid/Final_Run_Maziar_LP_0p01] epoch #29 | Populating workers...
2017-05-10 14:37:18.134865 EDT | [Averaged_PolyRL/PolyRL_DDPG_Complex_Humanoid/Final_Run_Maziar_LP_0p01] epoch #29 | Populated
2017-05-10 14:41:14.024821 EDT | [Averaged_PolyRL/PolyRL_DDPG_Complex_Humanoid/Final_Run_Maziar_LP_0p01] epoch #29 | Training finished
2017-05-10 14:41:14.029322 EDT | [Averaged_PolyRL/PolyRL_DDPG_Complex_Humanoid/Final_Run_Maziar_LP_0p01] epoch #29 | Collecting samples for evaluation
2017-05-10 14:41:46.862034 EDT | -----------------------  -----------
2017-05-10 14:41:46.862619 EDT | Epoch                    29
2017-05-10 14:41:46.862957 EDT | AverageReturn            33.6236
2017-05-10 14:41:46.863598 EDT | StdReturn                 7.27457
2017-05-10 14:41:46.864093 EDT | MaxReturn                61.3934
2017-05-10 14:41:46.864381 EDT | MinReturn                18.8577
2017-05-10 14:41:46.864672 EDT | AverageEsReturn          30.2856
2017-05-10 14:41:46.865010 EDT | StdEsReturn              13.9059
2017-05-10 14:41:46.865383 EDT | MaxEsReturn              46.4951
2017-05-10 14:41:46.865727 EDT | MinEsReturn               1.28735
2017-05-10 14:41:46.866188 EDT | AverageDiscountedReturn  23.6071
2017-05-10 14:41:46.866697 EDT | AverageQLoss              0.00631501
2017-05-10 14:41:46.870341 EDT | AveragePolicySurr        -1.08413
2017-05-10 14:41:46.871204 EDT | AverageQ                  1.03226
2017-05-10 14:41:46.872846 EDT | AverageAbsQ               1.03427
2017-05-10 14:41:46.874282 EDT | AverageY                  1.0323
2017-05-10 14:41:46.876195 EDT | AverageAbsY               1.03419
2017-05-10 14:41:46.877588 EDT | AverageAbsQYDiff          0.0445255
2017-05-10 14:41:46.879691 EDT | AverageAction             0.972791
2017-05-10 14:41:46.880855 EDT | PolicyRegParamNorm       19.9712
2017-05-10 14:41:46.882275 EDT | QFunRegParamNorm         29.2293
2017-05-10 14:41:46.883118 EDT | AverageForwardProgress    0.176031
2017-05-10 14:41:46.887022 EDT | MaxForwardProgress        0.361055
2017-05-10 14:41:46.887339 EDT | MinForwardProgress        0.0592739
2017-05-10 14:41:46.887961 EDT | StdForwardProgress        0.0518639
2017-05-10 14:41:46.889004 EDT | -----------------------  -----------
2017-05-10 14:41:46.891002 EDT | [Averaged_PolyRL/PolyRL_DDPG_Complex_Humanoid/Final_Run_Maziar_LP_0p01] epoch #30 | Training started
2017-05-10 14:41:46.898172 EDT | [Averaged_PolyRL/PolyRL_DDPG_Complex_Humanoid/Final_Run_Maziar_LP_0p01] epoch #30 | Populating workers...
2017-05-10 14:41:46.901990 EDT | [Averaged_PolyRL/PolyRL_DDPG_Complex_Humanoid/Final_Run_Maziar_LP_0p01] epoch #30 | Populated
2017-05-10 14:45:33.888596 EDT | [Averaged_PolyRL/PolyRL_DDPG_Complex_Humanoid/Final_Run_Maziar_LP_0p01] epoch #30 | Training finished
2017-05-10 14:45:33.893981 EDT | [Averaged_PolyRL/PolyRL_DDPG_Complex_Humanoid/Final_Run_Maziar_LP_0p01] epoch #30 | Collecting samples for evaluation
2017-05-10 14:46:06.394142 EDT | -----------------------  -----------
2017-05-10 14:46:06.394842 EDT | Epoch                    30
2017-05-10 14:46:06.395139 EDT | AverageReturn            21.7911
2017-05-10 14:46:06.395405 EDT | StdReturn                 9.4265
2017-05-10 14:46:06.395675 EDT | MaxReturn                57.5006
2017-05-10 14:46:06.395930 EDT | MinReturn                -1.47506
2017-05-10 14:46:06.396195 EDT | AverageEsReturn          33.8149
2017-05-10 14:46:06.396443 EDT | StdEsReturn              12.1781
2017-05-10 14:46:06.396699 EDT | MaxEsReturn              62.1252
2017-05-10 14:46:06.396961 EDT | MinEsReturn              11.1444
2017-05-10 14:46:06.397224 EDT | AverageDiscountedReturn  16.0065
2017-05-10 14:46:06.397474 EDT | AverageQLoss              0.00712727
2017-05-10 14:46:06.397732 EDT | AveragePolicySurr        -1.1429
2017-05-10 14:46:06.397988 EDT | AverageQ                  1.08989
2017-05-10 14:46:06.398250 EDT | AverageAbsQ               1.092
2017-05-10 14:46:06.398516 EDT | AverageY                  1.09008
2017-05-10 14:46:06.398779 EDT | AverageAbsY               1.09215
2017-05-10 14:46:06.399040 EDT | AverageAbsQYDiff          0.0475306
2017-05-10 14:46:06.399326 EDT | AverageAction             0.975167
2017-05-10 14:46:06.399595 EDT | PolicyRegParamNorm       20.0928
2017-05-10 14:46:06.399857 EDT | QFunRegParamNorm         29.7877
2017-05-10 14:46:06.400118 EDT | AverageForwardProgress    0.0969737
2017-05-10 14:46:06.400394 EDT | MaxForwardProgress        0.343521
2017-05-10 14:46:06.400659 EDT | MinForwardProgress       -0.0696377
2017-05-10 14:46:06.400952 EDT | StdForwardProgress        0.0682572
2017-05-10 14:46:06.401217 EDT | -----------------------  -----------
2017-05-10 14:46:06.401624 EDT | [Averaged_PolyRL/PolyRL_DDPG_Complex_Humanoid/Final_Run_Maziar_LP_0p01] epoch #31 | Training started
2017-05-10 14:46:06.403223 EDT | [Averaged_PolyRL/PolyRL_DDPG_Complex_Humanoid/Final_Run_Maziar_LP_0p01] epoch #31 | Populating workers...
2017-05-10 14:46:06.403697 EDT | [Averaged_PolyRL/PolyRL_DDPG_Complex_Humanoid/Final_Run_Maziar_LP_0p01] epoch #31 | Populated
2017-05-10 14:49:45.000657 EDT | [Averaged_PolyRL/PolyRL_DDPG_Complex_Humanoid/Final_Run_Maziar_LP_0p01] epoch #31 | Training finished
2017-05-10 14:49:45.001377 EDT | [Averaged_PolyRL/PolyRL_DDPG_Complex_Humanoid/Final_Run_Maziar_LP_0p01] epoch #31 | Collecting samples for evaluation
2017-05-10 14:50:18.155164 EDT | -----------------------  -----------
2017-05-10 14:50:18.157080 EDT | Epoch                    31
2017-05-10 14:50:18.159083 EDT | AverageReturn            19.8753
2017-05-10 14:50:18.159318 EDT | StdReturn                 7.95781
2017-05-10 14:50:18.161239 EDT | MaxReturn                44.5004
2017-05-10 14:50:18.162963 EDT | MinReturn                 3.49494
2017-05-10 14:50:18.163210 EDT | AverageEsReturn          22.4032
2017-05-10 14:50:18.164999 EDT | StdEsReturn               8.29099
2017-05-10 14:50:18.170480 EDT | MaxEsReturn              40.3658
2017-05-10 14:50:18.170742 EDT | MinEsReturn               6.0202
2017-05-10 14:50:18.174518 EDT | AverageDiscountedReturn  15.1224
2017-05-10 14:50:18.176424 EDT | AverageQLoss              0.00862375
2017-05-10 14:50:18.178900 EDT | AveragePolicySurr        -1.17238
2017-05-10 14:50:18.179180 EDT | AverageQ                  1.13428
2017-05-10 14:50:18.179437 EDT | AverageAbsQ               1.13663
2017-05-10 14:50:18.179698 EDT | AverageY                  1.13455
2017-05-10 14:50:18.179925 EDT | AverageAbsY               1.13679
2017-05-10 14:50:18.180143 EDT | AverageAbsQYDiff          0.0541518
2017-05-10 14:50:18.180380 EDT | AverageAction             0.981082
2017-05-10 14:50:18.180596 EDT | PolicyRegParamNorm       20.2513
2017-05-10 14:50:18.180817 EDT | QFunRegParamNorm         30.4638
2017-05-10 14:50:18.181045 EDT | AverageForwardProgress    0.0850658
2017-05-10 14:50:18.181258 EDT | MaxForwardProgress        0.26926
2017-05-10 14:50:18.181491 EDT | MinForwardProgress       -0.047843
2017-05-10 14:50:18.181739 EDT | StdForwardProgress        0.0592851
2017-05-10 14:50:18.181999 EDT | -----------------------  -----------
2017-05-10 14:50:18.182386 EDT | [Averaged_PolyRL/PolyRL_DDPG_Complex_Humanoid/Final_Run_Maziar_LP_0p01] epoch #32 | Training started
2017-05-10 14:50:18.183777 EDT | [Averaged_PolyRL/PolyRL_DDPG_Complex_Humanoid/Final_Run_Maziar_LP_0p01] epoch #32 | Populating workers...
2017-05-10 14:50:18.184098 EDT | [Averaged_PolyRL/PolyRL_DDPG_Complex_Humanoid/Final_Run_Maziar_LP_0p01] epoch #32 | Populated
2017-05-10 14:54:01.900589 EDT | [Averaged_PolyRL/PolyRL_DDPG_Complex_Humanoid/Final_Run_Maziar_LP_0p01] epoch #32 | Training finished
2017-05-10 14:54:01.901460 EDT | [Averaged_PolyRL/PolyRL_DDPG_Complex_Humanoid/Final_Run_Maziar_LP_0p01] epoch #32 | Collecting samples for evaluation
2017-05-10 14:54:35.214045 EDT | -----------------------  -----------
2017-05-10 14:54:35.216325 EDT | Epoch                    32
2017-05-10 14:54:35.216692 EDT | AverageReturn            22.7643
2017-05-10 14:54:35.217041 EDT | StdReturn                 6.58823
2017-05-10 14:54:35.217311 EDT | MaxReturn                50.9925
2017-05-10 14:54:35.217586 EDT | MinReturn                 8.26436
2017-05-10 14:54:35.217940 EDT | AverageEsReturn          20.737
2017-05-10 14:54:35.218288 EDT | StdEsReturn               6.6461
2017-05-10 14:54:35.218649 EDT | MaxEsReturn              36.6979
2017-05-10 14:54:35.218990 EDT | MinEsReturn              13.1783
2017-05-10 14:54:35.219342 EDT | AverageDiscountedReturn  16.9531
2017-05-10 14:54:35.219681 EDT | AverageQLoss              0.00881265
2017-05-10 14:54:35.220046 EDT | AveragePolicySurr        -1.22264
2017-05-10 14:54:35.220401 EDT | AverageQ                  1.17508
2017-05-10 14:54:35.220740 EDT | AverageAbsQ               1.17776
2017-05-10 14:54:35.221074 EDT | AverageY                  1.17524
2017-05-10 14:54:35.221342 EDT | AverageAbsY               1.17787
2017-05-10 14:54:35.221659 EDT | AverageAbsQYDiff          0.0549131
2017-05-10 14:54:35.222008 EDT | AverageAction             0.981136
2017-05-10 14:54:35.222350 EDT | PolicyRegParamNorm       20.4304
2017-05-10 14:54:35.222699 EDT | QFunRegParamNorm         31.0406
2017-05-10 14:54:35.223040 EDT | AverageForwardProgress    0.103238
2017-05-10 14:54:35.223379 EDT | MaxForwardProgress        0.299526
2017-05-10 14:54:35.223727 EDT | MinForwardProgress       -0.00245663
2017-05-10 14:54:35.224063 EDT | StdForwardProgress        0.0481435
2017-05-10 14:54:35.224413 EDT | -----------------------  -----------
2017-05-10 14:54:35.224872 EDT | [Averaged_PolyRL/PolyRL_DDPG_Complex_Humanoid/Final_Run_Maziar_LP_0p01] epoch #33 | Training started
2017-05-10 14:54:35.226301 EDT | [Averaged_PolyRL/PolyRL_DDPG_Complex_Humanoid/Final_Run_Maziar_LP_0p01] epoch #33 | Populating workers...
2017-05-10 14:54:35.226756 EDT | [Averaged_PolyRL/PolyRL_DDPG_Complex_Humanoid/Final_Run_Maziar_LP_0p01] epoch #33 | Populated
2017-05-10 14:58:19.015707 EDT | [Averaged_PolyRL/PolyRL_DDPG_Complex_Humanoid/Final_Run_Maziar_LP_0p01] epoch #33 | Training finished
2017-05-10 14:58:19.018045 EDT | [Averaged_PolyRL/PolyRL_DDPG_Complex_Humanoid/Final_Run_Maziar_LP_0p01] epoch #33 | Collecting samples for evaluation
2017-05-10 14:58:52.305365 EDT | -----------------------  -----------
2017-05-10 14:58:52.308242 EDT | Epoch                    33
2017-05-10 14:58:52.308501 EDT | AverageReturn            20.4457
2017-05-10 14:58:52.308774 EDT | StdReturn                 6.90443
2017-05-10 14:58:52.309025 EDT | MaxReturn                55.7292
2017-05-10 14:58:52.309231 EDT | MinReturn                 3.6598
2017-05-10 14:58:52.309467 EDT | AverageEsReturn          19.9056
2017-05-10 14:58:52.309718 EDT | StdEsReturn               9.12073
2017-05-10 14:58:52.309961 EDT | MaxEsReturn              43.948
2017-05-10 14:58:52.310197 EDT | MinEsReturn               3.27589
2017-05-10 14:58:52.310332 EDT | AverageDiscountedReturn  15.202
2017-05-10 14:58:52.310466 EDT | AverageQLoss              0.00984101
2017-05-10 14:58:52.310636 EDT | AveragePolicySurr        -1.28052
2017-05-10 14:58:52.310779 EDT | AverageQ                  1.2274
2017-05-10 14:58:52.310922 EDT | AverageAbsQ               1.23044
2017-05-10 14:58:52.311180 EDT | AverageY                  1.22768
2017-05-10 14:58:52.311445 EDT | AverageAbsY               1.23074
2017-05-10 14:58:52.311707 EDT | AverageAbsQYDiff          0.0589889
2017-05-10 14:58:52.311907 EDT | AverageAction             0.972853
2017-05-10 14:58:52.312050 EDT | PolicyRegParamNorm       20.636
2017-05-10 14:58:52.312192 EDT | QFunRegParamNorm         31.6215
2017-05-10 14:58:52.312459 EDT | AverageForwardProgress    0.0887448
2017-05-10 14:58:52.312741 EDT | MaxForwardProgress        0.335595
2017-05-10 14:58:52.313282 EDT | MinForwardProgress       -0.0340073
2017-05-10 14:58:52.313441 EDT | StdForwardProgress        0.0512755
2017-05-10 14:58:52.313607 EDT | -----------------------  -----------
2017-05-10 14:58:52.313999 EDT | [Averaged_PolyRL/PolyRL_DDPG_Complex_Humanoid/Final_Run_Maziar_LP_0p01] epoch #34 | Training started
2017-05-10 14:58:52.320218 EDT | [Averaged_PolyRL/PolyRL_DDPG_Complex_Humanoid/Final_Run_Maziar_LP_0p01] epoch #34 | Populating workers...
2017-05-10 14:58:52.321179 EDT | [Averaged_PolyRL/PolyRL_DDPG_Complex_Humanoid/Final_Run_Maziar_LP_0p01] epoch #34 | Populated
